[2023-08-10T00:10:42.524+0000] {processor.py:157} INFO - Started process (PID=1450) to work on /opt/airflow/dags/example.py
[2023-08-10T00:10:42.529+0000] {processor.py:826} INFO - Processing file /opt/airflow/dags/example.py for tasks to queue
[2023-08-10T00:10:42.533+0000] {logging_mixin.py:150} INFO - [2023-08-10T00:10:42.533+0000] {dagbag.py:541} INFO - Filling up the DagBag from /opt/airflow/dags/example.py
[2023-08-10T00:10:42.569+0000] {processor.py:836} INFO - DAG(s) dict_keys(['example']) retrieved from /opt/airflow/dags/example.py
[2023-08-10T00:10:42.615+0000] {logging_mixin.py:150} INFO - [2023-08-10T00:10:42.615+0000] {dag.py:2742} INFO - Sync 1 DAGs
[2023-08-10T00:10:42.643+0000] {processor.py:179} INFO - Processing /opt/airflow/dags/example.py took 0.126 seconds
[2023-08-10T00:15:26.764+0000] {processor.py:157} INFO - Started process (PID=1509) to work on /opt/airflow/dags/example.py
[2023-08-10T00:15:26.767+0000] {processor.py:826} INFO - Processing file /opt/airflow/dags/example.py for tasks to queue
[2023-08-10T00:15:26.771+0000] {logging_mixin.py:150} INFO - [2023-08-10T00:15:26.770+0000] {dagbag.py:541} INFO - Filling up the DagBag from /opt/airflow/dags/example.py
[2023-08-10T00:15:26.838+0000] {processor.py:836} INFO - DAG(s) dict_keys(['example']) retrieved from /opt/airflow/dags/example.py
[2023-08-10T00:15:26.895+0000] {logging_mixin.py:150} INFO - [2023-08-10T00:15:26.894+0000] {dag.py:2742} INFO - Sync 1 DAGs
[2023-08-10T00:15:26.953+0000] {processor.py:179} INFO - Processing /opt/airflow/dags/example.py took 0.201 seconds
[2023-08-10T00:15:57.052+0000] {processor.py:157} INFO - Started process (PID=1568) to work on /opt/airflow/dags/example.py
[2023-08-10T00:15:57.054+0000] {processor.py:826} INFO - Processing file /opt/airflow/dags/example.py for tasks to queue
[2023-08-10T00:15:57.055+0000] {logging_mixin.py:150} INFO - [2023-08-10T00:15:57.054+0000] {dagbag.py:541} INFO - Filling up the DagBag from /opt/airflow/dags/example.py
[2023-08-10T00:15:57.068+0000] {processor.py:836} INFO - DAG(s) dict_keys(['example']) retrieved from /opt/airflow/dags/example.py
[2023-08-10T00:15:57.087+0000] {logging_mixin.py:150} INFO - [2023-08-10T00:15:57.087+0000] {dag.py:2742} INFO - Sync 1 DAGs
[2023-08-10T00:15:57.113+0000] {processor.py:179} INFO - Processing /opt/airflow/dags/example.py took 0.065 seconds
[2023-08-10T00:16:27.185+0000] {processor.py:157} INFO - Started process (PID=1627) to work on /opt/airflow/dags/example.py
[2023-08-10T00:16:27.187+0000] {processor.py:826} INFO - Processing file /opt/airflow/dags/example.py for tasks to queue
[2023-08-10T00:16:27.188+0000] {logging_mixin.py:150} INFO - [2023-08-10T00:16:27.188+0000] {dagbag.py:541} INFO - Filling up the DagBag from /opt/airflow/dags/example.py
[2023-08-10T00:16:27.201+0000] {processor.py:836} INFO - DAG(s) dict_keys(['example']) retrieved from /opt/airflow/dags/example.py
[2023-08-10T00:16:27.222+0000] {logging_mixin.py:150} INFO - [2023-08-10T00:16:27.222+0000] {dag.py:2742} INFO - Sync 1 DAGs
[2023-08-10T00:16:27.246+0000] {processor.py:179} INFO - Processing /opt/airflow/dags/example.py took 0.067 seconds
[2023-08-10T00:16:57.520+0000] {processor.py:157} INFO - Started process (PID=1686) to work on /opt/airflow/dags/example.py
[2023-08-10T00:16:57.523+0000] {processor.py:826} INFO - Processing file /opt/airflow/dags/example.py for tasks to queue
[2023-08-10T00:16:57.525+0000] {logging_mixin.py:150} INFO - [2023-08-10T00:16:57.524+0000] {dagbag.py:541} INFO - Filling up the DagBag from /opt/airflow/dags/example.py
[2023-08-10T00:16:57.539+0000] {processor.py:836} INFO - DAG(s) dict_keys(['example']) retrieved from /opt/airflow/dags/example.py
[2023-08-10T00:16:57.560+0000] {logging_mixin.py:150} INFO - [2023-08-10T00:16:57.560+0000] {dag.py:2742} INFO - Sync 1 DAGs
[2023-08-10T00:16:57.586+0000] {processor.py:179} INFO - Processing /opt/airflow/dags/example.py took 0.074 seconds
[2023-08-10T00:17:27.791+0000] {processor.py:157} INFO - Started process (PID=1745) to work on /opt/airflow/dags/example.py
[2023-08-10T00:17:27.794+0000] {processor.py:826} INFO - Processing file /opt/airflow/dags/example.py for tasks to queue
[2023-08-10T00:17:27.796+0000] {logging_mixin.py:150} INFO - [2023-08-10T00:17:27.796+0000] {dagbag.py:541} INFO - Filling up the DagBag from /opt/airflow/dags/example.py
[2023-08-10T00:17:27.809+0000] {processor.py:836} INFO - DAG(s) dict_keys(['example']) retrieved from /opt/airflow/dags/example.py
[2023-08-10T00:17:27.830+0000] {logging_mixin.py:150} INFO - [2023-08-10T00:17:27.830+0000] {dag.py:2742} INFO - Sync 1 DAGs
[2023-08-10T00:17:27.854+0000] {processor.py:179} INFO - Processing /opt/airflow/dags/example.py took 0.070 seconds
[2023-08-10T00:17:58.040+0000] {processor.py:157} INFO - Started process (PID=1804) to work on /opt/airflow/dags/example.py
[2023-08-10T00:17:58.042+0000] {processor.py:826} INFO - Processing file /opt/airflow/dags/example.py for tasks to queue
[2023-08-10T00:17:58.044+0000] {logging_mixin.py:150} INFO - [2023-08-10T00:17:58.043+0000] {dagbag.py:541} INFO - Filling up the DagBag from /opt/airflow/dags/example.py
[2023-08-10T00:17:58.060+0000] {processor.py:836} INFO - DAG(s) dict_keys(['example']) retrieved from /opt/airflow/dags/example.py
[2023-08-10T00:17:58.081+0000] {logging_mixin.py:150} INFO - [2023-08-10T00:17:58.081+0000] {dag.py:2742} INFO - Sync 1 DAGs
[2023-08-10T00:17:58.107+0000] {processor.py:179} INFO - Processing /opt/airflow/dags/example.py took 0.074 seconds
[2023-08-10T00:18:28.407+0000] {processor.py:157} INFO - Started process (PID=1863) to work on /opt/airflow/dags/example.py
[2023-08-10T00:18:28.409+0000] {processor.py:826} INFO - Processing file /opt/airflow/dags/example.py for tasks to queue
[2023-08-10T00:18:28.410+0000] {logging_mixin.py:150} INFO - [2023-08-10T00:18:28.410+0000] {dagbag.py:541} INFO - Filling up the DagBag from /opt/airflow/dags/example.py
[2023-08-10T00:18:28.423+0000] {processor.py:836} INFO - DAG(s) dict_keys(['example']) retrieved from /opt/airflow/dags/example.py
[2023-08-10T00:18:28.444+0000] {logging_mixin.py:150} INFO - [2023-08-10T00:18:28.443+0000] {dag.py:2742} INFO - Sync 1 DAGs
[2023-08-10T00:18:28.467+0000] {processor.py:179} INFO - Processing /opt/airflow/dags/example.py took 0.066 seconds
[2023-08-10T00:18:58.711+0000] {processor.py:157} INFO - Started process (PID=1923) to work on /opt/airflow/dags/example.py
[2023-08-10T00:18:58.714+0000] {processor.py:826} INFO - Processing file /opt/airflow/dags/example.py for tasks to queue
[2023-08-10T00:18:58.716+0000] {logging_mixin.py:150} INFO - [2023-08-10T00:18:58.715+0000] {dagbag.py:541} INFO - Filling up the DagBag from /opt/airflow/dags/example.py
[2023-08-10T00:18:58.730+0000] {processor.py:836} INFO - DAG(s) dict_keys(['example']) retrieved from /opt/airflow/dags/example.py
[2023-08-10T00:18:58.750+0000] {logging_mixin.py:150} INFO - [2023-08-10T00:18:58.750+0000] {dag.py:2742} INFO - Sync 1 DAGs
[2023-08-10T00:18:58.776+0000] {processor.py:179} INFO - Processing /opt/airflow/dags/example.py took 0.070 seconds
[2023-08-10T00:19:28.985+0000] {processor.py:157} INFO - Started process (PID=1982) to work on /opt/airflow/dags/example.py
[2023-08-10T00:19:28.987+0000] {processor.py:826} INFO - Processing file /opt/airflow/dags/example.py for tasks to queue
[2023-08-10T00:19:28.989+0000] {logging_mixin.py:150} INFO - [2023-08-10T00:19:28.988+0000] {dagbag.py:541} INFO - Filling up the DagBag from /opt/airflow/dags/example.py
[2023-08-10T00:19:29.004+0000] {processor.py:836} INFO - DAG(s) dict_keys(['example']) retrieved from /opt/airflow/dags/example.py
[2023-08-10T00:19:29.024+0000] {logging_mixin.py:150} INFO - [2023-08-10T00:19:29.024+0000] {dag.py:2742} INFO - Sync 1 DAGs
[2023-08-10T00:19:29.050+0000] {processor.py:179} INFO - Processing /opt/airflow/dags/example.py took 0.071 seconds
