[2023-08-10T00:10:42.679+0000] {processor.py:157} INFO - Started process (PID=1453) to work on /home/airflow/.local/lib/python3.7/site-packages/airflow/example_dags/example_external_task_marker_dag.py
[2023-08-10T00:10:42.680+0000] {processor.py:826} INFO - Processing file /home/airflow/.local/lib/python3.7/site-packages/airflow/example_dags/example_external_task_marker_dag.py for tasks to queue
[2023-08-10T00:10:42.681+0000] {logging_mixin.py:150} INFO - [2023-08-10T00:10:42.681+0000] {dagbag.py:541} INFO - Filling up the DagBag from /home/airflow/.local/lib/python3.7/site-packages/airflow/example_dags/example_external_task_marker_dag.py
[2023-08-10T00:10:42.686+0000] {processor.py:836} INFO - DAG(s) dict_keys(['example_external_task_marker_parent', 'example_external_task_marker_child']) retrieved from /home/airflow/.local/lib/python3.7/site-packages/airflow/example_dags/example_external_task_marker_dag.py
[2023-08-10T00:10:42.718+0000] {logging_mixin.py:150} INFO - [2023-08-10T00:10:42.718+0000] {dag.py:2742} INFO - Sync 2 DAGs
[2023-08-10T00:10:42.739+0000] {logging_mixin.py:150} INFO - [2023-08-10T00:10:42.739+0000] {dag.py:3508} INFO - Setting next_dagrun for example_external_task_marker_child to None, run_after=None
[2023-08-10T00:10:42.741+0000] {logging_mixin.py:150} INFO - [2023-08-10T00:10:42.741+0000] {dag.py:3508} INFO - Setting next_dagrun for example_external_task_marker_parent to None, run_after=None
[2023-08-10T00:10:42.776+0000] {processor.py:179} INFO - Processing /home/airflow/.local/lib/python3.7/site-packages/airflow/example_dags/example_external_task_marker_dag.py took 0.102 seconds
[2023-08-10T00:15:26.987+0000] {processor.py:157} INFO - Started process (PID=1512) to work on /home/airflow/.local/lib/python3.7/site-packages/airflow/example_dags/example_external_task_marker_dag.py
[2023-08-10T00:15:26.989+0000] {processor.py:826} INFO - Processing file /home/airflow/.local/lib/python3.7/site-packages/airflow/example_dags/example_external_task_marker_dag.py for tasks to queue
[2023-08-10T00:15:26.990+0000] {logging_mixin.py:150} INFO - [2023-08-10T00:15:26.990+0000] {dagbag.py:541} INFO - Filling up the DagBag from /home/airflow/.local/lib/python3.7/site-packages/airflow/example_dags/example_external_task_marker_dag.py
[2023-08-10T00:15:26.997+0000] {processor.py:836} INFO - DAG(s) dict_keys(['example_external_task_marker_child', 'example_external_task_marker_parent']) retrieved from /home/airflow/.local/lib/python3.7/site-packages/airflow/example_dags/example_external_task_marker_dag.py
[2023-08-10T00:15:27.024+0000] {logging_mixin.py:150} INFO - [2023-08-10T00:15:27.024+0000] {dag.py:2742} INFO - Sync 2 DAGs
[2023-08-10T00:15:27.041+0000] {logging_mixin.py:150} INFO - [2023-08-10T00:15:27.041+0000] {dag.py:3508} INFO - Setting next_dagrun for example_external_task_marker_child to None, run_after=None
[2023-08-10T00:15:27.044+0000] {logging_mixin.py:150} INFO - [2023-08-10T00:15:27.044+0000] {dag.py:3508} INFO - Setting next_dagrun for example_external_task_marker_parent to None, run_after=None
[2023-08-10T00:15:27.068+0000] {processor.py:179} INFO - Processing /home/airflow/.local/lib/python3.7/site-packages/airflow/example_dags/example_external_task_marker_dag.py took 0.085 seconds
[2023-08-10T00:15:57.133+0000] {processor.py:157} INFO - Started process (PID=1571) to work on /home/airflow/.local/lib/python3.7/site-packages/airflow/example_dags/example_external_task_marker_dag.py
[2023-08-10T00:15:57.134+0000] {processor.py:826} INFO - Processing file /home/airflow/.local/lib/python3.7/site-packages/airflow/example_dags/example_external_task_marker_dag.py for tasks to queue
[2023-08-10T00:15:57.135+0000] {logging_mixin.py:150} INFO - [2023-08-10T00:15:57.134+0000] {dagbag.py:541} INFO - Filling up the DagBag from /home/airflow/.local/lib/python3.7/site-packages/airflow/example_dags/example_external_task_marker_dag.py
[2023-08-10T00:15:57.139+0000] {processor.py:836} INFO - DAG(s) dict_keys(['example_external_task_marker_child', 'example_external_task_marker_parent']) retrieved from /home/airflow/.local/lib/python3.7/site-packages/airflow/example_dags/example_external_task_marker_dag.py
[2023-08-10T00:15:57.159+0000] {logging_mixin.py:150} INFO - [2023-08-10T00:15:57.159+0000] {dag.py:2742} INFO - Sync 2 DAGs
[2023-08-10T00:15:57.173+0000] {logging_mixin.py:150} INFO - [2023-08-10T00:15:57.173+0000] {dag.py:3508} INFO - Setting next_dagrun for example_external_task_marker_child to None, run_after=None
[2023-08-10T00:15:57.175+0000] {logging_mixin.py:150} INFO - [2023-08-10T00:15:57.175+0000] {dag.py:3508} INFO - Setting next_dagrun for example_external_task_marker_parent to None, run_after=None
[2023-08-10T00:15:57.183+0000] {processor.py:179} INFO - Processing /home/airflow/.local/lib/python3.7/site-packages/airflow/example_dags/example_external_task_marker_dag.py took 0.052 seconds
[2023-08-10T00:16:27.265+0000] {processor.py:157} INFO - Started process (PID=1630) to work on /home/airflow/.local/lib/python3.7/site-packages/airflow/example_dags/example_external_task_marker_dag.py
[2023-08-10T00:16:27.266+0000] {processor.py:826} INFO - Processing file /home/airflow/.local/lib/python3.7/site-packages/airflow/example_dags/example_external_task_marker_dag.py for tasks to queue
[2023-08-10T00:16:27.267+0000] {logging_mixin.py:150} INFO - [2023-08-10T00:16:27.267+0000] {dagbag.py:541} INFO - Filling up the DagBag from /home/airflow/.local/lib/python3.7/site-packages/airflow/example_dags/example_external_task_marker_dag.py
[2023-08-10T00:16:27.271+0000] {processor.py:836} INFO - DAG(s) dict_keys(['example_external_task_marker_parent', 'example_external_task_marker_child']) retrieved from /home/airflow/.local/lib/python3.7/site-packages/airflow/example_dags/example_external_task_marker_dag.py
[2023-08-10T00:16:27.290+0000] {logging_mixin.py:150} INFO - [2023-08-10T00:16:27.290+0000] {dag.py:2742} INFO - Sync 2 DAGs
[2023-08-10T00:16:27.304+0000] {logging_mixin.py:150} INFO - [2023-08-10T00:16:27.304+0000] {dag.py:3508} INFO - Setting next_dagrun for example_external_task_marker_child to None, run_after=None
[2023-08-10T00:16:27.306+0000] {logging_mixin.py:150} INFO - [2023-08-10T00:16:27.306+0000] {dag.py:3508} INFO - Setting next_dagrun for example_external_task_marker_parent to None, run_after=None
[2023-08-10T00:16:27.314+0000] {processor.py:179} INFO - Processing /home/airflow/.local/lib/python3.7/site-packages/airflow/example_dags/example_external_task_marker_dag.py took 0.052 seconds
[2023-08-10T00:16:57.607+0000] {processor.py:157} INFO - Started process (PID=1689) to work on /home/airflow/.local/lib/python3.7/site-packages/airflow/example_dags/example_external_task_marker_dag.py
[2023-08-10T00:16:57.608+0000] {processor.py:826} INFO - Processing file /home/airflow/.local/lib/python3.7/site-packages/airflow/example_dags/example_external_task_marker_dag.py for tasks to queue
[2023-08-10T00:16:57.609+0000] {logging_mixin.py:150} INFO - [2023-08-10T00:16:57.609+0000] {dagbag.py:541} INFO - Filling up the DagBag from /home/airflow/.local/lib/python3.7/site-packages/airflow/example_dags/example_external_task_marker_dag.py
[2023-08-10T00:16:57.613+0000] {processor.py:836} INFO - DAG(s) dict_keys(['example_external_task_marker_child', 'example_external_task_marker_parent']) retrieved from /home/airflow/.local/lib/python3.7/site-packages/airflow/example_dags/example_external_task_marker_dag.py
[2023-08-10T00:16:57.633+0000] {logging_mixin.py:150} INFO - [2023-08-10T00:16:57.633+0000] {dag.py:2742} INFO - Sync 2 DAGs
[2023-08-10T00:16:57.646+0000] {logging_mixin.py:150} INFO - [2023-08-10T00:16:57.646+0000] {dag.py:3508} INFO - Setting next_dagrun for example_external_task_marker_child to None, run_after=None
[2023-08-10T00:16:57.648+0000] {logging_mixin.py:150} INFO - [2023-08-10T00:16:57.648+0000] {dag.py:3508} INFO - Setting next_dagrun for example_external_task_marker_parent to None, run_after=None
[2023-08-10T00:16:57.657+0000] {processor.py:179} INFO - Processing /home/airflow/.local/lib/python3.7/site-packages/airflow/example_dags/example_external_task_marker_dag.py took 0.053 seconds
[2023-08-10T00:17:27.874+0000] {processor.py:157} INFO - Started process (PID=1748) to work on /home/airflow/.local/lib/python3.7/site-packages/airflow/example_dags/example_external_task_marker_dag.py
[2023-08-10T00:17:27.875+0000] {processor.py:826} INFO - Processing file /home/airflow/.local/lib/python3.7/site-packages/airflow/example_dags/example_external_task_marker_dag.py for tasks to queue
[2023-08-10T00:17:27.876+0000] {logging_mixin.py:150} INFO - [2023-08-10T00:17:27.876+0000] {dagbag.py:541} INFO - Filling up the DagBag from /home/airflow/.local/lib/python3.7/site-packages/airflow/example_dags/example_external_task_marker_dag.py
[2023-08-10T00:17:27.880+0000] {processor.py:836} INFO - DAG(s) dict_keys(['example_external_task_marker_child', 'example_external_task_marker_parent']) retrieved from /home/airflow/.local/lib/python3.7/site-packages/airflow/example_dags/example_external_task_marker_dag.py
[2023-08-10T00:17:27.900+0000] {logging_mixin.py:150} INFO - [2023-08-10T00:17:27.899+0000] {dag.py:2742} INFO - Sync 2 DAGs
[2023-08-10T00:17:27.913+0000] {logging_mixin.py:150} INFO - [2023-08-10T00:17:27.913+0000] {dag.py:3508} INFO - Setting next_dagrun for example_external_task_marker_child to None, run_after=None
[2023-08-10T00:17:27.915+0000] {logging_mixin.py:150} INFO - [2023-08-10T00:17:27.915+0000] {dag.py:3508} INFO - Setting next_dagrun for example_external_task_marker_parent to None, run_after=None
[2023-08-10T00:17:27.923+0000] {processor.py:179} INFO - Processing /home/airflow/.local/lib/python3.7/site-packages/airflow/example_dags/example_external_task_marker_dag.py took 0.052 seconds
[2023-08-10T00:17:58.128+0000] {processor.py:157} INFO - Started process (PID=1807) to work on /home/airflow/.local/lib/python3.7/site-packages/airflow/example_dags/example_external_task_marker_dag.py
[2023-08-10T00:17:58.129+0000] {processor.py:826} INFO - Processing file /home/airflow/.local/lib/python3.7/site-packages/airflow/example_dags/example_external_task_marker_dag.py for tasks to queue
[2023-08-10T00:17:58.130+0000] {logging_mixin.py:150} INFO - [2023-08-10T00:17:58.130+0000] {dagbag.py:541} INFO - Filling up the DagBag from /home/airflow/.local/lib/python3.7/site-packages/airflow/example_dags/example_external_task_marker_dag.py
[2023-08-10T00:17:58.135+0000] {processor.py:836} INFO - DAG(s) dict_keys(['example_external_task_marker_parent', 'example_external_task_marker_child']) retrieved from /home/airflow/.local/lib/python3.7/site-packages/airflow/example_dags/example_external_task_marker_dag.py
[2023-08-10T00:17:58.156+0000] {logging_mixin.py:150} INFO - [2023-08-10T00:17:58.156+0000] {dag.py:2742} INFO - Sync 2 DAGs
[2023-08-10T00:17:58.171+0000] {logging_mixin.py:150} INFO - [2023-08-10T00:17:58.171+0000] {dag.py:3508} INFO - Setting next_dagrun for example_external_task_marker_child to None, run_after=None
[2023-08-10T00:17:58.173+0000] {logging_mixin.py:150} INFO - [2023-08-10T00:17:58.173+0000] {dag.py:3508} INFO - Setting next_dagrun for example_external_task_marker_parent to None, run_after=None
[2023-08-10T00:17:58.181+0000] {processor.py:179} INFO - Processing /home/airflow/.local/lib/python3.7/site-packages/airflow/example_dags/example_external_task_marker_dag.py took 0.056 seconds
[2023-08-10T00:18:28.486+0000] {processor.py:157} INFO - Started process (PID=1866) to work on /home/airflow/.local/lib/python3.7/site-packages/airflow/example_dags/example_external_task_marker_dag.py
[2023-08-10T00:18:28.487+0000] {processor.py:826} INFO - Processing file /home/airflow/.local/lib/python3.7/site-packages/airflow/example_dags/example_external_task_marker_dag.py for tasks to queue
[2023-08-10T00:18:28.487+0000] {logging_mixin.py:150} INFO - [2023-08-10T00:18:28.487+0000] {dagbag.py:541} INFO - Filling up the DagBag from /home/airflow/.local/lib/python3.7/site-packages/airflow/example_dags/example_external_task_marker_dag.py
[2023-08-10T00:18:28.492+0000] {processor.py:836} INFO - DAG(s) dict_keys(['example_external_task_marker_child', 'example_external_task_marker_parent']) retrieved from /home/airflow/.local/lib/python3.7/site-packages/airflow/example_dags/example_external_task_marker_dag.py
[2023-08-10T00:18:28.512+0000] {logging_mixin.py:150} INFO - [2023-08-10T00:18:28.512+0000] {dag.py:2742} INFO - Sync 2 DAGs
[2023-08-10T00:18:28.525+0000] {logging_mixin.py:150} INFO - [2023-08-10T00:18:28.525+0000] {dag.py:3508} INFO - Setting next_dagrun for example_external_task_marker_child to None, run_after=None
[2023-08-10T00:18:28.527+0000] {logging_mixin.py:150} INFO - [2023-08-10T00:18:28.527+0000] {dag.py:3508} INFO - Setting next_dagrun for example_external_task_marker_parent to None, run_after=None
[2023-08-10T00:18:28.536+0000] {processor.py:179} INFO - Processing /home/airflow/.local/lib/python3.7/site-packages/airflow/example_dags/example_external_task_marker_dag.py took 0.053 seconds
[2023-08-10T00:18:58.795+0000] {processor.py:157} INFO - Started process (PID=1926) to work on /home/airflow/.local/lib/python3.7/site-packages/airflow/example_dags/example_external_task_marker_dag.py
[2023-08-10T00:18:58.796+0000] {processor.py:826} INFO - Processing file /home/airflow/.local/lib/python3.7/site-packages/airflow/example_dags/example_external_task_marker_dag.py for tasks to queue
[2023-08-10T00:18:58.797+0000] {logging_mixin.py:150} INFO - [2023-08-10T00:18:58.797+0000] {dagbag.py:541} INFO - Filling up the DagBag from /home/airflow/.local/lib/python3.7/site-packages/airflow/example_dags/example_external_task_marker_dag.py
[2023-08-10T00:18:58.801+0000] {processor.py:836} INFO - DAG(s) dict_keys(['example_external_task_marker_parent', 'example_external_task_marker_child']) retrieved from /home/airflow/.local/lib/python3.7/site-packages/airflow/example_dags/example_external_task_marker_dag.py
[2023-08-10T00:18:58.820+0000] {logging_mixin.py:150} INFO - [2023-08-10T00:18:58.820+0000] {dag.py:2742} INFO - Sync 2 DAGs
[2023-08-10T00:18:58.834+0000] {logging_mixin.py:150} INFO - [2023-08-10T00:18:58.834+0000] {dag.py:3508} INFO - Setting next_dagrun for example_external_task_marker_child to None, run_after=None
[2023-08-10T00:18:58.836+0000] {logging_mixin.py:150} INFO - [2023-08-10T00:18:58.836+0000] {dag.py:3508} INFO - Setting next_dagrun for example_external_task_marker_parent to None, run_after=None
[2023-08-10T00:18:58.845+0000] {processor.py:179} INFO - Processing /home/airflow/.local/lib/python3.7/site-packages/airflow/example_dags/example_external_task_marker_dag.py took 0.052 seconds
[2023-08-10T00:19:29.071+0000] {processor.py:157} INFO - Started process (PID=1985) to work on /home/airflow/.local/lib/python3.7/site-packages/airflow/example_dags/example_external_task_marker_dag.py
[2023-08-10T00:19:29.072+0000] {processor.py:826} INFO - Processing file /home/airflow/.local/lib/python3.7/site-packages/airflow/example_dags/example_external_task_marker_dag.py for tasks to queue
[2023-08-10T00:19:29.073+0000] {logging_mixin.py:150} INFO - [2023-08-10T00:19:29.073+0000] {dagbag.py:541} INFO - Filling up the DagBag from /home/airflow/.local/lib/python3.7/site-packages/airflow/example_dags/example_external_task_marker_dag.py
[2023-08-10T00:19:29.078+0000] {processor.py:836} INFO - DAG(s) dict_keys(['example_external_task_marker_child', 'example_external_task_marker_parent']) retrieved from /home/airflow/.local/lib/python3.7/site-packages/airflow/example_dags/example_external_task_marker_dag.py
[2023-08-10T00:19:29.098+0000] {logging_mixin.py:150} INFO - [2023-08-10T00:19:29.098+0000] {dag.py:2742} INFO - Sync 2 DAGs
[2023-08-10T00:19:29.112+0000] {logging_mixin.py:150} INFO - [2023-08-10T00:19:29.112+0000] {dag.py:3508} INFO - Setting next_dagrun for example_external_task_marker_child to None, run_after=None
[2023-08-10T00:19:29.114+0000] {logging_mixin.py:150} INFO - [2023-08-10T00:19:29.114+0000] {dag.py:3508} INFO - Setting next_dagrun for example_external_task_marker_parent to None, run_after=None
[2023-08-10T00:19:29.123+0000] {processor.py:179} INFO - Processing /home/airflow/.local/lib/python3.7/site-packages/airflow/example_dags/example_external_task_marker_dag.py took 0.054 seconds
