[2023-08-10T00:10:44.463+0000] {processor.py:157} INFO - Started process (PID=1482) to work on /home/airflow/.local/lib/python3.7/site-packages/airflow/example_dags/example_short_circuit_decorator.py
[2023-08-10T00:10:44.464+0000] {processor.py:826} INFO - Processing file /home/airflow/.local/lib/python3.7/site-packages/airflow/example_dags/example_short_circuit_decorator.py for tasks to queue
[2023-08-10T00:10:44.464+0000] {logging_mixin.py:150} INFO - [2023-08-10T00:10:44.464+0000] {dagbag.py:541} INFO - Filling up the DagBag from /home/airflow/.local/lib/python3.7/site-packages/airflow/example_dags/example_short_circuit_decorator.py
[2023-08-10T00:10:44.472+0000] {processor.py:836} INFO - DAG(s) dict_keys(['example_short_circuit_decorator']) retrieved from /home/airflow/.local/lib/python3.7/site-packages/airflow/example_dags/example_short_circuit_decorator.py
[2023-08-10T00:10:44.490+0000] {logging_mixin.py:150} INFO - [2023-08-10T00:10:44.490+0000] {dag.py:2742} INFO - Sync 1 DAGs
[2023-08-10T00:10:44.505+0000] {logging_mixin.py:150} INFO - [2023-08-10T00:10:44.505+0000] {dag.py:3508} INFO - Setting next_dagrun for example_short_circuit_decorator to 2023-08-09T00:10:44.505026+00:00, run_after=2023-08-10T00:10:44.505026+00:00
[2023-08-10T00:10:44.515+0000] {processor.py:179} INFO - Processing /home/airflow/.local/lib/python3.7/site-packages/airflow/example_dags/example_short_circuit_decorator.py took 0.055 seconds
[2023-08-10T00:15:28.727+0000] {processor.py:157} INFO - Started process (PID=1541) to work on /home/airflow/.local/lib/python3.7/site-packages/airflow/example_dags/example_short_circuit_decorator.py
[2023-08-10T00:15:28.728+0000] {processor.py:826} INFO - Processing file /home/airflow/.local/lib/python3.7/site-packages/airflow/example_dags/example_short_circuit_decorator.py for tasks to queue
[2023-08-10T00:15:28.729+0000] {logging_mixin.py:150} INFO - [2023-08-10T00:15:28.729+0000] {dagbag.py:541} INFO - Filling up the DagBag from /home/airflow/.local/lib/python3.7/site-packages/airflow/example_dags/example_short_circuit_decorator.py
[2023-08-10T00:15:28.736+0000] {processor.py:836} INFO - DAG(s) dict_keys(['example_short_circuit_decorator']) retrieved from /home/airflow/.local/lib/python3.7/site-packages/airflow/example_dags/example_short_circuit_decorator.py
[2023-08-10T00:15:28.753+0000] {logging_mixin.py:150} INFO - [2023-08-10T00:15:28.753+0000] {dag.py:2742} INFO - Sync 1 DAGs
[2023-08-10T00:15:28.767+0000] {logging_mixin.py:150} INFO - [2023-08-10T00:15:28.767+0000] {dag.py:3508} INFO - Setting next_dagrun for example_short_circuit_decorator to 2023-08-09T00:15:28.767318+00:00, run_after=2023-08-10T00:15:28.767318+00:00
[2023-08-10T00:15:28.777+0000] {processor.py:179} INFO - Processing /home/airflow/.local/lib/python3.7/site-packages/airflow/example_dags/example_short_circuit_decorator.py took 0.052 seconds
[2023-08-10T00:15:59.376+0000] {processor.py:157} INFO - Started process (PID=1600) to work on /home/airflow/.local/lib/python3.7/site-packages/airflow/example_dags/example_short_circuit_decorator.py
[2023-08-10T00:15:59.377+0000] {processor.py:826} INFO - Processing file /home/airflow/.local/lib/python3.7/site-packages/airflow/example_dags/example_short_circuit_decorator.py for tasks to queue
[2023-08-10T00:15:59.378+0000] {logging_mixin.py:150} INFO - [2023-08-10T00:15:59.378+0000] {dagbag.py:541} INFO - Filling up the DagBag from /home/airflow/.local/lib/python3.7/site-packages/airflow/example_dags/example_short_circuit_decorator.py
[2023-08-10T00:15:59.385+0000] {processor.py:836} INFO - DAG(s) dict_keys(['example_short_circuit_decorator']) retrieved from /home/airflow/.local/lib/python3.7/site-packages/airflow/example_dags/example_short_circuit_decorator.py
[2023-08-10T00:15:59.401+0000] {logging_mixin.py:150} INFO - [2023-08-10T00:15:59.401+0000] {dag.py:2742} INFO - Sync 1 DAGs
[2023-08-10T00:15:59.415+0000] {logging_mixin.py:150} INFO - [2023-08-10T00:15:59.415+0000] {dag.py:3508} INFO - Setting next_dagrun for example_short_circuit_decorator to 2023-08-09T00:15:59.415737+00:00, run_after=2023-08-10T00:15:59.415737+00:00
[2023-08-10T00:15:59.427+0000] {processor.py:179} INFO - Processing /home/airflow/.local/lib/python3.7/site-packages/airflow/example_dags/example_short_circuit_decorator.py took 0.053 seconds
[2023-08-10T00:16:29.618+0000] {processor.py:157} INFO - Started process (PID=1659) to work on /home/airflow/.local/lib/python3.7/site-packages/airflow/example_dags/example_short_circuit_decorator.py
[2023-08-10T00:16:29.619+0000] {processor.py:826} INFO - Processing file /home/airflow/.local/lib/python3.7/site-packages/airflow/example_dags/example_short_circuit_decorator.py for tasks to queue
[2023-08-10T00:16:29.620+0000] {logging_mixin.py:150} INFO - [2023-08-10T00:16:29.620+0000] {dagbag.py:541} INFO - Filling up the DagBag from /home/airflow/.local/lib/python3.7/site-packages/airflow/example_dags/example_short_circuit_decorator.py
[2023-08-10T00:16:29.627+0000] {processor.py:836} INFO - DAG(s) dict_keys(['example_short_circuit_decorator']) retrieved from /home/airflow/.local/lib/python3.7/site-packages/airflow/example_dags/example_short_circuit_decorator.py
[2023-08-10T00:16:29.645+0000] {logging_mixin.py:150} INFO - [2023-08-10T00:16:29.645+0000] {dag.py:2742} INFO - Sync 1 DAGs
[2023-08-10T00:16:29.659+0000] {logging_mixin.py:150} INFO - [2023-08-10T00:16:29.659+0000] {dag.py:3508} INFO - Setting next_dagrun for example_short_circuit_decorator to 2023-08-09T00:16:29.659245+00:00, run_after=2023-08-10T00:16:29.659245+00:00
[2023-08-10T00:16:29.669+0000] {processor.py:179} INFO - Processing /home/airflow/.local/lib/python3.7/site-packages/airflow/example_dags/example_short_circuit_decorator.py took 0.054 seconds
[2023-08-10T00:16:59.880+0000] {processor.py:157} INFO - Started process (PID=1718) to work on /home/airflow/.local/lib/python3.7/site-packages/airflow/example_dags/example_short_circuit_decorator.py
[2023-08-10T00:16:59.881+0000] {processor.py:826} INFO - Processing file /home/airflow/.local/lib/python3.7/site-packages/airflow/example_dags/example_short_circuit_decorator.py for tasks to queue
[2023-08-10T00:16:59.882+0000] {logging_mixin.py:150} INFO - [2023-08-10T00:16:59.882+0000] {dagbag.py:541} INFO - Filling up the DagBag from /home/airflow/.local/lib/python3.7/site-packages/airflow/example_dags/example_short_circuit_decorator.py
[2023-08-10T00:16:59.889+0000] {processor.py:836} INFO - DAG(s) dict_keys(['example_short_circuit_decorator']) retrieved from /home/airflow/.local/lib/python3.7/site-packages/airflow/example_dags/example_short_circuit_decorator.py
[2023-08-10T00:16:59.906+0000] {logging_mixin.py:150} INFO - [2023-08-10T00:16:59.906+0000] {dag.py:2742} INFO - Sync 1 DAGs
[2023-08-10T00:16:59.920+0000] {logging_mixin.py:150} INFO - [2023-08-10T00:16:59.920+0000] {dag.py:3508} INFO - Setting next_dagrun for example_short_circuit_decorator to 2023-08-09T00:16:59.919916+00:00, run_after=2023-08-10T00:16:59.919916+00:00
[2023-08-10T00:16:59.930+0000] {processor.py:179} INFO - Processing /home/airflow/.local/lib/python3.7/site-packages/airflow/example_dags/example_short_circuit_decorator.py took 0.052 seconds
[2023-08-10T00:17:30.205+0000] {processor.py:157} INFO - Started process (PID=1777) to work on /home/airflow/.local/lib/python3.7/site-packages/airflow/example_dags/example_short_circuit_decorator.py
[2023-08-10T00:17:30.206+0000] {processor.py:826} INFO - Processing file /home/airflow/.local/lib/python3.7/site-packages/airflow/example_dags/example_short_circuit_decorator.py for tasks to queue
[2023-08-10T00:17:30.207+0000] {logging_mixin.py:150} INFO - [2023-08-10T00:17:30.207+0000] {dagbag.py:541} INFO - Filling up the DagBag from /home/airflow/.local/lib/python3.7/site-packages/airflow/example_dags/example_short_circuit_decorator.py
[2023-08-10T00:17:30.213+0000] {processor.py:836} INFO - DAG(s) dict_keys(['example_short_circuit_decorator']) retrieved from /home/airflow/.local/lib/python3.7/site-packages/airflow/example_dags/example_short_circuit_decorator.py
[2023-08-10T00:17:30.231+0000] {logging_mixin.py:150} INFO - [2023-08-10T00:17:30.231+0000] {dag.py:2742} INFO - Sync 1 DAGs
[2023-08-10T00:17:30.245+0000] {logging_mixin.py:150} INFO - [2023-08-10T00:17:30.245+0000] {dag.py:3508} INFO - Setting next_dagrun for example_short_circuit_decorator to 2023-08-09T00:17:30.245176+00:00, run_after=2023-08-10T00:17:30.245176+00:00
[2023-08-10T00:17:30.255+0000] {processor.py:179} INFO - Processing /home/airflow/.local/lib/python3.7/site-packages/airflow/example_dags/example_short_circuit_decorator.py took 0.052 seconds
[2023-08-10T00:18:00.568+0000] {processor.py:157} INFO - Started process (PID=1836) to work on /home/airflow/.local/lib/python3.7/site-packages/airflow/example_dags/example_short_circuit_decorator.py
[2023-08-10T00:18:00.569+0000] {processor.py:826} INFO - Processing file /home/airflow/.local/lib/python3.7/site-packages/airflow/example_dags/example_short_circuit_decorator.py for tasks to queue
[2023-08-10T00:18:00.570+0000] {logging_mixin.py:150} INFO - [2023-08-10T00:18:00.569+0000] {dagbag.py:541} INFO - Filling up the DagBag from /home/airflow/.local/lib/python3.7/site-packages/airflow/example_dags/example_short_circuit_decorator.py
[2023-08-10T00:18:00.576+0000] {processor.py:836} INFO - DAG(s) dict_keys(['example_short_circuit_decorator']) retrieved from /home/airflow/.local/lib/python3.7/site-packages/airflow/example_dags/example_short_circuit_decorator.py
[2023-08-10T00:18:00.594+0000] {logging_mixin.py:150} INFO - [2023-08-10T00:18:00.594+0000] {dag.py:2742} INFO - Sync 1 DAGs
[2023-08-10T00:18:00.608+0000] {logging_mixin.py:150} INFO - [2023-08-10T00:18:00.608+0000] {dag.py:3508} INFO - Setting next_dagrun for example_short_circuit_decorator to 2023-08-09T00:18:00.608322+00:00, run_after=2023-08-10T00:18:00.608322+00:00
[2023-08-10T00:18:00.618+0000] {processor.py:179} INFO - Processing /home/airflow/.local/lib/python3.7/site-packages/airflow/example_dags/example_short_circuit_decorator.py took 0.052 seconds
[2023-08-10T00:18:30.877+0000] {processor.py:157} INFO - Started process (PID=1895) to work on /home/airflow/.local/lib/python3.7/site-packages/airflow/example_dags/example_short_circuit_decorator.py
[2023-08-10T00:18:30.878+0000] {processor.py:826} INFO - Processing file /home/airflow/.local/lib/python3.7/site-packages/airflow/example_dags/example_short_circuit_decorator.py for tasks to queue
[2023-08-10T00:18:30.879+0000] {logging_mixin.py:150} INFO - [2023-08-10T00:18:30.878+0000] {dagbag.py:541} INFO - Filling up the DagBag from /home/airflow/.local/lib/python3.7/site-packages/airflow/example_dags/example_short_circuit_decorator.py
[2023-08-10T00:18:30.885+0000] {processor.py:836} INFO - DAG(s) dict_keys(['example_short_circuit_decorator']) retrieved from /home/airflow/.local/lib/python3.7/site-packages/airflow/example_dags/example_short_circuit_decorator.py
[2023-08-10T00:18:30.903+0000] {logging_mixin.py:150} INFO - [2023-08-10T00:18:30.903+0000] {dag.py:2742} INFO - Sync 1 DAGs
[2023-08-10T00:18:30.916+0000] {logging_mixin.py:150} INFO - [2023-08-10T00:18:30.916+0000] {dag.py:3508} INFO - Setting next_dagrun for example_short_circuit_decorator to 2023-08-09T00:18:30.916405+00:00, run_after=2023-08-10T00:18:30.916405+00:00
[2023-08-10T00:18:30.926+0000] {processor.py:179} INFO - Processing /home/airflow/.local/lib/python3.7/site-packages/airflow/example_dags/example_short_circuit_decorator.py took 0.052 seconds
[2023-08-10T00:19:01.085+0000] {processor.py:157} INFO - Started process (PID=1955) to work on /home/airflow/.local/lib/python3.7/site-packages/airflow/example_dags/example_short_circuit_decorator.py
[2023-08-10T00:19:01.086+0000] {processor.py:826} INFO - Processing file /home/airflow/.local/lib/python3.7/site-packages/airflow/example_dags/example_short_circuit_decorator.py for tasks to queue
[2023-08-10T00:19:01.087+0000] {logging_mixin.py:150} INFO - [2023-08-10T00:19:01.087+0000] {dagbag.py:541} INFO - Filling up the DagBag from /home/airflow/.local/lib/python3.7/site-packages/airflow/example_dags/example_short_circuit_decorator.py
[2023-08-10T00:19:01.094+0000] {processor.py:836} INFO - DAG(s) dict_keys(['example_short_circuit_decorator']) retrieved from /home/airflow/.local/lib/python3.7/site-packages/airflow/example_dags/example_short_circuit_decorator.py
[2023-08-10T00:19:01.111+0000] {logging_mixin.py:150} INFO - [2023-08-10T00:19:01.111+0000] {dag.py:2742} INFO - Sync 1 DAGs
[2023-08-10T00:19:01.125+0000] {logging_mixin.py:150} INFO - [2023-08-10T00:19:01.125+0000] {dag.py:3508} INFO - Setting next_dagrun for example_short_circuit_decorator to 2023-08-09T00:19:01.125104+00:00, run_after=2023-08-10T00:19:01.125104+00:00
[2023-08-10T00:19:01.135+0000] {processor.py:179} INFO - Processing /home/airflow/.local/lib/python3.7/site-packages/airflow/example_dags/example_short_circuit_decorator.py took 0.052 seconds
[2023-08-10T00:19:31.395+0000] {processor.py:157} INFO - Started process (PID=2014) to work on /home/airflow/.local/lib/python3.7/site-packages/airflow/example_dags/example_short_circuit_decorator.py
[2023-08-10T00:19:31.396+0000] {processor.py:826} INFO - Processing file /home/airflow/.local/lib/python3.7/site-packages/airflow/example_dags/example_short_circuit_decorator.py for tasks to queue
[2023-08-10T00:19:31.397+0000] {logging_mixin.py:150} INFO - [2023-08-10T00:19:31.396+0000] {dagbag.py:541} INFO - Filling up the DagBag from /home/airflow/.local/lib/python3.7/site-packages/airflow/example_dags/example_short_circuit_decorator.py
[2023-08-10T00:19:31.403+0000] {processor.py:836} INFO - DAG(s) dict_keys(['example_short_circuit_decorator']) retrieved from /home/airflow/.local/lib/python3.7/site-packages/airflow/example_dags/example_short_circuit_decorator.py
[2023-08-10T00:19:31.421+0000] {logging_mixin.py:150} INFO - [2023-08-10T00:19:31.420+0000] {dag.py:2742} INFO - Sync 1 DAGs
[2023-08-10T00:19:31.434+0000] {logging_mixin.py:150} INFO - [2023-08-10T00:19:31.434+0000] {dag.py:3508} INFO - Setting next_dagrun for example_short_circuit_decorator to 2023-08-09T00:19:31.434428+00:00, run_after=2023-08-10T00:19:31.434428+00:00
[2023-08-10T00:19:31.445+0000] {processor.py:179} INFO - Processing /home/airflow/.local/lib/python3.7/site-packages/airflow/example_dags/example_short_circuit_decorator.py took 0.052 seconds
