[2023-08-10T00:10:44.676+0000] {processor.py:157} INFO - Started process (PID=1487) to work on /home/airflow/.local/lib/python3.7/site-packages/airflow/example_dags/example_short_circuit_operator.py
[2023-08-10T00:10:44.677+0000] {processor.py:826} INFO - Processing file /home/airflow/.local/lib/python3.7/site-packages/airflow/example_dags/example_short_circuit_operator.py for tasks to queue
[2023-08-10T00:10:44.678+0000] {logging_mixin.py:150} INFO - [2023-08-10T00:10:44.678+0000] {dagbag.py:541} INFO - Filling up the DagBag from /home/airflow/.local/lib/python3.7/site-packages/airflow/example_dags/example_short_circuit_operator.py
[2023-08-10T00:10:44.684+0000] {processor.py:836} INFO - DAG(s) dict_keys(['example_short_circuit_operator']) retrieved from /home/airflow/.local/lib/python3.7/site-packages/airflow/example_dags/example_short_circuit_operator.py
[2023-08-10T00:10:44.702+0000] {logging_mixin.py:150} INFO - [2023-08-10T00:10:44.702+0000] {dag.py:2742} INFO - Sync 1 DAGs
[2023-08-10T00:10:44.716+0000] {logging_mixin.py:150} INFO - [2023-08-10T00:10:44.716+0000] {dag.py:3508} INFO - Setting next_dagrun for example_short_circuit_operator to 2023-08-09T00:10:44.715958+00:00, run_after=2023-08-10T00:10:44.715958+00:00
[2023-08-10T00:10:44.725+0000] {processor.py:179} INFO - Processing /home/airflow/.local/lib/python3.7/site-packages/airflow/example_dags/example_short_circuit_operator.py took 0.051 seconds
[2023-08-10T00:15:28.916+0000] {processor.py:157} INFO - Started process (PID=1546) to work on /home/airflow/.local/lib/python3.7/site-packages/airflow/example_dags/example_short_circuit_operator.py
[2023-08-10T00:15:28.917+0000] {processor.py:826} INFO - Processing file /home/airflow/.local/lib/python3.7/site-packages/airflow/example_dags/example_short_circuit_operator.py for tasks to queue
[2023-08-10T00:15:28.918+0000] {logging_mixin.py:150} INFO - [2023-08-10T00:15:28.918+0000] {dagbag.py:541} INFO - Filling up the DagBag from /home/airflow/.local/lib/python3.7/site-packages/airflow/example_dags/example_short_circuit_operator.py
[2023-08-10T00:15:28.924+0000] {processor.py:836} INFO - DAG(s) dict_keys(['example_short_circuit_operator']) retrieved from /home/airflow/.local/lib/python3.7/site-packages/airflow/example_dags/example_short_circuit_operator.py
[2023-08-10T00:15:28.943+0000] {logging_mixin.py:150} INFO - [2023-08-10T00:15:28.943+0000] {dag.py:2742} INFO - Sync 1 DAGs
[2023-08-10T00:15:28.957+0000] {logging_mixin.py:150} INFO - [2023-08-10T00:15:28.957+0000] {dag.py:3508} INFO - Setting next_dagrun for example_short_circuit_operator to 2023-08-09T00:15:28.957417+00:00, run_after=2023-08-10T00:15:28.957417+00:00
[2023-08-10T00:15:28.967+0000] {processor.py:179} INFO - Processing /home/airflow/.local/lib/python3.7/site-packages/airflow/example_dags/example_short_circuit_operator.py took 0.053 seconds
[2023-08-10T00:15:59.557+0000] {processor.py:157} INFO - Started process (PID=1605) to work on /home/airflow/.local/lib/python3.7/site-packages/airflow/example_dags/example_short_circuit_operator.py
[2023-08-10T00:15:59.558+0000] {processor.py:826} INFO - Processing file /home/airflow/.local/lib/python3.7/site-packages/airflow/example_dags/example_short_circuit_operator.py for tasks to queue
[2023-08-10T00:15:59.559+0000] {logging_mixin.py:150} INFO - [2023-08-10T00:15:59.559+0000] {dagbag.py:541} INFO - Filling up the DagBag from /home/airflow/.local/lib/python3.7/site-packages/airflow/example_dags/example_short_circuit_operator.py
[2023-08-10T00:15:59.565+0000] {processor.py:836} INFO - DAG(s) dict_keys(['example_short_circuit_operator']) retrieved from /home/airflow/.local/lib/python3.7/site-packages/airflow/example_dags/example_short_circuit_operator.py
[2023-08-10T00:15:59.583+0000] {logging_mixin.py:150} INFO - [2023-08-10T00:15:59.583+0000] {dag.py:2742} INFO - Sync 1 DAGs
[2023-08-10T00:15:59.597+0000] {logging_mixin.py:150} INFO - [2023-08-10T00:15:59.597+0000] {dag.py:3508} INFO - Setting next_dagrun for example_short_circuit_operator to 2023-08-09T00:15:59.597310+00:00, run_after=2023-08-10T00:15:59.597310+00:00
[2023-08-10T00:15:59.608+0000] {processor.py:179} INFO - Processing /home/airflow/.local/lib/python3.7/site-packages/airflow/example_dags/example_short_circuit_operator.py took 0.053 seconds
[2023-08-10T00:16:29.822+0000] {processor.py:157} INFO - Started process (PID=1664) to work on /home/airflow/.local/lib/python3.7/site-packages/airflow/example_dags/example_short_circuit_operator.py
[2023-08-10T00:16:29.823+0000] {processor.py:826} INFO - Processing file /home/airflow/.local/lib/python3.7/site-packages/airflow/example_dags/example_short_circuit_operator.py for tasks to queue
[2023-08-10T00:16:29.824+0000] {logging_mixin.py:150} INFO - [2023-08-10T00:16:29.824+0000] {dagbag.py:541} INFO - Filling up the DagBag from /home/airflow/.local/lib/python3.7/site-packages/airflow/example_dags/example_short_circuit_operator.py
[2023-08-10T00:16:29.830+0000] {processor.py:836} INFO - DAG(s) dict_keys(['example_short_circuit_operator']) retrieved from /home/airflow/.local/lib/python3.7/site-packages/airflow/example_dags/example_short_circuit_operator.py
[2023-08-10T00:16:29.848+0000] {logging_mixin.py:150} INFO - [2023-08-10T00:16:29.848+0000] {dag.py:2742} INFO - Sync 1 DAGs
[2023-08-10T00:16:29.862+0000] {logging_mixin.py:150} INFO - [2023-08-10T00:16:29.861+0000] {dag.py:3508} INFO - Setting next_dagrun for example_short_circuit_operator to 2023-08-09T00:16:29.861782+00:00, run_after=2023-08-10T00:16:29.861782+00:00
[2023-08-10T00:16:29.871+0000] {processor.py:179} INFO - Processing /home/airflow/.local/lib/python3.7/site-packages/airflow/example_dags/example_short_circuit_operator.py took 0.051 seconds
[2023-08-10T00:17:00.108+0000] {processor.py:157} INFO - Started process (PID=1723) to work on /home/airflow/.local/lib/python3.7/site-packages/airflow/example_dags/example_short_circuit_operator.py
[2023-08-10T00:17:00.109+0000] {processor.py:826} INFO - Processing file /home/airflow/.local/lib/python3.7/site-packages/airflow/example_dags/example_short_circuit_operator.py for tasks to queue
[2023-08-10T00:17:00.110+0000] {logging_mixin.py:150} INFO - [2023-08-10T00:17:00.110+0000] {dagbag.py:541} INFO - Filling up the DagBag from /home/airflow/.local/lib/python3.7/site-packages/airflow/example_dags/example_short_circuit_operator.py
[2023-08-10T00:17:00.117+0000] {processor.py:836} INFO - DAG(s) dict_keys(['example_short_circuit_operator']) retrieved from /home/airflow/.local/lib/python3.7/site-packages/airflow/example_dags/example_short_circuit_operator.py
[2023-08-10T00:17:00.134+0000] {logging_mixin.py:150} INFO - [2023-08-10T00:17:00.134+0000] {dag.py:2742} INFO - Sync 1 DAGs
[2023-08-10T00:17:00.148+0000] {logging_mixin.py:150} INFO - [2023-08-10T00:17:00.148+0000] {dag.py:3508} INFO - Setting next_dagrun for example_short_circuit_operator to 2023-08-09T00:17:00.148357+00:00, run_after=2023-08-10T00:17:00.148357+00:00
[2023-08-10T00:17:00.158+0000] {processor.py:179} INFO - Processing /home/airflow/.local/lib/python3.7/site-packages/airflow/example_dags/example_short_circuit_operator.py took 0.053 seconds
[2023-08-10T00:17:30.412+0000] {processor.py:157} INFO - Started process (PID=1782) to work on /home/airflow/.local/lib/python3.7/site-packages/airflow/example_dags/example_short_circuit_operator.py
[2023-08-10T00:17:30.413+0000] {processor.py:826} INFO - Processing file /home/airflow/.local/lib/python3.7/site-packages/airflow/example_dags/example_short_circuit_operator.py for tasks to queue
[2023-08-10T00:17:30.414+0000] {logging_mixin.py:150} INFO - [2023-08-10T00:17:30.414+0000] {dagbag.py:541} INFO - Filling up the DagBag from /home/airflow/.local/lib/python3.7/site-packages/airflow/example_dags/example_short_circuit_operator.py
[2023-08-10T00:17:30.420+0000] {processor.py:836} INFO - DAG(s) dict_keys(['example_short_circuit_operator']) retrieved from /home/airflow/.local/lib/python3.7/site-packages/airflow/example_dags/example_short_circuit_operator.py
[2023-08-10T00:17:30.438+0000] {logging_mixin.py:150} INFO - [2023-08-10T00:17:30.438+0000] {dag.py:2742} INFO - Sync 1 DAGs
[2023-08-10T00:17:30.452+0000] {logging_mixin.py:150} INFO - [2023-08-10T00:17:30.452+0000] {dag.py:3508} INFO - Setting next_dagrun for example_short_circuit_operator to 2023-08-09T00:17:30.452642+00:00, run_after=2023-08-10T00:17:30.452642+00:00
[2023-08-10T00:17:30.463+0000] {processor.py:179} INFO - Processing /home/airflow/.local/lib/python3.7/site-packages/airflow/example_dags/example_short_circuit_operator.py took 0.053 seconds
[2023-08-10T00:18:00.775+0000] {processor.py:157} INFO - Started process (PID=1841) to work on /home/airflow/.local/lib/python3.7/site-packages/airflow/example_dags/example_short_circuit_operator.py
[2023-08-10T00:18:00.776+0000] {processor.py:826} INFO - Processing file /home/airflow/.local/lib/python3.7/site-packages/airflow/example_dags/example_short_circuit_operator.py for tasks to queue
[2023-08-10T00:18:00.777+0000] {logging_mixin.py:150} INFO - [2023-08-10T00:18:00.776+0000] {dagbag.py:541} INFO - Filling up the DagBag from /home/airflow/.local/lib/python3.7/site-packages/airflow/example_dags/example_short_circuit_operator.py
[2023-08-10T00:18:00.783+0000] {processor.py:836} INFO - DAG(s) dict_keys(['example_short_circuit_operator']) retrieved from /home/airflow/.local/lib/python3.7/site-packages/airflow/example_dags/example_short_circuit_operator.py
[2023-08-10T00:18:00.801+0000] {logging_mixin.py:150} INFO - [2023-08-10T00:18:00.801+0000] {dag.py:2742} INFO - Sync 1 DAGs
[2023-08-10T00:18:00.815+0000] {logging_mixin.py:150} INFO - [2023-08-10T00:18:00.815+0000] {dag.py:3508} INFO - Setting next_dagrun for example_short_circuit_operator to 2023-08-09T00:18:00.815681+00:00, run_after=2023-08-10T00:18:00.815681+00:00
[2023-08-10T00:18:00.825+0000] {processor.py:179} INFO - Processing /home/airflow/.local/lib/python3.7/site-packages/airflow/example_dags/example_short_circuit_operator.py took 0.053 seconds
[2023-08-10T00:18:31.047+0000] {processor.py:157} INFO - Started process (PID=1900) to work on /home/airflow/.local/lib/python3.7/site-packages/airflow/example_dags/example_short_circuit_operator.py
[2023-08-10T00:18:31.048+0000] {processor.py:826} INFO - Processing file /home/airflow/.local/lib/python3.7/site-packages/airflow/example_dags/example_short_circuit_operator.py for tasks to queue
[2023-08-10T00:18:31.049+0000] {logging_mixin.py:150} INFO - [2023-08-10T00:18:31.049+0000] {dagbag.py:541} INFO - Filling up the DagBag from /home/airflow/.local/lib/python3.7/site-packages/airflow/example_dags/example_short_circuit_operator.py
[2023-08-10T00:18:31.055+0000] {processor.py:836} INFO - DAG(s) dict_keys(['example_short_circuit_operator']) retrieved from /home/airflow/.local/lib/python3.7/site-packages/airflow/example_dags/example_short_circuit_operator.py
[2023-08-10T00:18:31.073+0000] {logging_mixin.py:150} INFO - [2023-08-10T00:18:31.073+0000] {dag.py:2742} INFO - Sync 1 DAGs
[2023-08-10T00:18:31.087+0000] {logging_mixin.py:150} INFO - [2023-08-10T00:18:31.087+0000] {dag.py:3508} INFO - Setting next_dagrun for example_short_circuit_operator to 2023-08-09T00:18:31.087446+00:00, run_after=2023-08-10T00:18:31.087446+00:00
[2023-08-10T00:18:31.098+0000] {processor.py:179} INFO - Processing /home/airflow/.local/lib/python3.7/site-packages/airflow/example_dags/example_short_circuit_operator.py took 0.053 seconds
[2023-08-10T00:19:01.328+0000] {processor.py:157} INFO - Started process (PID=1960) to work on /home/airflow/.local/lib/python3.7/site-packages/airflow/example_dags/example_short_circuit_operator.py
[2023-08-10T00:19:01.329+0000] {processor.py:826} INFO - Processing file /home/airflow/.local/lib/python3.7/site-packages/airflow/example_dags/example_short_circuit_operator.py for tasks to queue
[2023-08-10T00:19:01.330+0000] {logging_mixin.py:150} INFO - [2023-08-10T00:19:01.330+0000] {dagbag.py:541} INFO - Filling up the DagBag from /home/airflow/.local/lib/python3.7/site-packages/airflow/example_dags/example_short_circuit_operator.py
[2023-08-10T00:19:01.336+0000] {processor.py:836} INFO - DAG(s) dict_keys(['example_short_circuit_operator']) retrieved from /home/airflow/.local/lib/python3.7/site-packages/airflow/example_dags/example_short_circuit_operator.py
[2023-08-10T00:19:01.354+0000] {logging_mixin.py:150} INFO - [2023-08-10T00:19:01.353+0000] {dag.py:2742} INFO - Sync 1 DAGs
[2023-08-10T00:19:01.367+0000] {logging_mixin.py:150} INFO - [2023-08-10T00:19:01.367+0000] {dag.py:3508} INFO - Setting next_dagrun for example_short_circuit_operator to 2023-08-09T00:19:01.367386+00:00, run_after=2023-08-10T00:19:01.367386+00:00
[2023-08-10T00:19:01.377+0000] {processor.py:179} INFO - Processing /home/airflow/.local/lib/python3.7/site-packages/airflow/example_dags/example_short_circuit_operator.py took 0.051 seconds
[2023-08-10T00:19:31.580+0000] {processor.py:157} INFO - Started process (PID=2019) to work on /home/airflow/.local/lib/python3.7/site-packages/airflow/example_dags/example_short_circuit_operator.py
[2023-08-10T00:19:31.581+0000] {processor.py:826} INFO - Processing file /home/airflow/.local/lib/python3.7/site-packages/airflow/example_dags/example_short_circuit_operator.py for tasks to queue
[2023-08-10T00:19:31.582+0000] {logging_mixin.py:150} INFO - [2023-08-10T00:19:31.582+0000] {dagbag.py:541} INFO - Filling up the DagBag from /home/airflow/.local/lib/python3.7/site-packages/airflow/example_dags/example_short_circuit_operator.py
[2023-08-10T00:19:31.588+0000] {processor.py:836} INFO - DAG(s) dict_keys(['example_short_circuit_operator']) retrieved from /home/airflow/.local/lib/python3.7/site-packages/airflow/example_dags/example_short_circuit_operator.py
[2023-08-10T00:19:31.606+0000] {logging_mixin.py:150} INFO - [2023-08-10T00:19:31.606+0000] {dag.py:2742} INFO - Sync 1 DAGs
[2023-08-10T00:19:31.620+0000] {logging_mixin.py:150} INFO - [2023-08-10T00:19:31.620+0000] {dag.py:3508} INFO - Setting next_dagrun for example_short_circuit_operator to 2023-08-09T00:19:31.620436+00:00, run_after=2023-08-10T00:19:31.620436+00:00
[2023-08-10T00:19:31.630+0000] {processor.py:179} INFO - Processing /home/airflow/.local/lib/python3.7/site-packages/airflow/example_dags/example_short_circuit_operator.py took 0.052 seconds
