[2023-08-10T00:10:42.830+0000] {processor.py:157} INFO - Started process (PID=1455) to work on /home/airflow/.local/lib/python3.7/site-packages/airflow/example_dags/example_complex.py
[2023-08-10T00:10:42.831+0000] {processor.py:826} INFO - Processing file /home/airflow/.local/lib/python3.7/site-packages/airflow/example_dags/example_complex.py for tasks to queue
[2023-08-10T00:10:42.832+0000] {logging_mixin.py:150} INFO - [2023-08-10T00:10:42.832+0000] {dagbag.py:541} INFO - Filling up the DagBag from /home/airflow/.local/lib/python3.7/site-packages/airflow/example_dags/example_complex.py
[2023-08-10T00:10:42.845+0000] {processor.py:836} INFO - DAG(s) dict_keys(['example_complex']) retrieved from /home/airflow/.local/lib/python3.7/site-packages/airflow/example_dags/example_complex.py
[2023-08-10T00:10:42.874+0000] {logging_mixin.py:150} INFO - [2023-08-10T00:10:42.874+0000] {dag.py:2742} INFO - Sync 1 DAGs
[2023-08-10T00:10:42.892+0000] {logging_mixin.py:150} INFO - [2023-08-10T00:10:42.891+0000] {dag.py:3508} INFO - Setting next_dagrun for example_complex to None, run_after=None
[2023-08-10T00:10:42.904+0000] {processor.py:179} INFO - Processing /home/airflow/.local/lib/python3.7/site-packages/airflow/example_dags/example_complex.py took 0.078 seconds
[2023-08-10T00:15:27.139+0000] {processor.py:157} INFO - Started process (PID=1514) to work on /home/airflow/.local/lib/python3.7/site-packages/airflow/example_dags/example_complex.py
[2023-08-10T00:15:27.148+0000] {processor.py:826} INFO - Processing file /home/airflow/.local/lib/python3.7/site-packages/airflow/example_dags/example_complex.py for tasks to queue
[2023-08-10T00:15:27.162+0000] {logging_mixin.py:150} INFO - [2023-08-10T00:15:27.161+0000] {dagbag.py:541} INFO - Filling up the DagBag from /home/airflow/.local/lib/python3.7/site-packages/airflow/example_dags/example_complex.py
[2023-08-10T00:15:27.175+0000] {processor.py:836} INFO - DAG(s) dict_keys(['example_complex']) retrieved from /home/airflow/.local/lib/python3.7/site-packages/airflow/example_dags/example_complex.py
[2023-08-10T00:15:27.221+0000] {logging_mixin.py:150} INFO - [2023-08-10T00:15:27.221+0000] {dag.py:2742} INFO - Sync 1 DAGs
[2023-08-10T00:15:27.248+0000] {logging_mixin.py:150} INFO - [2023-08-10T00:15:27.247+0000] {dag.py:3508} INFO - Setting next_dagrun for example_complex to None, run_after=None
[2023-08-10T00:15:27.265+0000] {processor.py:179} INFO - Processing /home/airflow/.local/lib/python3.7/site-packages/airflow/example_dags/example_complex.py took 0.132 seconds
[2023-08-10T00:15:58.233+0000] {processor.py:157} INFO - Started process (PID=1573) to work on /home/airflow/.local/lib/python3.7/site-packages/airflow/example_dags/example_complex.py
[2023-08-10T00:15:58.234+0000] {processor.py:826} INFO - Processing file /home/airflow/.local/lib/python3.7/site-packages/airflow/example_dags/example_complex.py for tasks to queue
[2023-08-10T00:15:58.236+0000] {logging_mixin.py:150} INFO - [2023-08-10T00:15:58.235+0000] {dagbag.py:541} INFO - Filling up the DagBag from /home/airflow/.local/lib/python3.7/site-packages/airflow/example_dags/example_complex.py
[2023-08-10T00:15:58.246+0000] {processor.py:836} INFO - DAG(s) dict_keys(['example_complex']) retrieved from /home/airflow/.local/lib/python3.7/site-packages/airflow/example_dags/example_complex.py
[2023-08-10T00:15:58.270+0000] {logging_mixin.py:150} INFO - [2023-08-10T00:15:58.269+0000] {dag.py:2742} INFO - Sync 1 DAGs
[2023-08-10T00:15:58.283+0000] {logging_mixin.py:150} INFO - [2023-08-10T00:15:58.283+0000] {dag.py:3508} INFO - Setting next_dagrun for example_complex to None, run_after=None
[2023-08-10T00:15:58.294+0000] {processor.py:179} INFO - Processing /home/airflow/.local/lib/python3.7/site-packages/airflow/example_dags/example_complex.py took 0.065 seconds
[2023-08-10T00:16:28.371+0000] {processor.py:157} INFO - Started process (PID=1632) to work on /home/airflow/.local/lib/python3.7/site-packages/airflow/example_dags/example_complex.py
[2023-08-10T00:16:28.373+0000] {processor.py:826} INFO - Processing file /home/airflow/.local/lib/python3.7/site-packages/airflow/example_dags/example_complex.py for tasks to queue
[2023-08-10T00:16:28.375+0000] {logging_mixin.py:150} INFO - [2023-08-10T00:16:28.375+0000] {dagbag.py:541} INFO - Filling up the DagBag from /home/airflow/.local/lib/python3.7/site-packages/airflow/example_dags/example_complex.py
[2023-08-10T00:16:28.385+0000] {processor.py:836} INFO - DAG(s) dict_keys(['example_complex']) retrieved from /home/airflow/.local/lib/python3.7/site-packages/airflow/example_dags/example_complex.py
[2023-08-10T00:16:28.410+0000] {logging_mixin.py:150} INFO - [2023-08-10T00:16:28.410+0000] {dag.py:2742} INFO - Sync 1 DAGs
[2023-08-10T00:16:28.424+0000] {logging_mixin.py:150} INFO - [2023-08-10T00:16:28.424+0000] {dag.py:3508} INFO - Setting next_dagrun for example_complex to None, run_after=None
[2023-08-10T00:16:28.433+0000] {processor.py:179} INFO - Processing /home/airflow/.local/lib/python3.7/site-packages/airflow/example_dags/example_complex.py took 0.066 seconds
[2023-08-10T00:16:58.684+0000] {processor.py:157} INFO - Started process (PID=1691) to work on /home/airflow/.local/lib/python3.7/site-packages/airflow/example_dags/example_complex.py
[2023-08-10T00:16:58.685+0000] {processor.py:826} INFO - Processing file /home/airflow/.local/lib/python3.7/site-packages/airflow/example_dags/example_complex.py for tasks to queue
[2023-08-10T00:16:58.686+0000] {logging_mixin.py:150} INFO - [2023-08-10T00:16:58.685+0000] {dagbag.py:541} INFO - Filling up the DagBag from /home/airflow/.local/lib/python3.7/site-packages/airflow/example_dags/example_complex.py
[2023-08-10T00:16:58.694+0000] {processor.py:836} INFO - DAG(s) dict_keys(['example_complex']) retrieved from /home/airflow/.local/lib/python3.7/site-packages/airflow/example_dags/example_complex.py
[2023-08-10T00:16:58.716+0000] {logging_mixin.py:150} INFO - [2023-08-10T00:16:58.716+0000] {dag.py:2742} INFO - Sync 1 DAGs
[2023-08-10T00:16:58.729+0000] {logging_mixin.py:150} INFO - [2023-08-10T00:16:58.729+0000] {dag.py:3508} INFO - Setting next_dagrun for example_complex to None, run_after=None
[2023-08-10T00:16:58.739+0000] {processor.py:179} INFO - Processing /home/airflow/.local/lib/python3.7/site-packages/airflow/example_dags/example_complex.py took 0.059 seconds
[2023-08-10T00:17:28.973+0000] {processor.py:157} INFO - Started process (PID=1750) to work on /home/airflow/.local/lib/python3.7/site-packages/airflow/example_dags/example_complex.py
[2023-08-10T00:17:28.974+0000] {processor.py:826} INFO - Processing file /home/airflow/.local/lib/python3.7/site-packages/airflow/example_dags/example_complex.py for tasks to queue
[2023-08-10T00:17:28.975+0000] {logging_mixin.py:150} INFO - [2023-08-10T00:17:28.975+0000] {dagbag.py:541} INFO - Filling up the DagBag from /home/airflow/.local/lib/python3.7/site-packages/airflow/example_dags/example_complex.py
[2023-08-10T00:17:28.985+0000] {processor.py:836} INFO - DAG(s) dict_keys(['example_complex']) retrieved from /home/airflow/.local/lib/python3.7/site-packages/airflow/example_dags/example_complex.py
[2023-08-10T00:17:29.009+0000] {logging_mixin.py:150} INFO - [2023-08-10T00:17:29.009+0000] {dag.py:2742} INFO - Sync 1 DAGs
[2023-08-10T00:17:29.022+0000] {logging_mixin.py:150} INFO - [2023-08-10T00:17:29.022+0000] {dag.py:3508} INFO - Setting next_dagrun for example_complex to None, run_after=None
[2023-08-10T00:17:29.032+0000] {processor.py:179} INFO - Processing /home/airflow/.local/lib/python3.7/site-packages/airflow/example_dags/example_complex.py took 0.064 seconds
[2023-08-10T00:17:59.234+0000] {processor.py:157} INFO - Started process (PID=1809) to work on /home/airflow/.local/lib/python3.7/site-packages/airflow/example_dags/example_complex.py
[2023-08-10T00:17:59.235+0000] {processor.py:826} INFO - Processing file /home/airflow/.local/lib/python3.7/site-packages/airflow/example_dags/example_complex.py for tasks to queue
[2023-08-10T00:17:59.236+0000] {logging_mixin.py:150} INFO - [2023-08-10T00:17:59.236+0000] {dagbag.py:541} INFO - Filling up the DagBag from /home/airflow/.local/lib/python3.7/site-packages/airflow/example_dags/example_complex.py
[2023-08-10T00:17:59.247+0000] {processor.py:836} INFO - DAG(s) dict_keys(['example_complex']) retrieved from /home/airflow/.local/lib/python3.7/site-packages/airflow/example_dags/example_complex.py
[2023-08-10T00:17:59.273+0000] {logging_mixin.py:150} INFO - [2023-08-10T00:17:59.273+0000] {dag.py:2742} INFO - Sync 1 DAGs
[2023-08-10T00:17:59.286+0000] {logging_mixin.py:150} INFO - [2023-08-10T00:17:59.286+0000] {dag.py:3508} INFO - Setting next_dagrun for example_complex to None, run_after=None
[2023-08-10T00:17:59.296+0000] {processor.py:179} INFO - Processing /home/airflow/.local/lib/python3.7/site-packages/airflow/example_dags/example_complex.py took 0.067 seconds
[2023-08-10T00:18:29.586+0000] {processor.py:157} INFO - Started process (PID=1868) to work on /home/airflow/.local/lib/python3.7/site-packages/airflow/example_dags/example_complex.py
[2023-08-10T00:18:29.587+0000] {processor.py:826} INFO - Processing file /home/airflow/.local/lib/python3.7/site-packages/airflow/example_dags/example_complex.py for tasks to queue
[2023-08-10T00:18:29.588+0000] {logging_mixin.py:150} INFO - [2023-08-10T00:18:29.588+0000] {dagbag.py:541} INFO - Filling up the DagBag from /home/airflow/.local/lib/python3.7/site-packages/airflow/example_dags/example_complex.py
[2023-08-10T00:18:29.598+0000] {processor.py:836} INFO - DAG(s) dict_keys(['example_complex']) retrieved from /home/airflow/.local/lib/python3.7/site-packages/airflow/example_dags/example_complex.py
[2023-08-10T00:18:29.621+0000] {logging_mixin.py:150} INFO - [2023-08-10T00:18:29.621+0000] {dag.py:2742} INFO - Sync 1 DAGs
[2023-08-10T00:18:29.635+0000] {logging_mixin.py:150} INFO - [2023-08-10T00:18:29.635+0000] {dag.py:3508} INFO - Setting next_dagrun for example_complex to None, run_after=None
[2023-08-10T00:18:29.645+0000] {processor.py:179} INFO - Processing /home/airflow/.local/lib/python3.7/site-packages/airflow/example_dags/example_complex.py took 0.062 seconds
[2023-08-10T00:18:59.897+0000] {processor.py:157} INFO - Started process (PID=1928) to work on /home/airflow/.local/lib/python3.7/site-packages/airflow/example_dags/example_complex.py
[2023-08-10T00:18:59.899+0000] {processor.py:826} INFO - Processing file /home/airflow/.local/lib/python3.7/site-packages/airflow/example_dags/example_complex.py for tasks to queue
[2023-08-10T00:18:59.900+0000] {logging_mixin.py:150} INFO - [2023-08-10T00:18:59.900+0000] {dagbag.py:541} INFO - Filling up the DagBag from /home/airflow/.local/lib/python3.7/site-packages/airflow/example_dags/example_complex.py
[2023-08-10T00:18:59.910+0000] {processor.py:836} INFO - DAG(s) dict_keys(['example_complex']) retrieved from /home/airflow/.local/lib/python3.7/site-packages/airflow/example_dags/example_complex.py
[2023-08-10T00:18:59.935+0000] {logging_mixin.py:150} INFO - [2023-08-10T00:18:59.935+0000] {dag.py:2742} INFO - Sync 1 DAGs
[2023-08-10T00:18:59.949+0000] {logging_mixin.py:150} INFO - [2023-08-10T00:18:59.949+0000] {dag.py:3508} INFO - Setting next_dagrun for example_complex to None, run_after=None
[2023-08-10T00:18:59.959+0000] {processor.py:179} INFO - Processing /home/airflow/.local/lib/python3.7/site-packages/airflow/example_dags/example_complex.py took 0.067 seconds
[2023-08-10T00:19:30.175+0000] {processor.py:157} INFO - Started process (PID=1987) to work on /home/airflow/.local/lib/python3.7/site-packages/airflow/example_dags/example_complex.py
[2023-08-10T00:19:30.176+0000] {processor.py:826} INFO - Processing file /home/airflow/.local/lib/python3.7/site-packages/airflow/example_dags/example_complex.py for tasks to queue
[2023-08-10T00:19:30.177+0000] {logging_mixin.py:150} INFO - [2023-08-10T00:19:30.177+0000] {dagbag.py:541} INFO - Filling up the DagBag from /home/airflow/.local/lib/python3.7/site-packages/airflow/example_dags/example_complex.py
[2023-08-10T00:19:30.188+0000] {processor.py:836} INFO - DAG(s) dict_keys(['example_complex']) retrieved from /home/airflow/.local/lib/python3.7/site-packages/airflow/example_dags/example_complex.py
[2023-08-10T00:19:30.211+0000] {logging_mixin.py:150} INFO - [2023-08-10T00:19:30.211+0000] {dag.py:2742} INFO - Sync 1 DAGs
[2023-08-10T00:19:30.225+0000] {logging_mixin.py:150} INFO - [2023-08-10T00:19:30.224+0000] {dag.py:3508} INFO - Setting next_dagrun for example_complex to None, run_after=None
[2023-08-10T00:19:30.234+0000] {processor.py:179} INFO - Processing /home/airflow/.local/lib/python3.7/site-packages/airflow/example_dags/example_complex.py took 0.064 seconds
