[2023-08-10T00:10:44.072+0000] {processor.py:157} INFO - Started process (PID=1474) to work on /home/airflow/.local/lib/python3.7/site-packages/airflow/example_dags/example_subdag_operator.py
[2023-08-10T00:10:44.073+0000] {processor.py:826} INFO - Processing file /home/airflow/.local/lib/python3.7/site-packages/airflow/example_dags/example_subdag_operator.py for tasks to queue
[2023-08-10T00:10:44.074+0000] {logging_mixin.py:150} INFO - [2023-08-10T00:10:44.074+0000] {dagbag.py:541} INFO - Filling up the DagBag from /home/airflow/.local/lib/python3.7/site-packages/airflow/example_dags/example_subdag_operator.py
[2023-08-10T00:10:44.093+0000] {processor.py:836} INFO - DAG(s) dict_keys(['example_subdag_operator.section-1', 'example_subdag_operator.section-2', 'example_subdag_operator']) retrieved from /home/airflow/.local/lib/python3.7/site-packages/airflow/example_dags/example_subdag_operator.py
[2023-08-10T00:10:44.104+0000] {logging_mixin.py:150} INFO - [2023-08-10T00:10:44.104+0000] {dag.py:2742} INFO - Sync 3 DAGs
[2023-08-10T00:10:44.118+0000] {logging_mixin.py:150} INFO - [2023-08-10T00:10:44.118+0000] {dag.py:3508} INFO - Setting next_dagrun for example_subdag_operator to 2022-01-01T00:00:00+00:00, run_after=2022-01-01T00:00:00+00:00
[2023-08-10T00:10:44.120+0000] {logging_mixin.py:150} INFO - [2023-08-10T00:10:44.120+0000] {dag.py:3508} INFO - Setting next_dagrun for example_subdag_operator.section-1 to None, run_after=None
[2023-08-10T00:10:44.121+0000] {logging_mixin.py:150} INFO - [2023-08-10T00:10:44.121+0000] {dag.py:3508} INFO - Setting next_dagrun for example_subdag_operator.section-2 to None, run_after=None
[2023-08-10T00:10:44.125+0000] {logging_mixin.py:150} INFO - [2023-08-10T00:10:44.125+0000] {dag.py:2742} INFO - Sync 2 DAGs
[2023-08-10T00:10:44.128+0000] {logging_mixin.py:150} INFO - [2023-08-10T00:10:44.128+0000] {dag.py:3508} INFO - Setting next_dagrun for example_subdag_operator.section-1 to None, run_after=None
[2023-08-10T00:10:44.129+0000] {logging_mixin.py:150} INFO - [2023-08-10T00:10:44.129+0000] {dag.py:3508} INFO - Setting next_dagrun for example_subdag_operator.section-2 to None, run_after=None
[2023-08-10T00:10:44.135+0000] {processor.py:179} INFO - Processing /home/airflow/.local/lib/python3.7/site-packages/airflow/example_dags/example_subdag_operator.py took 0.065 seconds
[2023-08-10T00:15:28.347+0000] {processor.py:157} INFO - Started process (PID=1533) to work on /home/airflow/.local/lib/python3.7/site-packages/airflow/example_dags/example_subdag_operator.py
[2023-08-10T00:15:28.348+0000] {processor.py:826} INFO - Processing file /home/airflow/.local/lib/python3.7/site-packages/airflow/example_dags/example_subdag_operator.py for tasks to queue
[2023-08-10T00:15:28.349+0000] {logging_mixin.py:150} INFO - [2023-08-10T00:15:28.348+0000] {dagbag.py:541} INFO - Filling up the DagBag from /home/airflow/.local/lib/python3.7/site-packages/airflow/example_dags/example_subdag_operator.py
[2023-08-10T00:15:28.368+0000] {processor.py:836} INFO - DAG(s) dict_keys(['example_subdag_operator.section-1', 'example_subdag_operator.section-2', 'example_subdag_operator']) retrieved from /home/airflow/.local/lib/python3.7/site-packages/airflow/example_dags/example_subdag_operator.py
[2023-08-10T00:15:28.379+0000] {logging_mixin.py:150} INFO - [2023-08-10T00:15:28.379+0000] {dag.py:2742} INFO - Sync 3 DAGs
[2023-08-10T00:15:28.392+0000] {logging_mixin.py:150} INFO - [2023-08-10T00:15:28.392+0000] {dag.py:3508} INFO - Setting next_dagrun for example_subdag_operator to 2022-01-01T00:00:00+00:00, run_after=2022-01-01T00:00:00+00:00
[2023-08-10T00:15:28.394+0000] {logging_mixin.py:150} INFO - [2023-08-10T00:15:28.394+0000] {dag.py:3508} INFO - Setting next_dagrun for example_subdag_operator.section-1 to None, run_after=None
[2023-08-10T00:15:28.395+0000] {logging_mixin.py:150} INFO - [2023-08-10T00:15:28.395+0000] {dag.py:3508} INFO - Setting next_dagrun for example_subdag_operator.section-2 to None, run_after=None
[2023-08-10T00:15:28.400+0000] {logging_mixin.py:150} INFO - [2023-08-10T00:15:28.400+0000] {dag.py:2742} INFO - Sync 2 DAGs
[2023-08-10T00:15:28.404+0000] {logging_mixin.py:150} INFO - [2023-08-10T00:15:28.404+0000] {dag.py:3508} INFO - Setting next_dagrun for example_subdag_operator.section-1 to None, run_after=None
[2023-08-10T00:15:28.404+0000] {logging_mixin.py:150} INFO - [2023-08-10T00:15:28.404+0000] {dag.py:3508} INFO - Setting next_dagrun for example_subdag_operator.section-2 to None, run_after=None
[2023-08-10T00:15:28.410+0000] {processor.py:179} INFO - Processing /home/airflow/.local/lib/python3.7/site-packages/airflow/example_dags/example_subdag_operator.py took 0.066 seconds
[2023-08-10T00:15:59.068+0000] {processor.py:157} INFO - Started process (PID=1592) to work on /home/airflow/.local/lib/python3.7/site-packages/airflow/example_dags/example_subdag_operator.py
[2023-08-10T00:15:59.069+0000] {processor.py:826} INFO - Processing file /home/airflow/.local/lib/python3.7/site-packages/airflow/example_dags/example_subdag_operator.py for tasks to queue
[2023-08-10T00:15:59.070+0000] {logging_mixin.py:150} INFO - [2023-08-10T00:15:59.070+0000] {dagbag.py:541} INFO - Filling up the DagBag from /home/airflow/.local/lib/python3.7/site-packages/airflow/example_dags/example_subdag_operator.py
[2023-08-10T00:15:59.088+0000] {processor.py:836} INFO - DAG(s) dict_keys(['example_subdag_operator.section-1', 'example_subdag_operator.section-2', 'example_subdag_operator']) retrieved from /home/airflow/.local/lib/python3.7/site-packages/airflow/example_dags/example_subdag_operator.py
[2023-08-10T00:15:59.098+0000] {logging_mixin.py:150} INFO - [2023-08-10T00:15:59.098+0000] {dag.py:2742} INFO - Sync 3 DAGs
[2023-08-10T00:15:59.112+0000] {logging_mixin.py:150} INFO - [2023-08-10T00:15:59.112+0000] {dag.py:3508} INFO - Setting next_dagrun for example_subdag_operator to 2022-01-01T00:00:00+00:00, run_after=2022-01-01T00:00:00+00:00
[2023-08-10T00:15:59.114+0000] {logging_mixin.py:150} INFO - [2023-08-10T00:15:59.114+0000] {dag.py:3508} INFO - Setting next_dagrun for example_subdag_operator.section-1 to None, run_after=None
[2023-08-10T00:15:59.115+0000] {logging_mixin.py:150} INFO - [2023-08-10T00:15:59.115+0000] {dag.py:3508} INFO - Setting next_dagrun for example_subdag_operator.section-2 to None, run_after=None
[2023-08-10T00:15:59.120+0000] {logging_mixin.py:150} INFO - [2023-08-10T00:15:59.119+0000] {dag.py:2742} INFO - Sync 2 DAGs
[2023-08-10T00:15:59.122+0000] {logging_mixin.py:150} INFO - [2023-08-10T00:15:59.122+0000] {dag.py:3508} INFO - Setting next_dagrun for example_subdag_operator.section-1 to None, run_after=None
[2023-08-10T00:15:59.123+0000] {logging_mixin.py:150} INFO - [2023-08-10T00:15:59.123+0000] {dag.py:3508} INFO - Setting next_dagrun for example_subdag_operator.section-2 to None, run_after=None
[2023-08-10T00:15:59.128+0000] {processor.py:179} INFO - Processing /home/airflow/.local/lib/python3.7/site-packages/airflow/example_dags/example_subdag_operator.py took 0.063 seconds
[2023-08-10T00:16:29.261+0000] {processor.py:157} INFO - Started process (PID=1651) to work on /home/airflow/.local/lib/python3.7/site-packages/airflow/example_dags/example_subdag_operator.py
[2023-08-10T00:16:29.262+0000] {processor.py:826} INFO - Processing file /home/airflow/.local/lib/python3.7/site-packages/airflow/example_dags/example_subdag_operator.py for tasks to queue
[2023-08-10T00:16:29.263+0000] {logging_mixin.py:150} INFO - [2023-08-10T00:16:29.263+0000] {dagbag.py:541} INFO - Filling up the DagBag from /home/airflow/.local/lib/python3.7/site-packages/airflow/example_dags/example_subdag_operator.py
[2023-08-10T00:16:29.281+0000] {processor.py:836} INFO - DAG(s) dict_keys(['example_subdag_operator.section-1', 'example_subdag_operator.section-2', 'example_subdag_operator']) retrieved from /home/airflow/.local/lib/python3.7/site-packages/airflow/example_dags/example_subdag_operator.py
[2023-08-10T00:16:29.292+0000] {logging_mixin.py:150} INFO - [2023-08-10T00:16:29.292+0000] {dag.py:2742} INFO - Sync 3 DAGs
[2023-08-10T00:16:29.305+0000] {logging_mixin.py:150} INFO - [2023-08-10T00:16:29.305+0000] {dag.py:3508} INFO - Setting next_dagrun for example_subdag_operator to 2022-01-01T00:00:00+00:00, run_after=2022-01-01T00:00:00+00:00
[2023-08-10T00:16:29.308+0000] {logging_mixin.py:150} INFO - [2023-08-10T00:16:29.308+0000] {dag.py:3508} INFO - Setting next_dagrun for example_subdag_operator.section-1 to None, run_after=None
[2023-08-10T00:16:29.308+0000] {logging_mixin.py:150} INFO - [2023-08-10T00:16:29.308+0000] {dag.py:3508} INFO - Setting next_dagrun for example_subdag_operator.section-2 to None, run_after=None
[2023-08-10T00:16:29.313+0000] {logging_mixin.py:150} INFO - [2023-08-10T00:16:29.313+0000] {dag.py:2742} INFO - Sync 2 DAGs
[2023-08-10T00:16:29.316+0000] {logging_mixin.py:150} INFO - [2023-08-10T00:16:29.316+0000] {dag.py:3508} INFO - Setting next_dagrun for example_subdag_operator.section-1 to None, run_after=None
[2023-08-10T00:16:29.316+0000] {logging_mixin.py:150} INFO - [2023-08-10T00:16:29.316+0000] {dag.py:3508} INFO - Setting next_dagrun for example_subdag_operator.section-2 to None, run_after=None
[2023-08-10T00:16:29.322+0000] {processor.py:179} INFO - Processing /home/airflow/.local/lib/python3.7/site-packages/airflow/example_dags/example_subdag_operator.py took 0.063 seconds
[2023-08-10T00:16:59.592+0000] {processor.py:157} INFO - Started process (PID=1710) to work on /home/airflow/.local/lib/python3.7/site-packages/airflow/example_dags/example_subdag_operator.py
[2023-08-10T00:16:59.594+0000] {processor.py:826} INFO - Processing file /home/airflow/.local/lib/python3.7/site-packages/airflow/example_dags/example_subdag_operator.py for tasks to queue
[2023-08-10T00:16:59.595+0000] {logging_mixin.py:150} INFO - [2023-08-10T00:16:59.595+0000] {dagbag.py:541} INFO - Filling up the DagBag from /home/airflow/.local/lib/python3.7/site-packages/airflow/example_dags/example_subdag_operator.py
[2023-08-10T00:16:59.617+0000] {processor.py:836} INFO - DAG(s) dict_keys(['example_subdag_operator.section-1', 'example_subdag_operator.section-2', 'example_subdag_operator']) retrieved from /home/airflow/.local/lib/python3.7/site-packages/airflow/example_dags/example_subdag_operator.py
[2023-08-10T00:16:59.628+0000] {logging_mixin.py:150} INFO - [2023-08-10T00:16:59.628+0000] {dag.py:2742} INFO - Sync 3 DAGs
[2023-08-10T00:16:59.643+0000] {logging_mixin.py:150} INFO - [2023-08-10T00:16:59.643+0000] {dag.py:3508} INFO - Setting next_dagrun for example_subdag_operator to 2022-01-01T00:00:00+00:00, run_after=2022-01-01T00:00:00+00:00
[2023-08-10T00:16:59.645+0000] {logging_mixin.py:150} INFO - [2023-08-10T00:16:59.645+0000] {dag.py:3508} INFO - Setting next_dagrun for example_subdag_operator.section-1 to None, run_after=None
[2023-08-10T00:16:59.646+0000] {logging_mixin.py:150} INFO - [2023-08-10T00:16:59.646+0000] {dag.py:3508} INFO - Setting next_dagrun for example_subdag_operator.section-2 to None, run_after=None
[2023-08-10T00:16:59.650+0000] {logging_mixin.py:150} INFO - [2023-08-10T00:16:59.650+0000] {dag.py:2742} INFO - Sync 2 DAGs
[2023-08-10T00:16:59.654+0000] {logging_mixin.py:150} INFO - [2023-08-10T00:16:59.653+0000] {dag.py:3508} INFO - Setting next_dagrun for example_subdag_operator.section-1 to None, run_after=None
[2023-08-10T00:16:59.654+0000] {logging_mixin.py:150} INFO - [2023-08-10T00:16:59.654+0000] {dag.py:3508} INFO - Setting next_dagrun for example_subdag_operator.section-2 to None, run_after=None
[2023-08-10T00:16:59.659+0000] {processor.py:179} INFO - Processing /home/airflow/.local/lib/python3.7/site-packages/airflow/example_dags/example_subdag_operator.py took 0.070 seconds
[2023-08-10T00:17:29.819+0000] {processor.py:157} INFO - Started process (PID=1769) to work on /home/airflow/.local/lib/python3.7/site-packages/airflow/example_dags/example_subdag_operator.py
[2023-08-10T00:17:29.820+0000] {processor.py:826} INFO - Processing file /home/airflow/.local/lib/python3.7/site-packages/airflow/example_dags/example_subdag_operator.py for tasks to queue
[2023-08-10T00:17:29.821+0000] {logging_mixin.py:150} INFO - [2023-08-10T00:17:29.820+0000] {dagbag.py:541} INFO - Filling up the DagBag from /home/airflow/.local/lib/python3.7/site-packages/airflow/example_dags/example_subdag_operator.py
[2023-08-10T00:17:29.839+0000] {processor.py:836} INFO - DAG(s) dict_keys(['example_subdag_operator.section-1', 'example_subdag_operator.section-2', 'example_subdag_operator']) retrieved from /home/airflow/.local/lib/python3.7/site-packages/airflow/example_dags/example_subdag_operator.py
[2023-08-10T00:17:29.850+0000] {logging_mixin.py:150} INFO - [2023-08-10T00:17:29.850+0000] {dag.py:2742} INFO - Sync 3 DAGs
[2023-08-10T00:17:29.863+0000] {logging_mixin.py:150} INFO - [2023-08-10T00:17:29.863+0000] {dag.py:3508} INFO - Setting next_dagrun for example_subdag_operator to 2022-01-01T00:00:00+00:00, run_after=2022-01-01T00:00:00+00:00
[2023-08-10T00:17:29.865+0000] {logging_mixin.py:150} INFO - [2023-08-10T00:17:29.865+0000] {dag.py:3508} INFO - Setting next_dagrun for example_subdag_operator.section-1 to None, run_after=None
[2023-08-10T00:17:29.866+0000] {logging_mixin.py:150} INFO - [2023-08-10T00:17:29.866+0000] {dag.py:3508} INFO - Setting next_dagrun for example_subdag_operator.section-2 to None, run_after=None
[2023-08-10T00:17:29.870+0000] {logging_mixin.py:150} INFO - [2023-08-10T00:17:29.870+0000] {dag.py:2742} INFO - Sync 2 DAGs
[2023-08-10T00:17:29.873+0000] {logging_mixin.py:150} INFO - [2023-08-10T00:17:29.873+0000] {dag.py:3508} INFO - Setting next_dagrun for example_subdag_operator.section-1 to None, run_after=None
[2023-08-10T00:17:29.874+0000] {logging_mixin.py:150} INFO - [2023-08-10T00:17:29.874+0000] {dag.py:3508} INFO - Setting next_dagrun for example_subdag_operator.section-2 to None, run_after=None
[2023-08-10T00:17:29.880+0000] {processor.py:179} INFO - Processing /home/airflow/.local/lib/python3.7/site-packages/airflow/example_dags/example_subdag_operator.py took 0.063 seconds
[2023-08-10T00:18:00.172+0000] {processor.py:157} INFO - Started process (PID=1828) to work on /home/airflow/.local/lib/python3.7/site-packages/airflow/example_dags/example_subdag_operator.py
[2023-08-10T00:18:00.173+0000] {processor.py:826} INFO - Processing file /home/airflow/.local/lib/python3.7/site-packages/airflow/example_dags/example_subdag_operator.py for tasks to queue
[2023-08-10T00:18:00.173+0000] {logging_mixin.py:150} INFO - [2023-08-10T00:18:00.173+0000] {dagbag.py:541} INFO - Filling up the DagBag from /home/airflow/.local/lib/python3.7/site-packages/airflow/example_dags/example_subdag_operator.py
[2023-08-10T00:18:00.192+0000] {processor.py:836} INFO - DAG(s) dict_keys(['example_subdag_operator.section-1', 'example_subdag_operator.section-2', 'example_subdag_operator']) retrieved from /home/airflow/.local/lib/python3.7/site-packages/airflow/example_dags/example_subdag_operator.py
[2023-08-10T00:18:00.203+0000] {logging_mixin.py:150} INFO - [2023-08-10T00:18:00.203+0000] {dag.py:2742} INFO - Sync 3 DAGs
[2023-08-10T00:18:00.216+0000] {logging_mixin.py:150} INFO - [2023-08-10T00:18:00.216+0000] {dag.py:3508} INFO - Setting next_dagrun for example_subdag_operator to 2022-01-01T00:00:00+00:00, run_after=2022-01-01T00:00:00+00:00
[2023-08-10T00:18:00.218+0000] {logging_mixin.py:150} INFO - [2023-08-10T00:18:00.218+0000] {dag.py:3508} INFO - Setting next_dagrun for example_subdag_operator.section-1 to None, run_after=None
[2023-08-10T00:18:00.219+0000] {logging_mixin.py:150} INFO - [2023-08-10T00:18:00.219+0000] {dag.py:3508} INFO - Setting next_dagrun for example_subdag_operator.section-2 to None, run_after=None
[2023-08-10T00:18:00.223+0000] {logging_mixin.py:150} INFO - [2023-08-10T00:18:00.223+0000] {dag.py:2742} INFO - Sync 2 DAGs
[2023-08-10T00:18:00.226+0000] {logging_mixin.py:150} INFO - [2023-08-10T00:18:00.226+0000] {dag.py:3508} INFO - Setting next_dagrun for example_subdag_operator.section-1 to None, run_after=None
[2023-08-10T00:18:00.227+0000] {logging_mixin.py:150} INFO - [2023-08-10T00:18:00.227+0000] {dag.py:3508} INFO - Setting next_dagrun for example_subdag_operator.section-2 to None, run_after=None
[2023-08-10T00:18:00.233+0000] {processor.py:179} INFO - Processing /home/airflow/.local/lib/python3.7/site-packages/airflow/example_dags/example_subdag_operator.py took 0.064 seconds
[2023-08-10T00:18:30.447+0000] {processor.py:157} INFO - Started process (PID=1887) to work on /home/airflow/.local/lib/python3.7/site-packages/airflow/example_dags/example_subdag_operator.py
[2023-08-10T00:18:30.448+0000] {processor.py:826} INFO - Processing file /home/airflow/.local/lib/python3.7/site-packages/airflow/example_dags/example_subdag_operator.py for tasks to queue
[2023-08-10T00:18:30.449+0000] {logging_mixin.py:150} INFO - [2023-08-10T00:18:30.449+0000] {dagbag.py:541} INFO - Filling up the DagBag from /home/airflow/.local/lib/python3.7/site-packages/airflow/example_dags/example_subdag_operator.py
[2023-08-10T00:18:30.467+0000] {processor.py:836} INFO - DAG(s) dict_keys(['example_subdag_operator.section-1', 'example_subdag_operator.section-2', 'example_subdag_operator']) retrieved from /home/airflow/.local/lib/python3.7/site-packages/airflow/example_dags/example_subdag_operator.py
[2023-08-10T00:18:30.478+0000] {logging_mixin.py:150} INFO - [2023-08-10T00:18:30.478+0000] {dag.py:2742} INFO - Sync 3 DAGs
[2023-08-10T00:18:30.491+0000] {logging_mixin.py:150} INFO - [2023-08-10T00:18:30.491+0000] {dag.py:3508} INFO - Setting next_dagrun for example_subdag_operator to 2022-01-01T00:00:00+00:00, run_after=2022-01-01T00:00:00+00:00
[2023-08-10T00:18:30.493+0000] {logging_mixin.py:150} INFO - [2023-08-10T00:18:30.493+0000] {dag.py:3508} INFO - Setting next_dagrun for example_subdag_operator.section-1 to None, run_after=None
[2023-08-10T00:18:30.495+0000] {logging_mixin.py:150} INFO - [2023-08-10T00:18:30.494+0000] {dag.py:3508} INFO - Setting next_dagrun for example_subdag_operator.section-2 to None, run_after=None
[2023-08-10T00:18:30.499+0000] {logging_mixin.py:150} INFO - [2023-08-10T00:18:30.499+0000] {dag.py:2742} INFO - Sync 2 DAGs
[2023-08-10T00:18:30.502+0000] {logging_mixin.py:150} INFO - [2023-08-10T00:18:30.502+0000] {dag.py:3508} INFO - Setting next_dagrun for example_subdag_operator.section-1 to None, run_after=None
[2023-08-10T00:18:30.502+0000] {logging_mixin.py:150} INFO - [2023-08-10T00:18:30.502+0000] {dag.py:3508} INFO - Setting next_dagrun for example_subdag_operator.section-2 to None, run_after=None
[2023-08-10T00:18:30.508+0000] {processor.py:179} INFO - Processing /home/airflow/.local/lib/python3.7/site-packages/airflow/example_dags/example_subdag_operator.py took 0.063 seconds
[2023-08-10T00:19:00.575+0000] {processor.py:157} INFO - Started process (PID=1946) to work on /home/airflow/.local/lib/python3.7/site-packages/airflow/example_dags/example_subdag_operator.py
[2023-08-10T00:19:00.576+0000] {processor.py:826} INFO - Processing file /home/airflow/.local/lib/python3.7/site-packages/airflow/example_dags/example_subdag_operator.py for tasks to queue
[2023-08-10T00:19:00.577+0000] {logging_mixin.py:150} INFO - [2023-08-10T00:19:00.577+0000] {dagbag.py:541} INFO - Filling up the DagBag from /home/airflow/.local/lib/python3.7/site-packages/airflow/example_dags/example_subdag_operator.py
[2023-08-10T00:19:00.595+0000] {processor.py:836} INFO - DAG(s) dict_keys(['example_subdag_operator.section-1', 'example_subdag_operator.section-2', 'example_subdag_operator']) retrieved from /home/airflow/.local/lib/python3.7/site-packages/airflow/example_dags/example_subdag_operator.py
[2023-08-10T00:19:00.607+0000] {logging_mixin.py:150} INFO - [2023-08-10T00:19:00.607+0000] {dag.py:2742} INFO - Sync 3 DAGs
[2023-08-10T00:19:00.621+0000] {logging_mixin.py:150} INFO - [2023-08-10T00:19:00.621+0000] {dag.py:3508} INFO - Setting next_dagrun for example_subdag_operator to 2022-01-01T00:00:00+00:00, run_after=2022-01-01T00:00:00+00:00
[2023-08-10T00:19:00.623+0000] {logging_mixin.py:150} INFO - [2023-08-10T00:19:00.623+0000] {dag.py:3508} INFO - Setting next_dagrun for example_subdag_operator.section-1 to None, run_after=None
[2023-08-10T00:19:00.624+0000] {logging_mixin.py:150} INFO - [2023-08-10T00:19:00.624+0000] {dag.py:3508} INFO - Setting next_dagrun for example_subdag_operator.section-2 to None, run_after=None
[2023-08-10T00:19:00.629+0000] {logging_mixin.py:150} INFO - [2023-08-10T00:19:00.629+0000] {dag.py:2742} INFO - Sync 2 DAGs
[2023-08-10T00:19:00.632+0000] {logging_mixin.py:150} INFO - [2023-08-10T00:19:00.632+0000] {dag.py:3508} INFO - Setting next_dagrun for example_subdag_operator.section-1 to None, run_after=None
[2023-08-10T00:19:00.632+0000] {logging_mixin.py:150} INFO - [2023-08-10T00:19:00.632+0000] {dag.py:3508} INFO - Setting next_dagrun for example_subdag_operator.section-2 to None, run_after=None
[2023-08-10T00:19:00.639+0000] {processor.py:179} INFO - Processing /home/airflow/.local/lib/python3.7/site-packages/airflow/example_dags/example_subdag_operator.py took 0.066 seconds
[2023-08-10T00:19:30.799+0000] {processor.py:157} INFO - Started process (PID=2004) to work on /home/airflow/.local/lib/python3.7/site-packages/airflow/example_dags/example_subdag_operator.py
[2023-08-10T00:19:30.800+0000] {processor.py:826} INFO - Processing file /home/airflow/.local/lib/python3.7/site-packages/airflow/example_dags/example_subdag_operator.py for tasks to queue
[2023-08-10T00:19:30.801+0000] {logging_mixin.py:150} INFO - [2023-08-10T00:19:30.800+0000] {dagbag.py:541} INFO - Filling up the DagBag from /home/airflow/.local/lib/python3.7/site-packages/airflow/example_dags/example_subdag_operator.py
[2023-08-10T00:19:30.818+0000] {processor.py:836} INFO - DAG(s) dict_keys(['example_subdag_operator.section-1', 'example_subdag_operator.section-2', 'example_subdag_operator']) retrieved from /home/airflow/.local/lib/python3.7/site-packages/airflow/example_dags/example_subdag_operator.py
[2023-08-10T00:19:30.829+0000] {logging_mixin.py:150} INFO - [2023-08-10T00:19:30.829+0000] {dag.py:2742} INFO - Sync 3 DAGs
[2023-08-10T00:19:30.843+0000] {logging_mixin.py:150} INFO - [2023-08-10T00:19:30.843+0000] {dag.py:3508} INFO - Setting next_dagrun for example_subdag_operator to 2022-01-01T00:00:00+00:00, run_after=2022-01-01T00:00:00+00:00
[2023-08-10T00:19:30.845+0000] {logging_mixin.py:150} INFO - [2023-08-10T00:19:30.845+0000] {dag.py:3508} INFO - Setting next_dagrun for example_subdag_operator.section-1 to None, run_after=None
[2023-08-10T00:19:30.846+0000] {logging_mixin.py:150} INFO - [2023-08-10T00:19:30.846+0000] {dag.py:3508} INFO - Setting next_dagrun for example_subdag_operator.section-2 to None, run_after=None
[2023-08-10T00:19:30.850+0000] {logging_mixin.py:150} INFO - [2023-08-10T00:19:30.850+0000] {dag.py:2742} INFO - Sync 2 DAGs
[2023-08-10T00:19:30.853+0000] {logging_mixin.py:150} INFO - [2023-08-10T00:19:30.853+0000] {dag.py:3508} INFO - Setting next_dagrun for example_subdag_operator.section-1 to None, run_after=None
[2023-08-10T00:19:30.853+0000] {logging_mixin.py:150} INFO - [2023-08-10T00:19:30.853+0000] {dag.py:3508} INFO - Setting next_dagrun for example_subdag_operator.section-2 to None, run_after=None
[2023-08-10T00:19:30.860+0000] {processor.py:179} INFO - Processing /home/airflow/.local/lib/python3.7/site-packages/airflow/example_dags/example_subdag_operator.py took 0.064 seconds
