[2023-08-10T00:10:44.605+0000] {processor.py:157} INFO - Started process (PID=1485) to work on /home/airflow/.local/lib/python3.7/site-packages/airflow/example_dags/example_branch_day_of_week_operator.py
[2023-08-10T00:10:44.606+0000] {processor.py:826} INFO - Processing file /home/airflow/.local/lib/python3.7/site-packages/airflow/example_dags/example_branch_day_of_week_operator.py for tasks to queue
[2023-08-10T00:10:44.607+0000] {logging_mixin.py:150} INFO - [2023-08-10T00:10:44.606+0000] {dagbag.py:541} INFO - Filling up the DagBag from /home/airflow/.local/lib/python3.7/site-packages/airflow/example_dags/example_branch_day_of_week_operator.py
[2023-08-10T00:10:44.613+0000] {processor.py:836} INFO - DAG(s) dict_keys(['example_weekday_branch_operator']) retrieved from /home/airflow/.local/lib/python3.7/site-packages/airflow/example_dags/example_branch_day_of_week_operator.py
[2023-08-10T00:10:44.631+0000] {logging_mixin.py:150} INFO - [2023-08-10T00:10:44.631+0000] {dag.py:2742} INFO - Sync 1 DAGs
[2023-08-10T00:10:44.645+0000] {logging_mixin.py:150} INFO - [2023-08-10T00:10:44.645+0000] {dag.py:3508} INFO - Setting next_dagrun for example_weekday_branch_operator to 2023-08-09T00:00:00+00:00, run_after=2023-08-10T00:00:00+00:00
[2023-08-10T00:10:44.654+0000] {processor.py:179} INFO - Processing /home/airflow/.local/lib/python3.7/site-packages/airflow/example_dags/example_branch_day_of_week_operator.py took 0.052 seconds
[2023-08-10T00:15:28.846+0000] {processor.py:157} INFO - Started process (PID=1544) to work on /home/airflow/.local/lib/python3.7/site-packages/airflow/example_dags/example_branch_day_of_week_operator.py
[2023-08-10T00:15:28.847+0000] {processor.py:826} INFO - Processing file /home/airflow/.local/lib/python3.7/site-packages/airflow/example_dags/example_branch_day_of_week_operator.py for tasks to queue
[2023-08-10T00:15:28.848+0000] {logging_mixin.py:150} INFO - [2023-08-10T00:15:28.848+0000] {dagbag.py:541} INFO - Filling up the DagBag from /home/airflow/.local/lib/python3.7/site-packages/airflow/example_dags/example_branch_day_of_week_operator.py
[2023-08-10T00:15:28.854+0000] {processor.py:836} INFO - DAG(s) dict_keys(['example_weekday_branch_operator']) retrieved from /home/airflow/.local/lib/python3.7/site-packages/airflow/example_dags/example_branch_day_of_week_operator.py
[2023-08-10T00:15:28.871+0000] {logging_mixin.py:150} INFO - [2023-08-10T00:15:28.871+0000] {dag.py:2742} INFO - Sync 1 DAGs
[2023-08-10T00:15:28.886+0000] {logging_mixin.py:150} INFO - [2023-08-10T00:15:28.886+0000] {dag.py:3508} INFO - Setting next_dagrun for example_weekday_branch_operator to 2023-08-09T00:00:00+00:00, run_after=2023-08-10T00:00:00+00:00
[2023-08-10T00:15:28.895+0000] {processor.py:179} INFO - Processing /home/airflow/.local/lib/python3.7/site-packages/airflow/example_dags/example_branch_day_of_week_operator.py took 0.052 seconds
[2023-08-10T00:15:59.486+0000] {processor.py:157} INFO - Started process (PID=1603) to work on /home/airflow/.local/lib/python3.7/site-packages/airflow/example_dags/example_branch_day_of_week_operator.py
[2023-08-10T00:15:59.487+0000] {processor.py:826} INFO - Processing file /home/airflow/.local/lib/python3.7/site-packages/airflow/example_dags/example_branch_day_of_week_operator.py for tasks to queue
[2023-08-10T00:15:59.488+0000] {logging_mixin.py:150} INFO - [2023-08-10T00:15:59.488+0000] {dagbag.py:541} INFO - Filling up the DagBag from /home/airflow/.local/lib/python3.7/site-packages/airflow/example_dags/example_branch_day_of_week_operator.py
[2023-08-10T00:15:59.494+0000] {processor.py:836} INFO - DAG(s) dict_keys(['example_weekday_branch_operator']) retrieved from /home/airflow/.local/lib/python3.7/site-packages/airflow/example_dags/example_branch_day_of_week_operator.py
[2023-08-10T00:15:59.512+0000] {logging_mixin.py:150} INFO - [2023-08-10T00:15:59.512+0000] {dag.py:2742} INFO - Sync 1 DAGs
[2023-08-10T00:15:59.527+0000] {logging_mixin.py:150} INFO - [2023-08-10T00:15:59.527+0000] {dag.py:3508} INFO - Setting next_dagrun for example_weekday_branch_operator to 2023-08-09T00:00:00+00:00, run_after=2023-08-10T00:00:00+00:00
[2023-08-10T00:15:59.537+0000] {processor.py:179} INFO - Processing /home/airflow/.local/lib/python3.7/site-packages/airflow/example_dags/example_branch_day_of_week_operator.py took 0.053 seconds
[2023-08-10T00:16:29.754+0000] {processor.py:157} INFO - Started process (PID=1662) to work on /home/airflow/.local/lib/python3.7/site-packages/airflow/example_dags/example_branch_day_of_week_operator.py
[2023-08-10T00:16:29.755+0000] {processor.py:826} INFO - Processing file /home/airflow/.local/lib/python3.7/site-packages/airflow/example_dags/example_branch_day_of_week_operator.py for tasks to queue
[2023-08-10T00:16:29.756+0000] {logging_mixin.py:150} INFO - [2023-08-10T00:16:29.756+0000] {dagbag.py:541} INFO - Filling up the DagBag from /home/airflow/.local/lib/python3.7/site-packages/airflow/example_dags/example_branch_day_of_week_operator.py
[2023-08-10T00:16:29.761+0000] {processor.py:836} INFO - DAG(s) dict_keys(['example_weekday_branch_operator']) retrieved from /home/airflow/.local/lib/python3.7/site-packages/airflow/example_dags/example_branch_day_of_week_operator.py
[2023-08-10T00:16:29.779+0000] {logging_mixin.py:150} INFO - [2023-08-10T00:16:29.779+0000] {dag.py:2742} INFO - Sync 1 DAGs
[2023-08-10T00:16:29.793+0000] {logging_mixin.py:150} INFO - [2023-08-10T00:16:29.793+0000] {dag.py:3508} INFO - Setting next_dagrun for example_weekday_branch_operator to 2023-08-09T00:00:00+00:00, run_after=2023-08-10T00:00:00+00:00
[2023-08-10T00:16:29.803+0000] {processor.py:179} INFO - Processing /home/airflow/.local/lib/python3.7/site-packages/airflow/example_dags/example_branch_day_of_week_operator.py took 0.052 seconds
[2023-08-10T00:17:00.035+0000] {processor.py:157} INFO - Started process (PID=1721) to work on /home/airflow/.local/lib/python3.7/site-packages/airflow/example_dags/example_branch_day_of_week_operator.py
[2023-08-10T00:17:00.036+0000] {processor.py:826} INFO - Processing file /home/airflow/.local/lib/python3.7/site-packages/airflow/example_dags/example_branch_day_of_week_operator.py for tasks to queue
[2023-08-10T00:17:00.037+0000] {logging_mixin.py:150} INFO - [2023-08-10T00:17:00.037+0000] {dagbag.py:541} INFO - Filling up the DagBag from /home/airflow/.local/lib/python3.7/site-packages/airflow/example_dags/example_branch_day_of_week_operator.py
[2023-08-10T00:17:00.043+0000] {processor.py:836} INFO - DAG(s) dict_keys(['example_weekday_branch_operator']) retrieved from /home/airflow/.local/lib/python3.7/site-packages/airflow/example_dags/example_branch_day_of_week_operator.py
[2023-08-10T00:17:00.062+0000] {logging_mixin.py:150} INFO - [2023-08-10T00:17:00.062+0000] {dag.py:2742} INFO - Sync 1 DAGs
[2023-08-10T00:17:00.077+0000] {logging_mixin.py:150} INFO - [2023-08-10T00:17:00.077+0000] {dag.py:3508} INFO - Setting next_dagrun for example_weekday_branch_operator to 2023-08-09T00:00:00+00:00, run_after=2023-08-10T00:00:00+00:00
[2023-08-10T00:17:00.087+0000] {processor.py:179} INFO - Processing /home/airflow/.local/lib/python3.7/site-packages/airflow/example_dags/example_branch_day_of_week_operator.py took 0.056 seconds
[2023-08-10T00:17:30.343+0000] {processor.py:157} INFO - Started process (PID=1780) to work on /home/airflow/.local/lib/python3.7/site-packages/airflow/example_dags/example_branch_day_of_week_operator.py
[2023-08-10T00:17:30.344+0000] {processor.py:826} INFO - Processing file /home/airflow/.local/lib/python3.7/site-packages/airflow/example_dags/example_branch_day_of_week_operator.py for tasks to queue
[2023-08-10T00:17:30.345+0000] {logging_mixin.py:150} INFO - [2023-08-10T00:17:30.345+0000] {dagbag.py:541} INFO - Filling up the DagBag from /home/airflow/.local/lib/python3.7/site-packages/airflow/example_dags/example_branch_day_of_week_operator.py
[2023-08-10T00:17:30.350+0000] {processor.py:836} INFO - DAG(s) dict_keys(['example_weekday_branch_operator']) retrieved from /home/airflow/.local/lib/python3.7/site-packages/airflow/example_dags/example_branch_day_of_week_operator.py
[2023-08-10T00:17:30.368+0000] {logging_mixin.py:150} INFO - [2023-08-10T00:17:30.368+0000] {dag.py:2742} INFO - Sync 1 DAGs
[2023-08-10T00:17:30.383+0000] {logging_mixin.py:150} INFO - [2023-08-10T00:17:30.383+0000] {dag.py:3508} INFO - Setting next_dagrun for example_weekday_branch_operator to 2023-08-09T00:00:00+00:00, run_after=2023-08-10T00:00:00+00:00
[2023-08-10T00:17:30.392+0000] {processor.py:179} INFO - Processing /home/airflow/.local/lib/python3.7/site-packages/airflow/example_dags/example_branch_day_of_week_operator.py took 0.052 seconds
[2023-08-10T00:18:00.706+0000] {processor.py:157} INFO - Started process (PID=1839) to work on /home/airflow/.local/lib/python3.7/site-packages/airflow/example_dags/example_branch_day_of_week_operator.py
[2023-08-10T00:18:00.707+0000] {processor.py:826} INFO - Processing file /home/airflow/.local/lib/python3.7/site-packages/airflow/example_dags/example_branch_day_of_week_operator.py for tasks to queue
[2023-08-10T00:18:00.708+0000] {logging_mixin.py:150} INFO - [2023-08-10T00:18:00.707+0000] {dagbag.py:541} INFO - Filling up the DagBag from /home/airflow/.local/lib/python3.7/site-packages/airflow/example_dags/example_branch_day_of_week_operator.py
[2023-08-10T00:18:00.713+0000] {processor.py:836} INFO - DAG(s) dict_keys(['example_weekday_branch_operator']) retrieved from /home/airflow/.local/lib/python3.7/site-packages/airflow/example_dags/example_branch_day_of_week_operator.py
[2023-08-10T00:18:00.730+0000] {logging_mixin.py:150} INFO - [2023-08-10T00:18:00.730+0000] {dag.py:2742} INFO - Sync 1 DAGs
[2023-08-10T00:18:00.745+0000] {logging_mixin.py:150} INFO - [2023-08-10T00:18:00.745+0000] {dag.py:3508} INFO - Setting next_dagrun for example_weekday_branch_operator to 2023-08-09T00:00:00+00:00, run_after=2023-08-10T00:00:00+00:00
[2023-08-10T00:18:00.754+0000] {processor.py:179} INFO - Processing /home/airflow/.local/lib/python3.7/site-packages/airflow/example_dags/example_branch_day_of_week_operator.py took 0.051 seconds
[2023-08-10T00:18:30.954+0000] {processor.py:157} INFO - Started process (PID=1898) to work on /home/airflow/.local/lib/python3.7/site-packages/airflow/example_dags/example_branch_day_of_week_operator.py
[2023-08-10T00:18:30.955+0000] {processor.py:826} INFO - Processing file /home/airflow/.local/lib/python3.7/site-packages/airflow/example_dags/example_branch_day_of_week_operator.py for tasks to queue
[2023-08-10T00:18:30.955+0000] {logging_mixin.py:150} INFO - [2023-08-10T00:18:30.955+0000] {dagbag.py:541} INFO - Filling up the DagBag from /home/airflow/.local/lib/python3.7/site-packages/airflow/example_dags/example_branch_day_of_week_operator.py
[2023-08-10T00:18:30.960+0000] {processor.py:836} INFO - DAG(s) dict_keys(['example_weekday_branch_operator']) retrieved from /home/airflow/.local/lib/python3.7/site-packages/airflow/example_dags/example_branch_day_of_week_operator.py
[2023-08-10T00:18:30.978+0000] {logging_mixin.py:150} INFO - [2023-08-10T00:18:30.978+0000] {dag.py:2742} INFO - Sync 1 DAGs
[2023-08-10T00:18:30.992+0000] {logging_mixin.py:150} INFO - [2023-08-10T00:18:30.992+0000] {dag.py:3508} INFO - Setting next_dagrun for example_weekday_branch_operator to 2023-08-09T00:00:00+00:00, run_after=2023-08-10T00:00:00+00:00
[2023-08-10T00:18:31.001+0000] {processor.py:179} INFO - Processing /home/airflow/.local/lib/python3.7/site-packages/airflow/example_dags/example_branch_day_of_week_operator.py took 0.050 seconds
[2023-08-10T00:19:01.257+0000] {processor.py:157} INFO - Started process (PID=1958) to work on /home/airflow/.local/lib/python3.7/site-packages/airflow/example_dags/example_branch_day_of_week_operator.py
[2023-08-10T00:19:01.259+0000] {processor.py:826} INFO - Processing file /home/airflow/.local/lib/python3.7/site-packages/airflow/example_dags/example_branch_day_of_week_operator.py for tasks to queue
[2023-08-10T00:19:01.260+0000] {logging_mixin.py:150} INFO - [2023-08-10T00:19:01.259+0000] {dagbag.py:541} INFO - Filling up the DagBag from /home/airflow/.local/lib/python3.7/site-packages/airflow/example_dags/example_branch_day_of_week_operator.py
[2023-08-10T00:19:01.265+0000] {processor.py:836} INFO - DAG(s) dict_keys(['example_weekday_branch_operator']) retrieved from /home/airflow/.local/lib/python3.7/site-packages/airflow/example_dags/example_branch_day_of_week_operator.py
[2023-08-10T00:19:01.284+0000] {logging_mixin.py:150} INFO - [2023-08-10T00:19:01.284+0000] {dag.py:2742} INFO - Sync 1 DAGs
[2023-08-10T00:19:01.299+0000] {logging_mixin.py:150} INFO - [2023-08-10T00:19:01.299+0000] {dag.py:3508} INFO - Setting next_dagrun for example_weekday_branch_operator to 2023-08-09T00:00:00+00:00, run_after=2023-08-10T00:00:00+00:00
[2023-08-10T00:19:01.309+0000] {processor.py:179} INFO - Processing /home/airflow/.local/lib/python3.7/site-packages/airflow/example_dags/example_branch_day_of_week_operator.py took 0.054 seconds
[2023-08-10T00:19:31.512+0000] {processor.py:157} INFO - Started process (PID=2017) to work on /home/airflow/.local/lib/python3.7/site-packages/airflow/example_dags/example_branch_day_of_week_operator.py
[2023-08-10T00:19:31.513+0000] {processor.py:826} INFO - Processing file /home/airflow/.local/lib/python3.7/site-packages/airflow/example_dags/example_branch_day_of_week_operator.py for tasks to queue
[2023-08-10T00:19:31.513+0000] {logging_mixin.py:150} INFO - [2023-08-10T00:19:31.513+0000] {dagbag.py:541} INFO - Filling up the DagBag from /home/airflow/.local/lib/python3.7/site-packages/airflow/example_dags/example_branch_day_of_week_operator.py
[2023-08-10T00:19:31.519+0000] {processor.py:836} INFO - DAG(s) dict_keys(['example_weekday_branch_operator']) retrieved from /home/airflow/.local/lib/python3.7/site-packages/airflow/example_dags/example_branch_day_of_week_operator.py
[2023-08-10T00:19:31.537+0000] {logging_mixin.py:150} INFO - [2023-08-10T00:19:31.537+0000] {dag.py:2742} INFO - Sync 1 DAGs
[2023-08-10T00:19:31.552+0000] {logging_mixin.py:150} INFO - [2023-08-10T00:19:31.552+0000] {dag.py:3508} INFO - Setting next_dagrun for example_weekday_branch_operator to 2023-08-09T00:00:00+00:00, run_after=2023-08-10T00:00:00+00:00
[2023-08-10T00:19:31.562+0000] {processor.py:179} INFO - Processing /home/airflow/.local/lib/python3.7/site-packages/airflow/example_dags/example_branch_day_of_week_operator.py took 0.053 seconds
