[2023-08-10T00:10:42.600+0000] {processor.py:157} INFO - Started process (PID=1452) to work on /home/airflow/.local/lib/python3.7/site-packages/airflow/example_dags/example_datasets.py
[2023-08-10T00:10:42.602+0000] {processor.py:826} INFO - Processing file /home/airflow/.local/lib/python3.7/site-packages/airflow/example_dags/example_datasets.py for tasks to queue
[2023-08-10T00:10:42.604+0000] {logging_mixin.py:150} INFO - [2023-08-10T00:10:42.603+0000] {dagbag.py:541} INFO - Filling up the DagBag from /home/airflow/.local/lib/python3.7/site-packages/airflow/example_dags/example_datasets.py
[2023-08-10T00:10:42.617+0000] {processor.py:836} INFO - DAG(s) dict_keys(['dataset_produces_2', 'dataset_consumes_1_never_scheduled', 'dataset_produces_1', 'dataset_consumes_unknown_never_scheduled', 'dataset_consumes_1_and_2', 'dataset_consumes_1']) retrieved from /home/airflow/.local/lib/python3.7/site-packages/airflow/example_dags/example_datasets.py
[2023-08-10T00:10:42.651+0000] {logging_mixin.py:150} INFO - [2023-08-10T00:10:42.651+0000] {dag.py:2742} INFO - Sync 6 DAGs
[2023-08-10T00:10:42.673+0000] {logging_mixin.py:150} INFO - [2023-08-10T00:10:42.673+0000] {dag.py:3508} INFO - Setting next_dagrun for dataset_consumes_1 to None, run_after=None
[2023-08-10T00:10:42.675+0000] {logging_mixin.py:150} INFO - [2023-08-10T00:10:42.675+0000] {dag.py:3508} INFO - Setting next_dagrun for dataset_consumes_1_and_2 to None, run_after=None
[2023-08-10T00:10:42.676+0000] {logging_mixin.py:150} INFO - [2023-08-10T00:10:42.676+0000] {dag.py:3508} INFO - Setting next_dagrun for dataset_consumes_1_never_scheduled to None, run_after=None
[2023-08-10T00:10:42.677+0000] {logging_mixin.py:150} INFO - [2023-08-10T00:10:42.677+0000] {dag.py:3508} INFO - Setting next_dagrun for dataset_consumes_unknown_never_scheduled to None, run_after=None
[2023-08-10T00:10:42.679+0000] {logging_mixin.py:150} INFO - [2023-08-10T00:10:42.679+0000] {dag.py:3508} INFO - Setting next_dagrun for dataset_produces_1 to 2023-08-09T00:00:00+00:00, run_after=2023-08-10T00:00:00+00:00
[2023-08-10T00:10:42.681+0000] {logging_mixin.py:150} INFO - [2023-08-10T00:10:42.681+0000] {dag.py:3508} INFO - Setting next_dagrun for dataset_produces_2 to None, run_after=None
[2023-08-10T00:10:42.710+0000] {processor.py:179} INFO - Processing /home/airflow/.local/lib/python3.7/site-packages/airflow/example_dags/example_datasets.py took 0.114 seconds
[2023-08-10T00:15:26.915+0000] {processor.py:157} INFO - Started process (PID=1511) to work on /home/airflow/.local/lib/python3.7/site-packages/airflow/example_dags/example_datasets.py
[2023-08-10T00:15:26.917+0000] {processor.py:826} INFO - Processing file /home/airflow/.local/lib/python3.7/site-packages/airflow/example_dags/example_datasets.py for tasks to queue
[2023-08-10T00:15:26.919+0000] {logging_mixin.py:150} INFO - [2023-08-10T00:15:26.919+0000] {dagbag.py:541} INFO - Filling up the DagBag from /home/airflow/.local/lib/python3.7/site-packages/airflow/example_dags/example_datasets.py
[2023-08-10T00:15:26.942+0000] {processor.py:836} INFO - DAG(s) dict_keys(['dataset_consumes_1', 'dataset_consumes_unknown_never_scheduled', 'dataset_consumes_1_and_2', 'dataset_consumes_1_never_scheduled', 'dataset_produces_1', 'dataset_produces_2']) retrieved from /home/airflow/.local/lib/python3.7/site-packages/airflow/example_dags/example_datasets.py
[2023-08-10T00:15:26.992+0000] {logging_mixin.py:150} INFO - [2023-08-10T00:15:26.992+0000] {dag.py:2742} INFO - Sync 6 DAGs
[2023-08-10T00:15:27.014+0000] {logging_mixin.py:150} INFO - [2023-08-10T00:15:27.013+0000] {dag.py:3508} INFO - Setting next_dagrun for dataset_consumes_1 to None, run_after=None
[2023-08-10T00:15:27.017+0000] {logging_mixin.py:150} INFO - [2023-08-10T00:15:27.017+0000] {dag.py:3508} INFO - Setting next_dagrun for dataset_consumes_1_and_2 to None, run_after=None
[2023-08-10T00:15:27.018+0000] {logging_mixin.py:150} INFO - [2023-08-10T00:15:27.018+0000] {dag.py:3508} INFO - Setting next_dagrun for dataset_consumes_1_never_scheduled to None, run_after=None
[2023-08-10T00:15:27.019+0000] {logging_mixin.py:150} INFO - [2023-08-10T00:15:27.019+0000] {dag.py:3508} INFO - Setting next_dagrun for dataset_consumes_unknown_never_scheduled to None, run_after=None
[2023-08-10T00:15:27.021+0000] {logging_mixin.py:150} INFO - [2023-08-10T00:15:27.021+0000] {dag.py:3508} INFO - Setting next_dagrun for dataset_produces_1 to 2023-08-09T00:00:00+00:00, run_after=2023-08-10T00:00:00+00:00
[2023-08-10T00:15:27.022+0000] {logging_mixin.py:150} INFO - [2023-08-10T00:15:27.022+0000] {dag.py:3508} INFO - Setting next_dagrun for dataset_produces_2 to None, run_after=None
[2023-08-10T00:15:27.051+0000] {processor.py:179} INFO - Processing /home/airflow/.local/lib/python3.7/site-packages/airflow/example_dags/example_datasets.py took 0.148 seconds
[2023-08-10T00:15:57.093+0000] {processor.py:157} INFO - Started process (PID=1570) to work on /home/airflow/.local/lib/python3.7/site-packages/airflow/example_dags/example_datasets.py
[2023-08-10T00:15:57.094+0000] {processor.py:826} INFO - Processing file /home/airflow/.local/lib/python3.7/site-packages/airflow/example_dags/example_datasets.py for tasks to queue
[2023-08-10T00:15:57.095+0000] {logging_mixin.py:150} INFO - [2023-08-10T00:15:57.095+0000] {dagbag.py:541} INFO - Filling up the DagBag from /home/airflow/.local/lib/python3.7/site-packages/airflow/example_dags/example_datasets.py
[2023-08-10T00:15:57.102+0000] {processor.py:836} INFO - DAG(s) dict_keys(['dataset_consumes_1', 'dataset_produces_2', 'dataset_consumes_1_never_scheduled', 'dataset_consumes_1_and_2', 'dataset_consumes_unknown_never_scheduled', 'dataset_produces_1']) retrieved from /home/airflow/.local/lib/python3.7/site-packages/airflow/example_dags/example_datasets.py
[2023-08-10T00:15:57.125+0000] {logging_mixin.py:150} INFO - [2023-08-10T00:15:57.125+0000] {dag.py:2742} INFO - Sync 6 DAGs
[2023-08-10T00:15:57.141+0000] {logging_mixin.py:150} INFO - [2023-08-10T00:15:57.141+0000] {dag.py:3508} INFO - Setting next_dagrun for dataset_consumes_1 to None, run_after=None
[2023-08-10T00:15:57.143+0000] {logging_mixin.py:150} INFO - [2023-08-10T00:15:57.143+0000] {dag.py:3508} INFO - Setting next_dagrun for dataset_consumes_1_and_2 to None, run_after=None
[2023-08-10T00:15:57.144+0000] {logging_mixin.py:150} INFO - [2023-08-10T00:15:57.144+0000] {dag.py:3508} INFO - Setting next_dagrun for dataset_consumes_1_never_scheduled to None, run_after=None
[2023-08-10T00:15:57.145+0000] {logging_mixin.py:150} INFO - [2023-08-10T00:15:57.144+0000] {dag.py:3508} INFO - Setting next_dagrun for dataset_consumes_unknown_never_scheduled to None, run_after=None
[2023-08-10T00:15:57.146+0000] {logging_mixin.py:150} INFO - [2023-08-10T00:15:57.146+0000] {dag.py:3508} INFO - Setting next_dagrun for dataset_produces_1 to 2023-08-09T00:00:00+00:00, run_after=2023-08-10T00:00:00+00:00
[2023-08-10T00:15:57.147+0000] {logging_mixin.py:150} INFO - [2023-08-10T00:15:57.147+0000] {dag.py:3508} INFO - Setting next_dagrun for dataset_produces_2 to None, run_after=None
[2023-08-10T00:15:57.163+0000] {processor.py:179} INFO - Processing /home/airflow/.local/lib/python3.7/site-packages/airflow/example_dags/example_datasets.py took 0.073 seconds
[2023-08-10T00:16:27.232+0000] {processor.py:157} INFO - Started process (PID=1629) to work on /home/airflow/.local/lib/python3.7/site-packages/airflow/example_dags/example_datasets.py
[2023-08-10T00:16:27.233+0000] {processor.py:826} INFO - Processing file /home/airflow/.local/lib/python3.7/site-packages/airflow/example_dags/example_datasets.py for tasks to queue
[2023-08-10T00:16:27.234+0000] {logging_mixin.py:150} INFO - [2023-08-10T00:16:27.234+0000] {dagbag.py:541} INFO - Filling up the DagBag from /home/airflow/.local/lib/python3.7/site-packages/airflow/example_dags/example_datasets.py
[2023-08-10T00:16:27.240+0000] {processor.py:836} INFO - DAG(s) dict_keys(['dataset_consumes_1_and_2', 'dataset_consumes_1_never_scheduled', 'dataset_produces_1', 'dataset_consumes_1', 'dataset_consumes_unknown_never_scheduled', 'dataset_produces_2']) retrieved from /home/airflow/.local/lib/python3.7/site-packages/airflow/example_dags/example_datasets.py
[2023-08-10T00:16:27.265+0000] {logging_mixin.py:150} INFO - [2023-08-10T00:16:27.264+0000] {dag.py:2742} INFO - Sync 6 DAGs
[2023-08-10T00:16:27.279+0000] {logging_mixin.py:150} INFO - [2023-08-10T00:16:27.279+0000] {dag.py:3508} INFO - Setting next_dagrun for dataset_consumes_1 to None, run_after=None
[2023-08-10T00:16:27.281+0000] {logging_mixin.py:150} INFO - [2023-08-10T00:16:27.281+0000] {dag.py:3508} INFO - Setting next_dagrun for dataset_consumes_1_and_2 to None, run_after=None
[2023-08-10T00:16:27.282+0000] {logging_mixin.py:150} INFO - [2023-08-10T00:16:27.282+0000] {dag.py:3508} INFO - Setting next_dagrun for dataset_consumes_1_never_scheduled to None, run_after=None
[2023-08-10T00:16:27.283+0000] {logging_mixin.py:150} INFO - [2023-08-10T00:16:27.283+0000] {dag.py:3508} INFO - Setting next_dagrun for dataset_consumes_unknown_never_scheduled to None, run_after=None
[2023-08-10T00:16:27.285+0000] {logging_mixin.py:150} INFO - [2023-08-10T00:16:27.285+0000] {dag.py:3508} INFO - Setting next_dagrun for dataset_produces_1 to 2023-08-09T00:00:00+00:00, run_after=2023-08-10T00:00:00+00:00
[2023-08-10T00:16:27.286+0000] {logging_mixin.py:150} INFO - [2023-08-10T00:16:27.286+0000] {dag.py:3508} INFO - Setting next_dagrun for dataset_produces_2 to None, run_after=None
[2023-08-10T00:16:27.302+0000] {processor.py:179} INFO - Processing /home/airflow/.local/lib/python3.7/site-packages/airflow/example_dags/example_datasets.py took 0.073 seconds
[2023-08-10T00:16:57.571+0000] {processor.py:157} INFO - Started process (PID=1688) to work on /home/airflow/.local/lib/python3.7/site-packages/airflow/example_dags/example_datasets.py
[2023-08-10T00:16:57.572+0000] {processor.py:826} INFO - Processing file /home/airflow/.local/lib/python3.7/site-packages/airflow/example_dags/example_datasets.py for tasks to queue
[2023-08-10T00:16:57.573+0000] {logging_mixin.py:150} INFO - [2023-08-10T00:16:57.573+0000] {dagbag.py:541} INFO - Filling up the DagBag from /home/airflow/.local/lib/python3.7/site-packages/airflow/example_dags/example_datasets.py
[2023-08-10T00:16:57.579+0000] {processor.py:836} INFO - DAG(s) dict_keys(['dataset_produces_1', 'dataset_consumes_1_never_scheduled', 'dataset_consumes_1', 'dataset_produces_2', 'dataset_consumes_unknown_never_scheduled', 'dataset_consumes_1_and_2']) retrieved from /home/airflow/.local/lib/python3.7/site-packages/airflow/example_dags/example_datasets.py
[2023-08-10T00:16:57.604+0000] {logging_mixin.py:150} INFO - [2023-08-10T00:16:57.604+0000] {dag.py:2742} INFO - Sync 6 DAGs
[2023-08-10T00:16:57.619+0000] {logging_mixin.py:150} INFO - [2023-08-10T00:16:57.619+0000] {dag.py:3508} INFO - Setting next_dagrun for dataset_consumes_1 to None, run_after=None
[2023-08-10T00:16:57.621+0000] {logging_mixin.py:150} INFO - [2023-08-10T00:16:57.621+0000] {dag.py:3508} INFO - Setting next_dagrun for dataset_consumes_1_and_2 to None, run_after=None
[2023-08-10T00:16:57.622+0000] {logging_mixin.py:150} INFO - [2023-08-10T00:16:57.622+0000] {dag.py:3508} INFO - Setting next_dagrun for dataset_consumes_1_never_scheduled to None, run_after=None
[2023-08-10T00:16:57.623+0000] {logging_mixin.py:150} INFO - [2023-08-10T00:16:57.623+0000] {dag.py:3508} INFO - Setting next_dagrun for dataset_consumes_unknown_never_scheduled to None, run_after=None
[2023-08-10T00:16:57.625+0000] {logging_mixin.py:150} INFO - [2023-08-10T00:16:57.625+0000] {dag.py:3508} INFO - Setting next_dagrun for dataset_produces_1 to 2023-08-09T00:00:00+00:00, run_after=2023-08-10T00:00:00+00:00
[2023-08-10T00:16:57.626+0000] {logging_mixin.py:150} INFO - [2023-08-10T00:16:57.626+0000] {dag.py:3508} INFO - Setting next_dagrun for dataset_produces_2 to None, run_after=None
[2023-08-10T00:16:57.642+0000] {processor.py:179} INFO - Processing /home/airflow/.local/lib/python3.7/site-packages/airflow/example_dags/example_datasets.py took 0.074 seconds
[2023-08-10T00:17:27.838+0000] {processor.py:157} INFO - Started process (PID=1747) to work on /home/airflow/.local/lib/python3.7/site-packages/airflow/example_dags/example_datasets.py
[2023-08-10T00:17:27.839+0000] {processor.py:826} INFO - Processing file /home/airflow/.local/lib/python3.7/site-packages/airflow/example_dags/example_datasets.py for tasks to queue
[2023-08-10T00:17:27.840+0000] {logging_mixin.py:150} INFO - [2023-08-10T00:17:27.840+0000] {dagbag.py:541} INFO - Filling up the DagBag from /home/airflow/.local/lib/python3.7/site-packages/airflow/example_dags/example_datasets.py
[2023-08-10T00:17:27.846+0000] {processor.py:836} INFO - DAG(s) dict_keys(['dataset_consumes_1', 'dataset_consumes_1_never_scheduled', 'dataset_consumes_1_and_2', 'dataset_produces_2', 'dataset_consumes_unknown_never_scheduled', 'dataset_produces_1']) retrieved from /home/airflow/.local/lib/python3.7/site-packages/airflow/example_dags/example_datasets.py
[2023-08-10T00:17:27.871+0000] {logging_mixin.py:150} INFO - [2023-08-10T00:17:27.871+0000] {dag.py:2742} INFO - Sync 6 DAGs
[2023-08-10T00:17:27.885+0000] {logging_mixin.py:150} INFO - [2023-08-10T00:17:27.885+0000] {dag.py:3508} INFO - Setting next_dagrun for dataset_consumes_1 to None, run_after=None
[2023-08-10T00:17:27.888+0000] {logging_mixin.py:150} INFO - [2023-08-10T00:17:27.888+0000] {dag.py:3508} INFO - Setting next_dagrun for dataset_consumes_1_and_2 to None, run_after=None
[2023-08-10T00:17:27.889+0000] {logging_mixin.py:150} INFO - [2023-08-10T00:17:27.888+0000] {dag.py:3508} INFO - Setting next_dagrun for dataset_consumes_1_never_scheduled to None, run_after=None
[2023-08-10T00:17:27.890+0000] {logging_mixin.py:150} INFO - [2023-08-10T00:17:27.889+0000] {dag.py:3508} INFO - Setting next_dagrun for dataset_consumes_unknown_never_scheduled to None, run_after=None
[2023-08-10T00:17:27.891+0000] {logging_mixin.py:150} INFO - [2023-08-10T00:17:27.891+0000] {dag.py:3508} INFO - Setting next_dagrun for dataset_produces_1 to 2023-08-09T00:00:00+00:00, run_after=2023-08-10T00:00:00+00:00
[2023-08-10T00:17:27.892+0000] {logging_mixin.py:150} INFO - [2023-08-10T00:17:27.892+0000] {dag.py:3508} INFO - Setting next_dagrun for dataset_produces_2 to None, run_after=None
[2023-08-10T00:17:27.907+0000] {processor.py:179} INFO - Processing /home/airflow/.local/lib/python3.7/site-packages/airflow/example_dags/example_datasets.py took 0.072 seconds
[2023-08-10T00:17:58.088+0000] {processor.py:157} INFO - Started process (PID=1806) to work on /home/airflow/.local/lib/python3.7/site-packages/airflow/example_dags/example_datasets.py
[2023-08-10T00:17:58.090+0000] {processor.py:826} INFO - Processing file /home/airflow/.local/lib/python3.7/site-packages/airflow/example_dags/example_datasets.py for tasks to queue
[2023-08-10T00:17:58.091+0000] {logging_mixin.py:150} INFO - [2023-08-10T00:17:58.090+0000] {dagbag.py:541} INFO - Filling up the DagBag from /home/airflow/.local/lib/python3.7/site-packages/airflow/example_dags/example_datasets.py
[2023-08-10T00:17:58.097+0000] {processor.py:836} INFO - DAG(s) dict_keys(['dataset_produces_1', 'dataset_consumes_1', 'dataset_consumes_1_and_2', 'dataset_produces_2', 'dataset_consumes_1_never_scheduled', 'dataset_consumes_unknown_never_scheduled']) retrieved from /home/airflow/.local/lib/python3.7/site-packages/airflow/example_dags/example_datasets.py
[2023-08-10T00:17:58.122+0000] {logging_mixin.py:150} INFO - [2023-08-10T00:17:58.122+0000] {dag.py:2742} INFO - Sync 6 DAGs
[2023-08-10T00:17:58.138+0000] {logging_mixin.py:150} INFO - [2023-08-10T00:17:58.137+0000] {dag.py:3508} INFO - Setting next_dagrun for dataset_consumes_1 to None, run_after=None
[2023-08-10T00:17:58.140+0000] {logging_mixin.py:150} INFO - [2023-08-10T00:17:58.139+0000] {dag.py:3508} INFO - Setting next_dagrun for dataset_consumes_1_and_2 to None, run_after=None
[2023-08-10T00:17:58.140+0000] {logging_mixin.py:150} INFO - [2023-08-10T00:17:58.140+0000] {dag.py:3508} INFO - Setting next_dagrun for dataset_consumes_1_never_scheduled to None, run_after=None
[2023-08-10T00:17:58.141+0000] {logging_mixin.py:150} INFO - [2023-08-10T00:17:58.141+0000] {dag.py:3508} INFO - Setting next_dagrun for dataset_consumes_unknown_never_scheduled to None, run_after=None
[2023-08-10T00:17:58.144+0000] {logging_mixin.py:150} INFO - [2023-08-10T00:17:58.144+0000] {dag.py:3508} INFO - Setting next_dagrun for dataset_produces_1 to 2023-08-09T00:00:00+00:00, run_after=2023-08-10T00:00:00+00:00
[2023-08-10T00:17:58.145+0000] {logging_mixin.py:150} INFO - [2023-08-10T00:17:58.145+0000] {dag.py:3508} INFO - Setting next_dagrun for dataset_produces_2 to None, run_after=None
[2023-08-10T00:17:58.162+0000] {processor.py:179} INFO - Processing /home/airflow/.local/lib/python3.7/site-packages/airflow/example_dags/example_datasets.py took 0.077 seconds
[2023-08-10T00:18:28.454+0000] {processor.py:157} INFO - Started process (PID=1865) to work on /home/airflow/.local/lib/python3.7/site-packages/airflow/example_dags/example_datasets.py
[2023-08-10T00:18:28.455+0000] {processor.py:826} INFO - Processing file /home/airflow/.local/lib/python3.7/site-packages/airflow/example_dags/example_datasets.py for tasks to queue
[2023-08-10T00:18:28.456+0000] {logging_mixin.py:150} INFO - [2023-08-10T00:18:28.456+0000] {dagbag.py:541} INFO - Filling up the DagBag from /home/airflow/.local/lib/python3.7/site-packages/airflow/example_dags/example_datasets.py
[2023-08-10T00:18:28.462+0000] {processor.py:836} INFO - DAG(s) dict_keys(['dataset_consumes_unknown_never_scheduled', 'dataset_consumes_1_and_2', 'dataset_consumes_1_never_scheduled', 'dataset_produces_2', 'dataset_produces_1', 'dataset_consumes_1']) retrieved from /home/airflow/.local/lib/python3.7/site-packages/airflow/example_dags/example_datasets.py
[2023-08-10T00:18:28.486+0000] {logging_mixin.py:150} INFO - [2023-08-10T00:18:28.486+0000] {dag.py:2742} INFO - Sync 6 DAGs
[2023-08-10T00:18:28.501+0000] {logging_mixin.py:150} INFO - [2023-08-10T00:18:28.501+0000] {dag.py:3508} INFO - Setting next_dagrun for dataset_consumes_1 to None, run_after=None
[2023-08-10T00:18:28.503+0000] {logging_mixin.py:150} INFO - [2023-08-10T00:18:28.503+0000] {dag.py:3508} INFO - Setting next_dagrun for dataset_consumes_1_and_2 to None, run_after=None
[2023-08-10T00:18:28.504+0000] {logging_mixin.py:150} INFO - [2023-08-10T00:18:28.504+0000] {dag.py:3508} INFO - Setting next_dagrun for dataset_consumes_1_never_scheduled to None, run_after=None
[2023-08-10T00:18:28.505+0000] {logging_mixin.py:150} INFO - [2023-08-10T00:18:28.505+0000] {dag.py:3508} INFO - Setting next_dagrun for dataset_consumes_unknown_never_scheduled to None, run_after=None
[2023-08-10T00:18:28.507+0000] {logging_mixin.py:150} INFO - [2023-08-10T00:18:28.507+0000] {dag.py:3508} INFO - Setting next_dagrun for dataset_produces_1 to 2023-08-09T00:00:00+00:00, run_after=2023-08-10T00:00:00+00:00
[2023-08-10T00:18:28.508+0000] {logging_mixin.py:150} INFO - [2023-08-10T00:18:28.508+0000] {dag.py:3508} INFO - Setting next_dagrun for dataset_produces_2 to None, run_after=None
[2023-08-10T00:18:28.523+0000] {processor.py:179} INFO - Processing /home/airflow/.local/lib/python3.7/site-packages/airflow/example_dags/example_datasets.py took 0.072 seconds
[2023-08-10T00:18:58.760+0000] {processor.py:157} INFO - Started process (PID=1925) to work on /home/airflow/.local/lib/python3.7/site-packages/airflow/example_dags/example_datasets.py
[2023-08-10T00:18:58.761+0000] {processor.py:826} INFO - Processing file /home/airflow/.local/lib/python3.7/site-packages/airflow/example_dags/example_datasets.py for tasks to queue
[2023-08-10T00:18:58.762+0000] {logging_mixin.py:150} INFO - [2023-08-10T00:18:58.761+0000] {dagbag.py:541} INFO - Filling up the DagBag from /home/airflow/.local/lib/python3.7/site-packages/airflow/example_dags/example_datasets.py
[2023-08-10T00:18:58.768+0000] {processor.py:836} INFO - DAG(s) dict_keys(['dataset_consumes_unknown_never_scheduled', 'dataset_consumes_1_and_2', 'dataset_produces_1', 'dataset_consumes_1_never_scheduled', 'dataset_produces_2', 'dataset_consumes_1']) retrieved from /home/airflow/.local/lib/python3.7/site-packages/airflow/example_dags/example_datasets.py
[2023-08-10T00:18:58.792+0000] {logging_mixin.py:150} INFO - [2023-08-10T00:18:58.792+0000] {dag.py:2742} INFO - Sync 6 DAGs
[2023-08-10T00:18:58.807+0000] {logging_mixin.py:150} INFO - [2023-08-10T00:18:58.807+0000] {dag.py:3508} INFO - Setting next_dagrun for dataset_consumes_1 to None, run_after=None
[2023-08-10T00:18:58.809+0000] {logging_mixin.py:150} INFO - [2023-08-10T00:18:58.809+0000] {dag.py:3508} INFO - Setting next_dagrun for dataset_consumes_1_and_2 to None, run_after=None
[2023-08-10T00:18:58.810+0000] {logging_mixin.py:150} INFO - [2023-08-10T00:18:58.810+0000] {dag.py:3508} INFO - Setting next_dagrun for dataset_consumes_1_never_scheduled to None, run_after=None
[2023-08-10T00:18:58.811+0000] {logging_mixin.py:150} INFO - [2023-08-10T00:18:58.811+0000] {dag.py:3508} INFO - Setting next_dagrun for dataset_consumes_unknown_never_scheduled to None, run_after=None
[2023-08-10T00:18:58.813+0000] {logging_mixin.py:150} INFO - [2023-08-10T00:18:58.813+0000] {dag.py:3508} INFO - Setting next_dagrun for dataset_produces_1 to 2023-08-09T00:00:00+00:00, run_after=2023-08-10T00:00:00+00:00
[2023-08-10T00:18:58.814+0000] {logging_mixin.py:150} INFO - [2023-08-10T00:18:58.814+0000] {dag.py:3508} INFO - Setting next_dagrun for dataset_produces_2 to None, run_after=None
[2023-08-10T00:18:58.831+0000] {processor.py:179} INFO - Processing /home/airflow/.local/lib/python3.7/site-packages/airflow/example_dags/example_datasets.py took 0.074 seconds
[2023-08-10T00:19:29.036+0000] {processor.py:157} INFO - Started process (PID=1984) to work on /home/airflow/.local/lib/python3.7/site-packages/airflow/example_dags/example_datasets.py
[2023-08-10T00:19:29.036+0000] {processor.py:826} INFO - Processing file /home/airflow/.local/lib/python3.7/site-packages/airflow/example_dags/example_datasets.py for tasks to queue
[2023-08-10T00:19:29.038+0000] {logging_mixin.py:150} INFO - [2023-08-10T00:19:29.037+0000] {dagbag.py:541} INFO - Filling up the DagBag from /home/airflow/.local/lib/python3.7/site-packages/airflow/example_dags/example_datasets.py
[2023-08-10T00:19:29.044+0000] {processor.py:836} INFO - DAG(s) dict_keys(['dataset_consumes_1_and_2', 'dataset_consumes_1_never_scheduled', 'dataset_consumes_1', 'dataset_produces_1', 'dataset_produces_2', 'dataset_consumes_unknown_never_scheduled']) retrieved from /home/airflow/.local/lib/python3.7/site-packages/airflow/example_dags/example_datasets.py
[2023-08-10T00:19:29.070+0000] {logging_mixin.py:150} INFO - [2023-08-10T00:19:29.070+0000] {dag.py:2742} INFO - Sync 6 DAGs
[2023-08-10T00:19:29.085+0000] {logging_mixin.py:150} INFO - [2023-08-10T00:19:29.085+0000] {dag.py:3508} INFO - Setting next_dagrun for dataset_consumes_1 to None, run_after=None
[2023-08-10T00:19:29.087+0000] {logging_mixin.py:150} INFO - [2023-08-10T00:19:29.087+0000] {dag.py:3508} INFO - Setting next_dagrun for dataset_consumes_1_and_2 to None, run_after=None
[2023-08-10T00:19:29.089+0000] {logging_mixin.py:150} INFO - [2023-08-10T00:19:29.088+0000] {dag.py:3508} INFO - Setting next_dagrun for dataset_consumes_1_never_scheduled to None, run_after=None
[2023-08-10T00:19:29.090+0000] {logging_mixin.py:150} INFO - [2023-08-10T00:19:29.089+0000] {dag.py:3508} INFO - Setting next_dagrun for dataset_consumes_unknown_never_scheduled to None, run_after=None
[2023-08-10T00:19:29.091+0000] {logging_mixin.py:150} INFO - [2023-08-10T00:19:29.091+0000] {dag.py:3508} INFO - Setting next_dagrun for dataset_produces_1 to 2023-08-09T00:00:00+00:00, run_after=2023-08-10T00:00:00+00:00
[2023-08-10T00:19:29.092+0000] {logging_mixin.py:150} INFO - [2023-08-10T00:19:29.092+0000] {dag.py:3508} INFO - Setting next_dagrun for dataset_produces_2 to None, run_after=None
[2023-08-10T00:19:29.109+0000] {processor.py:179} INFO - Processing /home/airflow/.local/lib/python3.7/site-packages/airflow/example_dags/example_datasets.py took 0.076 seconds
