[2023-08-10T00:10:44.003+0000] {processor.py:157} INFO - Started process (PID=1473) to work on /home/airflow/.local/lib/python3.7/site-packages/airflow/example_dags/example_latest_only_with_trigger.py
[2023-08-10T00:10:44.004+0000] {processor.py:826} INFO - Processing file /home/airflow/.local/lib/python3.7/site-packages/airflow/example_dags/example_latest_only_with_trigger.py for tasks to queue
[2023-08-10T00:10:44.005+0000] {logging_mixin.py:150} INFO - [2023-08-10T00:10:44.004+0000] {dagbag.py:541} INFO - Filling up the DagBag from /home/airflow/.local/lib/python3.7/site-packages/airflow/example_dags/example_latest_only_with_trigger.py
[2023-08-10T00:10:44.010+0000] {processor.py:836} INFO - DAG(s) dict_keys(['latest_only_with_trigger']) retrieved from /home/airflow/.local/lib/python3.7/site-packages/airflow/example_dags/example_latest_only_with_trigger.py
[2023-08-10T00:10:44.027+0000] {logging_mixin.py:150} INFO - [2023-08-10T00:10:44.027+0000] {dag.py:2742} INFO - Sync 1 DAGs
[2023-08-10T00:10:44.041+0000] {logging_mixin.py:150} INFO - [2023-08-10T00:10:44.041+0000] {dag.py:3508} INFO - Setting next_dagrun for latest_only_with_trigger to 2023-08-09T20:10:44.041479+00:00, run_after=2023-08-10T00:10:44.041479+00:00
[2023-08-10T00:10:44.051+0000] {processor.py:179} INFO - Processing /home/airflow/.local/lib/python3.7/site-packages/airflow/example_dags/example_latest_only_with_trigger.py took 0.051 seconds
[2023-08-10T00:15:28.278+0000] {processor.py:157} INFO - Started process (PID=1532) to work on /home/airflow/.local/lib/python3.7/site-packages/airflow/example_dags/example_latest_only_with_trigger.py
[2023-08-10T00:15:28.279+0000] {processor.py:826} INFO - Processing file /home/airflow/.local/lib/python3.7/site-packages/airflow/example_dags/example_latest_only_with_trigger.py for tasks to queue
[2023-08-10T00:15:28.280+0000] {logging_mixin.py:150} INFO - [2023-08-10T00:15:28.279+0000] {dagbag.py:541} INFO - Filling up the DagBag from /home/airflow/.local/lib/python3.7/site-packages/airflow/example_dags/example_latest_only_with_trigger.py
[2023-08-10T00:15:28.285+0000] {processor.py:836} INFO - DAG(s) dict_keys(['latest_only_with_trigger']) retrieved from /home/airflow/.local/lib/python3.7/site-packages/airflow/example_dags/example_latest_only_with_trigger.py
[2023-08-10T00:15:28.302+0000] {logging_mixin.py:150} INFO - [2023-08-10T00:15:28.302+0000] {dag.py:2742} INFO - Sync 1 DAGs
[2023-08-10T00:15:28.316+0000] {logging_mixin.py:150} INFO - [2023-08-10T00:15:28.316+0000] {dag.py:3508} INFO - Setting next_dagrun for latest_only_with_trigger to 2023-08-09T20:15:28.316541+00:00, run_after=2023-08-10T00:15:28.316541+00:00
[2023-08-10T00:15:28.326+0000] {processor.py:179} INFO - Processing /home/airflow/.local/lib/python3.7/site-packages/airflow/example_dags/example_latest_only_with_trigger.py took 0.051 seconds
[2023-08-10T00:15:58.979+0000] {processor.py:157} INFO - Started process (PID=1591) to work on /home/airflow/.local/lib/python3.7/site-packages/airflow/example_dags/example_latest_only_with_trigger.py
[2023-08-10T00:15:58.980+0000] {processor.py:826} INFO - Processing file /home/airflow/.local/lib/python3.7/site-packages/airflow/example_dags/example_latest_only_with_trigger.py for tasks to queue
[2023-08-10T00:15:58.981+0000] {logging_mixin.py:150} INFO - [2023-08-10T00:15:58.981+0000] {dagbag.py:541} INFO - Filling up the DagBag from /home/airflow/.local/lib/python3.7/site-packages/airflow/example_dags/example_latest_only_with_trigger.py
[2023-08-10T00:15:58.987+0000] {processor.py:836} INFO - DAG(s) dict_keys(['latest_only_with_trigger']) retrieved from /home/airflow/.local/lib/python3.7/site-packages/airflow/example_dags/example_latest_only_with_trigger.py
[2023-08-10T00:15:59.022+0000] {logging_mixin.py:150} INFO - [2023-08-10T00:15:59.021+0000] {dag.py:2742} INFO - Sync 1 DAGs
[2023-08-10T00:15:59.036+0000] {logging_mixin.py:150} INFO - [2023-08-10T00:15:59.036+0000] {dag.py:3508} INFO - Setting next_dagrun for latest_only_with_trigger to 2023-08-09T20:15:59.036477+00:00, run_after=2023-08-10T00:15:59.036477+00:00
[2023-08-10T00:15:59.047+0000] {processor.py:179} INFO - Processing /home/airflow/.local/lib/python3.7/site-packages/airflow/example_dags/example_latest_only_with_trigger.py took 0.071 seconds
[2023-08-10T00:16:29.078+0000] {processor.py:157} INFO - Started process (PID=1649) to work on /home/airflow/.local/lib/python3.7/site-packages/airflow/example_dags/example_latest_only_with_trigger.py
[2023-08-10T00:16:29.079+0000] {processor.py:826} INFO - Processing file /home/airflow/.local/lib/python3.7/site-packages/airflow/example_dags/example_latest_only_with_trigger.py for tasks to queue
[2023-08-10T00:16:29.080+0000] {logging_mixin.py:150} INFO - [2023-08-10T00:16:29.080+0000] {dagbag.py:541} INFO - Filling up the DagBag from /home/airflow/.local/lib/python3.7/site-packages/airflow/example_dags/example_latest_only_with_trigger.py
[2023-08-10T00:16:29.085+0000] {processor.py:836} INFO - DAG(s) dict_keys(['latest_only_with_trigger']) retrieved from /home/airflow/.local/lib/python3.7/site-packages/airflow/example_dags/example_latest_only_with_trigger.py
[2023-08-10T00:16:29.103+0000] {logging_mixin.py:150} INFO - [2023-08-10T00:16:29.103+0000] {dag.py:2742} INFO - Sync 1 DAGs
[2023-08-10T00:16:29.118+0000] {logging_mixin.py:150} INFO - [2023-08-10T00:16:29.118+0000] {dag.py:3508} INFO - Setting next_dagrun for latest_only_with_trigger to 2023-08-09T20:16:29.118655+00:00, run_after=2023-08-10T00:16:29.118655+00:00
[2023-08-10T00:16:29.128+0000] {processor.py:179} INFO - Processing /home/airflow/.local/lib/python3.7/site-packages/airflow/example_dags/example_latest_only_with_trigger.py took 0.053 seconds
[2023-08-10T00:16:59.272+0000] {processor.py:157} INFO - Started process (PID=1707) to work on /home/airflow/.local/lib/python3.7/site-packages/airflow/example_dags/example_latest_only_with_trigger.py
[2023-08-10T00:16:59.273+0000] {processor.py:826} INFO - Processing file /home/airflow/.local/lib/python3.7/site-packages/airflow/example_dags/example_latest_only_with_trigger.py for tasks to queue
[2023-08-10T00:16:59.274+0000] {logging_mixin.py:150} INFO - [2023-08-10T00:16:59.274+0000] {dagbag.py:541} INFO - Filling up the DagBag from /home/airflow/.local/lib/python3.7/site-packages/airflow/example_dags/example_latest_only_with_trigger.py
[2023-08-10T00:16:59.279+0000] {processor.py:836} INFO - DAG(s) dict_keys(['latest_only_with_trigger']) retrieved from /home/airflow/.local/lib/python3.7/site-packages/airflow/example_dags/example_latest_only_with_trigger.py
[2023-08-10T00:16:59.295+0000] {logging_mixin.py:150} INFO - [2023-08-10T00:16:59.295+0000] {dag.py:2742} INFO - Sync 1 DAGs
[2023-08-10T00:16:59.310+0000] {logging_mixin.py:150} INFO - [2023-08-10T00:16:59.310+0000] {dag.py:3508} INFO - Setting next_dagrun for latest_only_with_trigger to 2023-08-09T20:16:59.310080+00:00, run_after=2023-08-10T00:16:59.310080+00:00
[2023-08-10T00:16:59.320+0000] {processor.py:179} INFO - Processing /home/airflow/.local/lib/python3.7/site-packages/airflow/example_dags/example_latest_only_with_trigger.py took 0.050 seconds
[2023-08-10T00:17:29.566+0000] {processor.py:157} INFO - Started process (PID=1766) to work on /home/airflow/.local/lib/python3.7/site-packages/airflow/example_dags/example_latest_only_with_trigger.py
[2023-08-10T00:17:29.567+0000] {processor.py:826} INFO - Processing file /home/airflow/.local/lib/python3.7/site-packages/airflow/example_dags/example_latest_only_with_trigger.py for tasks to queue
[2023-08-10T00:17:29.568+0000] {logging_mixin.py:150} INFO - [2023-08-10T00:17:29.568+0000] {dagbag.py:541} INFO - Filling up the DagBag from /home/airflow/.local/lib/python3.7/site-packages/airflow/example_dags/example_latest_only_with_trigger.py
[2023-08-10T00:17:29.573+0000] {processor.py:836} INFO - DAG(s) dict_keys(['latest_only_with_trigger']) retrieved from /home/airflow/.local/lib/python3.7/site-packages/airflow/example_dags/example_latest_only_with_trigger.py
[2023-08-10T00:17:29.589+0000] {logging_mixin.py:150} INFO - [2023-08-10T00:17:29.589+0000] {dag.py:2742} INFO - Sync 1 DAGs
[2023-08-10T00:17:29.603+0000] {logging_mixin.py:150} INFO - [2023-08-10T00:17:29.602+0000] {dag.py:3508} INFO - Setting next_dagrun for latest_only_with_trigger to 2023-08-09T20:17:29.602745+00:00, run_after=2023-08-10T00:17:29.602745+00:00
[2023-08-10T00:17:29.612+0000] {processor.py:179} INFO - Processing /home/airflow/.local/lib/python3.7/site-packages/airflow/example_dags/example_latest_only_with_trigger.py took 0.049 seconds
[2023-08-10T00:17:59.825+0000] {processor.py:157} INFO - Started process (PID=1825) to work on /home/airflow/.local/lib/python3.7/site-packages/airflow/example_dags/example_latest_only_with_trigger.py
[2023-08-10T00:17:59.826+0000] {processor.py:826} INFO - Processing file /home/airflow/.local/lib/python3.7/site-packages/airflow/example_dags/example_latest_only_with_trigger.py for tasks to queue
[2023-08-10T00:17:59.827+0000] {logging_mixin.py:150} INFO - [2023-08-10T00:17:59.827+0000] {dagbag.py:541} INFO - Filling up the DagBag from /home/airflow/.local/lib/python3.7/site-packages/airflow/example_dags/example_latest_only_with_trigger.py
[2023-08-10T00:17:59.833+0000] {processor.py:836} INFO - DAG(s) dict_keys(['latest_only_with_trigger']) retrieved from /home/airflow/.local/lib/python3.7/site-packages/airflow/example_dags/example_latest_only_with_trigger.py
[2023-08-10T00:17:59.849+0000] {logging_mixin.py:150} INFO - [2023-08-10T00:17:59.849+0000] {dag.py:2742} INFO - Sync 1 DAGs
[2023-08-10T00:17:59.863+0000] {logging_mixin.py:150} INFO - [2023-08-10T00:17:59.863+0000] {dag.py:3508} INFO - Setting next_dagrun for latest_only_with_trigger to 2023-08-09T20:17:59.863455+00:00, run_after=2023-08-10T00:17:59.863455+00:00
[2023-08-10T00:17:59.874+0000] {processor.py:179} INFO - Processing /home/airflow/.local/lib/python3.7/site-packages/airflow/example_dags/example_latest_only_with_trigger.py took 0.051 seconds
[2023-08-10T00:18:30.175+0000] {processor.py:157} INFO - Started process (PID=1884) to work on /home/airflow/.local/lib/python3.7/site-packages/airflow/example_dags/example_latest_only_with_trigger.py
[2023-08-10T00:18:30.176+0000] {processor.py:826} INFO - Processing file /home/airflow/.local/lib/python3.7/site-packages/airflow/example_dags/example_latest_only_with_trigger.py for tasks to queue
[2023-08-10T00:18:30.177+0000] {logging_mixin.py:150} INFO - [2023-08-10T00:18:30.177+0000] {dagbag.py:541} INFO - Filling up the DagBag from /home/airflow/.local/lib/python3.7/site-packages/airflow/example_dags/example_latest_only_with_trigger.py
[2023-08-10T00:18:30.182+0000] {processor.py:836} INFO - DAG(s) dict_keys(['latest_only_with_trigger']) retrieved from /home/airflow/.local/lib/python3.7/site-packages/airflow/example_dags/example_latest_only_with_trigger.py
[2023-08-10T00:18:30.198+0000] {logging_mixin.py:150} INFO - [2023-08-10T00:18:30.198+0000] {dag.py:2742} INFO - Sync 1 DAGs
[2023-08-10T00:18:30.212+0000] {logging_mixin.py:150} INFO - [2023-08-10T00:18:30.212+0000] {dag.py:3508} INFO - Setting next_dagrun for latest_only_with_trigger to 2023-08-09T20:18:30.212084+00:00, run_after=2023-08-10T00:18:30.212084+00:00
[2023-08-10T00:18:30.221+0000] {processor.py:179} INFO - Processing /home/airflow/.local/lib/python3.7/site-packages/airflow/example_dags/example_latest_only_with_trigger.py took 0.049 seconds
[2023-08-10T00:19:00.504+0000] {processor.py:157} INFO - Started process (PID=1944) to work on /home/airflow/.local/lib/python3.7/site-packages/airflow/example_dags/example_latest_only_with_trigger.py
[2023-08-10T00:19:00.505+0000] {processor.py:826} INFO - Processing file /home/airflow/.local/lib/python3.7/site-packages/airflow/example_dags/example_latest_only_with_trigger.py for tasks to queue
[2023-08-10T00:19:00.506+0000] {logging_mixin.py:150} INFO - [2023-08-10T00:19:00.506+0000] {dagbag.py:541} INFO - Filling up the DagBag from /home/airflow/.local/lib/python3.7/site-packages/airflow/example_dags/example_latest_only_with_trigger.py
[2023-08-10T00:19:00.511+0000] {processor.py:836} INFO - DAG(s) dict_keys(['latest_only_with_trigger']) retrieved from /home/airflow/.local/lib/python3.7/site-packages/airflow/example_dags/example_latest_only_with_trigger.py
[2023-08-10T00:19:00.528+0000] {logging_mixin.py:150} INFO - [2023-08-10T00:19:00.528+0000] {dag.py:2742} INFO - Sync 1 DAGs
[2023-08-10T00:19:00.543+0000] {logging_mixin.py:150} INFO - [2023-08-10T00:19:00.542+0000] {dag.py:3508} INFO - Setting next_dagrun for latest_only_with_trigger to 2023-08-09T20:19:00.542754+00:00, run_after=2023-08-10T00:19:00.542754+00:00
[2023-08-10T00:19:00.553+0000] {processor.py:179} INFO - Processing /home/airflow/.local/lib/python3.7/site-packages/airflow/example_dags/example_latest_only_with_trigger.py took 0.052 seconds
[2023-08-10T00:19:30.744+0000] {processor.py:157} INFO - Started process (PID=2003) to work on /home/airflow/.local/lib/python3.7/site-packages/airflow/example_dags/example_latest_only_with_trigger.py
[2023-08-10T00:19:30.745+0000] {processor.py:826} INFO - Processing file /home/airflow/.local/lib/python3.7/site-packages/airflow/example_dags/example_latest_only_with_trigger.py for tasks to queue
[2023-08-10T00:19:30.746+0000] {logging_mixin.py:150} INFO - [2023-08-10T00:19:30.746+0000] {dagbag.py:541} INFO - Filling up the DagBag from /home/airflow/.local/lib/python3.7/site-packages/airflow/example_dags/example_latest_only_with_trigger.py
[2023-08-10T00:19:30.751+0000] {processor.py:836} INFO - DAG(s) dict_keys(['latest_only_with_trigger']) retrieved from /home/airflow/.local/lib/python3.7/site-packages/airflow/example_dags/example_latest_only_with_trigger.py
[2023-08-10T00:19:30.768+0000] {logging_mixin.py:150} INFO - [2023-08-10T00:19:30.768+0000] {dag.py:2742} INFO - Sync 1 DAGs
[2023-08-10T00:19:30.782+0000] {logging_mixin.py:150} INFO - [2023-08-10T00:19:30.782+0000] {dag.py:3508} INFO - Setting next_dagrun for latest_only_with_trigger to 2023-08-09T20:19:30.782395+00:00, run_after=2023-08-10T00:19:30.782395+00:00
[2023-08-10T00:19:30.792+0000] {processor.py:179} INFO - Processing /home/airflow/.local/lib/python3.7/site-packages/airflow/example_dags/example_latest_only_with_trigger.py took 0.050 seconds
