[2023-08-10T00:10:42.904+0000] {processor.py:157} INFO - Started process (PID=1456) to work on /home/airflow/.local/lib/python3.7/site-packages/airflow/example_dags/example_dag_decorator.py
[2023-08-10T00:10:42.909+0000] {processor.py:826} INFO - Processing file /home/airflow/.local/lib/python3.7/site-packages/airflow/example_dags/example_dag_decorator.py for tasks to queue
[2023-08-10T00:10:42.910+0000] {logging_mixin.py:150} INFO - [2023-08-10T00:10:42.910+0000] {dagbag.py:541} INFO - Filling up the DagBag from /home/airflow/.local/lib/python3.7/site-packages/airflow/example_dags/example_dag_decorator.py
[2023-08-10T00:10:42.925+0000] {processor.py:836} INFO - DAG(s) dict_keys(['example_dag_decorator']) retrieved from /home/airflow/.local/lib/python3.7/site-packages/airflow/example_dags/example_dag_decorator.py
[2023-08-10T00:10:43.071+0000] {logging_mixin.py:150} INFO - [2023-08-10T00:10:43.071+0000] {dag.py:2742} INFO - Sync 1 DAGs
[2023-08-10T00:10:43.094+0000] {logging_mixin.py:150} INFO - [2023-08-10T00:10:43.094+0000] {dag.py:3508} INFO - Setting next_dagrun for example_dag_decorator to None, run_after=None
[2023-08-10T00:10:43.121+0000] {processor.py:179} INFO - Processing /home/airflow/.local/lib/python3.7/site-packages/airflow/example_dags/example_dag_decorator.py took 0.220 seconds
[2023-08-10T00:15:27.280+0000] {processor.py:157} INFO - Started process (PID=1515) to work on /home/airflow/.local/lib/python3.7/site-packages/airflow/example_dags/example_dag_decorator.py
[2023-08-10T00:15:27.282+0000] {processor.py:826} INFO - Processing file /home/airflow/.local/lib/python3.7/site-packages/airflow/example_dags/example_dag_decorator.py for tasks to queue
[2023-08-10T00:15:27.285+0000] {logging_mixin.py:150} INFO - [2023-08-10T00:15:27.285+0000] {dagbag.py:541} INFO - Filling up the DagBag from /home/airflow/.local/lib/python3.7/site-packages/airflow/example_dags/example_dag_decorator.py
[2023-08-10T00:15:27.300+0000] {processor.py:836} INFO - DAG(s) dict_keys(['example_dag_decorator']) retrieved from /home/airflow/.local/lib/python3.7/site-packages/airflow/example_dags/example_dag_decorator.py
[2023-08-10T00:15:27.589+0000] {logging_mixin.py:150} INFO - [2023-08-10T00:15:27.588+0000] {dag.py:2742} INFO - Sync 1 DAGs
[2023-08-10T00:15:27.613+0000] {logging_mixin.py:150} INFO - [2023-08-10T00:15:27.612+0000] {dag.py:3508} INFO - Setting next_dagrun for example_dag_decorator to None, run_after=None
[2023-08-10T00:15:27.634+0000] {processor.py:179} INFO - Processing /home/airflow/.local/lib/python3.7/site-packages/airflow/example_dags/example_dag_decorator.py took 0.363 seconds
[2023-08-10T00:15:58.300+0000] {processor.py:157} INFO - Started process (PID=1574) to work on /home/airflow/.local/lib/python3.7/site-packages/airflow/example_dags/example_dag_decorator.py
[2023-08-10T00:15:58.301+0000] {processor.py:826} INFO - Processing file /home/airflow/.local/lib/python3.7/site-packages/airflow/example_dags/example_dag_decorator.py for tasks to queue
[2023-08-10T00:15:58.302+0000] {logging_mixin.py:150} INFO - [2023-08-10T00:15:58.301+0000] {dagbag.py:541} INFO - Filling up the DagBag from /home/airflow/.local/lib/python3.7/site-packages/airflow/example_dags/example_dag_decorator.py
[2023-08-10T00:15:58.312+0000] {processor.py:836} INFO - DAG(s) dict_keys(['example_dag_decorator']) retrieved from /home/airflow/.local/lib/python3.7/site-packages/airflow/example_dags/example_dag_decorator.py
[2023-08-10T00:15:58.394+0000] {logging_mixin.py:150} INFO - [2023-08-10T00:15:58.394+0000] {dag.py:2742} INFO - Sync 1 DAGs
[2023-08-10T00:15:58.406+0000] {logging_mixin.py:150} INFO - [2023-08-10T00:15:58.406+0000] {dag.py:3508} INFO - Setting next_dagrun for example_dag_decorator to None, run_after=None
[2023-08-10T00:15:58.416+0000] {processor.py:179} INFO - Processing /home/airflow/.local/lib/python3.7/site-packages/airflow/example_dags/example_dag_decorator.py took 0.119 seconds
[2023-08-10T00:16:28.444+0000] {processor.py:157} INFO - Started process (PID=1633) to work on /home/airflow/.local/lib/python3.7/site-packages/airflow/example_dags/example_dag_decorator.py
[2023-08-10T00:16:28.445+0000] {processor.py:826} INFO - Processing file /home/airflow/.local/lib/python3.7/site-packages/airflow/example_dags/example_dag_decorator.py for tasks to queue
[2023-08-10T00:16:28.446+0000] {logging_mixin.py:150} INFO - [2023-08-10T00:16:28.446+0000] {dagbag.py:541} INFO - Filling up the DagBag from /home/airflow/.local/lib/python3.7/site-packages/airflow/example_dags/example_dag_decorator.py
[2023-08-10T00:16:28.456+0000] {processor.py:836} INFO - DAG(s) dict_keys(['example_dag_decorator']) retrieved from /home/airflow/.local/lib/python3.7/site-packages/airflow/example_dags/example_dag_decorator.py
[2023-08-10T00:16:28.520+0000] {logging_mixin.py:150} INFO - [2023-08-10T00:16:28.520+0000] {dag.py:2742} INFO - Sync 1 DAGs
[2023-08-10T00:16:28.533+0000] {logging_mixin.py:150} INFO - [2023-08-10T00:16:28.533+0000] {dag.py:3508} INFO - Setting next_dagrun for example_dag_decorator to None, run_after=None
[2023-08-10T00:16:28.542+0000] {processor.py:179} INFO - Processing /home/airflow/.local/lib/python3.7/site-packages/airflow/example_dags/example_dag_decorator.py took 0.101 seconds
[2023-08-10T00:16:58.750+0000] {processor.py:157} INFO - Started process (PID=1692) to work on /home/airflow/.local/lib/python3.7/site-packages/airflow/example_dags/example_dag_decorator.py
[2023-08-10T00:16:58.751+0000] {processor.py:826} INFO - Processing file /home/airflow/.local/lib/python3.7/site-packages/airflow/example_dags/example_dag_decorator.py for tasks to queue
[2023-08-10T00:16:58.752+0000] {logging_mixin.py:150} INFO - [2023-08-10T00:16:58.752+0000] {dagbag.py:541} INFO - Filling up the DagBag from /home/airflow/.local/lib/python3.7/site-packages/airflow/example_dags/example_dag_decorator.py
[2023-08-10T00:16:58.762+0000] {processor.py:836} INFO - DAG(s) dict_keys(['example_dag_decorator']) retrieved from /home/airflow/.local/lib/python3.7/site-packages/airflow/example_dags/example_dag_decorator.py
[2023-08-10T00:16:58.827+0000] {logging_mixin.py:150} INFO - [2023-08-10T00:16:58.827+0000] {dag.py:2742} INFO - Sync 1 DAGs
[2023-08-10T00:16:58.840+0000] {logging_mixin.py:150} INFO - [2023-08-10T00:16:58.840+0000] {dag.py:3508} INFO - Setting next_dagrun for example_dag_decorator to None, run_after=None
[2023-08-10T00:16:58.850+0000] {processor.py:179} INFO - Processing /home/airflow/.local/lib/python3.7/site-packages/airflow/example_dags/example_dag_decorator.py took 0.102 seconds
[2023-08-10T00:17:29.041+0000] {processor.py:157} INFO - Started process (PID=1751) to work on /home/airflow/.local/lib/python3.7/site-packages/airflow/example_dags/example_dag_decorator.py
[2023-08-10T00:17:29.042+0000] {processor.py:826} INFO - Processing file /home/airflow/.local/lib/python3.7/site-packages/airflow/example_dags/example_dag_decorator.py for tasks to queue
[2023-08-10T00:17:29.043+0000] {logging_mixin.py:150} INFO - [2023-08-10T00:17:29.043+0000] {dagbag.py:541} INFO - Filling up the DagBag from /home/airflow/.local/lib/python3.7/site-packages/airflow/example_dags/example_dag_decorator.py
[2023-08-10T00:17:29.053+0000] {processor.py:836} INFO - DAG(s) dict_keys(['example_dag_decorator']) retrieved from /home/airflow/.local/lib/python3.7/site-packages/airflow/example_dags/example_dag_decorator.py
[2023-08-10T00:17:29.119+0000] {logging_mixin.py:150} INFO - [2023-08-10T00:17:29.119+0000] {dag.py:2742} INFO - Sync 1 DAGs
[2023-08-10T00:17:29.132+0000] {logging_mixin.py:150} INFO - [2023-08-10T00:17:29.132+0000] {dag.py:3508} INFO - Setting next_dagrun for example_dag_decorator to None, run_after=None
[2023-08-10T00:17:29.142+0000] {processor.py:179} INFO - Processing /home/airflow/.local/lib/python3.7/site-packages/airflow/example_dags/example_dag_decorator.py took 0.104 seconds
[2023-08-10T00:17:59.307+0000] {processor.py:157} INFO - Started process (PID=1810) to work on /home/airflow/.local/lib/python3.7/site-packages/airflow/example_dags/example_dag_decorator.py
[2023-08-10T00:17:59.308+0000] {processor.py:826} INFO - Processing file /home/airflow/.local/lib/python3.7/site-packages/airflow/example_dags/example_dag_decorator.py for tasks to queue
[2023-08-10T00:17:59.309+0000] {logging_mixin.py:150} INFO - [2023-08-10T00:17:59.309+0000] {dagbag.py:541} INFO - Filling up the DagBag from /home/airflow/.local/lib/python3.7/site-packages/airflow/example_dags/example_dag_decorator.py
[2023-08-10T00:17:59.320+0000] {processor.py:836} INFO - DAG(s) dict_keys(['example_dag_decorator']) retrieved from /home/airflow/.local/lib/python3.7/site-packages/airflow/example_dags/example_dag_decorator.py
[2023-08-10T00:17:59.393+0000] {logging_mixin.py:150} INFO - [2023-08-10T00:17:59.393+0000] {dag.py:2742} INFO - Sync 1 DAGs
[2023-08-10T00:17:59.405+0000] {logging_mixin.py:150} INFO - [2023-08-10T00:17:59.405+0000] {dag.py:3508} INFO - Setting next_dagrun for example_dag_decorator to None, run_after=None
[2023-08-10T00:17:59.415+0000] {processor.py:179} INFO - Processing /home/airflow/.local/lib/python3.7/site-packages/airflow/example_dags/example_dag_decorator.py took 0.111 seconds
[2023-08-10T00:18:29.654+0000] {processor.py:157} INFO - Started process (PID=1869) to work on /home/airflow/.local/lib/python3.7/site-packages/airflow/example_dags/example_dag_decorator.py
[2023-08-10T00:18:29.655+0000] {processor.py:826} INFO - Processing file /home/airflow/.local/lib/python3.7/site-packages/airflow/example_dags/example_dag_decorator.py for tasks to queue
[2023-08-10T00:18:29.656+0000] {logging_mixin.py:150} INFO - [2023-08-10T00:18:29.655+0000] {dagbag.py:541} INFO - Filling up the DagBag from /home/airflow/.local/lib/python3.7/site-packages/airflow/example_dags/example_dag_decorator.py
[2023-08-10T00:18:29.665+0000] {processor.py:836} INFO - DAG(s) dict_keys(['example_dag_decorator']) retrieved from /home/airflow/.local/lib/python3.7/site-packages/airflow/example_dags/example_dag_decorator.py
[2023-08-10T00:18:29.733+0000] {logging_mixin.py:150} INFO - [2023-08-10T00:18:29.733+0000] {dag.py:2742} INFO - Sync 1 DAGs
[2023-08-10T00:18:29.746+0000] {logging_mixin.py:150} INFO - [2023-08-10T00:18:29.746+0000] {dag.py:3508} INFO - Setting next_dagrun for example_dag_decorator to None, run_after=None
[2023-08-10T00:18:29.756+0000] {processor.py:179} INFO - Processing /home/airflow/.local/lib/python3.7/site-packages/airflow/example_dags/example_dag_decorator.py took 0.104 seconds
[2023-08-10T00:18:59.971+0000] {processor.py:157} INFO - Started process (PID=1929) to work on /home/airflow/.local/lib/python3.7/site-packages/airflow/example_dags/example_dag_decorator.py
[2023-08-10T00:18:59.972+0000] {processor.py:826} INFO - Processing file /home/airflow/.local/lib/python3.7/site-packages/airflow/example_dags/example_dag_decorator.py for tasks to queue
[2023-08-10T00:18:59.973+0000] {logging_mixin.py:150} INFO - [2023-08-10T00:18:59.972+0000] {dagbag.py:541} INFO - Filling up the DagBag from /home/airflow/.local/lib/python3.7/site-packages/airflow/example_dags/example_dag_decorator.py
[2023-08-10T00:18:59.986+0000] {processor.py:836} INFO - DAG(s) dict_keys(['example_dag_decorator']) retrieved from /home/airflow/.local/lib/python3.7/site-packages/airflow/example_dags/example_dag_decorator.py
[2023-08-10T00:19:00.053+0000] {logging_mixin.py:150} INFO - [2023-08-10T00:19:00.053+0000] {dag.py:2742} INFO - Sync 1 DAGs
[2023-08-10T00:19:00.065+0000] {logging_mixin.py:150} INFO - [2023-08-10T00:19:00.065+0000] {dag.py:3508} INFO - Setting next_dagrun for example_dag_decorator to None, run_after=None
[2023-08-10T00:19:00.075+0000] {processor.py:179} INFO - Processing /home/airflow/.local/lib/python3.7/site-packages/airflow/example_dags/example_dag_decorator.py took 0.107 seconds
[2023-08-10T00:19:30.244+0000] {processor.py:157} INFO - Started process (PID=1988) to work on /home/airflow/.local/lib/python3.7/site-packages/airflow/example_dags/example_dag_decorator.py
[2023-08-10T00:19:30.245+0000] {processor.py:826} INFO - Processing file /home/airflow/.local/lib/python3.7/site-packages/airflow/example_dags/example_dag_decorator.py for tasks to queue
[2023-08-10T00:19:30.246+0000] {logging_mixin.py:150} INFO - [2023-08-10T00:19:30.246+0000] {dagbag.py:541} INFO - Filling up the DagBag from /home/airflow/.local/lib/python3.7/site-packages/airflow/example_dags/example_dag_decorator.py
[2023-08-10T00:19:30.256+0000] {processor.py:836} INFO - DAG(s) dict_keys(['example_dag_decorator']) retrieved from /home/airflow/.local/lib/python3.7/site-packages/airflow/example_dags/example_dag_decorator.py
[2023-08-10T00:19:30.321+0000] {logging_mixin.py:150} INFO - [2023-08-10T00:19:30.321+0000] {dag.py:2742} INFO - Sync 1 DAGs
[2023-08-10T00:19:30.334+0000] {logging_mixin.py:150} INFO - [2023-08-10T00:19:30.334+0000] {dag.py:3508} INFO - Setting next_dagrun for example_dag_decorator to None, run_after=None
[2023-08-10T00:19:30.344+0000] {processor.py:179} INFO - Processing /home/airflow/.local/lib/python3.7/site-packages/airflow/example_dags/example_dag_decorator.py took 0.102 seconds
