[2023-08-10T00:10:43.258+0000] {processor.py:157} INFO - Started process (PID=1459) to work on /home/airflow/.local/lib/python3.7/site-packages/airflow/example_dags/example_task_group_decorator.py
[2023-08-10T00:10:43.281+0000] {processor.py:826} INFO - Processing file /home/airflow/.local/lib/python3.7/site-packages/airflow/example_dags/example_task_group_decorator.py for tasks to queue
[2023-08-10T00:10:43.288+0000] {logging_mixin.py:150} INFO - [2023-08-10T00:10:43.284+0000] {dagbag.py:541} INFO - Filling up the DagBag from /home/airflow/.local/lib/python3.7/site-packages/airflow/example_dags/example_task_group_decorator.py
[2023-08-10T00:10:43.382+0000] {processor.py:836} INFO - DAG(s) dict_keys(['example_task_group_decorator']) retrieved from /home/airflow/.local/lib/python3.7/site-packages/airflow/example_dags/example_task_group_decorator.py
[2023-08-10T00:10:43.441+0000] {logging_mixin.py:150} INFO - [2023-08-10T00:10:43.441+0000] {dag.py:2742} INFO - Sync 1 DAGs
[2023-08-10T00:10:43.456+0000] {logging_mixin.py:150} INFO - [2023-08-10T00:10:43.456+0000] {dag.py:3508} INFO - Setting next_dagrun for example_task_group_decorator to 2023-08-09T00:10:43.455733+00:00, run_after=2023-08-10T00:10:43.455733+00:00
[2023-08-10T00:10:43.465+0000] {processor.py:179} INFO - Processing /home/airflow/.local/lib/python3.7/site-packages/airflow/example_dags/example_task_group_decorator.py took 0.255 seconds
[2023-08-10T00:15:27.670+0000] {processor.py:157} INFO - Started process (PID=1518) to work on /home/airflow/.local/lib/python3.7/site-packages/airflow/example_dags/example_task_group_decorator.py
[2023-08-10T00:15:27.671+0000] {processor.py:826} INFO - Processing file /home/airflow/.local/lib/python3.7/site-packages/airflow/example_dags/example_task_group_decorator.py for tasks to queue
[2023-08-10T00:15:27.672+0000] {logging_mixin.py:150} INFO - [2023-08-10T00:15:27.672+0000] {dagbag.py:541} INFO - Filling up the DagBag from /home/airflow/.local/lib/python3.7/site-packages/airflow/example_dags/example_task_group_decorator.py
[2023-08-10T00:15:27.682+0000] {processor.py:836} INFO - DAG(s) dict_keys(['example_task_group_decorator']) retrieved from /home/airflow/.local/lib/python3.7/site-packages/airflow/example_dags/example_task_group_decorator.py
[2023-08-10T00:15:27.701+0000] {logging_mixin.py:150} INFO - [2023-08-10T00:15:27.701+0000] {dag.py:2742} INFO - Sync 1 DAGs
[2023-08-10T00:15:27.718+0000] {logging_mixin.py:150} INFO - [2023-08-10T00:15:27.717+0000] {dag.py:3508} INFO - Setting next_dagrun for example_task_group_decorator to 2023-08-09T00:15:27.717447+00:00, run_after=2023-08-10T00:15:27.717447+00:00
[2023-08-10T00:15:27.728+0000] {processor.py:179} INFO - Processing /home/airflow/.local/lib/python3.7/site-packages/airflow/example_dags/example_task_group_decorator.py took 0.061 seconds
[2023-08-10T00:15:58.437+0000] {processor.py:157} INFO - Started process (PID=1577) to work on /home/airflow/.local/lib/python3.7/site-packages/airflow/example_dags/example_task_group_decorator.py
[2023-08-10T00:15:58.438+0000] {processor.py:826} INFO - Processing file /home/airflow/.local/lib/python3.7/site-packages/airflow/example_dags/example_task_group_decorator.py for tasks to queue
[2023-08-10T00:15:58.439+0000] {logging_mixin.py:150} INFO - [2023-08-10T00:15:58.439+0000] {dagbag.py:541} INFO - Filling up the DagBag from /home/airflow/.local/lib/python3.7/site-packages/airflow/example_dags/example_task_group_decorator.py
[2023-08-10T00:15:58.449+0000] {processor.py:836} INFO - DAG(s) dict_keys(['example_task_group_decorator']) retrieved from /home/airflow/.local/lib/python3.7/site-packages/airflow/example_dags/example_task_group_decorator.py
[2023-08-10T00:15:58.467+0000] {logging_mixin.py:150} INFO - [2023-08-10T00:15:58.467+0000] {dag.py:2742} INFO - Sync 1 DAGs
[2023-08-10T00:15:58.481+0000] {logging_mixin.py:150} INFO - [2023-08-10T00:15:58.481+0000] {dag.py:3508} INFO - Setting next_dagrun for example_task_group_decorator to 2023-08-09T00:15:58.480815+00:00, run_after=2023-08-10T00:15:58.480815+00:00
[2023-08-10T00:15:58.490+0000] {processor.py:179} INFO - Processing /home/airflow/.local/lib/python3.7/site-packages/airflow/example_dags/example_task_group_decorator.py took 0.056 seconds
[2023-08-10T00:16:28.564+0000] {processor.py:157} INFO - Started process (PID=1636) to work on /home/airflow/.local/lib/python3.7/site-packages/airflow/example_dags/example_task_group_decorator.py
[2023-08-10T00:16:28.566+0000] {processor.py:826} INFO - Processing file /home/airflow/.local/lib/python3.7/site-packages/airflow/example_dags/example_task_group_decorator.py for tasks to queue
[2023-08-10T00:16:28.566+0000] {logging_mixin.py:150} INFO - [2023-08-10T00:16:28.566+0000] {dagbag.py:541} INFO - Filling up the DagBag from /home/airflow/.local/lib/python3.7/site-packages/airflow/example_dags/example_task_group_decorator.py
[2023-08-10T00:16:28.575+0000] {processor.py:836} INFO - DAG(s) dict_keys(['example_task_group_decorator']) retrieved from /home/airflow/.local/lib/python3.7/site-packages/airflow/example_dags/example_task_group_decorator.py
[2023-08-10T00:16:28.595+0000] {logging_mixin.py:150} INFO - [2023-08-10T00:16:28.595+0000] {dag.py:2742} INFO - Sync 1 DAGs
[2023-08-10T00:16:28.609+0000] {logging_mixin.py:150} INFO - [2023-08-10T00:16:28.609+0000] {dag.py:3508} INFO - Setting next_dagrun for example_task_group_decorator to 2023-08-09T00:16:28.609244+00:00, run_after=2023-08-10T00:16:28.609244+00:00
[2023-08-10T00:16:28.619+0000] {processor.py:179} INFO - Processing /home/airflow/.local/lib/python3.7/site-packages/airflow/example_dags/example_task_group_decorator.py took 0.057 seconds
[2023-08-10T00:16:58.870+0000] {processor.py:157} INFO - Started process (PID=1695) to work on /home/airflow/.local/lib/python3.7/site-packages/airflow/example_dags/example_task_group_decorator.py
[2023-08-10T00:16:58.872+0000] {processor.py:826} INFO - Processing file /home/airflow/.local/lib/python3.7/site-packages/airflow/example_dags/example_task_group_decorator.py for tasks to queue
[2023-08-10T00:16:58.872+0000] {logging_mixin.py:150} INFO - [2023-08-10T00:16:58.872+0000] {dagbag.py:541} INFO - Filling up the DagBag from /home/airflow/.local/lib/python3.7/site-packages/airflow/example_dags/example_task_group_decorator.py
[2023-08-10T00:16:58.881+0000] {processor.py:836} INFO - DAG(s) dict_keys(['example_task_group_decorator']) retrieved from /home/airflow/.local/lib/python3.7/site-packages/airflow/example_dags/example_task_group_decorator.py
[2023-08-10T00:16:58.899+0000] {logging_mixin.py:150} INFO - [2023-08-10T00:16:58.899+0000] {dag.py:2742} INFO - Sync 1 DAGs
[2023-08-10T00:16:58.914+0000] {logging_mixin.py:150} INFO - [2023-08-10T00:16:58.914+0000] {dag.py:3508} INFO - Setting next_dagrun for example_task_group_decorator to 2023-08-09T00:16:58.913991+00:00, run_after=2023-08-10T00:16:58.913991+00:00
[2023-08-10T00:16:58.924+0000] {processor.py:179} INFO - Processing /home/airflow/.local/lib/python3.7/site-packages/airflow/example_dags/example_task_group_decorator.py took 0.056 seconds
[2023-08-10T00:17:29.164+0000] {processor.py:157} INFO - Started process (PID=1754) to work on /home/airflow/.local/lib/python3.7/site-packages/airflow/example_dags/example_task_group_decorator.py
[2023-08-10T00:17:29.165+0000] {processor.py:826} INFO - Processing file /home/airflow/.local/lib/python3.7/site-packages/airflow/example_dags/example_task_group_decorator.py for tasks to queue
[2023-08-10T00:17:29.166+0000] {logging_mixin.py:150} INFO - [2023-08-10T00:17:29.166+0000] {dagbag.py:541} INFO - Filling up the DagBag from /home/airflow/.local/lib/python3.7/site-packages/airflow/example_dags/example_task_group_decorator.py
[2023-08-10T00:17:29.176+0000] {processor.py:836} INFO - DAG(s) dict_keys(['example_task_group_decorator']) retrieved from /home/airflow/.local/lib/python3.7/site-packages/airflow/example_dags/example_task_group_decorator.py
[2023-08-10T00:17:29.195+0000] {logging_mixin.py:150} INFO - [2023-08-10T00:17:29.195+0000] {dag.py:2742} INFO - Sync 1 DAGs
[2023-08-10T00:17:29.209+0000] {logging_mixin.py:150} INFO - [2023-08-10T00:17:29.209+0000] {dag.py:3508} INFO - Setting next_dagrun for example_task_group_decorator to 2023-08-09T00:17:29.209025+00:00, run_after=2023-08-10T00:17:29.209025+00:00
[2023-08-10T00:17:29.219+0000] {processor.py:179} INFO - Processing /home/airflow/.local/lib/python3.7/site-packages/airflow/example_dags/example_task_group_decorator.py took 0.058 seconds
[2023-08-10T00:17:59.437+0000] {processor.py:157} INFO - Started process (PID=1813) to work on /home/airflow/.local/lib/python3.7/site-packages/airflow/example_dags/example_task_group_decorator.py
[2023-08-10T00:17:59.439+0000] {processor.py:826} INFO - Processing file /home/airflow/.local/lib/python3.7/site-packages/airflow/example_dags/example_task_group_decorator.py for tasks to queue
[2023-08-10T00:17:59.439+0000] {logging_mixin.py:150} INFO - [2023-08-10T00:17:59.439+0000] {dagbag.py:541} INFO - Filling up the DagBag from /home/airflow/.local/lib/python3.7/site-packages/airflow/example_dags/example_task_group_decorator.py
[2023-08-10T00:17:59.449+0000] {processor.py:836} INFO - DAG(s) dict_keys(['example_task_group_decorator']) retrieved from /home/airflow/.local/lib/python3.7/site-packages/airflow/example_dags/example_task_group_decorator.py
[2023-08-10T00:17:59.470+0000] {logging_mixin.py:150} INFO - [2023-08-10T00:17:59.470+0000] {dag.py:2742} INFO - Sync 1 DAGs
[2023-08-10T00:17:59.484+0000] {logging_mixin.py:150} INFO - [2023-08-10T00:17:59.484+0000] {dag.py:3508} INFO - Setting next_dagrun for example_task_group_decorator to 2023-08-09T00:17:59.484244+00:00, run_after=2023-08-10T00:17:59.484244+00:00
[2023-08-10T00:17:59.494+0000] {processor.py:179} INFO - Processing /home/airflow/.local/lib/python3.7/site-packages/airflow/example_dags/example_task_group_decorator.py took 0.060 seconds
[2023-08-10T00:18:29.776+0000] {processor.py:157} INFO - Started process (PID=1872) to work on /home/airflow/.local/lib/python3.7/site-packages/airflow/example_dags/example_task_group_decorator.py
[2023-08-10T00:18:29.777+0000] {processor.py:826} INFO - Processing file /home/airflow/.local/lib/python3.7/site-packages/airflow/example_dags/example_task_group_decorator.py for tasks to queue
[2023-08-10T00:18:29.778+0000] {logging_mixin.py:150} INFO - [2023-08-10T00:18:29.778+0000] {dagbag.py:541} INFO - Filling up the DagBag from /home/airflow/.local/lib/python3.7/site-packages/airflow/example_dags/example_task_group_decorator.py
[2023-08-10T00:18:29.788+0000] {processor.py:836} INFO - DAG(s) dict_keys(['example_task_group_decorator']) retrieved from /home/airflow/.local/lib/python3.7/site-packages/airflow/example_dags/example_task_group_decorator.py
[2023-08-10T00:18:29.806+0000] {logging_mixin.py:150} INFO - [2023-08-10T00:18:29.806+0000] {dag.py:2742} INFO - Sync 1 DAGs
[2023-08-10T00:18:29.820+0000] {logging_mixin.py:150} INFO - [2023-08-10T00:18:29.820+0000] {dag.py:3508} INFO - Setting next_dagrun for example_task_group_decorator to 2023-08-09T00:18:29.820635+00:00, run_after=2023-08-10T00:18:29.820635+00:00
[2023-08-10T00:18:29.830+0000] {processor.py:179} INFO - Processing /home/airflow/.local/lib/python3.7/site-packages/airflow/example_dags/example_task_group_decorator.py took 0.056 seconds
[2023-08-10T00:19:00.097+0000] {processor.py:157} INFO - Started process (PID=1932) to work on /home/airflow/.local/lib/python3.7/site-packages/airflow/example_dags/example_task_group_decorator.py
[2023-08-10T00:19:00.098+0000] {processor.py:826} INFO - Processing file /home/airflow/.local/lib/python3.7/site-packages/airflow/example_dags/example_task_group_decorator.py for tasks to queue
[2023-08-10T00:19:00.099+0000] {logging_mixin.py:150} INFO - [2023-08-10T00:19:00.098+0000] {dagbag.py:541} INFO - Filling up the DagBag from /home/airflow/.local/lib/python3.7/site-packages/airflow/example_dags/example_task_group_decorator.py
[2023-08-10T00:19:00.108+0000] {processor.py:836} INFO - DAG(s) dict_keys(['example_task_group_decorator']) retrieved from /home/airflow/.local/lib/python3.7/site-packages/airflow/example_dags/example_task_group_decorator.py
[2023-08-10T00:19:00.127+0000] {logging_mixin.py:150} INFO - [2023-08-10T00:19:00.127+0000] {dag.py:2742} INFO - Sync 1 DAGs
[2023-08-10T00:19:00.141+0000] {logging_mixin.py:150} INFO - [2023-08-10T00:19:00.141+0000] {dag.py:3508} INFO - Setting next_dagrun for example_task_group_decorator to 2023-08-09T00:19:00.141651+00:00, run_after=2023-08-10T00:19:00.141651+00:00
[2023-08-10T00:19:00.151+0000] {processor.py:179} INFO - Processing /home/airflow/.local/lib/python3.7/site-packages/airflow/example_dags/example_task_group_decorator.py took 0.056 seconds
[2023-08-10T00:19:30.366+0000] {processor.py:157} INFO - Started process (PID=1991) to work on /home/airflow/.local/lib/python3.7/site-packages/airflow/example_dags/example_task_group_decorator.py
[2023-08-10T00:19:30.366+0000] {processor.py:826} INFO - Processing file /home/airflow/.local/lib/python3.7/site-packages/airflow/example_dags/example_task_group_decorator.py for tasks to queue
[2023-08-10T00:19:30.367+0000] {logging_mixin.py:150} INFO - [2023-08-10T00:19:30.367+0000] {dagbag.py:541} INFO - Filling up the DagBag from /home/airflow/.local/lib/python3.7/site-packages/airflow/example_dags/example_task_group_decorator.py
[2023-08-10T00:19:30.377+0000] {processor.py:836} INFO - DAG(s) dict_keys(['example_task_group_decorator']) retrieved from /home/airflow/.local/lib/python3.7/site-packages/airflow/example_dags/example_task_group_decorator.py
[2023-08-10T00:19:30.396+0000] {logging_mixin.py:150} INFO - [2023-08-10T00:19:30.396+0000] {dag.py:2742} INFO - Sync 1 DAGs
[2023-08-10T00:19:30.409+0000] {logging_mixin.py:150} INFO - [2023-08-10T00:19:30.409+0000] {dag.py:3508} INFO - Setting next_dagrun for example_task_group_decorator to 2023-08-09T00:19:30.409682+00:00, run_after=2023-08-10T00:19:30.409682+00:00
[2023-08-10T00:19:30.419+0000] {processor.py:179} INFO - Processing /home/airflow/.local/lib/python3.7/site-packages/airflow/example_dags/example_task_group_decorator.py took 0.056 seconds
