[2023-08-10T00:10:43.851+0000] {processor.py:157} INFO - Started process (PID=1470) to work on /home/airflow/.local/lib/python3.7/site-packages/airflow/example_dags/example_xcom.py
[2023-08-10T00:10:43.852+0000] {processor.py:826} INFO - Processing file /home/airflow/.local/lib/python3.7/site-packages/airflow/example_dags/example_xcom.py for tasks to queue
[2023-08-10T00:10:43.853+0000] {logging_mixin.py:150} INFO - [2023-08-10T00:10:43.853+0000] {dagbag.py:541} INFO - Filling up the DagBag from /home/airflow/.local/lib/python3.7/site-packages/airflow/example_dags/example_xcom.py
[2023-08-10T00:10:43.860+0000] {processor.py:836} INFO - DAG(s) dict_keys(['example_xcom']) retrieved from /home/airflow/.local/lib/python3.7/site-packages/airflow/example_dags/example_xcom.py
[2023-08-10T00:10:43.879+0000] {logging_mixin.py:150} INFO - [2023-08-10T00:10:43.879+0000] {dag.py:2742} INFO - Sync 1 DAGs
[2023-08-10T00:10:43.893+0000] {logging_mixin.py:150} INFO - [2023-08-10T00:10:43.893+0000] {dag.py:3508} INFO - Setting next_dagrun for example_xcom to 2021-01-01T00:00:00+00:00, run_after=2021-01-01T00:00:00+00:00
[2023-08-10T00:10:43.902+0000] {processor.py:179} INFO - Processing /home/airflow/.local/lib/python3.7/site-packages/airflow/example_dags/example_xcom.py took 0.054 seconds
[2023-08-10T00:15:28.108+0000] {processor.py:157} INFO - Started process (PID=1529) to work on /home/airflow/.local/lib/python3.7/site-packages/airflow/example_dags/example_xcom.py
[2023-08-10T00:15:28.109+0000] {processor.py:826} INFO - Processing file /home/airflow/.local/lib/python3.7/site-packages/airflow/example_dags/example_xcom.py for tasks to queue
[2023-08-10T00:15:28.110+0000] {logging_mixin.py:150} INFO - [2023-08-10T00:15:28.110+0000] {dagbag.py:541} INFO - Filling up the DagBag from /home/airflow/.local/lib/python3.7/site-packages/airflow/example_dags/example_xcom.py
[2023-08-10T00:15:28.119+0000] {processor.py:836} INFO - DAG(s) dict_keys(['example_xcom']) retrieved from /home/airflow/.local/lib/python3.7/site-packages/airflow/example_dags/example_xcom.py
[2023-08-10T00:15:28.138+0000] {logging_mixin.py:150} INFO - [2023-08-10T00:15:28.138+0000] {dag.py:2742} INFO - Sync 1 DAGs
[2023-08-10T00:15:28.152+0000] {logging_mixin.py:150} INFO - [2023-08-10T00:15:28.152+0000] {dag.py:3508} INFO - Setting next_dagrun for example_xcom to 2021-01-01T00:00:00+00:00, run_after=2021-01-01T00:00:00+00:00
[2023-08-10T00:15:28.162+0000] {processor.py:179} INFO - Processing /home/airflow/.local/lib/python3.7/site-packages/airflow/example_dags/example_xcom.py took 0.056 seconds
[2023-08-10T00:15:58.762+0000] {processor.py:157} INFO - Started process (PID=1587) to work on /home/airflow/.local/lib/python3.7/site-packages/airflow/example_dags/example_xcom.py
[2023-08-10T00:15:58.763+0000] {processor.py:826} INFO - Processing file /home/airflow/.local/lib/python3.7/site-packages/airflow/example_dags/example_xcom.py for tasks to queue
[2023-08-10T00:15:58.764+0000] {logging_mixin.py:150} INFO - [2023-08-10T00:15:58.764+0000] {dagbag.py:541} INFO - Filling up the DagBag from /home/airflow/.local/lib/python3.7/site-packages/airflow/example_dags/example_xcom.py
[2023-08-10T00:15:58.769+0000] {processor.py:836} INFO - DAG(s) dict_keys(['example_xcom']) retrieved from /home/airflow/.local/lib/python3.7/site-packages/airflow/example_dags/example_xcom.py
[2023-08-10T00:15:58.787+0000] {logging_mixin.py:150} INFO - [2023-08-10T00:15:58.787+0000] {dag.py:2742} INFO - Sync 1 DAGs
[2023-08-10T00:15:58.801+0000] {logging_mixin.py:150} INFO - [2023-08-10T00:15:58.801+0000] {dag.py:3508} INFO - Setting next_dagrun for example_xcom to 2021-01-01T00:00:00+00:00, run_after=2021-01-01T00:00:00+00:00
[2023-08-10T00:15:58.810+0000] {processor.py:179} INFO - Processing /home/airflow/.local/lib/python3.7/site-packages/airflow/example_dags/example_xcom.py took 0.050 seconds
[2023-08-10T00:16:28.941+0000] {processor.py:157} INFO - Started process (PID=1646) to work on /home/airflow/.local/lib/python3.7/site-packages/airflow/example_dags/example_xcom.py
[2023-08-10T00:16:28.942+0000] {processor.py:826} INFO - Processing file /home/airflow/.local/lib/python3.7/site-packages/airflow/example_dags/example_xcom.py for tasks to queue
[2023-08-10T00:16:28.943+0000] {logging_mixin.py:150} INFO - [2023-08-10T00:16:28.943+0000] {dagbag.py:541} INFO - Filling up the DagBag from /home/airflow/.local/lib/python3.7/site-packages/airflow/example_dags/example_xcom.py
[2023-08-10T00:16:28.948+0000] {processor.py:836} INFO - DAG(s) dict_keys(['example_xcom']) retrieved from /home/airflow/.local/lib/python3.7/site-packages/airflow/example_dags/example_xcom.py
[2023-08-10T00:16:28.966+0000] {logging_mixin.py:150} INFO - [2023-08-10T00:16:28.966+0000] {dag.py:2742} INFO - Sync 1 DAGs
[2023-08-10T00:16:28.980+0000] {logging_mixin.py:150} INFO - [2023-08-10T00:16:28.979+0000] {dag.py:3508} INFO - Setting next_dagrun for example_xcom to 2021-01-01T00:00:00+00:00, run_after=2021-01-01T00:00:00+00:00
[2023-08-10T00:16:28.989+0000] {processor.py:179} INFO - Processing /home/airflow/.local/lib/python3.7/site-packages/airflow/example_dags/example_xcom.py took 0.051 seconds
[2023-08-10T00:16:59.204+0000] {processor.py:157} INFO - Started process (PID=1705) to work on /home/airflow/.local/lib/python3.7/site-packages/airflow/example_dags/example_xcom.py
[2023-08-10T00:16:59.205+0000] {processor.py:826} INFO - Processing file /home/airflow/.local/lib/python3.7/site-packages/airflow/example_dags/example_xcom.py for tasks to queue
[2023-08-10T00:16:59.206+0000] {logging_mixin.py:150} INFO - [2023-08-10T00:16:59.206+0000] {dagbag.py:541} INFO - Filling up the DagBag from /home/airflow/.local/lib/python3.7/site-packages/airflow/example_dags/example_xcom.py
[2023-08-10T00:16:59.212+0000] {processor.py:836} INFO - DAG(s) dict_keys(['example_xcom']) retrieved from /home/airflow/.local/lib/python3.7/site-packages/airflow/example_dags/example_xcom.py
[2023-08-10T00:16:59.229+0000] {logging_mixin.py:150} INFO - [2023-08-10T00:16:59.229+0000] {dag.py:2742} INFO - Sync 1 DAGs
[2023-08-10T00:16:59.243+0000] {logging_mixin.py:150} INFO - [2023-08-10T00:16:59.243+0000] {dag.py:3508} INFO - Setting next_dagrun for example_xcom to 2021-01-01T00:00:00+00:00, run_after=2021-01-01T00:00:00+00:00
[2023-08-10T00:16:59.253+0000] {processor.py:179} INFO - Processing /home/airflow/.local/lib/python3.7/site-packages/airflow/example_dags/example_xcom.py took 0.052 seconds
[2023-08-10T00:17:29.497+0000] {processor.py:157} INFO - Started process (PID=1764) to work on /home/airflow/.local/lib/python3.7/site-packages/airflow/example_dags/example_xcom.py
[2023-08-10T00:17:29.498+0000] {processor.py:826} INFO - Processing file /home/airflow/.local/lib/python3.7/site-packages/airflow/example_dags/example_xcom.py for tasks to queue
[2023-08-10T00:17:29.499+0000] {logging_mixin.py:150} INFO - [2023-08-10T00:17:29.499+0000] {dagbag.py:541} INFO - Filling up the DagBag from /home/airflow/.local/lib/python3.7/site-packages/airflow/example_dags/example_xcom.py
[2023-08-10T00:17:29.506+0000] {processor.py:836} INFO - DAG(s) dict_keys(['example_xcom']) retrieved from /home/airflow/.local/lib/python3.7/site-packages/airflow/example_dags/example_xcom.py
[2023-08-10T00:17:29.523+0000] {logging_mixin.py:150} INFO - [2023-08-10T00:17:29.523+0000] {dag.py:2742} INFO - Sync 1 DAGs
[2023-08-10T00:17:29.537+0000] {logging_mixin.py:150} INFO - [2023-08-10T00:17:29.537+0000] {dag.py:3508} INFO - Setting next_dagrun for example_xcom to 2021-01-01T00:00:00+00:00, run_after=2021-01-01T00:00:00+00:00
[2023-08-10T00:17:29.546+0000] {processor.py:179} INFO - Processing /home/airflow/.local/lib/python3.7/site-packages/airflow/example_dags/example_xcom.py took 0.052 seconds
[2023-08-10T00:17:59.750+0000] {processor.py:157} INFO - Started process (PID=1823) to work on /home/airflow/.local/lib/python3.7/site-packages/airflow/example_dags/example_xcom.py
[2023-08-10T00:17:59.751+0000] {processor.py:826} INFO - Processing file /home/airflow/.local/lib/python3.7/site-packages/airflow/example_dags/example_xcom.py for tasks to queue
[2023-08-10T00:17:59.752+0000] {logging_mixin.py:150} INFO - [2023-08-10T00:17:59.752+0000] {dagbag.py:541} INFO - Filling up the DagBag from /home/airflow/.local/lib/python3.7/site-packages/airflow/example_dags/example_xcom.py
[2023-08-10T00:17:59.759+0000] {processor.py:836} INFO - DAG(s) dict_keys(['example_xcom']) retrieved from /home/airflow/.local/lib/python3.7/site-packages/airflow/example_dags/example_xcom.py
[2023-08-10T00:17:59.781+0000] {logging_mixin.py:150} INFO - [2023-08-10T00:17:59.781+0000] {dag.py:2742} INFO - Sync 1 DAGs
[2023-08-10T00:17:59.795+0000] {logging_mixin.py:150} INFO - [2023-08-10T00:17:59.795+0000] {dag.py:3508} INFO - Setting next_dagrun for example_xcom to 2021-01-01T00:00:00+00:00, run_after=2021-01-01T00:00:00+00:00
[2023-08-10T00:17:59.804+0000] {processor.py:179} INFO - Processing /home/airflow/.local/lib/python3.7/site-packages/airflow/example_dags/example_xcom.py took 0.057 seconds
[2023-08-10T00:18:30.107+0000] {processor.py:157} INFO - Started process (PID=1882) to work on /home/airflow/.local/lib/python3.7/site-packages/airflow/example_dags/example_xcom.py
[2023-08-10T00:18:30.107+0000] {processor.py:826} INFO - Processing file /home/airflow/.local/lib/python3.7/site-packages/airflow/example_dags/example_xcom.py for tasks to queue
[2023-08-10T00:18:30.108+0000] {logging_mixin.py:150} INFO - [2023-08-10T00:18:30.108+0000] {dagbag.py:541} INFO - Filling up the DagBag from /home/airflow/.local/lib/python3.7/site-packages/airflow/example_dags/example_xcom.py
[2023-08-10T00:18:30.114+0000] {processor.py:836} INFO - DAG(s) dict_keys(['example_xcom']) retrieved from /home/airflow/.local/lib/python3.7/site-packages/airflow/example_dags/example_xcom.py
[2023-08-10T00:18:30.131+0000] {logging_mixin.py:150} INFO - [2023-08-10T00:18:30.131+0000] {dag.py:2742} INFO - Sync 1 DAGs
[2023-08-10T00:18:30.145+0000] {logging_mixin.py:150} INFO - [2023-08-10T00:18:30.145+0000] {dag.py:3508} INFO - Setting next_dagrun for example_xcom to 2021-01-01T00:00:00+00:00, run_after=2021-01-01T00:00:00+00:00
[2023-08-10T00:18:30.155+0000] {processor.py:179} INFO - Processing /home/airflow/.local/lib/python3.7/site-packages/airflow/example_dags/example_xcom.py took 0.051 seconds
[2023-08-10T00:19:00.438+0000] {processor.py:157} INFO - Started process (PID=1942) to work on /home/airflow/.local/lib/python3.7/site-packages/airflow/example_dags/example_xcom.py
[2023-08-10T00:19:00.439+0000] {processor.py:826} INFO - Processing file /home/airflow/.local/lib/python3.7/site-packages/airflow/example_dags/example_xcom.py for tasks to queue
[2023-08-10T00:19:00.440+0000] {logging_mixin.py:150} INFO - [2023-08-10T00:19:00.439+0000] {dagbag.py:541} INFO - Filling up the DagBag from /home/airflow/.local/lib/python3.7/site-packages/airflow/example_dags/example_xcom.py
[2023-08-10T00:19:00.445+0000] {processor.py:836} INFO - DAG(s) dict_keys(['example_xcom']) retrieved from /home/airflow/.local/lib/python3.7/site-packages/airflow/example_dags/example_xcom.py
[2023-08-10T00:19:00.462+0000] {logging_mixin.py:150} INFO - [2023-08-10T00:19:00.461+0000] {dag.py:2742} INFO - Sync 1 DAGs
[2023-08-10T00:19:00.475+0000] {logging_mixin.py:150} INFO - [2023-08-10T00:19:00.475+0000] {dag.py:3508} INFO - Setting next_dagrun for example_xcom to 2021-01-01T00:00:00+00:00, run_after=2021-01-01T00:00:00+00:00
[2023-08-10T00:19:00.485+0000] {processor.py:179} INFO - Processing /home/airflow/.local/lib/python3.7/site-packages/airflow/example_dags/example_xcom.py took 0.050 seconds
[2023-08-10T00:19:30.676+0000] {processor.py:157} INFO - Started process (PID=2001) to work on /home/airflow/.local/lib/python3.7/site-packages/airflow/example_dags/example_xcom.py
[2023-08-10T00:19:30.677+0000] {processor.py:826} INFO - Processing file /home/airflow/.local/lib/python3.7/site-packages/airflow/example_dags/example_xcom.py for tasks to queue
[2023-08-10T00:19:30.678+0000] {logging_mixin.py:150} INFO - [2023-08-10T00:19:30.677+0000] {dagbag.py:541} INFO - Filling up the DagBag from /home/airflow/.local/lib/python3.7/site-packages/airflow/example_dags/example_xcom.py
[2023-08-10T00:19:30.683+0000] {processor.py:836} INFO - DAG(s) dict_keys(['example_xcom']) retrieved from /home/airflow/.local/lib/python3.7/site-packages/airflow/example_dags/example_xcom.py
[2023-08-10T00:19:30.700+0000] {logging_mixin.py:150} INFO - [2023-08-10T00:19:30.700+0000] {dag.py:2742} INFO - Sync 1 DAGs
[2023-08-10T00:19:30.713+0000] {logging_mixin.py:150} INFO - [2023-08-10T00:19:30.713+0000] {dag.py:3508} INFO - Setting next_dagrun for example_xcom to 2021-01-01T00:00:00+00:00, run_after=2021-01-01T00:00:00+00:00
[2023-08-10T00:19:30.723+0000] {processor.py:179} INFO - Processing /home/airflow/.local/lib/python3.7/site-packages/airflow/example_dags/example_xcom.py took 0.049 seconds
