[2023-08-10T00:10:43.488+0000] {processor.py:157} INFO - Started process (PID=1461) to work on /home/airflow/.local/lib/python3.7/site-packages/airflow/example_dags/example_dynamic_task_mapping_with_no_taskflow_operators.py
[2023-08-10T00:10:43.489+0000] {processor.py:826} INFO - Processing file /home/airflow/.local/lib/python3.7/site-packages/airflow/example_dags/example_dynamic_task_mapping_with_no_taskflow_operators.py for tasks to queue
[2023-08-10T00:10:43.490+0000] {logging_mixin.py:150} INFO - [2023-08-10T00:10:43.489+0000] {dagbag.py:541} INFO - Filling up the DagBag from /home/airflow/.local/lib/python3.7/site-packages/airflow/example_dags/example_dynamic_task_mapping_with_no_taskflow_operators.py
[2023-08-10T00:10:43.495+0000] {processor.py:836} INFO - DAG(s) dict_keys(['example_dynamic_task_mapping_with_no_taskflow_operators']) retrieved from /home/airflow/.local/lib/python3.7/site-packages/airflow/example_dags/example_dynamic_task_mapping_with_no_taskflow_operators.py
[2023-08-10T00:10:43.511+0000] {logging_mixin.py:150} INFO - [2023-08-10T00:10:43.511+0000] {dag.py:2742} INFO - Sync 1 DAGs
[2023-08-10T00:10:43.526+0000] {logging_mixin.py:150} INFO - [2023-08-10T00:10:43.526+0000] {dag.py:3508} INFO - Setting next_dagrun for example_dynamic_task_mapping_with_no_taskflow_operators to 2023-08-09T00:10:43.526070+00:00, run_after=2023-08-10T00:10:43.526070+00:00
[2023-08-10T00:10:43.535+0000] {processor.py:179} INFO - Processing /home/airflow/.local/lib/python3.7/site-packages/airflow/example_dags/example_dynamic_task_mapping_with_no_taskflow_operators.py took 0.050 seconds
[2023-08-10T00:15:27.748+0000] {processor.py:157} INFO - Started process (PID=1520) to work on /home/airflow/.local/lib/python3.7/site-packages/airflow/example_dags/example_dynamic_task_mapping_with_no_taskflow_operators.py
[2023-08-10T00:15:27.750+0000] {processor.py:826} INFO - Processing file /home/airflow/.local/lib/python3.7/site-packages/airflow/example_dags/example_dynamic_task_mapping_with_no_taskflow_operators.py for tasks to queue
[2023-08-10T00:15:27.750+0000] {logging_mixin.py:150} INFO - [2023-08-10T00:15:27.750+0000] {dagbag.py:541} INFO - Filling up the DagBag from /home/airflow/.local/lib/python3.7/site-packages/airflow/example_dags/example_dynamic_task_mapping_with_no_taskflow_operators.py
[2023-08-10T00:15:27.756+0000] {processor.py:836} INFO - DAG(s) dict_keys(['example_dynamic_task_mapping_with_no_taskflow_operators']) retrieved from /home/airflow/.local/lib/python3.7/site-packages/airflow/example_dags/example_dynamic_task_mapping_with_no_taskflow_operators.py
[2023-08-10T00:15:27.772+0000] {logging_mixin.py:150} INFO - [2023-08-10T00:15:27.772+0000] {dag.py:2742} INFO - Sync 1 DAGs
[2023-08-10T00:15:27.786+0000] {logging_mixin.py:150} INFO - [2023-08-10T00:15:27.786+0000] {dag.py:3508} INFO - Setting next_dagrun for example_dynamic_task_mapping_with_no_taskflow_operators to 2023-08-09T00:15:27.786477+00:00, run_after=2023-08-10T00:15:27.786477+00:00
[2023-08-10T00:15:27.796+0000] {processor.py:179} INFO - Processing /home/airflow/.local/lib/python3.7/site-packages/airflow/example_dags/example_dynamic_task_mapping_with_no_taskflow_operators.py took 0.050 seconds
[2023-08-10T00:15:58.510+0000] {processor.py:157} INFO - Started process (PID=1579) to work on /home/airflow/.local/lib/python3.7/site-packages/airflow/example_dags/example_dynamic_task_mapping_with_no_taskflow_operators.py
[2023-08-10T00:15:58.511+0000] {processor.py:826} INFO - Processing file /home/airflow/.local/lib/python3.7/site-packages/airflow/example_dags/example_dynamic_task_mapping_with_no_taskflow_operators.py for tasks to queue
[2023-08-10T00:15:58.512+0000] {logging_mixin.py:150} INFO - [2023-08-10T00:15:58.512+0000] {dagbag.py:541} INFO - Filling up the DagBag from /home/airflow/.local/lib/python3.7/site-packages/airflow/example_dags/example_dynamic_task_mapping_with_no_taskflow_operators.py
[2023-08-10T00:15:58.518+0000] {processor.py:836} INFO - DAG(s) dict_keys(['example_dynamic_task_mapping_with_no_taskflow_operators']) retrieved from /home/airflow/.local/lib/python3.7/site-packages/airflow/example_dags/example_dynamic_task_mapping_with_no_taskflow_operators.py
[2023-08-10T00:15:58.534+0000] {logging_mixin.py:150} INFO - [2023-08-10T00:15:58.534+0000] {dag.py:2742} INFO - Sync 1 DAGs
[2023-08-10T00:15:58.548+0000] {logging_mixin.py:150} INFO - [2023-08-10T00:15:58.548+0000] {dag.py:3508} INFO - Setting next_dagrun for example_dynamic_task_mapping_with_no_taskflow_operators to 2023-08-09T00:15:58.548080+00:00, run_after=2023-08-10T00:15:58.548080+00:00
[2023-08-10T00:15:58.557+0000] {processor.py:179} INFO - Processing /home/airflow/.local/lib/python3.7/site-packages/airflow/example_dags/example_dynamic_task_mapping_with_no_taskflow_operators.py took 0.049 seconds
[2023-08-10T00:16:28.638+0000] {processor.py:157} INFO - Started process (PID=1638) to work on /home/airflow/.local/lib/python3.7/site-packages/airflow/example_dags/example_dynamic_task_mapping_with_no_taskflow_operators.py
[2023-08-10T00:16:28.639+0000] {processor.py:826} INFO - Processing file /home/airflow/.local/lib/python3.7/site-packages/airflow/example_dags/example_dynamic_task_mapping_with_no_taskflow_operators.py for tasks to queue
[2023-08-10T00:16:28.640+0000] {logging_mixin.py:150} INFO - [2023-08-10T00:16:28.640+0000] {dagbag.py:541} INFO - Filling up the DagBag from /home/airflow/.local/lib/python3.7/site-packages/airflow/example_dags/example_dynamic_task_mapping_with_no_taskflow_operators.py
[2023-08-10T00:16:28.646+0000] {processor.py:836} INFO - DAG(s) dict_keys(['example_dynamic_task_mapping_with_no_taskflow_operators']) retrieved from /home/airflow/.local/lib/python3.7/site-packages/airflow/example_dags/example_dynamic_task_mapping_with_no_taskflow_operators.py
[2023-08-10T00:16:28.663+0000] {logging_mixin.py:150} INFO - [2023-08-10T00:16:28.663+0000] {dag.py:2742} INFO - Sync 1 DAGs
[2023-08-10T00:16:28.677+0000] {logging_mixin.py:150} INFO - [2023-08-10T00:16:28.677+0000] {dag.py:3508} INFO - Setting next_dagrun for example_dynamic_task_mapping_with_no_taskflow_operators to 2023-08-09T00:16:28.677514+00:00, run_after=2023-08-10T00:16:28.677514+00:00
[2023-08-10T00:16:28.687+0000] {processor.py:179} INFO - Processing /home/airflow/.local/lib/python3.7/site-packages/airflow/example_dags/example_dynamic_task_mapping_with_no_taskflow_operators.py took 0.051 seconds
[2023-08-10T00:16:58.944+0000] {processor.py:157} INFO - Started process (PID=1697) to work on /home/airflow/.local/lib/python3.7/site-packages/airflow/example_dags/example_dynamic_task_mapping_with_no_taskflow_operators.py
[2023-08-10T00:16:58.945+0000] {processor.py:826} INFO - Processing file /home/airflow/.local/lib/python3.7/site-packages/airflow/example_dags/example_dynamic_task_mapping_with_no_taskflow_operators.py for tasks to queue
[2023-08-10T00:16:58.946+0000] {logging_mixin.py:150} INFO - [2023-08-10T00:16:58.945+0000] {dagbag.py:541} INFO - Filling up the DagBag from /home/airflow/.local/lib/python3.7/site-packages/airflow/example_dags/example_dynamic_task_mapping_with_no_taskflow_operators.py
[2023-08-10T00:16:58.952+0000] {processor.py:836} INFO - DAG(s) dict_keys(['example_dynamic_task_mapping_with_no_taskflow_operators']) retrieved from /home/airflow/.local/lib/python3.7/site-packages/airflow/example_dags/example_dynamic_task_mapping_with_no_taskflow_operators.py
[2023-08-10T00:16:58.968+0000] {logging_mixin.py:150} INFO - [2023-08-10T00:16:58.967+0000] {dag.py:2742} INFO - Sync 1 DAGs
[2023-08-10T00:16:58.982+0000] {logging_mixin.py:150} INFO - [2023-08-10T00:16:58.982+0000] {dag.py:3508} INFO - Setting next_dagrun for example_dynamic_task_mapping_with_no_taskflow_operators to 2023-08-09T00:16:58.981803+00:00, run_after=2023-08-10T00:16:58.981803+00:00
[2023-08-10T00:16:58.991+0000] {processor.py:179} INFO - Processing /home/airflow/.local/lib/python3.7/site-packages/airflow/example_dags/example_dynamic_task_mapping_with_no_taskflow_operators.py took 0.050 seconds
[2023-08-10T00:17:29.239+0000] {processor.py:157} INFO - Started process (PID=1756) to work on /home/airflow/.local/lib/python3.7/site-packages/airflow/example_dags/example_dynamic_task_mapping_with_no_taskflow_operators.py
[2023-08-10T00:17:29.240+0000] {processor.py:826} INFO - Processing file /home/airflow/.local/lib/python3.7/site-packages/airflow/example_dags/example_dynamic_task_mapping_with_no_taskflow_operators.py for tasks to queue
[2023-08-10T00:17:29.241+0000] {logging_mixin.py:150} INFO - [2023-08-10T00:17:29.241+0000] {dagbag.py:541} INFO - Filling up the DagBag from /home/airflow/.local/lib/python3.7/site-packages/airflow/example_dags/example_dynamic_task_mapping_with_no_taskflow_operators.py
[2023-08-10T00:17:29.247+0000] {processor.py:836} INFO - DAG(s) dict_keys(['example_dynamic_task_mapping_with_no_taskflow_operators']) retrieved from /home/airflow/.local/lib/python3.7/site-packages/airflow/example_dags/example_dynamic_task_mapping_with_no_taskflow_operators.py
[2023-08-10T00:17:29.263+0000] {logging_mixin.py:150} INFO - [2023-08-10T00:17:29.263+0000] {dag.py:2742} INFO - Sync 1 DAGs
[2023-08-10T00:17:29.277+0000] {logging_mixin.py:150} INFO - [2023-08-10T00:17:29.277+0000] {dag.py:3508} INFO - Setting next_dagrun for example_dynamic_task_mapping_with_no_taskflow_operators to 2023-08-09T00:17:29.276946+00:00, run_after=2023-08-10T00:17:29.276946+00:00
[2023-08-10T00:17:29.286+0000] {processor.py:179} INFO - Processing /home/airflow/.local/lib/python3.7/site-packages/airflow/example_dags/example_dynamic_task_mapping_with_no_taskflow_operators.py took 0.050 seconds
[2023-08-10T00:17:59.513+0000] {processor.py:157} INFO - Started process (PID=1815) to work on /home/airflow/.local/lib/python3.7/site-packages/airflow/example_dags/example_dynamic_task_mapping_with_no_taskflow_operators.py
[2023-08-10T00:17:59.514+0000] {processor.py:826} INFO - Processing file /home/airflow/.local/lib/python3.7/site-packages/airflow/example_dags/example_dynamic_task_mapping_with_no_taskflow_operators.py for tasks to queue
[2023-08-10T00:17:59.515+0000] {logging_mixin.py:150} INFO - [2023-08-10T00:17:59.515+0000] {dagbag.py:541} INFO - Filling up the DagBag from /home/airflow/.local/lib/python3.7/site-packages/airflow/example_dags/example_dynamic_task_mapping_with_no_taskflow_operators.py
[2023-08-10T00:17:59.520+0000] {processor.py:836} INFO - DAG(s) dict_keys(['example_dynamic_task_mapping_with_no_taskflow_operators']) retrieved from /home/airflow/.local/lib/python3.7/site-packages/airflow/example_dags/example_dynamic_task_mapping_with_no_taskflow_operators.py
[2023-08-10T00:17:59.536+0000] {logging_mixin.py:150} INFO - [2023-08-10T00:17:59.536+0000] {dag.py:2742} INFO - Sync 1 DAGs
[2023-08-10T00:17:59.550+0000] {logging_mixin.py:150} INFO - [2023-08-10T00:17:59.550+0000] {dag.py:3508} INFO - Setting next_dagrun for example_dynamic_task_mapping_with_no_taskflow_operators to 2023-08-09T00:17:59.550215+00:00, run_after=2023-08-10T00:17:59.550215+00:00
[2023-08-10T00:17:59.560+0000] {processor.py:179} INFO - Processing /home/airflow/.local/lib/python3.7/site-packages/airflow/example_dags/example_dynamic_task_mapping_with_no_taskflow_operators.py took 0.049 seconds
[2023-08-10T00:18:29.850+0000] {processor.py:157} INFO - Started process (PID=1874) to work on /home/airflow/.local/lib/python3.7/site-packages/airflow/example_dags/example_dynamic_task_mapping_with_no_taskflow_operators.py
[2023-08-10T00:18:29.851+0000] {processor.py:826} INFO - Processing file /home/airflow/.local/lib/python3.7/site-packages/airflow/example_dags/example_dynamic_task_mapping_with_no_taskflow_operators.py for tasks to queue
[2023-08-10T00:18:29.852+0000] {logging_mixin.py:150} INFO - [2023-08-10T00:18:29.852+0000] {dagbag.py:541} INFO - Filling up the DagBag from /home/airflow/.local/lib/python3.7/site-packages/airflow/example_dags/example_dynamic_task_mapping_with_no_taskflow_operators.py
[2023-08-10T00:18:29.858+0000] {processor.py:836} INFO - DAG(s) dict_keys(['example_dynamic_task_mapping_with_no_taskflow_operators']) retrieved from /home/airflow/.local/lib/python3.7/site-packages/airflow/example_dags/example_dynamic_task_mapping_with_no_taskflow_operators.py
[2023-08-10T00:18:29.874+0000] {logging_mixin.py:150} INFO - [2023-08-10T00:18:29.874+0000] {dag.py:2742} INFO - Sync 1 DAGs
[2023-08-10T00:18:29.888+0000] {logging_mixin.py:150} INFO - [2023-08-10T00:18:29.888+0000] {dag.py:3508} INFO - Setting next_dagrun for example_dynamic_task_mapping_with_no_taskflow_operators to 2023-08-09T00:18:29.888192+00:00, run_after=2023-08-10T00:18:29.888192+00:00
[2023-08-10T00:18:29.897+0000] {processor.py:179} INFO - Processing /home/airflow/.local/lib/python3.7/site-packages/airflow/example_dags/example_dynamic_task_mapping_with_no_taskflow_operators.py took 0.049 seconds
[2023-08-10T00:19:00.170+0000] {processor.py:157} INFO - Started process (PID=1934) to work on /home/airflow/.local/lib/python3.7/site-packages/airflow/example_dags/example_dynamic_task_mapping_with_no_taskflow_operators.py
[2023-08-10T00:19:00.171+0000] {processor.py:826} INFO - Processing file /home/airflow/.local/lib/python3.7/site-packages/airflow/example_dags/example_dynamic_task_mapping_with_no_taskflow_operators.py for tasks to queue
[2023-08-10T00:19:00.172+0000] {logging_mixin.py:150} INFO - [2023-08-10T00:19:00.172+0000] {dagbag.py:541} INFO - Filling up the DagBag from /home/airflow/.local/lib/python3.7/site-packages/airflow/example_dags/example_dynamic_task_mapping_with_no_taskflow_operators.py
[2023-08-10T00:19:00.177+0000] {processor.py:836} INFO - DAG(s) dict_keys(['example_dynamic_task_mapping_with_no_taskflow_operators']) retrieved from /home/airflow/.local/lib/python3.7/site-packages/airflow/example_dags/example_dynamic_task_mapping_with_no_taskflow_operators.py
[2023-08-10T00:19:00.194+0000] {logging_mixin.py:150} INFO - [2023-08-10T00:19:00.194+0000] {dag.py:2742} INFO - Sync 1 DAGs
[2023-08-10T00:19:00.208+0000] {logging_mixin.py:150} INFO - [2023-08-10T00:19:00.208+0000] {dag.py:3508} INFO - Setting next_dagrun for example_dynamic_task_mapping_with_no_taskflow_operators to 2023-08-09T00:19:00.208200+00:00, run_after=2023-08-10T00:19:00.208200+00:00
[2023-08-10T00:19:00.218+0000] {processor.py:179} INFO - Processing /home/airflow/.local/lib/python3.7/site-packages/airflow/example_dags/example_dynamic_task_mapping_with_no_taskflow_operators.py took 0.051 seconds
[2023-08-10T00:19:30.438+0000] {processor.py:157} INFO - Started process (PID=1993) to work on /home/airflow/.local/lib/python3.7/site-packages/airflow/example_dags/example_dynamic_task_mapping_with_no_taskflow_operators.py
[2023-08-10T00:19:30.439+0000] {processor.py:826} INFO - Processing file /home/airflow/.local/lib/python3.7/site-packages/airflow/example_dags/example_dynamic_task_mapping_with_no_taskflow_operators.py for tasks to queue
[2023-08-10T00:19:30.440+0000] {logging_mixin.py:150} INFO - [2023-08-10T00:19:30.440+0000] {dagbag.py:541} INFO - Filling up the DagBag from /home/airflow/.local/lib/python3.7/site-packages/airflow/example_dags/example_dynamic_task_mapping_with_no_taskflow_operators.py
[2023-08-10T00:19:30.446+0000] {processor.py:836} INFO - DAG(s) dict_keys(['example_dynamic_task_mapping_with_no_taskflow_operators']) retrieved from /home/airflow/.local/lib/python3.7/site-packages/airflow/example_dags/example_dynamic_task_mapping_with_no_taskflow_operators.py
[2023-08-10T00:19:30.461+0000] {logging_mixin.py:150} INFO - [2023-08-10T00:19:30.461+0000] {dag.py:2742} INFO - Sync 1 DAGs
[2023-08-10T00:19:30.475+0000] {logging_mixin.py:150} INFO - [2023-08-10T00:19:30.475+0000] {dag.py:3508} INFO - Setting next_dagrun for example_dynamic_task_mapping_with_no_taskflow_operators to 2023-08-09T00:19:30.475155+00:00, run_after=2023-08-10T00:19:30.475155+00:00
[2023-08-10T00:19:30.485+0000] {processor.py:179} INFO - Processing /home/airflow/.local/lib/python3.7/site-packages/airflow/example_dags/example_dynamic_task_mapping_with_no_taskflow_operators.py took 0.049 seconds
