[2023-08-10T00:10:44.392+0000] {processor.py:157} INFO - Started process (PID=1481) to work on /home/airflow/.local/lib/python3.7/site-packages/airflow/example_dags/example_sla_dag.py
[2023-08-10T00:10:44.392+0000] {processor.py:826} INFO - Processing file /home/airflow/.local/lib/python3.7/site-packages/airflow/example_dags/example_sla_dag.py for tasks to queue
[2023-08-10T00:10:44.393+0000] {logging_mixin.py:150} INFO - [2023-08-10T00:10:44.393+0000] {dagbag.py:541} INFO - Filling up the DagBag from /home/airflow/.local/lib/python3.7/site-packages/airflow/example_dags/example_sla_dag.py
[2023-08-10T00:10:44.399+0000] {processor.py:836} INFO - DAG(s) dict_keys(['example_sla_dag']) retrieved from /home/airflow/.local/lib/python3.7/site-packages/airflow/example_dags/example_sla_dag.py
[2023-08-10T00:10:44.417+0000] {logging_mixin.py:150} INFO - [2023-08-10T00:10:44.417+0000] {dag.py:2742} INFO - Sync 1 DAGs
[2023-08-10T00:10:44.432+0000] {logging_mixin.py:150} INFO - [2023-08-10T00:10:44.432+0000] {dag.py:3508} INFO - Setting next_dagrun for example_sla_dag to 2023-08-10T00:08:00+00:00, run_after=2023-08-10T00:10:00+00:00
[2023-08-10T00:10:44.442+0000] {processor.py:179} INFO - Processing /home/airflow/.local/lib/python3.7/site-packages/airflow/example_dags/example_sla_dag.py took 0.053 seconds
[2023-08-10T00:15:28.657+0000] {processor.py:157} INFO - Started process (PID=1540) to work on /home/airflow/.local/lib/python3.7/site-packages/airflow/example_dags/example_sla_dag.py
[2023-08-10T00:15:28.658+0000] {processor.py:826} INFO - Processing file /home/airflow/.local/lib/python3.7/site-packages/airflow/example_dags/example_sla_dag.py for tasks to queue
[2023-08-10T00:15:28.659+0000] {logging_mixin.py:150} INFO - [2023-08-10T00:15:28.659+0000] {dagbag.py:541} INFO - Filling up the DagBag from /home/airflow/.local/lib/python3.7/site-packages/airflow/example_dags/example_sla_dag.py
[2023-08-10T00:15:28.665+0000] {processor.py:836} INFO - DAG(s) dict_keys(['example_sla_dag']) retrieved from /home/airflow/.local/lib/python3.7/site-packages/airflow/example_dags/example_sla_dag.py
[2023-08-10T00:15:28.681+0000] {logging_mixin.py:150} INFO - [2023-08-10T00:15:28.681+0000] {dag.py:2742} INFO - Sync 1 DAGs
[2023-08-10T00:15:28.697+0000] {logging_mixin.py:150} INFO - [2023-08-10T00:15:28.697+0000] {dag.py:3508} INFO - Setting next_dagrun for example_sla_dag to 2023-08-10T00:12:00+00:00, run_after=2023-08-10T00:14:00+00:00
[2023-08-10T00:15:28.707+0000] {processor.py:179} INFO - Processing /home/airflow/.local/lib/python3.7/site-packages/airflow/example_dags/example_sla_dag.py took 0.053 seconds
[2023-08-10T00:15:59.308+0000] {processor.py:157} INFO - Started process (PID=1599) to work on /home/airflow/.local/lib/python3.7/site-packages/airflow/example_dags/example_sla_dag.py
[2023-08-10T00:15:59.309+0000] {processor.py:826} INFO - Processing file /home/airflow/.local/lib/python3.7/site-packages/airflow/example_dags/example_sla_dag.py for tasks to queue
[2023-08-10T00:15:59.310+0000] {logging_mixin.py:150} INFO - [2023-08-10T00:15:59.310+0000] {dagbag.py:541} INFO - Filling up the DagBag from /home/airflow/.local/lib/python3.7/site-packages/airflow/example_dags/example_sla_dag.py
[2023-08-10T00:15:59.316+0000] {processor.py:836} INFO - DAG(s) dict_keys(['example_sla_dag']) retrieved from /home/airflow/.local/lib/python3.7/site-packages/airflow/example_dags/example_sla_dag.py
[2023-08-10T00:15:59.332+0000] {logging_mixin.py:150} INFO - [2023-08-10T00:15:59.332+0000] {dag.py:2742} INFO - Sync 1 DAGs
[2023-08-10T00:15:59.347+0000] {logging_mixin.py:150} INFO - [2023-08-10T00:15:59.347+0000] {dag.py:3508} INFO - Setting next_dagrun for example_sla_dag to 2023-08-10T00:12:00+00:00, run_after=2023-08-10T00:14:00+00:00
[2023-08-10T00:15:59.357+0000] {processor.py:179} INFO - Processing /home/airflow/.local/lib/python3.7/site-packages/airflow/example_dags/example_sla_dag.py took 0.052 seconds
[2023-08-10T00:16:29.549+0000] {processor.py:157} INFO - Started process (PID=1658) to work on /home/airflow/.local/lib/python3.7/site-packages/airflow/example_dags/example_sla_dag.py
[2023-08-10T00:16:29.550+0000] {processor.py:826} INFO - Processing file /home/airflow/.local/lib/python3.7/site-packages/airflow/example_dags/example_sla_dag.py for tasks to queue
[2023-08-10T00:16:29.551+0000] {logging_mixin.py:150} INFO - [2023-08-10T00:16:29.551+0000] {dagbag.py:541} INFO - Filling up the DagBag from /home/airflow/.local/lib/python3.7/site-packages/airflow/example_dags/example_sla_dag.py
[2023-08-10T00:16:29.556+0000] {processor.py:836} INFO - DAG(s) dict_keys(['example_sla_dag']) retrieved from /home/airflow/.local/lib/python3.7/site-packages/airflow/example_dags/example_sla_dag.py
[2023-08-10T00:16:29.573+0000] {logging_mixin.py:150} INFO - [2023-08-10T00:16:29.573+0000] {dag.py:2742} INFO - Sync 1 DAGs
[2023-08-10T00:16:29.589+0000] {logging_mixin.py:150} INFO - [2023-08-10T00:16:29.589+0000] {dag.py:3508} INFO - Setting next_dagrun for example_sla_dag to 2023-08-10T00:14:00+00:00, run_after=2023-08-10T00:16:00+00:00
[2023-08-10T00:16:29.598+0000] {processor.py:179} INFO - Processing /home/airflow/.local/lib/python3.7/site-packages/airflow/example_dags/example_sla_dag.py took 0.052 seconds
[2023-08-10T00:16:59.812+0000] {processor.py:157} INFO - Started process (PID=1716) to work on /home/airflow/.local/lib/python3.7/site-packages/airflow/example_dags/example_sla_dag.py
[2023-08-10T00:16:59.813+0000] {processor.py:826} INFO - Processing file /home/airflow/.local/lib/python3.7/site-packages/airflow/example_dags/example_sla_dag.py for tasks to queue
[2023-08-10T00:16:59.814+0000] {logging_mixin.py:150} INFO - [2023-08-10T00:16:59.814+0000] {dagbag.py:541} INFO - Filling up the DagBag from /home/airflow/.local/lib/python3.7/site-packages/airflow/example_dags/example_sla_dag.py
[2023-08-10T00:16:59.820+0000] {processor.py:836} INFO - DAG(s) dict_keys(['example_sla_dag']) retrieved from /home/airflow/.local/lib/python3.7/site-packages/airflow/example_dags/example_sla_dag.py
[2023-08-10T00:16:59.836+0000] {logging_mixin.py:150} INFO - [2023-08-10T00:16:59.836+0000] {dag.py:2742} INFO - Sync 1 DAGs
[2023-08-10T00:16:59.851+0000] {logging_mixin.py:150} INFO - [2023-08-10T00:16:59.851+0000] {dag.py:3508} INFO - Setting next_dagrun for example_sla_dag to 2023-08-10T00:14:00+00:00, run_after=2023-08-10T00:16:00+00:00
[2023-08-10T00:16:59.860+0000] {processor.py:179} INFO - Processing /home/airflow/.local/lib/python3.7/site-packages/airflow/example_dags/example_sla_dag.py took 0.050 seconds
[2023-08-10T00:17:30.136+0000] {processor.py:157} INFO - Started process (PID=1776) to work on /home/airflow/.local/lib/python3.7/site-packages/airflow/example_dags/example_sla_dag.py
[2023-08-10T00:17:30.137+0000] {processor.py:826} INFO - Processing file /home/airflow/.local/lib/python3.7/site-packages/airflow/example_dags/example_sla_dag.py for tasks to queue
[2023-08-10T00:17:30.138+0000] {logging_mixin.py:150} INFO - [2023-08-10T00:17:30.138+0000] {dagbag.py:541} INFO - Filling up the DagBag from /home/airflow/.local/lib/python3.7/site-packages/airflow/example_dags/example_sla_dag.py
[2023-08-10T00:17:30.144+0000] {processor.py:836} INFO - DAG(s) dict_keys(['example_sla_dag']) retrieved from /home/airflow/.local/lib/python3.7/site-packages/airflow/example_dags/example_sla_dag.py
[2023-08-10T00:17:30.161+0000] {logging_mixin.py:150} INFO - [2023-08-10T00:17:30.161+0000] {dag.py:2742} INFO - Sync 1 DAGs
[2023-08-10T00:17:30.177+0000] {logging_mixin.py:150} INFO - [2023-08-10T00:17:30.177+0000] {dag.py:3508} INFO - Setting next_dagrun for example_sla_dag to 2023-08-10T00:14:00+00:00, run_after=2023-08-10T00:16:00+00:00
[2023-08-10T00:17:30.187+0000] {processor.py:179} INFO - Processing /home/airflow/.local/lib/python3.7/site-packages/airflow/example_dags/example_sla_dag.py took 0.053 seconds
[2023-08-10T00:18:00.502+0000] {processor.py:157} INFO - Started process (PID=1835) to work on /home/airflow/.local/lib/python3.7/site-packages/airflow/example_dags/example_sla_dag.py
[2023-08-10T00:18:00.503+0000] {processor.py:826} INFO - Processing file /home/airflow/.local/lib/python3.7/site-packages/airflow/example_dags/example_sla_dag.py for tasks to queue
[2023-08-10T00:18:00.504+0000] {logging_mixin.py:150} INFO - [2023-08-10T00:18:00.504+0000] {dagbag.py:541} INFO - Filling up the DagBag from /home/airflow/.local/lib/python3.7/site-packages/airflow/example_dags/example_sla_dag.py
[2023-08-10T00:18:00.510+0000] {processor.py:836} INFO - DAG(s) dict_keys(['example_sla_dag']) retrieved from /home/airflow/.local/lib/python3.7/site-packages/airflow/example_dags/example_sla_dag.py
[2023-08-10T00:18:00.526+0000] {logging_mixin.py:150} INFO - [2023-08-10T00:18:00.526+0000] {dag.py:2742} INFO - Sync 1 DAGs
[2023-08-10T00:18:00.541+0000] {logging_mixin.py:150} INFO - [2023-08-10T00:18:00.540+0000] {dag.py:3508} INFO - Setting next_dagrun for example_sla_dag to 2023-08-10T00:16:00+00:00, run_after=2023-08-10T00:18:00+00:00
[2023-08-10T00:18:00.550+0000] {processor.py:179} INFO - Processing /home/airflow/.local/lib/python3.7/site-packages/airflow/example_dags/example_sla_dag.py took 0.051 seconds
[2023-08-10T00:18:30.819+0000] {processor.py:157} INFO - Started process (PID=1894) to work on /home/airflow/.local/lib/python3.7/site-packages/airflow/example_dags/example_sla_dag.py
[2023-08-10T00:18:30.820+0000] {processor.py:826} INFO - Processing file /home/airflow/.local/lib/python3.7/site-packages/airflow/example_dags/example_sla_dag.py for tasks to queue
[2023-08-10T00:18:30.821+0000] {logging_mixin.py:150} INFO - [2023-08-10T00:18:30.821+0000] {dagbag.py:541} INFO - Filling up the DagBag from /home/airflow/.local/lib/python3.7/site-packages/airflow/example_dags/example_sla_dag.py
[2023-08-10T00:18:30.827+0000] {processor.py:836} INFO - DAG(s) dict_keys(['example_sla_dag']) retrieved from /home/airflow/.local/lib/python3.7/site-packages/airflow/example_dags/example_sla_dag.py
[2023-08-10T00:18:30.844+0000] {logging_mixin.py:150} INFO - [2023-08-10T00:18:30.844+0000] {dag.py:2742} INFO - Sync 1 DAGs
[2023-08-10T00:18:30.859+0000] {logging_mixin.py:150} INFO - [2023-08-10T00:18:30.859+0000] {dag.py:3508} INFO - Setting next_dagrun for example_sla_dag to 2023-08-10T00:16:00+00:00, run_after=2023-08-10T00:18:00+00:00
[2023-08-10T00:18:30.868+0000] {processor.py:179} INFO - Processing /home/airflow/.local/lib/python3.7/site-packages/airflow/example_dags/example_sla_dag.py took 0.051 seconds
[2023-08-10T00:19:01.024+0000] {processor.py:157} INFO - Started process (PID=1954) to work on /home/airflow/.local/lib/python3.7/site-packages/airflow/example_dags/example_sla_dag.py
[2023-08-10T00:19:01.025+0000] {processor.py:826} INFO - Processing file /home/airflow/.local/lib/python3.7/site-packages/airflow/example_dags/example_sla_dag.py for tasks to queue
[2023-08-10T00:19:01.026+0000] {logging_mixin.py:150} INFO - [2023-08-10T00:19:01.026+0000] {dagbag.py:541} INFO - Filling up the DagBag from /home/airflow/.local/lib/python3.7/site-packages/airflow/example_dags/example_sla_dag.py
[2023-08-10T00:19:01.032+0000] {processor.py:836} INFO - DAG(s) dict_keys(['example_sla_dag']) retrieved from /home/airflow/.local/lib/python3.7/site-packages/airflow/example_dags/example_sla_dag.py
[2023-08-10T00:19:01.048+0000] {logging_mixin.py:150} INFO - [2023-08-10T00:19:01.048+0000] {dag.py:2742} INFO - Sync 1 DAGs
[2023-08-10T00:19:01.063+0000] {logging_mixin.py:150} INFO - [2023-08-10T00:19:01.063+0000] {dag.py:3508} INFO - Setting next_dagrun for example_sla_dag to 2023-08-10T00:16:00+00:00, run_after=2023-08-10T00:18:00+00:00
[2023-08-10T00:19:01.072+0000] {processor.py:179} INFO - Processing /home/airflow/.local/lib/python3.7/site-packages/airflow/example_dags/example_sla_dag.py took 0.050 seconds
[2023-08-10T00:19:31.339+0000] {processor.py:157} INFO - Started process (PID=2013) to work on /home/airflow/.local/lib/python3.7/site-packages/airflow/example_dags/example_sla_dag.py
[2023-08-10T00:19:31.340+0000] {processor.py:826} INFO - Processing file /home/airflow/.local/lib/python3.7/site-packages/airflow/example_dags/example_sla_dag.py for tasks to queue
[2023-08-10T00:19:31.341+0000] {logging_mixin.py:150} INFO - [2023-08-10T00:19:31.341+0000] {dagbag.py:541} INFO - Filling up the DagBag from /home/airflow/.local/lib/python3.7/site-packages/airflow/example_dags/example_sla_dag.py
[2023-08-10T00:19:31.347+0000] {processor.py:836} INFO - DAG(s) dict_keys(['example_sla_dag']) retrieved from /home/airflow/.local/lib/python3.7/site-packages/airflow/example_dags/example_sla_dag.py
[2023-08-10T00:19:31.365+0000] {logging_mixin.py:150} INFO - [2023-08-10T00:19:31.364+0000] {dag.py:2742} INFO - Sync 1 DAGs
[2023-08-10T00:19:31.379+0000] {logging_mixin.py:150} INFO - [2023-08-10T00:19:31.379+0000] {dag.py:3508} INFO - Setting next_dagrun for example_sla_dag to 2023-08-10T00:16:00+00:00, run_after=2023-08-10T00:18:00+00:00
[2023-08-10T00:19:31.390+0000] {processor.py:179} INFO - Processing /home/airflow/.local/lib/python3.7/site-packages/airflow/example_dags/example_sla_dag.py took 0.053 seconds
