[2023-08-10T00:10:44.537+0000] {processor.py:157} INFO - Started process (PID=1484) to work on /home/airflow/.local/lib/python3.7/site-packages/airflow/example_dags/example_latest_only.py
[2023-08-10T00:10:44.538+0000] {processor.py:826} INFO - Processing file /home/airflow/.local/lib/python3.7/site-packages/airflow/example_dags/example_latest_only.py for tasks to queue
[2023-08-10T00:10:44.538+0000] {logging_mixin.py:150} INFO - [2023-08-10T00:10:44.538+0000] {dagbag.py:541} INFO - Filling up the DagBag from /home/airflow/.local/lib/python3.7/site-packages/airflow/example_dags/example_latest_only.py
[2023-08-10T00:10:44.543+0000] {processor.py:836} INFO - DAG(s) dict_keys(['latest_only']) retrieved from /home/airflow/.local/lib/python3.7/site-packages/airflow/example_dags/example_latest_only.py
[2023-08-10T00:10:44.559+0000] {logging_mixin.py:150} INFO - [2023-08-10T00:10:44.559+0000] {dag.py:2742} INFO - Sync 1 DAGs
[2023-08-10T00:10:44.573+0000] {logging_mixin.py:150} INFO - [2023-08-10T00:10:44.573+0000] {dag.py:3508} INFO - Setting next_dagrun for latest_only to 2023-08-09T20:10:44.573378+00:00, run_after=2023-08-10T00:10:44.573378+00:00
[2023-08-10T00:10:44.583+0000] {processor.py:179} INFO - Processing /home/airflow/.local/lib/python3.7/site-packages/airflow/example_dags/example_latest_only.py took 0.049 seconds
[2023-08-10T00:15:28.797+0000] {processor.py:157} INFO - Started process (PID=1543) to work on /home/airflow/.local/lib/python3.7/site-packages/airflow/example_dags/example_latest_only.py
[2023-08-10T00:15:28.798+0000] {processor.py:826} INFO - Processing file /home/airflow/.local/lib/python3.7/site-packages/airflow/example_dags/example_latest_only.py for tasks to queue
[2023-08-10T00:15:28.799+0000] {logging_mixin.py:150} INFO - [2023-08-10T00:15:28.799+0000] {dagbag.py:541} INFO - Filling up the DagBag from /home/airflow/.local/lib/python3.7/site-packages/airflow/example_dags/example_latest_only.py
[2023-08-10T00:15:28.804+0000] {processor.py:836} INFO - DAG(s) dict_keys(['latest_only']) retrieved from /home/airflow/.local/lib/python3.7/site-packages/airflow/example_dags/example_latest_only.py
[2023-08-10T00:15:28.821+0000] {logging_mixin.py:150} INFO - [2023-08-10T00:15:28.821+0000] {dag.py:2742} INFO - Sync 1 DAGs
[2023-08-10T00:15:28.835+0000] {logging_mixin.py:150} INFO - [2023-08-10T00:15:28.835+0000] {dag.py:3508} INFO - Setting next_dagrun for latest_only to 2023-08-09T20:15:28.835464+00:00, run_after=2023-08-10T00:15:28.835464+00:00
[2023-08-10T00:15:28.845+0000] {processor.py:179} INFO - Processing /home/airflow/.local/lib/python3.7/site-packages/airflow/example_dags/example_latest_only.py took 0.051 seconds
[2023-08-10T00:15:59.446+0000] {processor.py:157} INFO - Started process (PID=1602) to work on /home/airflow/.local/lib/python3.7/site-packages/airflow/example_dags/example_latest_only.py
[2023-08-10T00:15:59.447+0000] {processor.py:826} INFO - Processing file /home/airflow/.local/lib/python3.7/site-packages/airflow/example_dags/example_latest_only.py for tasks to queue
[2023-08-10T00:15:59.448+0000] {logging_mixin.py:150} INFO - [2023-08-10T00:15:59.447+0000] {dagbag.py:541} INFO - Filling up the DagBag from /home/airflow/.local/lib/python3.7/site-packages/airflow/example_dags/example_latest_only.py
[2023-08-10T00:15:59.452+0000] {processor.py:836} INFO - DAG(s) dict_keys(['latest_only']) retrieved from /home/airflow/.local/lib/python3.7/site-packages/airflow/example_dags/example_latest_only.py
[2023-08-10T00:15:59.469+0000] {logging_mixin.py:150} INFO - [2023-08-10T00:15:59.469+0000] {dag.py:2742} INFO - Sync 1 DAGs
[2023-08-10T00:15:59.484+0000] {logging_mixin.py:150} INFO - [2023-08-10T00:15:59.484+0000] {dag.py:3508} INFO - Setting next_dagrun for latest_only to 2023-08-09T20:15:59.484001+00:00, run_after=2023-08-10T00:15:59.484001+00:00
[2023-08-10T00:15:59.494+0000] {processor.py:179} INFO - Processing /home/airflow/.local/lib/python3.7/site-packages/airflow/example_dags/example_latest_only.py took 0.051 seconds
[2023-08-10T00:16:29.689+0000] {processor.py:157} INFO - Started process (PID=1661) to work on /home/airflow/.local/lib/python3.7/site-packages/airflow/example_dags/example_latest_only.py
[2023-08-10T00:16:29.690+0000] {processor.py:826} INFO - Processing file /home/airflow/.local/lib/python3.7/site-packages/airflow/example_dags/example_latest_only.py for tasks to queue
[2023-08-10T00:16:29.691+0000] {logging_mixin.py:150} INFO - [2023-08-10T00:16:29.691+0000] {dagbag.py:541} INFO - Filling up the DagBag from /home/airflow/.local/lib/python3.7/site-packages/airflow/example_dags/example_latest_only.py
[2023-08-10T00:16:29.695+0000] {processor.py:836} INFO - DAG(s) dict_keys(['latest_only']) retrieved from /home/airflow/.local/lib/python3.7/site-packages/airflow/example_dags/example_latest_only.py
[2023-08-10T00:16:29.712+0000] {logging_mixin.py:150} INFO - [2023-08-10T00:16:29.712+0000] {dag.py:2742} INFO - Sync 1 DAGs
[2023-08-10T00:16:29.726+0000] {logging_mixin.py:150} INFO - [2023-08-10T00:16:29.725+0000] {dag.py:3508} INFO - Setting next_dagrun for latest_only to 2023-08-09T20:16:29.725765+00:00, run_after=2023-08-10T00:16:29.725765+00:00
[2023-08-10T00:16:29.735+0000] {processor.py:179} INFO - Processing /home/airflow/.local/lib/python3.7/site-packages/airflow/example_dags/example_latest_only.py took 0.049 seconds
[2023-08-10T00:16:59.967+0000] {processor.py:157} INFO - Started process (PID=1720) to work on /home/airflow/.local/lib/python3.7/site-packages/airflow/example_dags/example_latest_only.py
[2023-08-10T00:16:59.968+0000] {processor.py:826} INFO - Processing file /home/airflow/.local/lib/python3.7/site-packages/airflow/example_dags/example_latest_only.py for tasks to queue
[2023-08-10T00:16:59.969+0000] {logging_mixin.py:150} INFO - [2023-08-10T00:16:59.968+0000] {dagbag.py:541} INFO - Filling up the DagBag from /home/airflow/.local/lib/python3.7/site-packages/airflow/example_dags/example_latest_only.py
[2023-08-10T00:16:59.973+0000] {processor.py:836} INFO - DAG(s) dict_keys(['latest_only']) retrieved from /home/airflow/.local/lib/python3.7/site-packages/airflow/example_dags/example_latest_only.py
[2023-08-10T00:16:59.989+0000] {logging_mixin.py:150} INFO - [2023-08-10T00:16:59.989+0000] {dag.py:2742} INFO - Sync 1 DAGs
[2023-08-10T00:17:00.004+0000] {logging_mixin.py:150} INFO - [2023-08-10T00:17:00.004+0000] {dag.py:3508} INFO - Setting next_dagrun for latest_only to 2023-08-09T20:17:00.003832+00:00, run_after=2023-08-10T00:17:00.003832+00:00
[2023-08-10T00:17:00.014+0000] {processor.py:179} INFO - Processing /home/airflow/.local/lib/python3.7/site-packages/airflow/example_dags/example_latest_only.py took 0.050 seconds
[2023-08-10T00:17:30.278+0000] {processor.py:157} INFO - Started process (PID=1779) to work on /home/airflow/.local/lib/python3.7/site-packages/airflow/example_dags/example_latest_only.py
[2023-08-10T00:17:30.278+0000] {processor.py:826} INFO - Processing file /home/airflow/.local/lib/python3.7/site-packages/airflow/example_dags/example_latest_only.py for tasks to queue
[2023-08-10T00:17:30.279+0000] {logging_mixin.py:150} INFO - [2023-08-10T00:17:30.279+0000] {dagbag.py:541} INFO - Filling up the DagBag from /home/airflow/.local/lib/python3.7/site-packages/airflow/example_dags/example_latest_only.py
[2023-08-10T00:17:30.284+0000] {processor.py:836} INFO - DAG(s) dict_keys(['latest_only']) retrieved from /home/airflow/.local/lib/python3.7/site-packages/airflow/example_dags/example_latest_only.py
[2023-08-10T00:17:30.300+0000] {logging_mixin.py:150} INFO - [2023-08-10T00:17:30.300+0000] {dag.py:2742} INFO - Sync 1 DAGs
[2023-08-10T00:17:30.314+0000] {logging_mixin.py:150} INFO - [2023-08-10T00:17:30.314+0000] {dag.py:3508} INFO - Setting next_dagrun for latest_only to 2023-08-09T20:17:30.313823+00:00, run_after=2023-08-10T00:17:30.313823+00:00
[2023-08-10T00:17:30.324+0000] {processor.py:179} INFO - Processing /home/airflow/.local/lib/python3.7/site-packages/airflow/example_dags/example_latest_only.py took 0.049 seconds
[2023-08-10T00:18:00.640+0000] {processor.py:157} INFO - Started process (PID=1838) to work on /home/airflow/.local/lib/python3.7/site-packages/airflow/example_dags/example_latest_only.py
[2023-08-10T00:18:00.641+0000] {processor.py:826} INFO - Processing file /home/airflow/.local/lib/python3.7/site-packages/airflow/example_dags/example_latest_only.py for tasks to queue
[2023-08-10T00:18:00.642+0000] {logging_mixin.py:150} INFO - [2023-08-10T00:18:00.642+0000] {dagbag.py:541} INFO - Filling up the DagBag from /home/airflow/.local/lib/python3.7/site-packages/airflow/example_dags/example_latest_only.py
[2023-08-10T00:18:00.646+0000] {processor.py:836} INFO - DAG(s) dict_keys(['latest_only']) retrieved from /home/airflow/.local/lib/python3.7/site-packages/airflow/example_dags/example_latest_only.py
[2023-08-10T00:18:00.663+0000] {logging_mixin.py:150} INFO - [2023-08-10T00:18:00.663+0000] {dag.py:2742} INFO - Sync 1 DAGs
[2023-08-10T00:18:00.677+0000] {logging_mixin.py:150} INFO - [2023-08-10T00:18:00.677+0000] {dag.py:3508} INFO - Setting next_dagrun for latest_only to 2023-08-09T20:18:00.677092+00:00, run_after=2023-08-10T00:18:00.677092+00:00
[2023-08-10T00:18:00.687+0000] {processor.py:179} INFO - Processing /home/airflow/.local/lib/python3.7/site-packages/airflow/example_dags/example_latest_only.py took 0.050 seconds
[2023-08-10T00:18:30.888+0000] {processor.py:157} INFO - Started process (PID=1896) to work on /home/airflow/.local/lib/python3.7/site-packages/airflow/example_dags/example_latest_only.py
[2023-08-10T00:18:30.889+0000] {processor.py:826} INFO - Processing file /home/airflow/.local/lib/python3.7/site-packages/airflow/example_dags/example_latest_only.py for tasks to queue
[2023-08-10T00:18:30.889+0000] {logging_mixin.py:150} INFO - [2023-08-10T00:18:30.889+0000] {dagbag.py:541} INFO - Filling up the DagBag from /home/airflow/.local/lib/python3.7/site-packages/airflow/example_dags/example_latest_only.py
[2023-08-10T00:18:30.894+0000] {processor.py:836} INFO - DAG(s) dict_keys(['latest_only']) retrieved from /home/airflow/.local/lib/python3.7/site-packages/airflow/example_dags/example_latest_only.py
[2023-08-10T00:18:30.911+0000] {logging_mixin.py:150} INFO - [2023-08-10T00:18:30.911+0000] {dag.py:2742} INFO - Sync 1 DAGs
[2023-08-10T00:18:30.925+0000] {logging_mixin.py:150} INFO - [2023-08-10T00:18:30.925+0000] {dag.py:3508} INFO - Setting next_dagrun for latest_only to 2023-08-09T20:18:30.924937+00:00, run_after=2023-08-10T00:18:30.924937+00:00
[2023-08-10T00:18:30.934+0000] {processor.py:179} INFO - Processing /home/airflow/.local/lib/python3.7/site-packages/airflow/example_dags/example_latest_only.py took 0.048 seconds
[2023-08-10T00:19:01.094+0000] {processor.py:157} INFO - Started process (PID=1956) to work on /home/airflow/.local/lib/python3.7/site-packages/airflow/example_dags/example_latest_only.py
[2023-08-10T00:19:01.095+0000] {processor.py:826} INFO - Processing file /home/airflow/.local/lib/python3.7/site-packages/airflow/example_dags/example_latest_only.py for tasks to queue
[2023-08-10T00:19:01.096+0000] {logging_mixin.py:150} INFO - [2023-08-10T00:19:01.095+0000] {dagbag.py:541} INFO - Filling up the DagBag from /home/airflow/.local/lib/python3.7/site-packages/airflow/example_dags/example_latest_only.py
[2023-08-10T00:19:01.100+0000] {processor.py:836} INFO - DAG(s) dict_keys(['latest_only']) retrieved from /home/airflow/.local/lib/python3.7/site-packages/airflow/example_dags/example_latest_only.py
[2023-08-10T00:19:01.116+0000] {logging_mixin.py:150} INFO - [2023-08-10T00:19:01.115+0000] {dag.py:2742} INFO - Sync 1 DAGs
[2023-08-10T00:19:01.130+0000] {logging_mixin.py:150} INFO - [2023-08-10T00:19:01.130+0000] {dag.py:3508} INFO - Setting next_dagrun for latest_only to 2023-08-09T20:19:01.130064+00:00, run_after=2023-08-10T00:19:01.130064+00:00
[2023-08-10T00:19:01.139+0000] {processor.py:179} INFO - Processing /home/airflow/.local/lib/python3.7/site-packages/airflow/example_dags/example_latest_only.py took 0.048 seconds
[2023-08-10T00:19:31.465+0000] {processor.py:157} INFO - Started process (PID=2016) to work on /home/airflow/.local/lib/python3.7/site-packages/airflow/example_dags/example_latest_only.py
[2023-08-10T00:19:31.466+0000] {processor.py:826} INFO - Processing file /home/airflow/.local/lib/python3.7/site-packages/airflow/example_dags/example_latest_only.py for tasks to queue
[2023-08-10T00:19:31.467+0000] {logging_mixin.py:150} INFO - [2023-08-10T00:19:31.467+0000] {dagbag.py:541} INFO - Filling up the DagBag from /home/airflow/.local/lib/python3.7/site-packages/airflow/example_dags/example_latest_only.py
[2023-08-10T00:19:31.472+0000] {processor.py:836} INFO - DAG(s) dict_keys(['latest_only']) retrieved from /home/airflow/.local/lib/python3.7/site-packages/airflow/example_dags/example_latest_only.py
[2023-08-10T00:19:31.489+0000] {logging_mixin.py:150} INFO - [2023-08-10T00:19:31.489+0000] {dag.py:2742} INFO - Sync 1 DAGs
[2023-08-10T00:19:31.503+0000] {logging_mixin.py:150} INFO - [2023-08-10T00:19:31.502+0000] {dag.py:3508} INFO - Setting next_dagrun for latest_only to 2023-08-09T20:19:31.502756+00:00, run_after=2023-08-10T00:19:31.502756+00:00
[2023-08-10T00:19:31.513+0000] {processor.py:179} INFO - Processing /home/airflow/.local/lib/python3.7/site-packages/airflow/example_dags/example_latest_only.py took 0.051 seconds
