[2023-08-10T00:10:43.687+0000] {processor.py:157} INFO - Started process (PID=1467) to work on /home/airflow/.local/lib/python3.7/site-packages/airflow/example_dags/example_kubernetes_executor.py
[2023-08-10T00:10:43.688+0000] {processor.py:826} INFO - Processing file /home/airflow/.local/lib/python3.7/site-packages/airflow/example_dags/example_kubernetes_executor.py for tasks to queue
[2023-08-10T00:10:43.689+0000] {logging_mixin.py:150} INFO - [2023-08-10T00:10:43.689+0000] {dagbag.py:541} INFO - Filling up the DagBag from /home/airflow/.local/lib/python3.7/site-packages/airflow/example_dags/example_kubernetes_executor.py
[2023-08-10T00:10:43.924+0000] {processor.py:836} INFO - DAG(s) dict_keys(['example_kubernetes_executor']) retrieved from /home/airflow/.local/lib/python3.7/site-packages/airflow/example_dags/example_kubernetes_executor.py
[2023-08-10T00:10:43.951+0000] {logging_mixin.py:150} INFO - [2023-08-10T00:10:43.951+0000] {dag.py:2742} INFO - Sync 1 DAGs
[2023-08-10T00:10:43.964+0000] {logging_mixin.py:150} INFO - [2023-08-10T00:10:43.964+0000] {dag.py:3508} INFO - Setting next_dagrun for example_kubernetes_executor to None, run_after=None
[2023-08-10T00:10:43.973+0000] {processor.py:179} INFO - Processing /home/airflow/.local/lib/python3.7/site-packages/airflow/example_dags/example_kubernetes_executor.py took 0.288 seconds
[2023-08-10T00:15:27.948+0000] {processor.py:157} INFO - Started process (PID=1526) to work on /home/airflow/.local/lib/python3.7/site-packages/airflow/example_dags/example_kubernetes_executor.py
[2023-08-10T00:15:27.949+0000] {processor.py:826} INFO - Processing file /home/airflow/.local/lib/python3.7/site-packages/airflow/example_dags/example_kubernetes_executor.py for tasks to queue
[2023-08-10T00:15:27.950+0000] {logging_mixin.py:150} INFO - [2023-08-10T00:15:27.949+0000] {dagbag.py:541} INFO - Filling up the DagBag from /home/airflow/.local/lib/python3.7/site-packages/airflow/example_dags/example_kubernetes_executor.py
[2023-08-10T00:15:28.194+0000] {processor.py:836} INFO - DAG(s) dict_keys(['example_kubernetes_executor']) retrieved from /home/airflow/.local/lib/python3.7/site-packages/airflow/example_dags/example_kubernetes_executor.py
[2023-08-10T00:15:28.220+0000] {logging_mixin.py:150} INFO - [2023-08-10T00:15:28.220+0000] {dag.py:2742} INFO - Sync 1 DAGs
[2023-08-10T00:15:28.236+0000] {logging_mixin.py:150} INFO - [2023-08-10T00:15:28.236+0000] {dag.py:3508} INFO - Setting next_dagrun for example_kubernetes_executor to None, run_after=None
[2023-08-10T00:15:28.247+0000] {processor.py:179} INFO - Processing /home/airflow/.local/lib/python3.7/site-packages/airflow/example_dags/example_kubernetes_executor.py took 0.301 seconds
[2023-08-10T00:15:58.788+0000] {processor.py:157} INFO - Started process (PID=1588) to work on /home/airflow/.local/lib/python3.7/site-packages/airflow/example_dags/example_kubernetes_executor.py
[2023-08-10T00:15:58.789+0000] {processor.py:826} INFO - Processing file /home/airflow/.local/lib/python3.7/site-packages/airflow/example_dags/example_kubernetes_executor.py for tasks to queue
[2023-08-10T00:15:58.790+0000] {logging_mixin.py:150} INFO - [2023-08-10T00:15:58.790+0000] {dagbag.py:541} INFO - Filling up the DagBag from /home/airflow/.local/lib/python3.7/site-packages/airflow/example_dags/example_kubernetes_executor.py
[2023-08-10T00:15:58.900+0000] {processor.py:836} INFO - DAG(s) dict_keys(['example_kubernetes_executor']) retrieved from /home/airflow/.local/lib/python3.7/site-packages/airflow/example_dags/example_kubernetes_executor.py
[2023-08-10T00:15:58.927+0000] {logging_mixin.py:150} INFO - [2023-08-10T00:15:58.927+0000] {dag.py:2742} INFO - Sync 1 DAGs
[2023-08-10T00:15:58.941+0000] {logging_mixin.py:150} INFO - [2023-08-10T00:15:58.941+0000] {dag.py:3508} INFO - Setting next_dagrun for example_kubernetes_executor to None, run_after=None
[2023-08-10T00:15:58.951+0000] {processor.py:179} INFO - Processing /home/airflow/.local/lib/python3.7/site-packages/airflow/example_dags/example_kubernetes_executor.py took 0.166 seconds
[2023-08-10T00:16:29.075+0000] {processor.py:157} INFO - Started process (PID=1648) to work on /home/airflow/.local/lib/python3.7/site-packages/airflow/example_dags/example_kubernetes_executor.py
[2023-08-10T00:16:29.076+0000] {processor.py:826} INFO - Processing file /home/airflow/.local/lib/python3.7/site-packages/airflow/example_dags/example_kubernetes_executor.py for tasks to queue
[2023-08-10T00:16:29.077+0000] {logging_mixin.py:150} INFO - [2023-08-10T00:16:29.077+0000] {dagbag.py:541} INFO - Filling up the DagBag from /home/airflow/.local/lib/python3.7/site-packages/airflow/example_dags/example_kubernetes_executor.py
[2023-08-10T00:16:29.187+0000] {processor.py:836} INFO - DAG(s) dict_keys(['example_kubernetes_executor']) retrieved from /home/airflow/.local/lib/python3.7/site-packages/airflow/example_dags/example_kubernetes_executor.py
[2023-08-10T00:16:29.211+0000] {logging_mixin.py:150} INFO - [2023-08-10T00:16:29.210+0000] {dag.py:2742} INFO - Sync 1 DAGs
[2023-08-10T00:16:29.224+0000] {logging_mixin.py:150} INFO - [2023-08-10T00:16:29.224+0000] {dag.py:3508} INFO - Setting next_dagrun for example_kubernetes_executor to None, run_after=None
[2023-08-10T00:16:29.234+0000] {processor.py:179} INFO - Processing /home/airflow/.local/lib/python3.7/site-packages/airflow/example_dags/example_kubernetes_executor.py took 0.162 seconds
[2023-08-10T00:16:59.288+0000] {processor.py:157} INFO - Started process (PID=1708) to work on /home/airflow/.local/lib/python3.7/site-packages/airflow/example_dags/example_kubernetes_executor.py
[2023-08-10T00:16:59.289+0000] {processor.py:826} INFO - Processing file /home/airflow/.local/lib/python3.7/site-packages/airflow/example_dags/example_kubernetes_executor.py for tasks to queue
[2023-08-10T00:16:59.290+0000] {logging_mixin.py:150} INFO - [2023-08-10T00:16:59.290+0000] {dagbag.py:541} INFO - Filling up the DagBag from /home/airflow/.local/lib/python3.7/site-packages/airflow/example_dags/example_kubernetes_executor.py
[2023-08-10T00:16:59.397+0000] {processor.py:836} INFO - DAG(s) dict_keys(['example_kubernetes_executor']) retrieved from /home/airflow/.local/lib/python3.7/site-packages/airflow/example_dags/example_kubernetes_executor.py
[2023-08-10T00:16:59.422+0000] {logging_mixin.py:150} INFO - [2023-08-10T00:16:59.422+0000] {dag.py:2742} INFO - Sync 1 DAGs
[2023-08-10T00:16:59.546+0000] {logging_mixin.py:150} INFO - [2023-08-10T00:16:59.546+0000] {dag.py:3508} INFO - Setting next_dagrun for example_kubernetes_executor to None, run_after=None
[2023-08-10T00:16:59.558+0000] {processor.py:179} INFO - Processing /home/airflow/.local/lib/python3.7/site-packages/airflow/example_dags/example_kubernetes_executor.py took 0.272 seconds
[2023-08-10T00:17:29.632+0000] {processor.py:157} INFO - Started process (PID=1767) to work on /home/airflow/.local/lib/python3.7/site-packages/airflow/example_dags/example_kubernetes_executor.py
[2023-08-10T00:17:29.633+0000] {processor.py:826} INFO - Processing file /home/airflow/.local/lib/python3.7/site-packages/airflow/example_dags/example_kubernetes_executor.py for tasks to queue
[2023-08-10T00:17:29.634+0000] {logging_mixin.py:150} INFO - [2023-08-10T00:17:29.634+0000] {dagbag.py:541} INFO - Filling up the DagBag from /home/airflow/.local/lib/python3.7/site-packages/airflow/example_dags/example_kubernetes_executor.py
[2023-08-10T00:17:29.743+0000] {processor.py:836} INFO - DAG(s) dict_keys(['example_kubernetes_executor']) retrieved from /home/airflow/.local/lib/python3.7/site-packages/airflow/example_dags/example_kubernetes_executor.py
[2023-08-10T00:17:29.767+0000] {logging_mixin.py:150} INFO - [2023-08-10T00:17:29.767+0000] {dag.py:2742} INFO - Sync 1 DAGs
[2023-08-10T00:17:29.780+0000] {logging_mixin.py:150} INFO - [2023-08-10T00:17:29.780+0000] {dag.py:3508} INFO - Setting next_dagrun for example_kubernetes_executor to None, run_after=None
[2023-08-10T00:17:29.790+0000] {processor.py:179} INFO - Processing /home/airflow/.local/lib/python3.7/site-packages/airflow/example_dags/example_kubernetes_executor.py took 0.161 seconds
[2023-08-10T00:17:59.882+0000] {processor.py:157} INFO - Started process (PID=1826) to work on /home/airflow/.local/lib/python3.7/site-packages/airflow/example_dags/example_kubernetes_executor.py
[2023-08-10T00:17:59.884+0000] {processor.py:826} INFO - Processing file /home/airflow/.local/lib/python3.7/site-packages/airflow/example_dags/example_kubernetes_executor.py for tasks to queue
[2023-08-10T00:17:59.884+0000] {logging_mixin.py:150} INFO - [2023-08-10T00:17:59.884+0000] {dagbag.py:541} INFO - Filling up the DagBag from /home/airflow/.local/lib/python3.7/site-packages/airflow/example_dags/example_kubernetes_executor.py
[2023-08-10T00:17:59.994+0000] {processor.py:836} INFO - DAG(s) dict_keys(['example_kubernetes_executor']) retrieved from /home/airflow/.local/lib/python3.7/site-packages/airflow/example_dags/example_kubernetes_executor.py
[2023-08-10T00:18:00.116+0000] {logging_mixin.py:150} INFO - [2023-08-10T00:18:00.116+0000] {dag.py:2742} INFO - Sync 1 DAGs
[2023-08-10T00:18:00.128+0000] {logging_mixin.py:150} INFO - [2023-08-10T00:18:00.128+0000] {dag.py:3508} INFO - Setting next_dagrun for example_kubernetes_executor to None, run_after=None
[2023-08-10T00:18:00.137+0000] {processor.py:179} INFO - Processing /home/airflow/.local/lib/python3.7/site-packages/airflow/example_dags/example_kubernetes_executor.py took 0.257 seconds
[2023-08-10T00:18:30.191+0000] {processor.py:157} INFO - Started process (PID=1885) to work on /home/airflow/.local/lib/python3.7/site-packages/airflow/example_dags/example_kubernetes_executor.py
[2023-08-10T00:18:30.192+0000] {processor.py:826} INFO - Processing file /home/airflow/.local/lib/python3.7/site-packages/airflow/example_dags/example_kubernetes_executor.py for tasks to queue
[2023-08-10T00:18:30.193+0000] {logging_mixin.py:150} INFO - [2023-08-10T00:18:30.193+0000] {dagbag.py:541} INFO - Filling up the DagBag from /home/airflow/.local/lib/python3.7/site-packages/airflow/example_dags/example_kubernetes_executor.py
[2023-08-10T00:18:30.293+0000] {processor.py:836} INFO - DAG(s) dict_keys(['example_kubernetes_executor']) retrieved from /home/airflow/.local/lib/python3.7/site-packages/airflow/example_dags/example_kubernetes_executor.py
[2023-08-10T00:18:30.316+0000] {logging_mixin.py:150} INFO - [2023-08-10T00:18:30.316+0000] {dag.py:2742} INFO - Sync 1 DAGs
[2023-08-10T00:18:30.403+0000] {logging_mixin.py:150} INFO - [2023-08-10T00:18:30.403+0000] {dag.py:3508} INFO - Setting next_dagrun for example_kubernetes_executor to None, run_after=None
[2023-08-10T00:18:30.412+0000] {processor.py:179} INFO - Processing /home/airflow/.local/lib/python3.7/site-packages/airflow/example_dags/example_kubernetes_executor.py took 0.224 seconds
[2023-08-10T00:19:00.522+0000] {processor.py:157} INFO - Started process (PID=1945) to work on /home/airflow/.local/lib/python3.7/site-packages/airflow/example_dags/example_kubernetes_executor.py
[2023-08-10T00:19:00.523+0000] {processor.py:826} INFO - Processing file /home/airflow/.local/lib/python3.7/site-packages/airflow/example_dags/example_kubernetes_executor.py for tasks to queue
[2023-08-10T00:19:00.524+0000] {logging_mixin.py:150} INFO - [2023-08-10T00:19:00.524+0000] {dagbag.py:541} INFO - Filling up the DagBag from /home/airflow/.local/lib/python3.7/site-packages/airflow/example_dags/example_kubernetes_executor.py
[2023-08-10T00:19:00.635+0000] {processor.py:836} INFO - DAG(s) dict_keys(['example_kubernetes_executor']) retrieved from /home/airflow/.local/lib/python3.7/site-packages/airflow/example_dags/example_kubernetes_executor.py
[2023-08-10T00:19:00.660+0000] {logging_mixin.py:150} INFO - [2023-08-10T00:19:00.660+0000] {dag.py:2742} INFO - Sync 1 DAGs
[2023-08-10T00:19:00.674+0000] {logging_mixin.py:150} INFO - [2023-08-10T00:19:00.674+0000] {dag.py:3508} INFO - Setting next_dagrun for example_kubernetes_executor to None, run_after=None
[2023-08-10T00:19:00.771+0000] {processor.py:179} INFO - Processing /home/airflow/.local/lib/python3.7/site-packages/airflow/example_dags/example_kubernetes_executor.py took 0.251 seconds
[2023-08-10T00:19:30.881+0000] {processor.py:157} INFO - Started process (PID=2006) to work on /home/airflow/.local/lib/python3.7/site-packages/airflow/example_dags/example_kubernetes_executor.py
[2023-08-10T00:19:30.882+0000] {processor.py:826} INFO - Processing file /home/airflow/.local/lib/python3.7/site-packages/airflow/example_dags/example_kubernetes_executor.py for tasks to queue
[2023-08-10T00:19:30.883+0000] {logging_mixin.py:150} INFO - [2023-08-10T00:19:30.883+0000] {dagbag.py:541} INFO - Filling up the DagBag from /home/airflow/.local/lib/python3.7/site-packages/airflow/example_dags/example_kubernetes_executor.py
[2023-08-10T00:19:30.979+0000] {processor.py:836} INFO - DAG(s) dict_keys(['example_kubernetes_executor']) retrieved from /home/airflow/.local/lib/python3.7/site-packages/airflow/example_dags/example_kubernetes_executor.py
[2023-08-10T00:19:31.005+0000] {logging_mixin.py:150} INFO - [2023-08-10T00:19:31.004+0000] {dag.py:2742} INFO - Sync 1 DAGs
[2023-08-10T00:19:31.018+0000] {logging_mixin.py:150} INFO - [2023-08-10T00:19:31.018+0000] {dag.py:3508} INFO - Setting next_dagrun for example_kubernetes_executor to None, run_after=None
[2023-08-10T00:19:31.027+0000] {processor.py:179} INFO - Processing /home/airflow/.local/lib/python3.7/site-packages/airflow/example_dags/example_kubernetes_executor.py took 0.149 seconds
