[2023-08-10T00:10:44.309+0000] {processor.py:157} INFO - Started process (PID=1479) to work on /home/airflow/.local/lib/python3.7/site-packages/airflow/example_dags/example_bash_operator.py
[2023-08-10T00:10:44.310+0000] {processor.py:826} INFO - Processing file /home/airflow/.local/lib/python3.7/site-packages/airflow/example_dags/example_bash_operator.py for tasks to queue
[2023-08-10T00:10:44.311+0000] {logging_mixin.py:150} INFO - [2023-08-10T00:10:44.311+0000] {dagbag.py:541} INFO - Filling up the DagBag from /home/airflow/.local/lib/python3.7/site-packages/airflow/example_dags/example_bash_operator.py
[2023-08-10T00:10:44.321+0000] {processor.py:836} INFO - DAG(s) dict_keys(['example_bash_operator']) retrieved from /home/airflow/.local/lib/python3.7/site-packages/airflow/example_dags/example_bash_operator.py
[2023-08-10T00:10:44.343+0000] {logging_mixin.py:150} INFO - [2023-08-10T00:10:44.343+0000] {dag.py:2742} INFO - Sync 1 DAGs
[2023-08-10T00:10:44.358+0000] {logging_mixin.py:150} INFO - [2023-08-10T00:10:44.358+0000] {dag.py:3508} INFO - Setting next_dagrun for example_bash_operator to 2023-08-09T00:00:00+00:00, run_after=2023-08-10T00:00:00+00:00
[2023-08-10T00:10:44.368+0000] {processor.py:179} INFO - Processing /home/airflow/.local/lib/python3.7/site-packages/airflow/example_dags/example_bash_operator.py took 0.062 seconds
[2023-08-10T00:15:28.576+0000] {processor.py:157} INFO - Started process (PID=1538) to work on /home/airflow/.local/lib/python3.7/site-packages/airflow/example_dags/example_bash_operator.py
[2023-08-10T00:15:28.577+0000] {processor.py:826} INFO - Processing file /home/airflow/.local/lib/python3.7/site-packages/airflow/example_dags/example_bash_operator.py for tasks to queue
[2023-08-10T00:15:28.578+0000] {logging_mixin.py:150} INFO - [2023-08-10T00:15:28.578+0000] {dagbag.py:541} INFO - Filling up the DagBag from /home/airflow/.local/lib/python3.7/site-packages/airflow/example_dags/example_bash_operator.py
[2023-08-10T00:15:28.588+0000] {processor.py:836} INFO - DAG(s) dict_keys(['example_bash_operator']) retrieved from /home/airflow/.local/lib/python3.7/site-packages/airflow/example_dags/example_bash_operator.py
[2023-08-10T00:15:28.610+0000] {logging_mixin.py:150} INFO - [2023-08-10T00:15:28.610+0000] {dag.py:2742} INFO - Sync 1 DAGs
[2023-08-10T00:15:28.625+0000] {logging_mixin.py:150} INFO - [2023-08-10T00:15:28.625+0000] {dag.py:3508} INFO - Setting next_dagrun for example_bash_operator to 2023-08-09T00:00:00+00:00, run_after=2023-08-10T00:00:00+00:00
[2023-08-10T00:15:28.635+0000] {processor.py:179} INFO - Processing /home/airflow/.local/lib/python3.7/site-packages/airflow/example_dags/example_bash_operator.py took 0.061 seconds
[2023-08-10T00:15:59.230+0000] {processor.py:157} INFO - Started process (PID=1597) to work on /home/airflow/.local/lib/python3.7/site-packages/airflow/example_dags/example_bash_operator.py
[2023-08-10T00:15:59.231+0000] {processor.py:826} INFO - Processing file /home/airflow/.local/lib/python3.7/site-packages/airflow/example_dags/example_bash_operator.py for tasks to queue
[2023-08-10T00:15:59.232+0000] {logging_mixin.py:150} INFO - [2023-08-10T00:15:59.232+0000] {dagbag.py:541} INFO - Filling up the DagBag from /home/airflow/.local/lib/python3.7/site-packages/airflow/example_dags/example_bash_operator.py
[2023-08-10T00:15:59.241+0000] {processor.py:836} INFO - DAG(s) dict_keys(['example_bash_operator']) retrieved from /home/airflow/.local/lib/python3.7/site-packages/airflow/example_dags/example_bash_operator.py
[2023-08-10T00:15:59.263+0000] {logging_mixin.py:150} INFO - [2023-08-10T00:15:59.263+0000] {dag.py:2742} INFO - Sync 1 DAGs
[2023-08-10T00:15:59.278+0000] {logging_mixin.py:150} INFO - [2023-08-10T00:15:59.278+0000] {dag.py:3508} INFO - Setting next_dagrun for example_bash_operator to 2023-08-09T00:00:00+00:00, run_after=2023-08-10T00:00:00+00:00
[2023-08-10T00:15:59.288+0000] {processor.py:179} INFO - Processing /home/airflow/.local/lib/python3.7/site-packages/airflow/example_dags/example_bash_operator.py took 0.060 seconds
[2023-08-10T00:16:29.470+0000] {processor.py:157} INFO - Started process (PID=1656) to work on /home/airflow/.local/lib/python3.7/site-packages/airflow/example_dags/example_bash_operator.py
[2023-08-10T00:16:29.471+0000] {processor.py:826} INFO - Processing file /home/airflow/.local/lib/python3.7/site-packages/airflow/example_dags/example_bash_operator.py for tasks to queue
[2023-08-10T00:16:29.472+0000] {logging_mixin.py:150} INFO - [2023-08-10T00:16:29.471+0000] {dagbag.py:541} INFO - Filling up the DagBag from /home/airflow/.local/lib/python3.7/site-packages/airflow/example_dags/example_bash_operator.py
[2023-08-10T00:16:29.481+0000] {processor.py:836} INFO - DAG(s) dict_keys(['example_bash_operator']) retrieved from /home/airflow/.local/lib/python3.7/site-packages/airflow/example_dags/example_bash_operator.py
[2023-08-10T00:16:29.503+0000] {logging_mixin.py:150} INFO - [2023-08-10T00:16:29.503+0000] {dag.py:2742} INFO - Sync 1 DAGs
[2023-08-10T00:16:29.518+0000] {logging_mixin.py:150} INFO - [2023-08-10T00:16:29.518+0000] {dag.py:3508} INFO - Setting next_dagrun for example_bash_operator to 2023-08-09T00:00:00+00:00, run_after=2023-08-10T00:00:00+00:00
[2023-08-10T00:16:29.527+0000] {processor.py:179} INFO - Processing /home/airflow/.local/lib/python3.7/site-packages/airflow/example_dags/example_bash_operator.py took 0.060 seconds
[2023-08-10T00:16:59.789+0000] {processor.py:157} INFO - Started process (PID=1715) to work on /home/airflow/.local/lib/python3.7/site-packages/airflow/example_dags/example_bash_operator.py
[2023-08-10T00:16:59.790+0000] {processor.py:826} INFO - Processing file /home/airflow/.local/lib/python3.7/site-packages/airflow/example_dags/example_bash_operator.py for tasks to queue
[2023-08-10T00:16:59.791+0000] {logging_mixin.py:150} INFO - [2023-08-10T00:16:59.790+0000] {dagbag.py:541} INFO - Filling up the DagBag from /home/airflow/.local/lib/python3.7/site-packages/airflow/example_dags/example_bash_operator.py
[2023-08-10T00:16:59.800+0000] {processor.py:836} INFO - DAG(s) dict_keys(['example_bash_operator']) retrieved from /home/airflow/.local/lib/python3.7/site-packages/airflow/example_dags/example_bash_operator.py
[2023-08-10T00:16:59.822+0000] {logging_mixin.py:150} INFO - [2023-08-10T00:16:59.822+0000] {dag.py:2742} INFO - Sync 1 DAGs
[2023-08-10T00:16:59.837+0000] {logging_mixin.py:150} INFO - [2023-08-10T00:16:59.836+0000] {dag.py:3508} INFO - Setting next_dagrun for example_bash_operator to 2023-08-09T00:00:00+00:00, run_after=2023-08-10T00:00:00+00:00
[2023-08-10T00:16:59.845+0000] {processor.py:179} INFO - Processing /home/airflow/.local/lib/python3.7/site-packages/airflow/example_dags/example_bash_operator.py took 0.059 seconds
[2023-08-10T00:17:30.059+0000] {processor.py:157} INFO - Started process (PID=1774) to work on /home/airflow/.local/lib/python3.7/site-packages/airflow/example_dags/example_bash_operator.py
[2023-08-10T00:17:30.060+0000] {processor.py:826} INFO - Processing file /home/airflow/.local/lib/python3.7/site-packages/airflow/example_dags/example_bash_operator.py for tasks to queue
[2023-08-10T00:17:30.061+0000] {logging_mixin.py:150} INFO - [2023-08-10T00:17:30.061+0000] {dagbag.py:541} INFO - Filling up the DagBag from /home/airflow/.local/lib/python3.7/site-packages/airflow/example_dags/example_bash_operator.py
[2023-08-10T00:17:30.070+0000] {processor.py:836} INFO - DAG(s) dict_keys(['example_bash_operator']) retrieved from /home/airflow/.local/lib/python3.7/site-packages/airflow/example_dags/example_bash_operator.py
[2023-08-10T00:17:30.092+0000] {logging_mixin.py:150} INFO - [2023-08-10T00:17:30.092+0000] {dag.py:2742} INFO - Sync 1 DAGs
[2023-08-10T00:17:30.107+0000] {logging_mixin.py:150} INFO - [2023-08-10T00:17:30.107+0000] {dag.py:3508} INFO - Setting next_dagrun for example_bash_operator to 2023-08-09T00:00:00+00:00, run_after=2023-08-10T00:00:00+00:00
[2023-08-10T00:17:30.116+0000] {processor.py:179} INFO - Processing /home/airflow/.local/lib/python3.7/site-packages/airflow/example_dags/example_bash_operator.py took 0.060 seconds
[2023-08-10T00:18:00.422+0000] {processor.py:157} INFO - Started process (PID=1833) to work on /home/airflow/.local/lib/python3.7/site-packages/airflow/example_dags/example_bash_operator.py
[2023-08-10T00:18:00.423+0000] {processor.py:826} INFO - Processing file /home/airflow/.local/lib/python3.7/site-packages/airflow/example_dags/example_bash_operator.py for tasks to queue
[2023-08-10T00:18:00.424+0000] {logging_mixin.py:150} INFO - [2023-08-10T00:18:00.424+0000] {dagbag.py:541} INFO - Filling up the DagBag from /home/airflow/.local/lib/python3.7/site-packages/airflow/example_dags/example_bash_operator.py
[2023-08-10T00:18:00.434+0000] {processor.py:836} INFO - DAG(s) dict_keys(['example_bash_operator']) retrieved from /home/airflow/.local/lib/python3.7/site-packages/airflow/example_dags/example_bash_operator.py
[2023-08-10T00:18:00.457+0000] {logging_mixin.py:150} INFO - [2023-08-10T00:18:00.457+0000] {dag.py:2742} INFO - Sync 1 DAGs
[2023-08-10T00:18:00.472+0000] {logging_mixin.py:150} INFO - [2023-08-10T00:18:00.472+0000] {dag.py:3508} INFO - Setting next_dagrun for example_bash_operator to 2023-08-09T00:00:00+00:00, run_after=2023-08-10T00:00:00+00:00
[2023-08-10T00:18:00.483+0000] {processor.py:179} INFO - Processing /home/airflow/.local/lib/python3.7/site-packages/airflow/example_dags/example_bash_operator.py took 0.063 seconds
[2023-08-10T00:18:30.743+0000] {processor.py:157} INFO - Started process (PID=1892) to work on /home/airflow/.local/lib/python3.7/site-packages/airflow/example_dags/example_bash_operator.py
[2023-08-10T00:18:30.744+0000] {processor.py:826} INFO - Processing file /home/airflow/.local/lib/python3.7/site-packages/airflow/example_dags/example_bash_operator.py for tasks to queue
[2023-08-10T00:18:30.745+0000] {logging_mixin.py:150} INFO - [2023-08-10T00:18:30.745+0000] {dagbag.py:541} INFO - Filling up the DagBag from /home/airflow/.local/lib/python3.7/site-packages/airflow/example_dags/example_bash_operator.py
[2023-08-10T00:18:30.755+0000] {processor.py:836} INFO - DAG(s) dict_keys(['example_bash_operator']) retrieved from /home/airflow/.local/lib/python3.7/site-packages/airflow/example_dags/example_bash_operator.py
[2023-08-10T00:18:30.777+0000] {logging_mixin.py:150} INFO - [2023-08-10T00:18:30.777+0000] {dag.py:2742} INFO - Sync 1 DAGs
[2023-08-10T00:18:30.791+0000] {logging_mixin.py:150} INFO - [2023-08-10T00:18:30.791+0000] {dag.py:3508} INFO - Setting next_dagrun for example_bash_operator to 2023-08-09T00:00:00+00:00, run_after=2023-08-10T00:00:00+00:00
[2023-08-10T00:18:30.801+0000] {processor.py:179} INFO - Processing /home/airflow/.local/lib/python3.7/site-packages/airflow/example_dags/example_bash_operator.py took 0.060 seconds
[2023-08-10T00:19:00.943+0000] {processor.py:157} INFO - Started process (PID=1952) to work on /home/airflow/.local/lib/python3.7/site-packages/airflow/example_dags/example_bash_operator.py
[2023-08-10T00:19:00.944+0000] {processor.py:826} INFO - Processing file /home/airflow/.local/lib/python3.7/site-packages/airflow/example_dags/example_bash_operator.py for tasks to queue
[2023-08-10T00:19:00.945+0000] {logging_mixin.py:150} INFO - [2023-08-10T00:19:00.944+0000] {dagbag.py:541} INFO - Filling up the DagBag from /home/airflow/.local/lib/python3.7/site-packages/airflow/example_dags/example_bash_operator.py
[2023-08-10T00:19:00.954+0000] {processor.py:836} INFO - DAG(s) dict_keys(['example_bash_operator']) retrieved from /home/airflow/.local/lib/python3.7/site-packages/airflow/example_dags/example_bash_operator.py
[2023-08-10T00:19:00.976+0000] {logging_mixin.py:150} INFO - [2023-08-10T00:19:00.976+0000] {dag.py:2742} INFO - Sync 1 DAGs
[2023-08-10T00:19:00.991+0000] {logging_mixin.py:150} INFO - [2023-08-10T00:19:00.991+0000] {dag.py:3508} INFO - Setting next_dagrun for example_bash_operator to 2023-08-09T00:00:00+00:00, run_after=2023-08-10T00:00:00+00:00
[2023-08-10T00:19:01.001+0000] {processor.py:179} INFO - Processing /home/airflow/.local/lib/python3.7/site-packages/airflow/example_dags/example_bash_operator.py took 0.061 seconds
[2023-08-10T00:19:31.261+0000] {processor.py:157} INFO - Started process (PID=2011) to work on /home/airflow/.local/lib/python3.7/site-packages/airflow/example_dags/example_bash_operator.py
[2023-08-10T00:19:31.262+0000] {processor.py:826} INFO - Processing file /home/airflow/.local/lib/python3.7/site-packages/airflow/example_dags/example_bash_operator.py for tasks to queue
[2023-08-10T00:19:31.263+0000] {logging_mixin.py:150} INFO - [2023-08-10T00:19:31.263+0000] {dagbag.py:541} INFO - Filling up the DagBag from /home/airflow/.local/lib/python3.7/site-packages/airflow/example_dags/example_bash_operator.py
[2023-08-10T00:19:31.272+0000] {processor.py:836} INFO - DAG(s) dict_keys(['example_bash_operator']) retrieved from /home/airflow/.local/lib/python3.7/site-packages/airflow/example_dags/example_bash_operator.py
[2023-08-10T00:19:31.295+0000] {logging_mixin.py:150} INFO - [2023-08-10T00:19:31.295+0000] {dag.py:2742} INFO - Sync 1 DAGs
[2023-08-10T00:19:31.310+0000] {logging_mixin.py:150} INFO - [2023-08-10T00:19:31.310+0000] {dag.py:3508} INFO - Setting next_dagrun for example_bash_operator to 2023-08-09T00:00:00+00:00, run_after=2023-08-10T00:00:00+00:00
[2023-08-10T00:19:31.321+0000] {processor.py:179} INFO - Processing /home/airflow/.local/lib/python3.7/site-packages/airflow/example_dags/example_bash_operator.py took 0.062 seconds
