[2023-08-10T00:10:44.885+0000] {processor.py:157} INFO - Started process (PID=1491) to work on /home/airflow/.local/lib/python3.7/site-packages/airflow/example_dags/example_branch_datetime_operator.py
[2023-08-10T00:10:44.886+0000] {processor.py:826} INFO - Processing file /home/airflow/.local/lib/python3.7/site-packages/airflow/example_dags/example_branch_datetime_operator.py for tasks to queue
[2023-08-10T00:10:44.887+0000] {logging_mixin.py:150} INFO - [2023-08-10T00:10:44.886+0000] {dagbag.py:541} INFO - Filling up the DagBag from /home/airflow/.local/lib/python3.7/site-packages/airflow/example_dags/example_branch_datetime_operator.py
[2023-08-10T00:10:44.893+0000] {processor.py:836} INFO - DAG(s) dict_keys(['example_branch_datetime_operator_3', 'example_branch_datetime_operator_2', 'example_branch_datetime_operator']) retrieved from /home/airflow/.local/lib/python3.7/site-packages/airflow/example_dags/example_branch_datetime_operator.py
[2023-08-10T00:10:44.914+0000] {logging_mixin.py:150} INFO - [2023-08-10T00:10:44.914+0000] {dag.py:2742} INFO - Sync 3 DAGs
[2023-08-10T00:10:44.929+0000] {logging_mixin.py:150} INFO - [2023-08-10T00:10:44.929+0000] {dag.py:3508} INFO - Setting next_dagrun for example_branch_datetime_operator to 2023-08-09T00:00:00+00:00, run_after=2023-08-10T00:00:00+00:00
[2023-08-10T00:10:44.931+0000] {logging_mixin.py:150} INFO - [2023-08-10T00:10:44.931+0000] {dag.py:3508} INFO - Setting next_dagrun for example_branch_datetime_operator_2 to 2023-08-09T00:00:00+00:00, run_after=2023-08-10T00:00:00+00:00
[2023-08-10T00:10:44.933+0000] {logging_mixin.py:150} INFO - [2023-08-10T00:10:44.933+0000] {dag.py:3508} INFO - Setting next_dagrun for example_branch_datetime_operator_3 to 2023-08-09T00:00:00+00:00, run_after=2023-08-10T00:00:00+00:00
[2023-08-10T00:10:44.941+0000] {processor.py:179} INFO - Processing /home/airflow/.local/lib/python3.7/site-packages/airflow/example_dags/example_branch_datetime_operator.py took 0.059 seconds
[2023-08-10T00:15:29.060+0000] {processor.py:157} INFO - Started process (PID=1550) to work on /home/airflow/.local/lib/python3.7/site-packages/airflow/example_dags/example_branch_datetime_operator.py
[2023-08-10T00:15:29.061+0000] {processor.py:826} INFO - Processing file /home/airflow/.local/lib/python3.7/site-packages/airflow/example_dags/example_branch_datetime_operator.py for tasks to queue
[2023-08-10T00:15:29.062+0000] {logging_mixin.py:150} INFO - [2023-08-10T00:15:29.062+0000] {dagbag.py:541} INFO - Filling up the DagBag from /home/airflow/.local/lib/python3.7/site-packages/airflow/example_dags/example_branch_datetime_operator.py
[2023-08-10T00:15:29.068+0000] {processor.py:836} INFO - DAG(s) dict_keys(['example_branch_datetime_operator_2', 'example_branch_datetime_operator_3', 'example_branch_datetime_operator']) retrieved from /home/airflow/.local/lib/python3.7/site-packages/airflow/example_dags/example_branch_datetime_operator.py
[2023-08-10T00:15:29.089+0000] {logging_mixin.py:150} INFO - [2023-08-10T00:15:29.089+0000] {dag.py:2742} INFO - Sync 3 DAGs
[2023-08-10T00:15:29.104+0000] {logging_mixin.py:150} INFO - [2023-08-10T00:15:29.104+0000] {dag.py:3508} INFO - Setting next_dagrun for example_branch_datetime_operator to 2023-08-09T00:00:00+00:00, run_after=2023-08-10T00:00:00+00:00
[2023-08-10T00:15:29.107+0000] {logging_mixin.py:150} INFO - [2023-08-10T00:15:29.107+0000] {dag.py:3508} INFO - Setting next_dagrun for example_branch_datetime_operator_2 to 2023-08-09T00:00:00+00:00, run_after=2023-08-10T00:00:00+00:00
[2023-08-10T00:15:29.108+0000] {logging_mixin.py:150} INFO - [2023-08-10T00:15:29.108+0000] {dag.py:3508} INFO - Setting next_dagrun for example_branch_datetime_operator_3 to 2023-08-09T00:00:00+00:00, run_after=2023-08-10T00:00:00+00:00
[2023-08-10T00:15:29.117+0000] {processor.py:179} INFO - Processing /home/airflow/.local/lib/python3.7/site-packages/airflow/example_dags/example_branch_datetime_operator.py took 0.060 seconds
[2023-08-10T00:15:59.697+0000] {processor.py:157} INFO - Started process (PID=1609) to work on /home/airflow/.local/lib/python3.7/site-packages/airflow/example_dags/example_branch_datetime_operator.py
[2023-08-10T00:15:59.699+0000] {processor.py:826} INFO - Processing file /home/airflow/.local/lib/python3.7/site-packages/airflow/example_dags/example_branch_datetime_operator.py for tasks to queue
[2023-08-10T00:15:59.700+0000] {logging_mixin.py:150} INFO - [2023-08-10T00:15:59.699+0000] {dagbag.py:541} INFO - Filling up the DagBag from /home/airflow/.local/lib/python3.7/site-packages/airflow/example_dags/example_branch_datetime_operator.py
[2023-08-10T00:15:59.706+0000] {processor.py:836} INFO - DAG(s) dict_keys(['example_branch_datetime_operator_2', 'example_branch_datetime_operator', 'example_branch_datetime_operator_3']) retrieved from /home/airflow/.local/lib/python3.7/site-packages/airflow/example_dags/example_branch_datetime_operator.py
[2023-08-10T00:15:59.726+0000] {logging_mixin.py:150} INFO - [2023-08-10T00:15:59.726+0000] {dag.py:2742} INFO - Sync 3 DAGs
[2023-08-10T00:15:59.741+0000] {logging_mixin.py:150} INFO - [2023-08-10T00:15:59.741+0000] {dag.py:3508} INFO - Setting next_dagrun for example_branch_datetime_operator to 2023-08-09T00:00:00+00:00, run_after=2023-08-10T00:00:00+00:00
[2023-08-10T00:15:59.744+0000] {logging_mixin.py:150} INFO - [2023-08-10T00:15:59.744+0000] {dag.py:3508} INFO - Setting next_dagrun for example_branch_datetime_operator_2 to 2023-08-09T00:00:00+00:00, run_after=2023-08-10T00:00:00+00:00
[2023-08-10T00:15:59.745+0000] {logging_mixin.py:150} INFO - [2023-08-10T00:15:59.745+0000] {dag.py:3508} INFO - Setting next_dagrun for example_branch_datetime_operator_3 to 2023-08-09T00:00:00+00:00, run_after=2023-08-10T00:00:00+00:00
[2023-08-10T00:15:59.754+0000] {processor.py:179} INFO - Processing /home/airflow/.local/lib/python3.7/site-packages/airflow/example_dags/example_branch_datetime_operator.py took 0.059 seconds
[2023-08-10T00:16:30.027+0000] {processor.py:157} INFO - Started process (PID=1668) to work on /home/airflow/.local/lib/python3.7/site-packages/airflow/example_dags/example_branch_datetime_operator.py
[2023-08-10T00:16:30.029+0000] {processor.py:826} INFO - Processing file /home/airflow/.local/lib/python3.7/site-packages/airflow/example_dags/example_branch_datetime_operator.py for tasks to queue
[2023-08-10T00:16:30.029+0000] {logging_mixin.py:150} INFO - [2023-08-10T00:16:30.029+0000] {dagbag.py:541} INFO - Filling up the DagBag from /home/airflow/.local/lib/python3.7/site-packages/airflow/example_dags/example_branch_datetime_operator.py
[2023-08-10T00:16:30.036+0000] {processor.py:836} INFO - DAG(s) dict_keys(['example_branch_datetime_operator_2', 'example_branch_datetime_operator_3', 'example_branch_datetime_operator']) retrieved from /home/airflow/.local/lib/python3.7/site-packages/airflow/example_dags/example_branch_datetime_operator.py
[2023-08-10T00:16:30.056+0000] {logging_mixin.py:150} INFO - [2023-08-10T00:16:30.055+0000] {dag.py:2742} INFO - Sync 3 DAGs
[2023-08-10T00:16:30.070+0000] {logging_mixin.py:150} INFO - [2023-08-10T00:16:30.070+0000] {dag.py:3508} INFO - Setting next_dagrun for example_branch_datetime_operator to 2023-08-09T00:00:00+00:00, run_after=2023-08-10T00:00:00+00:00
[2023-08-10T00:16:30.072+0000] {logging_mixin.py:150} INFO - [2023-08-10T00:16:30.072+0000] {dag.py:3508} INFO - Setting next_dagrun for example_branch_datetime_operator_2 to 2023-08-09T00:00:00+00:00, run_after=2023-08-10T00:00:00+00:00
[2023-08-10T00:16:30.074+0000] {logging_mixin.py:150} INFO - [2023-08-10T00:16:30.074+0000] {dag.py:3508} INFO - Setting next_dagrun for example_branch_datetime_operator_3 to 2023-08-09T00:00:00+00:00, run_after=2023-08-10T00:00:00+00:00
[2023-08-10T00:16:30.082+0000] {processor.py:179} INFO - Processing /home/airflow/.local/lib/python3.7/site-packages/airflow/example_dags/example_branch_datetime_operator.py took 0.057 seconds
[2023-08-10T00:17:00.251+0000] {processor.py:157} INFO - Started process (PID=1727) to work on /home/airflow/.local/lib/python3.7/site-packages/airflow/example_dags/example_branch_datetime_operator.py
[2023-08-10T00:17:00.252+0000] {processor.py:826} INFO - Processing file /home/airflow/.local/lib/python3.7/site-packages/airflow/example_dags/example_branch_datetime_operator.py for tasks to queue
[2023-08-10T00:17:00.255+0000] {logging_mixin.py:150} INFO - [2023-08-10T00:17:00.254+0000] {dagbag.py:541} INFO - Filling up the DagBag from /home/airflow/.local/lib/python3.7/site-packages/airflow/example_dags/example_branch_datetime_operator.py
[2023-08-10T00:17:00.260+0000] {processor.py:836} INFO - DAG(s) dict_keys(['example_branch_datetime_operator', 'example_branch_datetime_operator_3', 'example_branch_datetime_operator_2']) retrieved from /home/airflow/.local/lib/python3.7/site-packages/airflow/example_dags/example_branch_datetime_operator.py
[2023-08-10T00:17:00.284+0000] {logging_mixin.py:150} INFO - [2023-08-10T00:17:00.283+0000] {dag.py:2742} INFO - Sync 3 DAGs
[2023-08-10T00:17:00.299+0000] {logging_mixin.py:150} INFO - [2023-08-10T00:17:00.299+0000] {dag.py:3508} INFO - Setting next_dagrun for example_branch_datetime_operator to 2023-08-09T00:00:00+00:00, run_after=2023-08-10T00:00:00+00:00
[2023-08-10T00:17:00.302+0000] {logging_mixin.py:150} INFO - [2023-08-10T00:17:00.302+0000] {dag.py:3508} INFO - Setting next_dagrun for example_branch_datetime_operator_2 to 2023-08-09T00:00:00+00:00, run_after=2023-08-10T00:00:00+00:00
[2023-08-10T00:17:00.304+0000] {logging_mixin.py:150} INFO - [2023-08-10T00:17:00.304+0000] {dag.py:3508} INFO - Setting next_dagrun for example_branch_datetime_operator_3 to 2023-08-09T00:00:00+00:00, run_after=2023-08-10T00:00:00+00:00
[2023-08-10T00:17:00.313+0000] {processor.py:179} INFO - Processing /home/airflow/.local/lib/python3.7/site-packages/airflow/example_dags/example_branch_datetime_operator.py took 0.065 seconds
[2023-08-10T00:17:30.553+0000] {processor.py:157} INFO - Started process (PID=1786) to work on /home/airflow/.local/lib/python3.7/site-packages/airflow/example_dags/example_branch_datetime_operator.py
[2023-08-10T00:17:30.554+0000] {processor.py:826} INFO - Processing file /home/airflow/.local/lib/python3.7/site-packages/airflow/example_dags/example_branch_datetime_operator.py for tasks to queue
[2023-08-10T00:17:30.555+0000] {logging_mixin.py:150} INFO - [2023-08-10T00:17:30.554+0000] {dagbag.py:541} INFO - Filling up the DagBag from /home/airflow/.local/lib/python3.7/site-packages/airflow/example_dags/example_branch_datetime_operator.py
[2023-08-10T00:17:30.561+0000] {processor.py:836} INFO - DAG(s) dict_keys(['example_branch_datetime_operator_3', 'example_branch_datetime_operator_2', 'example_branch_datetime_operator']) retrieved from /home/airflow/.local/lib/python3.7/site-packages/airflow/example_dags/example_branch_datetime_operator.py
[2023-08-10T00:17:30.582+0000] {logging_mixin.py:150} INFO - [2023-08-10T00:17:30.582+0000] {dag.py:2742} INFO - Sync 3 DAGs
[2023-08-10T00:17:30.597+0000] {logging_mixin.py:150} INFO - [2023-08-10T00:17:30.596+0000] {dag.py:3508} INFO - Setting next_dagrun for example_branch_datetime_operator to 2023-08-09T00:00:00+00:00, run_after=2023-08-10T00:00:00+00:00
[2023-08-10T00:17:30.600+0000] {logging_mixin.py:150} INFO - [2023-08-10T00:17:30.600+0000] {dag.py:3508} INFO - Setting next_dagrun for example_branch_datetime_operator_2 to 2023-08-09T00:00:00+00:00, run_after=2023-08-10T00:00:00+00:00
[2023-08-10T00:17:30.601+0000] {logging_mixin.py:150} INFO - [2023-08-10T00:17:30.601+0000] {dag.py:3508} INFO - Setting next_dagrun for example_branch_datetime_operator_3 to 2023-08-09T00:00:00+00:00, run_after=2023-08-10T00:00:00+00:00
[2023-08-10T00:17:30.610+0000] {processor.py:179} INFO - Processing /home/airflow/.local/lib/python3.7/site-packages/airflow/example_dags/example_branch_datetime_operator.py took 0.060 seconds
[2023-08-10T00:18:00.918+0000] {processor.py:157} INFO - Started process (PID=1845) to work on /home/airflow/.local/lib/python3.7/site-packages/airflow/example_dags/example_branch_datetime_operator.py
[2023-08-10T00:18:00.919+0000] {processor.py:826} INFO - Processing file /home/airflow/.local/lib/python3.7/site-packages/airflow/example_dags/example_branch_datetime_operator.py for tasks to queue
[2023-08-10T00:18:00.921+0000] {logging_mixin.py:150} INFO - [2023-08-10T00:18:00.920+0000] {dagbag.py:541} INFO - Filling up the DagBag from /home/airflow/.local/lib/python3.7/site-packages/airflow/example_dags/example_branch_datetime_operator.py
[2023-08-10T00:18:00.926+0000] {processor.py:836} INFO - DAG(s) dict_keys(['example_branch_datetime_operator_2', 'example_branch_datetime_operator', 'example_branch_datetime_operator_3']) retrieved from /home/airflow/.local/lib/python3.7/site-packages/airflow/example_dags/example_branch_datetime_operator.py
[2023-08-10T00:18:00.948+0000] {logging_mixin.py:150} INFO - [2023-08-10T00:18:00.947+0000] {dag.py:2742} INFO - Sync 3 DAGs
[2023-08-10T00:18:00.962+0000] {logging_mixin.py:150} INFO - [2023-08-10T00:18:00.962+0000] {dag.py:3508} INFO - Setting next_dagrun for example_branch_datetime_operator to 2023-08-09T00:00:00+00:00, run_after=2023-08-10T00:00:00+00:00
[2023-08-10T00:18:00.965+0000] {logging_mixin.py:150} INFO - [2023-08-10T00:18:00.965+0000] {dag.py:3508} INFO - Setting next_dagrun for example_branch_datetime_operator_2 to 2023-08-09T00:00:00+00:00, run_after=2023-08-10T00:00:00+00:00
[2023-08-10T00:18:00.966+0000] {logging_mixin.py:150} INFO - [2023-08-10T00:18:00.966+0000] {dag.py:3508} INFO - Setting next_dagrun for example_branch_datetime_operator_3 to 2023-08-09T00:00:00+00:00, run_after=2023-08-10T00:00:00+00:00
[2023-08-10T00:18:00.975+0000] {processor.py:179} INFO - Processing /home/airflow/.local/lib/python3.7/site-packages/airflow/example_dags/example_branch_datetime_operator.py took 0.059 seconds
[2023-08-10T00:18:31.187+0000] {processor.py:157} INFO - Started process (PID=1904) to work on /home/airflow/.local/lib/python3.7/site-packages/airflow/example_dags/example_branch_datetime_operator.py
[2023-08-10T00:18:31.188+0000] {processor.py:826} INFO - Processing file /home/airflow/.local/lib/python3.7/site-packages/airflow/example_dags/example_branch_datetime_operator.py for tasks to queue
[2023-08-10T00:18:31.189+0000] {logging_mixin.py:150} INFO - [2023-08-10T00:18:31.189+0000] {dagbag.py:541} INFO - Filling up the DagBag from /home/airflow/.local/lib/python3.7/site-packages/airflow/example_dags/example_branch_datetime_operator.py
[2023-08-10T00:18:31.196+0000] {processor.py:836} INFO - DAG(s) dict_keys(['example_branch_datetime_operator', 'example_branch_datetime_operator_2', 'example_branch_datetime_operator_3']) retrieved from /home/airflow/.local/lib/python3.7/site-packages/airflow/example_dags/example_branch_datetime_operator.py
[2023-08-10T00:18:31.216+0000] {logging_mixin.py:150} INFO - [2023-08-10T00:18:31.216+0000] {dag.py:2742} INFO - Sync 3 DAGs
[2023-08-10T00:18:31.231+0000] {logging_mixin.py:150} INFO - [2023-08-10T00:18:31.231+0000] {dag.py:3508} INFO - Setting next_dagrun for example_branch_datetime_operator to 2023-08-09T00:00:00+00:00, run_after=2023-08-10T00:00:00+00:00
[2023-08-10T00:18:31.233+0000] {logging_mixin.py:150} INFO - [2023-08-10T00:18:31.233+0000] {dag.py:3508} INFO - Setting next_dagrun for example_branch_datetime_operator_2 to 2023-08-09T00:00:00+00:00, run_after=2023-08-10T00:00:00+00:00
[2023-08-10T00:18:31.234+0000] {logging_mixin.py:150} INFO - [2023-08-10T00:18:31.234+0000] {dag.py:3508} INFO - Setting next_dagrun for example_branch_datetime_operator_3 to 2023-08-09T00:00:00+00:00, run_after=2023-08-10T00:00:00+00:00
[2023-08-10T00:18:31.243+0000] {processor.py:179} INFO - Processing /home/airflow/.local/lib/python3.7/site-packages/airflow/example_dags/example_branch_datetime_operator.py took 0.057 seconds
[2023-08-10T00:19:01.532+0000] {processor.py:157} INFO - Started process (PID=1964) to work on /home/airflow/.local/lib/python3.7/site-packages/airflow/example_dags/example_branch_datetime_operator.py
[2023-08-10T00:19:01.533+0000] {processor.py:826} INFO - Processing file /home/airflow/.local/lib/python3.7/site-packages/airflow/example_dags/example_branch_datetime_operator.py for tasks to queue
[2023-08-10T00:19:01.534+0000] {logging_mixin.py:150} INFO - [2023-08-10T00:19:01.533+0000] {dagbag.py:541} INFO - Filling up the DagBag from /home/airflow/.local/lib/python3.7/site-packages/airflow/example_dags/example_branch_datetime_operator.py
[2023-08-10T00:19:01.540+0000] {processor.py:836} INFO - DAG(s) dict_keys(['example_branch_datetime_operator', 'example_branch_datetime_operator_2', 'example_branch_datetime_operator_3']) retrieved from /home/airflow/.local/lib/python3.7/site-packages/airflow/example_dags/example_branch_datetime_operator.py
[2023-08-10T00:19:01.561+0000] {logging_mixin.py:150} INFO - [2023-08-10T00:19:01.561+0000] {dag.py:2742} INFO - Sync 3 DAGs
[2023-08-10T00:19:01.575+0000] {logging_mixin.py:150} INFO - [2023-08-10T00:19:01.575+0000] {dag.py:3508} INFO - Setting next_dagrun for example_branch_datetime_operator to 2023-08-09T00:00:00+00:00, run_after=2023-08-10T00:00:00+00:00
[2023-08-10T00:19:01.578+0000] {logging_mixin.py:150} INFO - [2023-08-10T00:19:01.578+0000] {dag.py:3508} INFO - Setting next_dagrun for example_branch_datetime_operator_2 to 2023-08-09T00:00:00+00:00, run_after=2023-08-10T00:00:00+00:00
[2023-08-10T00:19:01.579+0000] {logging_mixin.py:150} INFO - [2023-08-10T00:19:01.579+0000] {dag.py:3508} INFO - Setting next_dagrun for example_branch_datetime_operator_3 to 2023-08-09T00:00:00+00:00, run_after=2023-08-10T00:00:00+00:00
[2023-08-10T00:19:01.587+0000] {processor.py:179} INFO - Processing /home/airflow/.local/lib/python3.7/site-packages/airflow/example_dags/example_branch_datetime_operator.py took 0.058 seconds
[2023-08-10T00:19:31.744+0000] {processor.py:157} INFO - Started process (PID=2024) to work on /home/airflow/.local/lib/python3.7/site-packages/airflow/example_dags/example_branch_datetime_operator.py
[2023-08-10T00:19:31.745+0000] {processor.py:826} INFO - Processing file /home/airflow/.local/lib/python3.7/site-packages/airflow/example_dags/example_branch_datetime_operator.py for tasks to queue
[2023-08-10T00:19:31.746+0000] {logging_mixin.py:150} INFO - [2023-08-10T00:19:31.746+0000] {dagbag.py:541} INFO - Filling up the DagBag from /home/airflow/.local/lib/python3.7/site-packages/airflow/example_dags/example_branch_datetime_operator.py
[2023-08-10T00:19:31.753+0000] {processor.py:836} INFO - DAG(s) dict_keys(['example_branch_datetime_operator_3', 'example_branch_datetime_operator', 'example_branch_datetime_operator_2']) retrieved from /home/airflow/.local/lib/python3.7/site-packages/airflow/example_dags/example_branch_datetime_operator.py
[2023-08-10T00:19:31.775+0000] {logging_mixin.py:150} INFO - [2023-08-10T00:19:31.775+0000] {dag.py:2742} INFO - Sync 3 DAGs
[2023-08-10T00:19:31.791+0000] {logging_mixin.py:150} INFO - [2023-08-10T00:19:31.791+0000] {dag.py:3508} INFO - Setting next_dagrun for example_branch_datetime_operator to 2023-08-09T00:00:00+00:00, run_after=2023-08-10T00:00:00+00:00
[2023-08-10T00:19:31.795+0000] {logging_mixin.py:150} INFO - [2023-08-10T00:19:31.794+0000] {dag.py:3508} INFO - Setting next_dagrun for example_branch_datetime_operator_2 to 2023-08-09T00:00:00+00:00, run_after=2023-08-10T00:00:00+00:00
[2023-08-10T00:19:31.796+0000] {logging_mixin.py:150} INFO - [2023-08-10T00:19:31.796+0000] {dag.py:3508} INFO - Setting next_dagrun for example_branch_datetime_operator_3 to 2023-08-09T00:00:00+00:00, run_after=2023-08-10T00:00:00+00:00
[2023-08-10T00:19:31.806+0000] {processor.py:179} INFO - Processing /home/airflow/.local/lib/python3.7/site-packages/airflow/example_dags/example_branch_datetime_operator.py took 0.065 seconds
