[2023-08-10T00:10:44.814+0000] {processor.py:157} INFO - Started process (PID=1489) to work on /home/airflow/.local/lib/python3.7/site-packages/airflow/example_dags/example_sensors.py
[2023-08-10T00:10:44.814+0000] {processor.py:826} INFO - Processing file /home/airflow/.local/lib/python3.7/site-packages/airflow/example_dags/example_sensors.py for tasks to queue
[2023-08-10T00:10:44.815+0000] {logging_mixin.py:150} INFO - [2023-08-10T00:10:44.815+0000] {dagbag.py:541} INFO - Filling up the DagBag from /home/airflow/.local/lib/python3.7/site-packages/airflow/example_dags/example_sensors.py
[2023-08-10T00:10:44.822+0000] {processor.py:836} INFO - DAG(s) dict_keys(['example_sensors']) retrieved from /home/airflow/.local/lib/python3.7/site-packages/airflow/example_dags/example_sensors.py
[2023-08-10T00:10:44.841+0000] {logging_mixin.py:150} INFO - [2023-08-10T00:10:44.841+0000] {dag.py:2742} INFO - Sync 1 DAGs
[2023-08-10T00:10:44.854+0000] {logging_mixin.py:150} INFO - [2023-08-10T00:10:44.854+0000] {dag.py:3508} INFO - Setting next_dagrun for example_sensors to None, run_after=None
[2023-08-10T00:10:44.863+0000] {processor.py:179} INFO - Processing /home/airflow/.local/lib/python3.7/site-packages/airflow/example_dags/example_sensors.py took 0.053 seconds
[2023-08-10T00:15:28.988+0000] {processor.py:157} INFO - Started process (PID=1548) to work on /home/airflow/.local/lib/python3.7/site-packages/airflow/example_dags/example_sensors.py
[2023-08-10T00:15:28.989+0000] {processor.py:826} INFO - Processing file /home/airflow/.local/lib/python3.7/site-packages/airflow/example_dags/example_sensors.py for tasks to queue
[2023-08-10T00:15:28.989+0000] {logging_mixin.py:150} INFO - [2023-08-10T00:15:28.989+0000] {dagbag.py:541} INFO - Filling up the DagBag from /home/airflow/.local/lib/python3.7/site-packages/airflow/example_dags/example_sensors.py
[2023-08-10T00:15:28.997+0000] {processor.py:836} INFO - DAG(s) dict_keys(['example_sensors']) retrieved from /home/airflow/.local/lib/python3.7/site-packages/airflow/example_dags/example_sensors.py
[2023-08-10T00:15:29.015+0000] {logging_mixin.py:150} INFO - [2023-08-10T00:15:29.015+0000] {dag.py:2742} INFO - Sync 1 DAGs
[2023-08-10T00:15:29.029+0000] {logging_mixin.py:150} INFO - [2023-08-10T00:15:29.029+0000] {dag.py:3508} INFO - Setting next_dagrun for example_sensors to None, run_after=None
[2023-08-10T00:15:29.040+0000] {processor.py:179} INFO - Processing /home/airflow/.local/lib/python3.7/site-packages/airflow/example_dags/example_sensors.py took 0.054 seconds
[2023-08-10T00:15:59.628+0000] {processor.py:157} INFO - Started process (PID=1607) to work on /home/airflow/.local/lib/python3.7/site-packages/airflow/example_dags/example_sensors.py
[2023-08-10T00:15:59.629+0000] {processor.py:826} INFO - Processing file /home/airflow/.local/lib/python3.7/site-packages/airflow/example_dags/example_sensors.py for tasks to queue
[2023-08-10T00:15:59.630+0000] {logging_mixin.py:150} INFO - [2023-08-10T00:15:59.630+0000] {dagbag.py:541} INFO - Filling up the DagBag from /home/airflow/.local/lib/python3.7/site-packages/airflow/example_dags/example_sensors.py
[2023-08-10T00:15:59.637+0000] {processor.py:836} INFO - DAG(s) dict_keys(['example_sensors']) retrieved from /home/airflow/.local/lib/python3.7/site-packages/airflow/example_dags/example_sensors.py
[2023-08-10T00:15:59.656+0000] {logging_mixin.py:150} INFO - [2023-08-10T00:15:59.655+0000] {dag.py:2742} INFO - Sync 1 DAGs
[2023-08-10T00:15:59.669+0000] {logging_mixin.py:150} INFO - [2023-08-10T00:15:59.669+0000] {dag.py:3508} INFO - Setting next_dagrun for example_sensors to None, run_after=None
[2023-08-10T00:15:59.679+0000] {processor.py:179} INFO - Processing /home/airflow/.local/lib/python3.7/site-packages/airflow/example_dags/example_sensors.py took 0.053 seconds
[2023-08-10T00:16:29.893+0000] {processor.py:157} INFO - Started process (PID=1666) to work on /home/airflow/.local/lib/python3.7/site-packages/airflow/example_dags/example_sensors.py
[2023-08-10T00:16:29.894+0000] {processor.py:826} INFO - Processing file /home/airflow/.local/lib/python3.7/site-packages/airflow/example_dags/example_sensors.py for tasks to queue
[2023-08-10T00:16:29.895+0000] {logging_mixin.py:150} INFO - [2023-08-10T00:16:29.895+0000] {dagbag.py:541} INFO - Filling up the DagBag from /home/airflow/.local/lib/python3.7/site-packages/airflow/example_dags/example_sensors.py
[2023-08-10T00:16:29.901+0000] {processor.py:836} INFO - DAG(s) dict_keys(['example_sensors']) retrieved from /home/airflow/.local/lib/python3.7/site-packages/airflow/example_dags/example_sensors.py
[2023-08-10T00:16:29.919+0000] {logging_mixin.py:150} INFO - [2023-08-10T00:16:29.919+0000] {dag.py:2742} INFO - Sync 1 DAGs
[2023-08-10T00:16:29.932+0000] {logging_mixin.py:150} INFO - [2023-08-10T00:16:29.931+0000] {dag.py:3508} INFO - Setting next_dagrun for example_sensors to None, run_after=None
[2023-08-10T00:16:29.941+0000] {processor.py:179} INFO - Processing /home/airflow/.local/lib/python3.7/site-packages/airflow/example_dags/example_sensors.py took 0.050 seconds
[2023-08-10T00:17:00.178+0000] {processor.py:157} INFO - Started process (PID=1725) to work on /home/airflow/.local/lib/python3.7/site-packages/airflow/example_dags/example_sensors.py
[2023-08-10T00:17:00.179+0000] {processor.py:826} INFO - Processing file /home/airflow/.local/lib/python3.7/site-packages/airflow/example_dags/example_sensors.py for tasks to queue
[2023-08-10T00:17:00.180+0000] {logging_mixin.py:150} INFO - [2023-08-10T00:17:00.180+0000] {dagbag.py:541} INFO - Filling up the DagBag from /home/airflow/.local/lib/python3.7/site-packages/airflow/example_dags/example_sensors.py
[2023-08-10T00:17:00.187+0000] {processor.py:836} INFO - DAG(s) dict_keys(['example_sensors']) retrieved from /home/airflow/.local/lib/python3.7/site-packages/airflow/example_dags/example_sensors.py
[2023-08-10T00:17:00.206+0000] {logging_mixin.py:150} INFO - [2023-08-10T00:17:00.206+0000] {dag.py:2742} INFO - Sync 1 DAGs
[2023-08-10T00:17:00.220+0000] {logging_mixin.py:150} INFO - [2023-08-10T00:17:00.220+0000] {dag.py:3508} INFO - Setting next_dagrun for example_sensors to None, run_after=None
[2023-08-10T00:17:00.230+0000] {processor.py:179} INFO - Processing /home/airflow/.local/lib/python3.7/site-packages/airflow/example_dags/example_sensors.py took 0.054 seconds
[2023-08-10T00:17:30.483+0000] {processor.py:157} INFO - Started process (PID=1784) to work on /home/airflow/.local/lib/python3.7/site-packages/airflow/example_dags/example_sensors.py
[2023-08-10T00:17:30.484+0000] {processor.py:826} INFO - Processing file /home/airflow/.local/lib/python3.7/site-packages/airflow/example_dags/example_sensors.py for tasks to queue
[2023-08-10T00:17:30.485+0000] {logging_mixin.py:150} INFO - [2023-08-10T00:17:30.485+0000] {dagbag.py:541} INFO - Filling up the DagBag from /home/airflow/.local/lib/python3.7/site-packages/airflow/example_dags/example_sensors.py
[2023-08-10T00:17:30.491+0000] {processor.py:836} INFO - DAG(s) dict_keys(['example_sensors']) retrieved from /home/airflow/.local/lib/python3.7/site-packages/airflow/example_dags/example_sensors.py
[2023-08-10T00:17:30.510+0000] {logging_mixin.py:150} INFO - [2023-08-10T00:17:30.510+0000] {dag.py:2742} INFO - Sync 1 DAGs
[2023-08-10T00:17:30.524+0000] {logging_mixin.py:150} INFO - [2023-08-10T00:17:30.524+0000] {dag.py:3508} INFO - Setting next_dagrun for example_sensors to None, run_after=None
[2023-08-10T00:17:30.534+0000] {processor.py:179} INFO - Processing /home/airflow/.local/lib/python3.7/site-packages/airflow/example_dags/example_sensors.py took 0.054 seconds
[2023-08-10T00:18:00.846+0000] {processor.py:157} INFO - Started process (PID=1843) to work on /home/airflow/.local/lib/python3.7/site-packages/airflow/example_dags/example_sensors.py
[2023-08-10T00:18:00.847+0000] {processor.py:826} INFO - Processing file /home/airflow/.local/lib/python3.7/site-packages/airflow/example_dags/example_sensors.py for tasks to queue
[2023-08-10T00:18:00.848+0000] {logging_mixin.py:150} INFO - [2023-08-10T00:18:00.848+0000] {dagbag.py:541} INFO - Filling up the DagBag from /home/airflow/.local/lib/python3.7/site-packages/airflow/example_dags/example_sensors.py
[2023-08-10T00:18:00.855+0000] {processor.py:836} INFO - DAG(s) dict_keys(['example_sensors']) retrieved from /home/airflow/.local/lib/python3.7/site-packages/airflow/example_dags/example_sensors.py
[2023-08-10T00:18:00.874+0000] {logging_mixin.py:150} INFO - [2023-08-10T00:18:00.874+0000] {dag.py:2742} INFO - Sync 1 DAGs
[2023-08-10T00:18:00.889+0000] {logging_mixin.py:150} INFO - [2023-08-10T00:18:00.889+0000] {dag.py:3508} INFO - Setting next_dagrun for example_sensors to None, run_after=None
[2023-08-10T00:18:00.898+0000] {processor.py:179} INFO - Processing /home/airflow/.local/lib/python3.7/site-packages/airflow/example_dags/example_sensors.py took 0.054 seconds
[2023-08-10T00:18:31.117+0000] {processor.py:157} INFO - Started process (PID=1902) to work on /home/airflow/.local/lib/python3.7/site-packages/airflow/example_dags/example_sensors.py
[2023-08-10T00:18:31.118+0000] {processor.py:826} INFO - Processing file /home/airflow/.local/lib/python3.7/site-packages/airflow/example_dags/example_sensors.py for tasks to queue
[2023-08-10T00:18:31.119+0000] {logging_mixin.py:150} INFO - [2023-08-10T00:18:31.119+0000] {dagbag.py:541} INFO - Filling up the DagBag from /home/airflow/.local/lib/python3.7/site-packages/airflow/example_dags/example_sensors.py
[2023-08-10T00:18:31.126+0000] {processor.py:836} INFO - DAG(s) dict_keys(['example_sensors']) retrieved from /home/airflow/.local/lib/python3.7/site-packages/airflow/example_dags/example_sensors.py
[2023-08-10T00:18:31.145+0000] {logging_mixin.py:150} INFO - [2023-08-10T00:18:31.145+0000] {dag.py:2742} INFO - Sync 1 DAGs
[2023-08-10T00:18:31.159+0000] {logging_mixin.py:150} INFO - [2023-08-10T00:18:31.159+0000] {dag.py:3508} INFO - Setting next_dagrun for example_sensors to None, run_after=None
[2023-08-10T00:18:31.169+0000] {processor.py:179} INFO - Processing /home/airflow/.local/lib/python3.7/site-packages/airflow/example_dags/example_sensors.py took 0.054 seconds
[2023-08-10T00:19:01.399+0000] {processor.py:157} INFO - Started process (PID=1962) to work on /home/airflow/.local/lib/python3.7/site-packages/airflow/example_dags/example_sensors.py
[2023-08-10T00:19:01.400+0000] {processor.py:826} INFO - Processing file /home/airflow/.local/lib/python3.7/site-packages/airflow/example_dags/example_sensors.py for tasks to queue
[2023-08-10T00:19:01.401+0000] {logging_mixin.py:150} INFO - [2023-08-10T00:19:01.400+0000] {dagbag.py:541} INFO - Filling up the DagBag from /home/airflow/.local/lib/python3.7/site-packages/airflow/example_dags/example_sensors.py
[2023-08-10T00:19:01.407+0000] {processor.py:836} INFO - DAG(s) dict_keys(['example_sensors']) retrieved from /home/airflow/.local/lib/python3.7/site-packages/airflow/example_dags/example_sensors.py
[2023-08-10T00:19:01.424+0000] {logging_mixin.py:150} INFO - [2023-08-10T00:19:01.424+0000] {dag.py:2742} INFO - Sync 1 DAGs
[2023-08-10T00:19:01.437+0000] {logging_mixin.py:150} INFO - [2023-08-10T00:19:01.437+0000] {dag.py:3508} INFO - Setting next_dagrun for example_sensors to None, run_after=None
[2023-08-10T00:19:01.447+0000] {processor.py:179} INFO - Processing /home/airflow/.local/lib/python3.7/site-packages/airflow/example_dags/example_sensors.py took 0.050 seconds
[2023-08-10T00:19:31.649+0000] {processor.py:157} INFO - Started process (PID=2021) to work on /home/airflow/.local/lib/python3.7/site-packages/airflow/example_dags/example_sensors.py
[2023-08-10T00:19:31.650+0000] {processor.py:826} INFO - Processing file /home/airflow/.local/lib/python3.7/site-packages/airflow/example_dags/example_sensors.py for tasks to queue
[2023-08-10T00:19:31.651+0000] {logging_mixin.py:150} INFO - [2023-08-10T00:19:31.651+0000] {dagbag.py:541} INFO - Filling up the DagBag from /home/airflow/.local/lib/python3.7/site-packages/airflow/example_dags/example_sensors.py
[2023-08-10T00:19:31.658+0000] {processor.py:836} INFO - DAG(s) dict_keys(['example_sensors']) retrieved from /home/airflow/.local/lib/python3.7/site-packages/airflow/example_dags/example_sensors.py
[2023-08-10T00:19:31.677+0000] {logging_mixin.py:150} INFO - [2023-08-10T00:19:31.677+0000] {dag.py:2742} INFO - Sync 1 DAGs
[2023-08-10T00:19:31.691+0000] {logging_mixin.py:150} INFO - [2023-08-10T00:19:31.691+0000] {dag.py:3508} INFO - Setting next_dagrun for example_sensors to None, run_after=None
[2023-08-10T00:19:31.701+0000] {processor.py:179} INFO - Processing /home/airflow/.local/lib/python3.7/site-packages/airflow/example_dags/example_sensors.py took 0.054 seconds
