[2023-08-10T00:10:44.817+0000] {processor.py:157} INFO - Started process (PID=1490) to work on /home/airflow/.local/lib/python3.7/site-packages/airflow/example_dags/tutorial_taskflow_api.py
[2023-08-10T00:10:44.817+0000] {processor.py:826} INFO - Processing file /home/airflow/.local/lib/python3.7/site-packages/airflow/example_dags/tutorial_taskflow_api.py for tasks to queue
[2023-08-10T00:10:44.818+0000] {logging_mixin.py:150} INFO - [2023-08-10T00:10:44.818+0000] {dagbag.py:541} INFO - Filling up the DagBag from /home/airflow/.local/lib/python3.7/site-packages/airflow/example_dags/tutorial_taskflow_api.py
[2023-08-10T00:10:44.823+0000] {processor.py:836} INFO - DAG(s) dict_keys(['tutorial_taskflow_api']) retrieved from /home/airflow/.local/lib/python3.7/site-packages/airflow/example_dags/tutorial_taskflow_api.py
[2023-08-10T00:10:44.840+0000] {logging_mixin.py:150} INFO - [2023-08-10T00:10:44.840+0000] {dag.py:2742} INFO - Sync 1 DAGs
[2023-08-10T00:10:44.854+0000] {logging_mixin.py:150} INFO - [2023-08-10T00:10:44.853+0000] {dag.py:3508} INFO - Setting next_dagrun for tutorial_taskflow_api to None, run_after=None
[2023-08-10T00:10:44.863+0000] {processor.py:179} INFO - Processing /home/airflow/.local/lib/python3.7/site-packages/airflow/example_dags/tutorial_taskflow_api.py took 0.049 seconds
[2023-08-10T00:15:29.011+0000] {processor.py:157} INFO - Started process (PID=1549) to work on /home/airflow/.local/lib/python3.7/site-packages/airflow/example_dags/tutorial_taskflow_api.py
[2023-08-10T00:15:29.012+0000] {processor.py:826} INFO - Processing file /home/airflow/.local/lib/python3.7/site-packages/airflow/example_dags/tutorial_taskflow_api.py for tasks to queue
[2023-08-10T00:15:29.013+0000] {logging_mixin.py:150} INFO - [2023-08-10T00:15:29.013+0000] {dagbag.py:541} INFO - Filling up the DagBag from /home/airflow/.local/lib/python3.7/site-packages/airflow/example_dags/tutorial_taskflow_api.py
[2023-08-10T00:15:29.018+0000] {processor.py:836} INFO - DAG(s) dict_keys(['tutorial_taskflow_api']) retrieved from /home/airflow/.local/lib/python3.7/site-packages/airflow/example_dags/tutorial_taskflow_api.py
[2023-08-10T00:15:29.035+0000] {logging_mixin.py:150} INFO - [2023-08-10T00:15:29.035+0000] {dag.py:2742} INFO - Sync 1 DAGs
[2023-08-10T00:15:29.049+0000] {logging_mixin.py:150} INFO - [2023-08-10T00:15:29.049+0000] {dag.py:3508} INFO - Setting next_dagrun for tutorial_taskflow_api to None, run_after=None
[2023-08-10T00:15:29.059+0000] {processor.py:179} INFO - Processing /home/airflow/.local/lib/python3.7/site-packages/airflow/example_dags/tutorial_taskflow_api.py took 0.051 seconds
[2023-08-10T00:15:59.657+0000] {processor.py:157} INFO - Started process (PID=1608) to work on /home/airflow/.local/lib/python3.7/site-packages/airflow/example_dags/tutorial_taskflow_api.py
[2023-08-10T00:15:59.658+0000] {processor.py:826} INFO - Processing file /home/airflow/.local/lib/python3.7/site-packages/airflow/example_dags/tutorial_taskflow_api.py for tasks to queue
[2023-08-10T00:15:59.659+0000] {logging_mixin.py:150} INFO - [2023-08-10T00:15:59.658+0000] {dagbag.py:541} INFO - Filling up the DagBag from /home/airflow/.local/lib/python3.7/site-packages/airflow/example_dags/tutorial_taskflow_api.py
[2023-08-10T00:15:59.663+0000] {processor.py:836} INFO - DAG(s) dict_keys(['tutorial_taskflow_api']) retrieved from /home/airflow/.local/lib/python3.7/site-packages/airflow/example_dags/tutorial_taskflow_api.py
[2023-08-10T00:15:59.680+0000] {logging_mixin.py:150} INFO - [2023-08-10T00:15:59.680+0000] {dag.py:2742} INFO - Sync 1 DAGs
[2023-08-10T00:15:59.694+0000] {logging_mixin.py:150} INFO - [2023-08-10T00:15:59.694+0000] {dag.py:3508} INFO - Setting next_dagrun for tutorial_taskflow_api to None, run_after=None
[2023-08-10T00:15:59.704+0000] {processor.py:179} INFO - Processing /home/airflow/.local/lib/python3.7/site-packages/airflow/example_dags/tutorial_taskflow_api.py took 0.049 seconds
[2023-08-10T00:16:29.962+0000] {processor.py:157} INFO - Started process (PID=1667) to work on /home/airflow/.local/lib/python3.7/site-packages/airflow/example_dags/tutorial_taskflow_api.py
[2023-08-10T00:16:29.964+0000] {processor.py:826} INFO - Processing file /home/airflow/.local/lib/python3.7/site-packages/airflow/example_dags/tutorial_taskflow_api.py for tasks to queue
[2023-08-10T00:16:29.965+0000] {logging_mixin.py:150} INFO - [2023-08-10T00:16:29.964+0000] {dagbag.py:541} INFO - Filling up the DagBag from /home/airflow/.local/lib/python3.7/site-packages/airflow/example_dags/tutorial_taskflow_api.py
[2023-08-10T00:16:29.969+0000] {processor.py:836} INFO - DAG(s) dict_keys(['tutorial_taskflow_api']) retrieved from /home/airflow/.local/lib/python3.7/site-packages/airflow/example_dags/tutorial_taskflow_api.py
[2023-08-10T00:16:29.986+0000] {logging_mixin.py:150} INFO - [2023-08-10T00:16:29.986+0000] {dag.py:2742} INFO - Sync 1 DAGs
[2023-08-10T00:16:29.999+0000] {logging_mixin.py:150} INFO - [2023-08-10T00:16:29.999+0000] {dag.py:3508} INFO - Setting next_dagrun for tutorial_taskflow_api to None, run_after=None
[2023-08-10T00:16:30.009+0000] {processor.py:179} INFO - Processing /home/airflow/.local/lib/python3.7/site-packages/airflow/example_dags/tutorial_taskflow_api.py took 0.049 seconds
[2023-08-10T00:17:00.197+0000] {processor.py:157} INFO - Started process (PID=1726) to work on /home/airflow/.local/lib/python3.7/site-packages/airflow/example_dags/tutorial_taskflow_api.py
[2023-08-10T00:17:00.198+0000] {processor.py:826} INFO - Processing file /home/airflow/.local/lib/python3.7/site-packages/airflow/example_dags/tutorial_taskflow_api.py for tasks to queue
[2023-08-10T00:17:00.199+0000] {logging_mixin.py:150} INFO - [2023-08-10T00:17:00.199+0000] {dagbag.py:541} INFO - Filling up the DagBag from /home/airflow/.local/lib/python3.7/site-packages/airflow/example_dags/tutorial_taskflow_api.py
[2023-08-10T00:17:00.204+0000] {processor.py:836} INFO - DAG(s) dict_keys(['tutorial_taskflow_api']) retrieved from /home/airflow/.local/lib/python3.7/site-packages/airflow/example_dags/tutorial_taskflow_api.py
[2023-08-10T00:17:00.221+0000] {logging_mixin.py:150} INFO - [2023-08-10T00:17:00.221+0000] {dag.py:2742} INFO - Sync 1 DAGs
[2023-08-10T00:17:00.235+0000] {logging_mixin.py:150} INFO - [2023-08-10T00:17:00.234+0000] {dag.py:3508} INFO - Setting next_dagrun for tutorial_taskflow_api to None, run_after=None
[2023-08-10T00:17:00.245+0000] {processor.py:179} INFO - Processing /home/airflow/.local/lib/python3.7/site-packages/airflow/example_dags/tutorial_taskflow_api.py took 0.050 seconds
[2023-08-10T00:17:30.517+0000] {processor.py:157} INFO - Started process (PID=1785) to work on /home/airflow/.local/lib/python3.7/site-packages/airflow/example_dags/tutorial_taskflow_api.py
[2023-08-10T00:17:30.518+0000] {processor.py:826} INFO - Processing file /home/airflow/.local/lib/python3.7/site-packages/airflow/example_dags/tutorial_taskflow_api.py for tasks to queue
[2023-08-10T00:17:30.519+0000] {logging_mixin.py:150} INFO - [2023-08-10T00:17:30.518+0000] {dagbag.py:541} INFO - Filling up the DagBag from /home/airflow/.local/lib/python3.7/site-packages/airflow/example_dags/tutorial_taskflow_api.py
[2023-08-10T00:17:30.523+0000] {processor.py:836} INFO - DAG(s) dict_keys(['tutorial_taskflow_api']) retrieved from /home/airflow/.local/lib/python3.7/site-packages/airflow/example_dags/tutorial_taskflow_api.py
[2023-08-10T00:17:30.540+0000] {logging_mixin.py:150} INFO - [2023-08-10T00:17:30.540+0000] {dag.py:2742} INFO - Sync 1 DAGs
[2023-08-10T00:17:30.554+0000] {logging_mixin.py:150} INFO - [2023-08-10T00:17:30.554+0000] {dag.py:3508} INFO - Setting next_dagrun for tutorial_taskflow_api to None, run_after=None
[2023-08-10T00:17:30.563+0000] {processor.py:179} INFO - Processing /home/airflow/.local/lib/python3.7/site-packages/airflow/example_dags/tutorial_taskflow_api.py took 0.049 seconds
[2023-08-10T00:18:00.877+0000] {processor.py:157} INFO - Started process (PID=1844) to work on /home/airflow/.local/lib/python3.7/site-packages/airflow/example_dags/tutorial_taskflow_api.py
[2023-08-10T00:18:00.878+0000] {processor.py:826} INFO - Processing file /home/airflow/.local/lib/python3.7/site-packages/airflow/example_dags/tutorial_taskflow_api.py for tasks to queue
[2023-08-10T00:18:00.879+0000] {logging_mixin.py:150} INFO - [2023-08-10T00:18:00.879+0000] {dagbag.py:541} INFO - Filling up the DagBag from /home/airflow/.local/lib/python3.7/site-packages/airflow/example_dags/tutorial_taskflow_api.py
[2023-08-10T00:18:00.884+0000] {processor.py:836} INFO - DAG(s) dict_keys(['tutorial_taskflow_api']) retrieved from /home/airflow/.local/lib/python3.7/site-packages/airflow/example_dags/tutorial_taskflow_api.py
[2023-08-10T00:18:00.901+0000] {logging_mixin.py:150} INFO - [2023-08-10T00:18:00.901+0000] {dag.py:2742} INFO - Sync 1 DAGs
[2023-08-10T00:18:00.915+0000] {logging_mixin.py:150} INFO - [2023-08-10T00:18:00.915+0000] {dag.py:3508} INFO - Setting next_dagrun for tutorial_taskflow_api to None, run_after=None
[2023-08-10T00:18:00.924+0000] {processor.py:179} INFO - Processing /home/airflow/.local/lib/python3.7/site-packages/airflow/example_dags/tutorial_taskflow_api.py took 0.050 seconds
[2023-08-10T00:18:31.162+0000] {processor.py:157} INFO - Started process (PID=1903) to work on /home/airflow/.local/lib/python3.7/site-packages/airflow/example_dags/tutorial_taskflow_api.py
[2023-08-10T00:18:31.163+0000] {processor.py:826} INFO - Processing file /home/airflow/.local/lib/python3.7/site-packages/airflow/example_dags/tutorial_taskflow_api.py for tasks to queue
[2023-08-10T00:18:31.164+0000] {logging_mixin.py:150} INFO - [2023-08-10T00:18:31.164+0000] {dagbag.py:541} INFO - Filling up the DagBag from /home/airflow/.local/lib/python3.7/site-packages/airflow/example_dags/tutorial_taskflow_api.py
[2023-08-10T00:18:31.169+0000] {processor.py:836} INFO - DAG(s) dict_keys(['tutorial_taskflow_api']) retrieved from /home/airflow/.local/lib/python3.7/site-packages/airflow/example_dags/tutorial_taskflow_api.py
[2023-08-10T00:18:31.186+0000] {logging_mixin.py:150} INFO - [2023-08-10T00:18:31.186+0000] {dag.py:2742} INFO - Sync 1 DAGs
[2023-08-10T00:18:31.200+0000] {logging_mixin.py:150} INFO - [2023-08-10T00:18:31.200+0000] {dag.py:3508} INFO - Setting next_dagrun for tutorial_taskflow_api to None, run_after=None
[2023-08-10T00:18:31.209+0000] {processor.py:179} INFO - Processing /home/airflow/.local/lib/python3.7/site-packages/airflow/example_dags/tutorial_taskflow_api.py took 0.050 seconds
[2023-08-10T00:19:01.467+0000] {processor.py:157} INFO - Started process (PID=1963) to work on /home/airflow/.local/lib/python3.7/site-packages/airflow/example_dags/tutorial_taskflow_api.py
[2023-08-10T00:19:01.468+0000] {processor.py:826} INFO - Processing file /home/airflow/.local/lib/python3.7/site-packages/airflow/example_dags/tutorial_taskflow_api.py for tasks to queue
[2023-08-10T00:19:01.469+0000] {logging_mixin.py:150} INFO - [2023-08-10T00:19:01.468+0000] {dagbag.py:541} INFO - Filling up the DagBag from /home/airflow/.local/lib/python3.7/site-packages/airflow/example_dags/tutorial_taskflow_api.py
[2023-08-10T00:19:01.473+0000] {processor.py:836} INFO - DAG(s) dict_keys(['tutorial_taskflow_api']) retrieved from /home/airflow/.local/lib/python3.7/site-packages/airflow/example_dags/tutorial_taskflow_api.py
[2023-08-10T00:19:01.490+0000] {logging_mixin.py:150} INFO - [2023-08-10T00:19:01.490+0000] {dag.py:2742} INFO - Sync 1 DAGs
[2023-08-10T00:19:01.504+0000] {logging_mixin.py:150} INFO - [2023-08-10T00:19:01.504+0000] {dag.py:3508} INFO - Setting next_dagrun for tutorial_taskflow_api to None, run_after=None
[2023-08-10T00:19:01.513+0000] {processor.py:179} INFO - Processing /home/airflow/.local/lib/python3.7/site-packages/airflow/example_dags/tutorial_taskflow_api.py took 0.049 seconds
[2023-08-10T00:19:31.675+0000] {processor.py:157} INFO - Started process (PID=2022) to work on /home/airflow/.local/lib/python3.7/site-packages/airflow/example_dags/tutorial_taskflow_api.py
[2023-08-10T00:19:31.676+0000] {processor.py:826} INFO - Processing file /home/airflow/.local/lib/python3.7/site-packages/airflow/example_dags/tutorial_taskflow_api.py for tasks to queue
[2023-08-10T00:19:31.677+0000] {logging_mixin.py:150} INFO - [2023-08-10T00:19:31.676+0000] {dagbag.py:541} INFO - Filling up the DagBag from /home/airflow/.local/lib/python3.7/site-packages/airflow/example_dags/tutorial_taskflow_api.py
[2023-08-10T00:19:31.681+0000] {processor.py:836} INFO - DAG(s) dict_keys(['tutorial_taskflow_api']) retrieved from /home/airflow/.local/lib/python3.7/site-packages/airflow/example_dags/tutorial_taskflow_api.py
[2023-08-10T00:19:31.698+0000] {logging_mixin.py:150} INFO - [2023-08-10T00:19:31.698+0000] {dag.py:2742} INFO - Sync 1 DAGs
[2023-08-10T00:19:31.712+0000] {logging_mixin.py:150} INFO - [2023-08-10T00:19:31.712+0000] {dag.py:3508} INFO - Setting next_dagrun for tutorial_taskflow_api to None, run_after=None
[2023-08-10T00:19:31.722+0000] {processor.py:179} INFO - Processing /home/airflow/.local/lib/python3.7/site-packages/airflow/example_dags/tutorial_taskflow_api.py took 0.050 seconds
