[2023-08-07T10:43:28.104+0000] {processor.py:157} INFO - Started process (PID=49) to work on /home/airflow/.local/lib/python3.7/site-packages/airflow/example_dags/example_xcom.py
[2023-08-07T10:43:28.106+0000] {processor.py:826} INFO - Processing file /home/airflow/.local/lib/python3.7/site-packages/airflow/example_dags/example_xcom.py for tasks to queue
[2023-08-07T10:43:28.107+0000] {logging_mixin.py:150} INFO - [2023-08-07T10:43:28.107+0000] {dagbag.py:541} INFO - Filling up the DagBag from /home/airflow/.local/lib/python3.7/site-packages/airflow/example_dags/example_xcom.py
[2023-08-07T10:43:28.115+0000] {processor.py:836} INFO - DAG(s) dict_keys(['example_xcom']) retrieved from /home/airflow/.local/lib/python3.7/site-packages/airflow/example_dags/example_xcom.py
[2023-08-07T10:43:28.282+0000] {logging_mixin.py:150} INFO - [2023-08-07T10:43:28.281+0000] {manager.py:504} INFO - Created Permission View: can edit on DAG:example_xcom
[2023-08-07T10:43:28.297+0000] {logging_mixin.py:150} INFO - [2023-08-07T10:43:28.297+0000] {manager.py:504} INFO - Created Permission View: can delete on DAG:example_xcom
[2023-08-07T10:43:28.316+0000] {logging_mixin.py:150} INFO - [2023-08-07T10:43:28.316+0000] {manager.py:504} INFO - Created Permission View: can read on DAG:example_xcom
[2023-08-07T10:43:28.337+0000] {logging_mixin.py:150} INFO - [2023-08-07T10:43:28.337+0000] {dag.py:2742} INFO - Sync 1 DAGs
[2023-08-07T10:43:28.374+0000] {logging_mixin.py:150} INFO - [2023-08-07T10:43:28.374+0000] {dag.py:2763} INFO - Creating ORM DAG for example_xcom
[2023-08-07T10:43:28.403+0000] {logging_mixin.py:150} INFO - [2023-08-07T10:43:28.403+0000] {dag.py:3508} INFO - Setting next_dagrun for example_xcom to 2021-01-01T00:00:00+00:00, run_after=2021-01-01T00:00:00+00:00
[2023-08-07T10:43:28.418+0000] {processor.py:179} INFO - Processing /home/airflow/.local/lib/python3.7/site-packages/airflow/example_dags/example_xcom.py took 0.317 seconds
[2023-08-07T10:43:59.305+0000] {processor.py:157} INFO - Started process (PID=107) to work on /home/airflow/.local/lib/python3.7/site-packages/airflow/example_dags/example_xcom.py
[2023-08-07T10:43:59.306+0000] {processor.py:826} INFO - Processing file /home/airflow/.local/lib/python3.7/site-packages/airflow/example_dags/example_xcom.py for tasks to queue
[2023-08-07T10:43:59.308+0000] {logging_mixin.py:150} INFO - [2023-08-07T10:43:59.307+0000] {dagbag.py:541} INFO - Filling up the DagBag from /home/airflow/.local/lib/python3.7/site-packages/airflow/example_dags/example_xcom.py
[2023-08-07T10:43:59.316+0000] {processor.py:836} INFO - DAG(s) dict_keys(['example_xcom']) retrieved from /home/airflow/.local/lib/python3.7/site-packages/airflow/example_dags/example_xcom.py
[2023-08-07T10:43:59.338+0000] {logging_mixin.py:150} INFO - [2023-08-07T10:43:59.338+0000] {dag.py:2742} INFO - Sync 1 DAGs
[2023-08-07T10:43:59.354+0000] {logging_mixin.py:150} INFO - [2023-08-07T10:43:59.354+0000] {dag.py:3508} INFO - Setting next_dagrun for example_xcom to 2021-01-01T00:00:00+00:00, run_after=2021-01-01T00:00:00+00:00
[2023-08-07T10:43:59.365+0000] {processor.py:179} INFO - Processing /home/airflow/.local/lib/python3.7/site-packages/airflow/example_dags/example_xcom.py took 0.065 seconds
[2023-08-07T10:44:29.605+0000] {processor.py:157} INFO - Started process (PID=164) to work on /home/airflow/.local/lib/python3.7/site-packages/airflow/example_dags/example_xcom.py
[2023-08-07T10:44:29.606+0000] {processor.py:826} INFO - Processing file /home/airflow/.local/lib/python3.7/site-packages/airflow/example_dags/example_xcom.py for tasks to queue
[2023-08-07T10:44:29.607+0000] {logging_mixin.py:150} INFO - [2023-08-07T10:44:29.607+0000] {dagbag.py:541} INFO - Filling up the DagBag from /home/airflow/.local/lib/python3.7/site-packages/airflow/example_dags/example_xcom.py
[2023-08-07T10:44:29.613+0000] {processor.py:836} INFO - DAG(s) dict_keys(['example_xcom']) retrieved from /home/airflow/.local/lib/python3.7/site-packages/airflow/example_dags/example_xcom.py
[2023-08-07T10:44:29.634+0000] {logging_mixin.py:150} INFO - [2023-08-07T10:44:29.634+0000] {dag.py:2742} INFO - Sync 1 DAGs
[2023-08-07T10:44:29.651+0000] {logging_mixin.py:150} INFO - [2023-08-07T10:44:29.651+0000] {dag.py:3508} INFO - Setting next_dagrun for example_xcom to 2021-01-01T00:00:00+00:00, run_after=2021-01-01T00:00:00+00:00
[2023-08-07T10:44:29.662+0000] {processor.py:179} INFO - Processing /home/airflow/.local/lib/python3.7/site-packages/airflow/example_dags/example_xcom.py took 0.061 seconds
[2023-08-07T10:45:00.085+0000] {processor.py:157} INFO - Started process (PID=223) to work on /home/airflow/.local/lib/python3.7/site-packages/airflow/example_dags/example_xcom.py
[2023-08-07T10:45:00.086+0000] {processor.py:826} INFO - Processing file /home/airflow/.local/lib/python3.7/site-packages/airflow/example_dags/example_xcom.py for tasks to queue
[2023-08-07T10:45:00.087+0000] {logging_mixin.py:150} INFO - [2023-08-07T10:45:00.087+0000] {dagbag.py:541} INFO - Filling up the DagBag from /home/airflow/.local/lib/python3.7/site-packages/airflow/example_dags/example_xcom.py
[2023-08-07T10:45:00.096+0000] {processor.py:836} INFO - DAG(s) dict_keys(['example_xcom']) retrieved from /home/airflow/.local/lib/python3.7/site-packages/airflow/example_dags/example_xcom.py
[2023-08-07T10:45:00.123+0000] {logging_mixin.py:150} INFO - [2023-08-07T10:45:00.123+0000] {dag.py:2742} INFO - Sync 1 DAGs
[2023-08-07T10:45:00.141+0000] {logging_mixin.py:150} INFO - [2023-08-07T10:45:00.141+0000] {dag.py:3508} INFO - Setting next_dagrun for example_xcom to 2021-01-01T00:00:00+00:00, run_after=2021-01-01T00:00:00+00:00
[2023-08-07T10:45:00.154+0000] {processor.py:179} INFO - Processing /home/airflow/.local/lib/python3.7/site-packages/airflow/example_dags/example_xcom.py took 0.073 seconds
[2023-08-07T10:45:31.198+0000] {processor.py:157} INFO - Started process (PID=281) to work on /home/airflow/.local/lib/python3.7/site-packages/airflow/example_dags/example_xcom.py
[2023-08-07T10:45:31.199+0000] {processor.py:826} INFO - Processing file /home/airflow/.local/lib/python3.7/site-packages/airflow/example_dags/example_xcom.py for tasks to queue
[2023-08-07T10:45:31.201+0000] {logging_mixin.py:150} INFO - [2023-08-07T10:45:31.200+0000] {dagbag.py:541} INFO - Filling up the DagBag from /home/airflow/.local/lib/python3.7/site-packages/airflow/example_dags/example_xcom.py
[2023-08-07T10:45:31.209+0000] {processor.py:836} INFO - DAG(s) dict_keys(['example_xcom']) retrieved from /home/airflow/.local/lib/python3.7/site-packages/airflow/example_dags/example_xcom.py
[2023-08-07T10:45:31.233+0000] {logging_mixin.py:150} INFO - [2023-08-07T10:45:31.233+0000] {dag.py:2742} INFO - Sync 1 DAGs
[2023-08-07T10:45:31.250+0000] {logging_mixin.py:150} INFO - [2023-08-07T10:45:31.249+0000] {dag.py:3508} INFO - Setting next_dagrun for example_xcom to 2021-01-01T00:00:00+00:00, run_after=2021-01-01T00:00:00+00:00
[2023-08-07T10:45:31.260+0000] {processor.py:179} INFO - Processing /home/airflow/.local/lib/python3.7/site-packages/airflow/example_dags/example_xcom.py took 0.067 seconds
[2023-08-07T10:46:01.534+0000] {processor.py:157} INFO - Started process (PID=339) to work on /home/airflow/.local/lib/python3.7/site-packages/airflow/example_dags/example_xcom.py
[2023-08-07T10:46:01.535+0000] {processor.py:826} INFO - Processing file /home/airflow/.local/lib/python3.7/site-packages/airflow/example_dags/example_xcom.py for tasks to queue
[2023-08-07T10:46:01.536+0000] {logging_mixin.py:150} INFO - [2023-08-07T10:46:01.536+0000] {dagbag.py:541} INFO - Filling up the DagBag from /home/airflow/.local/lib/python3.7/site-packages/airflow/example_dags/example_xcom.py
[2023-08-07T10:46:01.543+0000] {processor.py:836} INFO - DAG(s) dict_keys(['example_xcom']) retrieved from /home/airflow/.local/lib/python3.7/site-packages/airflow/example_dags/example_xcom.py
[2023-08-07T10:46:01.568+0000] {logging_mixin.py:150} INFO - [2023-08-07T10:46:01.568+0000] {dag.py:2742} INFO - Sync 1 DAGs
[2023-08-07T10:46:01.583+0000] {logging_mixin.py:150} INFO - [2023-08-07T10:46:01.583+0000] {dag.py:3508} INFO - Setting next_dagrun for example_xcom to 2021-01-01T00:00:00+00:00, run_after=2021-01-01T00:00:00+00:00
[2023-08-07T10:46:01.594+0000] {processor.py:179} INFO - Processing /home/airflow/.local/lib/python3.7/site-packages/airflow/example_dags/example_xcom.py took 0.064 seconds
[2023-08-07T10:46:31.788+0000] {processor.py:157} INFO - Started process (PID=397) to work on /home/airflow/.local/lib/python3.7/site-packages/airflow/example_dags/example_xcom.py
[2023-08-07T10:46:31.790+0000] {processor.py:826} INFO - Processing file /home/airflow/.local/lib/python3.7/site-packages/airflow/example_dags/example_xcom.py for tasks to queue
[2023-08-07T10:46:31.791+0000] {logging_mixin.py:150} INFO - [2023-08-07T10:46:31.791+0000] {dagbag.py:541} INFO - Filling up the DagBag from /home/airflow/.local/lib/python3.7/site-packages/airflow/example_dags/example_xcom.py
[2023-08-07T10:46:31.798+0000] {processor.py:836} INFO - DAG(s) dict_keys(['example_xcom']) retrieved from /home/airflow/.local/lib/python3.7/site-packages/airflow/example_dags/example_xcom.py
[2023-08-07T10:46:31.826+0000] {logging_mixin.py:150} INFO - [2023-08-07T10:46:31.826+0000] {dag.py:2742} INFO - Sync 1 DAGs
[2023-08-07T10:46:31.843+0000] {logging_mixin.py:150} INFO - [2023-08-07T10:46:31.843+0000] {dag.py:3508} INFO - Setting next_dagrun for example_xcom to 2021-01-01T00:00:00+00:00, run_after=2021-01-01T00:00:00+00:00
[2023-08-07T10:46:31.856+0000] {processor.py:179} INFO - Processing /home/airflow/.local/lib/python3.7/site-packages/airflow/example_dags/example_xcom.py took 0.071 seconds
[2023-08-07T10:47:01.999+0000] {processor.py:157} INFO - Started process (PID=454) to work on /home/airflow/.local/lib/python3.7/site-packages/airflow/example_dags/example_xcom.py
[2023-08-07T10:47:02.001+0000] {processor.py:826} INFO - Processing file /home/airflow/.local/lib/python3.7/site-packages/airflow/example_dags/example_xcom.py for tasks to queue
[2023-08-07T10:47:02.002+0000] {logging_mixin.py:150} INFO - [2023-08-07T10:47:02.002+0000] {dagbag.py:541} INFO - Filling up the DagBag from /home/airflow/.local/lib/python3.7/site-packages/airflow/example_dags/example_xcom.py
[2023-08-07T10:47:02.010+0000] {processor.py:836} INFO - DAG(s) dict_keys(['example_xcom']) retrieved from /home/airflow/.local/lib/python3.7/site-packages/airflow/example_dags/example_xcom.py
[2023-08-07T10:47:02.035+0000] {logging_mixin.py:150} INFO - [2023-08-07T10:47:02.035+0000] {dag.py:2742} INFO - Sync 1 DAGs
[2023-08-07T10:47:02.051+0000] {logging_mixin.py:150} INFO - [2023-08-07T10:47:02.050+0000] {dag.py:3508} INFO - Setting next_dagrun for example_xcom to 2021-01-01T00:00:00+00:00, run_after=2021-01-01T00:00:00+00:00
[2023-08-07T10:47:02.062+0000] {processor.py:179} INFO - Processing /home/airflow/.local/lib/python3.7/site-packages/airflow/example_dags/example_xcom.py took 0.068 seconds
[2023-08-07T10:47:32.142+0000] {processor.py:157} INFO - Started process (PID=512) to work on /home/airflow/.local/lib/python3.7/site-packages/airflow/example_dags/example_xcom.py
[2023-08-07T10:47:32.144+0000] {processor.py:826} INFO - Processing file /home/airflow/.local/lib/python3.7/site-packages/airflow/example_dags/example_xcom.py for tasks to queue
[2023-08-07T10:47:32.146+0000] {logging_mixin.py:150} INFO - [2023-08-07T10:47:32.145+0000] {dagbag.py:541} INFO - Filling up the DagBag from /home/airflow/.local/lib/python3.7/site-packages/airflow/example_dags/example_xcom.py
[2023-08-07T10:47:32.156+0000] {processor.py:836} INFO - DAG(s) dict_keys(['example_xcom']) retrieved from /home/airflow/.local/lib/python3.7/site-packages/airflow/example_dags/example_xcom.py
[2023-08-07T10:47:32.181+0000] {logging_mixin.py:150} INFO - [2023-08-07T10:47:32.181+0000] {dag.py:2742} INFO - Sync 1 DAGs
[2023-08-07T10:47:32.196+0000] {logging_mixin.py:150} INFO - [2023-08-07T10:47:32.196+0000] {dag.py:3508} INFO - Setting next_dagrun for example_xcom to 2021-01-01T00:00:00+00:00, run_after=2021-01-01T00:00:00+00:00
[2023-08-07T10:47:32.207+0000] {processor.py:179} INFO - Processing /home/airflow/.local/lib/python3.7/site-packages/airflow/example_dags/example_xcom.py took 0.072 seconds
[2023-08-07T10:48:02.372+0000] {processor.py:157} INFO - Started process (PID=570) to work on /home/airflow/.local/lib/python3.7/site-packages/airflow/example_dags/example_xcom.py
[2023-08-07T10:48:02.374+0000] {processor.py:826} INFO - Processing file /home/airflow/.local/lib/python3.7/site-packages/airflow/example_dags/example_xcom.py for tasks to queue
[2023-08-07T10:48:02.376+0000] {logging_mixin.py:150} INFO - [2023-08-07T10:48:02.376+0000] {dagbag.py:541} INFO - Filling up the DagBag from /home/airflow/.local/lib/python3.7/site-packages/airflow/example_dags/example_xcom.py
[2023-08-07T10:48:02.386+0000] {processor.py:836} INFO - DAG(s) dict_keys(['example_xcom']) retrieved from /home/airflow/.local/lib/python3.7/site-packages/airflow/example_dags/example_xcom.py
[2023-08-07T10:48:02.410+0000] {logging_mixin.py:150} INFO - [2023-08-07T10:48:02.410+0000] {dag.py:2742} INFO - Sync 1 DAGs
[2023-08-07T10:48:02.425+0000] {logging_mixin.py:150} INFO - [2023-08-07T10:48:02.425+0000] {dag.py:3508} INFO - Setting next_dagrun for example_xcom to 2021-01-01T00:00:00+00:00, run_after=2021-01-01T00:00:00+00:00
[2023-08-07T10:48:02.436+0000] {processor.py:179} INFO - Processing /home/airflow/.local/lib/python3.7/site-packages/airflow/example_dags/example_xcom.py took 0.071 seconds
[2023-08-07T10:48:32.791+0000] {processor.py:157} INFO - Started process (PID=628) to work on /home/airflow/.local/lib/python3.7/site-packages/airflow/example_dags/example_xcom.py
[2023-08-07T10:48:32.793+0000] {processor.py:826} INFO - Processing file /home/airflow/.local/lib/python3.7/site-packages/airflow/example_dags/example_xcom.py for tasks to queue
[2023-08-07T10:48:32.795+0000] {logging_mixin.py:150} INFO - [2023-08-07T10:48:32.794+0000] {dagbag.py:541} INFO - Filling up the DagBag from /home/airflow/.local/lib/python3.7/site-packages/airflow/example_dags/example_xcom.py
[2023-08-07T10:48:32.805+0000] {processor.py:836} INFO - DAG(s) dict_keys(['example_xcom']) retrieved from /home/airflow/.local/lib/python3.7/site-packages/airflow/example_dags/example_xcom.py
[2023-08-07T10:48:32.828+0000] {logging_mixin.py:150} INFO - [2023-08-07T10:48:32.828+0000] {dag.py:2742} INFO - Sync 1 DAGs
[2023-08-07T10:48:32.842+0000] {logging_mixin.py:150} INFO - [2023-08-07T10:48:32.842+0000] {dag.py:3508} INFO - Setting next_dagrun for example_xcom to 2021-01-01T00:00:00+00:00, run_after=2021-01-01T00:00:00+00:00
[2023-08-07T10:48:32.852+0000] {processor.py:179} INFO - Processing /home/airflow/.local/lib/python3.7/site-packages/airflow/example_dags/example_xcom.py took 0.068 seconds
[2023-08-07T10:49:03.034+0000] {processor.py:157} INFO - Started process (PID=687) to work on /home/airflow/.local/lib/python3.7/site-packages/airflow/example_dags/example_xcom.py
[2023-08-07T10:49:03.037+0000] {processor.py:826} INFO - Processing file /home/airflow/.local/lib/python3.7/site-packages/airflow/example_dags/example_xcom.py for tasks to queue
[2023-08-07T10:49:03.039+0000] {logging_mixin.py:150} INFO - [2023-08-07T10:49:03.038+0000] {dagbag.py:541} INFO - Filling up the DagBag from /home/airflow/.local/lib/python3.7/site-packages/airflow/example_dags/example_xcom.py
[2023-08-07T10:49:03.047+0000] {processor.py:836} INFO - DAG(s) dict_keys(['example_xcom']) retrieved from /home/airflow/.local/lib/python3.7/site-packages/airflow/example_dags/example_xcom.py
[2023-08-07T10:49:03.071+0000] {logging_mixin.py:150} INFO - [2023-08-07T10:49:03.070+0000] {dag.py:2742} INFO - Sync 1 DAGs
[2023-08-07T10:49:03.085+0000] {logging_mixin.py:150} INFO - [2023-08-07T10:49:03.085+0000] {dag.py:3508} INFO - Setting next_dagrun for example_xcom to 2021-01-01T00:00:00+00:00, run_after=2021-01-01T00:00:00+00:00
[2023-08-07T10:49:03.095+0000] {processor.py:179} INFO - Processing /home/airflow/.local/lib/python3.7/site-packages/airflow/example_dags/example_xcom.py took 0.067 seconds
[2023-08-07T10:49:33.253+0000] {processor.py:157} INFO - Started process (PID=745) to work on /home/airflow/.local/lib/python3.7/site-packages/airflow/example_dags/example_xcom.py
[2023-08-07T10:49:33.254+0000] {processor.py:826} INFO - Processing file /home/airflow/.local/lib/python3.7/site-packages/airflow/example_dags/example_xcom.py for tasks to queue
[2023-08-07T10:49:33.256+0000] {logging_mixin.py:150} INFO - [2023-08-07T10:49:33.255+0000] {dagbag.py:541} INFO - Filling up the DagBag from /home/airflow/.local/lib/python3.7/site-packages/airflow/example_dags/example_xcom.py
[2023-08-07T10:49:33.261+0000] {processor.py:836} INFO - DAG(s) dict_keys(['example_xcom']) retrieved from /home/airflow/.local/lib/python3.7/site-packages/airflow/example_dags/example_xcom.py
[2023-08-07T10:49:33.278+0000] {logging_mixin.py:150} INFO - [2023-08-07T10:49:33.278+0000] {dag.py:2742} INFO - Sync 1 DAGs
[2023-08-07T10:49:33.293+0000] {logging_mixin.py:150} INFO - [2023-08-07T10:49:33.293+0000] {dag.py:3508} INFO - Setting next_dagrun for example_xcom to 2021-01-01T00:00:00+00:00, run_after=2021-01-01T00:00:00+00:00
[2023-08-07T10:49:33.304+0000] {processor.py:179} INFO - Processing /home/airflow/.local/lib/python3.7/site-packages/airflow/example_dags/example_xcom.py took 0.054 seconds
[2023-08-07T10:50:03.554+0000] {processor.py:157} INFO - Started process (PID=803) to work on /home/airflow/.local/lib/python3.7/site-packages/airflow/example_dags/example_xcom.py
[2023-08-07T10:50:03.557+0000] {processor.py:826} INFO - Processing file /home/airflow/.local/lib/python3.7/site-packages/airflow/example_dags/example_xcom.py for tasks to queue
[2023-08-07T10:50:03.559+0000] {logging_mixin.py:150} INFO - [2023-08-07T10:50:03.558+0000] {dagbag.py:541} INFO - Filling up the DagBag from /home/airflow/.local/lib/python3.7/site-packages/airflow/example_dags/example_xcom.py
[2023-08-07T10:50:03.569+0000] {processor.py:836} INFO - DAG(s) dict_keys(['example_xcom']) retrieved from /home/airflow/.local/lib/python3.7/site-packages/airflow/example_dags/example_xcom.py
[2023-08-07T10:50:03.593+0000] {logging_mixin.py:150} INFO - [2023-08-07T10:50:03.592+0000] {dag.py:2742} INFO - Sync 1 DAGs
[2023-08-07T10:50:03.607+0000] {logging_mixin.py:150} INFO - [2023-08-07T10:50:03.607+0000] {dag.py:3508} INFO - Setting next_dagrun for example_xcom to 2021-01-01T00:00:00+00:00, run_after=2021-01-01T00:00:00+00:00
[2023-08-07T10:50:03.617+0000] {processor.py:179} INFO - Processing /home/airflow/.local/lib/python3.7/site-packages/airflow/example_dags/example_xcom.py took 0.070 seconds
[2023-08-07T10:50:33.853+0000] {processor.py:157} INFO - Started process (PID=860) to work on /home/airflow/.local/lib/python3.7/site-packages/airflow/example_dags/example_xcom.py
[2023-08-07T10:50:33.858+0000] {processor.py:826} INFO - Processing file /home/airflow/.local/lib/python3.7/site-packages/airflow/example_dags/example_xcom.py for tasks to queue
[2023-08-07T10:50:33.860+0000] {logging_mixin.py:150} INFO - [2023-08-07T10:50:33.860+0000] {dagbag.py:541} INFO - Filling up the DagBag from /home/airflow/.local/lib/python3.7/site-packages/airflow/example_dags/example_xcom.py
[2023-08-07T10:50:33.869+0000] {processor.py:836} INFO - DAG(s) dict_keys(['example_xcom']) retrieved from /home/airflow/.local/lib/python3.7/site-packages/airflow/example_dags/example_xcom.py
[2023-08-07T10:50:33.892+0000] {logging_mixin.py:150} INFO - [2023-08-07T10:50:33.892+0000] {dag.py:2742} INFO - Sync 1 DAGs
[2023-08-07T10:50:33.907+0000] {logging_mixin.py:150} INFO - [2023-08-07T10:50:33.907+0000] {dag.py:3508} INFO - Setting next_dagrun for example_xcom to 2021-01-01T00:00:00+00:00, run_after=2021-01-01T00:00:00+00:00
[2023-08-07T10:50:33.916+0000] {processor.py:179} INFO - Processing /home/airflow/.local/lib/python3.7/site-packages/airflow/example_dags/example_xcom.py took 0.069 seconds
[2023-08-07T10:51:03.970+0000] {processor.py:157} INFO - Started process (PID=918) to work on /home/airflow/.local/lib/python3.7/site-packages/airflow/example_dags/example_xcom.py
[2023-08-07T10:51:03.972+0000] {processor.py:826} INFO - Processing file /home/airflow/.local/lib/python3.7/site-packages/airflow/example_dags/example_xcom.py for tasks to queue
[2023-08-07T10:51:03.974+0000] {logging_mixin.py:150} INFO - [2023-08-07T10:51:03.973+0000] {dagbag.py:541} INFO - Filling up the DagBag from /home/airflow/.local/lib/python3.7/site-packages/airflow/example_dags/example_xcom.py
[2023-08-07T10:51:03.985+0000] {processor.py:836} INFO - DAG(s) dict_keys(['example_xcom']) retrieved from /home/airflow/.local/lib/python3.7/site-packages/airflow/example_dags/example_xcom.py
[2023-08-07T10:51:04.009+0000] {logging_mixin.py:150} INFO - [2023-08-07T10:51:04.009+0000] {dag.py:2742} INFO - Sync 1 DAGs
[2023-08-07T10:51:04.024+0000] {logging_mixin.py:150} INFO - [2023-08-07T10:51:04.024+0000] {dag.py:3508} INFO - Setting next_dagrun for example_xcom to 2021-01-01T00:00:00+00:00, run_after=2021-01-01T00:00:00+00:00
[2023-08-07T10:51:04.034+0000] {processor.py:179} INFO - Processing /home/airflow/.local/lib/python3.7/site-packages/airflow/example_dags/example_xcom.py took 0.072 seconds
[2023-08-07T10:51:34.287+0000] {processor.py:157} INFO - Started process (PID=976) to work on /home/airflow/.local/lib/python3.7/site-packages/airflow/example_dags/example_xcom.py
[2023-08-07T10:51:34.289+0000] {processor.py:826} INFO - Processing file /home/airflow/.local/lib/python3.7/site-packages/airflow/example_dags/example_xcom.py for tasks to queue
[2023-08-07T10:51:34.291+0000] {logging_mixin.py:150} INFO - [2023-08-07T10:51:34.291+0000] {dagbag.py:541} INFO - Filling up the DagBag from /home/airflow/.local/lib/python3.7/site-packages/airflow/example_dags/example_xcom.py
[2023-08-07T10:51:34.303+0000] {processor.py:836} INFO - DAG(s) dict_keys(['example_xcom']) retrieved from /home/airflow/.local/lib/python3.7/site-packages/airflow/example_dags/example_xcom.py
[2023-08-07T10:51:34.327+0000] {logging_mixin.py:150} INFO - [2023-08-07T10:51:34.327+0000] {dag.py:2742} INFO - Sync 1 DAGs
[2023-08-07T10:51:34.342+0000] {logging_mixin.py:150} INFO - [2023-08-07T10:51:34.342+0000] {dag.py:3508} INFO - Setting next_dagrun for example_xcom to 2021-01-01T00:00:00+00:00, run_after=2021-01-01T00:00:00+00:00
[2023-08-07T10:51:34.353+0000] {processor.py:179} INFO - Processing /home/airflow/.local/lib/python3.7/site-packages/airflow/example_dags/example_xcom.py took 0.073 seconds
[2023-08-07T10:52:04.541+0000] {processor.py:157} INFO - Started process (PID=1034) to work on /home/airflow/.local/lib/python3.7/site-packages/airflow/example_dags/example_xcom.py
[2023-08-07T10:52:04.543+0000] {processor.py:826} INFO - Processing file /home/airflow/.local/lib/python3.7/site-packages/airflow/example_dags/example_xcom.py for tasks to queue
[2023-08-07T10:52:04.545+0000] {logging_mixin.py:150} INFO - [2023-08-07T10:52:04.545+0000] {dagbag.py:541} INFO - Filling up the DagBag from /home/airflow/.local/lib/python3.7/site-packages/airflow/example_dags/example_xcom.py
[2023-08-07T10:52:04.556+0000] {processor.py:836} INFO - DAG(s) dict_keys(['example_xcom']) retrieved from /home/airflow/.local/lib/python3.7/site-packages/airflow/example_dags/example_xcom.py
[2023-08-07T10:52:04.579+0000] {logging_mixin.py:150} INFO - [2023-08-07T10:52:04.579+0000] {dag.py:2742} INFO - Sync 1 DAGs
[2023-08-07T10:52:04.593+0000] {logging_mixin.py:150} INFO - [2023-08-07T10:52:04.593+0000] {dag.py:3508} INFO - Setting next_dagrun for example_xcom to 2021-01-01T00:00:00+00:00, run_after=2021-01-01T00:00:00+00:00
[2023-08-07T10:52:04.603+0000] {processor.py:179} INFO - Processing /home/airflow/.local/lib/python3.7/site-packages/airflow/example_dags/example_xcom.py took 0.069 seconds
[2023-08-07T10:52:34.902+0000] {processor.py:157} INFO - Started process (PID=1092) to work on /home/airflow/.local/lib/python3.7/site-packages/airflow/example_dags/example_xcom.py
[2023-08-07T10:52:34.905+0000] {processor.py:826} INFO - Processing file /home/airflow/.local/lib/python3.7/site-packages/airflow/example_dags/example_xcom.py for tasks to queue
[2023-08-07T10:52:34.907+0000] {logging_mixin.py:150} INFO - [2023-08-07T10:52:34.906+0000] {dagbag.py:541} INFO - Filling up the DagBag from /home/airflow/.local/lib/python3.7/site-packages/airflow/example_dags/example_xcom.py
[2023-08-07T10:52:34.917+0000] {processor.py:836} INFO - DAG(s) dict_keys(['example_xcom']) retrieved from /home/airflow/.local/lib/python3.7/site-packages/airflow/example_dags/example_xcom.py
[2023-08-07T10:52:34.940+0000] {logging_mixin.py:150} INFO - [2023-08-07T10:52:34.940+0000] {dag.py:2742} INFO - Sync 1 DAGs
[2023-08-07T10:52:34.955+0000] {logging_mixin.py:150} INFO - [2023-08-07T10:52:34.955+0000] {dag.py:3508} INFO - Setting next_dagrun for example_xcom to 2021-01-01T00:00:00+00:00, run_after=2021-01-01T00:00:00+00:00
[2023-08-07T10:52:34.965+0000] {processor.py:179} INFO - Processing /home/airflow/.local/lib/python3.7/site-packages/airflow/example_dags/example_xcom.py took 0.069 seconds
[2023-08-07T10:53:05.112+0000] {processor.py:157} INFO - Started process (PID=1150) to work on /home/airflow/.local/lib/python3.7/site-packages/airflow/example_dags/example_xcom.py
[2023-08-07T10:53:05.114+0000] {processor.py:826} INFO - Processing file /home/airflow/.local/lib/python3.7/site-packages/airflow/example_dags/example_xcom.py for tasks to queue
[2023-08-07T10:53:05.116+0000] {logging_mixin.py:150} INFO - [2023-08-07T10:53:05.115+0000] {dagbag.py:541} INFO - Filling up the DagBag from /home/airflow/.local/lib/python3.7/site-packages/airflow/example_dags/example_xcom.py
[2023-08-07T10:53:05.124+0000] {processor.py:836} INFO - DAG(s) dict_keys(['example_xcom']) retrieved from /home/airflow/.local/lib/python3.7/site-packages/airflow/example_dags/example_xcom.py
[2023-08-07T10:53:05.148+0000] {logging_mixin.py:150} INFO - [2023-08-07T10:53:05.147+0000] {dag.py:2742} INFO - Sync 1 DAGs
[2023-08-07T10:53:05.163+0000] {logging_mixin.py:150} INFO - [2023-08-07T10:53:05.162+0000] {dag.py:3508} INFO - Setting next_dagrun for example_xcom to 2021-01-01T00:00:00+00:00, run_after=2021-01-01T00:00:00+00:00
[2023-08-07T10:53:05.173+0000] {processor.py:179} INFO - Processing /home/airflow/.local/lib/python3.7/site-packages/airflow/example_dags/example_xcom.py took 0.067 seconds
[2023-08-07T10:53:35.383+0000] {processor.py:157} INFO - Started process (PID=1208) to work on /home/airflow/.local/lib/python3.7/site-packages/airflow/example_dags/example_xcom.py
[2023-08-07T10:53:35.385+0000] {processor.py:826} INFO - Processing file /home/airflow/.local/lib/python3.7/site-packages/airflow/example_dags/example_xcom.py for tasks to queue
[2023-08-07T10:53:35.387+0000] {logging_mixin.py:150} INFO - [2023-08-07T10:53:35.386+0000] {dagbag.py:541} INFO - Filling up the DagBag from /home/airflow/.local/lib/python3.7/site-packages/airflow/example_dags/example_xcom.py
[2023-08-07T10:53:35.398+0000] {processor.py:836} INFO - DAG(s) dict_keys(['example_xcom']) retrieved from /home/airflow/.local/lib/python3.7/site-packages/airflow/example_dags/example_xcom.py
[2023-08-07T10:53:35.422+0000] {logging_mixin.py:150} INFO - [2023-08-07T10:53:35.421+0000] {dag.py:2742} INFO - Sync 1 DAGs
[2023-08-07T10:53:35.435+0000] {logging_mixin.py:150} INFO - [2023-08-07T10:53:35.435+0000] {dag.py:3508} INFO - Setting next_dagrun for example_xcom to 2021-01-01T00:00:00+00:00, run_after=2021-01-01T00:00:00+00:00
[2023-08-07T10:53:35.446+0000] {processor.py:179} INFO - Processing /home/airflow/.local/lib/python3.7/site-packages/airflow/example_dags/example_xcom.py took 0.069 seconds
[2023-08-07T10:54:05.655+0000] {processor.py:157} INFO - Started process (PID=1266) to work on /home/airflow/.local/lib/python3.7/site-packages/airflow/example_dags/example_xcom.py
[2023-08-07T10:54:05.657+0000] {processor.py:826} INFO - Processing file /home/airflow/.local/lib/python3.7/site-packages/airflow/example_dags/example_xcom.py for tasks to queue
[2023-08-07T10:54:05.660+0000] {logging_mixin.py:150} INFO - [2023-08-07T10:54:05.659+0000] {dagbag.py:541} INFO - Filling up the DagBag from /home/airflow/.local/lib/python3.7/site-packages/airflow/example_dags/example_xcom.py
[2023-08-07T10:54:05.669+0000] {processor.py:836} INFO - DAG(s) dict_keys(['example_xcom']) retrieved from /home/airflow/.local/lib/python3.7/site-packages/airflow/example_dags/example_xcom.py
[2023-08-07T10:54:05.693+0000] {logging_mixin.py:150} INFO - [2023-08-07T10:54:05.693+0000] {dag.py:2742} INFO - Sync 1 DAGs
[2023-08-07T10:54:05.707+0000] {logging_mixin.py:150} INFO - [2023-08-07T10:54:05.707+0000] {dag.py:3508} INFO - Setting next_dagrun for example_xcom to 2021-01-01T00:00:00+00:00, run_after=2021-01-01T00:00:00+00:00
[2023-08-07T10:54:05.717+0000] {processor.py:179} INFO - Processing /home/airflow/.local/lib/python3.7/site-packages/airflow/example_dags/example_xcom.py took 0.069 seconds
[2023-08-07T10:54:35.854+0000] {processor.py:157} INFO - Started process (PID=1324) to work on /home/airflow/.local/lib/python3.7/site-packages/airflow/example_dags/example_xcom.py
[2023-08-07T10:54:35.856+0000] {processor.py:826} INFO - Processing file /home/airflow/.local/lib/python3.7/site-packages/airflow/example_dags/example_xcom.py for tasks to queue
[2023-08-07T10:54:35.858+0000] {logging_mixin.py:150} INFO - [2023-08-07T10:54:35.857+0000] {dagbag.py:541} INFO - Filling up the DagBag from /home/airflow/.local/lib/python3.7/site-packages/airflow/example_dags/example_xcom.py
[2023-08-07T10:54:35.866+0000] {processor.py:836} INFO - DAG(s) dict_keys(['example_xcom']) retrieved from /home/airflow/.local/lib/python3.7/site-packages/airflow/example_dags/example_xcom.py
[2023-08-07T10:54:35.890+0000] {logging_mixin.py:150} INFO - [2023-08-07T10:54:35.890+0000] {dag.py:2742} INFO - Sync 1 DAGs
[2023-08-07T10:54:35.905+0000] {logging_mixin.py:150} INFO - [2023-08-07T10:54:35.905+0000] {dag.py:3508} INFO - Setting next_dagrun for example_xcom to 2021-01-01T00:00:00+00:00, run_after=2021-01-01T00:00:00+00:00
[2023-08-07T10:54:35.914+0000] {processor.py:179} INFO - Processing /home/airflow/.local/lib/python3.7/site-packages/airflow/example_dags/example_xcom.py took 0.067 seconds
[2023-08-07T10:55:06.189+0000] {processor.py:157} INFO - Started process (PID=1382) to work on /home/airflow/.local/lib/python3.7/site-packages/airflow/example_dags/example_xcom.py
[2023-08-07T10:55:06.190+0000] {processor.py:826} INFO - Processing file /home/airflow/.local/lib/python3.7/site-packages/airflow/example_dags/example_xcom.py for tasks to queue
[2023-08-07T10:55:06.191+0000] {logging_mixin.py:150} INFO - [2023-08-07T10:55:06.191+0000] {dagbag.py:541} INFO - Filling up the DagBag from /home/airflow/.local/lib/python3.7/site-packages/airflow/example_dags/example_xcom.py
[2023-08-07T10:55:06.197+0000] {processor.py:836} INFO - DAG(s) dict_keys(['example_xcom']) retrieved from /home/airflow/.local/lib/python3.7/site-packages/airflow/example_dags/example_xcom.py
[2023-08-07T10:55:06.215+0000] {logging_mixin.py:150} INFO - [2023-08-07T10:55:06.214+0000] {dag.py:2742} INFO - Sync 1 DAGs
[2023-08-07T10:55:06.228+0000] {logging_mixin.py:150} INFO - [2023-08-07T10:55:06.228+0000] {dag.py:3508} INFO - Setting next_dagrun for example_xcom to 2021-01-01T00:00:00+00:00, run_after=2021-01-01T00:00:00+00:00
[2023-08-07T10:55:06.237+0000] {processor.py:179} INFO - Processing /home/airflow/.local/lib/python3.7/site-packages/airflow/example_dags/example_xcom.py took 0.051 seconds
[2023-08-07T10:55:36.467+0000] {processor.py:157} INFO - Started process (PID=1440) to work on /home/airflow/.local/lib/python3.7/site-packages/airflow/example_dags/example_xcom.py
[2023-08-07T10:55:36.469+0000] {processor.py:826} INFO - Processing file /home/airflow/.local/lib/python3.7/site-packages/airflow/example_dags/example_xcom.py for tasks to queue
[2023-08-07T10:55:36.471+0000] {logging_mixin.py:150} INFO - [2023-08-07T10:55:36.471+0000] {dagbag.py:541} INFO - Filling up the DagBag from /home/airflow/.local/lib/python3.7/site-packages/airflow/example_dags/example_xcom.py
[2023-08-07T10:55:36.483+0000] {processor.py:836} INFO - DAG(s) dict_keys(['example_xcom']) retrieved from /home/airflow/.local/lib/python3.7/site-packages/airflow/example_dags/example_xcom.py
[2023-08-07T10:55:36.506+0000] {logging_mixin.py:150} INFO - [2023-08-07T10:55:36.506+0000] {dag.py:2742} INFO - Sync 1 DAGs
[2023-08-07T10:55:36.520+0000] {logging_mixin.py:150} INFO - [2023-08-07T10:55:36.520+0000] {dag.py:3508} INFO - Setting next_dagrun for example_xcom to 2021-01-01T00:00:00+00:00, run_after=2021-01-01T00:00:00+00:00
[2023-08-07T10:55:36.530+0000] {processor.py:179} INFO - Processing /home/airflow/.local/lib/python3.7/site-packages/airflow/example_dags/example_xcom.py took 0.070 seconds
[2023-08-07T10:56:06.666+0000] {processor.py:157} INFO - Started process (PID=1498) to work on /home/airflow/.local/lib/python3.7/site-packages/airflow/example_dags/example_xcom.py
[2023-08-07T10:56:06.668+0000] {processor.py:826} INFO - Processing file /home/airflow/.local/lib/python3.7/site-packages/airflow/example_dags/example_xcom.py for tasks to queue
[2023-08-07T10:56:06.669+0000] {logging_mixin.py:150} INFO - [2023-08-07T10:56:06.668+0000] {dagbag.py:541} INFO - Filling up the DagBag from /home/airflow/.local/lib/python3.7/site-packages/airflow/example_dags/example_xcom.py
[2023-08-07T10:56:06.674+0000] {processor.py:836} INFO - DAG(s) dict_keys(['example_xcom']) retrieved from /home/airflow/.local/lib/python3.7/site-packages/airflow/example_dags/example_xcom.py
[2023-08-07T10:56:06.691+0000] {logging_mixin.py:150} INFO - [2023-08-07T10:56:06.691+0000] {dag.py:2742} INFO - Sync 1 DAGs
[2023-08-07T10:56:06.706+0000] {logging_mixin.py:150} INFO - [2023-08-07T10:56:06.706+0000] {dag.py:3508} INFO - Setting next_dagrun for example_xcom to 2021-01-01T00:00:00+00:00, run_after=2021-01-01T00:00:00+00:00
[2023-08-07T10:56:06.716+0000] {processor.py:179} INFO - Processing /home/airflow/.local/lib/python3.7/site-packages/airflow/example_dags/example_xcom.py took 0.053 seconds
[2023-08-07T10:56:37.024+0000] {processor.py:157} INFO - Started process (PID=1556) to work on /home/airflow/.local/lib/python3.7/site-packages/airflow/example_dags/example_xcom.py
[2023-08-07T10:56:37.025+0000] {processor.py:826} INFO - Processing file /home/airflow/.local/lib/python3.7/site-packages/airflow/example_dags/example_xcom.py for tasks to queue
[2023-08-07T10:56:37.026+0000] {logging_mixin.py:150} INFO - [2023-08-07T10:56:37.026+0000] {dagbag.py:541} INFO - Filling up the DagBag from /home/airflow/.local/lib/python3.7/site-packages/airflow/example_dags/example_xcom.py
[2023-08-07T10:56:37.031+0000] {processor.py:836} INFO - DAG(s) dict_keys(['example_xcom']) retrieved from /home/airflow/.local/lib/python3.7/site-packages/airflow/example_dags/example_xcom.py
[2023-08-07T10:56:37.050+0000] {logging_mixin.py:150} INFO - [2023-08-07T10:56:37.050+0000] {dag.py:2742} INFO - Sync 1 DAGs
[2023-08-07T10:56:37.064+0000] {logging_mixin.py:150} INFO - [2023-08-07T10:56:37.064+0000] {dag.py:3508} INFO - Setting next_dagrun for example_xcom to 2021-01-01T00:00:00+00:00, run_after=2021-01-01T00:00:00+00:00
[2023-08-07T10:56:37.074+0000] {processor.py:179} INFO - Processing /home/airflow/.local/lib/python3.7/site-packages/airflow/example_dags/example_xcom.py took 0.053 seconds
[2023-08-07T10:57:07.458+0000] {processor.py:157} INFO - Started process (PID=1613) to work on /home/airflow/.local/lib/python3.7/site-packages/airflow/example_dags/example_xcom.py
[2023-08-07T10:57:07.461+0000] {processor.py:826} INFO - Processing file /home/airflow/.local/lib/python3.7/site-packages/airflow/example_dags/example_xcom.py for tasks to queue
[2023-08-07T10:57:07.462+0000] {logging_mixin.py:150} INFO - [2023-08-07T10:57:07.461+0000] {dagbag.py:541} INFO - Filling up the DagBag from /home/airflow/.local/lib/python3.7/site-packages/airflow/example_dags/example_xcom.py
[2023-08-07T10:57:07.470+0000] {processor.py:836} INFO - DAG(s) dict_keys(['example_xcom']) retrieved from /home/airflow/.local/lib/python3.7/site-packages/airflow/example_dags/example_xcom.py
[2023-08-07T10:57:07.491+0000] {logging_mixin.py:150} INFO - [2023-08-07T10:57:07.491+0000] {dag.py:2742} INFO - Sync 1 DAGs
[2023-08-07T10:57:07.505+0000] {logging_mixin.py:150} INFO - [2023-08-07T10:57:07.505+0000] {dag.py:3508} INFO - Setting next_dagrun for example_xcom to 2021-01-01T00:00:00+00:00, run_after=2021-01-01T00:00:00+00:00
[2023-08-07T10:57:07.515+0000] {processor.py:179} INFO - Processing /home/airflow/.local/lib/python3.7/site-packages/airflow/example_dags/example_xcom.py took 0.061 seconds
[2023-08-07T10:57:37.761+0000] {processor.py:157} INFO - Started process (PID=1671) to work on /home/airflow/.local/lib/python3.7/site-packages/airflow/example_dags/example_xcom.py
[2023-08-07T10:57:37.763+0000] {processor.py:826} INFO - Processing file /home/airflow/.local/lib/python3.7/site-packages/airflow/example_dags/example_xcom.py for tasks to queue
[2023-08-07T10:57:37.769+0000] {logging_mixin.py:150} INFO - [2023-08-07T10:57:37.768+0000] {dagbag.py:541} INFO - Filling up the DagBag from /home/airflow/.local/lib/python3.7/site-packages/airflow/example_dags/example_xcom.py
[2023-08-07T10:57:37.778+0000] {processor.py:836} INFO - DAG(s) dict_keys(['example_xcom']) retrieved from /home/airflow/.local/lib/python3.7/site-packages/airflow/example_dags/example_xcom.py
[2023-08-07T10:57:37.799+0000] {logging_mixin.py:150} INFO - [2023-08-07T10:57:37.799+0000] {dag.py:2742} INFO - Sync 1 DAGs
[2023-08-07T10:57:37.813+0000] {logging_mixin.py:150} INFO - [2023-08-07T10:57:37.813+0000] {dag.py:3508} INFO - Setting next_dagrun for example_xcom to 2021-01-01T00:00:00+00:00, run_after=2021-01-01T00:00:00+00:00
[2023-08-07T10:57:37.824+0000] {processor.py:179} INFO - Processing /home/airflow/.local/lib/python3.7/site-packages/airflow/example_dags/example_xcom.py took 0.069 seconds
[2023-08-07T10:58:08.120+0000] {processor.py:157} INFO - Started process (PID=1729) to work on /home/airflow/.local/lib/python3.7/site-packages/airflow/example_dags/example_xcom.py
[2023-08-07T10:58:08.122+0000] {processor.py:826} INFO - Processing file /home/airflow/.local/lib/python3.7/site-packages/airflow/example_dags/example_xcom.py for tasks to queue
[2023-08-07T10:58:08.124+0000] {logging_mixin.py:150} INFO - [2023-08-07T10:58:08.123+0000] {dagbag.py:541} INFO - Filling up the DagBag from /home/airflow/.local/lib/python3.7/site-packages/airflow/example_dags/example_xcom.py
[2023-08-07T10:58:08.133+0000] {processor.py:836} INFO - DAG(s) dict_keys(['example_xcom']) retrieved from /home/airflow/.local/lib/python3.7/site-packages/airflow/example_dags/example_xcom.py
[2023-08-07T10:58:08.156+0000] {logging_mixin.py:150} INFO - [2023-08-07T10:58:08.156+0000] {dag.py:2742} INFO - Sync 1 DAGs
[2023-08-07T10:58:08.171+0000] {logging_mixin.py:150} INFO - [2023-08-07T10:58:08.171+0000] {dag.py:3508} INFO - Setting next_dagrun for example_xcom to 2021-01-01T00:00:00+00:00, run_after=2021-01-01T00:00:00+00:00
[2023-08-07T10:58:08.182+0000] {processor.py:179} INFO - Processing /home/airflow/.local/lib/python3.7/site-packages/airflow/example_dags/example_xcom.py took 0.068 seconds
[2023-08-07T10:58:38.399+0000] {processor.py:157} INFO - Started process (PID=1788) to work on /home/airflow/.local/lib/python3.7/site-packages/airflow/example_dags/example_xcom.py
[2023-08-07T10:58:38.401+0000] {processor.py:826} INFO - Processing file /home/airflow/.local/lib/python3.7/site-packages/airflow/example_dags/example_xcom.py for tasks to queue
[2023-08-07T10:58:38.403+0000] {logging_mixin.py:150} INFO - [2023-08-07T10:58:38.403+0000] {dagbag.py:541} INFO - Filling up the DagBag from /home/airflow/.local/lib/python3.7/site-packages/airflow/example_dags/example_xcom.py
[2023-08-07T10:58:38.413+0000] {processor.py:836} INFO - DAG(s) dict_keys(['example_xcom']) retrieved from /home/airflow/.local/lib/python3.7/site-packages/airflow/example_dags/example_xcom.py
[2023-08-07T10:58:38.437+0000] {logging_mixin.py:150} INFO - [2023-08-07T10:58:38.437+0000] {dag.py:2742} INFO - Sync 1 DAGs
[2023-08-07T10:58:38.452+0000] {logging_mixin.py:150} INFO - [2023-08-07T10:58:38.452+0000] {dag.py:3508} INFO - Setting next_dagrun for example_xcom to 2021-01-01T00:00:00+00:00, run_after=2021-01-01T00:00:00+00:00
[2023-08-07T10:58:38.462+0000] {processor.py:179} INFO - Processing /home/airflow/.local/lib/python3.7/site-packages/airflow/example_dags/example_xcom.py took 0.069 seconds
[2023-08-07T10:59:08.637+0000] {processor.py:157} INFO - Started process (PID=1846) to work on /home/airflow/.local/lib/python3.7/site-packages/airflow/example_dags/example_xcom.py
[2023-08-07T10:59:08.639+0000] {processor.py:826} INFO - Processing file /home/airflow/.local/lib/python3.7/site-packages/airflow/example_dags/example_xcom.py for tasks to queue
[2023-08-07T10:59:08.641+0000] {logging_mixin.py:150} INFO - [2023-08-07T10:59:08.641+0000] {dagbag.py:541} INFO - Filling up the DagBag from /home/airflow/.local/lib/python3.7/site-packages/airflow/example_dags/example_xcom.py
[2023-08-07T10:59:08.650+0000] {processor.py:836} INFO - DAG(s) dict_keys(['example_xcom']) retrieved from /home/airflow/.local/lib/python3.7/site-packages/airflow/example_dags/example_xcom.py
[2023-08-07T10:59:08.673+0000] {logging_mixin.py:150} INFO - [2023-08-07T10:59:08.673+0000] {dag.py:2742} INFO - Sync 1 DAGs
[2023-08-07T10:59:08.687+0000] {logging_mixin.py:150} INFO - [2023-08-07T10:59:08.687+0000] {dag.py:3508} INFO - Setting next_dagrun for example_xcom to 2021-01-01T00:00:00+00:00, run_after=2021-01-01T00:00:00+00:00
[2023-08-07T10:59:08.697+0000] {processor.py:179} INFO - Processing /home/airflow/.local/lib/python3.7/site-packages/airflow/example_dags/example_xcom.py took 0.067 seconds
[2023-08-07T10:59:38.897+0000] {processor.py:157} INFO - Started process (PID=1904) to work on /home/airflow/.local/lib/python3.7/site-packages/airflow/example_dags/example_xcom.py
[2023-08-07T10:59:38.899+0000] {processor.py:826} INFO - Processing file /home/airflow/.local/lib/python3.7/site-packages/airflow/example_dags/example_xcom.py for tasks to queue
[2023-08-07T10:59:38.901+0000] {logging_mixin.py:150} INFO - [2023-08-07T10:59:38.900+0000] {dagbag.py:541} INFO - Filling up the DagBag from /home/airflow/.local/lib/python3.7/site-packages/airflow/example_dags/example_xcom.py
[2023-08-07T10:59:38.912+0000] {processor.py:836} INFO - DAG(s) dict_keys(['example_xcom']) retrieved from /home/airflow/.local/lib/python3.7/site-packages/airflow/example_dags/example_xcom.py
[2023-08-07T10:59:38.938+0000] {logging_mixin.py:150} INFO - [2023-08-07T10:59:38.937+0000] {dag.py:2742} INFO - Sync 1 DAGs
[2023-08-07T10:59:38.953+0000] {logging_mixin.py:150} INFO - [2023-08-07T10:59:38.953+0000] {dag.py:3508} INFO - Setting next_dagrun for example_xcom to 2021-01-01T00:00:00+00:00, run_after=2021-01-01T00:00:00+00:00
[2023-08-07T10:59:38.963+0000] {processor.py:179} INFO - Processing /home/airflow/.local/lib/python3.7/site-packages/airflow/example_dags/example_xcom.py took 0.073 seconds
[2023-08-07T11:00:09.298+0000] {processor.py:157} INFO - Started process (PID=1962) to work on /home/airflow/.local/lib/python3.7/site-packages/airflow/example_dags/example_xcom.py
[2023-08-07T11:00:09.300+0000] {processor.py:826} INFO - Processing file /home/airflow/.local/lib/python3.7/site-packages/airflow/example_dags/example_xcom.py for tasks to queue
[2023-08-07T11:00:09.302+0000] {logging_mixin.py:150} INFO - [2023-08-07T11:00:09.302+0000] {dagbag.py:541} INFO - Filling up the DagBag from /home/airflow/.local/lib/python3.7/site-packages/airflow/example_dags/example_xcom.py
[2023-08-07T11:00:09.311+0000] {processor.py:836} INFO - DAG(s) dict_keys(['example_xcom']) retrieved from /home/airflow/.local/lib/python3.7/site-packages/airflow/example_dags/example_xcom.py
[2023-08-07T11:00:09.334+0000] {logging_mixin.py:150} INFO - [2023-08-07T11:00:09.334+0000] {dag.py:2742} INFO - Sync 1 DAGs
[2023-08-07T11:00:09.349+0000] {logging_mixin.py:150} INFO - [2023-08-07T11:00:09.349+0000] {dag.py:3508} INFO - Setting next_dagrun for example_xcom to 2021-01-01T00:00:00+00:00, run_after=2021-01-01T00:00:00+00:00
[2023-08-07T11:00:09.359+0000] {processor.py:179} INFO - Processing /home/airflow/.local/lib/python3.7/site-packages/airflow/example_dags/example_xcom.py took 0.068 seconds
[2023-08-07T11:00:39.595+0000] {processor.py:157} INFO - Started process (PID=2020) to work on /home/airflow/.local/lib/python3.7/site-packages/airflow/example_dags/example_xcom.py
[2023-08-07T11:00:39.598+0000] {processor.py:826} INFO - Processing file /home/airflow/.local/lib/python3.7/site-packages/airflow/example_dags/example_xcom.py for tasks to queue
[2023-08-07T11:00:39.600+0000] {logging_mixin.py:150} INFO - [2023-08-07T11:00:39.599+0000] {dagbag.py:541} INFO - Filling up the DagBag from /home/airflow/.local/lib/python3.7/site-packages/airflow/example_dags/example_xcom.py
[2023-08-07T11:00:39.609+0000] {processor.py:836} INFO - DAG(s) dict_keys(['example_xcom']) retrieved from /home/airflow/.local/lib/python3.7/site-packages/airflow/example_dags/example_xcom.py
[2023-08-07T11:00:39.631+0000] {logging_mixin.py:150} INFO - [2023-08-07T11:00:39.630+0000] {dag.py:2742} INFO - Sync 1 DAGs
[2023-08-07T11:00:39.645+0000] {logging_mixin.py:150} INFO - [2023-08-07T11:00:39.645+0000] {dag.py:3508} INFO - Setting next_dagrun for example_xcom to 2021-01-01T00:00:00+00:00, run_after=2021-01-01T00:00:00+00:00
[2023-08-07T11:00:39.654+0000] {processor.py:179} INFO - Processing /home/airflow/.local/lib/python3.7/site-packages/airflow/example_dags/example_xcom.py took 0.066 seconds
[2023-08-07T11:01:09.801+0000] {processor.py:157} INFO - Started process (PID=2078) to work on /home/airflow/.local/lib/python3.7/site-packages/airflow/example_dags/example_xcom.py
[2023-08-07T11:01:09.803+0000] {processor.py:826} INFO - Processing file /home/airflow/.local/lib/python3.7/site-packages/airflow/example_dags/example_xcom.py for tasks to queue
[2023-08-07T11:01:09.804+0000] {logging_mixin.py:150} INFO - [2023-08-07T11:01:09.804+0000] {dagbag.py:541} INFO - Filling up the DagBag from /home/airflow/.local/lib/python3.7/site-packages/airflow/example_dags/example_xcom.py
[2023-08-07T11:01:09.815+0000] {processor.py:836} INFO - DAG(s) dict_keys(['example_xcom']) retrieved from /home/airflow/.local/lib/python3.7/site-packages/airflow/example_dags/example_xcom.py
[2023-08-07T11:01:09.838+0000] {logging_mixin.py:150} INFO - [2023-08-07T11:01:09.838+0000] {dag.py:2742} INFO - Sync 1 DAGs
[2023-08-07T11:01:09.854+0000] {logging_mixin.py:150} INFO - [2023-08-07T11:01:09.854+0000] {dag.py:3508} INFO - Setting next_dagrun for example_xcom to 2021-01-01T00:00:00+00:00, run_after=2021-01-01T00:00:00+00:00
[2023-08-07T11:01:09.864+0000] {processor.py:179} INFO - Processing /home/airflow/.local/lib/python3.7/site-packages/airflow/example_dags/example_xcom.py took 0.070 seconds
[2023-08-07T11:01:40.370+0000] {processor.py:157} INFO - Started process (PID=2136) to work on /home/airflow/.local/lib/python3.7/site-packages/airflow/example_dags/example_xcom.py
[2023-08-07T11:01:40.372+0000] {processor.py:826} INFO - Processing file /home/airflow/.local/lib/python3.7/site-packages/airflow/example_dags/example_xcom.py for tasks to queue
[2023-08-07T11:01:40.373+0000] {logging_mixin.py:150} INFO - [2023-08-07T11:01:40.373+0000] {dagbag.py:541} INFO - Filling up the DagBag from /home/airflow/.local/lib/python3.7/site-packages/airflow/example_dags/example_xcom.py
[2023-08-07T11:01:40.381+0000] {processor.py:836} INFO - DAG(s) dict_keys(['example_xcom']) retrieved from /home/airflow/.local/lib/python3.7/site-packages/airflow/example_dags/example_xcom.py
[2023-08-07T11:01:40.404+0000] {logging_mixin.py:150} INFO - [2023-08-07T11:01:40.404+0000] {dag.py:2742} INFO - Sync 1 DAGs
[2023-08-07T11:01:40.419+0000] {logging_mixin.py:150} INFO - [2023-08-07T11:01:40.419+0000] {dag.py:3508} INFO - Setting next_dagrun for example_xcom to 2021-01-01T00:00:00+00:00, run_after=2021-01-01T00:00:00+00:00
[2023-08-07T11:01:40.428+0000] {processor.py:179} INFO - Processing /home/airflow/.local/lib/python3.7/site-packages/airflow/example_dags/example_xcom.py took 0.063 seconds
[2023-08-07T11:02:10.569+0000] {processor.py:157} INFO - Started process (PID=2194) to work on /home/airflow/.local/lib/python3.7/site-packages/airflow/example_dags/example_xcom.py
[2023-08-07T11:02:10.572+0000] {processor.py:826} INFO - Processing file /home/airflow/.local/lib/python3.7/site-packages/airflow/example_dags/example_xcom.py for tasks to queue
[2023-08-07T11:02:10.574+0000] {logging_mixin.py:150} INFO - [2023-08-07T11:02:10.573+0000] {dagbag.py:541} INFO - Filling up the DagBag from /home/airflow/.local/lib/python3.7/site-packages/airflow/example_dags/example_xcom.py
[2023-08-07T11:02:10.584+0000] {processor.py:836} INFO - DAG(s) dict_keys(['example_xcom']) retrieved from /home/airflow/.local/lib/python3.7/site-packages/airflow/example_dags/example_xcom.py
[2023-08-07T11:02:10.607+0000] {logging_mixin.py:150} INFO - [2023-08-07T11:02:10.607+0000] {dag.py:2742} INFO - Sync 1 DAGs
[2023-08-07T11:02:10.622+0000] {logging_mixin.py:150} INFO - [2023-08-07T11:02:10.622+0000] {dag.py:3508} INFO - Setting next_dagrun for example_xcom to 2021-01-01T00:00:00+00:00, run_after=2021-01-01T00:00:00+00:00
[2023-08-07T11:02:10.632+0000] {processor.py:179} INFO - Processing /home/airflow/.local/lib/python3.7/site-packages/airflow/example_dags/example_xcom.py took 0.070 seconds
[2023-08-07T11:02:40.829+0000] {processor.py:157} INFO - Started process (PID=2252) to work on /home/airflow/.local/lib/python3.7/site-packages/airflow/example_dags/example_xcom.py
[2023-08-07T11:02:40.831+0000] {processor.py:826} INFO - Processing file /home/airflow/.local/lib/python3.7/site-packages/airflow/example_dags/example_xcom.py for tasks to queue
[2023-08-07T11:02:40.832+0000] {logging_mixin.py:150} INFO - [2023-08-07T11:02:40.832+0000] {dagbag.py:541} INFO - Filling up the DagBag from /home/airflow/.local/lib/python3.7/site-packages/airflow/example_dags/example_xcom.py
[2023-08-07T11:02:40.841+0000] {processor.py:836} INFO - DAG(s) dict_keys(['example_xcom']) retrieved from /home/airflow/.local/lib/python3.7/site-packages/airflow/example_dags/example_xcom.py
[2023-08-07T11:02:40.865+0000] {logging_mixin.py:150} INFO - [2023-08-07T11:02:40.864+0000] {dag.py:2742} INFO - Sync 1 DAGs
[2023-08-07T11:02:40.880+0000] {logging_mixin.py:150} INFO - [2023-08-07T11:02:40.880+0000] {dag.py:3508} INFO - Setting next_dagrun for example_xcom to 2021-01-01T00:00:00+00:00, run_after=2021-01-01T00:00:00+00:00
[2023-08-07T11:02:40.890+0000] {processor.py:179} INFO - Processing /home/airflow/.local/lib/python3.7/site-packages/airflow/example_dags/example_xcom.py took 0.067 seconds
[2023-08-07T11:03:11.035+0000] {processor.py:157} INFO - Started process (PID=2311) to work on /home/airflow/.local/lib/python3.7/site-packages/airflow/example_dags/example_xcom.py
[2023-08-07T11:03:11.037+0000] {processor.py:826} INFO - Processing file /home/airflow/.local/lib/python3.7/site-packages/airflow/example_dags/example_xcom.py for tasks to queue
[2023-08-07T11:03:11.039+0000] {logging_mixin.py:150} INFO - [2023-08-07T11:03:11.038+0000] {dagbag.py:541} INFO - Filling up the DagBag from /home/airflow/.local/lib/python3.7/site-packages/airflow/example_dags/example_xcom.py
[2023-08-07T11:03:11.048+0000] {processor.py:836} INFO - DAG(s) dict_keys(['example_xcom']) retrieved from /home/airflow/.local/lib/python3.7/site-packages/airflow/example_dags/example_xcom.py
[2023-08-07T11:03:11.071+0000] {logging_mixin.py:150} INFO - [2023-08-07T11:03:11.071+0000] {dag.py:2742} INFO - Sync 1 DAGs
[2023-08-07T11:03:11.086+0000] {logging_mixin.py:150} INFO - [2023-08-07T11:03:11.086+0000] {dag.py:3508} INFO - Setting next_dagrun for example_xcom to 2021-01-01T00:00:00+00:00, run_after=2021-01-01T00:00:00+00:00
[2023-08-07T11:03:11.096+0000] {processor.py:179} INFO - Processing /home/airflow/.local/lib/python3.7/site-packages/airflow/example_dags/example_xcom.py took 0.067 seconds
[2023-08-07T11:03:41.338+0000] {processor.py:157} INFO - Started process (PID=2369) to work on /home/airflow/.local/lib/python3.7/site-packages/airflow/example_dags/example_xcom.py
[2023-08-07T11:03:41.340+0000] {processor.py:826} INFO - Processing file /home/airflow/.local/lib/python3.7/site-packages/airflow/example_dags/example_xcom.py for tasks to queue
[2023-08-07T11:03:41.342+0000] {logging_mixin.py:150} INFO - [2023-08-07T11:03:41.341+0000] {dagbag.py:541} INFO - Filling up the DagBag from /home/airflow/.local/lib/python3.7/site-packages/airflow/example_dags/example_xcom.py
[2023-08-07T11:03:41.352+0000] {processor.py:836} INFO - DAG(s) dict_keys(['example_xcom']) retrieved from /home/airflow/.local/lib/python3.7/site-packages/airflow/example_dags/example_xcom.py
[2023-08-07T11:03:41.374+0000] {logging_mixin.py:150} INFO - [2023-08-07T11:03:41.374+0000] {dag.py:2742} INFO - Sync 1 DAGs
[2023-08-07T11:03:41.390+0000] {logging_mixin.py:150} INFO - [2023-08-07T11:03:41.389+0000] {dag.py:3508} INFO - Setting next_dagrun for example_xcom to 2021-01-01T00:00:00+00:00, run_after=2021-01-01T00:00:00+00:00
[2023-08-07T11:03:41.400+0000] {processor.py:179} INFO - Processing /home/airflow/.local/lib/python3.7/site-packages/airflow/example_dags/example_xcom.py took 0.068 seconds
[2023-08-07T11:04:11.723+0000] {processor.py:157} INFO - Started process (PID=2427) to work on /home/airflow/.local/lib/python3.7/site-packages/airflow/example_dags/example_xcom.py
[2023-08-07T11:04:11.725+0000] {processor.py:826} INFO - Processing file /home/airflow/.local/lib/python3.7/site-packages/airflow/example_dags/example_xcom.py for tasks to queue
[2023-08-07T11:04:11.727+0000] {logging_mixin.py:150} INFO - [2023-08-07T11:04:11.726+0000] {dagbag.py:541} INFO - Filling up the DagBag from /home/airflow/.local/lib/python3.7/site-packages/airflow/example_dags/example_xcom.py
[2023-08-07T11:04:11.736+0000] {processor.py:836} INFO - DAG(s) dict_keys(['example_xcom']) retrieved from /home/airflow/.local/lib/python3.7/site-packages/airflow/example_dags/example_xcom.py
[2023-08-07T11:04:11.758+0000] {logging_mixin.py:150} INFO - [2023-08-07T11:04:11.758+0000] {dag.py:2742} INFO - Sync 1 DAGs
[2023-08-07T11:04:11.773+0000] {logging_mixin.py:150} INFO - [2023-08-07T11:04:11.773+0000] {dag.py:3508} INFO - Setting next_dagrun for example_xcom to 2021-01-01T00:00:00+00:00, run_after=2021-01-01T00:00:00+00:00
[2023-08-07T11:04:11.784+0000] {processor.py:179} INFO - Processing /home/airflow/.local/lib/python3.7/site-packages/airflow/example_dags/example_xcom.py took 0.068 seconds
[2023-08-07T11:04:42.153+0000] {processor.py:157} INFO - Started process (PID=2485) to work on /home/airflow/.local/lib/python3.7/site-packages/airflow/example_dags/example_xcom.py
[2023-08-07T11:04:42.155+0000] {processor.py:826} INFO - Processing file /home/airflow/.local/lib/python3.7/site-packages/airflow/example_dags/example_xcom.py for tasks to queue
[2023-08-07T11:04:42.156+0000] {logging_mixin.py:150} INFO - [2023-08-07T11:04:42.156+0000] {dagbag.py:541} INFO - Filling up the DagBag from /home/airflow/.local/lib/python3.7/site-packages/airflow/example_dags/example_xcom.py
[2023-08-07T11:04:42.165+0000] {processor.py:836} INFO - DAG(s) dict_keys(['example_xcom']) retrieved from /home/airflow/.local/lib/python3.7/site-packages/airflow/example_dags/example_xcom.py
[2023-08-07T11:04:42.189+0000] {logging_mixin.py:150} INFO - [2023-08-07T11:04:42.189+0000] {dag.py:2742} INFO - Sync 1 DAGs
[2023-08-07T11:04:42.203+0000] {logging_mixin.py:150} INFO - [2023-08-07T11:04:42.203+0000] {dag.py:3508} INFO - Setting next_dagrun for example_xcom to 2021-01-01T00:00:00+00:00, run_after=2021-01-01T00:00:00+00:00
[2023-08-07T11:04:42.213+0000] {processor.py:179} INFO - Processing /home/airflow/.local/lib/python3.7/site-packages/airflow/example_dags/example_xcom.py took 0.067 seconds
[2023-08-07T11:05:12.480+0000] {processor.py:157} INFO - Started process (PID=2543) to work on /home/airflow/.local/lib/python3.7/site-packages/airflow/example_dags/example_xcom.py
[2023-08-07T11:05:12.482+0000] {processor.py:826} INFO - Processing file /home/airflow/.local/lib/python3.7/site-packages/airflow/example_dags/example_xcom.py for tasks to queue
[2023-08-07T11:05:12.484+0000] {logging_mixin.py:150} INFO - [2023-08-07T11:05:12.484+0000] {dagbag.py:541} INFO - Filling up the DagBag from /home/airflow/.local/lib/python3.7/site-packages/airflow/example_dags/example_xcom.py
[2023-08-07T11:05:12.496+0000] {processor.py:836} INFO - DAG(s) dict_keys(['example_xcom']) retrieved from /home/airflow/.local/lib/python3.7/site-packages/airflow/example_dags/example_xcom.py
[2023-08-07T11:05:12.520+0000] {logging_mixin.py:150} INFO - [2023-08-07T11:05:12.520+0000] {dag.py:2742} INFO - Sync 1 DAGs
[2023-08-07T11:05:12.535+0000] {logging_mixin.py:150} INFO - [2023-08-07T11:05:12.535+0000] {dag.py:3508} INFO - Setting next_dagrun for example_xcom to 2021-01-01T00:00:00+00:00, run_after=2021-01-01T00:00:00+00:00
[2023-08-07T11:05:12.546+0000] {processor.py:179} INFO - Processing /home/airflow/.local/lib/python3.7/site-packages/airflow/example_dags/example_xcom.py took 0.072 seconds
[2023-08-07T11:05:42.737+0000] {processor.py:157} INFO - Started process (PID=2601) to work on /home/airflow/.local/lib/python3.7/site-packages/airflow/example_dags/example_xcom.py
[2023-08-07T11:05:42.739+0000] {processor.py:826} INFO - Processing file /home/airflow/.local/lib/python3.7/site-packages/airflow/example_dags/example_xcom.py for tasks to queue
[2023-08-07T11:05:42.741+0000] {logging_mixin.py:150} INFO - [2023-08-07T11:05:42.740+0000] {dagbag.py:541} INFO - Filling up the DagBag from /home/airflow/.local/lib/python3.7/site-packages/airflow/example_dags/example_xcom.py
[2023-08-07T11:05:42.750+0000] {processor.py:836} INFO - DAG(s) dict_keys(['example_xcom']) retrieved from /home/airflow/.local/lib/python3.7/site-packages/airflow/example_dags/example_xcom.py
[2023-08-07T11:05:42.773+0000] {logging_mixin.py:150} INFO - [2023-08-07T11:05:42.773+0000] {dag.py:2742} INFO - Sync 1 DAGs
[2023-08-07T11:05:42.787+0000] {logging_mixin.py:150} INFO - [2023-08-07T11:05:42.787+0000] {dag.py:3508} INFO - Setting next_dagrun for example_xcom to 2021-01-01T00:00:00+00:00, run_after=2021-01-01T00:00:00+00:00
[2023-08-07T11:05:42.798+0000] {processor.py:179} INFO - Processing /home/airflow/.local/lib/python3.7/site-packages/airflow/example_dags/example_xcom.py took 0.067 seconds
[2023-08-07T11:06:13.156+0000] {processor.py:157} INFO - Started process (PID=2660) to work on /home/airflow/.local/lib/python3.7/site-packages/airflow/example_dags/example_xcom.py
[2023-08-07T11:06:13.157+0000] {processor.py:826} INFO - Processing file /home/airflow/.local/lib/python3.7/site-packages/airflow/example_dags/example_xcom.py for tasks to queue
[2023-08-07T11:06:13.158+0000] {logging_mixin.py:150} INFO - [2023-08-07T11:06:13.158+0000] {dagbag.py:541} INFO - Filling up the DagBag from /home/airflow/.local/lib/python3.7/site-packages/airflow/example_dags/example_xcom.py
[2023-08-07T11:06:13.163+0000] {processor.py:836} INFO - DAG(s) dict_keys(['example_xcom']) retrieved from /home/airflow/.local/lib/python3.7/site-packages/airflow/example_dags/example_xcom.py
[2023-08-07T11:06:13.182+0000] {logging_mixin.py:150} INFO - [2023-08-07T11:06:13.182+0000] {dag.py:2742} INFO - Sync 1 DAGs
[2023-08-07T11:06:13.196+0000] {logging_mixin.py:150} INFO - [2023-08-07T11:06:13.196+0000] {dag.py:3508} INFO - Setting next_dagrun for example_xcom to 2021-01-01T00:00:00+00:00, run_after=2021-01-01T00:00:00+00:00
[2023-08-07T11:06:13.206+0000] {processor.py:179} INFO - Processing /home/airflow/.local/lib/python3.7/site-packages/airflow/example_dags/example_xcom.py took 0.052 seconds
[2023-08-07T11:06:43.493+0000] {processor.py:157} INFO - Started process (PID=2718) to work on /home/airflow/.local/lib/python3.7/site-packages/airflow/example_dags/example_xcom.py
[2023-08-07T11:06:43.494+0000] {processor.py:826} INFO - Processing file /home/airflow/.local/lib/python3.7/site-packages/airflow/example_dags/example_xcom.py for tasks to queue
[2023-08-07T11:06:43.495+0000] {logging_mixin.py:150} INFO - [2023-08-07T11:06:43.495+0000] {dagbag.py:541} INFO - Filling up the DagBag from /home/airflow/.local/lib/python3.7/site-packages/airflow/example_dags/example_xcom.py
[2023-08-07T11:06:43.502+0000] {processor.py:836} INFO - DAG(s) dict_keys(['example_xcom']) retrieved from /home/airflow/.local/lib/python3.7/site-packages/airflow/example_dags/example_xcom.py
[2023-08-07T11:06:43.523+0000] {logging_mixin.py:150} INFO - [2023-08-07T11:06:43.523+0000] {dag.py:2742} INFO - Sync 1 DAGs
[2023-08-07T11:06:43.537+0000] {logging_mixin.py:150} INFO - [2023-08-07T11:06:43.537+0000] {dag.py:3508} INFO - Setting next_dagrun for example_xcom to 2021-01-01T00:00:00+00:00, run_after=2021-01-01T00:00:00+00:00
[2023-08-07T11:06:43.548+0000] {processor.py:179} INFO - Processing /home/airflow/.local/lib/python3.7/site-packages/airflow/example_dags/example_xcom.py took 0.059 seconds
[2023-08-07T11:07:13.636+0000] {processor.py:157} INFO - Started process (PID=2770) to work on /home/airflow/.local/lib/python3.7/site-packages/airflow/example_dags/example_xcom.py
[2023-08-07T11:07:13.638+0000] {processor.py:826} INFO - Processing file /home/airflow/.local/lib/python3.7/site-packages/airflow/example_dags/example_xcom.py for tasks to queue
[2023-08-07T11:07:13.639+0000] {logging_mixin.py:150} INFO - [2023-08-07T11:07:13.639+0000] {dagbag.py:541} INFO - Filling up the DagBag from /home/airflow/.local/lib/python3.7/site-packages/airflow/example_dags/example_xcom.py
[2023-08-07T11:07:13.646+0000] {processor.py:836} INFO - DAG(s) dict_keys(['example_xcom']) retrieved from /home/airflow/.local/lib/python3.7/site-packages/airflow/example_dags/example_xcom.py
[2023-08-07T11:07:13.666+0000] {logging_mixin.py:150} INFO - [2023-08-07T11:07:13.666+0000] {dag.py:2742} INFO - Sync 1 DAGs
[2023-08-07T11:07:13.680+0000] {logging_mixin.py:150} INFO - [2023-08-07T11:07:13.680+0000] {dag.py:3508} INFO - Setting next_dagrun for example_xcom to 2021-01-01T00:00:00+00:00, run_after=2021-01-01T00:00:00+00:00
[2023-08-07T11:07:13.690+0000] {processor.py:179} INFO - Processing /home/airflow/.local/lib/python3.7/site-packages/airflow/example_dags/example_xcom.py took 0.058 seconds
[2023-08-07T11:07:43.942+0000] {processor.py:157} INFO - Started process (PID=2828) to work on /home/airflow/.local/lib/python3.7/site-packages/airflow/example_dags/example_xcom.py
[2023-08-07T11:07:43.944+0000] {processor.py:826} INFO - Processing file /home/airflow/.local/lib/python3.7/site-packages/airflow/example_dags/example_xcom.py for tasks to queue
[2023-08-07T11:07:43.945+0000] {logging_mixin.py:150} INFO - [2023-08-07T11:07:43.945+0000] {dagbag.py:541} INFO - Filling up the DagBag from /home/airflow/.local/lib/python3.7/site-packages/airflow/example_dags/example_xcom.py
[2023-08-07T11:07:43.955+0000] {processor.py:836} INFO - DAG(s) dict_keys(['example_xcom']) retrieved from /home/airflow/.local/lib/python3.7/site-packages/airflow/example_dags/example_xcom.py
[2023-08-07T11:07:43.979+0000] {logging_mixin.py:150} INFO - [2023-08-07T11:07:43.979+0000] {dag.py:2742} INFO - Sync 1 DAGs
[2023-08-07T11:07:43.994+0000] {logging_mixin.py:150} INFO - [2023-08-07T11:07:43.994+0000] {dag.py:3508} INFO - Setting next_dagrun for example_xcom to 2021-01-01T00:00:00+00:00, run_after=2021-01-01T00:00:00+00:00
[2023-08-07T11:07:44.004+0000] {processor.py:179} INFO - Processing /home/airflow/.local/lib/python3.7/site-packages/airflow/example_dags/example_xcom.py took 0.070 seconds
[2023-08-07T11:08:14.202+0000] {processor.py:157} INFO - Started process (PID=2886) to work on /home/airflow/.local/lib/python3.7/site-packages/airflow/example_dags/example_xcom.py
[2023-08-07T11:08:14.203+0000] {processor.py:826} INFO - Processing file /home/airflow/.local/lib/python3.7/site-packages/airflow/example_dags/example_xcom.py for tasks to queue
[2023-08-07T11:08:14.205+0000] {logging_mixin.py:150} INFO - [2023-08-07T11:08:14.204+0000] {dagbag.py:541} INFO - Filling up the DagBag from /home/airflow/.local/lib/python3.7/site-packages/airflow/example_dags/example_xcom.py
[2023-08-07T11:08:14.212+0000] {processor.py:836} INFO - DAG(s) dict_keys(['example_xcom']) retrieved from /home/airflow/.local/lib/python3.7/site-packages/airflow/example_dags/example_xcom.py
[2023-08-07T11:08:14.235+0000] {logging_mixin.py:150} INFO - [2023-08-07T11:08:14.235+0000] {dag.py:2742} INFO - Sync 1 DAGs
[2023-08-07T11:08:14.250+0000] {logging_mixin.py:150} INFO - [2023-08-07T11:08:14.250+0000] {dag.py:3508} INFO - Setting next_dagrun for example_xcom to 2021-01-01T00:00:00+00:00, run_after=2021-01-01T00:00:00+00:00
[2023-08-07T11:08:14.260+0000] {processor.py:179} INFO - Processing /home/airflow/.local/lib/python3.7/site-packages/airflow/example_dags/example_xcom.py took 0.062 seconds
[2023-08-07T11:10:07.415+0000] {processor.py:157} INFO - Started process (PID=2945) to work on /home/airflow/.local/lib/python3.7/site-packages/airflow/example_dags/example_xcom.py
[2023-08-07T11:10:07.416+0000] {processor.py:826} INFO - Processing file /home/airflow/.local/lib/python3.7/site-packages/airflow/example_dags/example_xcom.py for tasks to queue
[2023-08-07T11:10:07.417+0000] {logging_mixin.py:150} INFO - [2023-08-07T11:10:07.417+0000] {dagbag.py:541} INFO - Filling up the DagBag from /home/airflow/.local/lib/python3.7/site-packages/airflow/example_dags/example_xcom.py
[2023-08-07T11:10:07.425+0000] {processor.py:836} INFO - DAG(s) dict_keys(['example_xcom']) retrieved from /home/airflow/.local/lib/python3.7/site-packages/airflow/example_dags/example_xcom.py
[2023-08-07T11:10:07.444+0000] {logging_mixin.py:150} INFO - [2023-08-07T11:10:07.444+0000] {dag.py:2742} INFO - Sync 1 DAGs
[2023-08-07T11:10:07.461+0000] {logging_mixin.py:150} INFO - [2023-08-07T11:10:07.461+0000] {dag.py:3508} INFO - Setting next_dagrun for example_xcom to 2021-01-01T00:00:00+00:00, run_after=2021-01-01T00:00:00+00:00
[2023-08-07T11:10:07.471+0000] {processor.py:179} INFO - Processing /home/airflow/.local/lib/python3.7/site-packages/airflow/example_dags/example_xcom.py took 0.059 seconds
[2023-08-07T11:10:37.525+0000] {processor.py:157} INFO - Started process (PID=3002) to work on /home/airflow/.local/lib/python3.7/site-packages/airflow/example_dags/example_xcom.py
[2023-08-07T11:10:37.526+0000] {processor.py:826} INFO - Processing file /home/airflow/.local/lib/python3.7/site-packages/airflow/example_dags/example_xcom.py for tasks to queue
[2023-08-07T11:10:37.527+0000] {logging_mixin.py:150} INFO - [2023-08-07T11:10:37.527+0000] {dagbag.py:541} INFO - Filling up the DagBag from /home/airflow/.local/lib/python3.7/site-packages/airflow/example_dags/example_xcom.py
[2023-08-07T11:10:37.532+0000] {processor.py:836} INFO - DAG(s) dict_keys(['example_xcom']) retrieved from /home/airflow/.local/lib/python3.7/site-packages/airflow/example_dags/example_xcom.py
[2023-08-07T11:10:37.548+0000] {logging_mixin.py:150} INFO - [2023-08-07T11:10:37.548+0000] {dag.py:2742} INFO - Sync 1 DAGs
[2023-08-07T11:10:37.561+0000] {logging_mixin.py:150} INFO - [2023-08-07T11:10:37.561+0000] {dag.py:3508} INFO - Setting next_dagrun for example_xcom to 2021-01-01T00:00:00+00:00, run_after=2021-01-01T00:00:00+00:00
[2023-08-07T11:10:37.570+0000] {processor.py:179} INFO - Processing /home/airflow/.local/lib/python3.7/site-packages/airflow/example_dags/example_xcom.py took 0.048 seconds
[2023-08-07T11:26:03.944+0000] {processor.py:157} INFO - Started process (PID=3061) to work on /home/airflow/.local/lib/python3.7/site-packages/airflow/example_dags/example_xcom.py
[2023-08-07T11:26:03.945+0000] {processor.py:826} INFO - Processing file /home/airflow/.local/lib/python3.7/site-packages/airflow/example_dags/example_xcom.py for tasks to queue
[2023-08-07T11:26:03.946+0000] {logging_mixin.py:150} INFO - [2023-08-07T11:26:03.946+0000] {dagbag.py:541} INFO - Filling up the DagBag from /home/airflow/.local/lib/python3.7/site-packages/airflow/example_dags/example_xcom.py
[2023-08-07T11:26:03.951+0000] {processor.py:836} INFO - DAG(s) dict_keys(['example_xcom']) retrieved from /home/airflow/.local/lib/python3.7/site-packages/airflow/example_dags/example_xcom.py
[2023-08-07T11:26:03.968+0000] {logging_mixin.py:150} INFO - [2023-08-07T11:26:03.968+0000] {dag.py:2742} INFO - Sync 1 DAGs
[2023-08-07T11:26:03.982+0000] {logging_mixin.py:150} INFO - [2023-08-07T11:26:03.982+0000] {dag.py:3508} INFO - Setting next_dagrun for example_xcom to 2021-01-01T00:00:00+00:00, run_after=2021-01-01T00:00:00+00:00
[2023-08-07T11:26:03.991+0000] {processor.py:179} INFO - Processing /home/airflow/.local/lib/python3.7/site-packages/airflow/example_dags/example_xcom.py took 0.050 seconds
[2023-08-07T12:49:01.983+0000] {processor.py:157} INFO - Started process (PID=3119) to work on /home/airflow/.local/lib/python3.7/site-packages/airflow/example_dags/example_xcom.py
[2023-08-07T12:49:01.985+0000] {processor.py:826} INFO - Processing file /home/airflow/.local/lib/python3.7/site-packages/airflow/example_dags/example_xcom.py for tasks to queue
[2023-08-07T12:49:01.986+0000] {logging_mixin.py:150} INFO - [2023-08-07T12:49:01.985+0000] {dagbag.py:541} INFO - Filling up the DagBag from /home/airflow/.local/lib/python3.7/site-packages/airflow/example_dags/example_xcom.py
[2023-08-07T12:49:01.992+0000] {processor.py:836} INFO - DAG(s) dict_keys(['example_xcom']) retrieved from /home/airflow/.local/lib/python3.7/site-packages/airflow/example_dags/example_xcom.py
[2023-08-07T12:49:02.014+0000] {logging_mixin.py:150} INFO - [2023-08-07T12:49:02.014+0000] {dag.py:2742} INFO - Sync 1 DAGs
[2023-08-07T12:49:02.034+0000] {logging_mixin.py:150} INFO - [2023-08-07T12:49:02.034+0000] {dag.py:3508} INFO - Setting next_dagrun for example_xcom to 2021-01-01T00:00:00+00:00, run_after=2021-01-01T00:00:00+00:00
[2023-08-07T12:49:02.046+0000] {processor.py:179} INFO - Processing /home/airflow/.local/lib/python3.7/site-packages/airflow/example_dags/example_xcom.py took 0.066 seconds
[2023-08-07T13:44:03.650+0000] {processor.py:157} INFO - Started process (PID=3177) to work on /home/airflow/.local/lib/python3.7/site-packages/airflow/example_dags/example_xcom.py
[2023-08-07T13:44:03.652+0000] {processor.py:826} INFO - Processing file /home/airflow/.local/lib/python3.7/site-packages/airflow/example_dags/example_xcom.py for tasks to queue
[2023-08-07T13:44:03.653+0000] {logging_mixin.py:150} INFO - [2023-08-07T13:44:03.653+0000] {dagbag.py:541} INFO - Filling up the DagBag from /home/airflow/.local/lib/python3.7/site-packages/airflow/example_dags/example_xcom.py
[2023-08-07T13:44:03.659+0000] {processor.py:836} INFO - DAG(s) dict_keys(['example_xcom']) retrieved from /home/airflow/.local/lib/python3.7/site-packages/airflow/example_dags/example_xcom.py
[2023-08-07T13:44:03.679+0000] {logging_mixin.py:150} INFO - [2023-08-07T13:44:03.679+0000] {dag.py:2742} INFO - Sync 1 DAGs
[2023-08-07T13:44:03.694+0000] {logging_mixin.py:150} INFO - [2023-08-07T13:44:03.694+0000] {dag.py:3508} INFO - Setting next_dagrun for example_xcom to 2021-01-01T00:00:00+00:00, run_after=2021-01-01T00:00:00+00:00
[2023-08-07T13:44:03.704+0000] {processor.py:179} INFO - Processing /home/airflow/.local/lib/python3.7/site-packages/airflow/example_dags/example_xcom.py took 0.057 seconds
[2023-08-07T14:43:29.390+0000] {processor.py:157} INFO - Started process (PID=3235) to work on /home/airflow/.local/lib/python3.7/site-packages/airflow/example_dags/example_xcom.py
[2023-08-07T14:43:29.391+0000] {processor.py:826} INFO - Processing file /home/airflow/.local/lib/python3.7/site-packages/airflow/example_dags/example_xcom.py for tasks to queue
[2023-08-07T14:43:29.392+0000] {logging_mixin.py:150} INFO - [2023-08-07T14:43:29.392+0000] {dagbag.py:541} INFO - Filling up the DagBag from /home/airflow/.local/lib/python3.7/site-packages/airflow/example_dags/example_xcom.py
[2023-08-07T14:43:29.398+0000] {processor.py:836} INFO - DAG(s) dict_keys(['example_xcom']) retrieved from /home/airflow/.local/lib/python3.7/site-packages/airflow/example_dags/example_xcom.py
[2023-08-07T14:43:29.418+0000] {logging_mixin.py:150} INFO - [2023-08-07T14:43:29.418+0000] {dag.py:2742} INFO - Sync 1 DAGs
[2023-08-07T14:43:29.435+0000] {logging_mixin.py:150} INFO - [2023-08-07T14:43:29.435+0000] {dag.py:3508} INFO - Setting next_dagrun for example_xcom to 2021-01-01T00:00:00+00:00, run_after=2021-01-01T00:00:00+00:00
[2023-08-07T14:43:29.448+0000] {processor.py:179} INFO - Processing /home/airflow/.local/lib/python3.7/site-packages/airflow/example_dags/example_xcom.py took 0.060 seconds
[2023-08-07T15:52:31.979+0000] {processor.py:157} INFO - Started process (PID=3293) to work on /home/airflow/.local/lib/python3.7/site-packages/airflow/example_dags/example_xcom.py
[2023-08-07T15:52:31.982+0000] {processor.py:826} INFO - Processing file /home/airflow/.local/lib/python3.7/site-packages/airflow/example_dags/example_xcom.py for tasks to queue
[2023-08-07T15:52:31.984+0000] {logging_mixin.py:150} INFO - [2023-08-07T15:52:31.984+0000] {dagbag.py:541} INFO - Filling up the DagBag from /home/airflow/.local/lib/python3.7/site-packages/airflow/example_dags/example_xcom.py
[2023-08-07T15:52:31.999+0000] {processor.py:836} INFO - DAG(s) dict_keys(['example_xcom']) retrieved from /home/airflow/.local/lib/python3.7/site-packages/airflow/example_dags/example_xcom.py
[2023-08-07T15:52:32.044+0000] {logging_mixin.py:150} INFO - [2023-08-07T15:52:32.044+0000] {dag.py:2742} INFO - Sync 1 DAGs
[2023-08-07T15:52:32.072+0000] {logging_mixin.py:150} INFO - [2023-08-07T15:52:32.072+0000] {dag.py:3508} INFO - Setting next_dagrun for example_xcom to 2021-01-01T00:00:00+00:00, run_after=2021-01-01T00:00:00+00:00
[2023-08-07T15:52:32.086+0000] {processor.py:179} INFO - Processing /home/airflow/.local/lib/python3.7/site-packages/airflow/example_dags/example_xcom.py took 0.114 seconds
[2023-08-07T17:14:43.676+0000] {processor.py:157} INFO - Started process (PID=3351) to work on /home/airflow/.local/lib/python3.7/site-packages/airflow/example_dags/example_xcom.py
[2023-08-07T17:14:43.677+0000] {processor.py:826} INFO - Processing file /home/airflow/.local/lib/python3.7/site-packages/airflow/example_dags/example_xcom.py for tasks to queue
[2023-08-07T17:14:43.678+0000] {logging_mixin.py:150} INFO - [2023-08-07T17:14:43.678+0000] {dagbag.py:541} INFO - Filling up the DagBag from /home/airflow/.local/lib/python3.7/site-packages/airflow/example_dags/example_xcom.py
[2023-08-07T17:14:43.683+0000] {processor.py:836} INFO - DAG(s) dict_keys(['example_xcom']) retrieved from /home/airflow/.local/lib/python3.7/site-packages/airflow/example_dags/example_xcom.py
[2023-08-07T17:14:43.704+0000] {logging_mixin.py:150} INFO - [2023-08-07T17:14:43.704+0000] {dag.py:2742} INFO - Sync 1 DAGs
[2023-08-07T17:14:43.719+0000] {logging_mixin.py:150} INFO - [2023-08-07T17:14:43.719+0000] {dag.py:3508} INFO - Setting next_dagrun for example_xcom to 2021-01-01T00:00:00+00:00, run_after=2021-01-01T00:00:00+00:00
[2023-08-07T17:14:43.729+0000] {processor.py:179} INFO - Processing /home/airflow/.local/lib/python3.7/site-packages/airflow/example_dags/example_xcom.py took 0.057 seconds
[2023-08-07T18:12:51.044+0000] {processor.py:157} INFO - Started process (PID=3409) to work on /home/airflow/.local/lib/python3.7/site-packages/airflow/example_dags/example_xcom.py
[2023-08-07T18:12:51.045+0000] {processor.py:826} INFO - Processing file /home/airflow/.local/lib/python3.7/site-packages/airflow/example_dags/example_xcom.py for tasks to queue
[2023-08-07T18:12:51.046+0000] {logging_mixin.py:150} INFO - [2023-08-07T18:12:51.046+0000] {dagbag.py:541} INFO - Filling up the DagBag from /home/airflow/.local/lib/python3.7/site-packages/airflow/example_dags/example_xcom.py
[2023-08-07T18:12:51.052+0000] {processor.py:836} INFO - DAG(s) dict_keys(['example_xcom']) retrieved from /home/airflow/.local/lib/python3.7/site-packages/airflow/example_dags/example_xcom.py
[2023-08-07T18:12:51.074+0000] {logging_mixin.py:150} INFO - [2023-08-07T18:12:51.074+0000] {dag.py:2742} INFO - Sync 1 DAGs
[2023-08-07T18:12:51.088+0000] {logging_mixin.py:150} INFO - [2023-08-07T18:12:51.088+0000] {dag.py:3508} INFO - Setting next_dagrun for example_xcom to 2021-01-01T00:00:00+00:00, run_after=2021-01-01T00:00:00+00:00
[2023-08-07T18:12:51.098+0000] {processor.py:179} INFO - Processing /home/airflow/.local/lib/python3.7/site-packages/airflow/example_dags/example_xcom.py took 0.057 seconds
[2023-08-07T19:18:06.489+0000] {processor.py:157} INFO - Started process (PID=3467) to work on /home/airflow/.local/lib/python3.7/site-packages/airflow/example_dags/example_xcom.py
[2023-08-07T19:18:06.490+0000] {processor.py:826} INFO - Processing file /home/airflow/.local/lib/python3.7/site-packages/airflow/example_dags/example_xcom.py for tasks to queue
[2023-08-07T19:18:06.491+0000] {logging_mixin.py:150} INFO - [2023-08-07T19:18:06.491+0000] {dagbag.py:541} INFO - Filling up the DagBag from /home/airflow/.local/lib/python3.7/site-packages/airflow/example_dags/example_xcom.py
[2023-08-07T19:18:06.500+0000] {processor.py:836} INFO - DAG(s) dict_keys(['example_xcom']) retrieved from /home/airflow/.local/lib/python3.7/site-packages/airflow/example_dags/example_xcom.py
[2023-08-07T19:18:06.571+0000] {logging_mixin.py:150} INFO - [2023-08-07T19:18:06.570+0000] {dag.py:2742} INFO - Sync 1 DAGs
[2023-08-07T19:18:06.603+0000] {logging_mixin.py:150} INFO - [2023-08-07T19:18:06.603+0000] {dag.py:3508} INFO - Setting next_dagrun for example_xcom to 2021-01-01T00:00:00+00:00, run_after=2021-01-01T00:00:00+00:00
[2023-08-07T19:18:06.629+0000] {processor.py:179} INFO - Processing /home/airflow/.local/lib/python3.7/site-packages/airflow/example_dags/example_xcom.py took 0.145 seconds
[2023-08-07T20:39:16.420+0000] {processor.py:157} INFO - Started process (PID=3525) to work on /home/airflow/.local/lib/python3.7/site-packages/airflow/example_dags/example_xcom.py
[2023-08-07T20:39:16.421+0000] {processor.py:826} INFO - Processing file /home/airflow/.local/lib/python3.7/site-packages/airflow/example_dags/example_xcom.py for tasks to queue
[2023-08-07T20:39:16.422+0000] {logging_mixin.py:150} INFO - [2023-08-07T20:39:16.422+0000] {dagbag.py:541} INFO - Filling up the DagBag from /home/airflow/.local/lib/python3.7/site-packages/airflow/example_dags/example_xcom.py
[2023-08-07T20:39:16.429+0000] {processor.py:836} INFO - DAG(s) dict_keys(['example_xcom']) retrieved from /home/airflow/.local/lib/python3.7/site-packages/airflow/example_dags/example_xcom.py
[2023-08-07T20:39:16.447+0000] {logging_mixin.py:150} INFO - [2023-08-07T20:39:16.447+0000] {dag.py:2742} INFO - Sync 1 DAGs
[2023-08-07T20:39:16.463+0000] {logging_mixin.py:150} INFO - [2023-08-07T20:39:16.463+0000] {dag.py:3508} INFO - Setting next_dagrun for example_xcom to 2021-01-01T00:00:00+00:00, run_after=2021-01-01T00:00:00+00:00
[2023-08-07T20:39:16.473+0000] {processor.py:179} INFO - Processing /home/airflow/.local/lib/python3.7/site-packages/airflow/example_dags/example_xcom.py took 0.056 seconds
[2023-08-07T21:49:02.188+0000] {processor.py:157} INFO - Started process (PID=3583) to work on /home/airflow/.local/lib/python3.7/site-packages/airflow/example_dags/example_xcom.py
[2023-08-07T21:49:02.189+0000] {processor.py:826} INFO - Processing file /home/airflow/.local/lib/python3.7/site-packages/airflow/example_dags/example_xcom.py for tasks to queue
[2023-08-07T21:49:02.190+0000] {logging_mixin.py:150} INFO - [2023-08-07T21:49:02.190+0000] {dagbag.py:541} INFO - Filling up the DagBag from /home/airflow/.local/lib/python3.7/site-packages/airflow/example_dags/example_xcom.py
[2023-08-07T21:49:02.197+0000] {processor.py:836} INFO - DAG(s) dict_keys(['example_xcom']) retrieved from /home/airflow/.local/lib/python3.7/site-packages/airflow/example_dags/example_xcom.py
[2023-08-07T21:49:02.218+0000] {logging_mixin.py:150} INFO - [2023-08-07T21:49:02.218+0000] {dag.py:2742} INFO - Sync 1 DAGs
[2023-08-07T21:49:02.234+0000] {logging_mixin.py:150} INFO - [2023-08-07T21:49:02.234+0000] {dag.py:3508} INFO - Setting next_dagrun for example_xcom to 2021-01-01T00:00:00+00:00, run_after=2021-01-01T00:00:00+00:00
[2023-08-07T21:49:02.245+0000] {processor.py:179} INFO - Processing /home/airflow/.local/lib/python3.7/site-packages/airflow/example_dags/example_xcom.py took 0.060 seconds
[2023-08-07T22:56:32.179+0000] {processor.py:157} INFO - Started process (PID=3641) to work on /home/airflow/.local/lib/python3.7/site-packages/airflow/example_dags/example_xcom.py
[2023-08-07T22:56:32.181+0000] {processor.py:826} INFO - Processing file /home/airflow/.local/lib/python3.7/site-packages/airflow/example_dags/example_xcom.py for tasks to queue
[2023-08-07T22:56:32.182+0000] {logging_mixin.py:150} INFO - [2023-08-07T22:56:32.181+0000] {dagbag.py:541} INFO - Filling up the DagBag from /home/airflow/.local/lib/python3.7/site-packages/airflow/example_dags/example_xcom.py
[2023-08-07T22:56:32.188+0000] {processor.py:836} INFO - DAG(s) dict_keys(['example_xcom']) retrieved from /home/airflow/.local/lib/python3.7/site-packages/airflow/example_dags/example_xcom.py
[2023-08-07T22:56:32.209+0000] {logging_mixin.py:150} INFO - [2023-08-07T22:56:32.209+0000] {dag.py:2742} INFO - Sync 1 DAGs
[2023-08-07T22:56:32.224+0000] {logging_mixin.py:150} INFO - [2023-08-07T22:56:32.224+0000] {dag.py:3508} INFO - Setting next_dagrun for example_xcom to 2021-01-01T00:00:00+00:00, run_after=2021-01-01T00:00:00+00:00
[2023-08-07T22:56:32.234+0000] {processor.py:179} INFO - Processing /home/airflow/.local/lib/python3.7/site-packages/airflow/example_dags/example_xcom.py took 0.057 seconds
[2023-08-07T23:21:10.385+0000] {processor.py:157} INFO - Started process (PID=3699) to work on /home/airflow/.local/lib/python3.7/site-packages/airflow/example_dags/example_xcom.py
[2023-08-07T23:21:10.386+0000] {processor.py:826} INFO - Processing file /home/airflow/.local/lib/python3.7/site-packages/airflow/example_dags/example_xcom.py for tasks to queue
[2023-08-07T23:21:10.387+0000] {logging_mixin.py:150} INFO - [2023-08-07T23:21:10.387+0000] {dagbag.py:541} INFO - Filling up the DagBag from /home/airflow/.local/lib/python3.7/site-packages/airflow/example_dags/example_xcom.py
[2023-08-07T23:21:10.392+0000] {processor.py:836} INFO - DAG(s) dict_keys(['example_xcom']) retrieved from /home/airflow/.local/lib/python3.7/site-packages/airflow/example_dags/example_xcom.py
[2023-08-07T23:21:10.410+0000] {logging_mixin.py:150} INFO - [2023-08-07T23:21:10.410+0000] {dag.py:2742} INFO - Sync 1 DAGs
[2023-08-07T23:21:10.424+0000] {logging_mixin.py:150} INFO - [2023-08-07T23:21:10.424+0000] {dag.py:3508} INFO - Setting next_dagrun for example_xcom to 2021-01-01T00:00:00+00:00, run_after=2021-01-01T00:00:00+00:00
[2023-08-07T23:21:10.434+0000] {processor.py:179} INFO - Processing /home/airflow/.local/lib/python3.7/site-packages/airflow/example_dags/example_xcom.py took 0.051 seconds
[2023-08-07T23:36:59.487+0000] {processor.py:157} INFO - Started process (PID=3757) to work on /home/airflow/.local/lib/python3.7/site-packages/airflow/example_dags/example_xcom.py
[2023-08-07T23:36:59.488+0000] {processor.py:826} INFO - Processing file /home/airflow/.local/lib/python3.7/site-packages/airflow/example_dags/example_xcom.py for tasks to queue
[2023-08-07T23:36:59.489+0000] {logging_mixin.py:150} INFO - [2023-08-07T23:36:59.488+0000] {dagbag.py:541} INFO - Filling up the DagBag from /home/airflow/.local/lib/python3.7/site-packages/airflow/example_dags/example_xcom.py
[2023-08-07T23:36:59.495+0000] {processor.py:836} INFO - DAG(s) dict_keys(['example_xcom']) retrieved from /home/airflow/.local/lib/python3.7/site-packages/airflow/example_dags/example_xcom.py
[2023-08-07T23:36:59.531+0000] {logging_mixin.py:150} INFO - [2023-08-07T23:36:59.531+0000] {dag.py:2742} INFO - Sync 1 DAGs
[2023-08-07T23:36:59.546+0000] {logging_mixin.py:150} INFO - [2023-08-07T23:36:59.545+0000] {dag.py:3508} INFO - Setting next_dagrun for example_xcom to 2021-01-01T00:00:00+00:00, run_after=2021-01-01T00:00:00+00:00
[2023-08-07T23:36:59.556+0000] {processor.py:179} INFO - Processing /home/airflow/.local/lib/python3.7/site-packages/airflow/example_dags/example_xcom.py took 0.074 seconds
