[2023-08-07T10:43:34.689+0000] {processor.py:157} INFO - Started process (PID=66) to work on /home/airflow/.local/lib/python3.7/site-packages/airflow/example_dags/example_short_circuit_operator.py
[2023-08-07T10:43:34.690+0000] {processor.py:826} INFO - Processing file /home/airflow/.local/lib/python3.7/site-packages/airflow/example_dags/example_short_circuit_operator.py for tasks to queue
[2023-08-07T10:43:34.691+0000] {logging_mixin.py:150} INFO - [2023-08-07T10:43:34.691+0000] {dagbag.py:541} INFO - Filling up the DagBag from /home/airflow/.local/lib/python3.7/site-packages/airflow/example_dags/example_short_circuit_operator.py
[2023-08-07T10:43:34.698+0000] {processor.py:836} INFO - DAG(s) dict_keys(['example_short_circuit_operator']) retrieved from /home/airflow/.local/lib/python3.7/site-packages/airflow/example_dags/example_short_circuit_operator.py
[2023-08-07T10:43:34.784+0000] {logging_mixin.py:150} INFO - [2023-08-07T10:43:34.784+0000] {manager.py:504} INFO - Created Permission View: can edit on DAG:example_short_circuit_operator
[2023-08-07T10:43:34.793+0000] {logging_mixin.py:150} INFO - [2023-08-07T10:43:34.793+0000] {manager.py:504} INFO - Created Permission View: can delete on DAG:example_short_circuit_operator
[2023-08-07T10:43:34.805+0000] {logging_mixin.py:150} INFO - [2023-08-07T10:43:34.805+0000] {manager.py:504} INFO - Created Permission View: can read on DAG:example_short_circuit_operator
[2023-08-07T10:43:34.819+0000] {logging_mixin.py:150} INFO - [2023-08-07T10:43:34.819+0000] {dag.py:2742} INFO - Sync 1 DAGs
[2023-08-07T10:43:34.834+0000] {logging_mixin.py:150} INFO - [2023-08-07T10:43:34.834+0000] {dag.py:2763} INFO - Creating ORM DAG for example_short_circuit_operator
[2023-08-07T10:43:34.849+0000] {logging_mixin.py:150} INFO - [2023-08-07T10:43:34.849+0000] {dag.py:3508} INFO - Setting next_dagrun for example_short_circuit_operator to 2023-08-06T10:43:34.849669+00:00, run_after=2023-08-07T10:43:34.849669+00:00
[2023-08-07T10:43:34.859+0000] {processor.py:179} INFO - Processing /home/airflow/.local/lib/python3.7/site-packages/airflow/example_dags/example_short_circuit_operator.py took 0.173 seconds
[2023-08-07T10:44:05.232+0000] {processor.py:157} INFO - Started process (PID=124) to work on /home/airflow/.local/lib/python3.7/site-packages/airflow/example_dags/example_short_circuit_operator.py
[2023-08-07T10:44:05.232+0000] {processor.py:826} INFO - Processing file /home/airflow/.local/lib/python3.7/site-packages/airflow/example_dags/example_short_circuit_operator.py for tasks to queue
[2023-08-07T10:44:05.233+0000] {logging_mixin.py:150} INFO - [2023-08-07T10:44:05.233+0000] {dagbag.py:541} INFO - Filling up the DagBag from /home/airflow/.local/lib/python3.7/site-packages/airflow/example_dags/example_short_circuit_operator.py
[2023-08-07T10:44:05.239+0000] {processor.py:836} INFO - DAG(s) dict_keys(['example_short_circuit_operator']) retrieved from /home/airflow/.local/lib/python3.7/site-packages/airflow/example_dags/example_short_circuit_operator.py
[2023-08-07T10:44:05.257+0000] {logging_mixin.py:150} INFO - [2023-08-07T10:44:05.257+0000] {dag.py:2742} INFO - Sync 1 DAGs
[2023-08-07T10:44:05.271+0000] {logging_mixin.py:150} INFO - [2023-08-07T10:44:05.271+0000] {dag.py:3508} INFO - Setting next_dagrun for example_short_circuit_operator to 2023-08-06T10:44:05.271576+00:00, run_after=2023-08-07T10:44:05.271576+00:00
[2023-08-07T10:44:05.281+0000] {processor.py:179} INFO - Processing /home/airflow/.local/lib/python3.7/site-packages/airflow/example_dags/example_short_circuit_operator.py took 0.052 seconds
[2023-08-07T10:44:35.654+0000] {processor.py:157} INFO - Started process (PID=182) to work on /home/airflow/.local/lib/python3.7/site-packages/airflow/example_dags/example_short_circuit_operator.py
[2023-08-07T10:44:35.655+0000] {processor.py:826} INFO - Processing file /home/airflow/.local/lib/python3.7/site-packages/airflow/example_dags/example_short_circuit_operator.py for tasks to queue
[2023-08-07T10:44:35.656+0000] {logging_mixin.py:150} INFO - [2023-08-07T10:44:35.656+0000] {dagbag.py:541} INFO - Filling up the DagBag from /home/airflow/.local/lib/python3.7/site-packages/airflow/example_dags/example_short_circuit_operator.py
[2023-08-07T10:44:35.662+0000] {processor.py:836} INFO - DAG(s) dict_keys(['example_short_circuit_operator']) retrieved from /home/airflow/.local/lib/python3.7/site-packages/airflow/example_dags/example_short_circuit_operator.py
[2023-08-07T10:44:35.680+0000] {logging_mixin.py:150} INFO - [2023-08-07T10:44:35.680+0000] {dag.py:2742} INFO - Sync 1 DAGs
[2023-08-07T10:44:35.693+0000] {logging_mixin.py:150} INFO - [2023-08-07T10:44:35.693+0000] {dag.py:3508} INFO - Setting next_dagrun for example_short_circuit_operator to 2023-08-06T10:44:35.693142+00:00, run_after=2023-08-07T10:44:35.693142+00:00
[2023-08-07T10:44:35.702+0000] {processor.py:179} INFO - Processing /home/airflow/.local/lib/python3.7/site-packages/airflow/example_dags/example_short_circuit_operator.py took 0.050 seconds
[2023-08-07T10:45:05.955+0000] {processor.py:157} INFO - Started process (PID=240) to work on /home/airflow/.local/lib/python3.7/site-packages/airflow/example_dags/example_short_circuit_operator.py
[2023-08-07T10:45:05.955+0000] {processor.py:826} INFO - Processing file /home/airflow/.local/lib/python3.7/site-packages/airflow/example_dags/example_short_circuit_operator.py for tasks to queue
[2023-08-07T10:45:05.956+0000] {logging_mixin.py:150} INFO - [2023-08-07T10:45:05.956+0000] {dagbag.py:541} INFO - Filling up the DagBag from /home/airflow/.local/lib/python3.7/site-packages/airflow/example_dags/example_short_circuit_operator.py
[2023-08-07T10:45:05.962+0000] {processor.py:836} INFO - DAG(s) dict_keys(['example_short_circuit_operator']) retrieved from /home/airflow/.local/lib/python3.7/site-packages/airflow/example_dags/example_short_circuit_operator.py
[2023-08-07T10:45:05.981+0000] {logging_mixin.py:150} INFO - [2023-08-07T10:45:05.981+0000] {dag.py:2742} INFO - Sync 1 DAGs
[2023-08-07T10:45:05.994+0000] {logging_mixin.py:150} INFO - [2023-08-07T10:45:05.994+0000] {dag.py:3508} INFO - Setting next_dagrun for example_short_circuit_operator to 2023-08-06T10:45:05.994700+00:00, run_after=2023-08-07T10:45:05.994700+00:00
[2023-08-07T10:45:06.004+0000] {processor.py:179} INFO - Processing /home/airflow/.local/lib/python3.7/site-packages/airflow/example_dags/example_short_circuit_operator.py took 0.052 seconds
[2023-08-07T10:45:36.187+0000] {processor.py:157} INFO - Started process (PID=298) to work on /home/airflow/.local/lib/python3.7/site-packages/airflow/example_dags/example_short_circuit_operator.py
[2023-08-07T10:45:36.189+0000] {processor.py:826} INFO - Processing file /home/airflow/.local/lib/python3.7/site-packages/airflow/example_dags/example_short_circuit_operator.py for tasks to queue
[2023-08-07T10:45:36.190+0000] {logging_mixin.py:150} INFO - [2023-08-07T10:45:36.189+0000] {dagbag.py:541} INFO - Filling up the DagBag from /home/airflow/.local/lib/python3.7/site-packages/airflow/example_dags/example_short_circuit_operator.py
[2023-08-07T10:45:36.195+0000] {processor.py:836} INFO - DAG(s) dict_keys(['example_short_circuit_operator']) retrieved from /home/airflow/.local/lib/python3.7/site-packages/airflow/example_dags/example_short_circuit_operator.py
[2023-08-07T10:45:36.213+0000] {logging_mixin.py:150} INFO - [2023-08-07T10:45:36.213+0000] {dag.py:2742} INFO - Sync 1 DAGs
[2023-08-07T10:45:36.227+0000] {logging_mixin.py:150} INFO - [2023-08-07T10:45:36.227+0000] {dag.py:3508} INFO - Setting next_dagrun for example_short_circuit_operator to 2023-08-06T10:45:36.227374+00:00, run_after=2023-08-07T10:45:36.227374+00:00
[2023-08-07T10:45:36.237+0000] {processor.py:179} INFO - Processing /home/airflow/.local/lib/python3.7/site-packages/airflow/example_dags/example_short_circuit_operator.py took 0.053 seconds
[2023-08-07T10:46:06.291+0000] {processor.py:157} INFO - Started process (PID=356) to work on /home/airflow/.local/lib/python3.7/site-packages/airflow/example_dags/example_short_circuit_operator.py
[2023-08-07T10:46:06.292+0000] {processor.py:826} INFO - Processing file /home/airflow/.local/lib/python3.7/site-packages/airflow/example_dags/example_short_circuit_operator.py for tasks to queue
[2023-08-07T10:46:06.293+0000] {logging_mixin.py:150} INFO - [2023-08-07T10:46:06.293+0000] {dagbag.py:541} INFO - Filling up the DagBag from /home/airflow/.local/lib/python3.7/site-packages/airflow/example_dags/example_short_circuit_operator.py
[2023-08-07T10:46:06.298+0000] {processor.py:836} INFO - DAG(s) dict_keys(['example_short_circuit_operator']) retrieved from /home/airflow/.local/lib/python3.7/site-packages/airflow/example_dags/example_short_circuit_operator.py
[2023-08-07T10:46:06.316+0000] {logging_mixin.py:150} INFO - [2023-08-07T10:46:06.316+0000] {dag.py:2742} INFO - Sync 1 DAGs
[2023-08-07T10:46:06.329+0000] {logging_mixin.py:150} INFO - [2023-08-07T10:46:06.329+0000] {dag.py:3508} INFO - Setting next_dagrun for example_short_circuit_operator to 2023-08-06T10:46:06.329269+00:00, run_after=2023-08-07T10:46:06.329269+00:00
[2023-08-07T10:46:06.339+0000] {processor.py:179} INFO - Processing /home/airflow/.local/lib/python3.7/site-packages/airflow/example_dags/example_short_circuit_operator.py took 0.051 seconds
[2023-08-07T10:46:36.669+0000] {processor.py:157} INFO - Started process (PID=414) to work on /home/airflow/.local/lib/python3.7/site-packages/airflow/example_dags/example_short_circuit_operator.py
[2023-08-07T10:46:36.670+0000] {processor.py:826} INFO - Processing file /home/airflow/.local/lib/python3.7/site-packages/airflow/example_dags/example_short_circuit_operator.py for tasks to queue
[2023-08-07T10:46:36.671+0000] {logging_mixin.py:150} INFO - [2023-08-07T10:46:36.671+0000] {dagbag.py:541} INFO - Filling up the DagBag from /home/airflow/.local/lib/python3.7/site-packages/airflow/example_dags/example_short_circuit_operator.py
[2023-08-07T10:46:36.676+0000] {processor.py:836} INFO - DAG(s) dict_keys(['example_short_circuit_operator']) retrieved from /home/airflow/.local/lib/python3.7/site-packages/airflow/example_dags/example_short_circuit_operator.py
[2023-08-07T10:46:36.694+0000] {logging_mixin.py:150} INFO - [2023-08-07T10:46:36.694+0000] {dag.py:2742} INFO - Sync 1 DAGs
[2023-08-07T10:46:36.707+0000] {logging_mixin.py:150} INFO - [2023-08-07T10:46:36.707+0000] {dag.py:3508} INFO - Setting next_dagrun for example_short_circuit_operator to 2023-08-06T10:46:36.706821+00:00, run_after=2023-08-07T10:46:36.706821+00:00
[2023-08-07T10:46:36.716+0000] {processor.py:179} INFO - Processing /home/airflow/.local/lib/python3.7/site-packages/airflow/example_dags/example_short_circuit_operator.py took 0.050 seconds
[2023-08-07T10:47:06.958+0000] {processor.py:157} INFO - Started process (PID=472) to work on /home/airflow/.local/lib/python3.7/site-packages/airflow/example_dags/example_short_circuit_operator.py
[2023-08-07T10:47:06.959+0000] {processor.py:826} INFO - Processing file /home/airflow/.local/lib/python3.7/site-packages/airflow/example_dags/example_short_circuit_operator.py for tasks to queue
[2023-08-07T10:47:06.960+0000] {logging_mixin.py:150} INFO - [2023-08-07T10:47:06.959+0000] {dagbag.py:541} INFO - Filling up the DagBag from /home/airflow/.local/lib/python3.7/site-packages/airflow/example_dags/example_short_circuit_operator.py
[2023-08-07T10:47:06.966+0000] {processor.py:836} INFO - DAG(s) dict_keys(['example_short_circuit_operator']) retrieved from /home/airflow/.local/lib/python3.7/site-packages/airflow/example_dags/example_short_circuit_operator.py
[2023-08-07T10:47:06.983+0000] {logging_mixin.py:150} INFO - [2023-08-07T10:47:06.983+0000] {dag.py:2742} INFO - Sync 1 DAGs
[2023-08-07T10:47:06.997+0000] {logging_mixin.py:150} INFO - [2023-08-07T10:47:06.997+0000] {dag.py:3508} INFO - Setting next_dagrun for example_short_circuit_operator to 2023-08-06T10:47:06.997527+00:00, run_after=2023-08-07T10:47:06.997527+00:00
[2023-08-07T10:47:07.006+0000] {processor.py:179} INFO - Processing /home/airflow/.local/lib/python3.7/site-packages/airflow/example_dags/example_short_circuit_operator.py took 0.051 seconds
[2023-08-07T10:47:38.058+0000] {processor.py:157} INFO - Started process (PID=530) to work on /home/airflow/.local/lib/python3.7/site-packages/airflow/example_dags/example_short_circuit_operator.py
[2023-08-07T10:47:38.060+0000] {processor.py:826} INFO - Processing file /home/airflow/.local/lib/python3.7/site-packages/airflow/example_dags/example_short_circuit_operator.py for tasks to queue
[2023-08-07T10:47:38.061+0000] {logging_mixin.py:150} INFO - [2023-08-07T10:47:38.060+0000] {dagbag.py:541} INFO - Filling up the DagBag from /home/airflow/.local/lib/python3.7/site-packages/airflow/example_dags/example_short_circuit_operator.py
[2023-08-07T10:47:38.067+0000] {processor.py:836} INFO - DAG(s) dict_keys(['example_short_circuit_operator']) retrieved from /home/airflow/.local/lib/python3.7/site-packages/airflow/example_dags/example_short_circuit_operator.py
[2023-08-07T10:47:38.084+0000] {logging_mixin.py:150} INFO - [2023-08-07T10:47:38.084+0000] {dag.py:2742} INFO - Sync 1 DAGs
[2023-08-07T10:47:38.098+0000] {logging_mixin.py:150} INFO - [2023-08-07T10:47:38.098+0000] {dag.py:3508} INFO - Setting next_dagrun for example_short_circuit_operator to 2023-08-06T10:47:38.098360+00:00, run_after=2023-08-07T10:47:38.098360+00:00
[2023-08-07T10:47:38.108+0000] {processor.py:179} INFO - Processing /home/airflow/.local/lib/python3.7/site-packages/airflow/example_dags/example_short_circuit_operator.py took 0.053 seconds
[2023-08-07T10:48:08.325+0000] {processor.py:157} INFO - Started process (PID=588) to work on /home/airflow/.local/lib/python3.7/site-packages/airflow/example_dags/example_short_circuit_operator.py
[2023-08-07T10:48:08.326+0000] {processor.py:826} INFO - Processing file /home/airflow/.local/lib/python3.7/site-packages/airflow/example_dags/example_short_circuit_operator.py for tasks to queue
[2023-08-07T10:48:08.327+0000] {logging_mixin.py:150} INFO - [2023-08-07T10:48:08.326+0000] {dagbag.py:541} INFO - Filling up the DagBag from /home/airflow/.local/lib/python3.7/site-packages/airflow/example_dags/example_short_circuit_operator.py
[2023-08-07T10:48:08.332+0000] {processor.py:836} INFO - DAG(s) dict_keys(['example_short_circuit_operator']) retrieved from /home/airflow/.local/lib/python3.7/site-packages/airflow/example_dags/example_short_circuit_operator.py
[2023-08-07T10:48:08.349+0000] {logging_mixin.py:150} INFO - [2023-08-07T10:48:08.349+0000] {dag.py:2742} INFO - Sync 1 DAGs
[2023-08-07T10:48:08.363+0000] {logging_mixin.py:150} INFO - [2023-08-07T10:48:08.363+0000] {dag.py:3508} INFO - Setting next_dagrun for example_short_circuit_operator to 2023-08-06T10:48:08.363422+00:00, run_after=2023-08-07T10:48:08.363422+00:00
[2023-08-07T10:48:08.374+0000] {processor.py:179} INFO - Processing /home/airflow/.local/lib/python3.7/site-packages/airflow/example_dags/example_short_circuit_operator.py took 0.052 seconds
[2023-08-07T10:48:38.698+0000] {processor.py:157} INFO - Started process (PID=646) to work on /home/airflow/.local/lib/python3.7/site-packages/airflow/example_dags/example_short_circuit_operator.py
[2023-08-07T10:48:38.699+0000] {processor.py:826} INFO - Processing file /home/airflow/.local/lib/python3.7/site-packages/airflow/example_dags/example_short_circuit_operator.py for tasks to queue
[2023-08-07T10:48:38.700+0000] {logging_mixin.py:150} INFO - [2023-08-07T10:48:38.700+0000] {dagbag.py:541} INFO - Filling up the DagBag from /home/airflow/.local/lib/python3.7/site-packages/airflow/example_dags/example_short_circuit_operator.py
[2023-08-07T10:48:38.706+0000] {processor.py:836} INFO - DAG(s) dict_keys(['example_short_circuit_operator']) retrieved from /home/airflow/.local/lib/python3.7/site-packages/airflow/example_dags/example_short_circuit_operator.py
[2023-08-07T10:48:38.725+0000] {logging_mixin.py:150} INFO - [2023-08-07T10:48:38.724+0000] {dag.py:2742} INFO - Sync 1 DAGs
[2023-08-07T10:48:38.740+0000] {logging_mixin.py:150} INFO - [2023-08-07T10:48:38.740+0000] {dag.py:3508} INFO - Setting next_dagrun for example_short_circuit_operator to 2023-08-06T10:48:38.739980+00:00, run_after=2023-08-07T10:48:38.739980+00:00
[2023-08-07T10:48:38.750+0000] {processor.py:179} INFO - Processing /home/airflow/.local/lib/python3.7/site-packages/airflow/example_dags/example_short_circuit_operator.py took 0.055 seconds
