[2023-08-07T10:43:26.269+0000] {processor.py:157} INFO - Started process (PID=31) to work on /home/airflow/.local/lib/python3.7/site-packages/airflow/example_dags/example_datasets.py
[2023-08-07T10:43:26.273+0000] {processor.py:826} INFO - Processing file /home/airflow/.local/lib/python3.7/site-packages/airflow/example_dags/example_datasets.py for tasks to queue
[2023-08-07T10:43:26.280+0000] {logging_mixin.py:150} INFO - [2023-08-07T10:43:26.279+0000] {dagbag.py:541} INFO - Filling up the DagBag from /home/airflow/.local/lib/python3.7/site-packages/airflow/example_dags/example_datasets.py
[2023-08-07T10:43:26.330+0000] {processor.py:836} INFO - DAG(s) dict_keys(['dataset_produces_1', 'dataset_consumes_1_and_2', 'dataset_consumes_unknown_never_scheduled', 'dataset_consumes_1', 'dataset_consumes_1_never_scheduled', 'dataset_produces_2']) retrieved from /home/airflow/.local/lib/python3.7/site-packages/airflow/example_dags/example_datasets.py
[2023-08-07T10:43:26.482+0000] {logging_mixin.py:150} INFO - [2023-08-07T10:43:26.481+0000] {manager.py:504} INFO - Created Permission View: can edit on DAG:dataset_produces_1
[2023-08-07T10:43:26.489+0000] {logging_mixin.py:150} INFO - [2023-08-07T10:43:26.489+0000] {manager.py:504} INFO - Created Permission View: can delete on DAG:dataset_produces_1
[2023-08-07T10:43:26.493+0000] {logging_mixin.py:150} INFO - [2023-08-07T10:43:26.493+0000] {manager.py:504} INFO - Created Permission View: can read on DAG:dataset_produces_1
[2023-08-07T10:43:26.508+0000] {logging_mixin.py:150} INFO - [2023-08-07T10:43:26.508+0000] {manager.py:504} INFO - Created Permission View: can edit on DAG:dataset_consumes_1_and_2
[2023-08-07T10:43:26.511+0000] {logging_mixin.py:150} INFO - [2023-08-07T10:43:26.511+0000] {manager.py:504} INFO - Created Permission View: can delete on DAG:dataset_consumes_1_and_2
[2023-08-07T10:43:26.515+0000] {logging_mixin.py:150} INFO - [2023-08-07T10:43:26.515+0000] {manager.py:504} INFO - Created Permission View: can read on DAG:dataset_consumes_1_and_2
[2023-08-07T10:43:26.525+0000] {logging_mixin.py:150} INFO - [2023-08-07T10:43:26.525+0000] {manager.py:504} INFO - Created Permission View: can edit on DAG:dataset_consumes_unknown_never_scheduled
[2023-08-07T10:43:26.529+0000] {logging_mixin.py:150} INFO - [2023-08-07T10:43:26.528+0000] {manager.py:504} INFO - Created Permission View: can delete on DAG:dataset_consumes_unknown_never_scheduled
[2023-08-07T10:43:26.532+0000] {logging_mixin.py:150} INFO - [2023-08-07T10:43:26.532+0000] {manager.py:504} INFO - Created Permission View: can read on DAG:dataset_consumes_unknown_never_scheduled
[2023-08-07T10:43:26.542+0000] {logging_mixin.py:150} INFO - [2023-08-07T10:43:26.542+0000] {manager.py:504} INFO - Created Permission View: can edit on DAG:dataset_consumes_1
[2023-08-07T10:43:26.547+0000] {logging_mixin.py:150} INFO - [2023-08-07T10:43:26.547+0000] {manager.py:504} INFO - Created Permission View: can delete on DAG:dataset_consumes_1
[2023-08-07T10:43:26.551+0000] {logging_mixin.py:150} INFO - [2023-08-07T10:43:26.551+0000] {manager.py:504} INFO - Created Permission View: can read on DAG:dataset_consumes_1
[2023-08-07T10:43:26.561+0000] {logging_mixin.py:150} INFO - [2023-08-07T10:43:26.561+0000] {manager.py:504} INFO - Created Permission View: can edit on DAG:dataset_consumes_1_never_scheduled
[2023-08-07T10:43:26.565+0000] {logging_mixin.py:150} INFO - [2023-08-07T10:43:26.564+0000] {manager.py:504} INFO - Created Permission View: can delete on DAG:dataset_consumes_1_never_scheduled
[2023-08-07T10:43:26.568+0000] {logging_mixin.py:150} INFO - [2023-08-07T10:43:26.568+0000] {manager.py:504} INFO - Created Permission View: can read on DAG:dataset_consumes_1_never_scheduled
[2023-08-07T10:43:26.577+0000] {logging_mixin.py:150} INFO - [2023-08-07T10:43:26.577+0000] {manager.py:504} INFO - Created Permission View: can edit on DAG:dataset_produces_2
[2023-08-07T10:43:26.581+0000] {logging_mixin.py:150} INFO - [2023-08-07T10:43:26.580+0000] {manager.py:504} INFO - Created Permission View: can delete on DAG:dataset_produces_2
[2023-08-07T10:43:26.584+0000] {logging_mixin.py:150} INFO - [2023-08-07T10:43:26.584+0000] {manager.py:504} INFO - Created Permission View: can read on DAG:dataset_produces_2
[2023-08-07T10:43:26.588+0000] {logging_mixin.py:150} INFO - [2023-08-07T10:43:26.588+0000] {dag.py:2742} INFO - Sync 6 DAGs
[2023-08-07T10:43:26.596+0000] {logging_mixin.py:150} INFO - [2023-08-07T10:43:26.595+0000] {dag.py:2763} INFO - Creating ORM DAG for dataset_consumes_1_never_scheduled
[2023-08-07T10:43:26.596+0000] {logging_mixin.py:150} INFO - [2023-08-07T10:43:26.596+0000] {dag.py:2763} INFO - Creating ORM DAG for dataset_produces_1
[2023-08-07T10:43:26.597+0000] {logging_mixin.py:150} INFO - [2023-08-07T10:43:26.597+0000] {dag.py:2763} INFO - Creating ORM DAG for dataset_consumes_unknown_never_scheduled
[2023-08-07T10:43:26.598+0000] {logging_mixin.py:150} INFO - [2023-08-07T10:43:26.598+0000] {dag.py:2763} INFO - Creating ORM DAG for dataset_consumes_1
[2023-08-07T10:43:26.599+0000] {logging_mixin.py:150} INFO - [2023-08-07T10:43:26.599+0000] {dag.py:2763} INFO - Creating ORM DAG for dataset_produces_2
[2023-08-07T10:43:26.600+0000] {logging_mixin.py:150} INFO - [2023-08-07T10:43:26.600+0000] {dag.py:2763} INFO - Creating ORM DAG for dataset_consumes_1_and_2
[2023-08-07T10:43:26.607+0000] {logging_mixin.py:150} INFO - [2023-08-07T10:43:26.607+0000] {dag.py:3508} INFO - Setting next_dagrun for dataset_consumes_1 to None, run_after=None
[2023-08-07T10:43:26.608+0000] {logging_mixin.py:150} INFO - [2023-08-07T10:43:26.608+0000] {dag.py:3508} INFO - Setting next_dagrun for dataset_consumes_1_and_2 to None, run_after=None
[2023-08-07T10:43:26.609+0000] {logging_mixin.py:150} INFO - [2023-08-07T10:43:26.609+0000] {dag.py:3508} INFO - Setting next_dagrun for dataset_consumes_1_never_scheduled to None, run_after=None
[2023-08-07T10:43:26.610+0000] {logging_mixin.py:150} INFO - [2023-08-07T10:43:26.610+0000] {dag.py:3508} INFO - Setting next_dagrun for dataset_consumes_unknown_never_scheduled to None, run_after=None
[2023-08-07T10:43:26.612+0000] {logging_mixin.py:150} INFO - [2023-08-07T10:43:26.611+0000] {dag.py:3508} INFO - Setting next_dagrun for dataset_produces_1 to 2023-08-06T00:00:00+00:00, run_after=2023-08-07T00:00:00+00:00
[2023-08-07T10:43:26.612+0000] {logging_mixin.py:150} INFO - [2023-08-07T10:43:26.612+0000] {dag.py:3508} INFO - Setting next_dagrun for dataset_produces_2 to None, run_after=None
[2023-08-07T10:43:26.634+0000] {processor.py:179} INFO - Processing /home/airflow/.local/lib/python3.7/site-packages/airflow/example_dags/example_datasets.py took 0.367 seconds
[2023-08-07T10:43:56.660+0000] {processor.py:157} INFO - Started process (PID=90) to work on /home/airflow/.local/lib/python3.7/site-packages/airflow/example_dags/example_datasets.py
[2023-08-07T10:43:56.661+0000] {processor.py:826} INFO - Processing file /home/airflow/.local/lib/python3.7/site-packages/airflow/example_dags/example_datasets.py for tasks to queue
[2023-08-07T10:43:56.662+0000] {logging_mixin.py:150} INFO - [2023-08-07T10:43:56.662+0000] {dagbag.py:541} INFO - Filling up the DagBag from /home/airflow/.local/lib/python3.7/site-packages/airflow/example_dags/example_datasets.py
[2023-08-07T10:43:56.668+0000] {processor.py:836} INFO - DAG(s) dict_keys(['dataset_produces_2', 'dataset_produces_1', 'dataset_consumes_1_and_2', 'dataset_consumes_1_never_scheduled', 'dataset_consumes_unknown_never_scheduled', 'dataset_consumes_1']) retrieved from /home/airflow/.local/lib/python3.7/site-packages/airflow/example_dags/example_datasets.py
[2023-08-07T10:43:56.691+0000] {logging_mixin.py:150} INFO - [2023-08-07T10:43:56.691+0000] {dag.py:2742} INFO - Sync 6 DAGs
[2023-08-07T10:43:56.705+0000] {logging_mixin.py:150} INFO - [2023-08-07T10:43:56.705+0000] {dag.py:3508} INFO - Setting next_dagrun for dataset_consumes_1 to None, run_after=None
[2023-08-07T10:43:56.708+0000] {logging_mixin.py:150} INFO - [2023-08-07T10:43:56.707+0000] {dag.py:3508} INFO - Setting next_dagrun for dataset_consumes_1_and_2 to None, run_after=None
[2023-08-07T10:43:56.709+0000] {logging_mixin.py:150} INFO - [2023-08-07T10:43:56.709+0000] {dag.py:3508} INFO - Setting next_dagrun for dataset_consumes_1_never_scheduled to None, run_after=None
[2023-08-07T10:43:56.710+0000] {logging_mixin.py:150} INFO - [2023-08-07T10:43:56.710+0000] {dag.py:3508} INFO - Setting next_dagrun for dataset_consumes_unknown_never_scheduled to None, run_after=None
[2023-08-07T10:43:56.712+0000] {logging_mixin.py:150} INFO - [2023-08-07T10:43:56.711+0000] {dag.py:3508} INFO - Setting next_dagrun for dataset_produces_1 to 2023-08-06T00:00:00+00:00, run_after=2023-08-07T00:00:00+00:00
[2023-08-07T10:43:56.712+0000] {logging_mixin.py:150} INFO - [2023-08-07T10:43:56.712+0000] {dag.py:3508} INFO - Setting next_dagrun for dataset_produces_2 to None, run_after=None
[2023-08-07T10:43:56.728+0000] {processor.py:179} INFO - Processing /home/airflow/.local/lib/python3.7/site-packages/airflow/example_dags/example_datasets.py took 0.071 seconds
[2023-08-07T10:44:26.815+0000] {processor.py:157} INFO - Started process (PID=147) to work on /home/airflow/.local/lib/python3.7/site-packages/airflow/example_dags/example_datasets.py
[2023-08-07T10:44:26.816+0000] {processor.py:826} INFO - Processing file /home/airflow/.local/lib/python3.7/site-packages/airflow/example_dags/example_datasets.py for tasks to queue
[2023-08-07T10:44:26.817+0000] {logging_mixin.py:150} INFO - [2023-08-07T10:44:26.817+0000] {dagbag.py:541} INFO - Filling up the DagBag from /home/airflow/.local/lib/python3.7/site-packages/airflow/example_dags/example_datasets.py
[2023-08-07T10:44:26.826+0000] {processor.py:836} INFO - DAG(s) dict_keys(['dataset_produces_2', 'dataset_consumes_1_and_2', 'dataset_consumes_1', 'dataset_produces_1', 'dataset_consumes_1_never_scheduled', 'dataset_consumes_unknown_never_scheduled']) retrieved from /home/airflow/.local/lib/python3.7/site-packages/airflow/example_dags/example_datasets.py
[2023-08-07T10:44:26.856+0000] {logging_mixin.py:150} INFO - [2023-08-07T10:44:26.855+0000] {dag.py:2742} INFO - Sync 6 DAGs
[2023-08-07T10:44:26.871+0000] {logging_mixin.py:150} INFO - [2023-08-07T10:44:26.871+0000] {dag.py:3508} INFO - Setting next_dagrun for dataset_consumes_1 to None, run_after=None
[2023-08-07T10:44:26.873+0000] {logging_mixin.py:150} INFO - [2023-08-07T10:44:26.873+0000] {dag.py:3508} INFO - Setting next_dagrun for dataset_consumes_1_and_2 to None, run_after=None
[2023-08-07T10:44:26.874+0000] {logging_mixin.py:150} INFO - [2023-08-07T10:44:26.874+0000] {dag.py:3508} INFO - Setting next_dagrun for dataset_consumes_1_never_scheduled to None, run_after=None
[2023-08-07T10:44:26.875+0000] {logging_mixin.py:150} INFO - [2023-08-07T10:44:26.875+0000] {dag.py:3508} INFO - Setting next_dagrun for dataset_consumes_unknown_never_scheduled to None, run_after=None
[2023-08-07T10:44:26.877+0000] {logging_mixin.py:150} INFO - [2023-08-07T10:44:26.877+0000] {dag.py:3508} INFO - Setting next_dagrun for dataset_produces_1 to 2023-08-06T00:00:00+00:00, run_after=2023-08-07T00:00:00+00:00
[2023-08-07T10:44:26.878+0000] {logging_mixin.py:150} INFO - [2023-08-07T10:44:26.878+0000] {dag.py:3508} INFO - Setting next_dagrun for dataset_produces_2 to None, run_after=None
[2023-08-07T10:44:26.894+0000] {processor.py:179} INFO - Processing /home/airflow/.local/lib/python3.7/site-packages/airflow/example_dags/example_datasets.py took 0.084 seconds
[2023-08-07T10:44:57.362+0000] {processor.py:157} INFO - Started process (PID=205) to work on /home/airflow/.local/lib/python3.7/site-packages/airflow/example_dags/example_datasets.py
[2023-08-07T10:44:57.363+0000] {processor.py:826} INFO - Processing file /home/airflow/.local/lib/python3.7/site-packages/airflow/example_dags/example_datasets.py for tasks to queue
[2023-08-07T10:44:57.364+0000] {logging_mixin.py:150} INFO - [2023-08-07T10:44:57.364+0000] {dagbag.py:541} INFO - Filling up the DagBag from /home/airflow/.local/lib/python3.7/site-packages/airflow/example_dags/example_datasets.py
[2023-08-07T10:44:57.374+0000] {processor.py:836} INFO - DAG(s) dict_keys(['dataset_consumes_unknown_never_scheduled', 'dataset_produces_2', 'dataset_consumes_1', 'dataset_consumes_1_never_scheduled', 'dataset_consumes_1_and_2', 'dataset_produces_1']) retrieved from /home/airflow/.local/lib/python3.7/site-packages/airflow/example_dags/example_datasets.py
[2023-08-07T10:44:57.405+0000] {logging_mixin.py:150} INFO - [2023-08-07T10:44:57.405+0000] {dag.py:2742} INFO - Sync 6 DAGs
[2023-08-07T10:44:57.420+0000] {logging_mixin.py:150} INFO - [2023-08-07T10:44:57.420+0000] {dag.py:3508} INFO - Setting next_dagrun for dataset_consumes_1 to None, run_after=None
[2023-08-07T10:44:57.422+0000] {logging_mixin.py:150} INFO - [2023-08-07T10:44:57.422+0000] {dag.py:3508} INFO - Setting next_dagrun for dataset_consumes_1_and_2 to None, run_after=None
[2023-08-07T10:44:57.423+0000] {logging_mixin.py:150} INFO - [2023-08-07T10:44:57.423+0000] {dag.py:3508} INFO - Setting next_dagrun for dataset_consumes_1_never_scheduled to None, run_after=None
[2023-08-07T10:44:57.424+0000] {logging_mixin.py:150} INFO - [2023-08-07T10:44:57.424+0000] {dag.py:3508} INFO - Setting next_dagrun for dataset_consumes_unknown_never_scheduled to None, run_after=None
[2023-08-07T10:44:57.426+0000] {logging_mixin.py:150} INFO - [2023-08-07T10:44:57.426+0000] {dag.py:3508} INFO - Setting next_dagrun for dataset_produces_1 to 2023-08-06T00:00:00+00:00, run_after=2023-08-07T00:00:00+00:00
[2023-08-07T10:44:57.427+0000] {logging_mixin.py:150} INFO - [2023-08-07T10:44:57.427+0000] {dag.py:3508} INFO - Setting next_dagrun for dataset_produces_2 to None, run_after=None
[2023-08-07T10:44:57.442+0000] {processor.py:179} INFO - Processing /home/airflow/.local/lib/python3.7/site-packages/airflow/example_dags/example_datasets.py took 0.085 seconds
[2023-08-07T10:45:27.469+0000] {processor.py:157} INFO - Started process (PID=263) to work on /home/airflow/.local/lib/python3.7/site-packages/airflow/example_dags/example_datasets.py
[2023-08-07T10:45:27.470+0000] {processor.py:826} INFO - Processing file /home/airflow/.local/lib/python3.7/site-packages/airflow/example_dags/example_datasets.py for tasks to queue
[2023-08-07T10:45:27.472+0000] {logging_mixin.py:150} INFO - [2023-08-07T10:45:27.472+0000] {dagbag.py:541} INFO - Filling up the DagBag from /home/airflow/.local/lib/python3.7/site-packages/airflow/example_dags/example_datasets.py
[2023-08-07T10:45:27.479+0000] {processor.py:836} INFO - DAG(s) dict_keys(['dataset_consumes_unknown_never_scheduled', 'dataset_consumes_1_never_scheduled', 'dataset_consumes_1', 'dataset_produces_2', 'dataset_consumes_1_and_2', 'dataset_produces_1']) retrieved from /home/airflow/.local/lib/python3.7/site-packages/airflow/example_dags/example_datasets.py
[2023-08-07T10:45:27.506+0000] {logging_mixin.py:150} INFO - [2023-08-07T10:45:27.506+0000] {dag.py:2742} INFO - Sync 6 DAGs
[2023-08-07T10:45:27.521+0000] {logging_mixin.py:150} INFO - [2023-08-07T10:45:27.521+0000] {dag.py:3508} INFO - Setting next_dagrun for dataset_consumes_1 to None, run_after=None
[2023-08-07T10:45:27.524+0000] {logging_mixin.py:150} INFO - [2023-08-07T10:45:27.524+0000] {dag.py:3508} INFO - Setting next_dagrun for dataset_consumes_1_and_2 to None, run_after=None
[2023-08-07T10:45:27.525+0000] {logging_mixin.py:150} INFO - [2023-08-07T10:45:27.525+0000] {dag.py:3508} INFO - Setting next_dagrun for dataset_consumes_1_never_scheduled to None, run_after=None
[2023-08-07T10:45:27.526+0000] {logging_mixin.py:150} INFO - [2023-08-07T10:45:27.526+0000] {dag.py:3508} INFO - Setting next_dagrun for dataset_consumes_unknown_never_scheduled to None, run_after=None
[2023-08-07T10:45:27.528+0000] {logging_mixin.py:150} INFO - [2023-08-07T10:45:27.528+0000] {dag.py:3508} INFO - Setting next_dagrun for dataset_produces_1 to 2023-08-06T00:00:00+00:00, run_after=2023-08-07T00:00:00+00:00
[2023-08-07T10:45:27.528+0000] {logging_mixin.py:150} INFO - [2023-08-07T10:45:27.528+0000] {dag.py:3508} INFO - Setting next_dagrun for dataset_produces_2 to None, run_after=None
[2023-08-07T10:45:27.544+0000] {processor.py:179} INFO - Processing /home/airflow/.local/lib/python3.7/site-packages/airflow/example_dags/example_datasets.py took 0.078 seconds
[2023-08-07T10:45:57.842+0000] {processor.py:157} INFO - Started process (PID=321) to work on /home/airflow/.local/lib/python3.7/site-packages/airflow/example_dags/example_datasets.py
[2023-08-07T10:45:57.843+0000] {processor.py:826} INFO - Processing file /home/airflow/.local/lib/python3.7/site-packages/airflow/example_dags/example_datasets.py for tasks to queue
[2023-08-07T10:45:57.845+0000] {logging_mixin.py:150} INFO - [2023-08-07T10:45:57.844+0000] {dagbag.py:541} INFO - Filling up the DagBag from /home/airflow/.local/lib/python3.7/site-packages/airflow/example_dags/example_datasets.py
[2023-08-07T10:45:57.855+0000] {processor.py:836} INFO - DAG(s) dict_keys(['dataset_consumes_unknown_never_scheduled', 'dataset_consumes_1', 'dataset_produces_2', 'dataset_consumes_1_never_scheduled', 'dataset_produces_1', 'dataset_consumes_1_and_2']) retrieved from /home/airflow/.local/lib/python3.7/site-packages/airflow/example_dags/example_datasets.py
[2023-08-07T10:45:57.885+0000] {logging_mixin.py:150} INFO - [2023-08-07T10:45:57.885+0000] {dag.py:2742} INFO - Sync 6 DAGs
[2023-08-07T10:45:57.900+0000] {logging_mixin.py:150} INFO - [2023-08-07T10:45:57.900+0000] {dag.py:3508} INFO - Setting next_dagrun for dataset_consumes_1 to None, run_after=None
[2023-08-07T10:45:57.902+0000] {logging_mixin.py:150} INFO - [2023-08-07T10:45:57.902+0000] {dag.py:3508} INFO - Setting next_dagrun for dataset_consumes_1_and_2 to None, run_after=None
[2023-08-07T10:45:57.903+0000] {logging_mixin.py:150} INFO - [2023-08-07T10:45:57.903+0000] {dag.py:3508} INFO - Setting next_dagrun for dataset_consumes_1_never_scheduled to None, run_after=None
[2023-08-07T10:45:57.905+0000] {logging_mixin.py:150} INFO - [2023-08-07T10:45:57.905+0000] {dag.py:3508} INFO - Setting next_dagrun for dataset_consumes_unknown_never_scheduled to None, run_after=None
[2023-08-07T10:45:57.906+0000] {logging_mixin.py:150} INFO - [2023-08-07T10:45:57.906+0000] {dag.py:3508} INFO - Setting next_dagrun for dataset_produces_1 to 2023-08-06T00:00:00+00:00, run_after=2023-08-07T00:00:00+00:00
[2023-08-07T10:45:57.907+0000] {logging_mixin.py:150} INFO - [2023-08-07T10:45:57.907+0000] {dag.py:3508} INFO - Setting next_dagrun for dataset_produces_2 to None, run_after=None
[2023-08-07T10:45:57.924+0000] {processor.py:179} INFO - Processing /home/airflow/.local/lib/python3.7/site-packages/airflow/example_dags/example_datasets.py took 0.087 seconds
[2023-08-07T10:46:27.990+0000] {processor.py:157} INFO - Started process (PID=379) to work on /home/airflow/.local/lib/python3.7/site-packages/airflow/example_dags/example_datasets.py
[2023-08-07T10:46:27.991+0000] {processor.py:826} INFO - Processing file /home/airflow/.local/lib/python3.7/site-packages/airflow/example_dags/example_datasets.py for tasks to queue
[2023-08-07T10:46:27.992+0000] {logging_mixin.py:150} INFO - [2023-08-07T10:46:27.992+0000] {dagbag.py:541} INFO - Filling up the DagBag from /home/airflow/.local/lib/python3.7/site-packages/airflow/example_dags/example_datasets.py
[2023-08-07T10:46:27.999+0000] {processor.py:836} INFO - DAG(s) dict_keys(['dataset_produces_1', 'dataset_consumes_1', 'dataset_consumes_1_and_2', 'dataset_produces_2', 'dataset_consumes_1_never_scheduled', 'dataset_consumes_unknown_never_scheduled']) retrieved from /home/airflow/.local/lib/python3.7/site-packages/airflow/example_dags/example_datasets.py
[2023-08-07T10:46:28.024+0000] {logging_mixin.py:150} INFO - [2023-08-07T10:46:28.024+0000] {dag.py:2742} INFO - Sync 6 DAGs
[2023-08-07T10:46:28.039+0000] {logging_mixin.py:150} INFO - [2023-08-07T10:46:28.039+0000] {dag.py:3508} INFO - Setting next_dagrun for dataset_consumes_1 to None, run_after=None
[2023-08-07T10:46:28.042+0000] {logging_mixin.py:150} INFO - [2023-08-07T10:46:28.042+0000] {dag.py:3508} INFO - Setting next_dagrun for dataset_consumes_1_and_2 to None, run_after=None
[2023-08-07T10:46:28.043+0000] {logging_mixin.py:150} INFO - [2023-08-07T10:46:28.043+0000] {dag.py:3508} INFO - Setting next_dagrun for dataset_consumes_1_never_scheduled to None, run_after=None
[2023-08-07T10:46:28.044+0000] {logging_mixin.py:150} INFO - [2023-08-07T10:46:28.044+0000] {dag.py:3508} INFO - Setting next_dagrun for dataset_consumes_unknown_never_scheduled to None, run_after=None
[2023-08-07T10:46:28.046+0000] {logging_mixin.py:150} INFO - [2023-08-07T10:46:28.046+0000] {dag.py:3508} INFO - Setting next_dagrun for dataset_produces_1 to 2023-08-06T00:00:00+00:00, run_after=2023-08-07T00:00:00+00:00
[2023-08-07T10:46:28.047+0000] {logging_mixin.py:150} INFO - [2023-08-07T10:46:28.047+0000] {dag.py:3508} INFO - Setting next_dagrun for dataset_produces_2 to None, run_after=None
[2023-08-07T10:46:28.062+0000] {processor.py:179} INFO - Processing /home/airflow/.local/lib/python3.7/site-packages/airflow/example_dags/example_datasets.py took 0.075 seconds
[2023-08-07T10:46:58.288+0000] {processor.py:157} INFO - Started process (PID=437) to work on /home/airflow/.local/lib/python3.7/site-packages/airflow/example_dags/example_datasets.py
[2023-08-07T10:46:58.290+0000] {processor.py:826} INFO - Processing file /home/airflow/.local/lib/python3.7/site-packages/airflow/example_dags/example_datasets.py for tasks to queue
[2023-08-07T10:46:58.291+0000] {logging_mixin.py:150} INFO - [2023-08-07T10:46:58.291+0000] {dagbag.py:541} INFO - Filling up the DagBag from /home/airflow/.local/lib/python3.7/site-packages/airflow/example_dags/example_datasets.py
[2023-08-07T10:46:58.300+0000] {processor.py:836} INFO - DAG(s) dict_keys(['dataset_produces_1', 'dataset_consumes_1', 'dataset_produces_2', 'dataset_consumes_unknown_never_scheduled', 'dataset_consumes_1_never_scheduled', 'dataset_consumes_1_and_2']) retrieved from /home/airflow/.local/lib/python3.7/site-packages/airflow/example_dags/example_datasets.py
[2023-08-07T10:46:58.328+0000] {logging_mixin.py:150} INFO - [2023-08-07T10:46:58.328+0000] {dag.py:2742} INFO - Sync 6 DAGs
[2023-08-07T10:46:58.344+0000] {logging_mixin.py:150} INFO - [2023-08-07T10:46:58.344+0000] {dag.py:3508} INFO - Setting next_dagrun for dataset_consumes_1 to None, run_after=None
[2023-08-07T10:46:58.346+0000] {logging_mixin.py:150} INFO - [2023-08-07T10:46:58.346+0000] {dag.py:3508} INFO - Setting next_dagrun for dataset_consumes_1_and_2 to None, run_after=None
[2023-08-07T10:46:58.347+0000] {logging_mixin.py:150} INFO - [2023-08-07T10:46:58.347+0000] {dag.py:3508} INFO - Setting next_dagrun for dataset_consumes_1_never_scheduled to None, run_after=None
[2023-08-07T10:46:58.348+0000] {logging_mixin.py:150} INFO - [2023-08-07T10:46:58.348+0000] {dag.py:3508} INFO - Setting next_dagrun for dataset_consumes_unknown_never_scheduled to None, run_after=None
[2023-08-07T10:46:58.350+0000] {logging_mixin.py:150} INFO - [2023-08-07T10:46:58.350+0000] {dag.py:3508} INFO - Setting next_dagrun for dataset_produces_1 to 2023-08-06T00:00:00+00:00, run_after=2023-08-07T00:00:00+00:00
[2023-08-07T10:46:58.351+0000] {logging_mixin.py:150} INFO - [2023-08-07T10:46:58.351+0000] {dag.py:3508} INFO - Setting next_dagrun for dataset_produces_2 to None, run_after=None
[2023-08-07T10:46:58.368+0000] {processor.py:179} INFO - Processing /home/airflow/.local/lib/python3.7/site-packages/airflow/example_dags/example_datasets.py took 0.084 seconds
[2023-08-07T10:47:28.439+0000] {processor.py:157} INFO - Started process (PID=495) to work on /home/airflow/.local/lib/python3.7/site-packages/airflow/example_dags/example_datasets.py
[2023-08-07T10:47:28.440+0000] {processor.py:826} INFO - Processing file /home/airflow/.local/lib/python3.7/site-packages/airflow/example_dags/example_datasets.py for tasks to queue
[2023-08-07T10:47:28.441+0000] {logging_mixin.py:150} INFO - [2023-08-07T10:47:28.441+0000] {dagbag.py:541} INFO - Filling up the DagBag from /home/airflow/.local/lib/python3.7/site-packages/airflow/example_dags/example_datasets.py
[2023-08-07T10:47:28.447+0000] {processor.py:836} INFO - DAG(s) dict_keys(['dataset_consumes_unknown_never_scheduled', 'dataset_produces_2', 'dataset_consumes_1', 'dataset_consumes_1_never_scheduled', 'dataset_produces_1', 'dataset_consumes_1_and_2']) retrieved from /home/airflow/.local/lib/python3.7/site-packages/airflow/example_dags/example_datasets.py
[2023-08-07T10:47:28.473+0000] {logging_mixin.py:150} INFO - [2023-08-07T10:47:28.473+0000] {dag.py:2742} INFO - Sync 6 DAGs
[2023-08-07T10:47:28.489+0000] {logging_mixin.py:150} INFO - [2023-08-07T10:47:28.489+0000] {dag.py:3508} INFO - Setting next_dagrun for dataset_consumes_1 to None, run_after=None
[2023-08-07T10:47:28.492+0000] {logging_mixin.py:150} INFO - [2023-08-07T10:47:28.491+0000] {dag.py:3508} INFO - Setting next_dagrun for dataset_consumes_1_and_2 to None, run_after=None
[2023-08-07T10:47:28.493+0000] {logging_mixin.py:150} INFO - [2023-08-07T10:47:28.493+0000] {dag.py:3508} INFO - Setting next_dagrun for dataset_consumes_1_never_scheduled to None, run_after=None
[2023-08-07T10:47:28.494+0000] {logging_mixin.py:150} INFO - [2023-08-07T10:47:28.494+0000] {dag.py:3508} INFO - Setting next_dagrun for dataset_consumes_unknown_never_scheduled to None, run_after=None
[2023-08-07T10:47:28.495+0000] {logging_mixin.py:150} INFO - [2023-08-07T10:47:28.495+0000] {dag.py:3508} INFO - Setting next_dagrun for dataset_produces_1 to 2023-08-06T00:00:00+00:00, run_after=2023-08-07T00:00:00+00:00
[2023-08-07T10:47:28.497+0000] {logging_mixin.py:150} INFO - [2023-08-07T10:47:28.497+0000] {dag.py:3508} INFO - Setting next_dagrun for dataset_produces_2 to None, run_after=None
[2023-08-07T10:47:28.514+0000] {processor.py:179} INFO - Processing /home/airflow/.local/lib/python3.7/site-packages/airflow/example_dags/example_datasets.py took 0.077 seconds
[2023-08-07T10:47:58.572+0000] {processor.py:157} INFO - Started process (PID=553) to work on /home/airflow/.local/lib/python3.7/site-packages/airflow/example_dags/example_datasets.py
[2023-08-07T10:47:58.573+0000] {processor.py:826} INFO - Processing file /home/airflow/.local/lib/python3.7/site-packages/airflow/example_dags/example_datasets.py for tasks to queue
[2023-08-07T10:47:58.575+0000] {logging_mixin.py:150} INFO - [2023-08-07T10:47:58.574+0000] {dagbag.py:541} INFO - Filling up the DagBag from /home/airflow/.local/lib/python3.7/site-packages/airflow/example_dags/example_datasets.py
[2023-08-07T10:47:58.583+0000] {processor.py:836} INFO - DAG(s) dict_keys(['dataset_produces_2', 'dataset_consumes_unknown_never_scheduled', 'dataset_consumes_1_and_2', 'dataset_produces_1', 'dataset_consumes_1', 'dataset_consumes_1_never_scheduled']) retrieved from /home/airflow/.local/lib/python3.7/site-packages/airflow/example_dags/example_datasets.py
[2023-08-07T10:47:58.610+0000] {logging_mixin.py:150} INFO - [2023-08-07T10:47:58.610+0000] {dag.py:2742} INFO - Sync 6 DAGs
[2023-08-07T10:47:58.624+0000] {logging_mixin.py:150} INFO - [2023-08-07T10:47:58.624+0000] {dag.py:3508} INFO - Setting next_dagrun for dataset_consumes_1 to None, run_after=None
[2023-08-07T10:47:58.627+0000] {logging_mixin.py:150} INFO - [2023-08-07T10:47:58.626+0000] {dag.py:3508} INFO - Setting next_dagrun for dataset_consumes_1_and_2 to None, run_after=None
[2023-08-07T10:47:58.628+0000] {logging_mixin.py:150} INFO - [2023-08-07T10:47:58.628+0000] {dag.py:3508} INFO - Setting next_dagrun for dataset_consumes_1_never_scheduled to None, run_after=None
[2023-08-07T10:47:58.629+0000] {logging_mixin.py:150} INFO - [2023-08-07T10:47:58.629+0000] {dag.py:3508} INFO - Setting next_dagrun for dataset_consumes_unknown_never_scheduled to None, run_after=None
[2023-08-07T10:47:58.630+0000] {logging_mixin.py:150} INFO - [2023-08-07T10:47:58.630+0000] {dag.py:3508} INFO - Setting next_dagrun for dataset_produces_1 to 2023-08-06T00:00:00+00:00, run_after=2023-08-07T00:00:00+00:00
[2023-08-07T10:47:58.631+0000] {logging_mixin.py:150} INFO - [2023-08-07T10:47:58.631+0000] {dag.py:3508} INFO - Setting next_dagrun for dataset_produces_2 to None, run_after=None
[2023-08-07T10:47:58.647+0000] {processor.py:179} INFO - Processing /home/airflow/.local/lib/python3.7/site-packages/airflow/example_dags/example_datasets.py took 0.079 seconds
[2023-08-07T10:48:28.960+0000] {processor.py:157} INFO - Started process (PID=611) to work on /home/airflow/.local/lib/python3.7/site-packages/airflow/example_dags/example_datasets.py
[2023-08-07T10:48:28.961+0000] {processor.py:826} INFO - Processing file /home/airflow/.local/lib/python3.7/site-packages/airflow/example_dags/example_datasets.py for tasks to queue
[2023-08-07T10:48:28.963+0000] {logging_mixin.py:150} INFO - [2023-08-07T10:48:28.962+0000] {dagbag.py:541} INFO - Filling up the DagBag from /home/airflow/.local/lib/python3.7/site-packages/airflow/example_dags/example_datasets.py
[2023-08-07T10:48:28.972+0000] {processor.py:836} INFO - DAG(s) dict_keys(['dataset_produces_2', 'dataset_consumes_unknown_never_scheduled', 'dataset_consumes_1_never_scheduled', 'dataset_consumes_1', 'dataset_produces_1', 'dataset_consumes_1_and_2']) retrieved from /home/airflow/.local/lib/python3.7/site-packages/airflow/example_dags/example_datasets.py
[2023-08-07T10:48:29.002+0000] {logging_mixin.py:150} INFO - [2023-08-07T10:48:29.002+0000] {dag.py:2742} INFO - Sync 6 DAGs
[2023-08-07T10:48:29.017+0000] {logging_mixin.py:150} INFO - [2023-08-07T10:48:29.017+0000] {dag.py:3508} INFO - Setting next_dagrun for dataset_consumes_1 to None, run_after=None
[2023-08-07T10:48:29.019+0000] {logging_mixin.py:150} INFO - [2023-08-07T10:48:29.019+0000] {dag.py:3508} INFO - Setting next_dagrun for dataset_consumes_1_and_2 to None, run_after=None
[2023-08-07T10:48:29.021+0000] {logging_mixin.py:150} INFO - [2023-08-07T10:48:29.020+0000] {dag.py:3508} INFO - Setting next_dagrun for dataset_consumes_1_never_scheduled to None, run_after=None
[2023-08-07T10:48:29.021+0000] {logging_mixin.py:150} INFO - [2023-08-07T10:48:29.021+0000] {dag.py:3508} INFO - Setting next_dagrun for dataset_consumes_unknown_never_scheduled to None, run_after=None
[2023-08-07T10:48:29.023+0000] {logging_mixin.py:150} INFO - [2023-08-07T10:48:29.023+0000] {dag.py:3508} INFO - Setting next_dagrun for dataset_produces_1 to 2023-08-06T00:00:00+00:00, run_after=2023-08-07T00:00:00+00:00
[2023-08-07T10:48:29.024+0000] {logging_mixin.py:150} INFO - [2023-08-07T10:48:29.024+0000] {dag.py:3508} INFO - Setting next_dagrun for dataset_produces_2 to None, run_after=None
[2023-08-07T10:48:29.040+0000] {processor.py:179} INFO - Processing /home/airflow/.local/lib/python3.7/site-packages/airflow/example_dags/example_datasets.py took 0.085 seconds
