[2023-08-07T10:43:29.340+0000] {processor.py:157} INFO - Started process (PID=55) to work on /home/airflow/.local/lib/python3.7/site-packages/airflow/example_dags/example_trigger_controller_dag.py
[2023-08-07T10:43:29.341+0000] {processor.py:826} INFO - Processing file /home/airflow/.local/lib/python3.7/site-packages/airflow/example_dags/example_trigger_controller_dag.py for tasks to queue
[2023-08-07T10:43:29.344+0000] {logging_mixin.py:150} INFO - [2023-08-07T10:43:29.342+0000] {dagbag.py:541} INFO - Filling up the DagBag from /home/airflow/.local/lib/python3.7/site-packages/airflow/example_dags/example_trigger_controller_dag.py
[2023-08-07T10:43:29.348+0000] {processor.py:836} INFO - DAG(s) dict_keys(['example_trigger_controller_dag']) retrieved from /home/airflow/.local/lib/python3.7/site-packages/airflow/example_dags/example_trigger_controller_dag.py
[2023-08-07T10:43:33.811+0000] {logging_mixin.py:150} INFO - [2023-08-07T10:43:33.811+0000] {manager.py:504} INFO - Created Permission View: can edit on DAG:example_trigger_controller_dag
[2023-08-07T10:43:33.826+0000] {logging_mixin.py:150} INFO - [2023-08-07T10:43:33.825+0000] {manager.py:504} INFO - Created Permission View: can delete on DAG:example_trigger_controller_dag
[2023-08-07T10:43:33.834+0000] {logging_mixin.py:150} INFO - [2023-08-07T10:43:33.834+0000] {manager.py:504} INFO - Created Permission View: can read on DAG:example_trigger_controller_dag
[2023-08-07T10:43:33.852+0000] {logging_mixin.py:150} INFO - [2023-08-07T10:43:33.852+0000] {dag.py:2742} INFO - Sync 1 DAGs
[2023-08-07T10:43:33.876+0000] {logging_mixin.py:150} INFO - [2023-08-07T10:43:33.876+0000] {dag.py:2763} INFO - Creating ORM DAG for example_trigger_controller_dag
[2023-08-07T10:43:33.902+0000] {logging_mixin.py:150} INFO - [2023-08-07T10:43:33.902+0000] {dag.py:3508} INFO - Setting next_dagrun for example_trigger_controller_dag to 2021-01-01T00:00:00+00:00, run_after=2021-01-01T00:00:00+00:00
[2023-08-07T10:43:33.921+0000] {processor.py:179} INFO - Processing /home/airflow/.local/lib/python3.7/site-packages/airflow/example_dags/example_trigger_controller_dag.py took 4.573 seconds
[2023-08-07T10:44:04.783+0000] {processor.py:157} INFO - Started process (PID=113) to work on /home/airflow/.local/lib/python3.7/site-packages/airflow/example_dags/example_trigger_controller_dag.py
[2023-08-07T10:44:04.784+0000] {processor.py:826} INFO - Processing file /home/airflow/.local/lib/python3.7/site-packages/airflow/example_dags/example_trigger_controller_dag.py for tasks to queue
[2023-08-07T10:44:04.786+0000] {logging_mixin.py:150} INFO - [2023-08-07T10:44:04.785+0000] {dagbag.py:541} INFO - Filling up the DagBag from /home/airflow/.local/lib/python3.7/site-packages/airflow/example_dags/example_trigger_controller_dag.py
[2023-08-07T10:44:04.792+0000] {processor.py:836} INFO - DAG(s) dict_keys(['example_trigger_controller_dag']) retrieved from /home/airflow/.local/lib/python3.7/site-packages/airflow/example_dags/example_trigger_controller_dag.py
[2023-08-07T10:44:04.813+0000] {logging_mixin.py:150} INFO - [2023-08-07T10:44:04.813+0000] {dag.py:2742} INFO - Sync 1 DAGs
[2023-08-07T10:44:04.827+0000] {logging_mixin.py:150} INFO - [2023-08-07T10:44:04.827+0000] {dag.py:3508} INFO - Setting next_dagrun for example_trigger_controller_dag to 2021-01-01T00:00:00+00:00, run_after=2021-01-01T00:00:00+00:00
[2023-08-07T10:44:04.837+0000] {processor.py:179} INFO - Processing /home/airflow/.local/lib/python3.7/site-packages/airflow/example_dags/example_trigger_controller_dag.py took 0.059 seconds
[2023-08-07T10:44:35.149+0000] {processor.py:157} INFO - Started process (PID=171) to work on /home/airflow/.local/lib/python3.7/site-packages/airflow/example_dags/example_trigger_controller_dag.py
[2023-08-07T10:44:35.151+0000] {processor.py:826} INFO - Processing file /home/airflow/.local/lib/python3.7/site-packages/airflow/example_dags/example_trigger_controller_dag.py for tasks to queue
[2023-08-07T10:44:35.153+0000] {logging_mixin.py:150} INFO - [2023-08-07T10:44:35.152+0000] {dagbag.py:541} INFO - Filling up the DagBag from /home/airflow/.local/lib/python3.7/site-packages/airflow/example_dags/example_trigger_controller_dag.py
[2023-08-07T10:44:35.159+0000] {processor.py:836} INFO - DAG(s) dict_keys(['example_trigger_controller_dag']) retrieved from /home/airflow/.local/lib/python3.7/site-packages/airflow/example_dags/example_trigger_controller_dag.py
[2023-08-07T10:44:35.185+0000] {logging_mixin.py:150} INFO - [2023-08-07T10:44:35.185+0000] {dag.py:2742} INFO - Sync 1 DAGs
[2023-08-07T10:44:35.203+0000] {logging_mixin.py:150} INFO - [2023-08-07T10:44:35.203+0000] {dag.py:3508} INFO - Setting next_dagrun for example_trigger_controller_dag to 2021-01-01T00:00:00+00:00, run_after=2021-01-01T00:00:00+00:00
[2023-08-07T10:44:35.214+0000] {processor.py:179} INFO - Processing /home/airflow/.local/lib/python3.7/site-packages/airflow/example_dags/example_trigger_controller_dag.py took 0.069 seconds
[2023-08-07T10:45:05.541+0000] {processor.py:157} INFO - Started process (PID=229) to work on /home/airflow/.local/lib/python3.7/site-packages/airflow/example_dags/example_trigger_controller_dag.py
[2023-08-07T10:45:05.543+0000] {processor.py:826} INFO - Processing file /home/airflow/.local/lib/python3.7/site-packages/airflow/example_dags/example_trigger_controller_dag.py for tasks to queue
[2023-08-07T10:45:05.545+0000] {logging_mixin.py:150} INFO - [2023-08-07T10:45:05.545+0000] {dagbag.py:541} INFO - Filling up the DagBag from /home/airflow/.local/lib/python3.7/site-packages/airflow/example_dags/example_trigger_controller_dag.py
[2023-08-07T10:45:05.552+0000] {processor.py:836} INFO - DAG(s) dict_keys(['example_trigger_controller_dag']) retrieved from /home/airflow/.local/lib/python3.7/site-packages/airflow/example_dags/example_trigger_controller_dag.py
[2023-08-07T10:45:05.575+0000] {logging_mixin.py:150} INFO - [2023-08-07T10:45:05.575+0000] {dag.py:2742} INFO - Sync 1 DAGs
[2023-08-07T10:45:05.589+0000] {logging_mixin.py:150} INFO - [2023-08-07T10:45:05.589+0000] {dag.py:3508} INFO - Setting next_dagrun for example_trigger_controller_dag to 2021-01-01T00:00:00+00:00, run_after=2021-01-01T00:00:00+00:00
[2023-08-07T10:45:05.600+0000] {processor.py:179} INFO - Processing /home/airflow/.local/lib/python3.7/site-packages/airflow/example_dags/example_trigger_controller_dag.py took 0.066 seconds
[2023-08-07T10:45:35.659+0000] {processor.py:157} INFO - Started process (PID=287) to work on /home/airflow/.local/lib/python3.7/site-packages/airflow/example_dags/example_trigger_controller_dag.py
[2023-08-07T10:45:35.662+0000] {processor.py:826} INFO - Processing file /home/airflow/.local/lib/python3.7/site-packages/airflow/example_dags/example_trigger_controller_dag.py for tasks to queue
[2023-08-07T10:45:35.665+0000] {logging_mixin.py:150} INFO - [2023-08-07T10:45:35.664+0000] {dagbag.py:541} INFO - Filling up the DagBag from /home/airflow/.local/lib/python3.7/site-packages/airflow/example_dags/example_trigger_controller_dag.py
[2023-08-07T10:45:35.674+0000] {processor.py:836} INFO - DAG(s) dict_keys(['example_trigger_controller_dag']) retrieved from /home/airflow/.local/lib/python3.7/site-packages/airflow/example_dags/example_trigger_controller_dag.py
[2023-08-07T10:45:35.701+0000] {logging_mixin.py:150} INFO - [2023-08-07T10:45:35.701+0000] {dag.py:2742} INFO - Sync 1 DAGs
[2023-08-07T10:45:35.718+0000] {logging_mixin.py:150} INFO - [2023-08-07T10:45:35.718+0000] {dag.py:3508} INFO - Setting next_dagrun for example_trigger_controller_dag to 2021-01-01T00:00:00+00:00, run_after=2021-01-01T00:00:00+00:00
[2023-08-07T10:45:35.729+0000] {processor.py:179} INFO - Processing /home/airflow/.local/lib/python3.7/site-packages/airflow/example_dags/example_trigger_controller_dag.py took 0.077 seconds
[2023-08-07T10:46:05.878+0000] {processor.py:157} INFO - Started process (PID=345) to work on /home/airflow/.local/lib/python3.7/site-packages/airflow/example_dags/example_trigger_controller_dag.py
[2023-08-07T10:46:05.879+0000] {processor.py:826} INFO - Processing file /home/airflow/.local/lib/python3.7/site-packages/airflow/example_dags/example_trigger_controller_dag.py for tasks to queue
[2023-08-07T10:46:05.881+0000] {logging_mixin.py:150} INFO - [2023-08-07T10:46:05.880+0000] {dagbag.py:541} INFO - Filling up the DagBag from /home/airflow/.local/lib/python3.7/site-packages/airflow/example_dags/example_trigger_controller_dag.py
[2023-08-07T10:46:05.885+0000] {processor.py:836} INFO - DAG(s) dict_keys(['example_trigger_controller_dag']) retrieved from /home/airflow/.local/lib/python3.7/site-packages/airflow/example_dags/example_trigger_controller_dag.py
[2023-08-07T10:46:05.905+0000] {logging_mixin.py:150} INFO - [2023-08-07T10:46:05.905+0000] {dag.py:2742} INFO - Sync 1 DAGs
[2023-08-07T10:46:05.919+0000] {logging_mixin.py:150} INFO - [2023-08-07T10:46:05.919+0000] {dag.py:3508} INFO - Setting next_dagrun for example_trigger_controller_dag to 2021-01-01T00:00:00+00:00, run_after=2021-01-01T00:00:00+00:00
[2023-08-07T10:46:05.929+0000] {processor.py:179} INFO - Processing /home/airflow/.local/lib/python3.7/site-packages/airflow/example_dags/example_trigger_controller_dag.py took 0.055 seconds
[2023-08-07T10:46:36.211+0000] {processor.py:157} INFO - Started process (PID=403) to work on /home/airflow/.local/lib/python3.7/site-packages/airflow/example_dags/example_trigger_controller_dag.py
[2023-08-07T10:46:36.214+0000] {processor.py:826} INFO - Processing file /home/airflow/.local/lib/python3.7/site-packages/airflow/example_dags/example_trigger_controller_dag.py for tasks to queue
[2023-08-07T10:46:36.215+0000] {logging_mixin.py:150} INFO - [2023-08-07T10:46:36.215+0000] {dagbag.py:541} INFO - Filling up the DagBag from /home/airflow/.local/lib/python3.7/site-packages/airflow/example_dags/example_trigger_controller_dag.py
[2023-08-07T10:46:36.222+0000] {processor.py:836} INFO - DAG(s) dict_keys(['example_trigger_controller_dag']) retrieved from /home/airflow/.local/lib/python3.7/site-packages/airflow/example_dags/example_trigger_controller_dag.py
[2023-08-07T10:46:36.245+0000] {logging_mixin.py:150} INFO - [2023-08-07T10:46:36.245+0000] {dag.py:2742} INFO - Sync 1 DAGs
[2023-08-07T10:46:36.260+0000] {logging_mixin.py:150} INFO - [2023-08-07T10:46:36.260+0000] {dag.py:3508} INFO - Setting next_dagrun for example_trigger_controller_dag to 2021-01-01T00:00:00+00:00, run_after=2021-01-01T00:00:00+00:00
[2023-08-07T10:46:36.271+0000] {processor.py:179} INFO - Processing /home/airflow/.local/lib/python3.7/site-packages/airflow/example_dags/example_trigger_controller_dag.py took 0.065 seconds
[2023-08-07T10:47:06.502+0000] {processor.py:157} INFO - Started process (PID=461) to work on /home/airflow/.local/lib/python3.7/site-packages/airflow/example_dags/example_trigger_controller_dag.py
[2023-08-07T10:47:06.505+0000] {processor.py:826} INFO - Processing file /home/airflow/.local/lib/python3.7/site-packages/airflow/example_dags/example_trigger_controller_dag.py for tasks to queue
[2023-08-07T10:47:06.507+0000] {logging_mixin.py:150} INFO - [2023-08-07T10:47:06.506+0000] {dagbag.py:541} INFO - Filling up the DagBag from /home/airflow/.local/lib/python3.7/site-packages/airflow/example_dags/example_trigger_controller_dag.py
[2023-08-07T10:47:06.513+0000] {processor.py:836} INFO - DAG(s) dict_keys(['example_trigger_controller_dag']) retrieved from /home/airflow/.local/lib/python3.7/site-packages/airflow/example_dags/example_trigger_controller_dag.py
[2023-08-07T10:47:06.538+0000] {logging_mixin.py:150} INFO - [2023-08-07T10:47:06.538+0000] {dag.py:2742} INFO - Sync 1 DAGs
[2023-08-07T10:47:06.553+0000] {logging_mixin.py:150} INFO - [2023-08-07T10:47:06.553+0000] {dag.py:3508} INFO - Setting next_dagrun for example_trigger_controller_dag to 2021-01-01T00:00:00+00:00, run_after=2021-01-01T00:00:00+00:00
[2023-08-07T10:47:06.564+0000] {processor.py:179} INFO - Processing /home/airflow/.local/lib/python3.7/site-packages/airflow/example_dags/example_trigger_controller_dag.py took 0.068 seconds
[2023-08-07T10:47:37.589+0000] {processor.py:157} INFO - Started process (PID=519) to work on /home/airflow/.local/lib/python3.7/site-packages/airflow/example_dags/example_trigger_controller_dag.py
[2023-08-07T10:47:37.592+0000] {processor.py:826} INFO - Processing file /home/airflow/.local/lib/python3.7/site-packages/airflow/example_dags/example_trigger_controller_dag.py for tasks to queue
[2023-08-07T10:47:37.595+0000] {logging_mixin.py:150} INFO - [2023-08-07T10:47:37.594+0000] {dagbag.py:541} INFO - Filling up the DagBag from /home/airflow/.local/lib/python3.7/site-packages/airflow/example_dags/example_trigger_controller_dag.py
[2023-08-07T10:47:37.602+0000] {processor.py:836} INFO - DAG(s) dict_keys(['example_trigger_controller_dag']) retrieved from /home/airflow/.local/lib/python3.7/site-packages/airflow/example_dags/example_trigger_controller_dag.py
[2023-08-07T10:47:37.632+0000] {logging_mixin.py:150} INFO - [2023-08-07T10:47:37.632+0000] {dag.py:2742} INFO - Sync 1 DAGs
[2023-08-07T10:47:37.648+0000] {logging_mixin.py:150} INFO - [2023-08-07T10:47:37.648+0000] {dag.py:3508} INFO - Setting next_dagrun for example_trigger_controller_dag to 2021-01-01T00:00:00+00:00, run_after=2021-01-01T00:00:00+00:00
[2023-08-07T10:47:37.661+0000] {processor.py:179} INFO - Processing /home/airflow/.local/lib/python3.7/site-packages/airflow/example_dags/example_trigger_controller_dag.py took 0.079 seconds
[2023-08-07T10:48:07.817+0000] {processor.py:157} INFO - Started process (PID=577) to work on /home/airflow/.local/lib/python3.7/site-packages/airflow/example_dags/example_trigger_controller_dag.py
[2023-08-07T10:48:07.819+0000] {processor.py:826} INFO - Processing file /home/airflow/.local/lib/python3.7/site-packages/airflow/example_dags/example_trigger_controller_dag.py for tasks to queue
[2023-08-07T10:48:07.821+0000] {logging_mixin.py:150} INFO - [2023-08-07T10:48:07.820+0000] {dagbag.py:541} INFO - Filling up the DagBag from /home/airflow/.local/lib/python3.7/site-packages/airflow/example_dags/example_trigger_controller_dag.py
[2023-08-07T10:48:07.827+0000] {processor.py:836} INFO - DAG(s) dict_keys(['example_trigger_controller_dag']) retrieved from /home/airflow/.local/lib/python3.7/site-packages/airflow/example_dags/example_trigger_controller_dag.py
[2023-08-07T10:48:07.854+0000] {logging_mixin.py:150} INFO - [2023-08-07T10:48:07.854+0000] {dag.py:2742} INFO - Sync 1 DAGs
[2023-08-07T10:48:07.871+0000] {logging_mixin.py:150} INFO - [2023-08-07T10:48:07.871+0000] {dag.py:3508} INFO - Setting next_dagrun for example_trigger_controller_dag to 2021-01-01T00:00:00+00:00, run_after=2021-01-01T00:00:00+00:00
[2023-08-07T10:48:07.884+0000] {processor.py:179} INFO - Processing /home/airflow/.local/lib/python3.7/site-packages/airflow/example_dags/example_trigger_controller_dag.py took 0.071 seconds
[2023-08-07T10:48:38.267+0000] {processor.py:157} INFO - Started process (PID=635) to work on /home/airflow/.local/lib/python3.7/site-packages/airflow/example_dags/example_trigger_controller_dag.py
[2023-08-07T10:48:38.269+0000] {processor.py:826} INFO - Processing file /home/airflow/.local/lib/python3.7/site-packages/airflow/example_dags/example_trigger_controller_dag.py for tasks to queue
[2023-08-07T10:48:38.271+0000] {logging_mixin.py:150} INFO - [2023-08-07T10:48:38.271+0000] {dagbag.py:541} INFO - Filling up the DagBag from /home/airflow/.local/lib/python3.7/site-packages/airflow/example_dags/example_trigger_controller_dag.py
[2023-08-07T10:48:38.279+0000] {processor.py:836} INFO - DAG(s) dict_keys(['example_trigger_controller_dag']) retrieved from /home/airflow/.local/lib/python3.7/site-packages/airflow/example_dags/example_trigger_controller_dag.py
[2023-08-07T10:48:38.304+0000] {logging_mixin.py:150} INFO - [2023-08-07T10:48:38.304+0000] {dag.py:2742} INFO - Sync 1 DAGs
[2023-08-07T10:48:38.319+0000] {logging_mixin.py:150} INFO - [2023-08-07T10:48:38.319+0000] {dag.py:3508} INFO - Setting next_dagrun for example_trigger_controller_dag to 2021-01-01T00:00:00+00:00, run_after=2021-01-01T00:00:00+00:00
[2023-08-07T10:48:38.329+0000] {processor.py:179} INFO - Processing /home/airflow/.local/lib/python3.7/site-packages/airflow/example_dags/example_trigger_controller_dag.py took 0.069 seconds
[2023-08-07T10:49:08.490+0000] {processor.py:157} INFO - Started process (PID=694) to work on /home/airflow/.local/lib/python3.7/site-packages/airflow/example_dags/example_trigger_controller_dag.py
[2023-08-07T10:49:08.493+0000] {processor.py:826} INFO - Processing file /home/airflow/.local/lib/python3.7/site-packages/airflow/example_dags/example_trigger_controller_dag.py for tasks to queue
[2023-08-07T10:49:08.494+0000] {logging_mixin.py:150} INFO - [2023-08-07T10:49:08.494+0000] {dagbag.py:541} INFO - Filling up the DagBag from /home/airflow/.local/lib/python3.7/site-packages/airflow/example_dags/example_trigger_controller_dag.py
[2023-08-07T10:49:08.500+0000] {processor.py:836} INFO - DAG(s) dict_keys(['example_trigger_controller_dag']) retrieved from /home/airflow/.local/lib/python3.7/site-packages/airflow/example_dags/example_trigger_controller_dag.py
[2023-08-07T10:49:08.525+0000] {logging_mixin.py:150} INFO - [2023-08-07T10:49:08.524+0000] {dag.py:2742} INFO - Sync 1 DAGs
[2023-08-07T10:49:08.539+0000] {logging_mixin.py:150} INFO - [2023-08-07T10:49:08.539+0000] {dag.py:3508} INFO - Setting next_dagrun for example_trigger_controller_dag to 2021-01-01T00:00:00+00:00, run_after=2021-01-01T00:00:00+00:00
[2023-08-07T10:49:08.549+0000] {processor.py:179} INFO - Processing /home/airflow/.local/lib/python3.7/site-packages/airflow/example_dags/example_trigger_controller_dag.py took 0.067 seconds
[2023-08-07T10:49:38.713+0000] {processor.py:157} INFO - Started process (PID=752) to work on /home/airflow/.local/lib/python3.7/site-packages/airflow/example_dags/example_trigger_controller_dag.py
[2023-08-07T10:49:38.715+0000] {processor.py:826} INFO - Processing file /home/airflow/.local/lib/python3.7/site-packages/airflow/example_dags/example_trigger_controller_dag.py for tasks to queue
[2023-08-07T10:49:38.717+0000] {logging_mixin.py:150} INFO - [2023-08-07T10:49:38.717+0000] {dagbag.py:541} INFO - Filling up the DagBag from /home/airflow/.local/lib/python3.7/site-packages/airflow/example_dags/example_trigger_controller_dag.py
[2023-08-07T10:49:38.725+0000] {processor.py:836} INFO - DAG(s) dict_keys(['example_trigger_controller_dag']) retrieved from /home/airflow/.local/lib/python3.7/site-packages/airflow/example_dags/example_trigger_controller_dag.py
[2023-08-07T10:49:38.751+0000] {logging_mixin.py:150} INFO - [2023-08-07T10:49:38.751+0000] {dag.py:2742} INFO - Sync 1 DAGs
[2023-08-07T10:49:38.766+0000] {logging_mixin.py:150} INFO - [2023-08-07T10:49:38.765+0000] {dag.py:3508} INFO - Setting next_dagrun for example_trigger_controller_dag to 2021-01-01T00:00:00+00:00, run_after=2021-01-01T00:00:00+00:00
[2023-08-07T10:49:38.775+0000] {processor.py:179} INFO - Processing /home/airflow/.local/lib/python3.7/site-packages/airflow/example_dags/example_trigger_controller_dag.py took 0.068 seconds
[2023-08-07T10:50:08.980+0000] {processor.py:157} INFO - Started process (PID=810) to work on /home/airflow/.local/lib/python3.7/site-packages/airflow/example_dags/example_trigger_controller_dag.py
[2023-08-07T10:50:08.982+0000] {processor.py:826} INFO - Processing file /home/airflow/.local/lib/python3.7/site-packages/airflow/example_dags/example_trigger_controller_dag.py for tasks to queue
[2023-08-07T10:50:08.984+0000] {logging_mixin.py:150} INFO - [2023-08-07T10:50:08.983+0000] {dagbag.py:541} INFO - Filling up the DagBag from /home/airflow/.local/lib/python3.7/site-packages/airflow/example_dags/example_trigger_controller_dag.py
[2023-08-07T10:50:08.992+0000] {processor.py:836} INFO - DAG(s) dict_keys(['example_trigger_controller_dag']) retrieved from /home/airflow/.local/lib/python3.7/site-packages/airflow/example_dags/example_trigger_controller_dag.py
[2023-08-07T10:50:09.017+0000] {logging_mixin.py:150} INFO - [2023-08-07T10:50:09.017+0000] {dag.py:2742} INFO - Sync 1 DAGs
[2023-08-07T10:50:09.033+0000] {logging_mixin.py:150} INFO - [2023-08-07T10:50:09.033+0000] {dag.py:3508} INFO - Setting next_dagrun for example_trigger_controller_dag to 2021-01-01T00:00:00+00:00, run_after=2021-01-01T00:00:00+00:00
[2023-08-07T10:50:09.043+0000] {processor.py:179} INFO - Processing /home/airflow/.local/lib/python3.7/site-packages/airflow/example_dags/example_trigger_controller_dag.py took 0.070 seconds
[2023-08-07T10:50:39.251+0000] {processor.py:157} INFO - Started process (PID=867) to work on /home/airflow/.local/lib/python3.7/site-packages/airflow/example_dags/example_trigger_controller_dag.py
[2023-08-07T10:50:39.253+0000] {processor.py:826} INFO - Processing file /home/airflow/.local/lib/python3.7/site-packages/airflow/example_dags/example_trigger_controller_dag.py for tasks to queue
[2023-08-07T10:50:39.255+0000] {logging_mixin.py:150} INFO - [2023-08-07T10:50:39.254+0000] {dagbag.py:541} INFO - Filling up the DagBag from /home/airflow/.local/lib/python3.7/site-packages/airflow/example_dags/example_trigger_controller_dag.py
[2023-08-07T10:50:39.262+0000] {processor.py:836} INFO - DAG(s) dict_keys(['example_trigger_controller_dag']) retrieved from /home/airflow/.local/lib/python3.7/site-packages/airflow/example_dags/example_trigger_controller_dag.py
[2023-08-07T10:50:39.290+0000] {logging_mixin.py:150} INFO - [2023-08-07T10:50:39.290+0000] {dag.py:2742} INFO - Sync 1 DAGs
[2023-08-07T10:50:39.306+0000] {logging_mixin.py:150} INFO - [2023-08-07T10:50:39.306+0000] {dag.py:3508} INFO - Setting next_dagrun for example_trigger_controller_dag to 2021-01-01T00:00:00+00:00, run_after=2021-01-01T00:00:00+00:00
[2023-08-07T10:50:39.316+0000] {processor.py:179} INFO - Processing /home/airflow/.local/lib/python3.7/site-packages/airflow/example_dags/example_trigger_controller_dag.py took 0.071 seconds
[2023-08-07T10:51:09.463+0000] {processor.py:157} INFO - Started process (PID=925) to work on /home/airflow/.local/lib/python3.7/site-packages/airflow/example_dags/example_trigger_controller_dag.py
[2023-08-07T10:51:09.464+0000] {processor.py:826} INFO - Processing file /home/airflow/.local/lib/python3.7/site-packages/airflow/example_dags/example_trigger_controller_dag.py for tasks to queue
[2023-08-07T10:51:09.466+0000] {logging_mixin.py:150} INFO - [2023-08-07T10:51:09.465+0000] {dagbag.py:541} INFO - Filling up the DagBag from /home/airflow/.local/lib/python3.7/site-packages/airflow/example_dags/example_trigger_controller_dag.py
[2023-08-07T10:51:09.471+0000] {processor.py:836} INFO - DAG(s) dict_keys(['example_trigger_controller_dag']) retrieved from /home/airflow/.local/lib/python3.7/site-packages/airflow/example_dags/example_trigger_controller_dag.py
[2023-08-07T10:51:09.494+0000] {logging_mixin.py:150} INFO - [2023-08-07T10:51:09.493+0000] {dag.py:2742} INFO - Sync 1 DAGs
[2023-08-07T10:51:09.508+0000] {logging_mixin.py:150} INFO - [2023-08-07T10:51:09.508+0000] {dag.py:3508} INFO - Setting next_dagrun for example_trigger_controller_dag to 2021-01-01T00:00:00+00:00, run_after=2021-01-01T00:00:00+00:00
[2023-08-07T10:51:09.519+0000] {processor.py:179} INFO - Processing /home/airflow/.local/lib/python3.7/site-packages/airflow/example_dags/example_trigger_controller_dag.py took 0.061 seconds
[2023-08-07T10:51:39.731+0000] {processor.py:157} INFO - Started process (PID=983) to work on /home/airflow/.local/lib/python3.7/site-packages/airflow/example_dags/example_trigger_controller_dag.py
[2023-08-07T10:51:39.733+0000] {processor.py:826} INFO - Processing file /home/airflow/.local/lib/python3.7/site-packages/airflow/example_dags/example_trigger_controller_dag.py for tasks to queue
[2023-08-07T10:51:39.735+0000] {logging_mixin.py:150} INFO - [2023-08-07T10:51:39.734+0000] {dagbag.py:541} INFO - Filling up the DagBag from /home/airflow/.local/lib/python3.7/site-packages/airflow/example_dags/example_trigger_controller_dag.py
[2023-08-07T10:51:39.742+0000] {processor.py:836} INFO - DAG(s) dict_keys(['example_trigger_controller_dag']) retrieved from /home/airflow/.local/lib/python3.7/site-packages/airflow/example_dags/example_trigger_controller_dag.py
[2023-08-07T10:51:39.767+0000] {logging_mixin.py:150} INFO - [2023-08-07T10:51:39.767+0000] {dag.py:2742} INFO - Sync 1 DAGs
[2023-08-07T10:51:39.782+0000] {logging_mixin.py:150} INFO - [2023-08-07T10:51:39.782+0000] {dag.py:3508} INFO - Setting next_dagrun for example_trigger_controller_dag to 2021-01-01T00:00:00+00:00, run_after=2021-01-01T00:00:00+00:00
[2023-08-07T10:51:39.793+0000] {processor.py:179} INFO - Processing /home/airflow/.local/lib/python3.7/site-packages/airflow/example_dags/example_trigger_controller_dag.py took 0.069 seconds
[2023-08-07T10:52:09.990+0000] {processor.py:157} INFO - Started process (PID=1041) to work on /home/airflow/.local/lib/python3.7/site-packages/airflow/example_dags/example_trigger_controller_dag.py
[2023-08-07T10:52:09.993+0000] {processor.py:826} INFO - Processing file /home/airflow/.local/lib/python3.7/site-packages/airflow/example_dags/example_trigger_controller_dag.py for tasks to queue
[2023-08-07T10:52:09.995+0000] {logging_mixin.py:150} INFO - [2023-08-07T10:52:09.994+0000] {dagbag.py:541} INFO - Filling up the DagBag from /home/airflow/.local/lib/python3.7/site-packages/airflow/example_dags/example_trigger_controller_dag.py
[2023-08-07T10:52:10.002+0000] {processor.py:836} INFO - DAG(s) dict_keys(['example_trigger_controller_dag']) retrieved from /home/airflow/.local/lib/python3.7/site-packages/airflow/example_dags/example_trigger_controller_dag.py
[2023-08-07T10:52:10.026+0000] {logging_mixin.py:150} INFO - [2023-08-07T10:52:10.026+0000] {dag.py:2742} INFO - Sync 1 DAGs
[2023-08-07T10:52:10.041+0000] {logging_mixin.py:150} INFO - [2023-08-07T10:52:10.041+0000] {dag.py:3508} INFO - Setting next_dagrun for example_trigger_controller_dag to 2021-01-01T00:00:00+00:00, run_after=2021-01-01T00:00:00+00:00
[2023-08-07T10:52:10.052+0000] {processor.py:179} INFO - Processing /home/airflow/.local/lib/python3.7/site-packages/airflow/example_dags/example_trigger_controller_dag.py took 0.068 seconds
[2023-08-07T10:52:40.323+0000] {processor.py:157} INFO - Started process (PID=1099) to work on /home/airflow/.local/lib/python3.7/site-packages/airflow/example_dags/example_trigger_controller_dag.py
[2023-08-07T10:52:40.324+0000] {processor.py:826} INFO - Processing file /home/airflow/.local/lib/python3.7/site-packages/airflow/example_dags/example_trigger_controller_dag.py for tasks to queue
[2023-08-07T10:52:40.325+0000] {logging_mixin.py:150} INFO - [2023-08-07T10:52:40.325+0000] {dagbag.py:541} INFO - Filling up the DagBag from /home/airflow/.local/lib/python3.7/site-packages/airflow/example_dags/example_trigger_controller_dag.py
[2023-08-07T10:52:40.331+0000] {processor.py:836} INFO - DAG(s) dict_keys(['example_trigger_controller_dag']) retrieved from /home/airflow/.local/lib/python3.7/site-packages/airflow/example_dags/example_trigger_controller_dag.py
[2023-08-07T10:52:40.353+0000] {logging_mixin.py:150} INFO - [2023-08-07T10:52:40.353+0000] {dag.py:2742} INFO - Sync 1 DAGs
[2023-08-07T10:52:40.367+0000] {logging_mixin.py:150} INFO - [2023-08-07T10:52:40.367+0000] {dag.py:3508} INFO - Setting next_dagrun for example_trigger_controller_dag to 2021-01-01T00:00:00+00:00, run_after=2021-01-01T00:00:00+00:00
[2023-08-07T10:52:40.377+0000] {processor.py:179} INFO - Processing /home/airflow/.local/lib/python3.7/site-packages/airflow/example_dags/example_trigger_controller_dag.py took 0.059 seconds
[2023-08-07T10:53:10.591+0000] {processor.py:157} INFO - Started process (PID=1157) to work on /home/airflow/.local/lib/python3.7/site-packages/airflow/example_dags/example_trigger_controller_dag.py
[2023-08-07T10:53:10.592+0000] {processor.py:826} INFO - Processing file /home/airflow/.local/lib/python3.7/site-packages/airflow/example_dags/example_trigger_controller_dag.py for tasks to queue
[2023-08-07T10:53:10.593+0000] {logging_mixin.py:150} INFO - [2023-08-07T10:53:10.592+0000] {dagbag.py:541} INFO - Filling up the DagBag from /home/airflow/.local/lib/python3.7/site-packages/airflow/example_dags/example_trigger_controller_dag.py
[2023-08-07T10:53:10.596+0000] {processor.py:836} INFO - DAG(s) dict_keys(['example_trigger_controller_dag']) retrieved from /home/airflow/.local/lib/python3.7/site-packages/airflow/example_dags/example_trigger_controller_dag.py
[2023-08-07T10:53:10.614+0000] {logging_mixin.py:150} INFO - [2023-08-07T10:53:10.614+0000] {dag.py:2742} INFO - Sync 1 DAGs
[2023-08-07T10:53:10.628+0000] {logging_mixin.py:150} INFO - [2023-08-07T10:53:10.628+0000] {dag.py:3508} INFO - Setting next_dagrun for example_trigger_controller_dag to 2021-01-01T00:00:00+00:00, run_after=2021-01-01T00:00:00+00:00
[2023-08-07T10:53:10.639+0000] {processor.py:179} INFO - Processing /home/airflow/.local/lib/python3.7/site-packages/airflow/example_dags/example_trigger_controller_dag.py took 0.051 seconds
[2023-08-07T10:53:40.863+0000] {processor.py:157} INFO - Started process (PID=1215) to work on /home/airflow/.local/lib/python3.7/site-packages/airflow/example_dags/example_trigger_controller_dag.py
[2023-08-07T10:53:40.868+0000] {processor.py:826} INFO - Processing file /home/airflow/.local/lib/python3.7/site-packages/airflow/example_dags/example_trigger_controller_dag.py for tasks to queue
[2023-08-07T10:53:40.870+0000] {logging_mixin.py:150} INFO - [2023-08-07T10:53:40.870+0000] {dagbag.py:541} INFO - Filling up the DagBag from /home/airflow/.local/lib/python3.7/site-packages/airflow/example_dags/example_trigger_controller_dag.py
[2023-08-07T10:53:40.878+0000] {processor.py:836} INFO - DAG(s) dict_keys(['example_trigger_controller_dag']) retrieved from /home/airflow/.local/lib/python3.7/site-packages/airflow/example_dags/example_trigger_controller_dag.py
[2023-08-07T10:53:40.901+0000] {logging_mixin.py:150} INFO - [2023-08-07T10:53:40.901+0000] {dag.py:2742} INFO - Sync 1 DAGs
[2023-08-07T10:53:40.916+0000] {logging_mixin.py:150} INFO - [2023-08-07T10:53:40.916+0000] {dag.py:3508} INFO - Setting next_dagrun for example_trigger_controller_dag to 2021-01-01T00:00:00+00:00, run_after=2021-01-01T00:00:00+00:00
[2023-08-07T10:53:40.927+0000] {processor.py:179} INFO - Processing /home/airflow/.local/lib/python3.7/site-packages/airflow/example_dags/example_trigger_controller_dag.py took 0.070 seconds
[2023-08-07T10:54:11.125+0000] {processor.py:157} INFO - Started process (PID=1273) to work on /home/airflow/.local/lib/python3.7/site-packages/airflow/example_dags/example_trigger_controller_dag.py
[2023-08-07T10:54:11.128+0000] {processor.py:826} INFO - Processing file /home/airflow/.local/lib/python3.7/site-packages/airflow/example_dags/example_trigger_controller_dag.py for tasks to queue
[2023-08-07T10:54:11.130+0000] {logging_mixin.py:150} INFO - [2023-08-07T10:54:11.129+0000] {dagbag.py:541} INFO - Filling up the DagBag from /home/airflow/.local/lib/python3.7/site-packages/airflow/example_dags/example_trigger_controller_dag.py
[2023-08-07T10:54:11.137+0000] {processor.py:836} INFO - DAG(s) dict_keys(['example_trigger_controller_dag']) retrieved from /home/airflow/.local/lib/python3.7/site-packages/airflow/example_dags/example_trigger_controller_dag.py
[2023-08-07T10:54:11.163+0000] {logging_mixin.py:150} INFO - [2023-08-07T10:54:11.163+0000] {dag.py:2742} INFO - Sync 1 DAGs
[2023-08-07T10:54:11.178+0000] {logging_mixin.py:150} INFO - [2023-08-07T10:54:11.178+0000] {dag.py:3508} INFO - Setting next_dagrun for example_trigger_controller_dag to 2021-01-01T00:00:00+00:00, run_after=2021-01-01T00:00:00+00:00
[2023-08-07T10:54:11.188+0000] {processor.py:179} INFO - Processing /home/airflow/.local/lib/python3.7/site-packages/airflow/example_dags/example_trigger_controller_dag.py took 0.069 seconds
[2023-08-07T10:54:41.380+0000] {processor.py:157} INFO - Started process (PID=1331) to work on /home/airflow/.local/lib/python3.7/site-packages/airflow/example_dags/example_trigger_controller_dag.py
[2023-08-07T10:54:41.382+0000] {processor.py:826} INFO - Processing file /home/airflow/.local/lib/python3.7/site-packages/airflow/example_dags/example_trigger_controller_dag.py for tasks to queue
[2023-08-07T10:54:41.383+0000] {logging_mixin.py:150} INFO - [2023-08-07T10:54:41.383+0000] {dagbag.py:541} INFO - Filling up the DagBag from /home/airflow/.local/lib/python3.7/site-packages/airflow/example_dags/example_trigger_controller_dag.py
[2023-08-07T10:54:41.391+0000] {processor.py:836} INFO - DAG(s) dict_keys(['example_trigger_controller_dag']) retrieved from /home/airflow/.local/lib/python3.7/site-packages/airflow/example_dags/example_trigger_controller_dag.py
[2023-08-07T10:54:41.417+0000] {logging_mixin.py:150} INFO - [2023-08-07T10:54:41.417+0000] {dag.py:2742} INFO - Sync 1 DAGs
[2023-08-07T10:54:41.432+0000] {logging_mixin.py:150} INFO - [2023-08-07T10:54:41.432+0000] {dag.py:3508} INFO - Setting next_dagrun for example_trigger_controller_dag to 2021-01-01T00:00:00+00:00, run_after=2021-01-01T00:00:00+00:00
[2023-08-07T10:54:41.442+0000] {processor.py:179} INFO - Processing /home/airflow/.local/lib/python3.7/site-packages/airflow/example_dags/example_trigger_controller_dag.py took 0.069 seconds
[2023-08-07T10:55:11.641+0000] {processor.py:157} INFO - Started process (PID=1389) to work on /home/airflow/.local/lib/python3.7/site-packages/airflow/example_dags/example_trigger_controller_dag.py
[2023-08-07T10:55:11.642+0000] {processor.py:826} INFO - Processing file /home/airflow/.local/lib/python3.7/site-packages/airflow/example_dags/example_trigger_controller_dag.py for tasks to queue
[2023-08-07T10:55:11.644+0000] {logging_mixin.py:150} INFO - [2023-08-07T10:55:11.644+0000] {dagbag.py:541} INFO - Filling up the DagBag from /home/airflow/.local/lib/python3.7/site-packages/airflow/example_dags/example_trigger_controller_dag.py
[2023-08-07T10:55:11.651+0000] {processor.py:836} INFO - DAG(s) dict_keys(['example_trigger_controller_dag']) retrieved from /home/airflow/.local/lib/python3.7/site-packages/airflow/example_dags/example_trigger_controller_dag.py
[2023-08-07T10:55:11.674+0000] {logging_mixin.py:150} INFO - [2023-08-07T10:55:11.674+0000] {dag.py:2742} INFO - Sync 1 DAGs
[2023-08-07T10:55:11.688+0000] {logging_mixin.py:150} INFO - [2023-08-07T10:55:11.688+0000] {dag.py:3508} INFO - Setting next_dagrun for example_trigger_controller_dag to 2021-01-01T00:00:00+00:00, run_after=2021-01-01T00:00:00+00:00
[2023-08-07T10:55:11.699+0000] {processor.py:179} INFO - Processing /home/airflow/.local/lib/python3.7/site-packages/airflow/example_dags/example_trigger_controller_dag.py took 0.064 seconds
[2023-08-07T10:55:41.919+0000] {processor.py:157} INFO - Started process (PID=1447) to work on /home/airflow/.local/lib/python3.7/site-packages/airflow/example_dags/example_trigger_controller_dag.py
[2023-08-07T10:55:41.921+0000] {processor.py:826} INFO - Processing file /home/airflow/.local/lib/python3.7/site-packages/airflow/example_dags/example_trigger_controller_dag.py for tasks to queue
[2023-08-07T10:55:41.923+0000] {logging_mixin.py:150} INFO - [2023-08-07T10:55:41.922+0000] {dagbag.py:541} INFO - Filling up the DagBag from /home/airflow/.local/lib/python3.7/site-packages/airflow/example_dags/example_trigger_controller_dag.py
[2023-08-07T10:55:41.930+0000] {processor.py:836} INFO - DAG(s) dict_keys(['example_trigger_controller_dag']) retrieved from /home/airflow/.local/lib/python3.7/site-packages/airflow/example_dags/example_trigger_controller_dag.py
[2023-08-07T10:55:41.953+0000] {logging_mixin.py:150} INFO - [2023-08-07T10:55:41.953+0000] {dag.py:2742} INFO - Sync 1 DAGs
[2023-08-07T10:55:41.968+0000] {logging_mixin.py:150} INFO - [2023-08-07T10:55:41.968+0000] {dag.py:3508} INFO - Setting next_dagrun for example_trigger_controller_dag to 2021-01-01T00:00:00+00:00, run_after=2021-01-01T00:00:00+00:00
[2023-08-07T10:55:41.978+0000] {processor.py:179} INFO - Processing /home/airflow/.local/lib/python3.7/site-packages/airflow/example_dags/example_trigger_controller_dag.py took 0.067 seconds
[2023-08-07T10:56:12.278+0000] {processor.py:157} INFO - Started process (PID=1505) to work on /home/airflow/.local/lib/python3.7/site-packages/airflow/example_dags/example_trigger_controller_dag.py
[2023-08-07T10:56:12.280+0000] {processor.py:826} INFO - Processing file /home/airflow/.local/lib/python3.7/site-packages/airflow/example_dags/example_trigger_controller_dag.py for tasks to queue
[2023-08-07T10:56:12.281+0000] {logging_mixin.py:150} INFO - [2023-08-07T10:56:12.281+0000] {dagbag.py:541} INFO - Filling up the DagBag from /home/airflow/.local/lib/python3.7/site-packages/airflow/example_dags/example_trigger_controller_dag.py
[2023-08-07T10:56:12.287+0000] {processor.py:836} INFO - DAG(s) dict_keys(['example_trigger_controller_dag']) retrieved from /home/airflow/.local/lib/python3.7/site-packages/airflow/example_dags/example_trigger_controller_dag.py
[2023-08-07T10:56:12.311+0000] {logging_mixin.py:150} INFO - [2023-08-07T10:56:12.311+0000] {dag.py:2742} INFO - Sync 1 DAGs
[2023-08-07T10:56:12.325+0000] {logging_mixin.py:150} INFO - [2023-08-07T10:56:12.325+0000] {dag.py:3508} INFO - Setting next_dagrun for example_trigger_controller_dag to 2021-01-01T00:00:00+00:00, run_after=2021-01-01T00:00:00+00:00
[2023-08-07T10:56:12.335+0000] {processor.py:179} INFO - Processing /home/airflow/.local/lib/python3.7/site-packages/airflow/example_dags/example_trigger_controller_dag.py took 0.064 seconds
[2023-08-07T10:56:42.567+0000] {processor.py:157} INFO - Started process (PID=1563) to work on /home/airflow/.local/lib/python3.7/site-packages/airflow/example_dags/example_trigger_controller_dag.py
[2023-08-07T10:56:42.568+0000] {processor.py:826} INFO - Processing file /home/airflow/.local/lib/python3.7/site-packages/airflow/example_dags/example_trigger_controller_dag.py for tasks to queue
[2023-08-07T10:56:42.569+0000] {logging_mixin.py:150} INFO - [2023-08-07T10:56:42.569+0000] {dagbag.py:541} INFO - Filling up the DagBag from /home/airflow/.local/lib/python3.7/site-packages/airflow/example_dags/example_trigger_controller_dag.py
[2023-08-07T10:56:42.573+0000] {processor.py:836} INFO - DAG(s) dict_keys(['example_trigger_controller_dag']) retrieved from /home/airflow/.local/lib/python3.7/site-packages/airflow/example_dags/example_trigger_controller_dag.py
[2023-08-07T10:56:42.596+0000] {logging_mixin.py:150} INFO - [2023-08-07T10:56:42.596+0000] {dag.py:2742} INFO - Sync 1 DAGs
[2023-08-07T10:56:42.613+0000] {logging_mixin.py:150} INFO - [2023-08-07T10:56:42.613+0000] {dag.py:3508} INFO - Setting next_dagrun for example_trigger_controller_dag to 2021-01-01T00:00:00+00:00, run_after=2021-01-01T00:00:00+00:00
[2023-08-07T10:56:42.626+0000] {processor.py:179} INFO - Processing /home/airflow/.local/lib/python3.7/site-packages/airflow/example_dags/example_trigger_controller_dag.py took 0.064 seconds
[2023-08-07T10:57:12.999+0000] {processor.py:157} INFO - Started process (PID=1620) to work on /home/airflow/.local/lib/python3.7/site-packages/airflow/example_dags/example_trigger_controller_dag.py
[2023-08-07T10:57:13.002+0000] {processor.py:826} INFO - Processing file /home/airflow/.local/lib/python3.7/site-packages/airflow/example_dags/example_trigger_controller_dag.py for tasks to queue
[2023-08-07T10:57:13.004+0000] {logging_mixin.py:150} INFO - [2023-08-07T10:57:13.003+0000] {dagbag.py:541} INFO - Filling up the DagBag from /home/airflow/.local/lib/python3.7/site-packages/airflow/example_dags/example_trigger_controller_dag.py
[2023-08-07T10:57:13.010+0000] {processor.py:836} INFO - DAG(s) dict_keys(['example_trigger_controller_dag']) retrieved from /home/airflow/.local/lib/python3.7/site-packages/airflow/example_dags/example_trigger_controller_dag.py
[2023-08-07T10:57:13.034+0000] {logging_mixin.py:150} INFO - [2023-08-07T10:57:13.033+0000] {dag.py:2742} INFO - Sync 1 DAGs
[2023-08-07T10:57:13.049+0000] {logging_mixin.py:150} INFO - [2023-08-07T10:57:13.049+0000] {dag.py:3508} INFO - Setting next_dagrun for example_trigger_controller_dag to 2021-01-01T00:00:00+00:00, run_after=2021-01-01T00:00:00+00:00
[2023-08-07T10:57:13.060+0000] {processor.py:179} INFO - Processing /home/airflow/.local/lib/python3.7/site-packages/airflow/example_dags/example_trigger_controller_dag.py took 0.067 seconds
[2023-08-07T10:57:43.258+0000] {processor.py:157} INFO - Started process (PID=1678) to work on /home/airflow/.local/lib/python3.7/site-packages/airflow/example_dags/example_trigger_controller_dag.py
[2023-08-07T10:57:43.260+0000] {processor.py:826} INFO - Processing file /home/airflow/.local/lib/python3.7/site-packages/airflow/example_dags/example_trigger_controller_dag.py for tasks to queue
[2023-08-07T10:57:43.261+0000] {logging_mixin.py:150} INFO - [2023-08-07T10:57:43.261+0000] {dagbag.py:541} INFO - Filling up the DagBag from /home/airflow/.local/lib/python3.7/site-packages/airflow/example_dags/example_trigger_controller_dag.py
[2023-08-07T10:57:43.267+0000] {processor.py:836} INFO - DAG(s) dict_keys(['example_trigger_controller_dag']) retrieved from /home/airflow/.local/lib/python3.7/site-packages/airflow/example_dags/example_trigger_controller_dag.py
[2023-08-07T10:57:43.290+0000] {logging_mixin.py:150} INFO - [2023-08-07T10:57:43.290+0000] {dag.py:2742} INFO - Sync 1 DAGs
[2023-08-07T10:57:43.305+0000] {logging_mixin.py:150} INFO - [2023-08-07T10:57:43.305+0000] {dag.py:3508} INFO - Setting next_dagrun for example_trigger_controller_dag to 2021-01-01T00:00:00+00:00, run_after=2021-01-01T00:00:00+00:00
[2023-08-07T10:57:43.316+0000] {processor.py:179} INFO - Processing /home/airflow/.local/lib/python3.7/site-packages/airflow/example_dags/example_trigger_controller_dag.py took 0.063 seconds
[2023-08-07T10:58:13.477+0000] {processor.py:157} INFO - Started process (PID=1736) to work on /home/airflow/.local/lib/python3.7/site-packages/airflow/example_dags/example_trigger_controller_dag.py
[2023-08-07T10:58:13.479+0000] {processor.py:826} INFO - Processing file /home/airflow/.local/lib/python3.7/site-packages/airflow/example_dags/example_trigger_controller_dag.py for tasks to queue
[2023-08-07T10:58:13.480+0000] {logging_mixin.py:150} INFO - [2023-08-07T10:58:13.480+0000] {dagbag.py:541} INFO - Filling up the DagBag from /home/airflow/.local/lib/python3.7/site-packages/airflow/example_dags/example_trigger_controller_dag.py
[2023-08-07T10:58:13.488+0000] {processor.py:836} INFO - DAG(s) dict_keys(['example_trigger_controller_dag']) retrieved from /home/airflow/.local/lib/python3.7/site-packages/airflow/example_dags/example_trigger_controller_dag.py
[2023-08-07T10:58:13.514+0000] {logging_mixin.py:150} INFO - [2023-08-07T10:58:13.514+0000] {dag.py:2742} INFO - Sync 1 DAGs
[2023-08-07T10:58:13.530+0000] {logging_mixin.py:150} INFO - [2023-08-07T10:58:13.529+0000] {dag.py:3508} INFO - Setting next_dagrun for example_trigger_controller_dag to 2021-01-01T00:00:00+00:00, run_after=2021-01-01T00:00:00+00:00
[2023-08-07T10:58:13.541+0000] {processor.py:179} INFO - Processing /home/airflow/.local/lib/python3.7/site-packages/airflow/example_dags/example_trigger_controller_dag.py took 0.070 seconds
[2023-08-07T10:58:43.810+0000] {processor.py:157} INFO - Started process (PID=1795) to work on /home/airflow/.local/lib/python3.7/site-packages/airflow/example_dags/example_trigger_controller_dag.py
[2023-08-07T10:58:43.812+0000] {processor.py:826} INFO - Processing file /home/airflow/.local/lib/python3.7/site-packages/airflow/example_dags/example_trigger_controller_dag.py for tasks to queue
[2023-08-07T10:58:43.815+0000] {logging_mixin.py:150} INFO - [2023-08-07T10:58:43.814+0000] {dagbag.py:541} INFO - Filling up the DagBag from /home/airflow/.local/lib/python3.7/site-packages/airflow/example_dags/example_trigger_controller_dag.py
[2023-08-07T10:58:43.822+0000] {processor.py:836} INFO - DAG(s) dict_keys(['example_trigger_controller_dag']) retrieved from /home/airflow/.local/lib/python3.7/site-packages/airflow/example_dags/example_trigger_controller_dag.py
[2023-08-07T10:58:43.846+0000] {logging_mixin.py:150} INFO - [2023-08-07T10:58:43.846+0000] {dag.py:2742} INFO - Sync 1 DAGs
[2023-08-07T10:58:43.861+0000] {logging_mixin.py:150} INFO - [2023-08-07T10:58:43.861+0000] {dag.py:3508} INFO - Setting next_dagrun for example_trigger_controller_dag to 2021-01-01T00:00:00+00:00, run_after=2021-01-01T00:00:00+00:00
[2023-08-07T10:58:43.874+0000] {processor.py:179} INFO - Processing /home/airflow/.local/lib/python3.7/site-packages/airflow/example_dags/example_trigger_controller_dag.py took 0.070 seconds
[2023-08-07T10:59:14.115+0000] {processor.py:157} INFO - Started process (PID=1853) to work on /home/airflow/.local/lib/python3.7/site-packages/airflow/example_dags/example_trigger_controller_dag.py
[2023-08-07T10:59:14.117+0000] {processor.py:826} INFO - Processing file /home/airflow/.local/lib/python3.7/site-packages/airflow/example_dags/example_trigger_controller_dag.py for tasks to queue
[2023-08-07T10:59:14.119+0000] {logging_mixin.py:150} INFO - [2023-08-07T10:59:14.119+0000] {dagbag.py:541} INFO - Filling up the DagBag from /home/airflow/.local/lib/python3.7/site-packages/airflow/example_dags/example_trigger_controller_dag.py
[2023-08-07T10:59:14.127+0000] {processor.py:836} INFO - DAG(s) dict_keys(['example_trigger_controller_dag']) retrieved from /home/airflow/.local/lib/python3.7/site-packages/airflow/example_dags/example_trigger_controller_dag.py
[2023-08-07T10:59:14.153+0000] {logging_mixin.py:150} INFO - [2023-08-07T10:59:14.152+0000] {dag.py:2742} INFO - Sync 1 DAGs
[2023-08-07T10:59:14.168+0000] {logging_mixin.py:150} INFO - [2023-08-07T10:59:14.168+0000] {dag.py:3508} INFO - Setting next_dagrun for example_trigger_controller_dag to 2021-01-01T00:00:00+00:00, run_after=2021-01-01T00:00:00+00:00
[2023-08-07T10:59:14.178+0000] {processor.py:179} INFO - Processing /home/airflow/.local/lib/python3.7/site-packages/airflow/example_dags/example_trigger_controller_dag.py took 0.070 seconds
[2023-08-07T10:59:44.410+0000] {processor.py:157} INFO - Started process (PID=1911) to work on /home/airflow/.local/lib/python3.7/site-packages/airflow/example_dags/example_trigger_controller_dag.py
[2023-08-07T10:59:44.412+0000] {processor.py:826} INFO - Processing file /home/airflow/.local/lib/python3.7/site-packages/airflow/example_dags/example_trigger_controller_dag.py for tasks to queue
[2023-08-07T10:59:44.414+0000] {logging_mixin.py:150} INFO - [2023-08-07T10:59:44.413+0000] {dagbag.py:541} INFO - Filling up the DagBag from /home/airflow/.local/lib/python3.7/site-packages/airflow/example_dags/example_trigger_controller_dag.py
[2023-08-07T10:59:44.421+0000] {processor.py:836} INFO - DAG(s) dict_keys(['example_trigger_controller_dag']) retrieved from /home/airflow/.local/lib/python3.7/site-packages/airflow/example_dags/example_trigger_controller_dag.py
[2023-08-07T10:59:44.447+0000] {logging_mixin.py:150} INFO - [2023-08-07T10:59:44.447+0000] {dag.py:2742} INFO - Sync 1 DAGs
[2023-08-07T10:59:44.461+0000] {logging_mixin.py:150} INFO - [2023-08-07T10:59:44.461+0000] {dag.py:3508} INFO - Setting next_dagrun for example_trigger_controller_dag to 2021-01-01T00:00:00+00:00, run_after=2021-01-01T00:00:00+00:00
[2023-08-07T10:59:44.472+0000] {processor.py:179} INFO - Processing /home/airflow/.local/lib/python3.7/site-packages/airflow/example_dags/example_trigger_controller_dag.py took 0.068 seconds
[2023-08-07T11:00:14.657+0000] {processor.py:157} INFO - Started process (PID=1969) to work on /home/airflow/.local/lib/python3.7/site-packages/airflow/example_dags/example_trigger_controller_dag.py
[2023-08-07T11:00:14.659+0000] {processor.py:826} INFO - Processing file /home/airflow/.local/lib/python3.7/site-packages/airflow/example_dags/example_trigger_controller_dag.py for tasks to queue
[2023-08-07T11:00:14.661+0000] {logging_mixin.py:150} INFO - [2023-08-07T11:00:14.661+0000] {dagbag.py:541} INFO - Filling up the DagBag from /home/airflow/.local/lib/python3.7/site-packages/airflow/example_dags/example_trigger_controller_dag.py
[2023-08-07T11:00:14.668+0000] {processor.py:836} INFO - DAG(s) dict_keys(['example_trigger_controller_dag']) retrieved from /home/airflow/.local/lib/python3.7/site-packages/airflow/example_dags/example_trigger_controller_dag.py
[2023-08-07T11:00:14.695+0000] {logging_mixin.py:150} INFO - [2023-08-07T11:00:14.695+0000] {dag.py:2742} INFO - Sync 1 DAGs
[2023-08-07T11:00:14.710+0000] {logging_mixin.py:150} INFO - [2023-08-07T11:00:14.710+0000] {dag.py:3508} INFO - Setting next_dagrun for example_trigger_controller_dag to 2021-01-01T00:00:00+00:00, run_after=2021-01-01T00:00:00+00:00
[2023-08-07T11:00:14.721+0000] {processor.py:179} INFO - Processing /home/airflow/.local/lib/python3.7/site-packages/airflow/example_dags/example_trigger_controller_dag.py took 0.071 seconds
[2023-08-07T11:00:44.992+0000] {processor.py:157} INFO - Started process (PID=2027) to work on /home/airflow/.local/lib/python3.7/site-packages/airflow/example_dags/example_trigger_controller_dag.py
[2023-08-07T11:00:44.995+0000] {processor.py:826} INFO - Processing file /home/airflow/.local/lib/python3.7/site-packages/airflow/example_dags/example_trigger_controller_dag.py for tasks to queue
[2023-08-07T11:00:44.997+0000] {logging_mixin.py:150} INFO - [2023-08-07T11:00:44.997+0000] {dagbag.py:541} INFO - Filling up the DagBag from /home/airflow/.local/lib/python3.7/site-packages/airflow/example_dags/example_trigger_controller_dag.py
[2023-08-07T11:00:45.004+0000] {processor.py:836} INFO - DAG(s) dict_keys(['example_trigger_controller_dag']) retrieved from /home/airflow/.local/lib/python3.7/site-packages/airflow/example_dags/example_trigger_controller_dag.py
[2023-08-07T11:00:45.029+0000] {logging_mixin.py:150} INFO - [2023-08-07T11:00:45.029+0000] {dag.py:2742} INFO - Sync 1 DAGs
[2023-08-07T11:00:45.044+0000] {logging_mixin.py:150} INFO - [2023-08-07T11:00:45.044+0000] {dag.py:3508} INFO - Setting next_dagrun for example_trigger_controller_dag to 2021-01-01T00:00:00+00:00, run_after=2021-01-01T00:00:00+00:00
[2023-08-07T11:00:45.055+0000] {processor.py:179} INFO - Processing /home/airflow/.local/lib/python3.7/site-packages/airflow/example_dags/example_trigger_controller_dag.py took 0.070 seconds
[2023-08-07T11:01:15.385+0000] {processor.py:157} INFO - Started process (PID=2085) to work on /home/airflow/.local/lib/python3.7/site-packages/airflow/example_dags/example_trigger_controller_dag.py
[2023-08-07T11:01:15.387+0000] {processor.py:826} INFO - Processing file /home/airflow/.local/lib/python3.7/site-packages/airflow/example_dags/example_trigger_controller_dag.py for tasks to queue
[2023-08-07T11:01:15.389+0000] {logging_mixin.py:150} INFO - [2023-08-07T11:01:15.388+0000] {dagbag.py:541} INFO - Filling up the DagBag from /home/airflow/.local/lib/python3.7/site-packages/airflow/example_dags/example_trigger_controller_dag.py
[2023-08-07T11:01:15.396+0000] {processor.py:836} INFO - DAG(s) dict_keys(['example_trigger_controller_dag']) retrieved from /home/airflow/.local/lib/python3.7/site-packages/airflow/example_dags/example_trigger_controller_dag.py
[2023-08-07T11:01:15.422+0000] {logging_mixin.py:150} INFO - [2023-08-07T11:01:15.422+0000] {dag.py:2742} INFO - Sync 1 DAGs
[2023-08-07T11:01:15.438+0000] {logging_mixin.py:150} INFO - [2023-08-07T11:01:15.437+0000] {dag.py:3508} INFO - Setting next_dagrun for example_trigger_controller_dag to 2021-01-01T00:00:00+00:00, run_after=2021-01-01T00:00:00+00:00
[2023-08-07T11:01:15.448+0000] {processor.py:179} INFO - Processing /home/airflow/.local/lib/python3.7/site-packages/airflow/example_dags/example_trigger_controller_dag.py took 0.070 seconds
[2023-08-07T11:01:45.728+0000] {processor.py:157} INFO - Started process (PID=2143) to work on /home/airflow/.local/lib/python3.7/site-packages/airflow/example_dags/example_trigger_controller_dag.py
[2023-08-07T11:01:45.730+0000] {processor.py:826} INFO - Processing file /home/airflow/.local/lib/python3.7/site-packages/airflow/example_dags/example_trigger_controller_dag.py for tasks to queue
[2023-08-07T11:01:45.731+0000] {logging_mixin.py:150} INFO - [2023-08-07T11:01:45.731+0000] {dagbag.py:541} INFO - Filling up the DagBag from /home/airflow/.local/lib/python3.7/site-packages/airflow/example_dags/example_trigger_controller_dag.py
[2023-08-07T11:01:45.739+0000] {processor.py:836} INFO - DAG(s) dict_keys(['example_trigger_controller_dag']) retrieved from /home/airflow/.local/lib/python3.7/site-packages/airflow/example_dags/example_trigger_controller_dag.py
[2023-08-07T11:01:45.770+0000] {logging_mixin.py:150} INFO - [2023-08-07T11:01:45.769+0000] {dag.py:2742} INFO - Sync 1 DAGs
[2023-08-07T11:01:45.784+0000] {logging_mixin.py:150} INFO - [2023-08-07T11:01:45.784+0000] {dag.py:3508} INFO - Setting next_dagrun for example_trigger_controller_dag to 2021-01-01T00:00:00+00:00, run_after=2021-01-01T00:00:00+00:00
[2023-08-07T11:01:45.795+0000] {processor.py:179} INFO - Processing /home/airflow/.local/lib/python3.7/site-packages/airflow/example_dags/example_trigger_controller_dag.py took 0.073 seconds
[2023-08-07T11:02:15.968+0000] {processor.py:157} INFO - Started process (PID=2201) to work on /home/airflow/.local/lib/python3.7/site-packages/airflow/example_dags/example_trigger_controller_dag.py
[2023-08-07T11:02:15.971+0000] {processor.py:826} INFO - Processing file /home/airflow/.local/lib/python3.7/site-packages/airflow/example_dags/example_trigger_controller_dag.py for tasks to queue
[2023-08-07T11:02:15.972+0000] {logging_mixin.py:150} INFO - [2023-08-07T11:02:15.972+0000] {dagbag.py:541} INFO - Filling up the DagBag from /home/airflow/.local/lib/python3.7/site-packages/airflow/example_dags/example_trigger_controller_dag.py
[2023-08-07T11:02:15.978+0000] {processor.py:836} INFO - DAG(s) dict_keys(['example_trigger_controller_dag']) retrieved from /home/airflow/.local/lib/python3.7/site-packages/airflow/example_dags/example_trigger_controller_dag.py
[2023-08-07T11:02:16.003+0000] {logging_mixin.py:150} INFO - [2023-08-07T11:02:16.003+0000] {dag.py:2742} INFO - Sync 1 DAGs
[2023-08-07T11:02:16.018+0000] {logging_mixin.py:150} INFO - [2023-08-07T11:02:16.018+0000] {dag.py:3508} INFO - Setting next_dagrun for example_trigger_controller_dag to 2021-01-01T00:00:00+00:00, run_after=2021-01-01T00:00:00+00:00
[2023-08-07T11:02:16.028+0000] {processor.py:179} INFO - Processing /home/airflow/.local/lib/python3.7/site-packages/airflow/example_dags/example_trigger_controller_dag.py took 0.066 seconds
[2023-08-07T11:02:46.264+0000] {processor.py:157} INFO - Started process (PID=2259) to work on /home/airflow/.local/lib/python3.7/site-packages/airflow/example_dags/example_trigger_controller_dag.py
[2023-08-07T11:02:46.266+0000] {processor.py:826} INFO - Processing file /home/airflow/.local/lib/python3.7/site-packages/airflow/example_dags/example_trigger_controller_dag.py for tasks to queue
[2023-08-07T11:02:46.267+0000] {logging_mixin.py:150} INFO - [2023-08-07T11:02:46.267+0000] {dagbag.py:541} INFO - Filling up the DagBag from /home/airflow/.local/lib/python3.7/site-packages/airflow/example_dags/example_trigger_controller_dag.py
[2023-08-07T11:02:46.275+0000] {processor.py:836} INFO - DAG(s) dict_keys(['example_trigger_controller_dag']) retrieved from /home/airflow/.local/lib/python3.7/site-packages/airflow/example_dags/example_trigger_controller_dag.py
[2023-08-07T11:02:46.299+0000] {logging_mixin.py:150} INFO - [2023-08-07T11:02:46.299+0000] {dag.py:2742} INFO - Sync 1 DAGs
[2023-08-07T11:02:46.315+0000] {logging_mixin.py:150} INFO - [2023-08-07T11:02:46.315+0000] {dag.py:3508} INFO - Setting next_dagrun for example_trigger_controller_dag to 2021-01-01T00:00:00+00:00, run_after=2021-01-01T00:00:00+00:00
[2023-08-07T11:02:46.325+0000] {processor.py:179} INFO - Processing /home/airflow/.local/lib/python3.7/site-packages/airflow/example_dags/example_trigger_controller_dag.py took 0.068 seconds
[2023-08-07T11:03:16.535+0000] {processor.py:157} INFO - Started process (PID=2318) to work on /home/airflow/.local/lib/python3.7/site-packages/airflow/example_dags/example_trigger_controller_dag.py
[2023-08-07T11:03:16.537+0000] {processor.py:826} INFO - Processing file /home/airflow/.local/lib/python3.7/site-packages/airflow/example_dags/example_trigger_controller_dag.py for tasks to queue
[2023-08-07T11:03:16.538+0000] {logging_mixin.py:150} INFO - [2023-08-07T11:03:16.538+0000] {dagbag.py:541} INFO - Filling up the DagBag from /home/airflow/.local/lib/python3.7/site-packages/airflow/example_dags/example_trigger_controller_dag.py
[2023-08-07T11:03:16.545+0000] {processor.py:836} INFO - DAG(s) dict_keys(['example_trigger_controller_dag']) retrieved from /home/airflow/.local/lib/python3.7/site-packages/airflow/example_dags/example_trigger_controller_dag.py
[2023-08-07T11:03:16.570+0000] {logging_mixin.py:150} INFO - [2023-08-07T11:03:16.570+0000] {dag.py:2742} INFO - Sync 1 DAGs
[2023-08-07T11:03:16.585+0000] {logging_mixin.py:150} INFO - [2023-08-07T11:03:16.585+0000] {dag.py:3508} INFO - Setting next_dagrun for example_trigger_controller_dag to 2021-01-01T00:00:00+00:00, run_after=2021-01-01T00:00:00+00:00
[2023-08-07T11:03:16.595+0000] {processor.py:179} INFO - Processing /home/airflow/.local/lib/python3.7/site-packages/airflow/example_dags/example_trigger_controller_dag.py took 0.066 seconds
[2023-08-07T11:03:46.824+0000] {processor.py:157} INFO - Started process (PID=2376) to work on /home/airflow/.local/lib/python3.7/site-packages/airflow/example_dags/example_trigger_controller_dag.py
[2023-08-07T11:03:46.825+0000] {processor.py:826} INFO - Processing file /home/airflow/.local/lib/python3.7/site-packages/airflow/example_dags/example_trigger_controller_dag.py for tasks to queue
[2023-08-07T11:03:46.826+0000] {logging_mixin.py:150} INFO - [2023-08-07T11:03:46.826+0000] {dagbag.py:541} INFO - Filling up the DagBag from /home/airflow/.local/lib/python3.7/site-packages/airflow/example_dags/example_trigger_controller_dag.py
[2023-08-07T11:03:46.831+0000] {processor.py:836} INFO - DAG(s) dict_keys(['example_trigger_controller_dag']) retrieved from /home/airflow/.local/lib/python3.7/site-packages/airflow/example_dags/example_trigger_controller_dag.py
[2023-08-07T11:03:46.853+0000] {logging_mixin.py:150} INFO - [2023-08-07T11:03:46.853+0000] {dag.py:2742} INFO - Sync 1 DAGs
[2023-08-07T11:03:46.868+0000] {logging_mixin.py:150} INFO - [2023-08-07T11:03:46.868+0000] {dag.py:3508} INFO - Setting next_dagrun for example_trigger_controller_dag to 2021-01-01T00:00:00+00:00, run_after=2021-01-01T00:00:00+00:00
[2023-08-07T11:03:46.879+0000] {processor.py:179} INFO - Processing /home/airflow/.local/lib/python3.7/site-packages/airflow/example_dags/example_trigger_controller_dag.py took 0.059 seconds
[2023-08-07T11:04:17.072+0000] {processor.py:157} INFO - Started process (PID=2434) to work on /home/airflow/.local/lib/python3.7/site-packages/airflow/example_dags/example_trigger_controller_dag.py
[2023-08-07T11:04:17.073+0000] {processor.py:826} INFO - Processing file /home/airflow/.local/lib/python3.7/site-packages/airflow/example_dags/example_trigger_controller_dag.py for tasks to queue
[2023-08-07T11:04:17.074+0000] {logging_mixin.py:150} INFO - [2023-08-07T11:04:17.073+0000] {dagbag.py:541} INFO - Filling up the DagBag from /home/airflow/.local/lib/python3.7/site-packages/airflow/example_dags/example_trigger_controller_dag.py
[2023-08-07T11:04:17.077+0000] {processor.py:836} INFO - DAG(s) dict_keys(['example_trigger_controller_dag']) retrieved from /home/airflow/.local/lib/python3.7/site-packages/airflow/example_dags/example_trigger_controller_dag.py
[2023-08-07T11:04:17.094+0000] {logging_mixin.py:150} INFO - [2023-08-07T11:04:17.094+0000] {dag.py:2742} INFO - Sync 1 DAGs
[2023-08-07T11:04:17.109+0000] {logging_mixin.py:150} INFO - [2023-08-07T11:04:17.108+0000] {dag.py:3508} INFO - Setting next_dagrun for example_trigger_controller_dag to 2021-01-01T00:00:00+00:00, run_after=2021-01-01T00:00:00+00:00
[2023-08-07T11:04:17.119+0000] {processor.py:179} INFO - Processing /home/airflow/.local/lib/python3.7/site-packages/airflow/example_dags/example_trigger_controller_dag.py took 0.050 seconds
[2023-08-07T11:04:47.500+0000] {processor.py:157} INFO - Started process (PID=2492) to work on /home/airflow/.local/lib/python3.7/site-packages/airflow/example_dags/example_trigger_controller_dag.py
[2023-08-07T11:04:47.501+0000] {processor.py:826} INFO - Processing file /home/airflow/.local/lib/python3.7/site-packages/airflow/example_dags/example_trigger_controller_dag.py for tasks to queue
[2023-08-07T11:04:47.502+0000] {logging_mixin.py:150} INFO - [2023-08-07T11:04:47.501+0000] {dagbag.py:541} INFO - Filling up the DagBag from /home/airflow/.local/lib/python3.7/site-packages/airflow/example_dags/example_trigger_controller_dag.py
[2023-08-07T11:04:47.505+0000] {processor.py:836} INFO - DAG(s) dict_keys(['example_trigger_controller_dag']) retrieved from /home/airflow/.local/lib/python3.7/site-packages/airflow/example_dags/example_trigger_controller_dag.py
[2023-08-07T11:04:47.523+0000] {logging_mixin.py:150} INFO - [2023-08-07T11:04:47.523+0000] {dag.py:2742} INFO - Sync 1 DAGs
[2023-08-07T11:04:47.538+0000] {logging_mixin.py:150} INFO - [2023-08-07T11:04:47.538+0000] {dag.py:3508} INFO - Setting next_dagrun for example_trigger_controller_dag to 2021-01-01T00:00:00+00:00, run_after=2021-01-01T00:00:00+00:00
[2023-08-07T11:04:47.549+0000] {processor.py:179} INFO - Processing /home/airflow/.local/lib/python3.7/site-packages/airflow/example_dags/example_trigger_controller_dag.py took 0.051 seconds
[2023-08-07T11:05:17.869+0000] {processor.py:157} INFO - Started process (PID=2550) to work on /home/airflow/.local/lib/python3.7/site-packages/airflow/example_dags/example_trigger_controller_dag.py
[2023-08-07T11:05:17.870+0000] {processor.py:826} INFO - Processing file /home/airflow/.local/lib/python3.7/site-packages/airflow/example_dags/example_trigger_controller_dag.py for tasks to queue
[2023-08-07T11:05:17.871+0000] {logging_mixin.py:150} INFO - [2023-08-07T11:05:17.871+0000] {dagbag.py:541} INFO - Filling up the DagBag from /home/airflow/.local/lib/python3.7/site-packages/airflow/example_dags/example_trigger_controller_dag.py
[2023-08-07T11:05:17.875+0000] {processor.py:836} INFO - DAG(s) dict_keys(['example_trigger_controller_dag']) retrieved from /home/airflow/.local/lib/python3.7/site-packages/airflow/example_dags/example_trigger_controller_dag.py
[2023-08-07T11:05:17.899+0000] {logging_mixin.py:150} INFO - [2023-08-07T11:05:17.899+0000] {dag.py:2742} INFO - Sync 1 DAGs
[2023-08-07T11:05:17.913+0000] {logging_mixin.py:150} INFO - [2023-08-07T11:05:17.913+0000] {dag.py:3508} INFO - Setting next_dagrun for example_trigger_controller_dag to 2021-01-01T00:00:00+00:00, run_after=2021-01-01T00:00:00+00:00
[2023-08-07T11:05:17.925+0000] {processor.py:179} INFO - Processing /home/airflow/.local/lib/python3.7/site-packages/airflow/example_dags/example_trigger_controller_dag.py took 0.060 seconds
[2023-08-07T11:05:48.038+0000] {processor.py:157} INFO - Started process (PID=2607) to work on /home/airflow/.local/lib/python3.7/site-packages/airflow/example_dags/example_trigger_controller_dag.py
[2023-08-07T11:05:48.040+0000] {processor.py:826} INFO - Processing file /home/airflow/.local/lib/python3.7/site-packages/airflow/example_dags/example_trigger_controller_dag.py for tasks to queue
[2023-08-07T11:05:48.042+0000] {logging_mixin.py:150} INFO - [2023-08-07T11:05:48.041+0000] {dagbag.py:541} INFO - Filling up the DagBag from /home/airflow/.local/lib/python3.7/site-packages/airflow/example_dags/example_trigger_controller_dag.py
[2023-08-07T11:05:48.050+0000] {processor.py:836} INFO - DAG(s) dict_keys(['example_trigger_controller_dag']) retrieved from /home/airflow/.local/lib/python3.7/site-packages/airflow/example_dags/example_trigger_controller_dag.py
[2023-08-07T11:05:48.077+0000] {logging_mixin.py:150} INFO - [2023-08-07T11:05:48.077+0000] {dag.py:2742} INFO - Sync 1 DAGs
[2023-08-07T11:05:48.092+0000] {logging_mixin.py:150} INFO - [2023-08-07T11:05:48.091+0000] {dag.py:3508} INFO - Setting next_dagrun for example_trigger_controller_dag to 2021-01-01T00:00:00+00:00, run_after=2021-01-01T00:00:00+00:00
[2023-08-07T11:05:48.103+0000] {processor.py:179} INFO - Processing /home/airflow/.local/lib/python3.7/site-packages/airflow/example_dags/example_trigger_controller_dag.py took 0.071 seconds
[2023-08-07T11:06:18.529+0000] {processor.py:157} INFO - Started process (PID=2667) to work on /home/airflow/.local/lib/python3.7/site-packages/airflow/example_dags/example_trigger_controller_dag.py
[2023-08-07T11:06:18.530+0000] {processor.py:826} INFO - Processing file /home/airflow/.local/lib/python3.7/site-packages/airflow/example_dags/example_trigger_controller_dag.py for tasks to queue
[2023-08-07T11:06:18.532+0000] {logging_mixin.py:150} INFO - [2023-08-07T11:06:18.531+0000] {dagbag.py:541} INFO - Filling up the DagBag from /home/airflow/.local/lib/python3.7/site-packages/airflow/example_dags/example_trigger_controller_dag.py
[2023-08-07T11:06:18.537+0000] {processor.py:836} INFO - DAG(s) dict_keys(['example_trigger_controller_dag']) retrieved from /home/airflow/.local/lib/python3.7/site-packages/airflow/example_dags/example_trigger_controller_dag.py
[2023-08-07T11:06:18.563+0000] {logging_mixin.py:150} INFO - [2023-08-07T11:06:18.562+0000] {dag.py:2742} INFO - Sync 1 DAGs
[2023-08-07T11:06:18.579+0000] {logging_mixin.py:150} INFO - [2023-08-07T11:06:18.579+0000] {dag.py:3508} INFO - Setting next_dagrun for example_trigger_controller_dag to 2021-01-01T00:00:00+00:00, run_after=2021-01-01T00:00:00+00:00
[2023-08-07T11:06:18.589+0000] {processor.py:179} INFO - Processing /home/airflow/.local/lib/python3.7/site-packages/airflow/example_dags/example_trigger_controller_dag.py took 0.065 seconds
[2023-08-07T11:06:48.863+0000] {processor.py:157} INFO - Started process (PID=2725) to work on /home/airflow/.local/lib/python3.7/site-packages/airflow/example_dags/example_trigger_controller_dag.py
[2023-08-07T11:06:48.865+0000] {processor.py:826} INFO - Processing file /home/airflow/.local/lib/python3.7/site-packages/airflow/example_dags/example_trigger_controller_dag.py for tasks to queue
[2023-08-07T11:06:48.866+0000] {logging_mixin.py:150} INFO - [2023-08-07T11:06:48.866+0000] {dagbag.py:541} INFO - Filling up the DagBag from /home/airflow/.local/lib/python3.7/site-packages/airflow/example_dags/example_trigger_controller_dag.py
[2023-08-07T11:06:48.871+0000] {processor.py:836} INFO - DAG(s) dict_keys(['example_trigger_controller_dag']) retrieved from /home/airflow/.local/lib/python3.7/site-packages/airflow/example_dags/example_trigger_controller_dag.py
[2023-08-07T11:06:48.895+0000] {logging_mixin.py:150} INFO - [2023-08-07T11:06:48.895+0000] {dag.py:2742} INFO - Sync 1 DAGs
[2023-08-07T11:06:48.910+0000] {logging_mixin.py:150} INFO - [2023-08-07T11:06:48.910+0000] {dag.py:3508} INFO - Setting next_dagrun for example_trigger_controller_dag to 2021-01-01T00:00:00+00:00, run_after=2021-01-01T00:00:00+00:00
[2023-08-07T11:06:48.920+0000] {processor.py:179} INFO - Processing /home/airflow/.local/lib/python3.7/site-packages/airflow/example_dags/example_trigger_controller_dag.py took 0.061 seconds
[2023-08-07T11:07:18.994+0000] {processor.py:157} INFO - Started process (PID=2782) to work on /home/airflow/.local/lib/python3.7/site-packages/airflow/example_dags/example_trigger_controller_dag.py
[2023-08-07T11:07:18.997+0000] {processor.py:826} INFO - Processing file /home/airflow/.local/lib/python3.7/site-packages/airflow/example_dags/example_trigger_controller_dag.py for tasks to queue
[2023-08-07T11:07:18.999+0000] {logging_mixin.py:150} INFO - [2023-08-07T11:07:18.998+0000] {dagbag.py:541} INFO - Filling up the DagBag from /home/airflow/.local/lib/python3.7/site-packages/airflow/example_dags/example_trigger_controller_dag.py
[2023-08-07T11:07:19.006+0000] {processor.py:836} INFO - DAG(s) dict_keys(['example_trigger_controller_dag']) retrieved from /home/airflow/.local/lib/python3.7/site-packages/airflow/example_dags/example_trigger_controller_dag.py
[2023-08-07T11:07:19.035+0000] {logging_mixin.py:150} INFO - [2023-08-07T11:07:19.035+0000] {dag.py:2742} INFO - Sync 1 DAGs
[2023-08-07T11:07:19.050+0000] {logging_mixin.py:150} INFO - [2023-08-07T11:07:19.050+0000] {dag.py:3508} INFO - Setting next_dagrun for example_trigger_controller_dag to 2021-01-01T00:00:00+00:00, run_after=2021-01-01T00:00:00+00:00
[2023-08-07T11:07:19.060+0000] {processor.py:179} INFO - Processing /home/airflow/.local/lib/python3.7/site-packages/airflow/example_dags/example_trigger_controller_dag.py took 0.073 seconds
[2023-08-07T11:07:49.304+0000] {processor.py:157} INFO - Started process (PID=2840) to work on /home/airflow/.local/lib/python3.7/site-packages/airflow/example_dags/example_trigger_controller_dag.py
[2023-08-07T11:07:49.305+0000] {processor.py:826} INFO - Processing file /home/airflow/.local/lib/python3.7/site-packages/airflow/example_dags/example_trigger_controller_dag.py for tasks to queue
[2023-08-07T11:07:49.307+0000] {logging_mixin.py:150} INFO - [2023-08-07T11:07:49.307+0000] {dagbag.py:541} INFO - Filling up the DagBag from /home/airflow/.local/lib/python3.7/site-packages/airflow/example_dags/example_trigger_controller_dag.py
[2023-08-07T11:07:49.314+0000] {processor.py:836} INFO - DAG(s) dict_keys(['example_trigger_controller_dag']) retrieved from /home/airflow/.local/lib/python3.7/site-packages/airflow/example_dags/example_trigger_controller_dag.py
[2023-08-07T11:07:49.341+0000] {logging_mixin.py:150} INFO - [2023-08-07T11:07:49.341+0000] {dag.py:2742} INFO - Sync 1 DAGs
[2023-08-07T11:07:49.355+0000] {logging_mixin.py:150} INFO - [2023-08-07T11:07:49.355+0000] {dag.py:3508} INFO - Setting next_dagrun for example_trigger_controller_dag to 2021-01-01T00:00:00+00:00, run_after=2021-01-01T00:00:00+00:00
[2023-08-07T11:07:49.365+0000] {processor.py:179} INFO - Processing /home/airflow/.local/lib/python3.7/site-packages/airflow/example_dags/example_trigger_controller_dag.py took 0.067 seconds
[2023-08-07T11:08:19.744+0000] {processor.py:157} INFO - Started process (PID=2899) to work on /home/airflow/.local/lib/python3.7/site-packages/airflow/example_dags/example_trigger_controller_dag.py
[2023-08-07T11:08:19.746+0000] {processor.py:826} INFO - Processing file /home/airflow/.local/lib/python3.7/site-packages/airflow/example_dags/example_trigger_controller_dag.py for tasks to queue
[2023-08-07T11:08:19.747+0000] {logging_mixin.py:150} INFO - [2023-08-07T11:08:19.747+0000] {dagbag.py:541} INFO - Filling up the DagBag from /home/airflow/.local/lib/python3.7/site-packages/airflow/example_dags/example_trigger_controller_dag.py
[2023-08-07T11:08:19.752+0000] {processor.py:836} INFO - DAG(s) dict_keys(['example_trigger_controller_dag']) retrieved from /home/airflow/.local/lib/python3.7/site-packages/airflow/example_dags/example_trigger_controller_dag.py
[2023-08-07T11:08:19.776+0000] {logging_mixin.py:150} INFO - [2023-08-07T11:08:19.775+0000] {dag.py:2742} INFO - Sync 1 DAGs
[2023-08-07T11:08:19.790+0000] {logging_mixin.py:150} INFO - [2023-08-07T11:08:19.790+0000] {dag.py:3508} INFO - Setting next_dagrun for example_trigger_controller_dag to 2021-01-01T00:00:00+00:00, run_after=2021-01-01T00:00:00+00:00
[2023-08-07T11:08:19.800+0000] {processor.py:179} INFO - Processing /home/airflow/.local/lib/python3.7/site-packages/airflow/example_dags/example_trigger_controller_dag.py took 0.060 seconds
[2023-08-07T11:10:07.798+0000] {processor.py:157} INFO - Started process (PID=2951) to work on /home/airflow/.local/lib/python3.7/site-packages/airflow/example_dags/example_trigger_controller_dag.py
[2023-08-07T11:10:07.799+0000] {processor.py:826} INFO - Processing file /home/airflow/.local/lib/python3.7/site-packages/airflow/example_dags/example_trigger_controller_dag.py for tasks to queue
[2023-08-07T11:10:07.800+0000] {logging_mixin.py:150} INFO - [2023-08-07T11:10:07.799+0000] {dagbag.py:541} INFO - Filling up the DagBag from /home/airflow/.local/lib/python3.7/site-packages/airflow/example_dags/example_trigger_controller_dag.py
[2023-08-07T11:10:07.803+0000] {processor.py:836} INFO - DAG(s) dict_keys(['example_trigger_controller_dag']) retrieved from /home/airflow/.local/lib/python3.7/site-packages/airflow/example_dags/example_trigger_controller_dag.py
[2023-08-07T11:10:07.821+0000] {logging_mixin.py:150} INFO - [2023-08-07T11:10:07.821+0000] {dag.py:2742} INFO - Sync 1 DAGs
[2023-08-07T11:10:07.835+0000] {logging_mixin.py:150} INFO - [2023-08-07T11:10:07.835+0000] {dag.py:3508} INFO - Setting next_dagrun for example_trigger_controller_dag to 2021-01-01T00:00:00+00:00, run_after=2021-01-01T00:00:00+00:00
[2023-08-07T11:10:07.846+0000] {processor.py:179} INFO - Processing /home/airflow/.local/lib/python3.7/site-packages/airflow/example_dags/example_trigger_controller_dag.py took 0.051 seconds
[2023-08-07T11:10:37.954+0000] {processor.py:157} INFO - Started process (PID=3009) to work on /home/airflow/.local/lib/python3.7/site-packages/airflow/example_dags/example_trigger_controller_dag.py
[2023-08-07T11:10:37.955+0000] {processor.py:826} INFO - Processing file /home/airflow/.local/lib/python3.7/site-packages/airflow/example_dags/example_trigger_controller_dag.py for tasks to queue
[2023-08-07T11:10:37.956+0000] {logging_mixin.py:150} INFO - [2023-08-07T11:10:37.956+0000] {dagbag.py:541} INFO - Filling up the DagBag from /home/airflow/.local/lib/python3.7/site-packages/airflow/example_dags/example_trigger_controller_dag.py
[2023-08-07T11:10:37.961+0000] {processor.py:836} INFO - DAG(s) dict_keys(['example_trigger_controller_dag']) retrieved from /home/airflow/.local/lib/python3.7/site-packages/airflow/example_dags/example_trigger_controller_dag.py
[2023-08-07T11:10:37.980+0000] {logging_mixin.py:150} INFO - [2023-08-07T11:10:37.980+0000] {dag.py:2742} INFO - Sync 1 DAGs
[2023-08-07T11:10:37.994+0000] {logging_mixin.py:150} INFO - [2023-08-07T11:10:37.993+0000] {dag.py:3508} INFO - Setting next_dagrun for example_trigger_controller_dag to 2021-01-01T00:00:00+00:00, run_after=2021-01-01T00:00:00+00:00
[2023-08-07T11:10:38.003+0000] {processor.py:179} INFO - Processing /home/airflow/.local/lib/python3.7/site-packages/airflow/example_dags/example_trigger_controller_dag.py took 0.051 seconds
[2023-08-07T11:26:04.275+0000] {processor.py:157} INFO - Started process (PID=3067) to work on /home/airflow/.local/lib/python3.7/site-packages/airflow/example_dags/example_trigger_controller_dag.py
[2023-08-07T11:26:04.276+0000] {processor.py:826} INFO - Processing file /home/airflow/.local/lib/python3.7/site-packages/airflow/example_dags/example_trigger_controller_dag.py for tasks to queue
[2023-08-07T11:26:04.277+0000] {logging_mixin.py:150} INFO - [2023-08-07T11:26:04.277+0000] {dagbag.py:541} INFO - Filling up the DagBag from /home/airflow/.local/lib/python3.7/site-packages/airflow/example_dags/example_trigger_controller_dag.py
[2023-08-07T11:26:04.282+0000] {processor.py:836} INFO - DAG(s) dict_keys(['example_trigger_controller_dag']) retrieved from /home/airflow/.local/lib/python3.7/site-packages/airflow/example_dags/example_trigger_controller_dag.py
[2023-08-07T11:26:04.300+0000] {logging_mixin.py:150} INFO - [2023-08-07T11:26:04.300+0000] {dag.py:2742} INFO - Sync 1 DAGs
[2023-08-07T11:26:04.314+0000] {logging_mixin.py:150} INFO - [2023-08-07T11:26:04.314+0000] {dag.py:3508} INFO - Setting next_dagrun for example_trigger_controller_dag to 2021-01-01T00:00:00+00:00, run_after=2021-01-01T00:00:00+00:00
[2023-08-07T11:26:04.324+0000] {processor.py:179} INFO - Processing /home/airflow/.local/lib/python3.7/site-packages/airflow/example_dags/example_trigger_controller_dag.py took 0.051 seconds
[2023-08-07T12:49:02.408+0000] {processor.py:157} INFO - Started process (PID=3125) to work on /home/airflow/.local/lib/python3.7/site-packages/airflow/example_dags/example_trigger_controller_dag.py
[2023-08-07T12:49:02.409+0000] {processor.py:826} INFO - Processing file /home/airflow/.local/lib/python3.7/site-packages/airflow/example_dags/example_trigger_controller_dag.py for tasks to queue
[2023-08-07T12:49:02.410+0000] {logging_mixin.py:150} INFO - [2023-08-07T12:49:02.409+0000] {dagbag.py:541} INFO - Filling up the DagBag from /home/airflow/.local/lib/python3.7/site-packages/airflow/example_dags/example_trigger_controller_dag.py
[2023-08-07T12:49:02.413+0000] {processor.py:836} INFO - DAG(s) dict_keys(['example_trigger_controller_dag']) retrieved from /home/airflow/.local/lib/python3.7/site-packages/airflow/example_dags/example_trigger_controller_dag.py
[2023-08-07T12:49:02.431+0000] {logging_mixin.py:150} INFO - [2023-08-07T12:49:02.431+0000] {dag.py:2742} INFO - Sync 1 DAGs
[2023-08-07T12:49:02.446+0000] {logging_mixin.py:150} INFO - [2023-08-07T12:49:02.446+0000] {dag.py:3508} INFO - Setting next_dagrun for example_trigger_controller_dag to 2021-01-01T00:00:00+00:00, run_after=2021-01-01T00:00:00+00:00
[2023-08-07T12:49:02.456+0000] {processor.py:179} INFO - Processing /home/airflow/.local/lib/python3.7/site-packages/airflow/example_dags/example_trigger_controller_dag.py took 0.051 seconds
[2023-08-07T13:44:04.056+0000] {processor.py:157} INFO - Started process (PID=3183) to work on /home/airflow/.local/lib/python3.7/site-packages/airflow/example_dags/example_trigger_controller_dag.py
[2023-08-07T13:44:04.057+0000] {processor.py:826} INFO - Processing file /home/airflow/.local/lib/python3.7/site-packages/airflow/example_dags/example_trigger_controller_dag.py for tasks to queue
[2023-08-07T13:44:04.058+0000] {logging_mixin.py:150} INFO - [2023-08-07T13:44:04.058+0000] {dagbag.py:541} INFO - Filling up the DagBag from /home/airflow/.local/lib/python3.7/site-packages/airflow/example_dags/example_trigger_controller_dag.py
[2023-08-07T13:44:04.062+0000] {processor.py:836} INFO - DAG(s) dict_keys(['example_trigger_controller_dag']) retrieved from /home/airflow/.local/lib/python3.7/site-packages/airflow/example_dags/example_trigger_controller_dag.py
[2023-08-07T13:44:04.080+0000] {logging_mixin.py:150} INFO - [2023-08-07T13:44:04.080+0000] {dag.py:2742} INFO - Sync 1 DAGs
[2023-08-07T13:44:04.094+0000] {logging_mixin.py:150} INFO - [2023-08-07T13:44:04.094+0000] {dag.py:3508} INFO - Setting next_dagrun for example_trigger_controller_dag to 2021-01-01T00:00:00+00:00, run_after=2021-01-01T00:00:00+00:00
[2023-08-07T13:44:04.104+0000] {processor.py:179} INFO - Processing /home/airflow/.local/lib/python3.7/site-packages/airflow/example_dags/example_trigger_controller_dag.py took 0.051 seconds
[2023-08-07T14:43:29.821+0000] {processor.py:157} INFO - Started process (PID=3241) to work on /home/airflow/.local/lib/python3.7/site-packages/airflow/example_dags/example_trigger_controller_dag.py
[2023-08-07T14:43:29.822+0000] {processor.py:826} INFO - Processing file /home/airflow/.local/lib/python3.7/site-packages/airflow/example_dags/example_trigger_controller_dag.py for tasks to queue
[2023-08-07T14:43:29.823+0000] {logging_mixin.py:150} INFO - [2023-08-07T14:43:29.823+0000] {dagbag.py:541} INFO - Filling up the DagBag from /home/airflow/.local/lib/python3.7/site-packages/airflow/example_dags/example_trigger_controller_dag.py
[2023-08-07T14:43:29.827+0000] {processor.py:836} INFO - DAG(s) dict_keys(['example_trigger_controller_dag']) retrieved from /home/airflow/.local/lib/python3.7/site-packages/airflow/example_dags/example_trigger_controller_dag.py
[2023-08-07T14:43:29.844+0000] {logging_mixin.py:150} INFO - [2023-08-07T14:43:29.844+0000] {dag.py:2742} INFO - Sync 1 DAGs
[2023-08-07T14:43:29.858+0000] {logging_mixin.py:150} INFO - [2023-08-07T14:43:29.858+0000] {dag.py:3508} INFO - Setting next_dagrun for example_trigger_controller_dag to 2021-01-01T00:00:00+00:00, run_after=2021-01-01T00:00:00+00:00
[2023-08-07T14:43:29.867+0000] {processor.py:179} INFO - Processing /home/airflow/.local/lib/python3.7/site-packages/airflow/example_dags/example_trigger_controller_dag.py took 0.049 seconds
[2023-08-07T15:52:32.454+0000] {processor.py:157} INFO - Started process (PID=3299) to work on /home/airflow/.local/lib/python3.7/site-packages/airflow/example_dags/example_trigger_controller_dag.py
[2023-08-07T15:52:32.455+0000] {processor.py:826} INFO - Processing file /home/airflow/.local/lib/python3.7/site-packages/airflow/example_dags/example_trigger_controller_dag.py for tasks to queue
[2023-08-07T15:52:32.456+0000] {logging_mixin.py:150} INFO - [2023-08-07T15:52:32.456+0000] {dagbag.py:541} INFO - Filling up the DagBag from /home/airflow/.local/lib/python3.7/site-packages/airflow/example_dags/example_trigger_controller_dag.py
[2023-08-07T15:52:32.459+0000] {processor.py:836} INFO - DAG(s) dict_keys(['example_trigger_controller_dag']) retrieved from /home/airflow/.local/lib/python3.7/site-packages/airflow/example_dags/example_trigger_controller_dag.py
[2023-08-07T15:52:32.478+0000] {logging_mixin.py:150} INFO - [2023-08-07T15:52:32.478+0000] {dag.py:2742} INFO - Sync 1 DAGs
[2023-08-07T15:52:32.494+0000] {logging_mixin.py:150} INFO - [2023-08-07T15:52:32.494+0000] {dag.py:3508} INFO - Setting next_dagrun for example_trigger_controller_dag to 2021-01-01T00:00:00+00:00, run_after=2021-01-01T00:00:00+00:00
[2023-08-07T15:52:32.505+0000] {processor.py:179} INFO - Processing /home/airflow/.local/lib/python3.7/site-packages/airflow/example_dags/example_trigger_controller_dag.py took 0.053 seconds
[2023-08-07T17:14:44.092+0000] {processor.py:157} INFO - Started process (PID=3357) to work on /home/airflow/.local/lib/python3.7/site-packages/airflow/example_dags/example_trigger_controller_dag.py
[2023-08-07T17:14:44.093+0000] {processor.py:826} INFO - Processing file /home/airflow/.local/lib/python3.7/site-packages/airflow/example_dags/example_trigger_controller_dag.py for tasks to queue
[2023-08-07T17:14:44.095+0000] {logging_mixin.py:150} INFO - [2023-08-07T17:14:44.094+0000] {dagbag.py:541} INFO - Filling up the DagBag from /home/airflow/.local/lib/python3.7/site-packages/airflow/example_dags/example_trigger_controller_dag.py
[2023-08-07T17:14:44.098+0000] {processor.py:836} INFO - DAG(s) dict_keys(['example_trigger_controller_dag']) retrieved from /home/airflow/.local/lib/python3.7/site-packages/airflow/example_dags/example_trigger_controller_dag.py
[2023-08-07T17:14:44.117+0000] {logging_mixin.py:150} INFO - [2023-08-07T17:14:44.117+0000] {dag.py:2742} INFO - Sync 1 DAGs
[2023-08-07T17:14:44.131+0000] {logging_mixin.py:150} INFO - [2023-08-07T17:14:44.131+0000] {dag.py:3508} INFO - Setting next_dagrun for example_trigger_controller_dag to 2021-01-01T00:00:00+00:00, run_after=2021-01-01T00:00:00+00:00
[2023-08-07T17:14:44.142+0000] {processor.py:179} INFO - Processing /home/airflow/.local/lib/python3.7/site-packages/airflow/example_dags/example_trigger_controller_dag.py took 0.053 seconds
[2023-08-07T18:12:51.452+0000] {processor.py:157} INFO - Started process (PID=3415) to work on /home/airflow/.local/lib/python3.7/site-packages/airflow/example_dags/example_trigger_controller_dag.py
[2023-08-07T18:12:51.454+0000] {processor.py:826} INFO - Processing file /home/airflow/.local/lib/python3.7/site-packages/airflow/example_dags/example_trigger_controller_dag.py for tasks to queue
[2023-08-07T18:12:51.455+0000] {logging_mixin.py:150} INFO - [2023-08-07T18:12:51.455+0000] {dagbag.py:541} INFO - Filling up the DagBag from /home/airflow/.local/lib/python3.7/site-packages/airflow/example_dags/example_trigger_controller_dag.py
[2023-08-07T18:12:51.459+0000] {processor.py:836} INFO - DAG(s) dict_keys(['example_trigger_controller_dag']) retrieved from /home/airflow/.local/lib/python3.7/site-packages/airflow/example_dags/example_trigger_controller_dag.py
[2023-08-07T18:12:51.479+0000] {logging_mixin.py:150} INFO - [2023-08-07T18:12:51.479+0000] {dag.py:2742} INFO - Sync 1 DAGs
[2023-08-07T18:12:51.494+0000] {logging_mixin.py:150} INFO - [2023-08-07T18:12:51.493+0000] {dag.py:3508} INFO - Setting next_dagrun for example_trigger_controller_dag to 2021-01-01T00:00:00+00:00, run_after=2021-01-01T00:00:00+00:00
[2023-08-07T18:12:51.504+0000] {processor.py:179} INFO - Processing /home/airflow/.local/lib/python3.7/site-packages/airflow/example_dags/example_trigger_controller_dag.py took 0.054 seconds
[2023-08-07T19:18:07.206+0000] {processor.py:157} INFO - Started process (PID=3473) to work on /home/airflow/.local/lib/python3.7/site-packages/airflow/example_dags/example_trigger_controller_dag.py
[2023-08-07T19:18:07.207+0000] {processor.py:826} INFO - Processing file /home/airflow/.local/lib/python3.7/site-packages/airflow/example_dags/example_trigger_controller_dag.py for tasks to queue
[2023-08-07T19:18:07.208+0000] {logging_mixin.py:150} INFO - [2023-08-07T19:18:07.208+0000] {dagbag.py:541} INFO - Filling up the DagBag from /home/airflow/.local/lib/python3.7/site-packages/airflow/example_dags/example_trigger_controller_dag.py
[2023-08-07T19:18:07.212+0000] {processor.py:836} INFO - DAG(s) dict_keys(['example_trigger_controller_dag']) retrieved from /home/airflow/.local/lib/python3.7/site-packages/airflow/example_dags/example_trigger_controller_dag.py
[2023-08-07T19:18:07.228+0000] {logging_mixin.py:150} INFO - [2023-08-07T19:18:07.228+0000] {dag.py:2742} INFO - Sync 1 DAGs
[2023-08-07T19:18:07.242+0000] {logging_mixin.py:150} INFO - [2023-08-07T19:18:07.242+0000] {dag.py:3508} INFO - Setting next_dagrun for example_trigger_controller_dag to 2021-01-01T00:00:00+00:00, run_after=2021-01-01T00:00:00+00:00
[2023-08-07T19:18:07.251+0000] {processor.py:179} INFO - Processing /home/airflow/.local/lib/python3.7/site-packages/airflow/example_dags/example_trigger_controller_dag.py took 0.047 seconds
[2023-08-07T20:39:16.824+0000] {processor.py:157} INFO - Started process (PID=3531) to work on /home/airflow/.local/lib/python3.7/site-packages/airflow/example_dags/example_trigger_controller_dag.py
[2023-08-07T20:39:16.825+0000] {processor.py:826} INFO - Processing file /home/airflow/.local/lib/python3.7/site-packages/airflow/example_dags/example_trigger_controller_dag.py for tasks to queue
[2023-08-07T20:39:16.826+0000] {logging_mixin.py:150} INFO - [2023-08-07T20:39:16.826+0000] {dagbag.py:541} INFO - Filling up the DagBag from /home/airflow/.local/lib/python3.7/site-packages/airflow/example_dags/example_trigger_controller_dag.py
[2023-08-07T20:39:16.830+0000] {processor.py:836} INFO - DAG(s) dict_keys(['example_trigger_controller_dag']) retrieved from /home/airflow/.local/lib/python3.7/site-packages/airflow/example_dags/example_trigger_controller_dag.py
[2023-08-07T20:39:16.848+0000] {logging_mixin.py:150} INFO - [2023-08-07T20:39:16.848+0000] {dag.py:2742} INFO - Sync 1 DAGs
[2023-08-07T20:39:16.863+0000] {logging_mixin.py:150} INFO - [2023-08-07T20:39:16.863+0000] {dag.py:3508} INFO - Setting next_dagrun for example_trigger_controller_dag to 2021-01-01T00:00:00+00:00, run_after=2021-01-01T00:00:00+00:00
[2023-08-07T20:39:16.872+0000] {processor.py:179} INFO - Processing /home/airflow/.local/lib/python3.7/site-packages/airflow/example_dags/example_trigger_controller_dag.py took 0.051 seconds
[2023-08-07T21:49:02.938+0000] {processor.py:157} INFO - Started process (PID=3589) to work on /home/airflow/.local/lib/python3.7/site-packages/airflow/example_dags/example_trigger_controller_dag.py
[2023-08-07T21:49:02.939+0000] {processor.py:826} INFO - Processing file /home/airflow/.local/lib/python3.7/site-packages/airflow/example_dags/example_trigger_controller_dag.py for tasks to queue
[2023-08-07T21:49:02.940+0000] {logging_mixin.py:150} INFO - [2023-08-07T21:49:02.940+0000] {dagbag.py:541} INFO - Filling up the DagBag from /home/airflow/.local/lib/python3.7/site-packages/airflow/example_dags/example_trigger_controller_dag.py
[2023-08-07T21:49:02.944+0000] {processor.py:836} INFO - DAG(s) dict_keys(['example_trigger_controller_dag']) retrieved from /home/airflow/.local/lib/python3.7/site-packages/airflow/example_dags/example_trigger_controller_dag.py
[2023-08-07T21:49:02.962+0000] {logging_mixin.py:150} INFO - [2023-08-07T21:49:02.962+0000] {dag.py:2742} INFO - Sync 1 DAGs
[2023-08-07T21:49:02.975+0000] {logging_mixin.py:150} INFO - [2023-08-07T21:49:02.975+0000] {dag.py:3508} INFO - Setting next_dagrun for example_trigger_controller_dag to 2021-01-01T00:00:00+00:00, run_after=2021-01-01T00:00:00+00:00
[2023-08-07T21:49:02.985+0000] {processor.py:179} INFO - Processing /home/airflow/.local/lib/python3.7/site-packages/airflow/example_dags/example_trigger_controller_dag.py took 0.049 seconds
[2023-08-07T22:56:32.579+0000] {processor.py:157} INFO - Started process (PID=3647) to work on /home/airflow/.local/lib/python3.7/site-packages/airflow/example_dags/example_trigger_controller_dag.py
[2023-08-07T22:56:32.580+0000] {processor.py:826} INFO - Processing file /home/airflow/.local/lib/python3.7/site-packages/airflow/example_dags/example_trigger_controller_dag.py for tasks to queue
[2023-08-07T22:56:32.581+0000] {logging_mixin.py:150} INFO - [2023-08-07T22:56:32.581+0000] {dagbag.py:541} INFO - Filling up the DagBag from /home/airflow/.local/lib/python3.7/site-packages/airflow/example_dags/example_trigger_controller_dag.py
[2023-08-07T22:56:32.585+0000] {processor.py:836} INFO - DAG(s) dict_keys(['example_trigger_controller_dag']) retrieved from /home/airflow/.local/lib/python3.7/site-packages/airflow/example_dags/example_trigger_controller_dag.py
[2023-08-07T22:56:32.603+0000] {logging_mixin.py:150} INFO - [2023-08-07T22:56:32.602+0000] {dag.py:2742} INFO - Sync 1 DAGs
[2023-08-07T22:56:32.616+0000] {logging_mixin.py:150} INFO - [2023-08-07T22:56:32.616+0000] {dag.py:3508} INFO - Setting next_dagrun for example_trigger_controller_dag to 2021-01-01T00:00:00+00:00, run_after=2021-01-01T00:00:00+00:00
[2023-08-07T22:56:32.626+0000] {processor.py:179} INFO - Processing /home/airflow/.local/lib/python3.7/site-packages/airflow/example_dags/example_trigger_controller_dag.py took 0.049 seconds
[2023-08-07T23:21:10.772+0000] {processor.py:157} INFO - Started process (PID=3705) to work on /home/airflow/.local/lib/python3.7/site-packages/airflow/example_dags/example_trigger_controller_dag.py
[2023-08-07T23:21:10.773+0000] {processor.py:826} INFO - Processing file /home/airflow/.local/lib/python3.7/site-packages/airflow/example_dags/example_trigger_controller_dag.py for tasks to queue
[2023-08-07T23:21:10.773+0000] {logging_mixin.py:150} INFO - [2023-08-07T23:21:10.773+0000] {dagbag.py:541} INFO - Filling up the DagBag from /home/airflow/.local/lib/python3.7/site-packages/airflow/example_dags/example_trigger_controller_dag.py
[2023-08-07T23:21:10.777+0000] {processor.py:836} INFO - DAG(s) dict_keys(['example_trigger_controller_dag']) retrieved from /home/airflow/.local/lib/python3.7/site-packages/airflow/example_dags/example_trigger_controller_dag.py
[2023-08-07T23:21:10.794+0000] {logging_mixin.py:150} INFO - [2023-08-07T23:21:10.794+0000] {dag.py:2742} INFO - Sync 1 DAGs
[2023-08-07T23:21:10.808+0000] {logging_mixin.py:150} INFO - [2023-08-07T23:21:10.808+0000] {dag.py:3508} INFO - Setting next_dagrun for example_trigger_controller_dag to 2021-01-01T00:00:00+00:00, run_after=2021-01-01T00:00:00+00:00
[2023-08-07T23:21:10.818+0000] {processor.py:179} INFO - Processing /home/airflow/.local/lib/python3.7/site-packages/airflow/example_dags/example_trigger_controller_dag.py took 0.048 seconds
[2023-08-07T23:36:59.881+0000] {processor.py:157} INFO - Started process (PID=3763) to work on /home/airflow/.local/lib/python3.7/site-packages/airflow/example_dags/example_trigger_controller_dag.py
[2023-08-07T23:36:59.883+0000] {processor.py:826} INFO - Processing file /home/airflow/.local/lib/python3.7/site-packages/airflow/example_dags/example_trigger_controller_dag.py for tasks to queue
[2023-08-07T23:36:59.883+0000] {logging_mixin.py:150} INFO - [2023-08-07T23:36:59.883+0000] {dagbag.py:541} INFO - Filling up the DagBag from /home/airflow/.local/lib/python3.7/site-packages/airflow/example_dags/example_trigger_controller_dag.py
[2023-08-07T23:36:59.887+0000] {processor.py:836} INFO - DAG(s) dict_keys(['example_trigger_controller_dag']) retrieved from /home/airflow/.local/lib/python3.7/site-packages/airflow/example_dags/example_trigger_controller_dag.py
[2023-08-07T23:36:59.904+0000] {logging_mixin.py:150} INFO - [2023-08-07T23:36:59.904+0000] {dag.py:2742} INFO - Sync 1 DAGs
[2023-08-07T23:36:59.917+0000] {logging_mixin.py:150} INFO - [2023-08-07T23:36:59.917+0000] {dag.py:3508} INFO - Setting next_dagrun for example_trigger_controller_dag to 2021-01-01T00:00:00+00:00, run_after=2021-01-01T00:00:00+00:00
[2023-08-07T23:36:59.927+0000] {processor.py:179} INFO - Processing /home/airflow/.local/lib/python3.7/site-packages/airflow/example_dags/example_trigger_controller_dag.py took 0.048 seconds
