[2023-08-07T10:43:27.011+0000] {processor.py:157} INFO - Started process (PID=38) to work on /home/airflow/.local/lib/python3.7/site-packages/airflow/example_dags/example_task_group_decorator.py
[2023-08-07T10:43:27.012+0000] {processor.py:826} INFO - Processing file /home/airflow/.local/lib/python3.7/site-packages/airflow/example_dags/example_task_group_decorator.py for tasks to queue
[2023-08-07T10:43:27.013+0000] {logging_mixin.py:150} INFO - [2023-08-07T10:43:27.013+0000] {dagbag.py:541} INFO - Filling up the DagBag from /home/airflow/.local/lib/python3.7/site-packages/airflow/example_dags/example_task_group_decorator.py
[2023-08-07T10:43:27.023+0000] {processor.py:836} INFO - DAG(s) dict_keys(['example_task_group_decorator']) retrieved from /home/airflow/.local/lib/python3.7/site-packages/airflow/example_dags/example_task_group_decorator.py
[2023-08-07T10:43:27.087+0000] {logging_mixin.py:150} INFO - [2023-08-07T10:43:27.087+0000] {manager.py:504} INFO - Created Permission View: can edit on DAG:example_task_group_decorator
[2023-08-07T10:43:27.093+0000] {logging_mixin.py:150} INFO - [2023-08-07T10:43:27.093+0000] {manager.py:504} INFO - Created Permission View: can delete on DAG:example_task_group_decorator
[2023-08-07T10:43:27.097+0000] {logging_mixin.py:150} INFO - [2023-08-07T10:43:27.097+0000] {manager.py:504} INFO - Created Permission View: can read on DAG:example_task_group_decorator
[2023-08-07T10:43:27.105+0000] {logging_mixin.py:150} INFO - [2023-08-07T10:43:27.105+0000] {dag.py:2742} INFO - Sync 1 DAGs
[2023-08-07T10:43:27.113+0000] {logging_mixin.py:150} INFO - [2023-08-07T10:43:27.113+0000] {dag.py:2763} INFO - Creating ORM DAG for example_task_group_decorator
[2023-08-07T10:43:27.120+0000] {logging_mixin.py:150} INFO - [2023-08-07T10:43:27.120+0000] {dag.py:3508} INFO - Setting next_dagrun for example_task_group_decorator to 2023-08-06T10:43:27.119990+00:00, run_after=2023-08-07T10:43:27.119990+00:00
[2023-08-07T10:43:27.130+0000] {processor.py:179} INFO - Processing /home/airflow/.local/lib/python3.7/site-packages/airflow/example_dags/example_task_group_decorator.py took 0.121 seconds
[2023-08-07T10:43:57.911+0000] {processor.py:157} INFO - Started process (PID=96) to work on /home/airflow/.local/lib/python3.7/site-packages/airflow/example_dags/example_task_group_decorator.py
[2023-08-07T10:43:57.912+0000] {processor.py:826} INFO - Processing file /home/airflow/.local/lib/python3.7/site-packages/airflow/example_dags/example_task_group_decorator.py for tasks to queue
[2023-08-07T10:43:57.913+0000] {logging_mixin.py:150} INFO - [2023-08-07T10:43:57.913+0000] {dagbag.py:541} INFO - Filling up the DagBag from /home/airflow/.local/lib/python3.7/site-packages/airflow/example_dags/example_task_group_decorator.py
[2023-08-07T10:43:57.923+0000] {processor.py:836} INFO - DAG(s) dict_keys(['example_task_group_decorator']) retrieved from /home/airflow/.local/lib/python3.7/site-packages/airflow/example_dags/example_task_group_decorator.py
[2023-08-07T10:43:57.942+0000] {logging_mixin.py:150} INFO - [2023-08-07T10:43:57.942+0000] {dag.py:2742} INFO - Sync 1 DAGs
[2023-08-07T10:43:57.956+0000] {logging_mixin.py:150} INFO - [2023-08-07T10:43:57.956+0000] {dag.py:3508} INFO - Setting next_dagrun for example_task_group_decorator to 2023-08-06T10:43:57.956080+00:00, run_after=2023-08-07T10:43:57.956080+00:00
[2023-08-07T10:43:57.966+0000] {processor.py:179} INFO - Processing /home/airflow/.local/lib/python3.7/site-packages/airflow/example_dags/example_task_group_decorator.py took 0.058 seconds
[2023-08-07T10:44:28.242+0000] {processor.py:157} INFO - Started process (PID=154) to work on /home/airflow/.local/lib/python3.7/site-packages/airflow/example_dags/example_task_group_decorator.py
[2023-08-07T10:44:28.243+0000] {processor.py:826} INFO - Processing file /home/airflow/.local/lib/python3.7/site-packages/airflow/example_dags/example_task_group_decorator.py for tasks to queue
[2023-08-07T10:44:28.244+0000] {logging_mixin.py:150} INFO - [2023-08-07T10:44:28.243+0000] {dagbag.py:541} INFO - Filling up the DagBag from /home/airflow/.local/lib/python3.7/site-packages/airflow/example_dags/example_task_group_decorator.py
[2023-08-07T10:44:28.253+0000] {processor.py:836} INFO - DAG(s) dict_keys(['example_task_group_decorator']) retrieved from /home/airflow/.local/lib/python3.7/site-packages/airflow/example_dags/example_task_group_decorator.py
[2023-08-07T10:44:28.271+0000] {logging_mixin.py:150} INFO - [2023-08-07T10:44:28.271+0000] {dag.py:2742} INFO - Sync 1 DAGs
[2023-08-07T10:44:28.285+0000] {logging_mixin.py:150} INFO - [2023-08-07T10:44:28.285+0000] {dag.py:3508} INFO - Setting next_dagrun for example_task_group_decorator to 2023-08-06T10:44:28.285034+00:00, run_after=2023-08-07T10:44:28.285034+00:00
[2023-08-07T10:44:28.294+0000] {processor.py:179} INFO - Processing /home/airflow/.local/lib/python3.7/site-packages/airflow/example_dags/example_task_group_decorator.py took 0.054 seconds
[2023-08-07T10:44:58.710+0000] {processor.py:157} INFO - Started process (PID=212) to work on /home/airflow/.local/lib/python3.7/site-packages/airflow/example_dags/example_task_group_decorator.py
[2023-08-07T10:44:58.711+0000] {processor.py:826} INFO - Processing file /home/airflow/.local/lib/python3.7/site-packages/airflow/example_dags/example_task_group_decorator.py for tasks to queue
[2023-08-07T10:44:58.712+0000] {logging_mixin.py:150} INFO - [2023-08-07T10:44:58.712+0000] {dagbag.py:541} INFO - Filling up the DagBag from /home/airflow/.local/lib/python3.7/site-packages/airflow/example_dags/example_task_group_decorator.py
[2023-08-07T10:44:58.721+0000] {processor.py:836} INFO - DAG(s) dict_keys(['example_task_group_decorator']) retrieved from /home/airflow/.local/lib/python3.7/site-packages/airflow/example_dags/example_task_group_decorator.py
[2023-08-07T10:44:58.740+0000] {logging_mixin.py:150} INFO - [2023-08-07T10:44:58.739+0000] {dag.py:2742} INFO - Sync 1 DAGs
[2023-08-07T10:44:58.754+0000] {logging_mixin.py:150} INFO - [2023-08-07T10:44:58.754+0000] {dag.py:3508} INFO - Setting next_dagrun for example_task_group_decorator to 2023-08-06T10:44:58.754041+00:00, run_after=2023-08-07T10:44:58.754041+00:00
[2023-08-07T10:44:58.764+0000] {processor.py:179} INFO - Processing /home/airflow/.local/lib/python3.7/site-packages/airflow/example_dags/example_task_group_decorator.py took 0.056 seconds
[2023-08-07T10:45:29.822+0000] {processor.py:157} INFO - Started process (PID=270) to work on /home/airflow/.local/lib/python3.7/site-packages/airflow/example_dags/example_task_group_decorator.py
[2023-08-07T10:45:29.823+0000] {processor.py:826} INFO - Processing file /home/airflow/.local/lib/python3.7/site-packages/airflow/example_dags/example_task_group_decorator.py for tasks to queue
[2023-08-07T10:45:29.824+0000] {logging_mixin.py:150} INFO - [2023-08-07T10:45:29.824+0000] {dagbag.py:541} INFO - Filling up the DagBag from /home/airflow/.local/lib/python3.7/site-packages/airflow/example_dags/example_task_group_decorator.py
[2023-08-07T10:45:29.833+0000] {processor.py:836} INFO - DAG(s) dict_keys(['example_task_group_decorator']) retrieved from /home/airflow/.local/lib/python3.7/site-packages/airflow/example_dags/example_task_group_decorator.py
[2023-08-07T10:45:29.852+0000] {logging_mixin.py:150} INFO - [2023-08-07T10:45:29.852+0000] {dag.py:2742} INFO - Sync 1 DAGs
[2023-08-07T10:45:29.866+0000] {logging_mixin.py:150} INFO - [2023-08-07T10:45:29.866+0000] {dag.py:3508} INFO - Setting next_dagrun for example_task_group_decorator to 2023-08-06T10:45:29.866055+00:00, run_after=2023-08-07T10:45:29.866055+00:00
[2023-08-07T10:45:29.876+0000] {processor.py:179} INFO - Processing /home/airflow/.local/lib/python3.7/site-packages/airflow/example_dags/example_task_group_decorator.py took 0.056 seconds
[2023-08-07T10:46:00.173+0000] {processor.py:157} INFO - Started process (PID=328) to work on /home/airflow/.local/lib/python3.7/site-packages/airflow/example_dags/example_task_group_decorator.py
[2023-08-07T10:46:00.174+0000] {processor.py:826} INFO - Processing file /home/airflow/.local/lib/python3.7/site-packages/airflow/example_dags/example_task_group_decorator.py for tasks to queue
[2023-08-07T10:46:00.175+0000] {logging_mixin.py:150} INFO - [2023-08-07T10:46:00.175+0000] {dagbag.py:541} INFO - Filling up the DagBag from /home/airflow/.local/lib/python3.7/site-packages/airflow/example_dags/example_task_group_decorator.py
[2023-08-07T10:46:00.184+0000] {processor.py:836} INFO - DAG(s) dict_keys(['example_task_group_decorator']) retrieved from /home/airflow/.local/lib/python3.7/site-packages/airflow/example_dags/example_task_group_decorator.py
[2023-08-07T10:46:00.203+0000] {logging_mixin.py:150} INFO - [2023-08-07T10:46:00.203+0000] {dag.py:2742} INFO - Sync 1 DAGs
[2023-08-07T10:46:00.217+0000] {logging_mixin.py:150} INFO - [2023-08-07T10:46:00.217+0000] {dag.py:3508} INFO - Setting next_dagrun for example_task_group_decorator to 2023-08-06T10:46:00.217314+00:00, run_after=2023-08-07T10:46:00.217314+00:00
[2023-08-07T10:46:00.227+0000] {processor.py:179} INFO - Processing /home/airflow/.local/lib/python3.7/site-packages/airflow/example_dags/example_task_group_decorator.py took 0.056 seconds
[2023-08-07T10:46:30.332+0000] {processor.py:157} INFO - Started process (PID=386) to work on /home/airflow/.local/lib/python3.7/site-packages/airflow/example_dags/example_task_group_decorator.py
[2023-08-07T10:46:30.333+0000] {processor.py:826} INFO - Processing file /home/airflow/.local/lib/python3.7/site-packages/airflow/example_dags/example_task_group_decorator.py for tasks to queue
[2023-08-07T10:46:30.333+0000] {logging_mixin.py:150} INFO - [2023-08-07T10:46:30.333+0000] {dagbag.py:541} INFO - Filling up the DagBag from /home/airflow/.local/lib/python3.7/site-packages/airflow/example_dags/example_task_group_decorator.py
[2023-08-07T10:46:30.342+0000] {processor.py:836} INFO - DAG(s) dict_keys(['example_task_group_decorator']) retrieved from /home/airflow/.local/lib/python3.7/site-packages/airflow/example_dags/example_task_group_decorator.py
[2023-08-07T10:46:30.361+0000] {logging_mixin.py:150} INFO - [2023-08-07T10:46:30.361+0000] {dag.py:2742} INFO - Sync 1 DAGs
[2023-08-07T10:46:30.374+0000] {logging_mixin.py:150} INFO - [2023-08-07T10:46:30.374+0000] {dag.py:3508} INFO - Setting next_dagrun for example_task_group_decorator to 2023-08-06T10:46:30.374664+00:00, run_after=2023-08-07T10:46:30.374664+00:00
[2023-08-07T10:46:30.384+0000] {processor.py:179} INFO - Processing /home/airflow/.local/lib/python3.7/site-packages/airflow/example_dags/example_task_group_decorator.py took 0.055 seconds
[2023-08-07T10:47:00.628+0000] {processor.py:157} INFO - Started process (PID=444) to work on /home/airflow/.local/lib/python3.7/site-packages/airflow/example_dags/example_task_group_decorator.py
[2023-08-07T10:47:00.629+0000] {processor.py:826} INFO - Processing file /home/airflow/.local/lib/python3.7/site-packages/airflow/example_dags/example_task_group_decorator.py for tasks to queue
[2023-08-07T10:47:00.630+0000] {logging_mixin.py:150} INFO - [2023-08-07T10:47:00.629+0000] {dagbag.py:541} INFO - Filling up the DagBag from /home/airflow/.local/lib/python3.7/site-packages/airflow/example_dags/example_task_group_decorator.py
[2023-08-07T10:47:00.639+0000] {processor.py:836} INFO - DAG(s) dict_keys(['example_task_group_decorator']) retrieved from /home/airflow/.local/lib/python3.7/site-packages/airflow/example_dags/example_task_group_decorator.py
[2023-08-07T10:47:00.657+0000] {logging_mixin.py:150} INFO - [2023-08-07T10:47:00.657+0000] {dag.py:2742} INFO - Sync 1 DAGs
[2023-08-07T10:47:00.671+0000] {logging_mixin.py:150} INFO - [2023-08-07T10:47:00.671+0000] {dag.py:3508} INFO - Setting next_dagrun for example_task_group_decorator to 2023-08-06T10:47:00.670843+00:00, run_after=2023-08-07T10:47:00.670843+00:00
[2023-08-07T10:47:00.681+0000] {processor.py:179} INFO - Processing /home/airflow/.local/lib/python3.7/site-packages/airflow/example_dags/example_task_group_decorator.py took 0.056 seconds
[2023-08-07T10:47:30.765+0000] {processor.py:157} INFO - Started process (PID=502) to work on /home/airflow/.local/lib/python3.7/site-packages/airflow/example_dags/example_task_group_decorator.py
[2023-08-07T10:47:30.765+0000] {processor.py:826} INFO - Processing file /home/airflow/.local/lib/python3.7/site-packages/airflow/example_dags/example_task_group_decorator.py for tasks to queue
[2023-08-07T10:47:30.767+0000] {logging_mixin.py:150} INFO - [2023-08-07T10:47:30.766+0000] {dagbag.py:541} INFO - Filling up the DagBag from /home/airflow/.local/lib/python3.7/site-packages/airflow/example_dags/example_task_group_decorator.py
[2023-08-07T10:47:30.776+0000] {processor.py:836} INFO - DAG(s) dict_keys(['example_task_group_decorator']) retrieved from /home/airflow/.local/lib/python3.7/site-packages/airflow/example_dags/example_task_group_decorator.py
[2023-08-07T10:47:30.796+0000] {logging_mixin.py:150} INFO - [2023-08-07T10:47:30.796+0000] {dag.py:2742} INFO - Sync 1 DAGs
[2023-08-07T10:47:30.810+0000] {logging_mixin.py:150} INFO - [2023-08-07T10:47:30.810+0000] {dag.py:3508} INFO - Setting next_dagrun for example_task_group_decorator to 2023-08-06T10:47:30.810494+00:00, run_after=2023-08-07T10:47:30.810494+00:00
[2023-08-07T10:47:30.821+0000] {processor.py:179} INFO - Processing /home/airflow/.local/lib/python3.7/site-packages/airflow/example_dags/example_task_group_decorator.py took 0.059 seconds
[2023-08-07T10:48:00.886+0000] {processor.py:157} INFO - Started process (PID=560) to work on /home/airflow/.local/lib/python3.7/site-packages/airflow/example_dags/example_task_group_decorator.py
[2023-08-07T10:48:00.887+0000] {processor.py:826} INFO - Processing file /home/airflow/.local/lib/python3.7/site-packages/airflow/example_dags/example_task_group_decorator.py for tasks to queue
[2023-08-07T10:48:00.887+0000] {logging_mixin.py:150} INFO - [2023-08-07T10:48:00.887+0000] {dagbag.py:541} INFO - Filling up the DagBag from /home/airflow/.local/lib/python3.7/site-packages/airflow/example_dags/example_task_group_decorator.py
[2023-08-07T10:48:00.896+0000] {processor.py:836} INFO - DAG(s) dict_keys(['example_task_group_decorator']) retrieved from /home/airflow/.local/lib/python3.7/site-packages/airflow/example_dags/example_task_group_decorator.py
[2023-08-07T10:48:00.915+0000] {logging_mixin.py:150} INFO - [2023-08-07T10:48:00.915+0000] {dag.py:2742} INFO - Sync 1 DAGs
[2023-08-07T10:48:00.929+0000] {logging_mixin.py:150} INFO - [2023-08-07T10:48:00.929+0000] {dag.py:3508} INFO - Setting next_dagrun for example_task_group_decorator to 2023-08-06T10:48:00.929344+00:00, run_after=2023-08-07T10:48:00.929344+00:00
[2023-08-07T10:48:00.939+0000] {processor.py:179} INFO - Processing /home/airflow/.local/lib/python3.7/site-packages/airflow/example_dags/example_task_group_decorator.py took 0.056 seconds
[2023-08-07T10:48:31.367+0000] {processor.py:157} INFO - Started process (PID=618) to work on /home/airflow/.local/lib/python3.7/site-packages/airflow/example_dags/example_task_group_decorator.py
[2023-08-07T10:48:31.368+0000] {processor.py:826} INFO - Processing file /home/airflow/.local/lib/python3.7/site-packages/airflow/example_dags/example_task_group_decorator.py for tasks to queue
[2023-08-07T10:48:31.369+0000] {logging_mixin.py:150} INFO - [2023-08-07T10:48:31.369+0000] {dagbag.py:541} INFO - Filling up the DagBag from /home/airflow/.local/lib/python3.7/site-packages/airflow/example_dags/example_task_group_decorator.py
[2023-08-07T10:48:31.378+0000] {processor.py:836} INFO - DAG(s) dict_keys(['example_task_group_decorator']) retrieved from /home/airflow/.local/lib/python3.7/site-packages/airflow/example_dags/example_task_group_decorator.py
[2023-08-07T10:48:31.398+0000] {logging_mixin.py:150} INFO - [2023-08-07T10:48:31.398+0000] {dag.py:2742} INFO - Sync 1 DAGs
[2023-08-07T10:48:31.413+0000] {logging_mixin.py:150} INFO - [2023-08-07T10:48:31.413+0000] {dag.py:3508} INFO - Setting next_dagrun for example_task_group_decorator to 2023-08-06T10:48:31.413092+00:00, run_after=2023-08-07T10:48:31.413092+00:00
[2023-08-07T10:48:31.425+0000] {processor.py:179} INFO - Processing /home/airflow/.local/lib/python3.7/site-packages/airflow/example_dags/example_task_group_decorator.py took 0.060 seconds
[2023-08-07T10:49:01.651+0000] {processor.py:157} INFO - Started process (PID=677) to work on /home/airflow/.local/lib/python3.7/site-packages/airflow/example_dags/example_task_group_decorator.py
[2023-08-07T10:49:01.652+0000] {processor.py:826} INFO - Processing file /home/airflow/.local/lib/python3.7/site-packages/airflow/example_dags/example_task_group_decorator.py for tasks to queue
[2023-08-07T10:49:01.653+0000] {logging_mixin.py:150} INFO - [2023-08-07T10:49:01.653+0000] {dagbag.py:541} INFO - Filling up the DagBag from /home/airflow/.local/lib/python3.7/site-packages/airflow/example_dags/example_task_group_decorator.py
[2023-08-07T10:49:01.662+0000] {processor.py:836} INFO - DAG(s) dict_keys(['example_task_group_decorator']) retrieved from /home/airflow/.local/lib/python3.7/site-packages/airflow/example_dags/example_task_group_decorator.py
[2023-08-07T10:49:01.681+0000] {logging_mixin.py:150} INFO - [2023-08-07T10:49:01.681+0000] {dag.py:2742} INFO - Sync 1 DAGs
[2023-08-07T10:49:01.695+0000] {logging_mixin.py:150} INFO - [2023-08-07T10:49:01.695+0000] {dag.py:3508} INFO - Setting next_dagrun for example_task_group_decorator to 2023-08-06T10:49:01.695690+00:00, run_after=2023-08-07T10:49:01.695690+00:00
[2023-08-07T10:49:01.706+0000] {processor.py:179} INFO - Processing /home/airflow/.local/lib/python3.7/site-packages/airflow/example_dags/example_task_group_decorator.py took 0.057 seconds
[2023-08-07T10:49:31.917+0000] {processor.py:157} INFO - Started process (PID=735) to work on /home/airflow/.local/lib/python3.7/site-packages/airflow/example_dags/example_task_group_decorator.py
[2023-08-07T10:49:31.918+0000] {processor.py:826} INFO - Processing file /home/airflow/.local/lib/python3.7/site-packages/airflow/example_dags/example_task_group_decorator.py for tasks to queue
[2023-08-07T10:49:31.919+0000] {logging_mixin.py:150} INFO - [2023-08-07T10:49:31.919+0000] {dagbag.py:541} INFO - Filling up the DagBag from /home/airflow/.local/lib/python3.7/site-packages/airflow/example_dags/example_task_group_decorator.py
[2023-08-07T10:49:31.929+0000] {processor.py:836} INFO - DAG(s) dict_keys(['example_task_group_decorator']) retrieved from /home/airflow/.local/lib/python3.7/site-packages/airflow/example_dags/example_task_group_decorator.py
[2023-08-07T10:49:31.947+0000] {logging_mixin.py:150} INFO - [2023-08-07T10:49:31.947+0000] {dag.py:2742} INFO - Sync 1 DAGs
[2023-08-07T10:49:31.961+0000] {logging_mixin.py:150} INFO - [2023-08-07T10:49:31.961+0000] {dag.py:3508} INFO - Setting next_dagrun for example_task_group_decorator to 2023-08-06T10:49:31.961226+00:00, run_after=2023-08-07T10:49:31.961226+00:00
[2023-08-07T10:49:31.971+0000] {processor.py:179} INFO - Processing /home/airflow/.local/lib/python3.7/site-packages/airflow/example_dags/example_task_group_decorator.py took 0.056 seconds
[2023-08-07T10:50:02.134+0000] {processor.py:157} INFO - Started process (PID=793) to work on /home/airflow/.local/lib/python3.7/site-packages/airflow/example_dags/example_task_group_decorator.py
[2023-08-07T10:50:02.135+0000] {processor.py:826} INFO - Processing file /home/airflow/.local/lib/python3.7/site-packages/airflow/example_dags/example_task_group_decorator.py for tasks to queue
[2023-08-07T10:50:02.135+0000] {logging_mixin.py:150} INFO - [2023-08-07T10:50:02.135+0000] {dagbag.py:541} INFO - Filling up the DagBag from /home/airflow/.local/lib/python3.7/site-packages/airflow/example_dags/example_task_group_decorator.py
[2023-08-07T10:50:02.144+0000] {processor.py:836} INFO - DAG(s) dict_keys(['example_task_group_decorator']) retrieved from /home/airflow/.local/lib/python3.7/site-packages/airflow/example_dags/example_task_group_decorator.py
[2023-08-07T10:50:02.163+0000] {logging_mixin.py:150} INFO - [2023-08-07T10:50:02.163+0000] {dag.py:2742} INFO - Sync 1 DAGs
[2023-08-07T10:50:02.177+0000] {logging_mixin.py:150} INFO - [2023-08-07T10:50:02.176+0000] {dag.py:3508} INFO - Setting next_dagrun for example_task_group_decorator to 2023-08-06T10:50:02.176751+00:00, run_after=2023-08-07T10:50:02.176751+00:00
[2023-08-07T10:50:02.186+0000] {processor.py:179} INFO - Processing /home/airflow/.local/lib/python3.7/site-packages/airflow/example_dags/example_task_group_decorator.py took 0.055 seconds
[2023-08-07T10:50:32.393+0000] {processor.py:157} INFO - Started process (PID=850) to work on /home/airflow/.local/lib/python3.7/site-packages/airflow/example_dags/example_task_group_decorator.py
[2023-08-07T10:50:32.394+0000] {processor.py:826} INFO - Processing file /home/airflow/.local/lib/python3.7/site-packages/airflow/example_dags/example_task_group_decorator.py for tasks to queue
[2023-08-07T10:50:32.395+0000] {logging_mixin.py:150} INFO - [2023-08-07T10:50:32.395+0000] {dagbag.py:541} INFO - Filling up the DagBag from /home/airflow/.local/lib/python3.7/site-packages/airflow/example_dags/example_task_group_decorator.py
[2023-08-07T10:50:32.405+0000] {processor.py:836} INFO - DAG(s) dict_keys(['example_task_group_decorator']) retrieved from /home/airflow/.local/lib/python3.7/site-packages/airflow/example_dags/example_task_group_decorator.py
[2023-08-07T10:50:32.423+0000] {logging_mixin.py:150} INFO - [2023-08-07T10:50:32.423+0000] {dag.py:2742} INFO - Sync 1 DAGs
[2023-08-07T10:50:32.437+0000] {logging_mixin.py:150} INFO - [2023-08-07T10:50:32.437+0000] {dag.py:3508} INFO - Setting next_dagrun for example_task_group_decorator to 2023-08-06T10:50:32.436882+00:00, run_after=2023-08-07T10:50:32.436882+00:00
[2023-08-07T10:50:32.446+0000] {processor.py:179} INFO - Processing /home/airflow/.local/lib/python3.7/site-packages/airflow/example_dags/example_task_group_decorator.py took 0.056 seconds
[2023-08-07T10:51:02.527+0000] {processor.py:157} INFO - Started process (PID=908) to work on /home/airflow/.local/lib/python3.7/site-packages/airflow/example_dags/example_task_group_decorator.py
[2023-08-07T10:51:02.528+0000] {processor.py:826} INFO - Processing file /home/airflow/.local/lib/python3.7/site-packages/airflow/example_dags/example_task_group_decorator.py for tasks to queue
[2023-08-07T10:51:02.529+0000] {logging_mixin.py:150} INFO - [2023-08-07T10:51:02.529+0000] {dagbag.py:541} INFO - Filling up the DagBag from /home/airflow/.local/lib/python3.7/site-packages/airflow/example_dags/example_task_group_decorator.py
[2023-08-07T10:51:02.538+0000] {processor.py:836} INFO - DAG(s) dict_keys(['example_task_group_decorator']) retrieved from /home/airflow/.local/lib/python3.7/site-packages/airflow/example_dags/example_task_group_decorator.py
[2023-08-07T10:51:02.558+0000] {logging_mixin.py:150} INFO - [2023-08-07T10:51:02.558+0000] {dag.py:2742} INFO - Sync 1 DAGs
[2023-08-07T10:51:02.572+0000] {logging_mixin.py:150} INFO - [2023-08-07T10:51:02.572+0000] {dag.py:3508} INFO - Setting next_dagrun for example_task_group_decorator to 2023-08-06T10:51:02.572544+00:00, run_after=2023-08-07T10:51:02.572544+00:00
[2023-08-07T10:51:02.582+0000] {processor.py:179} INFO - Processing /home/airflow/.local/lib/python3.7/site-packages/airflow/example_dags/example_task_group_decorator.py took 0.058 seconds
[2023-08-07T10:51:32.916+0000] {processor.py:157} INFO - Started process (PID=966) to work on /home/airflow/.local/lib/python3.7/site-packages/airflow/example_dags/example_task_group_decorator.py
[2023-08-07T10:51:32.917+0000] {processor.py:826} INFO - Processing file /home/airflow/.local/lib/python3.7/site-packages/airflow/example_dags/example_task_group_decorator.py for tasks to queue
[2023-08-07T10:51:32.918+0000] {logging_mixin.py:150} INFO - [2023-08-07T10:51:32.918+0000] {dagbag.py:541} INFO - Filling up the DagBag from /home/airflow/.local/lib/python3.7/site-packages/airflow/example_dags/example_task_group_decorator.py
[2023-08-07T10:51:32.927+0000] {processor.py:836} INFO - DAG(s) dict_keys(['example_task_group_decorator']) retrieved from /home/airflow/.local/lib/python3.7/site-packages/airflow/example_dags/example_task_group_decorator.py
[2023-08-07T10:51:32.946+0000] {logging_mixin.py:150} INFO - [2023-08-07T10:51:32.946+0000] {dag.py:2742} INFO - Sync 1 DAGs
[2023-08-07T10:51:32.961+0000] {logging_mixin.py:150} INFO - [2023-08-07T10:51:32.961+0000] {dag.py:3508} INFO - Setting next_dagrun for example_task_group_decorator to 2023-08-06T10:51:32.960931+00:00, run_after=2023-08-07T10:51:32.960931+00:00
[2023-08-07T10:51:32.971+0000] {processor.py:179} INFO - Processing /home/airflow/.local/lib/python3.7/site-packages/airflow/example_dags/example_task_group_decorator.py took 0.057 seconds
[2023-08-07T10:52:03.120+0000] {processor.py:157} INFO - Started process (PID=1024) to work on /home/airflow/.local/lib/python3.7/site-packages/airflow/example_dags/example_task_group_decorator.py
[2023-08-07T10:52:03.121+0000] {processor.py:826} INFO - Processing file /home/airflow/.local/lib/python3.7/site-packages/airflow/example_dags/example_task_group_decorator.py for tasks to queue
[2023-08-07T10:52:03.122+0000] {logging_mixin.py:150} INFO - [2023-08-07T10:52:03.122+0000] {dagbag.py:541} INFO - Filling up the DagBag from /home/airflow/.local/lib/python3.7/site-packages/airflow/example_dags/example_task_group_decorator.py
[2023-08-07T10:52:03.130+0000] {processor.py:836} INFO - DAG(s) dict_keys(['example_task_group_decorator']) retrieved from /home/airflow/.local/lib/python3.7/site-packages/airflow/example_dags/example_task_group_decorator.py
[2023-08-07T10:52:03.149+0000] {logging_mixin.py:150} INFO - [2023-08-07T10:52:03.149+0000] {dag.py:2742} INFO - Sync 1 DAGs
[2023-08-07T10:52:03.163+0000] {logging_mixin.py:150} INFO - [2023-08-07T10:52:03.162+0000] {dag.py:3508} INFO - Setting next_dagrun for example_task_group_decorator to 2023-08-06T10:52:03.162794+00:00, run_after=2023-08-07T10:52:03.162794+00:00
[2023-08-07T10:52:03.173+0000] {processor.py:179} INFO - Processing /home/airflow/.local/lib/python3.7/site-packages/airflow/example_dags/example_task_group_decorator.py took 0.055 seconds
[2023-08-07T10:52:33.528+0000] {processor.py:157} INFO - Started process (PID=1082) to work on /home/airflow/.local/lib/python3.7/site-packages/airflow/example_dags/example_task_group_decorator.py
[2023-08-07T10:52:33.529+0000] {processor.py:826} INFO - Processing file /home/airflow/.local/lib/python3.7/site-packages/airflow/example_dags/example_task_group_decorator.py for tasks to queue
[2023-08-07T10:52:33.530+0000] {logging_mixin.py:150} INFO - [2023-08-07T10:52:33.530+0000] {dagbag.py:541} INFO - Filling up the DagBag from /home/airflow/.local/lib/python3.7/site-packages/airflow/example_dags/example_task_group_decorator.py
[2023-08-07T10:52:33.540+0000] {processor.py:836} INFO - DAG(s) dict_keys(['example_task_group_decorator']) retrieved from /home/airflow/.local/lib/python3.7/site-packages/airflow/example_dags/example_task_group_decorator.py
[2023-08-07T10:52:33.559+0000] {logging_mixin.py:150} INFO - [2023-08-07T10:52:33.559+0000] {dag.py:2742} INFO - Sync 1 DAGs
[2023-08-07T10:52:33.573+0000] {logging_mixin.py:150} INFO - [2023-08-07T10:52:33.573+0000] {dag.py:3508} INFO - Setting next_dagrun for example_task_group_decorator to 2023-08-06T10:52:33.572990+00:00, run_after=2023-08-07T10:52:33.572990+00:00
[2023-08-07T10:52:33.582+0000] {processor.py:179} INFO - Processing /home/airflow/.local/lib/python3.7/site-packages/airflow/example_dags/example_task_group_decorator.py took 0.057 seconds
[2023-08-07T10:53:03.745+0000] {processor.py:157} INFO - Started process (PID=1140) to work on /home/airflow/.local/lib/python3.7/site-packages/airflow/example_dags/example_task_group_decorator.py
[2023-08-07T10:53:03.746+0000] {processor.py:826} INFO - Processing file /home/airflow/.local/lib/python3.7/site-packages/airflow/example_dags/example_task_group_decorator.py for tasks to queue
[2023-08-07T10:53:03.747+0000] {logging_mixin.py:150} INFO - [2023-08-07T10:53:03.746+0000] {dagbag.py:541} INFO - Filling up the DagBag from /home/airflow/.local/lib/python3.7/site-packages/airflow/example_dags/example_task_group_decorator.py
[2023-08-07T10:53:03.756+0000] {processor.py:836} INFO - DAG(s) dict_keys(['example_task_group_decorator']) retrieved from /home/airflow/.local/lib/python3.7/site-packages/airflow/example_dags/example_task_group_decorator.py
[2023-08-07T10:53:03.775+0000] {logging_mixin.py:150} INFO - [2023-08-07T10:53:03.775+0000] {dag.py:2742} INFO - Sync 1 DAGs
[2023-08-07T10:53:03.789+0000] {logging_mixin.py:150} INFO - [2023-08-07T10:53:03.789+0000] {dag.py:3508} INFO - Setting next_dagrun for example_task_group_decorator to 2023-08-06T10:53:03.789362+00:00, run_after=2023-08-07T10:53:03.789362+00:00
[2023-08-07T10:53:03.799+0000] {processor.py:179} INFO - Processing /home/airflow/.local/lib/python3.7/site-packages/airflow/example_dags/example_task_group_decorator.py took 0.057 seconds
[2023-08-07T10:53:33.969+0000] {processor.py:157} INFO - Started process (PID=1198) to work on /home/airflow/.local/lib/python3.7/site-packages/airflow/example_dags/example_task_group_decorator.py
[2023-08-07T10:53:33.970+0000] {processor.py:826} INFO - Processing file /home/airflow/.local/lib/python3.7/site-packages/airflow/example_dags/example_task_group_decorator.py for tasks to queue
[2023-08-07T10:53:33.971+0000] {logging_mixin.py:150} INFO - [2023-08-07T10:53:33.971+0000] {dagbag.py:541} INFO - Filling up the DagBag from /home/airflow/.local/lib/python3.7/site-packages/airflow/example_dags/example_task_group_decorator.py
[2023-08-07T10:53:33.979+0000] {processor.py:836} INFO - DAG(s) dict_keys(['example_task_group_decorator']) retrieved from /home/airflow/.local/lib/python3.7/site-packages/airflow/example_dags/example_task_group_decorator.py
[2023-08-07T10:53:33.998+0000] {logging_mixin.py:150} INFO - [2023-08-07T10:53:33.998+0000] {dag.py:2742} INFO - Sync 1 DAGs
[2023-08-07T10:53:34.012+0000] {logging_mixin.py:150} INFO - [2023-08-07T10:53:34.012+0000] {dag.py:3508} INFO - Setting next_dagrun for example_task_group_decorator to 2023-08-06T10:53:34.011830+00:00, run_after=2023-08-07T10:53:34.011830+00:00
[2023-08-07T10:53:34.022+0000] {processor.py:179} INFO - Processing /home/airflow/.local/lib/python3.7/site-packages/airflow/example_dags/example_task_group_decorator.py took 0.055 seconds
[2023-08-07T10:54:04.283+0000] {processor.py:157} INFO - Started process (PID=1256) to work on /home/airflow/.local/lib/python3.7/site-packages/airflow/example_dags/example_task_group_decorator.py
[2023-08-07T10:54:04.284+0000] {processor.py:826} INFO - Processing file /home/airflow/.local/lib/python3.7/site-packages/airflow/example_dags/example_task_group_decorator.py for tasks to queue
[2023-08-07T10:54:04.285+0000] {logging_mixin.py:150} INFO - [2023-08-07T10:54:04.285+0000] {dagbag.py:541} INFO - Filling up the DagBag from /home/airflow/.local/lib/python3.7/site-packages/airflow/example_dags/example_task_group_decorator.py
[2023-08-07T10:54:04.294+0000] {processor.py:836} INFO - DAG(s) dict_keys(['example_task_group_decorator']) retrieved from /home/airflow/.local/lib/python3.7/site-packages/airflow/example_dags/example_task_group_decorator.py
[2023-08-07T10:54:04.313+0000] {logging_mixin.py:150} INFO - [2023-08-07T10:54:04.313+0000] {dag.py:2742} INFO - Sync 1 DAGs
[2023-08-07T10:54:04.327+0000] {logging_mixin.py:150} INFO - [2023-08-07T10:54:04.327+0000] {dag.py:3508} INFO - Setting next_dagrun for example_task_group_decorator to 2023-08-06T10:54:04.327188+00:00, run_after=2023-08-07T10:54:04.327188+00:00
[2023-08-07T10:54:04.336+0000] {processor.py:179} INFO - Processing /home/airflow/.local/lib/python3.7/site-packages/airflow/example_dags/example_task_group_decorator.py took 0.056 seconds
[2023-08-07T10:54:34.481+0000] {processor.py:157} INFO - Started process (PID=1314) to work on /home/airflow/.local/lib/python3.7/site-packages/airflow/example_dags/example_task_group_decorator.py
[2023-08-07T10:54:34.481+0000] {processor.py:826} INFO - Processing file /home/airflow/.local/lib/python3.7/site-packages/airflow/example_dags/example_task_group_decorator.py for tasks to queue
[2023-08-07T10:54:34.482+0000] {logging_mixin.py:150} INFO - [2023-08-07T10:54:34.482+0000] {dagbag.py:541} INFO - Filling up the DagBag from /home/airflow/.local/lib/python3.7/site-packages/airflow/example_dags/example_task_group_decorator.py
[2023-08-07T10:54:34.491+0000] {processor.py:836} INFO - DAG(s) dict_keys(['example_task_group_decorator']) retrieved from /home/airflow/.local/lib/python3.7/site-packages/airflow/example_dags/example_task_group_decorator.py
[2023-08-07T10:54:34.510+0000] {logging_mixin.py:150} INFO - [2023-08-07T10:54:34.510+0000] {dag.py:2742} INFO - Sync 1 DAGs
[2023-08-07T10:54:34.524+0000] {logging_mixin.py:150} INFO - [2023-08-07T10:54:34.524+0000] {dag.py:3508} INFO - Setting next_dagrun for example_task_group_decorator to 2023-08-06T10:54:34.524645+00:00, run_after=2023-08-07T10:54:34.524645+00:00
[2023-08-07T10:54:34.535+0000] {processor.py:179} INFO - Processing /home/airflow/.local/lib/python3.7/site-packages/airflow/example_dags/example_task_group_decorator.py took 0.057 seconds
[2023-08-07T10:55:04.829+0000] {processor.py:157} INFO - Started process (PID=1372) to work on /home/airflow/.local/lib/python3.7/site-packages/airflow/example_dags/example_task_group_decorator.py
[2023-08-07T10:55:04.830+0000] {processor.py:826} INFO - Processing file /home/airflow/.local/lib/python3.7/site-packages/airflow/example_dags/example_task_group_decorator.py for tasks to queue
[2023-08-07T10:55:04.831+0000] {logging_mixin.py:150} INFO - [2023-08-07T10:55:04.830+0000] {dagbag.py:541} INFO - Filling up the DagBag from /home/airflow/.local/lib/python3.7/site-packages/airflow/example_dags/example_task_group_decorator.py
[2023-08-07T10:55:04.840+0000] {processor.py:836} INFO - DAG(s) dict_keys(['example_task_group_decorator']) retrieved from /home/airflow/.local/lib/python3.7/site-packages/airflow/example_dags/example_task_group_decorator.py
[2023-08-07T10:55:04.859+0000] {logging_mixin.py:150} INFO - [2023-08-07T10:55:04.859+0000] {dag.py:2742} INFO - Sync 1 DAGs
[2023-08-07T10:55:04.874+0000] {logging_mixin.py:150} INFO - [2023-08-07T10:55:04.874+0000] {dag.py:3508} INFO - Setting next_dagrun for example_task_group_decorator to 2023-08-06T10:55:04.874056+00:00, run_after=2023-08-07T10:55:04.874056+00:00
[2023-08-07T10:55:04.885+0000] {processor.py:179} INFO - Processing /home/airflow/.local/lib/python3.7/site-packages/airflow/example_dags/example_task_group_decorator.py took 0.059 seconds
[2023-08-07T10:55:35.049+0000] {processor.py:157} INFO - Started process (PID=1430) to work on /home/airflow/.local/lib/python3.7/site-packages/airflow/example_dags/example_task_group_decorator.py
[2023-08-07T10:55:35.050+0000] {processor.py:826} INFO - Processing file /home/airflow/.local/lib/python3.7/site-packages/airflow/example_dags/example_task_group_decorator.py for tasks to queue
[2023-08-07T10:55:35.051+0000] {logging_mixin.py:150} INFO - [2023-08-07T10:55:35.051+0000] {dagbag.py:541} INFO - Filling up the DagBag from /home/airflow/.local/lib/python3.7/site-packages/airflow/example_dags/example_task_group_decorator.py
[2023-08-07T10:55:35.060+0000] {processor.py:836} INFO - DAG(s) dict_keys(['example_task_group_decorator']) retrieved from /home/airflow/.local/lib/python3.7/site-packages/airflow/example_dags/example_task_group_decorator.py
[2023-08-07T10:55:35.080+0000] {logging_mixin.py:150} INFO - [2023-08-07T10:55:35.080+0000] {dag.py:2742} INFO - Sync 1 DAGs
[2023-08-07T10:55:35.093+0000] {logging_mixin.py:150} INFO - [2023-08-07T10:55:35.093+0000] {dag.py:3508} INFO - Setting next_dagrun for example_task_group_decorator to 2023-08-06T10:55:35.093102+00:00, run_after=2023-08-07T10:55:35.093102+00:00
[2023-08-07T10:55:35.103+0000] {processor.py:179} INFO - Processing /home/airflow/.local/lib/python3.7/site-packages/airflow/example_dags/example_task_group_decorator.py took 0.057 seconds
[2023-08-07T10:56:05.333+0000] {processor.py:157} INFO - Started process (PID=1488) to work on /home/airflow/.local/lib/python3.7/site-packages/airflow/example_dags/example_task_group_decorator.py
[2023-08-07T10:56:05.334+0000] {processor.py:826} INFO - Processing file /home/airflow/.local/lib/python3.7/site-packages/airflow/example_dags/example_task_group_decorator.py for tasks to queue
[2023-08-07T10:56:05.335+0000] {logging_mixin.py:150} INFO - [2023-08-07T10:56:05.335+0000] {dagbag.py:541} INFO - Filling up the DagBag from /home/airflow/.local/lib/python3.7/site-packages/airflow/example_dags/example_task_group_decorator.py
[2023-08-07T10:56:05.344+0000] {processor.py:836} INFO - DAG(s) dict_keys(['example_task_group_decorator']) retrieved from /home/airflow/.local/lib/python3.7/site-packages/airflow/example_dags/example_task_group_decorator.py
[2023-08-07T10:56:05.364+0000] {logging_mixin.py:150} INFO - [2023-08-07T10:56:05.364+0000] {dag.py:2742} INFO - Sync 1 DAGs
[2023-08-07T10:56:05.378+0000] {logging_mixin.py:150} INFO - [2023-08-07T10:56:05.378+0000] {dag.py:3508} INFO - Setting next_dagrun for example_task_group_decorator to 2023-08-06T10:56:05.378512+00:00, run_after=2023-08-07T10:56:05.378512+00:00
[2023-08-07T10:56:05.388+0000] {processor.py:179} INFO - Processing /home/airflow/.local/lib/python3.7/site-packages/airflow/example_dags/example_task_group_decorator.py took 0.057 seconds
[2023-08-07T10:56:35.685+0000] {processor.py:157} INFO - Started process (PID=1546) to work on /home/airflow/.local/lib/python3.7/site-packages/airflow/example_dags/example_task_group_decorator.py
[2023-08-07T10:56:35.686+0000] {processor.py:826} INFO - Processing file /home/airflow/.local/lib/python3.7/site-packages/airflow/example_dags/example_task_group_decorator.py for tasks to queue
[2023-08-07T10:56:35.687+0000] {logging_mixin.py:150} INFO - [2023-08-07T10:56:35.687+0000] {dagbag.py:541} INFO - Filling up the DagBag from /home/airflow/.local/lib/python3.7/site-packages/airflow/example_dags/example_task_group_decorator.py
[2023-08-07T10:56:35.697+0000] {processor.py:836} INFO - DAG(s) dict_keys(['example_task_group_decorator']) retrieved from /home/airflow/.local/lib/python3.7/site-packages/airflow/example_dags/example_task_group_decorator.py
[2023-08-07T10:56:35.715+0000] {logging_mixin.py:150} INFO - [2023-08-07T10:56:35.715+0000] {dag.py:2742} INFO - Sync 1 DAGs
[2023-08-07T10:56:35.729+0000] {logging_mixin.py:150} INFO - [2023-08-07T10:56:35.729+0000] {dag.py:3508} INFO - Setting next_dagrun for example_task_group_decorator to 2023-08-06T10:56:35.728843+00:00, run_after=2023-08-07T10:56:35.728843+00:00
[2023-08-07T10:56:35.739+0000] {processor.py:179} INFO - Processing /home/airflow/.local/lib/python3.7/site-packages/airflow/example_dags/example_task_group_decorator.py took 0.056 seconds
[2023-08-07T10:57:06.110+0000] {processor.py:157} INFO - Started process (PID=1603) to work on /home/airflow/.local/lib/python3.7/site-packages/airflow/example_dags/example_task_group_decorator.py
[2023-08-07T10:57:06.111+0000] {processor.py:826} INFO - Processing file /home/airflow/.local/lib/python3.7/site-packages/airflow/example_dags/example_task_group_decorator.py for tasks to queue
[2023-08-07T10:57:06.111+0000] {logging_mixin.py:150} INFO - [2023-08-07T10:57:06.111+0000] {dagbag.py:541} INFO - Filling up the DagBag from /home/airflow/.local/lib/python3.7/site-packages/airflow/example_dags/example_task_group_decorator.py
[2023-08-07T10:57:06.121+0000] {processor.py:836} INFO - DAG(s) dict_keys(['example_task_group_decorator']) retrieved from /home/airflow/.local/lib/python3.7/site-packages/airflow/example_dags/example_task_group_decorator.py
[2023-08-07T10:57:06.140+0000] {logging_mixin.py:150} INFO - [2023-08-07T10:57:06.140+0000] {dag.py:2742} INFO - Sync 1 DAGs
[2023-08-07T10:57:06.154+0000] {logging_mixin.py:150} INFO - [2023-08-07T10:57:06.154+0000] {dag.py:3508} INFO - Setting next_dagrun for example_task_group_decorator to 2023-08-06T10:57:06.153927+00:00, run_after=2023-08-07T10:57:06.153927+00:00
[2023-08-07T10:57:06.164+0000] {processor.py:179} INFO - Processing /home/airflow/.local/lib/python3.7/site-packages/airflow/example_dags/example_task_group_decorator.py took 0.056 seconds
[2023-08-07T10:57:36.393+0000] {processor.py:157} INFO - Started process (PID=1661) to work on /home/airflow/.local/lib/python3.7/site-packages/airflow/example_dags/example_task_group_decorator.py
[2023-08-07T10:57:36.394+0000] {processor.py:826} INFO - Processing file /home/airflow/.local/lib/python3.7/site-packages/airflow/example_dags/example_task_group_decorator.py for tasks to queue
[2023-08-07T10:57:36.395+0000] {logging_mixin.py:150} INFO - [2023-08-07T10:57:36.394+0000] {dagbag.py:541} INFO - Filling up the DagBag from /home/airflow/.local/lib/python3.7/site-packages/airflow/example_dags/example_task_group_decorator.py
[2023-08-07T10:57:36.404+0000] {processor.py:836} INFO - DAG(s) dict_keys(['example_task_group_decorator']) retrieved from /home/airflow/.local/lib/python3.7/site-packages/airflow/example_dags/example_task_group_decorator.py
[2023-08-07T10:57:36.423+0000] {logging_mixin.py:150} INFO - [2023-08-07T10:57:36.423+0000] {dag.py:2742} INFO - Sync 1 DAGs
[2023-08-07T10:57:36.437+0000] {logging_mixin.py:150} INFO - [2023-08-07T10:57:36.437+0000] {dag.py:3508} INFO - Setting next_dagrun for example_task_group_decorator to 2023-08-06T10:57:36.437154+00:00, run_after=2023-08-07T10:57:36.437154+00:00
[2023-08-07T10:57:36.447+0000] {processor.py:179} INFO - Processing /home/airflow/.local/lib/python3.7/site-packages/airflow/example_dags/example_task_group_decorator.py took 0.057 seconds
[2023-08-07T10:58:06.754+0000] {processor.py:157} INFO - Started process (PID=1719) to work on /home/airflow/.local/lib/python3.7/site-packages/airflow/example_dags/example_task_group_decorator.py
[2023-08-07T10:58:06.755+0000] {processor.py:826} INFO - Processing file /home/airflow/.local/lib/python3.7/site-packages/airflow/example_dags/example_task_group_decorator.py for tasks to queue
[2023-08-07T10:58:06.756+0000] {logging_mixin.py:150} INFO - [2023-08-07T10:58:06.756+0000] {dagbag.py:541} INFO - Filling up the DagBag from /home/airflow/.local/lib/python3.7/site-packages/airflow/example_dags/example_task_group_decorator.py
[2023-08-07T10:58:06.765+0000] {processor.py:836} INFO - DAG(s) dict_keys(['example_task_group_decorator']) retrieved from /home/airflow/.local/lib/python3.7/site-packages/airflow/example_dags/example_task_group_decorator.py
[2023-08-07T10:58:06.785+0000] {logging_mixin.py:150} INFO - [2023-08-07T10:58:06.784+0000] {dag.py:2742} INFO - Sync 1 DAGs
[2023-08-07T10:58:06.798+0000] {logging_mixin.py:150} INFO - [2023-08-07T10:58:06.798+0000] {dag.py:3508} INFO - Setting next_dagrun for example_task_group_decorator to 2023-08-06T10:58:06.798275+00:00, run_after=2023-08-07T10:58:06.798275+00:00
[2023-08-07T10:58:06.808+0000] {processor.py:179} INFO - Processing /home/airflow/.local/lib/python3.7/site-packages/airflow/example_dags/example_task_group_decorator.py took 0.056 seconds
[2023-08-07T10:58:36.938+0000] {processor.py:157} INFO - Started process (PID=1778) to work on /home/airflow/.local/lib/python3.7/site-packages/airflow/example_dags/example_task_group_decorator.py
[2023-08-07T10:58:36.939+0000] {processor.py:826} INFO - Processing file /home/airflow/.local/lib/python3.7/site-packages/airflow/example_dags/example_task_group_decorator.py for tasks to queue
[2023-08-07T10:58:36.940+0000] {logging_mixin.py:150} INFO - [2023-08-07T10:58:36.940+0000] {dagbag.py:541} INFO - Filling up the DagBag from /home/airflow/.local/lib/python3.7/site-packages/airflow/example_dags/example_task_group_decorator.py
[2023-08-07T10:58:36.949+0000] {processor.py:836} INFO - DAG(s) dict_keys(['example_task_group_decorator']) retrieved from /home/airflow/.local/lib/python3.7/site-packages/airflow/example_dags/example_task_group_decorator.py
[2023-08-07T10:58:36.967+0000] {logging_mixin.py:150} INFO - [2023-08-07T10:58:36.967+0000] {dag.py:2742} INFO - Sync 1 DAGs
[2023-08-07T10:58:36.981+0000] {logging_mixin.py:150} INFO - [2023-08-07T10:58:36.980+0000] {dag.py:3508} INFO - Setting next_dagrun for example_task_group_decorator to 2023-08-06T10:58:36.980737+00:00, run_after=2023-08-07T10:58:36.980737+00:00
[2023-08-07T10:58:36.991+0000] {processor.py:179} INFO - Processing /home/airflow/.local/lib/python3.7/site-packages/airflow/example_dags/example_task_group_decorator.py took 0.055 seconds
[2023-08-07T10:59:07.256+0000] {processor.py:157} INFO - Started process (PID=1836) to work on /home/airflow/.local/lib/python3.7/site-packages/airflow/example_dags/example_task_group_decorator.py
[2023-08-07T10:59:07.257+0000] {processor.py:826} INFO - Processing file /home/airflow/.local/lib/python3.7/site-packages/airflow/example_dags/example_task_group_decorator.py for tasks to queue
[2023-08-07T10:59:07.258+0000] {logging_mixin.py:150} INFO - [2023-08-07T10:59:07.258+0000] {dagbag.py:541} INFO - Filling up the DagBag from /home/airflow/.local/lib/python3.7/site-packages/airflow/example_dags/example_task_group_decorator.py
[2023-08-07T10:59:07.267+0000] {processor.py:836} INFO - DAG(s) dict_keys(['example_task_group_decorator']) retrieved from /home/airflow/.local/lib/python3.7/site-packages/airflow/example_dags/example_task_group_decorator.py
[2023-08-07T10:59:07.286+0000] {logging_mixin.py:150} INFO - [2023-08-07T10:59:07.286+0000] {dag.py:2742} INFO - Sync 1 DAGs
[2023-08-07T10:59:07.300+0000] {logging_mixin.py:150} INFO - [2023-08-07T10:59:07.300+0000] {dag.py:3508} INFO - Setting next_dagrun for example_task_group_decorator to 2023-08-06T10:59:07.299899+00:00, run_after=2023-08-07T10:59:07.299899+00:00
[2023-08-07T10:59:07.309+0000] {processor.py:179} INFO - Processing /home/airflow/.local/lib/python3.7/site-packages/airflow/example_dags/example_task_group_decorator.py took 0.056 seconds
[2023-08-07T10:59:37.515+0000] {processor.py:157} INFO - Started process (PID=1894) to work on /home/airflow/.local/lib/python3.7/site-packages/airflow/example_dags/example_task_group_decorator.py
[2023-08-07T10:59:37.516+0000] {processor.py:826} INFO - Processing file /home/airflow/.local/lib/python3.7/site-packages/airflow/example_dags/example_task_group_decorator.py for tasks to queue
[2023-08-07T10:59:37.517+0000] {logging_mixin.py:150} INFO - [2023-08-07T10:59:37.517+0000] {dagbag.py:541} INFO - Filling up the DagBag from /home/airflow/.local/lib/python3.7/site-packages/airflow/example_dags/example_task_group_decorator.py
[2023-08-07T10:59:37.528+0000] {processor.py:836} INFO - DAG(s) dict_keys(['example_task_group_decorator']) retrieved from /home/airflow/.local/lib/python3.7/site-packages/airflow/example_dags/example_task_group_decorator.py
[2023-08-07T10:59:37.547+0000] {logging_mixin.py:150} INFO - [2023-08-07T10:59:37.547+0000] {dag.py:2742} INFO - Sync 1 DAGs
[2023-08-07T10:59:37.562+0000] {logging_mixin.py:150} INFO - [2023-08-07T10:59:37.562+0000] {dag.py:3508} INFO - Setting next_dagrun for example_task_group_decorator to 2023-08-06T10:59:37.562185+00:00, run_after=2023-08-07T10:59:37.562185+00:00
[2023-08-07T10:59:37.572+0000] {processor.py:179} INFO - Processing /home/airflow/.local/lib/python3.7/site-packages/airflow/example_dags/example_task_group_decorator.py took 0.059 seconds
[2023-08-07T11:00:07.920+0000] {processor.py:157} INFO - Started process (PID=1952) to work on /home/airflow/.local/lib/python3.7/site-packages/airflow/example_dags/example_task_group_decorator.py
[2023-08-07T11:00:07.921+0000] {processor.py:826} INFO - Processing file /home/airflow/.local/lib/python3.7/site-packages/airflow/example_dags/example_task_group_decorator.py for tasks to queue
[2023-08-07T11:00:07.922+0000] {logging_mixin.py:150} INFO - [2023-08-07T11:00:07.922+0000] {dagbag.py:541} INFO - Filling up the DagBag from /home/airflow/.local/lib/python3.7/site-packages/airflow/example_dags/example_task_group_decorator.py
[2023-08-07T11:00:07.932+0000] {processor.py:836} INFO - DAG(s) dict_keys(['example_task_group_decorator']) retrieved from /home/airflow/.local/lib/python3.7/site-packages/airflow/example_dags/example_task_group_decorator.py
[2023-08-07T11:00:07.950+0000] {logging_mixin.py:150} INFO - [2023-08-07T11:00:07.950+0000] {dag.py:2742} INFO - Sync 1 DAGs
[2023-08-07T11:00:07.964+0000] {logging_mixin.py:150} INFO - [2023-08-07T11:00:07.964+0000] {dag.py:3508} INFO - Setting next_dagrun for example_task_group_decorator to 2023-08-06T11:00:07.964523+00:00, run_after=2023-08-07T11:00:07.964523+00:00
[2023-08-07T11:00:07.975+0000] {processor.py:179} INFO - Processing /home/airflow/.local/lib/python3.7/site-packages/airflow/example_dags/example_task_group_decorator.py took 0.057 seconds
[2023-08-07T11:00:38.173+0000] {processor.py:157} INFO - Started process (PID=2010) to work on /home/airflow/.local/lib/python3.7/site-packages/airflow/example_dags/example_task_group_decorator.py
[2023-08-07T11:00:38.177+0000] {processor.py:826} INFO - Processing file /home/airflow/.local/lib/python3.7/site-packages/airflow/example_dags/example_task_group_decorator.py for tasks to queue
[2023-08-07T11:00:38.178+0000] {logging_mixin.py:150} INFO - [2023-08-07T11:00:38.177+0000] {dagbag.py:541} INFO - Filling up the DagBag from /home/airflow/.local/lib/python3.7/site-packages/airflow/example_dags/example_task_group_decorator.py
[2023-08-07T11:00:38.186+0000] {processor.py:836} INFO - DAG(s) dict_keys(['example_task_group_decorator']) retrieved from /home/airflow/.local/lib/python3.7/site-packages/airflow/example_dags/example_task_group_decorator.py
[2023-08-07T11:00:38.204+0000] {logging_mixin.py:150} INFO - [2023-08-07T11:00:38.204+0000] {dag.py:2742} INFO - Sync 1 DAGs
[2023-08-07T11:00:38.217+0000] {logging_mixin.py:150} INFO - [2023-08-07T11:00:38.217+0000] {dag.py:3508} INFO - Setting next_dagrun for example_task_group_decorator to 2023-08-06T11:00:38.217057+00:00, run_after=2023-08-07T11:00:38.217057+00:00
[2023-08-07T11:00:38.226+0000] {processor.py:179} INFO - Processing /home/airflow/.local/lib/python3.7/site-packages/airflow/example_dags/example_task_group_decorator.py took 0.055 seconds
[2023-08-07T11:01:08.426+0000] {processor.py:157} INFO - Started process (PID=2068) to work on /home/airflow/.local/lib/python3.7/site-packages/airflow/example_dags/example_task_group_decorator.py
[2023-08-07T11:01:08.427+0000] {processor.py:826} INFO - Processing file /home/airflow/.local/lib/python3.7/site-packages/airflow/example_dags/example_task_group_decorator.py for tasks to queue
[2023-08-07T11:01:08.428+0000] {logging_mixin.py:150} INFO - [2023-08-07T11:01:08.428+0000] {dagbag.py:541} INFO - Filling up the DagBag from /home/airflow/.local/lib/python3.7/site-packages/airflow/example_dags/example_task_group_decorator.py
[2023-08-07T11:01:08.437+0000] {processor.py:836} INFO - DAG(s) dict_keys(['example_task_group_decorator']) retrieved from /home/airflow/.local/lib/python3.7/site-packages/airflow/example_dags/example_task_group_decorator.py
[2023-08-07T11:01:08.458+0000] {logging_mixin.py:150} INFO - [2023-08-07T11:01:08.458+0000] {dag.py:2742} INFO - Sync 1 DAGs
[2023-08-07T11:01:08.472+0000] {logging_mixin.py:150} INFO - [2023-08-07T11:01:08.472+0000] {dag.py:3508} INFO - Setting next_dagrun for example_task_group_decorator to 2023-08-06T11:01:08.472285+00:00, run_after=2023-08-07T11:01:08.472285+00:00
[2023-08-07T11:01:08.482+0000] {processor.py:179} INFO - Processing /home/airflow/.local/lib/python3.7/site-packages/airflow/example_dags/example_task_group_decorator.py took 0.058 seconds
[2023-08-07T11:01:38.918+0000] {processor.py:157} INFO - Started process (PID=2126) to work on /home/airflow/.local/lib/python3.7/site-packages/airflow/example_dags/example_task_group_decorator.py
[2023-08-07T11:01:38.919+0000] {processor.py:826} INFO - Processing file /home/airflow/.local/lib/python3.7/site-packages/airflow/example_dags/example_task_group_decorator.py for tasks to queue
[2023-08-07T11:01:38.919+0000] {logging_mixin.py:150} INFO - [2023-08-07T11:01:38.919+0000] {dagbag.py:541} INFO - Filling up the DagBag from /home/airflow/.local/lib/python3.7/site-packages/airflow/example_dags/example_task_group_decorator.py
[2023-08-07T11:01:38.928+0000] {processor.py:836} INFO - DAG(s) dict_keys(['example_task_group_decorator']) retrieved from /home/airflow/.local/lib/python3.7/site-packages/airflow/example_dags/example_task_group_decorator.py
[2023-08-07T11:01:38.946+0000] {logging_mixin.py:150} INFO - [2023-08-07T11:01:38.946+0000] {dag.py:2742} INFO - Sync 1 DAGs
[2023-08-07T11:01:38.961+0000] {logging_mixin.py:150} INFO - [2023-08-07T11:01:38.961+0000] {dag.py:3508} INFO - Setting next_dagrun for example_task_group_decorator to 2023-08-06T11:01:38.960879+00:00, run_after=2023-08-07T11:01:38.960879+00:00
[2023-08-07T11:01:38.971+0000] {processor.py:179} INFO - Processing /home/airflow/.local/lib/python3.7/site-packages/airflow/example_dags/example_task_group_decorator.py took 0.055 seconds
[2023-08-07T11:02:09.196+0000] {processor.py:157} INFO - Started process (PID=2184) to work on /home/airflow/.local/lib/python3.7/site-packages/airflow/example_dags/example_task_group_decorator.py
[2023-08-07T11:02:09.197+0000] {processor.py:826} INFO - Processing file /home/airflow/.local/lib/python3.7/site-packages/airflow/example_dags/example_task_group_decorator.py for tasks to queue
[2023-08-07T11:02:09.198+0000] {logging_mixin.py:150} INFO - [2023-08-07T11:02:09.198+0000] {dagbag.py:541} INFO - Filling up the DagBag from /home/airflow/.local/lib/python3.7/site-packages/airflow/example_dags/example_task_group_decorator.py
[2023-08-07T11:02:09.207+0000] {processor.py:836} INFO - DAG(s) dict_keys(['example_task_group_decorator']) retrieved from /home/airflow/.local/lib/python3.7/site-packages/airflow/example_dags/example_task_group_decorator.py
[2023-08-07T11:02:09.227+0000] {logging_mixin.py:150} INFO - [2023-08-07T11:02:09.226+0000] {dag.py:2742} INFO - Sync 1 DAGs
[2023-08-07T11:02:09.240+0000] {logging_mixin.py:150} INFO - [2023-08-07T11:02:09.240+0000] {dag.py:3508} INFO - Setting next_dagrun for example_task_group_decorator to 2023-08-06T11:02:09.240560+00:00, run_after=2023-08-07T11:02:09.240560+00:00
[2023-08-07T11:02:09.251+0000] {processor.py:179} INFO - Processing /home/airflow/.local/lib/python3.7/site-packages/airflow/example_dags/example_task_group_decorator.py took 0.057 seconds
[2023-08-07T11:02:39.412+0000] {processor.py:157} INFO - Started process (PID=2242) to work on /home/airflow/.local/lib/python3.7/site-packages/airflow/example_dags/example_task_group_decorator.py
[2023-08-07T11:02:39.412+0000] {processor.py:826} INFO - Processing file /home/airflow/.local/lib/python3.7/site-packages/airflow/example_dags/example_task_group_decorator.py for tasks to queue
[2023-08-07T11:02:39.413+0000] {logging_mixin.py:150} INFO - [2023-08-07T11:02:39.413+0000] {dagbag.py:541} INFO - Filling up the DagBag from /home/airflow/.local/lib/python3.7/site-packages/airflow/example_dags/example_task_group_decorator.py
[2023-08-07T11:02:39.422+0000] {processor.py:836} INFO - DAG(s) dict_keys(['example_task_group_decorator']) retrieved from /home/airflow/.local/lib/python3.7/site-packages/airflow/example_dags/example_task_group_decorator.py
[2023-08-07T11:02:39.441+0000] {logging_mixin.py:150} INFO - [2023-08-07T11:02:39.441+0000] {dag.py:2742} INFO - Sync 1 DAGs
[2023-08-07T11:02:39.455+0000] {logging_mixin.py:150} INFO - [2023-08-07T11:02:39.455+0000] {dag.py:3508} INFO - Setting next_dagrun for example_task_group_decorator to 2023-08-06T11:02:39.454985+00:00, run_after=2023-08-07T11:02:39.454985+00:00
[2023-08-07T11:02:39.465+0000] {processor.py:179} INFO - Processing /home/airflow/.local/lib/python3.7/site-packages/airflow/example_dags/example_task_group_decorator.py took 0.056 seconds
[2023-08-07T11:03:09.658+0000] {processor.py:157} INFO - Started process (PID=2301) to work on /home/airflow/.local/lib/python3.7/site-packages/airflow/example_dags/example_task_group_decorator.py
[2023-08-07T11:03:09.659+0000] {processor.py:826} INFO - Processing file /home/airflow/.local/lib/python3.7/site-packages/airflow/example_dags/example_task_group_decorator.py for tasks to queue
[2023-08-07T11:03:09.660+0000] {logging_mixin.py:150} INFO - [2023-08-07T11:03:09.660+0000] {dagbag.py:541} INFO - Filling up the DagBag from /home/airflow/.local/lib/python3.7/site-packages/airflow/example_dags/example_task_group_decorator.py
[2023-08-07T11:03:09.669+0000] {processor.py:836} INFO - DAG(s) dict_keys(['example_task_group_decorator']) retrieved from /home/airflow/.local/lib/python3.7/site-packages/airflow/example_dags/example_task_group_decorator.py
[2023-08-07T11:03:09.688+0000] {logging_mixin.py:150} INFO - [2023-08-07T11:03:09.688+0000] {dag.py:2742} INFO - Sync 1 DAGs
[2023-08-07T11:03:09.702+0000] {logging_mixin.py:150} INFO - [2023-08-07T11:03:09.702+0000] {dag.py:3508} INFO - Setting next_dagrun for example_task_group_decorator to 2023-08-06T11:03:09.702376+00:00, run_after=2023-08-07T11:03:09.702376+00:00
[2023-08-07T11:03:09.712+0000] {processor.py:179} INFO - Processing /home/airflow/.local/lib/python3.7/site-packages/airflow/example_dags/example_task_group_decorator.py took 0.057 seconds
[2023-08-07T11:03:39.963+0000] {processor.py:157} INFO - Started process (PID=2359) to work on /home/airflow/.local/lib/python3.7/site-packages/airflow/example_dags/example_task_group_decorator.py
[2023-08-07T11:03:39.964+0000] {processor.py:826} INFO - Processing file /home/airflow/.local/lib/python3.7/site-packages/airflow/example_dags/example_task_group_decorator.py for tasks to queue
[2023-08-07T11:03:39.965+0000] {logging_mixin.py:150} INFO - [2023-08-07T11:03:39.965+0000] {dagbag.py:541} INFO - Filling up the DagBag from /home/airflow/.local/lib/python3.7/site-packages/airflow/example_dags/example_task_group_decorator.py
[2023-08-07T11:03:39.973+0000] {processor.py:836} INFO - DAG(s) dict_keys(['example_task_group_decorator']) retrieved from /home/airflow/.local/lib/python3.7/site-packages/airflow/example_dags/example_task_group_decorator.py
[2023-08-07T11:03:39.992+0000] {logging_mixin.py:150} INFO - [2023-08-07T11:03:39.992+0000] {dag.py:2742} INFO - Sync 1 DAGs
[2023-08-07T11:03:40.006+0000] {logging_mixin.py:150} INFO - [2023-08-07T11:03:40.006+0000] {dag.py:3508} INFO - Setting next_dagrun for example_task_group_decorator to 2023-08-06T11:03:40.006583+00:00, run_after=2023-08-07T11:03:40.006583+00:00
[2023-08-07T11:03:40.017+0000] {processor.py:179} INFO - Processing /home/airflow/.local/lib/python3.7/site-packages/airflow/example_dags/example_task_group_decorator.py took 0.056 seconds
[2023-08-07T11:04:10.343+0000] {processor.py:157} INFO - Started process (PID=2417) to work on /home/airflow/.local/lib/python3.7/site-packages/airflow/example_dags/example_task_group_decorator.py
[2023-08-07T11:04:10.344+0000] {processor.py:826} INFO - Processing file /home/airflow/.local/lib/python3.7/site-packages/airflow/example_dags/example_task_group_decorator.py for tasks to queue
[2023-08-07T11:04:10.345+0000] {logging_mixin.py:150} INFO - [2023-08-07T11:04:10.345+0000] {dagbag.py:541} INFO - Filling up the DagBag from /home/airflow/.local/lib/python3.7/site-packages/airflow/example_dags/example_task_group_decorator.py
[2023-08-07T11:04:10.354+0000] {processor.py:836} INFO - DAG(s) dict_keys(['example_task_group_decorator']) retrieved from /home/airflow/.local/lib/python3.7/site-packages/airflow/example_dags/example_task_group_decorator.py
[2023-08-07T11:04:10.373+0000] {logging_mixin.py:150} INFO - [2023-08-07T11:04:10.373+0000] {dag.py:2742} INFO - Sync 1 DAGs
[2023-08-07T11:04:10.388+0000] {logging_mixin.py:150} INFO - [2023-08-07T11:04:10.388+0000] {dag.py:3508} INFO - Setting next_dagrun for example_task_group_decorator to 2023-08-06T11:04:10.388339+00:00, run_after=2023-08-07T11:04:10.388339+00:00
[2023-08-07T11:04:10.398+0000] {processor.py:179} INFO - Processing /home/airflow/.local/lib/python3.7/site-packages/airflow/example_dags/example_task_group_decorator.py took 0.058 seconds
[2023-08-07T11:04:40.653+0000] {processor.py:157} INFO - Started process (PID=2474) to work on /home/airflow/.local/lib/python3.7/site-packages/airflow/example_dags/example_task_group_decorator.py
[2023-08-07T11:04:40.654+0000] {processor.py:826} INFO - Processing file /home/airflow/.local/lib/python3.7/site-packages/airflow/example_dags/example_task_group_decorator.py for tasks to queue
[2023-08-07T11:04:40.655+0000] {logging_mixin.py:150} INFO - [2023-08-07T11:04:40.655+0000] {dagbag.py:541} INFO - Filling up the DagBag from /home/airflow/.local/lib/python3.7/site-packages/airflow/example_dags/example_task_group_decorator.py
[2023-08-07T11:04:40.664+0000] {processor.py:836} INFO - DAG(s) dict_keys(['example_task_group_decorator']) retrieved from /home/airflow/.local/lib/python3.7/site-packages/airflow/example_dags/example_task_group_decorator.py
[2023-08-07T11:04:40.681+0000] {logging_mixin.py:150} INFO - [2023-08-07T11:04:40.681+0000] {dag.py:2742} INFO - Sync 1 DAGs
[2023-08-07T11:04:40.694+0000] {logging_mixin.py:150} INFO - [2023-08-07T11:04:40.694+0000] {dag.py:3508} INFO - Setting next_dagrun for example_task_group_decorator to 2023-08-06T11:04:40.694516+00:00, run_after=2023-08-07T11:04:40.694516+00:00
[2023-08-07T11:04:40.706+0000] {processor.py:179} INFO - Processing /home/airflow/.local/lib/python3.7/site-packages/airflow/example_dags/example_task_group_decorator.py took 0.055 seconds
[2023-08-07T11:05:10.998+0000] {processor.py:157} INFO - Started process (PID=2527) to work on /home/airflow/.local/lib/python3.7/site-packages/airflow/example_dags/example_task_group_decorator.py
[2023-08-07T11:05:10.999+0000] {processor.py:826} INFO - Processing file /home/airflow/.local/lib/python3.7/site-packages/airflow/example_dags/example_task_group_decorator.py for tasks to queue
[2023-08-07T11:05:11.000+0000] {logging_mixin.py:150} INFO - [2023-08-07T11:05:11.000+0000] {dagbag.py:541} INFO - Filling up the DagBag from /home/airflow/.local/lib/python3.7/site-packages/airflow/example_dags/example_task_group_decorator.py
[2023-08-07T11:05:11.008+0000] {processor.py:836} INFO - DAG(s) dict_keys(['example_task_group_decorator']) retrieved from /home/airflow/.local/lib/python3.7/site-packages/airflow/example_dags/example_task_group_decorator.py
[2023-08-07T11:05:11.027+0000] {logging_mixin.py:150} INFO - [2023-08-07T11:05:11.027+0000] {dag.py:2742} INFO - Sync 1 DAGs
[2023-08-07T11:05:11.041+0000] {logging_mixin.py:150} INFO - [2023-08-07T11:05:11.041+0000] {dag.py:3508} INFO - Setting next_dagrun for example_task_group_decorator to 2023-08-06T11:05:11.040915+00:00, run_after=2023-08-07T11:05:11.040915+00:00
[2023-08-07T11:05:11.051+0000] {processor.py:179} INFO - Processing /home/airflow/.local/lib/python3.7/site-packages/airflow/example_dags/example_task_group_decorator.py took 0.055 seconds
[2023-08-07T11:05:41.342+0000] {processor.py:157} INFO - Started process (PID=2585) to work on /home/airflow/.local/lib/python3.7/site-packages/airflow/example_dags/example_task_group_decorator.py
[2023-08-07T11:05:41.343+0000] {processor.py:826} INFO - Processing file /home/airflow/.local/lib/python3.7/site-packages/airflow/example_dags/example_task_group_decorator.py for tasks to queue
[2023-08-07T11:05:41.344+0000] {logging_mixin.py:150} INFO - [2023-08-07T11:05:41.344+0000] {dagbag.py:541} INFO - Filling up the DagBag from /home/airflow/.local/lib/python3.7/site-packages/airflow/example_dags/example_task_group_decorator.py
[2023-08-07T11:05:41.353+0000] {processor.py:836} INFO - DAG(s) dict_keys(['example_task_group_decorator']) retrieved from /home/airflow/.local/lib/python3.7/site-packages/airflow/example_dags/example_task_group_decorator.py
[2023-08-07T11:05:41.372+0000] {logging_mixin.py:150} INFO - [2023-08-07T11:05:41.372+0000] {dag.py:2742} INFO - Sync 1 DAGs
[2023-08-07T11:05:41.386+0000] {logging_mixin.py:150} INFO - [2023-08-07T11:05:41.386+0000] {dag.py:3508} INFO - Setting next_dagrun for example_task_group_decorator to 2023-08-06T11:05:41.385981+00:00, run_after=2023-08-07T11:05:41.385981+00:00
[2023-08-07T11:05:41.396+0000] {processor.py:179} INFO - Processing /home/airflow/.local/lib/python3.7/site-packages/airflow/example_dags/example_task_group_decorator.py took 0.056 seconds
[2023-08-07T11:06:11.807+0000] {processor.py:157} INFO - Started process (PID=2644) to work on /home/airflow/.local/lib/python3.7/site-packages/airflow/example_dags/example_task_group_decorator.py
[2023-08-07T11:06:11.808+0000] {processor.py:826} INFO - Processing file /home/airflow/.local/lib/python3.7/site-packages/airflow/example_dags/example_task_group_decorator.py for tasks to queue
[2023-08-07T11:06:11.808+0000] {logging_mixin.py:150} INFO - [2023-08-07T11:06:11.808+0000] {dagbag.py:541} INFO - Filling up the DagBag from /home/airflow/.local/lib/python3.7/site-packages/airflow/example_dags/example_task_group_decorator.py
[2023-08-07T11:06:11.817+0000] {processor.py:836} INFO - DAG(s) dict_keys(['example_task_group_decorator']) retrieved from /home/airflow/.local/lib/python3.7/site-packages/airflow/example_dags/example_task_group_decorator.py
[2023-08-07T11:06:11.835+0000] {logging_mixin.py:150} INFO - [2023-08-07T11:06:11.835+0000] {dag.py:2742} INFO - Sync 1 DAGs
[2023-08-07T11:06:11.850+0000] {logging_mixin.py:150} INFO - [2023-08-07T11:06:11.850+0000] {dag.py:3508} INFO - Setting next_dagrun for example_task_group_decorator to 2023-08-06T11:06:11.850388+00:00, run_after=2023-08-07T11:06:11.850388+00:00
[2023-08-07T11:06:11.859+0000] {processor.py:179} INFO - Processing /home/airflow/.local/lib/python3.7/site-packages/airflow/example_dags/example_task_group_decorator.py took 0.055 seconds
[2023-08-07T11:06:42.037+0000] {processor.py:157} INFO - Started process (PID=2702) to work on /home/airflow/.local/lib/python3.7/site-packages/airflow/example_dags/example_task_group_decorator.py
[2023-08-07T11:06:42.038+0000] {processor.py:826} INFO - Processing file /home/airflow/.local/lib/python3.7/site-packages/airflow/example_dags/example_task_group_decorator.py for tasks to queue
[2023-08-07T11:06:42.039+0000] {logging_mixin.py:150} INFO - [2023-08-07T11:06:42.039+0000] {dagbag.py:541} INFO - Filling up the DagBag from /home/airflow/.local/lib/python3.7/site-packages/airflow/example_dags/example_task_group_decorator.py
[2023-08-07T11:06:42.048+0000] {processor.py:836} INFO - DAG(s) dict_keys(['example_task_group_decorator']) retrieved from /home/airflow/.local/lib/python3.7/site-packages/airflow/example_dags/example_task_group_decorator.py
[2023-08-07T11:06:42.066+0000] {logging_mixin.py:150} INFO - [2023-08-07T11:06:42.066+0000] {dag.py:2742} INFO - Sync 1 DAGs
[2023-08-07T11:06:42.080+0000] {logging_mixin.py:150} INFO - [2023-08-07T11:06:42.080+0000] {dag.py:3508} INFO - Setting next_dagrun for example_task_group_decorator to 2023-08-06T11:06:42.079954+00:00, run_after=2023-08-07T11:06:42.079954+00:00
[2023-08-07T11:06:42.090+0000] {processor.py:179} INFO - Processing /home/airflow/.local/lib/python3.7/site-packages/airflow/example_dags/example_task_group_decorator.py took 0.055 seconds
[2023-08-07T11:07:12.291+0000] {processor.py:157} INFO - Started process (PID=2760) to work on /home/airflow/.local/lib/python3.7/site-packages/airflow/example_dags/example_task_group_decorator.py
[2023-08-07T11:07:12.291+0000] {processor.py:826} INFO - Processing file /home/airflow/.local/lib/python3.7/site-packages/airflow/example_dags/example_task_group_decorator.py for tasks to queue
[2023-08-07T11:07:12.292+0000] {logging_mixin.py:150} INFO - [2023-08-07T11:07:12.292+0000] {dagbag.py:541} INFO - Filling up the DagBag from /home/airflow/.local/lib/python3.7/site-packages/airflow/example_dags/example_task_group_decorator.py
[2023-08-07T11:07:12.301+0000] {processor.py:836} INFO - DAG(s) dict_keys(['example_task_group_decorator']) retrieved from /home/airflow/.local/lib/python3.7/site-packages/airflow/example_dags/example_task_group_decorator.py
[2023-08-07T11:07:12.319+0000] {logging_mixin.py:150} INFO - [2023-08-07T11:07:12.319+0000] {dag.py:2742} INFO - Sync 1 DAGs
[2023-08-07T11:07:12.333+0000] {logging_mixin.py:150} INFO - [2023-08-07T11:07:12.333+0000] {dag.py:3508} INFO - Setting next_dagrun for example_task_group_decorator to 2023-08-06T11:07:12.333488+00:00, run_after=2023-08-07T11:07:12.333488+00:00
[2023-08-07T11:07:12.343+0000] {processor.py:179} INFO - Processing /home/airflow/.local/lib/python3.7/site-packages/airflow/example_dags/example_task_group_decorator.py took 0.055 seconds
[2023-08-07T11:07:42.569+0000] {processor.py:157} INFO - Started process (PID=2818) to work on /home/airflow/.local/lib/python3.7/site-packages/airflow/example_dags/example_task_group_decorator.py
[2023-08-07T11:07:42.569+0000] {processor.py:826} INFO - Processing file /home/airflow/.local/lib/python3.7/site-packages/airflow/example_dags/example_task_group_decorator.py for tasks to queue
[2023-08-07T11:07:42.570+0000] {logging_mixin.py:150} INFO - [2023-08-07T11:07:42.570+0000] {dagbag.py:541} INFO - Filling up the DagBag from /home/airflow/.local/lib/python3.7/site-packages/airflow/example_dags/example_task_group_decorator.py
[2023-08-07T11:07:42.579+0000] {processor.py:836} INFO - DAG(s) dict_keys(['example_task_group_decorator']) retrieved from /home/airflow/.local/lib/python3.7/site-packages/airflow/example_dags/example_task_group_decorator.py
[2023-08-07T11:07:42.598+0000] {logging_mixin.py:150} INFO - [2023-08-07T11:07:42.598+0000] {dag.py:2742} INFO - Sync 1 DAGs
[2023-08-07T11:07:42.613+0000] {logging_mixin.py:150} INFO - [2023-08-07T11:07:42.613+0000] {dag.py:3508} INFO - Setting next_dagrun for example_task_group_decorator to 2023-08-06T11:07:42.612865+00:00, run_after=2023-08-07T11:07:42.612865+00:00
[2023-08-07T11:07:42.623+0000] {processor.py:179} INFO - Processing /home/airflow/.local/lib/python3.7/site-packages/airflow/example_dags/example_task_group_decorator.py took 0.057 seconds
[2023-08-07T11:08:12.822+0000] {processor.py:157} INFO - Started process (PID=2876) to work on /home/airflow/.local/lib/python3.7/site-packages/airflow/example_dags/example_task_group_decorator.py
[2023-08-07T11:08:12.823+0000] {processor.py:826} INFO - Processing file /home/airflow/.local/lib/python3.7/site-packages/airflow/example_dags/example_task_group_decorator.py for tasks to queue
[2023-08-07T11:08:12.824+0000] {logging_mixin.py:150} INFO - [2023-08-07T11:08:12.823+0000] {dagbag.py:541} INFO - Filling up the DagBag from /home/airflow/.local/lib/python3.7/site-packages/airflow/example_dags/example_task_group_decorator.py
[2023-08-07T11:08:12.832+0000] {processor.py:836} INFO - DAG(s) dict_keys(['example_task_group_decorator']) retrieved from /home/airflow/.local/lib/python3.7/site-packages/airflow/example_dags/example_task_group_decorator.py
[2023-08-07T11:08:12.850+0000] {logging_mixin.py:150} INFO - [2023-08-07T11:08:12.850+0000] {dag.py:2742} INFO - Sync 1 DAGs
[2023-08-07T11:08:12.865+0000] {logging_mixin.py:150} INFO - [2023-08-07T11:08:12.865+0000] {dag.py:3508} INFO - Setting next_dagrun for example_task_group_decorator to 2023-08-06T11:08:12.865203+00:00, run_after=2023-08-07T11:08:12.865203+00:00
[2023-08-07T11:08:12.875+0000] {processor.py:179} INFO - Processing /home/airflow/.local/lib/python3.7/site-packages/airflow/example_dags/example_task_group_decorator.py took 0.055 seconds
[2023-08-07T11:10:06.970+0000] {processor.py:157} INFO - Started process (PID=2934) to work on /home/airflow/.local/lib/python3.7/site-packages/airflow/example_dags/example_task_group_decorator.py
[2023-08-07T11:10:06.971+0000] {processor.py:826} INFO - Processing file /home/airflow/.local/lib/python3.7/site-packages/airflow/example_dags/example_task_group_decorator.py for tasks to queue
[2023-08-07T11:10:06.972+0000] {logging_mixin.py:150} INFO - [2023-08-07T11:10:06.972+0000] {dagbag.py:541} INFO - Filling up the DagBag from /home/airflow/.local/lib/python3.7/site-packages/airflow/example_dags/example_task_group_decorator.py
[2023-08-07T11:10:06.981+0000] {processor.py:836} INFO - DAG(s) dict_keys(['example_task_group_decorator']) retrieved from /home/airflow/.local/lib/python3.7/site-packages/airflow/example_dags/example_task_group_decorator.py
[2023-08-07T11:10:07.000+0000] {logging_mixin.py:150} INFO - [2023-08-07T11:10:07.000+0000] {dag.py:2742} INFO - Sync 1 DAGs
[2023-08-07T11:10:07.014+0000] {logging_mixin.py:150} INFO - [2023-08-07T11:10:07.014+0000] {dag.py:3508} INFO - Setting next_dagrun for example_task_group_decorator to 2023-08-06T11:10:07.014293+00:00, run_after=2023-08-07T11:10:07.014293+00:00
[2023-08-07T11:10:07.023+0000] {processor.py:179} INFO - Processing /home/airflow/.local/lib/python3.7/site-packages/airflow/example_dags/example_task_group_decorator.py took 0.055 seconds
[2023-08-07T11:10:37.196+0000] {processor.py:157} INFO - Started process (PID=2992) to work on /home/airflow/.local/lib/python3.7/site-packages/airflow/example_dags/example_task_group_decorator.py
[2023-08-07T11:10:37.197+0000] {processor.py:826} INFO - Processing file /home/airflow/.local/lib/python3.7/site-packages/airflow/example_dags/example_task_group_decorator.py for tasks to queue
[2023-08-07T11:10:37.198+0000] {logging_mixin.py:150} INFO - [2023-08-07T11:10:37.198+0000] {dagbag.py:541} INFO - Filling up the DagBag from /home/airflow/.local/lib/python3.7/site-packages/airflow/example_dags/example_task_group_decorator.py
[2023-08-07T11:10:37.208+0000] {processor.py:836} INFO - DAG(s) dict_keys(['example_task_group_decorator']) retrieved from /home/airflow/.local/lib/python3.7/site-packages/airflow/example_dags/example_task_group_decorator.py
[2023-08-07T11:10:37.227+0000] {logging_mixin.py:150} INFO - [2023-08-07T11:10:37.227+0000] {dag.py:2742} INFO - Sync 1 DAGs
[2023-08-07T11:10:37.241+0000] {logging_mixin.py:150} INFO - [2023-08-07T11:10:37.241+0000] {dag.py:3508} INFO - Setting next_dagrun for example_task_group_decorator to 2023-08-06T11:10:37.241098+00:00, run_after=2023-08-07T11:10:37.241098+00:00
[2023-08-07T11:10:37.250+0000] {processor.py:179} INFO - Processing /home/airflow/.local/lib/python3.7/site-packages/airflow/example_dags/example_task_group_decorator.py took 0.057 seconds
[2023-08-07T11:26:03.188+0000] {processor.py:157} INFO - Started process (PID=3050) to work on /home/airflow/.local/lib/python3.7/site-packages/airflow/example_dags/example_task_group_decorator.py
[2023-08-07T11:26:03.189+0000] {processor.py:826} INFO - Processing file /home/airflow/.local/lib/python3.7/site-packages/airflow/example_dags/example_task_group_decorator.py for tasks to queue
[2023-08-07T11:26:03.190+0000] {logging_mixin.py:150} INFO - [2023-08-07T11:26:03.190+0000] {dagbag.py:541} INFO - Filling up the DagBag from /home/airflow/.local/lib/python3.7/site-packages/airflow/example_dags/example_task_group_decorator.py
[2023-08-07T11:26:03.201+0000] {processor.py:836} INFO - DAG(s) dict_keys(['example_task_group_decorator']) retrieved from /home/airflow/.local/lib/python3.7/site-packages/airflow/example_dags/example_task_group_decorator.py
[2023-08-07T11:26:03.219+0000] {logging_mixin.py:150} INFO - [2023-08-07T11:26:03.219+0000] {dag.py:2742} INFO - Sync 1 DAGs
[2023-08-07T11:26:03.235+0000] {logging_mixin.py:150} INFO - [2023-08-07T11:26:03.235+0000] {dag.py:3508} INFO - Setting next_dagrun for example_task_group_decorator to 2023-08-06T11:26:03.234023+00:00, run_after=2023-08-07T11:26:03.234023+00:00
[2023-08-07T11:26:03.244+0000] {processor.py:179} INFO - Processing /home/airflow/.local/lib/python3.7/site-packages/airflow/example_dags/example_task_group_decorator.py took 0.059 seconds
[2023-08-07T12:49:01.482+0000] {processor.py:157} INFO - Started process (PID=3108) to work on /home/airflow/.local/lib/python3.7/site-packages/airflow/example_dags/example_task_group_decorator.py
[2023-08-07T12:49:01.486+0000] {processor.py:826} INFO - Processing file /home/airflow/.local/lib/python3.7/site-packages/airflow/example_dags/example_task_group_decorator.py for tasks to queue
[2023-08-07T12:49:01.487+0000] {logging_mixin.py:150} INFO - [2023-08-07T12:49:01.487+0000] {dagbag.py:541} INFO - Filling up the DagBag from /home/airflow/.local/lib/python3.7/site-packages/airflow/example_dags/example_task_group_decorator.py
[2023-08-07T12:49:01.506+0000] {processor.py:836} INFO - DAG(s) dict_keys(['example_task_group_decorator']) retrieved from /home/airflow/.local/lib/python3.7/site-packages/airflow/example_dags/example_task_group_decorator.py
[2023-08-07T12:49:01.533+0000] {logging_mixin.py:150} INFO - [2023-08-07T12:49:01.533+0000] {dag.py:2742} INFO - Sync 1 DAGs
[2023-08-07T12:49:01.565+0000] {logging_mixin.py:150} INFO - [2023-08-07T12:49:01.565+0000] {dag.py:3508} INFO - Setting next_dagrun for example_task_group_decorator to 2023-08-06T12:49:01.559187+00:00, run_after=2023-08-07T12:49:01.559187+00:00
[2023-08-07T12:49:01.583+0000] {processor.py:179} INFO - Processing /home/airflow/.local/lib/python3.7/site-packages/airflow/example_dags/example_task_group_decorator.py took 0.106 seconds
[2023-08-07T13:44:02.757+0000] {processor.py:157} INFO - Started process (PID=3166) to work on /home/airflow/.local/lib/python3.7/site-packages/airflow/example_dags/example_task_group_decorator.py
[2023-08-07T13:44:02.762+0000] {processor.py:826} INFO - Processing file /home/airflow/.local/lib/python3.7/site-packages/airflow/example_dags/example_task_group_decorator.py for tasks to queue
[2023-08-07T13:44:02.764+0000] {logging_mixin.py:150} INFO - [2023-08-07T13:44:02.763+0000] {dagbag.py:541} INFO - Filling up the DagBag from /home/airflow/.local/lib/python3.7/site-packages/airflow/example_dags/example_task_group_decorator.py
[2023-08-07T13:44:02.785+0000] {processor.py:836} INFO - DAG(s) dict_keys(['example_task_group_decorator']) retrieved from /home/airflow/.local/lib/python3.7/site-packages/airflow/example_dags/example_task_group_decorator.py
[2023-08-07T13:44:02.828+0000] {logging_mixin.py:150} INFO - [2023-08-07T13:44:02.827+0000] {dag.py:2742} INFO - Sync 1 DAGs
[2023-08-07T13:44:02.848+0000] {logging_mixin.py:150} INFO - [2023-08-07T13:44:02.848+0000] {dag.py:3508} INFO - Setting next_dagrun for example_task_group_decorator to 2023-08-06T13:44:02.847535+00:00, run_after=2023-08-07T13:44:02.847535+00:00
[2023-08-07T13:44:02.860+0000] {processor.py:179} INFO - Processing /home/airflow/.local/lib/python3.7/site-packages/airflow/example_dags/example_task_group_decorator.py took 0.116 seconds
[2023-08-07T14:43:28.877+0000] {processor.py:157} INFO - Started process (PID=3224) to work on /home/airflow/.local/lib/python3.7/site-packages/airflow/example_dags/example_task_group_decorator.py
[2023-08-07T14:43:28.883+0000] {processor.py:826} INFO - Processing file /home/airflow/.local/lib/python3.7/site-packages/airflow/example_dags/example_task_group_decorator.py for tasks to queue
[2023-08-07T14:43:28.886+0000] {logging_mixin.py:150} INFO - [2023-08-07T14:43:28.886+0000] {dagbag.py:541} INFO - Filling up the DagBag from /home/airflow/.local/lib/python3.7/site-packages/airflow/example_dags/example_task_group_decorator.py
[2023-08-07T14:43:28.914+0000] {processor.py:836} INFO - DAG(s) dict_keys(['example_task_group_decorator']) retrieved from /home/airflow/.local/lib/python3.7/site-packages/airflow/example_dags/example_task_group_decorator.py
[2023-08-07T14:43:28.954+0000] {logging_mixin.py:150} INFO - [2023-08-07T14:43:28.954+0000] {dag.py:2742} INFO - Sync 1 DAGs
[2023-08-07T14:43:28.975+0000] {logging_mixin.py:150} INFO - [2023-08-07T14:43:28.975+0000] {dag.py:3508} INFO - Setting next_dagrun for example_task_group_decorator to 2023-08-06T14:43:28.970957+00:00, run_after=2023-08-07T14:43:28.970957+00:00
[2023-08-07T14:43:28.988+0000] {processor.py:179} INFO - Processing /home/airflow/.local/lib/python3.7/site-packages/airflow/example_dags/example_task_group_decorator.py took 0.126 seconds
[2023-08-07T15:52:30.824+0000] {processor.py:157} INFO - Started process (PID=3282) to work on /home/airflow/.local/lib/python3.7/site-packages/airflow/example_dags/example_task_group_decorator.py
[2023-08-07T15:52:30.826+0000] {processor.py:826} INFO - Processing file /home/airflow/.local/lib/python3.7/site-packages/airflow/example_dags/example_task_group_decorator.py for tasks to queue
[2023-08-07T15:52:30.826+0000] {logging_mixin.py:150} INFO - [2023-08-07T15:52:30.826+0000] {dagbag.py:541} INFO - Filling up the DagBag from /home/airflow/.local/lib/python3.7/site-packages/airflow/example_dags/example_task_group_decorator.py
[2023-08-07T15:52:30.835+0000] {processor.py:836} INFO - DAG(s) dict_keys(['example_task_group_decorator']) retrieved from /home/airflow/.local/lib/python3.7/site-packages/airflow/example_dags/example_task_group_decorator.py
[2023-08-07T15:52:30.853+0000] {logging_mixin.py:150} INFO - [2023-08-07T15:52:30.853+0000] {dag.py:2742} INFO - Sync 1 DAGs
[2023-08-07T15:52:30.867+0000] {logging_mixin.py:150} INFO - [2023-08-07T15:52:30.867+0000] {dag.py:3508} INFO - Setting next_dagrun for example_task_group_decorator to 2023-08-06T15:52:30.867210+00:00, run_after=2023-08-07T15:52:30.867210+00:00
[2023-08-07T15:52:30.877+0000] {processor.py:179} INFO - Processing /home/airflow/.local/lib/python3.7/site-packages/airflow/example_dags/example_task_group_decorator.py took 0.055 seconds
[2023-08-07T17:14:42.538+0000] {processor.py:157} INFO - Started process (PID=3340) to work on /home/airflow/.local/lib/python3.7/site-packages/airflow/example_dags/example_task_group_decorator.py
[2023-08-07T17:14:42.542+0000] {processor.py:826} INFO - Processing file /home/airflow/.local/lib/python3.7/site-packages/airflow/example_dags/example_task_group_decorator.py for tasks to queue
[2023-08-07T17:14:42.807+0000] {logging_mixin.py:150} INFO - [2023-08-07T17:14:42.544+0000] {dagbag.py:541} INFO - Filling up the DagBag from /home/airflow/.local/lib/python3.7/site-packages/airflow/example_dags/example_task_group_decorator.py
[2023-08-07T17:14:42.848+0000] {processor.py:836} INFO - DAG(s) dict_keys(['example_task_group_decorator']) retrieved from /home/airflow/.local/lib/python3.7/site-packages/airflow/example_dags/example_task_group_decorator.py
[2023-08-07T17:14:42.919+0000] {logging_mixin.py:150} INFO - [2023-08-07T17:14:42.919+0000] {dag.py:2742} INFO - Sync 1 DAGs
[2023-08-07T17:14:42.966+0000] {logging_mixin.py:150} INFO - [2023-08-07T17:14:42.966+0000] {dag.py:3508} INFO - Setting next_dagrun for example_task_group_decorator to 2023-08-06T17:14:42.965672+00:00, run_after=2023-08-07T17:14:42.965672+00:00
[2023-08-07T17:14:43.000+0000] {processor.py:179} INFO - Processing /home/airflow/.local/lib/python3.7/site-packages/airflow/example_dags/example_task_group_decorator.py took 0.469 seconds
[2023-08-07T18:12:50.509+0000] {processor.py:157} INFO - Started process (PID=3398) to work on /home/airflow/.local/lib/python3.7/site-packages/airflow/example_dags/example_task_group_decorator.py
[2023-08-07T18:12:50.510+0000] {processor.py:826} INFO - Processing file /home/airflow/.local/lib/python3.7/site-packages/airflow/example_dags/example_task_group_decorator.py for tasks to queue
[2023-08-07T18:12:50.511+0000] {logging_mixin.py:150} INFO - [2023-08-07T18:12:50.510+0000] {dagbag.py:541} INFO - Filling up the DagBag from /home/airflow/.local/lib/python3.7/site-packages/airflow/example_dags/example_task_group_decorator.py
[2023-08-07T18:12:50.522+0000] {processor.py:836} INFO - DAG(s) dict_keys(['example_task_group_decorator']) retrieved from /home/airflow/.local/lib/python3.7/site-packages/airflow/example_dags/example_task_group_decorator.py
[2023-08-07T18:12:50.541+0000] {logging_mixin.py:150} INFO - [2023-08-07T18:12:50.541+0000] {dag.py:2742} INFO - Sync 1 DAGs
[2023-08-07T18:12:50.555+0000] {logging_mixin.py:150} INFO - [2023-08-07T18:12:50.555+0000] {dag.py:3508} INFO - Setting next_dagrun for example_task_group_decorator to 2023-08-06T18:12:50.555099+00:00, run_after=2023-08-07T18:12:50.555099+00:00
[2023-08-07T18:12:50.565+0000] {processor.py:179} INFO - Processing /home/airflow/.local/lib/python3.7/site-packages/airflow/example_dags/example_task_group_decorator.py took 0.060 seconds
[2023-08-07T19:18:05.322+0000] {processor.py:157} INFO - Started process (PID=3456) to work on /home/airflow/.local/lib/python3.7/site-packages/airflow/example_dags/example_task_group_decorator.py
[2023-08-07T19:18:05.323+0000] {processor.py:826} INFO - Processing file /home/airflow/.local/lib/python3.7/site-packages/airflow/example_dags/example_task_group_decorator.py for tasks to queue
[2023-08-07T19:18:05.324+0000] {logging_mixin.py:150} INFO - [2023-08-07T19:18:05.324+0000] {dagbag.py:541} INFO - Filling up the DagBag from /home/airflow/.local/lib/python3.7/site-packages/airflow/example_dags/example_task_group_decorator.py
[2023-08-07T19:18:05.336+0000] {processor.py:836} INFO - DAG(s) dict_keys(['example_task_group_decorator']) retrieved from /home/airflow/.local/lib/python3.7/site-packages/airflow/example_dags/example_task_group_decorator.py
[2023-08-07T19:18:05.357+0000] {logging_mixin.py:150} INFO - [2023-08-07T19:18:05.357+0000] {dag.py:2742} INFO - Sync 1 DAGs
[2023-08-07T19:18:05.372+0000] {logging_mixin.py:150} INFO - [2023-08-07T19:18:05.372+0000] {dag.py:3508} INFO - Setting next_dagrun for example_task_group_decorator to 2023-08-06T19:18:05.372170+00:00, run_after=2023-08-07T19:18:05.372170+00:00
[2023-08-07T19:18:05.382+0000] {processor.py:179} INFO - Processing /home/airflow/.local/lib/python3.7/site-packages/airflow/example_dags/example_task_group_decorator.py took 0.062 seconds
[2023-08-07T20:39:15.460+0000] {processor.py:157} INFO - Started process (PID=3514) to work on /home/airflow/.local/lib/python3.7/site-packages/airflow/example_dags/example_task_group_decorator.py
[2023-08-07T20:39:15.463+0000] {processor.py:826} INFO - Processing file /home/airflow/.local/lib/python3.7/site-packages/airflow/example_dags/example_task_group_decorator.py for tasks to queue
[2023-08-07T20:39:15.468+0000] {logging_mixin.py:150} INFO - [2023-08-07T20:39:15.468+0000] {dagbag.py:541} INFO - Filling up the DagBag from /home/airflow/.local/lib/python3.7/site-packages/airflow/example_dags/example_task_group_decorator.py
[2023-08-07T20:39:15.821+0000] {processor.py:836} INFO - DAG(s) dict_keys(['example_task_group_decorator']) retrieved from /home/airflow/.local/lib/python3.7/site-packages/airflow/example_dags/example_task_group_decorator.py
[2023-08-07T20:39:15.861+0000] {logging_mixin.py:150} INFO - [2023-08-07T20:39:15.861+0000] {dag.py:2742} INFO - Sync 1 DAGs
[2023-08-07T20:39:15.890+0000] {logging_mixin.py:150} INFO - [2023-08-07T20:39:15.890+0000] {dag.py:3508} INFO - Setting next_dagrun for example_task_group_decorator to 2023-08-06T20:39:15.888549+00:00, run_after=2023-08-07T20:39:15.888549+00:00
[2023-08-07T20:39:15.909+0000] {processor.py:179} INFO - Processing /home/airflow/.local/lib/python3.7/site-packages/airflow/example_dags/example_task_group_decorator.py took 0.456 seconds
[2023-08-07T21:49:01.380+0000] {processor.py:157} INFO - Started process (PID=3572) to work on /home/airflow/.local/lib/python3.7/site-packages/airflow/example_dags/example_task_group_decorator.py
[2023-08-07T21:49:01.382+0000] {processor.py:826} INFO - Processing file /home/airflow/.local/lib/python3.7/site-packages/airflow/example_dags/example_task_group_decorator.py for tasks to queue
[2023-08-07T21:49:01.384+0000] {logging_mixin.py:150} INFO - [2023-08-07T21:49:01.384+0000] {dagbag.py:541} INFO - Filling up the DagBag from /home/airflow/.local/lib/python3.7/site-packages/airflow/example_dags/example_task_group_decorator.py
[2023-08-07T21:49:01.402+0000] {processor.py:836} INFO - DAG(s) dict_keys(['example_task_group_decorator']) retrieved from /home/airflow/.local/lib/python3.7/site-packages/airflow/example_dags/example_task_group_decorator.py
[2023-08-07T21:49:01.445+0000] {logging_mixin.py:150} INFO - [2023-08-07T21:49:01.445+0000] {dag.py:2742} INFO - Sync 1 DAGs
[2023-08-07T21:49:01.483+0000] {logging_mixin.py:150} INFO - [2023-08-07T21:49:01.483+0000] {dag.py:3508} INFO - Setting next_dagrun for example_task_group_decorator to 2023-08-06T21:49:01.483126+00:00, run_after=2023-08-07T21:49:01.483126+00:00
[2023-08-07T21:49:01.504+0000] {processor.py:179} INFO - Processing /home/airflow/.local/lib/python3.7/site-packages/airflow/example_dags/example_task_group_decorator.py took 0.129 seconds
[2023-08-07T22:56:31.601+0000] {processor.py:157} INFO - Started process (PID=3630) to work on /home/airflow/.local/lib/python3.7/site-packages/airflow/example_dags/example_task_group_decorator.py
[2023-08-07T22:56:31.603+0000] {processor.py:826} INFO - Processing file /home/airflow/.local/lib/python3.7/site-packages/airflow/example_dags/example_task_group_decorator.py for tasks to queue
[2023-08-07T22:56:31.604+0000] {logging_mixin.py:150} INFO - [2023-08-07T22:56:31.604+0000] {dagbag.py:541} INFO - Filling up the DagBag from /home/airflow/.local/lib/python3.7/site-packages/airflow/example_dags/example_task_group_decorator.py
[2023-08-07T22:56:31.627+0000] {processor.py:836} INFO - DAG(s) dict_keys(['example_task_group_decorator']) retrieved from /home/airflow/.local/lib/python3.7/site-packages/airflow/example_dags/example_task_group_decorator.py
[2023-08-07T22:56:31.666+0000] {logging_mixin.py:150} INFO - [2023-08-07T22:56:31.666+0000] {dag.py:2742} INFO - Sync 1 DAGs
[2023-08-07T22:56:31.709+0000] {logging_mixin.py:150} INFO - [2023-08-07T22:56:31.708+0000] {dag.py:3508} INFO - Setting next_dagrun for example_task_group_decorator to 2023-08-06T22:56:31.708240+00:00, run_after=2023-08-07T22:56:31.708240+00:00
[2023-08-07T22:56:31.731+0000] {processor.py:179} INFO - Processing /home/airflow/.local/lib/python3.7/site-packages/airflow/example_dags/example_task_group_decorator.py took 0.133 seconds
[2023-08-07T23:21:09.839+0000] {processor.py:157} INFO - Started process (PID=3688) to work on /home/airflow/.local/lib/python3.7/site-packages/airflow/example_dags/example_task_group_decorator.py
[2023-08-07T23:21:09.845+0000] {processor.py:826} INFO - Processing file /home/airflow/.local/lib/python3.7/site-packages/airflow/example_dags/example_task_group_decorator.py for tasks to queue
[2023-08-07T23:21:09.846+0000] {logging_mixin.py:150} INFO - [2023-08-07T23:21:09.846+0000] {dagbag.py:541} INFO - Filling up the DagBag from /home/airflow/.local/lib/python3.7/site-packages/airflow/example_dags/example_task_group_decorator.py
[2023-08-07T23:21:09.874+0000] {processor.py:836} INFO - DAG(s) dict_keys(['example_task_group_decorator']) retrieved from /home/airflow/.local/lib/python3.7/site-packages/airflow/example_dags/example_task_group_decorator.py
[2023-08-07T23:21:09.900+0000] {logging_mixin.py:150} INFO - [2023-08-07T23:21:09.900+0000] {dag.py:2742} INFO - Sync 1 DAGs
[2023-08-07T23:21:09.921+0000] {logging_mixin.py:150} INFO - [2023-08-07T23:21:09.921+0000] {dag.py:3508} INFO - Setting next_dagrun for example_task_group_decorator to 2023-08-06T23:21:09.916321+00:00, run_after=2023-08-07T23:21:09.916321+00:00
[2023-08-07T23:21:09.932+0000] {processor.py:179} INFO - Processing /home/airflow/.local/lib/python3.7/site-packages/airflow/example_dags/example_task_group_decorator.py took 0.096 seconds
[2023-08-07T23:36:58.387+0000] {processor.py:157} INFO - Started process (PID=3746) to work on /home/airflow/.local/lib/python3.7/site-packages/airflow/example_dags/example_task_group_decorator.py
[2023-08-07T23:36:58.388+0000] {processor.py:826} INFO - Processing file /home/airflow/.local/lib/python3.7/site-packages/airflow/example_dags/example_task_group_decorator.py for tasks to queue
[2023-08-07T23:36:58.389+0000] {logging_mixin.py:150} INFO - [2023-08-07T23:36:58.389+0000] {dagbag.py:541} INFO - Filling up the DagBag from /home/airflow/.local/lib/python3.7/site-packages/airflow/example_dags/example_task_group_decorator.py
[2023-08-07T23:36:58.399+0000] {processor.py:836} INFO - DAG(s) dict_keys(['example_task_group_decorator']) retrieved from /home/airflow/.local/lib/python3.7/site-packages/airflow/example_dags/example_task_group_decorator.py
[2023-08-07T23:36:58.423+0000] {logging_mixin.py:150} INFO - [2023-08-07T23:36:58.423+0000] {dag.py:2742} INFO - Sync 1 DAGs
[2023-08-07T23:36:58.439+0000] {logging_mixin.py:150} INFO - [2023-08-07T23:36:58.439+0000] {dag.py:3508} INFO - Setting next_dagrun for example_task_group_decorator to 2023-08-06T23:36:58.439531+00:00, run_after=2023-08-07T23:36:58.439531+00:00
[2023-08-07T23:36:58.452+0000] {processor.py:179} INFO - Processing /home/airflow/.local/lib/python3.7/site-packages/airflow/example_dags/example_task_group_decorator.py took 0.067 seconds
