[2023-08-07T10:43:27.247+0000] {processor.py:157} INFO - Started process (PID=41) to work on /home/airflow/.local/lib/python3.7/site-packages/airflow/example_dags/example_python_operator.py
[2023-08-07T10:43:27.248+0000] {processor.py:826} INFO - Processing file /home/airflow/.local/lib/python3.7/site-packages/airflow/example_dags/example_python_operator.py for tasks to queue
[2023-08-07T10:43:27.249+0000] {logging_mixin.py:150} INFO - [2023-08-07T10:43:27.249+0000] {dagbag.py:541} INFO - Filling up the DagBag from /home/airflow/.local/lib/python3.7/site-packages/airflow/example_dags/example_python_operator.py
[2023-08-07T10:43:27.257+0000] {processor.py:836} INFO - DAG(s) dict_keys(['example_python_operator']) retrieved from /home/airflow/.local/lib/python3.7/site-packages/airflow/example_dags/example_python_operator.py
[2023-08-07T10:43:27.345+0000] {logging_mixin.py:150} INFO - [2023-08-07T10:43:27.345+0000] {manager.py:504} INFO - Created Permission View: can edit on DAG:example_python_operator
[2023-08-07T10:43:27.351+0000] {logging_mixin.py:150} INFO - [2023-08-07T10:43:27.351+0000] {manager.py:504} INFO - Created Permission View: can delete on DAG:example_python_operator
[2023-08-07T10:43:27.356+0000] {logging_mixin.py:150} INFO - [2023-08-07T10:43:27.356+0000] {manager.py:504} INFO - Created Permission View: can read on DAG:example_python_operator
[2023-08-07T10:43:27.365+0000] {logging_mixin.py:150} INFO - [2023-08-07T10:43:27.365+0000] {dag.py:2742} INFO - Sync 1 DAGs
[2023-08-07T10:43:27.375+0000] {logging_mixin.py:150} INFO - [2023-08-07T10:43:27.375+0000] {dag.py:2763} INFO - Creating ORM DAG for example_python_operator
[2023-08-07T10:43:27.388+0000] {logging_mixin.py:150} INFO - [2023-08-07T10:43:27.388+0000] {dag.py:3508} INFO - Setting next_dagrun for example_python_operator to None, run_after=None
[2023-08-07T10:43:27.407+0000] {processor.py:179} INFO - Processing /home/airflow/.local/lib/python3.7/site-packages/airflow/example_dags/example_python_operator.py took 0.163 seconds
[2023-08-07T10:43:58.009+0000] {processor.py:157} INFO - Started process (PID=99) to work on /home/airflow/.local/lib/python3.7/site-packages/airflow/example_dags/example_python_operator.py
[2023-08-07T10:43:58.010+0000] {processor.py:826} INFO - Processing file /home/airflow/.local/lib/python3.7/site-packages/airflow/example_dags/example_python_operator.py for tasks to queue
[2023-08-07T10:43:58.011+0000] {logging_mixin.py:150} INFO - [2023-08-07T10:43:58.010+0000] {dagbag.py:541} INFO - Filling up the DagBag from /home/airflow/.local/lib/python3.7/site-packages/airflow/example_dags/example_python_operator.py
[2023-08-07T10:43:58.018+0000] {processor.py:836} INFO - DAG(s) dict_keys(['example_python_operator']) retrieved from /home/airflow/.local/lib/python3.7/site-packages/airflow/example_dags/example_python_operator.py
[2023-08-07T10:43:58.038+0000] {logging_mixin.py:150} INFO - [2023-08-07T10:43:58.038+0000] {dag.py:2742} INFO - Sync 1 DAGs
[2023-08-07T10:43:58.053+0000] {logging_mixin.py:150} INFO - [2023-08-07T10:43:58.053+0000] {dag.py:3508} INFO - Setting next_dagrun for example_python_operator to None, run_after=None
[2023-08-07T10:43:58.065+0000] {processor.py:179} INFO - Processing /home/airflow/.local/lib/python3.7/site-packages/airflow/example_dags/example_python_operator.py took 0.059 seconds
[2023-08-07T10:44:28.371+0000] {processor.py:157} INFO - Started process (PID=157) to work on /home/airflow/.local/lib/python3.7/site-packages/airflow/example_dags/example_python_operator.py
[2023-08-07T10:44:28.372+0000] {processor.py:826} INFO - Processing file /home/airflow/.local/lib/python3.7/site-packages/airflow/example_dags/example_python_operator.py for tasks to queue
[2023-08-07T10:44:28.372+0000] {logging_mixin.py:150} INFO - [2023-08-07T10:44:28.372+0000] {dagbag.py:541} INFO - Filling up the DagBag from /home/airflow/.local/lib/python3.7/site-packages/airflow/example_dags/example_python_operator.py
[2023-08-07T10:44:28.379+0000] {processor.py:836} INFO - DAG(s) dict_keys(['example_python_operator']) retrieved from /home/airflow/.local/lib/python3.7/site-packages/airflow/example_dags/example_python_operator.py
[2023-08-07T10:44:28.396+0000] {logging_mixin.py:150} INFO - [2023-08-07T10:44:28.396+0000] {dag.py:2742} INFO - Sync 1 DAGs
[2023-08-07T10:44:28.410+0000] {logging_mixin.py:150} INFO - [2023-08-07T10:44:28.410+0000] {dag.py:3508} INFO - Setting next_dagrun for example_python_operator to None, run_after=None
[2023-08-07T10:44:28.420+0000] {processor.py:179} INFO - Processing /home/airflow/.local/lib/python3.7/site-packages/airflow/example_dags/example_python_operator.py took 0.051 seconds
[2023-08-07T10:44:58.803+0000] {processor.py:157} INFO - Started process (PID=215) to work on /home/airflow/.local/lib/python3.7/site-packages/airflow/example_dags/example_python_operator.py
[2023-08-07T10:44:58.804+0000] {processor.py:826} INFO - Processing file /home/airflow/.local/lib/python3.7/site-packages/airflow/example_dags/example_python_operator.py for tasks to queue
[2023-08-07T10:44:58.805+0000] {logging_mixin.py:150} INFO - [2023-08-07T10:44:58.805+0000] {dagbag.py:541} INFO - Filling up the DagBag from /home/airflow/.local/lib/python3.7/site-packages/airflow/example_dags/example_python_operator.py
[2023-08-07T10:44:58.811+0000] {processor.py:836} INFO - DAG(s) dict_keys(['example_python_operator']) retrieved from /home/airflow/.local/lib/python3.7/site-packages/airflow/example_dags/example_python_operator.py
[2023-08-07T10:44:58.830+0000] {logging_mixin.py:150} INFO - [2023-08-07T10:44:58.830+0000] {dag.py:2742} INFO - Sync 1 DAGs
[2023-08-07T10:44:58.844+0000] {logging_mixin.py:150} INFO - [2023-08-07T10:44:58.844+0000] {dag.py:3508} INFO - Setting next_dagrun for example_python_operator to None, run_after=None
[2023-08-07T10:44:58.854+0000] {processor.py:179} INFO - Processing /home/airflow/.local/lib/python3.7/site-packages/airflow/example_dags/example_python_operator.py took 0.053 seconds
[2023-08-07T10:45:29.916+0000] {processor.py:157} INFO - Started process (PID=273) to work on /home/airflow/.local/lib/python3.7/site-packages/airflow/example_dags/example_python_operator.py
[2023-08-07T10:45:29.917+0000] {processor.py:826} INFO - Processing file /home/airflow/.local/lib/python3.7/site-packages/airflow/example_dags/example_python_operator.py for tasks to queue
[2023-08-07T10:45:29.918+0000] {logging_mixin.py:150} INFO - [2023-08-07T10:45:29.918+0000] {dagbag.py:541} INFO - Filling up the DagBag from /home/airflow/.local/lib/python3.7/site-packages/airflow/example_dags/example_python_operator.py
[2023-08-07T10:45:29.924+0000] {processor.py:836} INFO - DAG(s) dict_keys(['example_python_operator']) retrieved from /home/airflow/.local/lib/python3.7/site-packages/airflow/example_dags/example_python_operator.py
[2023-08-07T10:45:29.943+0000] {logging_mixin.py:150} INFO - [2023-08-07T10:45:29.943+0000] {dag.py:2742} INFO - Sync 1 DAGs
[2023-08-07T10:45:29.956+0000] {logging_mixin.py:150} INFO - [2023-08-07T10:45:29.956+0000] {dag.py:3508} INFO - Setting next_dagrun for example_python_operator to None, run_after=None
[2023-08-07T10:45:29.966+0000] {processor.py:179} INFO - Processing /home/airflow/.local/lib/python3.7/site-packages/airflow/example_dags/example_python_operator.py took 0.053 seconds
[2023-08-07T10:46:00.262+0000] {processor.py:157} INFO - Started process (PID=331) to work on /home/airflow/.local/lib/python3.7/site-packages/airflow/example_dags/example_python_operator.py
[2023-08-07T10:46:00.263+0000] {processor.py:826} INFO - Processing file /home/airflow/.local/lib/python3.7/site-packages/airflow/example_dags/example_python_operator.py for tasks to queue
[2023-08-07T10:46:00.264+0000] {logging_mixin.py:150} INFO - [2023-08-07T10:46:00.263+0000] {dagbag.py:541} INFO - Filling up the DagBag from /home/airflow/.local/lib/python3.7/site-packages/airflow/example_dags/example_python_operator.py
[2023-08-07T10:46:00.270+0000] {processor.py:836} INFO - DAG(s) dict_keys(['example_python_operator']) retrieved from /home/airflow/.local/lib/python3.7/site-packages/airflow/example_dags/example_python_operator.py
[2023-08-07T10:46:00.288+0000] {logging_mixin.py:150} INFO - [2023-08-07T10:46:00.288+0000] {dag.py:2742} INFO - Sync 1 DAGs
[2023-08-07T10:46:00.302+0000] {logging_mixin.py:150} INFO - [2023-08-07T10:46:00.302+0000] {dag.py:3508} INFO - Setting next_dagrun for example_python_operator to None, run_after=None
[2023-08-07T10:46:00.312+0000] {processor.py:179} INFO - Processing /home/airflow/.local/lib/python3.7/site-packages/airflow/example_dags/example_python_operator.py took 0.052 seconds
[2023-08-07T10:46:30.470+0000] {processor.py:157} INFO - Started process (PID=389) to work on /home/airflow/.local/lib/python3.7/site-packages/airflow/example_dags/example_python_operator.py
[2023-08-07T10:46:30.471+0000] {processor.py:826} INFO - Processing file /home/airflow/.local/lib/python3.7/site-packages/airflow/example_dags/example_python_operator.py for tasks to queue
[2023-08-07T10:46:30.472+0000] {logging_mixin.py:150} INFO - [2023-08-07T10:46:30.471+0000] {dagbag.py:541} INFO - Filling up the DagBag from /home/airflow/.local/lib/python3.7/site-packages/airflow/example_dags/example_python_operator.py
[2023-08-07T10:46:30.478+0000] {processor.py:836} INFO - DAG(s) dict_keys(['example_python_operator']) retrieved from /home/airflow/.local/lib/python3.7/site-packages/airflow/example_dags/example_python_operator.py
[2023-08-07T10:46:30.496+0000] {logging_mixin.py:150} INFO - [2023-08-07T10:46:30.496+0000] {dag.py:2742} INFO - Sync 1 DAGs
[2023-08-07T10:46:30.509+0000] {logging_mixin.py:150} INFO - [2023-08-07T10:46:30.509+0000] {dag.py:3508} INFO - Setting next_dagrun for example_python_operator to None, run_after=None
[2023-08-07T10:46:30.519+0000] {processor.py:179} INFO - Processing /home/airflow/.local/lib/python3.7/site-packages/airflow/example_dags/example_python_operator.py took 0.051 seconds
[2023-08-07T10:47:00.717+0000] {processor.py:157} INFO - Started process (PID=447) to work on /home/airflow/.local/lib/python3.7/site-packages/airflow/example_dags/example_python_operator.py
[2023-08-07T10:47:00.718+0000] {processor.py:826} INFO - Processing file /home/airflow/.local/lib/python3.7/site-packages/airflow/example_dags/example_python_operator.py for tasks to queue
[2023-08-07T10:47:00.719+0000] {logging_mixin.py:150} INFO - [2023-08-07T10:47:00.719+0000] {dagbag.py:541} INFO - Filling up the DagBag from /home/airflow/.local/lib/python3.7/site-packages/airflow/example_dags/example_python_operator.py
[2023-08-07T10:47:00.726+0000] {processor.py:836} INFO - DAG(s) dict_keys(['example_python_operator']) retrieved from /home/airflow/.local/lib/python3.7/site-packages/airflow/example_dags/example_python_operator.py
[2023-08-07T10:47:00.744+0000] {logging_mixin.py:150} INFO - [2023-08-07T10:47:00.744+0000] {dag.py:2742} INFO - Sync 1 DAGs
[2023-08-07T10:47:00.757+0000] {logging_mixin.py:150} INFO - [2023-08-07T10:47:00.757+0000] {dag.py:3508} INFO - Setting next_dagrun for example_python_operator to None, run_after=None
[2023-08-07T10:47:00.771+0000] {processor.py:179} INFO - Processing /home/airflow/.local/lib/python3.7/site-packages/airflow/example_dags/example_python_operator.py took 0.056 seconds
[2023-08-07T10:47:30.859+0000] {processor.py:157} INFO - Started process (PID=505) to work on /home/airflow/.local/lib/python3.7/site-packages/airflow/example_dags/example_python_operator.py
[2023-08-07T10:47:30.860+0000] {processor.py:826} INFO - Processing file /home/airflow/.local/lib/python3.7/site-packages/airflow/example_dags/example_python_operator.py for tasks to queue
[2023-08-07T10:47:30.861+0000] {logging_mixin.py:150} INFO - [2023-08-07T10:47:30.860+0000] {dagbag.py:541} INFO - Filling up the DagBag from /home/airflow/.local/lib/python3.7/site-packages/airflow/example_dags/example_python_operator.py
[2023-08-07T10:47:30.867+0000] {processor.py:836} INFO - DAG(s) dict_keys(['example_python_operator']) retrieved from /home/airflow/.local/lib/python3.7/site-packages/airflow/example_dags/example_python_operator.py
[2023-08-07T10:47:30.886+0000] {logging_mixin.py:150} INFO - [2023-08-07T10:47:30.886+0000] {dag.py:2742} INFO - Sync 1 DAGs
[2023-08-07T10:47:30.900+0000] {logging_mixin.py:150} INFO - [2023-08-07T10:47:30.900+0000] {dag.py:3508} INFO - Setting next_dagrun for example_python_operator to None, run_after=None
[2023-08-07T10:47:30.910+0000] {processor.py:179} INFO - Processing /home/airflow/.local/lib/python3.7/site-packages/airflow/example_dags/example_python_operator.py took 0.054 seconds
[2023-08-07T10:48:01.030+0000] {processor.py:157} INFO - Started process (PID=563) to work on /home/airflow/.local/lib/python3.7/site-packages/airflow/example_dags/example_python_operator.py
[2023-08-07T10:48:01.031+0000] {processor.py:826} INFO - Processing file /home/airflow/.local/lib/python3.7/site-packages/airflow/example_dags/example_python_operator.py for tasks to queue
[2023-08-07T10:48:01.032+0000] {logging_mixin.py:150} INFO - [2023-08-07T10:48:01.032+0000] {dagbag.py:541} INFO - Filling up the DagBag from /home/airflow/.local/lib/python3.7/site-packages/airflow/example_dags/example_python_operator.py
[2023-08-07T10:48:01.038+0000] {processor.py:836} INFO - DAG(s) dict_keys(['example_python_operator']) retrieved from /home/airflow/.local/lib/python3.7/site-packages/airflow/example_dags/example_python_operator.py
[2023-08-07T10:48:01.056+0000] {logging_mixin.py:150} INFO - [2023-08-07T10:48:01.055+0000] {dag.py:2742} INFO - Sync 1 DAGs
[2023-08-07T10:48:01.069+0000] {logging_mixin.py:150} INFO - [2023-08-07T10:48:01.069+0000] {dag.py:3508} INFO - Setting next_dagrun for example_python_operator to None, run_after=None
[2023-08-07T10:48:01.079+0000] {processor.py:179} INFO - Processing /home/airflow/.local/lib/python3.7/site-packages/airflow/example_dags/example_python_operator.py took 0.052 seconds
[2023-08-07T10:48:31.512+0000] {processor.py:157} INFO - Started process (PID=621) to work on /home/airflow/.local/lib/python3.7/site-packages/airflow/example_dags/example_python_operator.py
[2023-08-07T10:48:31.513+0000] {processor.py:826} INFO - Processing file /home/airflow/.local/lib/python3.7/site-packages/airflow/example_dags/example_python_operator.py for tasks to queue
[2023-08-07T10:48:31.514+0000] {logging_mixin.py:150} INFO - [2023-08-07T10:48:31.513+0000] {dagbag.py:541} INFO - Filling up the DagBag from /home/airflow/.local/lib/python3.7/site-packages/airflow/example_dags/example_python_operator.py
[2023-08-07T10:48:31.520+0000] {processor.py:836} INFO - DAG(s) dict_keys(['example_python_operator']) retrieved from /home/airflow/.local/lib/python3.7/site-packages/airflow/example_dags/example_python_operator.py
[2023-08-07T10:48:31.538+0000] {logging_mixin.py:150} INFO - [2023-08-07T10:48:31.538+0000] {dag.py:2742} INFO - Sync 1 DAGs
[2023-08-07T10:48:31.552+0000] {logging_mixin.py:150} INFO - [2023-08-07T10:48:31.552+0000] {dag.py:3508} INFO - Setting next_dagrun for example_python_operator to None, run_after=None
[2023-08-07T10:48:31.562+0000] {processor.py:179} INFO - Processing /home/airflow/.local/lib/python3.7/site-packages/airflow/example_dags/example_python_operator.py took 0.053 seconds
[2023-08-07T10:49:01.750+0000] {processor.py:157} INFO - Started process (PID=680) to work on /home/airflow/.local/lib/python3.7/site-packages/airflow/example_dags/example_python_operator.py
[2023-08-07T10:49:01.751+0000] {processor.py:826} INFO - Processing file /home/airflow/.local/lib/python3.7/site-packages/airflow/example_dags/example_python_operator.py for tasks to queue
[2023-08-07T10:49:01.752+0000] {logging_mixin.py:150} INFO - [2023-08-07T10:49:01.752+0000] {dagbag.py:541} INFO - Filling up the DagBag from /home/airflow/.local/lib/python3.7/site-packages/airflow/example_dags/example_python_operator.py
[2023-08-07T10:49:01.759+0000] {processor.py:836} INFO - DAG(s) dict_keys(['example_python_operator']) retrieved from /home/airflow/.local/lib/python3.7/site-packages/airflow/example_dags/example_python_operator.py
[2023-08-07T10:49:01.778+0000] {logging_mixin.py:150} INFO - [2023-08-07T10:49:01.778+0000] {dag.py:2742} INFO - Sync 1 DAGs
[2023-08-07T10:49:01.792+0000] {logging_mixin.py:150} INFO - [2023-08-07T10:49:01.792+0000] {dag.py:3508} INFO - Setting next_dagrun for example_python_operator to None, run_after=None
[2023-08-07T10:49:01.802+0000] {processor.py:179} INFO - Processing /home/airflow/.local/lib/python3.7/site-packages/airflow/example_dags/example_python_operator.py took 0.055 seconds
[2023-08-07T10:49:32.010+0000] {processor.py:157} INFO - Started process (PID=738) to work on /home/airflow/.local/lib/python3.7/site-packages/airflow/example_dags/example_python_operator.py
[2023-08-07T10:49:32.011+0000] {processor.py:826} INFO - Processing file /home/airflow/.local/lib/python3.7/site-packages/airflow/example_dags/example_python_operator.py for tasks to queue
[2023-08-07T10:49:32.012+0000] {logging_mixin.py:150} INFO - [2023-08-07T10:49:32.012+0000] {dagbag.py:541} INFO - Filling up the DagBag from /home/airflow/.local/lib/python3.7/site-packages/airflow/example_dags/example_python_operator.py
[2023-08-07T10:49:32.019+0000] {processor.py:836} INFO - DAG(s) dict_keys(['example_python_operator']) retrieved from /home/airflow/.local/lib/python3.7/site-packages/airflow/example_dags/example_python_operator.py
[2023-08-07T10:49:32.037+0000] {logging_mixin.py:150} INFO - [2023-08-07T10:49:32.037+0000] {dag.py:2742} INFO - Sync 1 DAGs
[2023-08-07T10:49:32.051+0000] {logging_mixin.py:150} INFO - [2023-08-07T10:49:32.050+0000] {dag.py:3508} INFO - Setting next_dagrun for example_python_operator to None, run_after=None
[2023-08-07T10:49:32.060+0000] {processor.py:179} INFO - Processing /home/airflow/.local/lib/python3.7/site-packages/airflow/example_dags/example_python_operator.py took 0.053 seconds
[2023-08-07T10:50:02.272+0000] {processor.py:157} INFO - Started process (PID=796) to work on /home/airflow/.local/lib/python3.7/site-packages/airflow/example_dags/example_python_operator.py
[2023-08-07T10:50:02.272+0000] {processor.py:826} INFO - Processing file /home/airflow/.local/lib/python3.7/site-packages/airflow/example_dags/example_python_operator.py for tasks to queue
[2023-08-07T10:50:02.273+0000] {logging_mixin.py:150} INFO - [2023-08-07T10:50:02.273+0000] {dagbag.py:541} INFO - Filling up the DagBag from /home/airflow/.local/lib/python3.7/site-packages/airflow/example_dags/example_python_operator.py
[2023-08-07T10:50:02.279+0000] {processor.py:836} INFO - DAG(s) dict_keys(['example_python_operator']) retrieved from /home/airflow/.local/lib/python3.7/site-packages/airflow/example_dags/example_python_operator.py
[2023-08-07T10:50:02.298+0000] {logging_mixin.py:150} INFO - [2023-08-07T10:50:02.298+0000] {dag.py:2742} INFO - Sync 1 DAGs
[2023-08-07T10:50:02.313+0000] {logging_mixin.py:150} INFO - [2023-08-07T10:50:02.313+0000] {dag.py:3508} INFO - Setting next_dagrun for example_python_operator to None, run_after=None
[2023-08-07T10:50:02.322+0000] {processor.py:179} INFO - Processing /home/airflow/.local/lib/python3.7/site-packages/airflow/example_dags/example_python_operator.py took 0.053 seconds
[2023-08-07T10:50:32.530+0000] {processor.py:157} INFO - Started process (PID=853) to work on /home/airflow/.local/lib/python3.7/site-packages/airflow/example_dags/example_python_operator.py
[2023-08-07T10:50:32.531+0000] {processor.py:826} INFO - Processing file /home/airflow/.local/lib/python3.7/site-packages/airflow/example_dags/example_python_operator.py for tasks to queue
[2023-08-07T10:50:32.532+0000] {logging_mixin.py:150} INFO - [2023-08-07T10:50:32.532+0000] {dagbag.py:541} INFO - Filling up the DagBag from /home/airflow/.local/lib/python3.7/site-packages/airflow/example_dags/example_python_operator.py
[2023-08-07T10:50:32.538+0000] {processor.py:836} INFO - DAG(s) dict_keys(['example_python_operator']) retrieved from /home/airflow/.local/lib/python3.7/site-packages/airflow/example_dags/example_python_operator.py
[2023-08-07T10:50:32.556+0000] {logging_mixin.py:150} INFO - [2023-08-07T10:50:32.556+0000] {dag.py:2742} INFO - Sync 1 DAGs
[2023-08-07T10:50:32.570+0000] {logging_mixin.py:150} INFO - [2023-08-07T10:50:32.570+0000] {dag.py:3508} INFO - Setting next_dagrun for example_python_operator to None, run_after=None
[2023-08-07T10:50:32.580+0000] {processor.py:179} INFO - Processing /home/airflow/.local/lib/python3.7/site-packages/airflow/example_dags/example_python_operator.py took 0.052 seconds
[2023-08-07T10:51:02.620+0000] {processor.py:157} INFO - Started process (PID=911) to work on /home/airflow/.local/lib/python3.7/site-packages/airflow/example_dags/example_python_operator.py
[2023-08-07T10:51:02.621+0000] {processor.py:826} INFO - Processing file /home/airflow/.local/lib/python3.7/site-packages/airflow/example_dags/example_python_operator.py for tasks to queue
[2023-08-07T10:51:02.622+0000] {logging_mixin.py:150} INFO - [2023-08-07T10:51:02.622+0000] {dagbag.py:541} INFO - Filling up the DagBag from /home/airflow/.local/lib/python3.7/site-packages/airflow/example_dags/example_python_operator.py
[2023-08-07T10:51:02.629+0000] {processor.py:836} INFO - DAG(s) dict_keys(['example_python_operator']) retrieved from /home/airflow/.local/lib/python3.7/site-packages/airflow/example_dags/example_python_operator.py
[2023-08-07T10:51:02.647+0000] {logging_mixin.py:150} INFO - [2023-08-07T10:51:02.647+0000] {dag.py:2742} INFO - Sync 1 DAGs
[2023-08-07T10:51:02.660+0000] {logging_mixin.py:150} INFO - [2023-08-07T10:51:02.660+0000] {dag.py:3508} INFO - Setting next_dagrun for example_python_operator to None, run_after=None
[2023-08-07T10:51:02.670+0000] {processor.py:179} INFO - Processing /home/airflow/.local/lib/python3.7/site-packages/airflow/example_dags/example_python_operator.py took 0.053 seconds
[2023-08-07T10:51:33.007+0000] {processor.py:157} INFO - Started process (PID=969) to work on /home/airflow/.local/lib/python3.7/site-packages/airflow/example_dags/example_python_operator.py
[2023-08-07T10:51:33.008+0000] {processor.py:826} INFO - Processing file /home/airflow/.local/lib/python3.7/site-packages/airflow/example_dags/example_python_operator.py for tasks to queue
[2023-08-07T10:51:33.009+0000] {logging_mixin.py:150} INFO - [2023-08-07T10:51:33.008+0000] {dagbag.py:541} INFO - Filling up the DagBag from /home/airflow/.local/lib/python3.7/site-packages/airflow/example_dags/example_python_operator.py
[2023-08-07T10:51:33.015+0000] {processor.py:836} INFO - DAG(s) dict_keys(['example_python_operator']) retrieved from /home/airflow/.local/lib/python3.7/site-packages/airflow/example_dags/example_python_operator.py
[2023-08-07T10:51:33.034+0000] {logging_mixin.py:150} INFO - [2023-08-07T10:51:33.034+0000] {dag.py:2742} INFO - Sync 1 DAGs
[2023-08-07T10:51:33.048+0000] {logging_mixin.py:150} INFO - [2023-08-07T10:51:33.048+0000] {dag.py:3508} INFO - Setting next_dagrun for example_python_operator to None, run_after=None
[2023-08-07T10:51:33.058+0000] {processor.py:179} INFO - Processing /home/airflow/.local/lib/python3.7/site-packages/airflow/example_dags/example_python_operator.py took 0.054 seconds
[2023-08-07T10:52:03.259+0000] {processor.py:157} INFO - Started process (PID=1027) to work on /home/airflow/.local/lib/python3.7/site-packages/airflow/example_dags/example_python_operator.py
[2023-08-07T10:52:03.260+0000] {processor.py:826} INFO - Processing file /home/airflow/.local/lib/python3.7/site-packages/airflow/example_dags/example_python_operator.py for tasks to queue
[2023-08-07T10:52:03.261+0000] {logging_mixin.py:150} INFO - [2023-08-07T10:52:03.260+0000] {dagbag.py:541} INFO - Filling up the DagBag from /home/airflow/.local/lib/python3.7/site-packages/airflow/example_dags/example_python_operator.py
[2023-08-07T10:52:03.267+0000] {processor.py:836} INFO - DAG(s) dict_keys(['example_python_operator']) retrieved from /home/airflow/.local/lib/python3.7/site-packages/airflow/example_dags/example_python_operator.py
[2023-08-07T10:52:03.285+0000] {logging_mixin.py:150} INFO - [2023-08-07T10:52:03.285+0000] {dag.py:2742} INFO - Sync 1 DAGs
[2023-08-07T10:52:03.298+0000] {logging_mixin.py:150} INFO - [2023-08-07T10:52:03.298+0000] {dag.py:3508} INFO - Setting next_dagrun for example_python_operator to None, run_after=None
[2023-08-07T10:52:03.308+0000] {processor.py:179} INFO - Processing /home/airflow/.local/lib/python3.7/site-packages/airflow/example_dags/example_python_operator.py took 0.052 seconds
[2023-08-07T10:52:33.619+0000] {processor.py:157} INFO - Started process (PID=1085) to work on /home/airflow/.local/lib/python3.7/site-packages/airflow/example_dags/example_python_operator.py
[2023-08-07T10:52:33.620+0000] {processor.py:826} INFO - Processing file /home/airflow/.local/lib/python3.7/site-packages/airflow/example_dags/example_python_operator.py for tasks to queue
[2023-08-07T10:52:33.621+0000] {logging_mixin.py:150} INFO - [2023-08-07T10:52:33.621+0000] {dagbag.py:541} INFO - Filling up the DagBag from /home/airflow/.local/lib/python3.7/site-packages/airflow/example_dags/example_python_operator.py
[2023-08-07T10:52:33.628+0000] {processor.py:836} INFO - DAG(s) dict_keys(['example_python_operator']) retrieved from /home/airflow/.local/lib/python3.7/site-packages/airflow/example_dags/example_python_operator.py
[2023-08-07T10:52:33.646+0000] {logging_mixin.py:150} INFO - [2023-08-07T10:52:33.646+0000] {dag.py:2742} INFO - Sync 1 DAGs
[2023-08-07T10:52:33.660+0000] {logging_mixin.py:150} INFO - [2023-08-07T10:52:33.660+0000] {dag.py:3508} INFO - Setting next_dagrun for example_python_operator to None, run_after=None
[2023-08-07T10:52:33.669+0000] {processor.py:179} INFO - Processing /home/airflow/.local/lib/python3.7/site-packages/airflow/example_dags/example_python_operator.py took 0.053 seconds
[2023-08-07T10:53:03.836+0000] {processor.py:157} INFO - Started process (PID=1143) to work on /home/airflow/.local/lib/python3.7/site-packages/airflow/example_dags/example_python_operator.py
[2023-08-07T10:53:03.837+0000] {processor.py:826} INFO - Processing file /home/airflow/.local/lib/python3.7/site-packages/airflow/example_dags/example_python_operator.py for tasks to queue
[2023-08-07T10:53:03.838+0000] {logging_mixin.py:150} INFO - [2023-08-07T10:53:03.837+0000] {dagbag.py:541} INFO - Filling up the DagBag from /home/airflow/.local/lib/python3.7/site-packages/airflow/example_dags/example_python_operator.py
[2023-08-07T10:53:03.844+0000] {processor.py:836} INFO - DAG(s) dict_keys(['example_python_operator']) retrieved from /home/airflow/.local/lib/python3.7/site-packages/airflow/example_dags/example_python_operator.py
[2023-08-07T10:53:03.862+0000] {logging_mixin.py:150} INFO - [2023-08-07T10:53:03.862+0000] {dag.py:2742} INFO - Sync 1 DAGs
[2023-08-07T10:53:03.876+0000] {logging_mixin.py:150} INFO - [2023-08-07T10:53:03.876+0000] {dag.py:3508} INFO - Setting next_dagrun for example_python_operator to None, run_after=None
[2023-08-07T10:53:03.886+0000] {processor.py:179} INFO - Processing /home/airflow/.local/lib/python3.7/site-packages/airflow/example_dags/example_python_operator.py took 0.052 seconds
[2023-08-07T10:53:34.109+0000] {processor.py:157} INFO - Started process (PID=1201) to work on /home/airflow/.local/lib/python3.7/site-packages/airflow/example_dags/example_python_operator.py
[2023-08-07T10:53:34.110+0000] {processor.py:826} INFO - Processing file /home/airflow/.local/lib/python3.7/site-packages/airflow/example_dags/example_python_operator.py for tasks to queue
[2023-08-07T10:53:34.111+0000] {logging_mixin.py:150} INFO - [2023-08-07T10:53:34.111+0000] {dagbag.py:541} INFO - Filling up the DagBag from /home/airflow/.local/lib/python3.7/site-packages/airflow/example_dags/example_python_operator.py
[2023-08-07T10:53:34.117+0000] {processor.py:836} INFO - DAG(s) dict_keys(['example_python_operator']) retrieved from /home/airflow/.local/lib/python3.7/site-packages/airflow/example_dags/example_python_operator.py
[2023-08-07T10:53:34.135+0000] {logging_mixin.py:150} INFO - [2023-08-07T10:53:34.135+0000] {dag.py:2742} INFO - Sync 1 DAGs
[2023-08-07T10:53:34.148+0000] {logging_mixin.py:150} INFO - [2023-08-07T10:53:34.148+0000] {dag.py:3508} INFO - Setting next_dagrun for example_python_operator to None, run_after=None
[2023-08-07T10:53:34.158+0000] {processor.py:179} INFO - Processing /home/airflow/.local/lib/python3.7/site-packages/airflow/example_dags/example_python_operator.py took 0.051 seconds
[2023-08-07T10:54:04.376+0000] {processor.py:157} INFO - Started process (PID=1259) to work on /home/airflow/.local/lib/python3.7/site-packages/airflow/example_dags/example_python_operator.py
[2023-08-07T10:54:04.378+0000] {processor.py:826} INFO - Processing file /home/airflow/.local/lib/python3.7/site-packages/airflow/example_dags/example_python_operator.py for tasks to queue
[2023-08-07T10:54:04.378+0000] {logging_mixin.py:150} INFO - [2023-08-07T10:54:04.378+0000] {dagbag.py:541} INFO - Filling up the DagBag from /home/airflow/.local/lib/python3.7/site-packages/airflow/example_dags/example_python_operator.py
[2023-08-07T10:54:04.385+0000] {processor.py:836} INFO - DAG(s) dict_keys(['example_python_operator']) retrieved from /home/airflow/.local/lib/python3.7/site-packages/airflow/example_dags/example_python_operator.py
[2023-08-07T10:54:04.403+0000] {logging_mixin.py:150} INFO - [2023-08-07T10:54:04.403+0000] {dag.py:2742} INFO - Sync 1 DAGs
[2023-08-07T10:54:04.417+0000] {logging_mixin.py:150} INFO - [2023-08-07T10:54:04.417+0000] {dag.py:3508} INFO - Setting next_dagrun for example_python_operator to None, run_after=None
[2023-08-07T10:54:04.427+0000] {processor.py:179} INFO - Processing /home/airflow/.local/lib/python3.7/site-packages/airflow/example_dags/example_python_operator.py took 0.053 seconds
[2023-08-07T10:54:34.599+0000] {processor.py:157} INFO - Started process (PID=1317) to work on /home/airflow/.local/lib/python3.7/site-packages/airflow/example_dags/example_python_operator.py
[2023-08-07T10:54:34.600+0000] {processor.py:826} INFO - Processing file /home/airflow/.local/lib/python3.7/site-packages/airflow/example_dags/example_python_operator.py for tasks to queue
[2023-08-07T10:54:34.601+0000] {logging_mixin.py:150} INFO - [2023-08-07T10:54:34.600+0000] {dagbag.py:541} INFO - Filling up the DagBag from /home/airflow/.local/lib/python3.7/site-packages/airflow/example_dags/example_python_operator.py
[2023-08-07T10:54:34.607+0000] {processor.py:836} INFO - DAG(s) dict_keys(['example_python_operator']) retrieved from /home/airflow/.local/lib/python3.7/site-packages/airflow/example_dags/example_python_operator.py
[2023-08-07T10:54:34.626+0000] {logging_mixin.py:150} INFO - [2023-08-07T10:54:34.626+0000] {dag.py:2742} INFO - Sync 1 DAGs
[2023-08-07T10:54:34.640+0000] {logging_mixin.py:150} INFO - [2023-08-07T10:54:34.640+0000] {dag.py:3508} INFO - Setting next_dagrun for example_python_operator to None, run_after=None
[2023-08-07T10:54:34.650+0000] {processor.py:179} INFO - Processing /home/airflow/.local/lib/python3.7/site-packages/airflow/example_dags/example_python_operator.py took 0.053 seconds
[2023-08-07T10:55:04.925+0000] {processor.py:157} INFO - Started process (PID=1375) to work on /home/airflow/.local/lib/python3.7/site-packages/airflow/example_dags/example_python_operator.py
[2023-08-07T10:55:04.926+0000] {processor.py:826} INFO - Processing file /home/airflow/.local/lib/python3.7/site-packages/airflow/example_dags/example_python_operator.py for tasks to queue
[2023-08-07T10:55:04.927+0000] {logging_mixin.py:150} INFO - [2023-08-07T10:55:04.927+0000] {dagbag.py:541} INFO - Filling up the DagBag from /home/airflow/.local/lib/python3.7/site-packages/airflow/example_dags/example_python_operator.py
[2023-08-07T10:55:04.933+0000] {processor.py:836} INFO - DAG(s) dict_keys(['example_python_operator']) retrieved from /home/airflow/.local/lib/python3.7/site-packages/airflow/example_dags/example_python_operator.py
[2023-08-07T10:55:04.951+0000] {logging_mixin.py:150} INFO - [2023-08-07T10:55:04.951+0000] {dag.py:2742} INFO - Sync 1 DAGs
[2023-08-07T10:55:04.965+0000] {logging_mixin.py:150} INFO - [2023-08-07T10:55:04.965+0000] {dag.py:3508} INFO - Setting next_dagrun for example_python_operator to None, run_after=None
[2023-08-07T10:55:04.975+0000] {processor.py:179} INFO - Processing /home/airflow/.local/lib/python3.7/site-packages/airflow/example_dags/example_python_operator.py took 0.053 seconds
[2023-08-07T10:55:35.188+0000] {processor.py:157} INFO - Started process (PID=1433) to work on /home/airflow/.local/lib/python3.7/site-packages/airflow/example_dags/example_python_operator.py
[2023-08-07T10:55:35.189+0000] {processor.py:826} INFO - Processing file /home/airflow/.local/lib/python3.7/site-packages/airflow/example_dags/example_python_operator.py for tasks to queue
[2023-08-07T10:55:35.190+0000] {logging_mixin.py:150} INFO - [2023-08-07T10:55:35.189+0000] {dagbag.py:541} INFO - Filling up the DagBag from /home/airflow/.local/lib/python3.7/site-packages/airflow/example_dags/example_python_operator.py
[2023-08-07T10:55:35.196+0000] {processor.py:836} INFO - DAG(s) dict_keys(['example_python_operator']) retrieved from /home/airflow/.local/lib/python3.7/site-packages/airflow/example_dags/example_python_operator.py
[2023-08-07T10:55:35.214+0000] {logging_mixin.py:150} INFO - [2023-08-07T10:55:35.214+0000] {dag.py:2742} INFO - Sync 1 DAGs
[2023-08-07T10:55:35.227+0000] {logging_mixin.py:150} INFO - [2023-08-07T10:55:35.227+0000] {dag.py:3508} INFO - Setting next_dagrun for example_python_operator to None, run_after=None
[2023-08-07T10:55:35.237+0000] {processor.py:179} INFO - Processing /home/airflow/.local/lib/python3.7/site-packages/airflow/example_dags/example_python_operator.py took 0.051 seconds
[2023-08-07T10:56:05.424+0000] {processor.py:157} INFO - Started process (PID=1491) to work on /home/airflow/.local/lib/python3.7/site-packages/airflow/example_dags/example_python_operator.py
[2023-08-07T10:56:05.425+0000] {processor.py:826} INFO - Processing file /home/airflow/.local/lib/python3.7/site-packages/airflow/example_dags/example_python_operator.py for tasks to queue
[2023-08-07T10:56:05.426+0000] {logging_mixin.py:150} INFO - [2023-08-07T10:56:05.425+0000] {dagbag.py:541} INFO - Filling up the DagBag from /home/airflow/.local/lib/python3.7/site-packages/airflow/example_dags/example_python_operator.py
[2023-08-07T10:56:05.432+0000] {processor.py:836} INFO - DAG(s) dict_keys(['example_python_operator']) retrieved from /home/airflow/.local/lib/python3.7/site-packages/airflow/example_dags/example_python_operator.py
[2023-08-07T10:56:05.450+0000] {logging_mixin.py:150} INFO - [2023-08-07T10:56:05.450+0000] {dag.py:2742} INFO - Sync 1 DAGs
[2023-08-07T10:56:05.464+0000] {logging_mixin.py:150} INFO - [2023-08-07T10:56:05.464+0000] {dag.py:3508} INFO - Setting next_dagrun for example_python_operator to None, run_after=None
[2023-08-07T10:56:05.473+0000] {processor.py:179} INFO - Processing /home/airflow/.local/lib/python3.7/site-packages/airflow/example_dags/example_python_operator.py took 0.052 seconds
[2023-08-07T10:56:35.773+0000] {processor.py:157} INFO - Started process (PID=1549) to work on /home/airflow/.local/lib/python3.7/site-packages/airflow/example_dags/example_python_operator.py
[2023-08-07T10:56:35.774+0000] {processor.py:826} INFO - Processing file /home/airflow/.local/lib/python3.7/site-packages/airflow/example_dags/example_python_operator.py for tasks to queue
[2023-08-07T10:56:35.775+0000] {logging_mixin.py:150} INFO - [2023-08-07T10:56:35.774+0000] {dagbag.py:541} INFO - Filling up the DagBag from /home/airflow/.local/lib/python3.7/site-packages/airflow/example_dags/example_python_operator.py
[2023-08-07T10:56:35.781+0000] {processor.py:836} INFO - DAG(s) dict_keys(['example_python_operator']) retrieved from /home/airflow/.local/lib/python3.7/site-packages/airflow/example_dags/example_python_operator.py
[2023-08-07T10:56:35.798+0000] {logging_mixin.py:150} INFO - [2023-08-07T10:56:35.798+0000] {dag.py:2742} INFO - Sync 1 DAGs
[2023-08-07T10:56:35.812+0000] {logging_mixin.py:150} INFO - [2023-08-07T10:56:35.812+0000] {dag.py:3508} INFO - Setting next_dagrun for example_python_operator to None, run_after=None
[2023-08-07T10:56:35.821+0000] {processor.py:179} INFO - Processing /home/airflow/.local/lib/python3.7/site-packages/airflow/example_dags/example_python_operator.py took 0.051 seconds
[2023-08-07T10:57:06.199+0000] {processor.py:157} INFO - Started process (PID=1606) to work on /home/airflow/.local/lib/python3.7/site-packages/airflow/example_dags/example_python_operator.py
[2023-08-07T10:57:06.200+0000] {processor.py:826} INFO - Processing file /home/airflow/.local/lib/python3.7/site-packages/airflow/example_dags/example_python_operator.py for tasks to queue
[2023-08-07T10:57:06.201+0000] {logging_mixin.py:150} INFO - [2023-08-07T10:57:06.201+0000] {dagbag.py:541} INFO - Filling up the DagBag from /home/airflow/.local/lib/python3.7/site-packages/airflow/example_dags/example_python_operator.py
[2023-08-07T10:57:06.207+0000] {processor.py:836} INFO - DAG(s) dict_keys(['example_python_operator']) retrieved from /home/airflow/.local/lib/python3.7/site-packages/airflow/example_dags/example_python_operator.py
[2023-08-07T10:57:06.226+0000] {logging_mixin.py:150} INFO - [2023-08-07T10:57:06.226+0000] {dag.py:2742} INFO - Sync 1 DAGs
[2023-08-07T10:57:06.240+0000] {logging_mixin.py:150} INFO - [2023-08-07T10:57:06.239+0000] {dag.py:3508} INFO - Setting next_dagrun for example_python_operator to None, run_after=None
[2023-08-07T10:57:06.249+0000] {processor.py:179} INFO - Processing /home/airflow/.local/lib/python3.7/site-packages/airflow/example_dags/example_python_operator.py took 0.053 seconds
[2023-08-07T10:57:36.483+0000] {processor.py:157} INFO - Started process (PID=1664) to work on /home/airflow/.local/lib/python3.7/site-packages/airflow/example_dags/example_python_operator.py
[2023-08-07T10:57:36.484+0000] {processor.py:826} INFO - Processing file /home/airflow/.local/lib/python3.7/site-packages/airflow/example_dags/example_python_operator.py for tasks to queue
[2023-08-07T10:57:36.485+0000] {logging_mixin.py:150} INFO - [2023-08-07T10:57:36.485+0000] {dagbag.py:541} INFO - Filling up the DagBag from /home/airflow/.local/lib/python3.7/site-packages/airflow/example_dags/example_python_operator.py
[2023-08-07T10:57:36.492+0000] {processor.py:836} INFO - DAG(s) dict_keys(['example_python_operator']) retrieved from /home/airflow/.local/lib/python3.7/site-packages/airflow/example_dags/example_python_operator.py
[2023-08-07T10:57:36.510+0000] {logging_mixin.py:150} INFO - [2023-08-07T10:57:36.510+0000] {dag.py:2742} INFO - Sync 1 DAGs
[2023-08-07T10:57:36.524+0000] {logging_mixin.py:150} INFO - [2023-08-07T10:57:36.524+0000] {dag.py:3508} INFO - Setting next_dagrun for example_python_operator to None, run_after=None
[2023-08-07T10:57:36.534+0000] {processor.py:179} INFO - Processing /home/airflow/.local/lib/python3.7/site-packages/airflow/example_dags/example_python_operator.py took 0.053 seconds
[2023-08-07T10:58:06.845+0000] {processor.py:157} INFO - Started process (PID=1722) to work on /home/airflow/.local/lib/python3.7/site-packages/airflow/example_dags/example_python_operator.py
[2023-08-07T10:58:06.846+0000] {processor.py:826} INFO - Processing file /home/airflow/.local/lib/python3.7/site-packages/airflow/example_dags/example_python_operator.py for tasks to queue
[2023-08-07T10:58:06.847+0000] {logging_mixin.py:150} INFO - [2023-08-07T10:58:06.847+0000] {dagbag.py:541} INFO - Filling up the DagBag from /home/airflow/.local/lib/python3.7/site-packages/airflow/example_dags/example_python_operator.py
[2023-08-07T10:58:06.853+0000] {processor.py:836} INFO - DAG(s) dict_keys(['example_python_operator']) retrieved from /home/airflow/.local/lib/python3.7/site-packages/airflow/example_dags/example_python_operator.py
[2023-08-07T10:58:06.872+0000] {logging_mixin.py:150} INFO - [2023-08-07T10:58:06.872+0000] {dag.py:2742} INFO - Sync 1 DAGs
[2023-08-07T10:58:06.886+0000] {logging_mixin.py:150} INFO - [2023-08-07T10:58:06.885+0000] {dag.py:3508} INFO - Setting next_dagrun for example_python_operator to None, run_after=None
[2023-08-07T10:58:06.895+0000] {processor.py:179} INFO - Processing /home/airflow/.local/lib/python3.7/site-packages/airflow/example_dags/example_python_operator.py took 0.053 seconds
[2023-08-07T10:58:37.076+0000] {processor.py:157} INFO - Started process (PID=1781) to work on /home/airflow/.local/lib/python3.7/site-packages/airflow/example_dags/example_python_operator.py
[2023-08-07T10:58:37.076+0000] {processor.py:826} INFO - Processing file /home/airflow/.local/lib/python3.7/site-packages/airflow/example_dags/example_python_operator.py for tasks to queue
[2023-08-07T10:58:37.077+0000] {logging_mixin.py:150} INFO - [2023-08-07T10:58:37.077+0000] {dagbag.py:541} INFO - Filling up the DagBag from /home/airflow/.local/lib/python3.7/site-packages/airflow/example_dags/example_python_operator.py
[2023-08-07T10:58:37.084+0000] {processor.py:836} INFO - DAG(s) dict_keys(['example_python_operator']) retrieved from /home/airflow/.local/lib/python3.7/site-packages/airflow/example_dags/example_python_operator.py
[2023-08-07T10:58:37.102+0000] {logging_mixin.py:150} INFO - [2023-08-07T10:58:37.102+0000] {dag.py:2742} INFO - Sync 1 DAGs
[2023-08-07T10:58:37.115+0000] {logging_mixin.py:150} INFO - [2023-08-07T10:58:37.115+0000] {dag.py:3508} INFO - Setting next_dagrun for example_python_operator to None, run_after=None
[2023-08-07T10:58:37.125+0000] {processor.py:179} INFO - Processing /home/airflow/.local/lib/python3.7/site-packages/airflow/example_dags/example_python_operator.py took 0.052 seconds
[2023-08-07T10:59:07.345+0000] {processor.py:157} INFO - Started process (PID=1839) to work on /home/airflow/.local/lib/python3.7/site-packages/airflow/example_dags/example_python_operator.py
[2023-08-07T10:59:07.346+0000] {processor.py:826} INFO - Processing file /home/airflow/.local/lib/python3.7/site-packages/airflow/example_dags/example_python_operator.py for tasks to queue
[2023-08-07T10:59:07.346+0000] {logging_mixin.py:150} INFO - [2023-08-07T10:59:07.346+0000] {dagbag.py:541} INFO - Filling up the DagBag from /home/airflow/.local/lib/python3.7/site-packages/airflow/example_dags/example_python_operator.py
[2023-08-07T10:59:07.353+0000] {processor.py:836} INFO - DAG(s) dict_keys(['example_python_operator']) retrieved from /home/airflow/.local/lib/python3.7/site-packages/airflow/example_dags/example_python_operator.py
[2023-08-07T10:59:07.372+0000] {logging_mixin.py:150} INFO - [2023-08-07T10:59:07.372+0000] {dag.py:2742} INFO - Sync 1 DAGs
[2023-08-07T10:59:07.386+0000] {logging_mixin.py:150} INFO - [2023-08-07T10:59:07.386+0000] {dag.py:3508} INFO - Setting next_dagrun for example_python_operator to None, run_after=None
[2023-08-07T10:59:07.396+0000] {processor.py:179} INFO - Processing /home/airflow/.local/lib/python3.7/site-packages/airflow/example_dags/example_python_operator.py took 0.054 seconds
[2023-08-07T10:59:37.607+0000] {processor.py:157} INFO - Started process (PID=1897) to work on /home/airflow/.local/lib/python3.7/site-packages/airflow/example_dags/example_python_operator.py
[2023-08-07T10:59:37.608+0000] {processor.py:826} INFO - Processing file /home/airflow/.local/lib/python3.7/site-packages/airflow/example_dags/example_python_operator.py for tasks to queue
[2023-08-07T10:59:37.609+0000] {logging_mixin.py:150} INFO - [2023-08-07T10:59:37.609+0000] {dagbag.py:541} INFO - Filling up the DagBag from /home/airflow/.local/lib/python3.7/site-packages/airflow/example_dags/example_python_operator.py
[2023-08-07T10:59:37.615+0000] {processor.py:836} INFO - DAG(s) dict_keys(['example_python_operator']) retrieved from /home/airflow/.local/lib/python3.7/site-packages/airflow/example_dags/example_python_operator.py
[2023-08-07T10:59:37.633+0000] {logging_mixin.py:150} INFO - [2023-08-07T10:59:37.633+0000] {dag.py:2742} INFO - Sync 1 DAGs
[2023-08-07T10:59:37.647+0000] {logging_mixin.py:150} INFO - [2023-08-07T10:59:37.646+0000] {dag.py:3508} INFO - Setting next_dagrun for example_python_operator to None, run_after=None
[2023-08-07T10:59:37.657+0000] {processor.py:179} INFO - Processing /home/airflow/.local/lib/python3.7/site-packages/airflow/example_dags/example_python_operator.py took 0.052 seconds
[2023-08-07T11:00:08.009+0000] {processor.py:157} INFO - Started process (PID=1955) to work on /home/airflow/.local/lib/python3.7/site-packages/airflow/example_dags/example_python_operator.py
[2023-08-07T11:00:08.010+0000] {processor.py:826} INFO - Processing file /home/airflow/.local/lib/python3.7/site-packages/airflow/example_dags/example_python_operator.py for tasks to queue
[2023-08-07T11:00:08.011+0000] {logging_mixin.py:150} INFO - [2023-08-07T11:00:08.011+0000] {dagbag.py:541} INFO - Filling up the DagBag from /home/airflow/.local/lib/python3.7/site-packages/airflow/example_dags/example_python_operator.py
[2023-08-07T11:00:08.018+0000] {processor.py:836} INFO - DAG(s) dict_keys(['example_python_operator']) retrieved from /home/airflow/.local/lib/python3.7/site-packages/airflow/example_dags/example_python_operator.py
[2023-08-07T11:00:08.037+0000] {logging_mixin.py:150} INFO - [2023-08-07T11:00:08.037+0000] {dag.py:2742} INFO - Sync 1 DAGs
[2023-08-07T11:00:08.051+0000] {logging_mixin.py:150} INFO - [2023-08-07T11:00:08.051+0000] {dag.py:3508} INFO - Setting next_dagrun for example_python_operator to None, run_after=None
[2023-08-07T11:00:08.061+0000] {processor.py:179} INFO - Processing /home/airflow/.local/lib/python3.7/site-packages/airflow/example_dags/example_python_operator.py took 0.054 seconds
[2023-08-07T11:00:38.306+0000] {processor.py:157} INFO - Started process (PID=2013) to work on /home/airflow/.local/lib/python3.7/site-packages/airflow/example_dags/example_python_operator.py
[2023-08-07T11:00:38.307+0000] {processor.py:826} INFO - Processing file /home/airflow/.local/lib/python3.7/site-packages/airflow/example_dags/example_python_operator.py for tasks to queue
[2023-08-07T11:00:38.308+0000] {logging_mixin.py:150} INFO - [2023-08-07T11:00:38.308+0000] {dagbag.py:541} INFO - Filling up the DagBag from /home/airflow/.local/lib/python3.7/site-packages/airflow/example_dags/example_python_operator.py
[2023-08-07T11:00:38.314+0000] {processor.py:836} INFO - DAG(s) dict_keys(['example_python_operator']) retrieved from /home/airflow/.local/lib/python3.7/site-packages/airflow/example_dags/example_python_operator.py
[2023-08-07T11:00:38.334+0000] {logging_mixin.py:150} INFO - [2023-08-07T11:00:38.334+0000] {dag.py:2742} INFO - Sync 1 DAGs
[2023-08-07T11:00:38.348+0000] {logging_mixin.py:150} INFO - [2023-08-07T11:00:38.348+0000] {dag.py:3508} INFO - Setting next_dagrun for example_python_operator to None, run_after=None
[2023-08-07T11:00:38.357+0000] {processor.py:179} INFO - Processing /home/airflow/.local/lib/python3.7/site-packages/airflow/example_dags/example_python_operator.py took 0.053 seconds
[2023-08-07T11:01:08.520+0000] {processor.py:157} INFO - Started process (PID=2071) to work on /home/airflow/.local/lib/python3.7/site-packages/airflow/example_dags/example_python_operator.py
[2023-08-07T11:01:08.521+0000] {processor.py:826} INFO - Processing file /home/airflow/.local/lib/python3.7/site-packages/airflow/example_dags/example_python_operator.py for tasks to queue
[2023-08-07T11:01:08.522+0000] {logging_mixin.py:150} INFO - [2023-08-07T11:01:08.522+0000] {dagbag.py:541} INFO - Filling up the DagBag from /home/airflow/.local/lib/python3.7/site-packages/airflow/example_dags/example_python_operator.py
[2023-08-07T11:01:08.528+0000] {processor.py:836} INFO - DAG(s) dict_keys(['example_python_operator']) retrieved from /home/airflow/.local/lib/python3.7/site-packages/airflow/example_dags/example_python_operator.py
[2023-08-07T11:01:08.546+0000] {logging_mixin.py:150} INFO - [2023-08-07T11:01:08.546+0000] {dag.py:2742} INFO - Sync 1 DAGs
[2023-08-07T11:01:08.559+0000] {logging_mixin.py:150} INFO - [2023-08-07T11:01:08.559+0000] {dag.py:3508} INFO - Setting next_dagrun for example_python_operator to None, run_after=None
[2023-08-07T11:01:08.568+0000] {processor.py:179} INFO - Processing /home/airflow/.local/lib/python3.7/site-packages/airflow/example_dags/example_python_operator.py took 0.051 seconds
[2023-08-07T11:01:39.061+0000] {processor.py:157} INFO - Started process (PID=2129) to work on /home/airflow/.local/lib/python3.7/site-packages/airflow/example_dags/example_python_operator.py
[2023-08-07T11:01:39.062+0000] {processor.py:826} INFO - Processing file /home/airflow/.local/lib/python3.7/site-packages/airflow/example_dags/example_python_operator.py for tasks to queue
[2023-08-07T11:01:39.063+0000] {logging_mixin.py:150} INFO - [2023-08-07T11:01:39.063+0000] {dagbag.py:541} INFO - Filling up the DagBag from /home/airflow/.local/lib/python3.7/site-packages/airflow/example_dags/example_python_operator.py
[2023-08-07T11:01:39.069+0000] {processor.py:836} INFO - DAG(s) dict_keys(['example_python_operator']) retrieved from /home/airflow/.local/lib/python3.7/site-packages/airflow/example_dags/example_python_operator.py
[2023-08-07T11:01:39.088+0000] {logging_mixin.py:150} INFO - [2023-08-07T11:01:39.088+0000] {dag.py:2742} INFO - Sync 1 DAGs
[2023-08-07T11:01:39.101+0000] {logging_mixin.py:150} INFO - [2023-08-07T11:01:39.101+0000] {dag.py:3508} INFO - Setting next_dagrun for example_python_operator to None, run_after=None
[2023-08-07T11:01:39.111+0000] {processor.py:179} INFO - Processing /home/airflow/.local/lib/python3.7/site-packages/airflow/example_dags/example_python_operator.py took 0.053 seconds
[2023-08-07T11:02:09.289+0000] {processor.py:157} INFO - Started process (PID=2187) to work on /home/airflow/.local/lib/python3.7/site-packages/airflow/example_dags/example_python_operator.py
[2023-08-07T11:02:09.290+0000] {processor.py:826} INFO - Processing file /home/airflow/.local/lib/python3.7/site-packages/airflow/example_dags/example_python_operator.py for tasks to queue
[2023-08-07T11:02:09.291+0000] {logging_mixin.py:150} INFO - [2023-08-07T11:02:09.290+0000] {dagbag.py:541} INFO - Filling up the DagBag from /home/airflow/.local/lib/python3.7/site-packages/airflow/example_dags/example_python_operator.py
[2023-08-07T11:02:09.297+0000] {processor.py:836} INFO - DAG(s) dict_keys(['example_python_operator']) retrieved from /home/airflow/.local/lib/python3.7/site-packages/airflow/example_dags/example_python_operator.py
[2023-08-07T11:02:09.315+0000] {logging_mixin.py:150} INFO - [2023-08-07T11:02:09.315+0000] {dag.py:2742} INFO - Sync 1 DAGs
[2023-08-07T11:02:09.329+0000] {logging_mixin.py:150} INFO - [2023-08-07T11:02:09.329+0000] {dag.py:3508} INFO - Setting next_dagrun for example_python_operator to None, run_after=None
[2023-08-07T11:02:09.339+0000] {processor.py:179} INFO - Processing /home/airflow/.local/lib/python3.7/site-packages/airflow/example_dags/example_python_operator.py took 0.052 seconds
[2023-08-07T11:02:39.552+0000] {processor.py:157} INFO - Started process (PID=2245) to work on /home/airflow/.local/lib/python3.7/site-packages/airflow/example_dags/example_python_operator.py
[2023-08-07T11:02:39.553+0000] {processor.py:826} INFO - Processing file /home/airflow/.local/lib/python3.7/site-packages/airflow/example_dags/example_python_operator.py for tasks to queue
[2023-08-07T11:02:39.553+0000] {logging_mixin.py:150} INFO - [2023-08-07T11:02:39.553+0000] {dagbag.py:541} INFO - Filling up the DagBag from /home/airflow/.local/lib/python3.7/site-packages/airflow/example_dags/example_python_operator.py
[2023-08-07T11:02:39.559+0000] {processor.py:836} INFO - DAG(s) dict_keys(['example_python_operator']) retrieved from /home/airflow/.local/lib/python3.7/site-packages/airflow/example_dags/example_python_operator.py
[2023-08-07T11:02:39.577+0000] {logging_mixin.py:150} INFO - [2023-08-07T11:02:39.577+0000] {dag.py:2742} INFO - Sync 1 DAGs
[2023-08-07T11:02:39.590+0000] {logging_mixin.py:150} INFO - [2023-08-07T11:02:39.590+0000] {dag.py:3508} INFO - Setting next_dagrun for example_python_operator to None, run_after=None
[2023-08-07T11:02:39.600+0000] {processor.py:179} INFO - Processing /home/airflow/.local/lib/python3.7/site-packages/airflow/example_dags/example_python_operator.py took 0.051 seconds
[2023-08-07T11:03:09.750+0000] {processor.py:157} INFO - Started process (PID=2304) to work on /home/airflow/.local/lib/python3.7/site-packages/airflow/example_dags/example_python_operator.py
[2023-08-07T11:03:09.751+0000] {processor.py:826} INFO - Processing file /home/airflow/.local/lib/python3.7/site-packages/airflow/example_dags/example_python_operator.py for tasks to queue
[2023-08-07T11:03:09.752+0000] {logging_mixin.py:150} INFO - [2023-08-07T11:03:09.752+0000] {dagbag.py:541} INFO - Filling up the DagBag from /home/airflow/.local/lib/python3.7/site-packages/airflow/example_dags/example_python_operator.py
[2023-08-07T11:03:09.759+0000] {processor.py:836} INFO - DAG(s) dict_keys(['example_python_operator']) retrieved from /home/airflow/.local/lib/python3.7/site-packages/airflow/example_dags/example_python_operator.py
[2023-08-07T11:03:09.777+0000] {logging_mixin.py:150} INFO - [2023-08-07T11:03:09.777+0000] {dag.py:2742} INFO - Sync 1 DAGs
[2023-08-07T11:03:09.791+0000] {logging_mixin.py:150} INFO - [2023-08-07T11:03:09.791+0000] {dag.py:3508} INFO - Setting next_dagrun for example_python_operator to None, run_after=None
[2023-08-07T11:03:09.801+0000] {processor.py:179} INFO - Processing /home/airflow/.local/lib/python3.7/site-packages/airflow/example_dags/example_python_operator.py took 0.054 seconds
[2023-08-07T11:03:40.058+0000] {processor.py:157} INFO - Started process (PID=2362) to work on /home/airflow/.local/lib/python3.7/site-packages/airflow/example_dags/example_python_operator.py
[2023-08-07T11:03:40.059+0000] {processor.py:826} INFO - Processing file /home/airflow/.local/lib/python3.7/site-packages/airflow/example_dags/example_python_operator.py for tasks to queue
[2023-08-07T11:03:40.060+0000] {logging_mixin.py:150} INFO - [2023-08-07T11:03:40.060+0000] {dagbag.py:541} INFO - Filling up the DagBag from /home/airflow/.local/lib/python3.7/site-packages/airflow/example_dags/example_python_operator.py
[2023-08-07T11:03:40.067+0000] {processor.py:836} INFO - DAG(s) dict_keys(['example_python_operator']) retrieved from /home/airflow/.local/lib/python3.7/site-packages/airflow/example_dags/example_python_operator.py
[2023-08-07T11:03:40.085+0000] {logging_mixin.py:150} INFO - [2023-08-07T11:03:40.085+0000] {dag.py:2742} INFO - Sync 1 DAGs
[2023-08-07T11:03:40.100+0000] {logging_mixin.py:150} INFO - [2023-08-07T11:03:40.100+0000] {dag.py:3508} INFO - Setting next_dagrun for example_python_operator to None, run_after=None
[2023-08-07T11:03:40.110+0000] {processor.py:179} INFO - Processing /home/airflow/.local/lib/python3.7/site-packages/airflow/example_dags/example_python_operator.py took 0.054 seconds
[2023-08-07T11:04:10.445+0000] {processor.py:157} INFO - Started process (PID=2420) to work on /home/airflow/.local/lib/python3.7/site-packages/airflow/example_dags/example_python_operator.py
[2023-08-07T11:04:10.446+0000] {processor.py:826} INFO - Processing file /home/airflow/.local/lib/python3.7/site-packages/airflow/example_dags/example_python_operator.py for tasks to queue
[2023-08-07T11:04:10.447+0000] {logging_mixin.py:150} INFO - [2023-08-07T11:04:10.447+0000] {dagbag.py:541} INFO - Filling up the DagBag from /home/airflow/.local/lib/python3.7/site-packages/airflow/example_dags/example_python_operator.py
[2023-08-07T11:04:10.453+0000] {processor.py:836} INFO - DAG(s) dict_keys(['example_python_operator']) retrieved from /home/airflow/.local/lib/python3.7/site-packages/airflow/example_dags/example_python_operator.py
[2023-08-07T11:04:10.473+0000] {logging_mixin.py:150} INFO - [2023-08-07T11:04:10.472+0000] {dag.py:2742} INFO - Sync 1 DAGs
[2023-08-07T11:04:10.486+0000] {logging_mixin.py:150} INFO - [2023-08-07T11:04:10.486+0000] {dag.py:3508} INFO - Setting next_dagrun for example_python_operator to None, run_after=None
[2023-08-07T11:04:10.496+0000] {processor.py:179} INFO - Processing /home/airflow/.local/lib/python3.7/site-packages/airflow/example_dags/example_python_operator.py took 0.053 seconds
[2023-08-07T11:04:40.869+0000] {processor.py:157} INFO - Started process (PID=2478) to work on /home/airflow/.local/lib/python3.7/site-packages/airflow/example_dags/example_python_operator.py
[2023-08-07T11:04:40.870+0000] {processor.py:826} INFO - Processing file /home/airflow/.local/lib/python3.7/site-packages/airflow/example_dags/example_python_operator.py for tasks to queue
[2023-08-07T11:04:40.871+0000] {logging_mixin.py:150} INFO - [2023-08-07T11:04:40.871+0000] {dagbag.py:541} INFO - Filling up the DagBag from /home/airflow/.local/lib/python3.7/site-packages/airflow/example_dags/example_python_operator.py
[2023-08-07T11:04:40.877+0000] {processor.py:836} INFO - DAG(s) dict_keys(['example_python_operator']) retrieved from /home/airflow/.local/lib/python3.7/site-packages/airflow/example_dags/example_python_operator.py
[2023-08-07T11:04:40.895+0000] {logging_mixin.py:150} INFO - [2023-08-07T11:04:40.895+0000] {dag.py:2742} INFO - Sync 1 DAGs
[2023-08-07T11:04:40.910+0000] {logging_mixin.py:150} INFO - [2023-08-07T11:04:40.910+0000] {dag.py:3508} INFO - Setting next_dagrun for example_python_operator to None, run_after=None
[2023-08-07T11:04:40.920+0000] {processor.py:179} INFO - Processing /home/airflow/.local/lib/python3.7/site-packages/airflow/example_dags/example_python_operator.py took 0.054 seconds
[2023-08-07T11:05:11.093+0000] {processor.py:157} INFO - Started process (PID=2530) to work on /home/airflow/.local/lib/python3.7/site-packages/airflow/example_dags/example_python_operator.py
[2023-08-07T11:05:11.094+0000] {processor.py:826} INFO - Processing file /home/airflow/.local/lib/python3.7/site-packages/airflow/example_dags/example_python_operator.py for tasks to queue
[2023-08-07T11:05:11.095+0000] {logging_mixin.py:150} INFO - [2023-08-07T11:05:11.094+0000] {dagbag.py:541} INFO - Filling up the DagBag from /home/airflow/.local/lib/python3.7/site-packages/airflow/example_dags/example_python_operator.py
[2023-08-07T11:05:11.101+0000] {processor.py:836} INFO - DAG(s) dict_keys(['example_python_operator']) retrieved from /home/airflow/.local/lib/python3.7/site-packages/airflow/example_dags/example_python_operator.py
[2023-08-07T11:05:11.121+0000] {logging_mixin.py:150} INFO - [2023-08-07T11:05:11.121+0000] {dag.py:2742} INFO - Sync 1 DAGs
[2023-08-07T11:05:11.134+0000] {logging_mixin.py:150} INFO - [2023-08-07T11:05:11.134+0000] {dag.py:3508} INFO - Setting next_dagrun for example_python_operator to None, run_after=None
[2023-08-07T11:05:11.145+0000] {processor.py:179} INFO - Processing /home/airflow/.local/lib/python3.7/site-packages/airflow/example_dags/example_python_operator.py took 0.054 seconds
[2023-08-07T11:05:41.442+0000] {processor.py:157} INFO - Started process (PID=2588) to work on /home/airflow/.local/lib/python3.7/site-packages/airflow/example_dags/example_python_operator.py
[2023-08-07T11:05:41.443+0000] {processor.py:826} INFO - Processing file /home/airflow/.local/lib/python3.7/site-packages/airflow/example_dags/example_python_operator.py for tasks to queue
[2023-08-07T11:05:41.444+0000] {logging_mixin.py:150} INFO - [2023-08-07T11:05:41.444+0000] {dagbag.py:541} INFO - Filling up the DagBag from /home/airflow/.local/lib/python3.7/site-packages/airflow/example_dags/example_python_operator.py
[2023-08-07T11:05:41.450+0000] {processor.py:836} INFO - DAG(s) dict_keys(['example_python_operator']) retrieved from /home/airflow/.local/lib/python3.7/site-packages/airflow/example_dags/example_python_operator.py
[2023-08-07T11:05:41.469+0000] {logging_mixin.py:150} INFO - [2023-08-07T11:05:41.469+0000] {dag.py:2742} INFO - Sync 1 DAGs
[2023-08-07T11:05:41.483+0000] {logging_mixin.py:150} INFO - [2023-08-07T11:05:41.483+0000] {dag.py:3508} INFO - Setting next_dagrun for example_python_operator to None, run_after=None
[2023-08-07T11:05:41.492+0000] {processor.py:179} INFO - Processing /home/airflow/.local/lib/python3.7/site-packages/airflow/example_dags/example_python_operator.py took 0.052 seconds
[2023-08-07T11:06:11.905+0000] {processor.py:157} INFO - Started process (PID=2647) to work on /home/airflow/.local/lib/python3.7/site-packages/airflow/example_dags/example_python_operator.py
[2023-08-07T11:06:11.906+0000] {processor.py:826} INFO - Processing file /home/airflow/.local/lib/python3.7/site-packages/airflow/example_dags/example_python_operator.py for tasks to queue
[2023-08-07T11:06:11.907+0000] {logging_mixin.py:150} INFO - [2023-08-07T11:06:11.906+0000] {dagbag.py:541} INFO - Filling up the DagBag from /home/airflow/.local/lib/python3.7/site-packages/airflow/example_dags/example_python_operator.py
[2023-08-07T11:06:11.913+0000] {processor.py:836} INFO - DAG(s) dict_keys(['example_python_operator']) retrieved from /home/airflow/.local/lib/python3.7/site-packages/airflow/example_dags/example_python_operator.py
[2023-08-07T11:06:11.932+0000] {logging_mixin.py:150} INFO - [2023-08-07T11:06:11.932+0000] {dag.py:2742} INFO - Sync 1 DAGs
[2023-08-07T11:06:11.947+0000] {logging_mixin.py:150} INFO - [2023-08-07T11:06:11.947+0000] {dag.py:3508} INFO - Setting next_dagrun for example_python_operator to None, run_after=None
[2023-08-07T11:06:11.956+0000] {processor.py:179} INFO - Processing /home/airflow/.local/lib/python3.7/site-packages/airflow/example_dags/example_python_operator.py took 0.054 seconds
[2023-08-07T11:06:42.179+0000] {processor.py:157} INFO - Started process (PID=2705) to work on /home/airflow/.local/lib/python3.7/site-packages/airflow/example_dags/example_python_operator.py
[2023-08-07T11:06:42.180+0000] {processor.py:826} INFO - Processing file /home/airflow/.local/lib/python3.7/site-packages/airflow/example_dags/example_python_operator.py for tasks to queue
[2023-08-07T11:06:42.181+0000] {logging_mixin.py:150} INFO - [2023-08-07T11:06:42.180+0000] {dagbag.py:541} INFO - Filling up the DagBag from /home/airflow/.local/lib/python3.7/site-packages/airflow/example_dags/example_python_operator.py
[2023-08-07T11:06:42.187+0000] {processor.py:836} INFO - DAG(s) dict_keys(['example_python_operator']) retrieved from /home/airflow/.local/lib/python3.7/site-packages/airflow/example_dags/example_python_operator.py
[2023-08-07T11:06:42.205+0000] {logging_mixin.py:150} INFO - [2023-08-07T11:06:42.205+0000] {dag.py:2742} INFO - Sync 1 DAGs
[2023-08-07T11:06:42.218+0000] {logging_mixin.py:150} INFO - [2023-08-07T11:06:42.218+0000] {dag.py:3508} INFO - Setting next_dagrun for example_python_operator to None, run_after=None
[2023-08-07T11:06:42.228+0000] {processor.py:179} INFO - Processing /home/airflow/.local/lib/python3.7/site-packages/airflow/example_dags/example_python_operator.py took 0.052 seconds
[2023-08-07T11:07:12.384+0000] {processor.py:157} INFO - Started process (PID=2763) to work on /home/airflow/.local/lib/python3.7/site-packages/airflow/example_dags/example_python_operator.py
[2023-08-07T11:07:12.385+0000] {processor.py:826} INFO - Processing file /home/airflow/.local/lib/python3.7/site-packages/airflow/example_dags/example_python_operator.py for tasks to queue
[2023-08-07T11:07:12.386+0000] {logging_mixin.py:150} INFO - [2023-08-07T11:07:12.385+0000] {dagbag.py:541} INFO - Filling up the DagBag from /home/airflow/.local/lib/python3.7/site-packages/airflow/example_dags/example_python_operator.py
[2023-08-07T11:07:12.392+0000] {processor.py:836} INFO - DAG(s) dict_keys(['example_python_operator']) retrieved from /home/airflow/.local/lib/python3.7/site-packages/airflow/example_dags/example_python_operator.py
[2023-08-07T11:07:12.410+0000] {logging_mixin.py:150} INFO - [2023-08-07T11:07:12.410+0000] {dag.py:2742} INFO - Sync 1 DAGs
[2023-08-07T11:07:12.424+0000] {logging_mixin.py:150} INFO - [2023-08-07T11:07:12.424+0000] {dag.py:3508} INFO - Setting next_dagrun for example_python_operator to None, run_after=None
[2023-08-07T11:07:12.434+0000] {processor.py:179} INFO - Processing /home/airflow/.local/lib/python3.7/site-packages/airflow/example_dags/example_python_operator.py took 0.053 seconds
[2023-08-07T11:07:42.659+0000] {processor.py:157} INFO - Started process (PID=2821) to work on /home/airflow/.local/lib/python3.7/site-packages/airflow/example_dags/example_python_operator.py
[2023-08-07T11:07:42.660+0000] {processor.py:826} INFO - Processing file /home/airflow/.local/lib/python3.7/site-packages/airflow/example_dags/example_python_operator.py for tasks to queue
[2023-08-07T11:07:42.661+0000] {logging_mixin.py:150} INFO - [2023-08-07T11:07:42.661+0000] {dagbag.py:541} INFO - Filling up the DagBag from /home/airflow/.local/lib/python3.7/site-packages/airflow/example_dags/example_python_operator.py
[2023-08-07T11:07:42.668+0000] {processor.py:836} INFO - DAG(s) dict_keys(['example_python_operator']) retrieved from /home/airflow/.local/lib/python3.7/site-packages/airflow/example_dags/example_python_operator.py
[2023-08-07T11:07:42.687+0000] {logging_mixin.py:150} INFO - [2023-08-07T11:07:42.686+0000] {dag.py:2742} INFO - Sync 1 DAGs
[2023-08-07T11:07:42.701+0000] {logging_mixin.py:150} INFO - [2023-08-07T11:07:42.701+0000] {dag.py:3508} INFO - Setting next_dagrun for example_python_operator to None, run_after=None
[2023-08-07T11:07:42.711+0000] {processor.py:179} INFO - Processing /home/airflow/.local/lib/python3.7/site-packages/airflow/example_dags/example_python_operator.py took 0.054 seconds
[2023-08-07T11:08:12.919+0000] {processor.py:157} INFO - Started process (PID=2879) to work on /home/airflow/.local/lib/python3.7/site-packages/airflow/example_dags/example_python_operator.py
[2023-08-07T11:08:12.920+0000] {processor.py:826} INFO - Processing file /home/airflow/.local/lib/python3.7/site-packages/airflow/example_dags/example_python_operator.py for tasks to queue
[2023-08-07T11:08:12.921+0000] {logging_mixin.py:150} INFO - [2023-08-07T11:08:12.921+0000] {dagbag.py:541} INFO - Filling up the DagBag from /home/airflow/.local/lib/python3.7/site-packages/airflow/example_dags/example_python_operator.py
[2023-08-07T11:08:12.928+0000] {processor.py:836} INFO - DAG(s) dict_keys(['example_python_operator']) retrieved from /home/airflow/.local/lib/python3.7/site-packages/airflow/example_dags/example_python_operator.py
[2023-08-07T11:08:12.947+0000] {logging_mixin.py:150} INFO - [2023-08-07T11:08:12.947+0000] {dag.py:2742} INFO - Sync 1 DAGs
[2023-08-07T11:08:12.961+0000] {logging_mixin.py:150} INFO - [2023-08-07T11:08:12.961+0000] {dag.py:3508} INFO - Setting next_dagrun for example_python_operator to None, run_after=None
[2023-08-07T11:08:12.971+0000] {processor.py:179} INFO - Processing /home/airflow/.local/lib/python3.7/site-packages/airflow/example_dags/example_python_operator.py took 0.054 seconds
[2023-08-07T11:10:07.068+0000] {processor.py:157} INFO - Started process (PID=2937) to work on /home/airflow/.local/lib/python3.7/site-packages/airflow/example_dags/example_python_operator.py
[2023-08-07T11:10:07.069+0000] {processor.py:826} INFO - Processing file /home/airflow/.local/lib/python3.7/site-packages/airflow/example_dags/example_python_operator.py for tasks to queue
[2023-08-07T11:10:07.070+0000] {logging_mixin.py:150} INFO - [2023-08-07T11:10:07.070+0000] {dagbag.py:541} INFO - Filling up the DagBag from /home/airflow/.local/lib/python3.7/site-packages/airflow/example_dags/example_python_operator.py
[2023-08-07T11:10:07.076+0000] {processor.py:836} INFO - DAG(s) dict_keys(['example_python_operator']) retrieved from /home/airflow/.local/lib/python3.7/site-packages/airflow/example_dags/example_python_operator.py
[2023-08-07T11:10:07.095+0000] {logging_mixin.py:150} INFO - [2023-08-07T11:10:07.094+0000] {dag.py:2742} INFO - Sync 1 DAGs
[2023-08-07T11:10:07.109+0000] {logging_mixin.py:150} INFO - [2023-08-07T11:10:07.108+0000] {dag.py:3508} INFO - Setting next_dagrun for example_python_operator to None, run_after=None
[2023-08-07T11:10:07.119+0000] {processor.py:179} INFO - Processing /home/airflow/.local/lib/python3.7/site-packages/airflow/example_dags/example_python_operator.py took 0.053 seconds
[2023-08-07T11:10:37.289+0000] {processor.py:157} INFO - Started process (PID=2995) to work on /home/airflow/.local/lib/python3.7/site-packages/airflow/example_dags/example_python_operator.py
[2023-08-07T11:10:37.290+0000] {processor.py:826} INFO - Processing file /home/airflow/.local/lib/python3.7/site-packages/airflow/example_dags/example_python_operator.py for tasks to queue
[2023-08-07T11:10:37.291+0000] {logging_mixin.py:150} INFO - [2023-08-07T11:10:37.290+0000] {dagbag.py:541} INFO - Filling up the DagBag from /home/airflow/.local/lib/python3.7/site-packages/airflow/example_dags/example_python_operator.py
[2023-08-07T11:10:37.297+0000] {processor.py:836} INFO - DAG(s) dict_keys(['example_python_operator']) retrieved from /home/airflow/.local/lib/python3.7/site-packages/airflow/example_dags/example_python_operator.py
[2023-08-07T11:10:37.314+0000] {logging_mixin.py:150} INFO - [2023-08-07T11:10:37.314+0000] {dag.py:2742} INFO - Sync 1 DAGs
[2023-08-07T11:10:37.328+0000] {logging_mixin.py:150} INFO - [2023-08-07T11:10:37.328+0000] {dag.py:3508} INFO - Setting next_dagrun for example_python_operator to None, run_after=None
[2023-08-07T11:10:37.338+0000] {processor.py:179} INFO - Processing /home/airflow/.local/lib/python3.7/site-packages/airflow/example_dags/example_python_operator.py took 0.051 seconds
[2023-08-07T11:26:03.299+0000] {processor.py:157} INFO - Started process (PID=3053) to work on /home/airflow/.local/lib/python3.7/site-packages/airflow/example_dags/example_python_operator.py
[2023-08-07T11:26:03.301+0000] {processor.py:826} INFO - Processing file /home/airflow/.local/lib/python3.7/site-packages/airflow/example_dags/example_python_operator.py for tasks to queue
[2023-08-07T11:26:03.301+0000] {logging_mixin.py:150} INFO - [2023-08-07T11:26:03.301+0000] {dagbag.py:541} INFO - Filling up the DagBag from /home/airflow/.local/lib/python3.7/site-packages/airflow/example_dags/example_python_operator.py
[2023-08-07T11:26:03.310+0000] {processor.py:836} INFO - DAG(s) dict_keys(['example_python_operator']) retrieved from /home/airflow/.local/lib/python3.7/site-packages/airflow/example_dags/example_python_operator.py
[2023-08-07T11:26:03.328+0000] {logging_mixin.py:150} INFO - [2023-08-07T11:26:03.328+0000] {dag.py:2742} INFO - Sync 1 DAGs
[2023-08-07T11:26:03.342+0000] {logging_mixin.py:150} INFO - [2023-08-07T11:26:03.342+0000] {dag.py:3508} INFO - Setting next_dagrun for example_python_operator to None, run_after=None
[2023-08-07T11:26:03.352+0000] {processor.py:179} INFO - Processing /home/airflow/.local/lib/python3.7/site-packages/airflow/example_dags/example_python_operator.py took 0.055 seconds
[2023-08-07T12:49:01.616+0000] {processor.py:157} INFO - Started process (PID=3111) to work on /home/airflow/.local/lib/python3.7/site-packages/airflow/example_dags/example_python_operator.py
[2023-08-07T12:49:01.618+0000] {processor.py:826} INFO - Processing file /home/airflow/.local/lib/python3.7/site-packages/airflow/example_dags/example_python_operator.py for tasks to queue
[2023-08-07T12:49:01.618+0000] {logging_mixin.py:150} INFO - [2023-08-07T12:49:01.618+0000] {dagbag.py:541} INFO - Filling up the DagBag from /home/airflow/.local/lib/python3.7/site-packages/airflow/example_dags/example_python_operator.py
[2023-08-07T12:49:01.627+0000] {processor.py:836} INFO - DAG(s) dict_keys(['example_python_operator']) retrieved from /home/airflow/.local/lib/python3.7/site-packages/airflow/example_dags/example_python_operator.py
[2023-08-07T12:49:01.646+0000] {logging_mixin.py:150} INFO - [2023-08-07T12:49:01.646+0000] {dag.py:2742} INFO - Sync 1 DAGs
[2023-08-07T12:49:01.660+0000] {logging_mixin.py:150} INFO - [2023-08-07T12:49:01.660+0000] {dag.py:3508} INFO - Setting next_dagrun for example_python_operator to None, run_after=None
[2023-08-07T12:49:01.671+0000] {processor.py:179} INFO - Processing /home/airflow/.local/lib/python3.7/site-packages/airflow/example_dags/example_python_operator.py took 0.057 seconds
[2023-08-07T13:44:03.279+0000] {processor.py:157} INFO - Started process (PID=3169) to work on /home/airflow/.local/lib/python3.7/site-packages/airflow/example_dags/example_python_operator.py
[2023-08-07T13:44:03.280+0000] {processor.py:826} INFO - Processing file /home/airflow/.local/lib/python3.7/site-packages/airflow/example_dags/example_python_operator.py for tasks to queue
[2023-08-07T13:44:03.282+0000] {logging_mixin.py:150} INFO - [2023-08-07T13:44:03.281+0000] {dagbag.py:541} INFO - Filling up the DagBag from /home/airflow/.local/lib/python3.7/site-packages/airflow/example_dags/example_python_operator.py
[2023-08-07T13:44:03.296+0000] {processor.py:836} INFO - DAG(s) dict_keys(['example_python_operator']) retrieved from /home/airflow/.local/lib/python3.7/site-packages/airflow/example_dags/example_python_operator.py
[2023-08-07T13:44:03.319+0000] {logging_mixin.py:150} INFO - [2023-08-07T13:44:03.319+0000] {dag.py:2742} INFO - Sync 1 DAGs
[2023-08-07T13:44:03.334+0000] {logging_mixin.py:150} INFO - [2023-08-07T13:44:03.334+0000] {dag.py:3508} INFO - Setting next_dagrun for example_python_operator to None, run_after=None
[2023-08-07T13:44:03.344+0000] {processor.py:179} INFO - Processing /home/airflow/.local/lib/python3.7/site-packages/airflow/example_dags/example_python_operator.py took 0.069 seconds
[2023-08-07T14:43:29.067+0000] {processor.py:157} INFO - Started process (PID=3227) to work on /home/airflow/.local/lib/python3.7/site-packages/airflow/example_dags/example_python_operator.py
[2023-08-07T14:43:29.068+0000] {processor.py:826} INFO - Processing file /home/airflow/.local/lib/python3.7/site-packages/airflow/example_dags/example_python_operator.py for tasks to queue
[2023-08-07T14:43:29.069+0000] {logging_mixin.py:150} INFO - [2023-08-07T14:43:29.069+0000] {dagbag.py:541} INFO - Filling up the DagBag from /home/airflow/.local/lib/python3.7/site-packages/airflow/example_dags/example_python_operator.py
[2023-08-07T14:43:29.078+0000] {processor.py:836} INFO - DAG(s) dict_keys(['example_python_operator']) retrieved from /home/airflow/.local/lib/python3.7/site-packages/airflow/example_dags/example_python_operator.py
[2023-08-07T14:43:29.096+0000] {logging_mixin.py:150} INFO - [2023-08-07T14:43:29.096+0000] {dag.py:2742} INFO - Sync 1 DAGs
[2023-08-07T14:43:29.111+0000] {logging_mixin.py:150} INFO - [2023-08-07T14:43:29.111+0000] {dag.py:3508} INFO - Setting next_dagrun for example_python_operator to None, run_after=None
[2023-08-07T14:43:29.121+0000] {processor.py:179} INFO - Processing /home/airflow/.local/lib/python3.7/site-packages/airflow/example_dags/example_python_operator.py took 0.056 seconds
[2023-08-07T15:52:30.963+0000] {processor.py:157} INFO - Started process (PID=3285) to work on /home/airflow/.local/lib/python3.7/site-packages/airflow/example_dags/example_python_operator.py
[2023-08-07T15:52:30.964+0000] {processor.py:826} INFO - Processing file /home/airflow/.local/lib/python3.7/site-packages/airflow/example_dags/example_python_operator.py for tasks to queue
[2023-08-07T15:52:30.965+0000] {logging_mixin.py:150} INFO - [2023-08-07T15:52:30.964+0000] {dagbag.py:541} INFO - Filling up the DagBag from /home/airflow/.local/lib/python3.7/site-packages/airflow/example_dags/example_python_operator.py
[2023-08-07T15:52:30.971+0000] {processor.py:836} INFO - DAG(s) dict_keys(['example_python_operator']) retrieved from /home/airflow/.local/lib/python3.7/site-packages/airflow/example_dags/example_python_operator.py
[2023-08-07T15:52:30.989+0000] {logging_mixin.py:150} INFO - [2023-08-07T15:52:30.989+0000] {dag.py:2742} INFO - Sync 1 DAGs
[2023-08-07T15:52:31.002+0000] {logging_mixin.py:150} INFO - [2023-08-07T15:52:31.002+0000] {dag.py:3508} INFO - Setting next_dagrun for example_python_operator to None, run_after=None
[2023-08-07T15:52:31.012+0000] {processor.py:179} INFO - Processing /home/airflow/.local/lib/python3.7/site-packages/airflow/example_dags/example_python_operator.py took 0.052 seconds
[2023-08-07T17:14:43.100+0000] {processor.py:157} INFO - Started process (PID=3343) to work on /home/airflow/.local/lib/python3.7/site-packages/airflow/example_dags/example_python_operator.py
[2023-08-07T17:14:43.103+0000] {processor.py:826} INFO - Processing file /home/airflow/.local/lib/python3.7/site-packages/airflow/example_dags/example_python_operator.py for tasks to queue
[2023-08-07T17:14:43.104+0000] {logging_mixin.py:150} INFO - [2023-08-07T17:14:43.104+0000] {dagbag.py:541} INFO - Filling up the DagBag from /home/airflow/.local/lib/python3.7/site-packages/airflow/example_dags/example_python_operator.py
[2023-08-07T17:14:43.118+0000] {processor.py:836} INFO - DAG(s) dict_keys(['example_python_operator']) retrieved from /home/airflow/.local/lib/python3.7/site-packages/airflow/example_dags/example_python_operator.py
[2023-08-07T17:14:43.166+0000] {logging_mixin.py:150} INFO - [2023-08-07T17:14:43.166+0000] {dag.py:2742} INFO - Sync 1 DAGs
[2023-08-07T17:14:43.209+0000] {logging_mixin.py:150} INFO - [2023-08-07T17:14:43.208+0000] {dag.py:3508} INFO - Setting next_dagrun for example_python_operator to None, run_after=None
[2023-08-07T17:14:43.242+0000] {processor.py:179} INFO - Processing /home/airflow/.local/lib/python3.7/site-packages/airflow/example_dags/example_python_operator.py took 0.151 seconds
[2023-08-07T18:12:50.662+0000] {processor.py:157} INFO - Started process (PID=3401) to work on /home/airflow/.local/lib/python3.7/site-packages/airflow/example_dags/example_python_operator.py
[2023-08-07T18:12:50.664+0000] {processor.py:826} INFO - Processing file /home/airflow/.local/lib/python3.7/site-packages/airflow/example_dags/example_python_operator.py for tasks to queue
[2023-08-07T18:12:50.665+0000] {logging_mixin.py:150} INFO - [2023-08-07T18:12:50.664+0000] {dagbag.py:541} INFO - Filling up the DagBag from /home/airflow/.local/lib/python3.7/site-packages/airflow/example_dags/example_python_operator.py
[2023-08-07T18:12:50.673+0000] {processor.py:836} INFO - DAG(s) dict_keys(['example_python_operator']) retrieved from /home/airflow/.local/lib/python3.7/site-packages/airflow/example_dags/example_python_operator.py
[2023-08-07T18:12:50.691+0000] {logging_mixin.py:150} INFO - [2023-08-07T18:12:50.691+0000] {dag.py:2742} INFO - Sync 1 DAGs
[2023-08-07T18:12:50.705+0000] {logging_mixin.py:150} INFO - [2023-08-07T18:12:50.705+0000] {dag.py:3508} INFO - Setting next_dagrun for example_python_operator to None, run_after=None
[2023-08-07T18:12:50.719+0000] {processor.py:179} INFO - Processing /home/airflow/.local/lib/python3.7/site-packages/airflow/example_dags/example_python_operator.py took 0.060 seconds
[2023-08-07T19:18:05.727+0000] {processor.py:157} INFO - Started process (PID=3459) to work on /home/airflow/.local/lib/python3.7/site-packages/airflow/example_dags/example_python_operator.py
[2023-08-07T19:18:05.774+0000] {processor.py:826} INFO - Processing file /home/airflow/.local/lib/python3.7/site-packages/airflow/example_dags/example_python_operator.py for tasks to queue
[2023-08-07T19:18:05.776+0000] {logging_mixin.py:150} INFO - [2023-08-07T19:18:05.775+0000] {dagbag.py:541} INFO - Filling up the DagBag from /home/airflow/.local/lib/python3.7/site-packages/airflow/example_dags/example_python_operator.py
[2023-08-07T19:18:05.786+0000] {processor.py:836} INFO - DAG(s) dict_keys(['example_python_operator']) retrieved from /home/airflow/.local/lib/python3.7/site-packages/airflow/example_dags/example_python_operator.py
[2023-08-07T19:18:05.830+0000] {logging_mixin.py:150} INFO - [2023-08-07T19:18:05.830+0000] {dag.py:2742} INFO - Sync 1 DAGs
[2023-08-07T19:18:05.851+0000] {logging_mixin.py:150} INFO - [2023-08-07T19:18:05.851+0000] {dag.py:3508} INFO - Setting next_dagrun for example_python_operator to None, run_after=None
[2023-08-07T19:18:05.878+0000] {processor.py:179} INFO - Processing /home/airflow/.local/lib/python3.7/site-packages/airflow/example_dags/example_python_operator.py took 0.155 seconds
[2023-08-07T20:39:16.076+0000] {processor.py:157} INFO - Started process (PID=3517) to work on /home/airflow/.local/lib/python3.7/site-packages/airflow/example_dags/example_python_operator.py
[2023-08-07T20:39:16.077+0000] {processor.py:826} INFO - Processing file /home/airflow/.local/lib/python3.7/site-packages/airflow/example_dags/example_python_operator.py for tasks to queue
[2023-08-07T20:39:16.078+0000] {logging_mixin.py:150} INFO - [2023-08-07T20:39:16.078+0000] {dagbag.py:541} INFO - Filling up the DagBag from /home/airflow/.local/lib/python3.7/site-packages/airflow/example_dags/example_python_operator.py
[2023-08-07T20:39:16.087+0000] {processor.py:836} INFO - DAG(s) dict_keys(['example_python_operator']) retrieved from /home/airflow/.local/lib/python3.7/site-packages/airflow/example_dags/example_python_operator.py
[2023-08-07T20:39:16.122+0000] {logging_mixin.py:150} INFO - [2023-08-07T20:39:16.122+0000] {dag.py:2742} INFO - Sync 1 DAGs
[2023-08-07T20:39:16.138+0000] {logging_mixin.py:150} INFO - [2023-08-07T20:39:16.138+0000] {dag.py:3508} INFO - Setting next_dagrun for example_python_operator to None, run_after=None
[2023-08-07T20:39:16.148+0000] {processor.py:179} INFO - Processing /home/airflow/.local/lib/python3.7/site-packages/airflow/example_dags/example_python_operator.py took 0.075 seconds
[2023-08-07T21:49:01.629+0000] {processor.py:157} INFO - Started process (PID=3575) to work on /home/airflow/.local/lib/python3.7/site-packages/airflow/example_dags/example_python_operator.py
[2023-08-07T21:49:01.631+0000] {processor.py:826} INFO - Processing file /home/airflow/.local/lib/python3.7/site-packages/airflow/example_dags/example_python_operator.py for tasks to queue
[2023-08-07T21:49:01.632+0000] {logging_mixin.py:150} INFO - [2023-08-07T21:49:01.632+0000] {dagbag.py:541} INFO - Filling up the DagBag from /home/airflow/.local/lib/python3.7/site-packages/airflow/example_dags/example_python_operator.py
[2023-08-07T21:49:01.646+0000] {processor.py:836} INFO - DAG(s) dict_keys(['example_python_operator']) retrieved from /home/airflow/.local/lib/python3.7/site-packages/airflow/example_dags/example_python_operator.py
[2023-08-07T21:49:01.701+0000] {logging_mixin.py:150} INFO - [2023-08-07T21:49:01.701+0000] {dag.py:2742} INFO - Sync 1 DAGs
[2023-08-07T21:49:01.758+0000] {logging_mixin.py:150} INFO - [2023-08-07T21:49:01.758+0000] {dag.py:3508} INFO - Setting next_dagrun for example_python_operator to None, run_after=None
[2023-08-07T21:49:01.801+0000] {processor.py:179} INFO - Processing /home/airflow/.local/lib/python3.7/site-packages/airflow/example_dags/example_python_operator.py took 0.175 seconds
[2023-08-07T22:56:31.789+0000] {processor.py:157} INFO - Started process (PID=3633) to work on /home/airflow/.local/lib/python3.7/site-packages/airflow/example_dags/example_python_operator.py
[2023-08-07T22:56:31.791+0000] {processor.py:826} INFO - Processing file /home/airflow/.local/lib/python3.7/site-packages/airflow/example_dags/example_python_operator.py for tasks to queue
[2023-08-07T22:56:31.792+0000] {logging_mixin.py:150} INFO - [2023-08-07T22:56:31.792+0000] {dagbag.py:541} INFO - Filling up the DagBag from /home/airflow/.local/lib/python3.7/site-packages/airflow/example_dags/example_python_operator.py
[2023-08-07T22:56:31.805+0000] {processor.py:836} INFO - DAG(s) dict_keys(['example_python_operator']) retrieved from /home/airflow/.local/lib/python3.7/site-packages/airflow/example_dags/example_python_operator.py
[2023-08-07T22:56:31.846+0000] {logging_mixin.py:150} INFO - [2023-08-07T22:56:31.846+0000] {dag.py:2742} INFO - Sync 1 DAGs
[2023-08-07T22:56:31.867+0000] {logging_mixin.py:150} INFO - [2023-08-07T22:56:31.867+0000] {dag.py:3508} INFO - Setting next_dagrun for example_python_operator to None, run_after=None
[2023-08-07T22:56:31.878+0000] {processor.py:179} INFO - Processing /home/airflow/.local/lib/python3.7/site-packages/airflow/example_dags/example_python_operator.py took 0.092 seconds
[2023-08-07T23:21:10.015+0000] {processor.py:157} INFO - Started process (PID=3691) to work on /home/airflow/.local/lib/python3.7/site-packages/airflow/example_dags/example_python_operator.py
[2023-08-07T23:21:10.016+0000] {processor.py:826} INFO - Processing file /home/airflow/.local/lib/python3.7/site-packages/airflow/example_dags/example_python_operator.py for tasks to queue
[2023-08-07T23:21:10.017+0000] {logging_mixin.py:150} INFO - [2023-08-07T23:21:10.017+0000] {dagbag.py:541} INFO - Filling up the DagBag from /home/airflow/.local/lib/python3.7/site-packages/airflow/example_dags/example_python_operator.py
[2023-08-07T23:21:10.026+0000] {processor.py:836} INFO - DAG(s) dict_keys(['example_python_operator']) retrieved from /home/airflow/.local/lib/python3.7/site-packages/airflow/example_dags/example_python_operator.py
[2023-08-07T23:21:10.043+0000] {logging_mixin.py:150} INFO - [2023-08-07T23:21:10.043+0000] {dag.py:2742} INFO - Sync 1 DAGs
[2023-08-07T23:21:10.062+0000] {logging_mixin.py:150} INFO - [2023-08-07T23:21:10.062+0000] {dag.py:3508} INFO - Setting next_dagrun for example_python_operator to None, run_after=None
[2023-08-07T23:21:10.072+0000] {processor.py:179} INFO - Processing /home/airflow/.local/lib/python3.7/site-packages/airflow/example_dags/example_python_operator.py took 0.059 seconds
[2023-08-07T23:36:58.592+0000] {processor.py:157} INFO - Started process (PID=3749) to work on /home/airflow/.local/lib/python3.7/site-packages/airflow/example_dags/example_python_operator.py
[2023-08-07T23:36:58.596+0000] {processor.py:826} INFO - Processing file /home/airflow/.local/lib/python3.7/site-packages/airflow/example_dags/example_python_operator.py for tasks to queue
[2023-08-07T23:36:58.597+0000] {logging_mixin.py:150} INFO - [2023-08-07T23:36:58.597+0000] {dagbag.py:541} INFO - Filling up the DagBag from /home/airflow/.local/lib/python3.7/site-packages/airflow/example_dags/example_python_operator.py
[2023-08-07T23:36:58.605+0000] {processor.py:836} INFO - DAG(s) dict_keys(['example_python_operator']) retrieved from /home/airflow/.local/lib/python3.7/site-packages/airflow/example_dags/example_python_operator.py
[2023-08-07T23:36:58.635+0000] {logging_mixin.py:150} INFO - [2023-08-07T23:36:58.634+0000] {dag.py:2742} INFO - Sync 1 DAGs
[2023-08-07T23:36:58.650+0000] {logging_mixin.py:150} INFO - [2023-08-07T23:36:58.650+0000] {dag.py:3508} INFO - Setting next_dagrun for example_python_operator to None, run_after=None
[2023-08-07T23:36:58.663+0000] {processor.py:179} INFO - Processing /home/airflow/.local/lib/python3.7/site-packages/airflow/example_dags/example_python_operator.py took 0.074 seconds
