[2023-08-07T10:43:34.611+0000] {processor.py:157} INFO - Started process (PID=65) to work on /home/airflow/.local/lib/python3.7/site-packages/airflow/example_dags/example_branch_operator.py
[2023-08-07T10:43:34.612+0000] {processor.py:826} INFO - Processing file /home/airflow/.local/lib/python3.7/site-packages/airflow/example_dags/example_branch_operator.py for tasks to queue
[2023-08-07T10:43:34.613+0000] {logging_mixin.py:150} INFO - [2023-08-07T10:43:34.613+0000] {dagbag.py:541} INFO - Filling up the DagBag from /home/airflow/.local/lib/python3.7/site-packages/airflow/example_dags/example_branch_operator.py
[2023-08-07T10:43:34.620+0000] {processor.py:836} INFO - DAG(s) dict_keys(['example_branch_operator']) retrieved from /home/airflow/.local/lib/python3.7/site-packages/airflow/example_dags/example_branch_operator.py
[2023-08-07T10:43:34.705+0000] {logging_mixin.py:150} INFO - [2023-08-07T10:43:34.704+0000] {manager.py:504} INFO - Created Permission View: can edit on DAG:example_branch_operator
[2023-08-07T10:43:34.712+0000] {logging_mixin.py:150} INFO - [2023-08-07T10:43:34.712+0000] {manager.py:504} INFO - Created Permission View: can delete on DAG:example_branch_operator
[2023-08-07T10:43:34.716+0000] {logging_mixin.py:150} INFO - [2023-08-07T10:43:34.716+0000] {manager.py:504} INFO - Created Permission View: can read on DAG:example_branch_operator
[2023-08-07T10:43:34.723+0000] {logging_mixin.py:150} INFO - [2023-08-07T10:43:34.723+0000] {dag.py:2742} INFO - Sync 1 DAGs
[2023-08-07T10:43:34.731+0000] {logging_mixin.py:150} INFO - [2023-08-07T10:43:34.731+0000] {dag.py:2763} INFO - Creating ORM DAG for example_branch_operator
[2023-08-07T10:43:34.738+0000] {logging_mixin.py:150} INFO - [2023-08-07T10:43:34.738+0000] {dag.py:3508} INFO - Setting next_dagrun for example_branch_operator to 2023-08-06T00:00:00+00:00, run_after=2023-08-07T00:00:00+00:00
[2023-08-07T10:43:34.748+0000] {processor.py:179} INFO - Processing /home/airflow/.local/lib/python3.7/site-packages/airflow/example_dags/example_branch_operator.py took 0.139 seconds
[2023-08-07T10:44:05.171+0000] {processor.py:157} INFO - Started process (PID=123) to work on /home/airflow/.local/lib/python3.7/site-packages/airflow/example_dags/example_branch_operator.py
[2023-08-07T10:44:05.172+0000] {processor.py:826} INFO - Processing file /home/airflow/.local/lib/python3.7/site-packages/airflow/example_dags/example_branch_operator.py for tasks to queue
[2023-08-07T10:44:05.173+0000] {logging_mixin.py:150} INFO - [2023-08-07T10:44:05.172+0000] {dagbag.py:541} INFO - Filling up the DagBag from /home/airflow/.local/lib/python3.7/site-packages/airflow/example_dags/example_branch_operator.py
[2023-08-07T10:44:05.179+0000] {processor.py:836} INFO - DAG(s) dict_keys(['example_branch_operator']) retrieved from /home/airflow/.local/lib/python3.7/site-packages/airflow/example_dags/example_branch_operator.py
[2023-08-07T10:44:05.197+0000] {logging_mixin.py:150} INFO - [2023-08-07T10:44:05.197+0000] {dag.py:2742} INFO - Sync 1 DAGs
[2023-08-07T10:44:05.211+0000] {logging_mixin.py:150} INFO - [2023-08-07T10:44:05.211+0000] {dag.py:3508} INFO - Setting next_dagrun for example_branch_operator to 2023-08-06T00:00:00+00:00, run_after=2023-08-07T00:00:00+00:00
[2023-08-07T10:44:05.221+0000] {processor.py:179} INFO - Processing /home/airflow/.local/lib/python3.7/site-packages/airflow/example_dags/example_branch_operator.py took 0.053 seconds
[2023-08-07T10:44:35.649+0000] {processor.py:157} INFO - Started process (PID=181) to work on /home/airflow/.local/lib/python3.7/site-packages/airflow/example_dags/example_branch_operator.py
[2023-08-07T10:44:35.650+0000] {processor.py:826} INFO - Processing file /home/airflow/.local/lib/python3.7/site-packages/airflow/example_dags/example_branch_operator.py for tasks to queue
[2023-08-07T10:44:35.651+0000] {logging_mixin.py:150} INFO - [2023-08-07T10:44:35.651+0000] {dagbag.py:541} INFO - Filling up the DagBag from /home/airflow/.local/lib/python3.7/site-packages/airflow/example_dags/example_branch_operator.py
[2023-08-07T10:44:35.657+0000] {processor.py:836} INFO - DAG(s) dict_keys(['example_branch_operator']) retrieved from /home/airflow/.local/lib/python3.7/site-packages/airflow/example_dags/example_branch_operator.py
[2023-08-07T10:44:35.677+0000] {logging_mixin.py:150} INFO - [2023-08-07T10:44:35.677+0000] {dag.py:2742} INFO - Sync 1 DAGs
[2023-08-07T10:44:35.692+0000] {logging_mixin.py:150} INFO - [2023-08-07T10:44:35.691+0000] {dag.py:3508} INFO - Setting next_dagrun for example_branch_operator to 2023-08-06T00:00:00+00:00, run_after=2023-08-07T00:00:00+00:00
[2023-08-07T10:44:35.702+0000] {processor.py:179} INFO - Processing /home/airflow/.local/lib/python3.7/site-packages/airflow/example_dags/example_branch_operator.py took 0.055 seconds
[2023-08-07T10:45:05.906+0000] {processor.py:157} INFO - Started process (PID=239) to work on /home/airflow/.local/lib/python3.7/site-packages/airflow/example_dags/example_branch_operator.py
[2023-08-07T10:45:05.907+0000] {processor.py:826} INFO - Processing file /home/airflow/.local/lib/python3.7/site-packages/airflow/example_dags/example_branch_operator.py for tasks to queue
[2023-08-07T10:45:05.908+0000] {logging_mixin.py:150} INFO - [2023-08-07T10:45:05.907+0000] {dagbag.py:541} INFO - Filling up the DagBag from /home/airflow/.local/lib/python3.7/site-packages/airflow/example_dags/example_branch_operator.py
[2023-08-07T10:45:05.914+0000] {processor.py:836} INFO - DAG(s) dict_keys(['example_branch_operator']) retrieved from /home/airflow/.local/lib/python3.7/site-packages/airflow/example_dags/example_branch_operator.py
[2023-08-07T10:45:05.932+0000] {logging_mixin.py:150} INFO - [2023-08-07T10:45:05.932+0000] {dag.py:2742} INFO - Sync 1 DAGs
[2023-08-07T10:45:05.946+0000] {logging_mixin.py:150} INFO - [2023-08-07T10:45:05.946+0000] {dag.py:3508} INFO - Setting next_dagrun for example_branch_operator to 2023-08-06T00:00:00+00:00, run_after=2023-08-07T00:00:00+00:00
[2023-08-07T10:45:05.957+0000] {processor.py:179} INFO - Processing /home/airflow/.local/lib/python3.7/site-packages/airflow/example_dags/example_branch_operator.py took 0.054 seconds
[2023-08-07T10:45:36.184+0000] {processor.py:157} INFO - Started process (PID=297) to work on /home/airflow/.local/lib/python3.7/site-packages/airflow/example_dags/example_branch_operator.py
[2023-08-07T10:45:36.185+0000] {processor.py:826} INFO - Processing file /home/airflow/.local/lib/python3.7/site-packages/airflow/example_dags/example_branch_operator.py for tasks to queue
[2023-08-07T10:45:36.186+0000] {logging_mixin.py:150} INFO - [2023-08-07T10:45:36.186+0000] {dagbag.py:541} INFO - Filling up the DagBag from /home/airflow/.local/lib/python3.7/site-packages/airflow/example_dags/example_branch_operator.py
[2023-08-07T10:45:36.193+0000] {processor.py:836} INFO - DAG(s) dict_keys(['example_branch_operator']) retrieved from /home/airflow/.local/lib/python3.7/site-packages/airflow/example_dags/example_branch_operator.py
[2023-08-07T10:45:36.213+0000] {logging_mixin.py:150} INFO - [2023-08-07T10:45:36.213+0000] {dag.py:2742} INFO - Sync 1 DAGs
[2023-08-07T10:45:36.228+0000] {logging_mixin.py:150} INFO - [2023-08-07T10:45:36.228+0000] {dag.py:3508} INFO - Setting next_dagrun for example_branch_operator to 2023-08-06T00:00:00+00:00, run_after=2023-08-07T00:00:00+00:00
[2023-08-07T10:45:36.237+0000] {processor.py:179} INFO - Processing /home/airflow/.local/lib/python3.7/site-packages/airflow/example_dags/example_branch_operator.py took 0.056 seconds
[2023-08-07T10:46:06.287+0000] {processor.py:157} INFO - Started process (PID=355) to work on /home/airflow/.local/lib/python3.7/site-packages/airflow/example_dags/example_branch_operator.py
[2023-08-07T10:46:06.288+0000] {processor.py:826} INFO - Processing file /home/airflow/.local/lib/python3.7/site-packages/airflow/example_dags/example_branch_operator.py for tasks to queue
[2023-08-07T10:46:06.289+0000] {logging_mixin.py:150} INFO - [2023-08-07T10:46:06.289+0000] {dagbag.py:541} INFO - Filling up the DagBag from /home/airflow/.local/lib/python3.7/site-packages/airflow/example_dags/example_branch_operator.py
[2023-08-07T10:46:06.295+0000] {processor.py:836} INFO - DAG(s) dict_keys(['example_branch_operator']) retrieved from /home/airflow/.local/lib/python3.7/site-packages/airflow/example_dags/example_branch_operator.py
[2023-08-07T10:46:06.314+0000] {logging_mixin.py:150} INFO - [2023-08-07T10:46:06.314+0000] {dag.py:2742} INFO - Sync 1 DAGs
[2023-08-07T10:46:06.329+0000] {logging_mixin.py:150} INFO - [2023-08-07T10:46:06.329+0000] {dag.py:3508} INFO - Setting next_dagrun for example_branch_operator to 2023-08-06T00:00:00+00:00, run_after=2023-08-07T00:00:00+00:00
[2023-08-07T10:46:06.339+0000] {processor.py:179} INFO - Processing /home/airflow/.local/lib/python3.7/site-packages/airflow/example_dags/example_branch_operator.py took 0.054 seconds
[2023-08-07T10:46:36.665+0000] {processor.py:157} INFO - Started process (PID=413) to work on /home/airflow/.local/lib/python3.7/site-packages/airflow/example_dags/example_branch_operator.py
[2023-08-07T10:46:36.666+0000] {processor.py:826} INFO - Processing file /home/airflow/.local/lib/python3.7/site-packages/airflow/example_dags/example_branch_operator.py for tasks to queue
[2023-08-07T10:46:36.667+0000] {logging_mixin.py:150} INFO - [2023-08-07T10:46:36.667+0000] {dagbag.py:541} INFO - Filling up the DagBag from /home/airflow/.local/lib/python3.7/site-packages/airflow/example_dags/example_branch_operator.py
[2023-08-07T10:46:36.673+0000] {processor.py:836} INFO - DAG(s) dict_keys(['example_branch_operator']) retrieved from /home/airflow/.local/lib/python3.7/site-packages/airflow/example_dags/example_branch_operator.py
[2023-08-07T10:46:36.692+0000] {logging_mixin.py:150} INFO - [2023-08-07T10:46:36.692+0000] {dag.py:2742} INFO - Sync 1 DAGs
[2023-08-07T10:46:36.707+0000] {logging_mixin.py:150} INFO - [2023-08-07T10:46:36.707+0000] {dag.py:3508} INFO - Setting next_dagrun for example_branch_operator to 2023-08-06T00:00:00+00:00, run_after=2023-08-07T00:00:00+00:00
[2023-08-07T10:46:36.717+0000] {processor.py:179} INFO - Processing /home/airflow/.local/lib/python3.7/site-packages/airflow/example_dags/example_branch_operator.py took 0.054 seconds
[2023-08-07T10:47:06.902+0000] {processor.py:157} INFO - Started process (PID=471) to work on /home/airflow/.local/lib/python3.7/site-packages/airflow/example_dags/example_branch_operator.py
[2023-08-07T10:47:06.903+0000] {processor.py:826} INFO - Processing file /home/airflow/.local/lib/python3.7/site-packages/airflow/example_dags/example_branch_operator.py for tasks to queue
[2023-08-07T10:47:06.903+0000] {logging_mixin.py:150} INFO - [2023-08-07T10:47:06.903+0000] {dagbag.py:541} INFO - Filling up the DagBag from /home/airflow/.local/lib/python3.7/site-packages/airflow/example_dags/example_branch_operator.py
[2023-08-07T10:47:06.910+0000] {processor.py:836} INFO - DAG(s) dict_keys(['example_branch_operator']) retrieved from /home/airflow/.local/lib/python3.7/site-packages/airflow/example_dags/example_branch_operator.py
[2023-08-07T10:47:06.927+0000] {logging_mixin.py:150} INFO - [2023-08-07T10:47:06.927+0000] {dag.py:2742} INFO - Sync 1 DAGs
[2023-08-07T10:47:06.942+0000] {logging_mixin.py:150} INFO - [2023-08-07T10:47:06.942+0000] {dag.py:3508} INFO - Setting next_dagrun for example_branch_operator to 2023-08-06T00:00:00+00:00, run_after=2023-08-07T00:00:00+00:00
[2023-08-07T10:47:06.951+0000] {processor.py:179} INFO - Processing /home/airflow/.local/lib/python3.7/site-packages/airflow/example_dags/example_branch_operator.py took 0.052 seconds
[2023-08-07T10:47:38.002+0000] {processor.py:157} INFO - Started process (PID=529) to work on /home/airflow/.local/lib/python3.7/site-packages/airflow/example_dags/example_branch_operator.py
[2023-08-07T10:47:38.003+0000] {processor.py:826} INFO - Processing file /home/airflow/.local/lib/python3.7/site-packages/airflow/example_dags/example_branch_operator.py for tasks to queue
[2023-08-07T10:47:38.004+0000] {logging_mixin.py:150} INFO - [2023-08-07T10:47:38.003+0000] {dagbag.py:541} INFO - Filling up the DagBag from /home/airflow/.local/lib/python3.7/site-packages/airflow/example_dags/example_branch_operator.py
[2023-08-07T10:47:38.010+0000] {processor.py:836} INFO - DAG(s) dict_keys(['example_branch_operator']) retrieved from /home/airflow/.local/lib/python3.7/site-packages/airflow/example_dags/example_branch_operator.py
[2023-08-07T10:47:38.027+0000] {logging_mixin.py:150} INFO - [2023-08-07T10:47:38.027+0000] {dag.py:2742} INFO - Sync 1 DAGs
[2023-08-07T10:47:38.042+0000] {logging_mixin.py:150} INFO - [2023-08-07T10:47:38.041+0000] {dag.py:3508} INFO - Setting next_dagrun for example_branch_operator to 2023-08-06T00:00:00+00:00, run_after=2023-08-07T00:00:00+00:00
[2023-08-07T10:47:38.051+0000] {processor.py:179} INFO - Processing /home/airflow/.local/lib/python3.7/site-packages/airflow/example_dags/example_branch_operator.py took 0.052 seconds
[2023-08-07T10:48:08.322+0000] {processor.py:157} INFO - Started process (PID=587) to work on /home/airflow/.local/lib/python3.7/site-packages/airflow/example_dags/example_branch_operator.py
[2023-08-07T10:48:08.323+0000] {processor.py:826} INFO - Processing file /home/airflow/.local/lib/python3.7/site-packages/airflow/example_dags/example_branch_operator.py for tasks to queue
[2023-08-07T10:48:08.324+0000] {logging_mixin.py:150} INFO - [2023-08-07T10:48:08.324+0000] {dagbag.py:541} INFO - Filling up the DagBag from /home/airflow/.local/lib/python3.7/site-packages/airflow/example_dags/example_branch_operator.py
[2023-08-07T10:48:08.331+0000] {processor.py:836} INFO - DAG(s) dict_keys(['example_branch_operator']) retrieved from /home/airflow/.local/lib/python3.7/site-packages/airflow/example_dags/example_branch_operator.py
[2023-08-07T10:48:08.349+0000] {logging_mixin.py:150} INFO - [2023-08-07T10:48:08.349+0000] {dag.py:2742} INFO - Sync 1 DAGs
[2023-08-07T10:48:08.364+0000] {logging_mixin.py:150} INFO - [2023-08-07T10:48:08.364+0000] {dag.py:3508} INFO - Setting next_dagrun for example_branch_operator to 2023-08-06T00:00:00+00:00, run_after=2023-08-07T00:00:00+00:00
[2023-08-07T10:48:08.374+0000] {processor.py:179} INFO - Processing /home/airflow/.local/lib/python3.7/site-packages/airflow/example_dags/example_branch_operator.py took 0.055 seconds
[2023-08-07T10:48:38.648+0000] {processor.py:157} INFO - Started process (PID=645) to work on /home/airflow/.local/lib/python3.7/site-packages/airflow/example_dags/example_branch_operator.py
[2023-08-07T10:48:38.649+0000] {processor.py:826} INFO - Processing file /home/airflow/.local/lib/python3.7/site-packages/airflow/example_dags/example_branch_operator.py for tasks to queue
[2023-08-07T10:48:38.650+0000] {logging_mixin.py:150} INFO - [2023-08-07T10:48:38.650+0000] {dagbag.py:541} INFO - Filling up the DagBag from /home/airflow/.local/lib/python3.7/site-packages/airflow/example_dags/example_branch_operator.py
[2023-08-07T10:48:38.657+0000] {processor.py:836} INFO - DAG(s) dict_keys(['example_branch_operator']) retrieved from /home/airflow/.local/lib/python3.7/site-packages/airflow/example_dags/example_branch_operator.py
[2023-08-07T10:48:38.675+0000] {logging_mixin.py:150} INFO - [2023-08-07T10:48:38.675+0000] {dag.py:2742} INFO - Sync 1 DAGs
[2023-08-07T10:48:38.690+0000] {logging_mixin.py:150} INFO - [2023-08-07T10:48:38.690+0000] {dag.py:3508} INFO - Setting next_dagrun for example_branch_operator to 2023-08-06T00:00:00+00:00, run_after=2023-08-07T00:00:00+00:00
[2023-08-07T10:48:38.701+0000] {processor.py:179} INFO - Processing /home/airflow/.local/lib/python3.7/site-packages/airflow/example_dags/example_branch_operator.py took 0.055 seconds
[2023-08-07T10:49:08.925+0000] {processor.py:157} INFO - Started process (PID=704) to work on /home/airflow/.local/lib/python3.7/site-packages/airflow/example_dags/example_branch_operator.py
[2023-08-07T10:49:08.926+0000] {processor.py:826} INFO - Processing file /home/airflow/.local/lib/python3.7/site-packages/airflow/example_dags/example_branch_operator.py for tasks to queue
[2023-08-07T10:49:08.927+0000] {logging_mixin.py:150} INFO - [2023-08-07T10:49:08.926+0000] {dagbag.py:541} INFO - Filling up the DagBag from /home/airflow/.local/lib/python3.7/site-packages/airflow/example_dags/example_branch_operator.py
[2023-08-07T10:49:08.934+0000] {processor.py:836} INFO - DAG(s) dict_keys(['example_branch_operator']) retrieved from /home/airflow/.local/lib/python3.7/site-packages/airflow/example_dags/example_branch_operator.py
[2023-08-07T10:49:08.952+0000] {logging_mixin.py:150} INFO - [2023-08-07T10:49:08.952+0000] {dag.py:2742} INFO - Sync 1 DAGs
[2023-08-07T10:49:08.965+0000] {logging_mixin.py:150} INFO - [2023-08-07T10:49:08.965+0000] {dag.py:3508} INFO - Setting next_dagrun for example_branch_operator to 2023-08-06T00:00:00+00:00, run_after=2023-08-07T00:00:00+00:00
[2023-08-07T10:49:08.976+0000] {processor.py:179} INFO - Processing /home/airflow/.local/lib/python3.7/site-packages/airflow/example_dags/example_branch_operator.py took 0.054 seconds
[2023-08-07T10:49:39.083+0000] {processor.py:157} INFO - Started process (PID=762) to work on /home/airflow/.local/lib/python3.7/site-packages/airflow/example_dags/example_branch_operator.py
[2023-08-07T10:49:39.084+0000] {processor.py:826} INFO - Processing file /home/airflow/.local/lib/python3.7/site-packages/airflow/example_dags/example_branch_operator.py for tasks to queue
[2023-08-07T10:49:39.085+0000] {logging_mixin.py:150} INFO - [2023-08-07T10:49:39.084+0000] {dagbag.py:541} INFO - Filling up the DagBag from /home/airflow/.local/lib/python3.7/site-packages/airflow/example_dags/example_branch_operator.py
[2023-08-07T10:49:39.091+0000] {processor.py:836} INFO - DAG(s) dict_keys(['example_branch_operator']) retrieved from /home/airflow/.local/lib/python3.7/site-packages/airflow/example_dags/example_branch_operator.py
[2023-08-07T10:49:39.109+0000] {logging_mixin.py:150} INFO - [2023-08-07T10:49:39.109+0000] {dag.py:2742} INFO - Sync 1 DAGs
[2023-08-07T10:49:39.123+0000] {logging_mixin.py:150} INFO - [2023-08-07T10:49:39.123+0000] {dag.py:3508} INFO - Setting next_dagrun for example_branch_operator to 2023-08-06T00:00:00+00:00, run_after=2023-08-07T00:00:00+00:00
[2023-08-07T10:49:39.133+0000] {processor.py:179} INFO - Processing /home/airflow/.local/lib/python3.7/site-packages/airflow/example_dags/example_branch_operator.py took 0.052 seconds
[2023-08-07T10:50:09.435+0000] {processor.py:157} INFO - Started process (PID=820) to work on /home/airflow/.local/lib/python3.7/site-packages/airflow/example_dags/example_branch_operator.py
[2023-08-07T10:50:09.435+0000] {processor.py:826} INFO - Processing file /home/airflow/.local/lib/python3.7/site-packages/airflow/example_dags/example_branch_operator.py for tasks to queue
[2023-08-07T10:50:09.436+0000] {logging_mixin.py:150} INFO - [2023-08-07T10:50:09.436+0000] {dagbag.py:541} INFO - Filling up the DagBag from /home/airflow/.local/lib/python3.7/site-packages/airflow/example_dags/example_branch_operator.py
[2023-08-07T10:50:09.442+0000] {processor.py:836} INFO - DAG(s) dict_keys(['example_branch_operator']) retrieved from /home/airflow/.local/lib/python3.7/site-packages/airflow/example_dags/example_branch_operator.py
[2023-08-07T10:50:09.460+0000] {logging_mixin.py:150} INFO - [2023-08-07T10:50:09.460+0000] {dag.py:2742} INFO - Sync 1 DAGs
[2023-08-07T10:50:09.475+0000] {logging_mixin.py:150} INFO - [2023-08-07T10:50:09.475+0000] {dag.py:3508} INFO - Setting next_dagrun for example_branch_operator to 2023-08-06T00:00:00+00:00, run_after=2023-08-07T00:00:00+00:00
[2023-08-07T10:50:09.484+0000] {processor.py:179} INFO - Processing /home/airflow/.local/lib/python3.7/site-packages/airflow/example_dags/example_branch_operator.py took 0.052 seconds
[2023-08-07T10:50:39.633+0000] {processor.py:157} INFO - Started process (PID=877) to work on /home/airflow/.local/lib/python3.7/site-packages/airflow/example_dags/example_branch_operator.py
[2023-08-07T10:50:39.634+0000] {processor.py:826} INFO - Processing file /home/airflow/.local/lib/python3.7/site-packages/airflow/example_dags/example_branch_operator.py for tasks to queue
[2023-08-07T10:50:39.635+0000] {logging_mixin.py:150} INFO - [2023-08-07T10:50:39.634+0000] {dagbag.py:541} INFO - Filling up the DagBag from /home/airflow/.local/lib/python3.7/site-packages/airflow/example_dags/example_branch_operator.py
[2023-08-07T10:50:39.641+0000] {processor.py:836} INFO - DAG(s) dict_keys(['example_branch_operator']) retrieved from /home/airflow/.local/lib/python3.7/site-packages/airflow/example_dags/example_branch_operator.py
[2023-08-07T10:50:39.660+0000] {logging_mixin.py:150} INFO - [2023-08-07T10:50:39.660+0000] {dag.py:2742} INFO - Sync 1 DAGs
[2023-08-07T10:50:39.675+0000] {logging_mixin.py:150} INFO - [2023-08-07T10:50:39.675+0000] {dag.py:3508} INFO - Setting next_dagrun for example_branch_operator to 2023-08-06T00:00:00+00:00, run_after=2023-08-07T00:00:00+00:00
[2023-08-07T10:50:39.685+0000] {processor.py:179} INFO - Processing /home/airflow/.local/lib/python3.7/site-packages/airflow/example_dags/example_branch_operator.py took 0.055 seconds
[2023-08-07T10:51:09.959+0000] {processor.py:157} INFO - Started process (PID=935) to work on /home/airflow/.local/lib/python3.7/site-packages/airflow/example_dags/example_branch_operator.py
[2023-08-07T10:51:09.960+0000] {processor.py:826} INFO - Processing file /home/airflow/.local/lib/python3.7/site-packages/airflow/example_dags/example_branch_operator.py for tasks to queue
[2023-08-07T10:51:09.961+0000] {logging_mixin.py:150} INFO - [2023-08-07T10:51:09.960+0000] {dagbag.py:541} INFO - Filling up the DagBag from /home/airflow/.local/lib/python3.7/site-packages/airflow/example_dags/example_branch_operator.py
[2023-08-07T10:51:09.967+0000] {processor.py:836} INFO - DAG(s) dict_keys(['example_branch_operator']) retrieved from /home/airflow/.local/lib/python3.7/site-packages/airflow/example_dags/example_branch_operator.py
[2023-08-07T10:51:09.986+0000] {logging_mixin.py:150} INFO - [2023-08-07T10:51:09.986+0000] {dag.py:2742} INFO - Sync 1 DAGs
[2023-08-07T10:51:10.000+0000] {logging_mixin.py:150} INFO - [2023-08-07T10:51:10.000+0000] {dag.py:3508} INFO - Setting next_dagrun for example_branch_operator to 2023-08-06T00:00:00+00:00, run_after=2023-08-07T00:00:00+00:00
[2023-08-07T10:51:10.010+0000] {processor.py:179} INFO - Processing /home/airflow/.local/lib/python3.7/site-packages/airflow/example_dags/example_branch_operator.py took 0.054 seconds
[2023-08-07T10:51:40.166+0000] {processor.py:157} INFO - Started process (PID=993) to work on /home/airflow/.local/lib/python3.7/site-packages/airflow/example_dags/example_branch_operator.py
[2023-08-07T10:51:40.166+0000] {processor.py:826} INFO - Processing file /home/airflow/.local/lib/python3.7/site-packages/airflow/example_dags/example_branch_operator.py for tasks to queue
[2023-08-07T10:51:40.167+0000] {logging_mixin.py:150} INFO - [2023-08-07T10:51:40.167+0000] {dagbag.py:541} INFO - Filling up the DagBag from /home/airflow/.local/lib/python3.7/site-packages/airflow/example_dags/example_branch_operator.py
[2023-08-07T10:51:40.174+0000] {processor.py:836} INFO - DAG(s) dict_keys(['example_branch_operator']) retrieved from /home/airflow/.local/lib/python3.7/site-packages/airflow/example_dags/example_branch_operator.py
[2023-08-07T10:51:40.192+0000] {logging_mixin.py:150} INFO - [2023-08-07T10:51:40.192+0000] {dag.py:2742} INFO - Sync 1 DAGs
[2023-08-07T10:51:40.207+0000] {logging_mixin.py:150} INFO - [2023-08-07T10:51:40.207+0000] {dag.py:3508} INFO - Setting next_dagrun for example_branch_operator to 2023-08-06T00:00:00+00:00, run_after=2023-08-07T00:00:00+00:00
[2023-08-07T10:51:40.216+0000] {processor.py:179} INFO - Processing /home/airflow/.local/lib/python3.7/site-packages/airflow/example_dags/example_branch_operator.py took 0.053 seconds
[2023-08-07T10:52:10.488+0000] {processor.py:157} INFO - Started process (PID=1051) to work on /home/airflow/.local/lib/python3.7/site-packages/airflow/example_dags/example_branch_operator.py
[2023-08-07T10:52:10.489+0000] {processor.py:826} INFO - Processing file /home/airflow/.local/lib/python3.7/site-packages/airflow/example_dags/example_branch_operator.py for tasks to queue
[2023-08-07T10:52:10.490+0000] {logging_mixin.py:150} INFO - [2023-08-07T10:52:10.490+0000] {dagbag.py:541} INFO - Filling up the DagBag from /home/airflow/.local/lib/python3.7/site-packages/airflow/example_dags/example_branch_operator.py
[2023-08-07T10:52:10.497+0000] {processor.py:836} INFO - DAG(s) dict_keys(['example_branch_operator']) retrieved from /home/airflow/.local/lib/python3.7/site-packages/airflow/example_dags/example_branch_operator.py
[2023-08-07T10:52:10.516+0000] {logging_mixin.py:150} INFO - [2023-08-07T10:52:10.516+0000] {dag.py:2742} INFO - Sync 1 DAGs
[2023-08-07T10:52:10.530+0000] {logging_mixin.py:150} INFO - [2023-08-07T10:52:10.530+0000] {dag.py:3508} INFO - Setting next_dagrun for example_branch_operator to 2023-08-06T00:00:00+00:00, run_after=2023-08-07T00:00:00+00:00
[2023-08-07T10:52:10.541+0000] {processor.py:179} INFO - Processing /home/airflow/.local/lib/python3.7/site-packages/airflow/example_dags/example_branch_operator.py took 0.056 seconds
[2023-08-07T10:52:40.766+0000] {processor.py:157} INFO - Started process (PID=1109) to work on /home/airflow/.local/lib/python3.7/site-packages/airflow/example_dags/example_branch_operator.py
[2023-08-07T10:52:40.767+0000] {processor.py:826} INFO - Processing file /home/airflow/.local/lib/python3.7/site-packages/airflow/example_dags/example_branch_operator.py for tasks to queue
[2023-08-07T10:52:40.768+0000] {logging_mixin.py:150} INFO - [2023-08-07T10:52:40.767+0000] {dagbag.py:541} INFO - Filling up the DagBag from /home/airflow/.local/lib/python3.7/site-packages/airflow/example_dags/example_branch_operator.py
[2023-08-07T10:52:40.774+0000] {processor.py:836} INFO - DAG(s) dict_keys(['example_branch_operator']) retrieved from /home/airflow/.local/lib/python3.7/site-packages/airflow/example_dags/example_branch_operator.py
[2023-08-07T10:52:40.792+0000] {logging_mixin.py:150} INFO - [2023-08-07T10:52:40.792+0000] {dag.py:2742} INFO - Sync 1 DAGs
[2023-08-07T10:52:40.808+0000] {logging_mixin.py:150} INFO - [2023-08-07T10:52:40.808+0000] {dag.py:3508} INFO - Setting next_dagrun for example_branch_operator to 2023-08-06T00:00:00+00:00, run_after=2023-08-07T00:00:00+00:00
[2023-08-07T10:52:40.818+0000] {processor.py:179} INFO - Processing /home/airflow/.local/lib/python3.7/site-packages/airflow/example_dags/example_branch_operator.py took 0.054 seconds
[2023-08-07T10:53:10.949+0000] {processor.py:157} INFO - Started process (PID=1167) to work on /home/airflow/.local/lib/python3.7/site-packages/airflow/example_dags/example_branch_operator.py
[2023-08-07T10:53:10.950+0000] {processor.py:826} INFO - Processing file /home/airflow/.local/lib/python3.7/site-packages/airflow/example_dags/example_branch_operator.py for tasks to queue
[2023-08-07T10:53:10.951+0000] {logging_mixin.py:150} INFO - [2023-08-07T10:53:10.950+0000] {dagbag.py:541} INFO - Filling up the DagBag from /home/airflow/.local/lib/python3.7/site-packages/airflow/example_dags/example_branch_operator.py
[2023-08-07T10:53:10.957+0000] {processor.py:836} INFO - DAG(s) dict_keys(['example_branch_operator']) retrieved from /home/airflow/.local/lib/python3.7/site-packages/airflow/example_dags/example_branch_operator.py
[2023-08-07T10:53:10.975+0000] {logging_mixin.py:150} INFO - [2023-08-07T10:53:10.975+0000] {dag.py:2742} INFO - Sync 1 DAGs
[2023-08-07T10:53:10.989+0000] {logging_mixin.py:150} INFO - [2023-08-07T10:53:10.989+0000] {dag.py:3508} INFO - Setting next_dagrun for example_branch_operator to 2023-08-06T00:00:00+00:00, run_after=2023-08-07T00:00:00+00:00
[2023-08-07T10:53:10.999+0000] {processor.py:179} INFO - Processing /home/airflow/.local/lib/python3.7/site-packages/airflow/example_dags/example_branch_operator.py took 0.054 seconds
[2023-08-07T10:53:41.320+0000] {processor.py:157} INFO - Started process (PID=1225) to work on /home/airflow/.local/lib/python3.7/site-packages/airflow/example_dags/example_branch_operator.py
[2023-08-07T10:53:41.321+0000] {processor.py:826} INFO - Processing file /home/airflow/.local/lib/python3.7/site-packages/airflow/example_dags/example_branch_operator.py for tasks to queue
[2023-08-07T10:53:41.321+0000] {logging_mixin.py:150} INFO - [2023-08-07T10:53:41.321+0000] {dagbag.py:541} INFO - Filling up the DagBag from /home/airflow/.local/lib/python3.7/site-packages/airflow/example_dags/example_branch_operator.py
[2023-08-07T10:53:41.328+0000] {processor.py:836} INFO - DAG(s) dict_keys(['example_branch_operator']) retrieved from /home/airflow/.local/lib/python3.7/site-packages/airflow/example_dags/example_branch_operator.py
[2023-08-07T10:53:41.348+0000] {logging_mixin.py:150} INFO - [2023-08-07T10:53:41.348+0000] {dag.py:2742} INFO - Sync 1 DAGs
[2023-08-07T10:53:41.363+0000] {logging_mixin.py:150} INFO - [2023-08-07T10:53:41.363+0000] {dag.py:3508} INFO - Setting next_dagrun for example_branch_operator to 2023-08-06T00:00:00+00:00, run_after=2023-08-07T00:00:00+00:00
[2023-08-07T10:53:41.374+0000] {processor.py:179} INFO - Processing /home/airflow/.local/lib/python3.7/site-packages/airflow/example_dags/example_branch_operator.py took 0.057 seconds
[2023-08-07T10:54:11.497+0000] {processor.py:157} INFO - Started process (PID=1283) to work on /home/airflow/.local/lib/python3.7/site-packages/airflow/example_dags/example_branch_operator.py
[2023-08-07T10:54:11.498+0000] {processor.py:826} INFO - Processing file /home/airflow/.local/lib/python3.7/site-packages/airflow/example_dags/example_branch_operator.py for tasks to queue
[2023-08-07T10:54:11.499+0000] {logging_mixin.py:150} INFO - [2023-08-07T10:54:11.499+0000] {dagbag.py:541} INFO - Filling up the DagBag from /home/airflow/.local/lib/python3.7/site-packages/airflow/example_dags/example_branch_operator.py
[2023-08-07T10:54:11.505+0000] {processor.py:836} INFO - DAG(s) dict_keys(['example_branch_operator']) retrieved from /home/airflow/.local/lib/python3.7/site-packages/airflow/example_dags/example_branch_operator.py
[2023-08-07T10:54:11.523+0000] {logging_mixin.py:150} INFO - [2023-08-07T10:54:11.523+0000] {dag.py:2742} INFO - Sync 1 DAGs
[2023-08-07T10:54:11.537+0000] {logging_mixin.py:150} INFO - [2023-08-07T10:54:11.537+0000] {dag.py:3508} INFO - Setting next_dagrun for example_branch_operator to 2023-08-06T00:00:00+00:00, run_after=2023-08-07T00:00:00+00:00
[2023-08-07T10:54:11.547+0000] {processor.py:179} INFO - Processing /home/airflow/.local/lib/python3.7/site-packages/airflow/example_dags/example_branch_operator.py took 0.052 seconds
[2023-08-07T10:54:41.834+0000] {processor.py:157} INFO - Started process (PID=1341) to work on /home/airflow/.local/lib/python3.7/site-packages/airflow/example_dags/example_branch_operator.py
[2023-08-07T10:54:41.835+0000] {processor.py:826} INFO - Processing file /home/airflow/.local/lib/python3.7/site-packages/airflow/example_dags/example_branch_operator.py for tasks to queue
[2023-08-07T10:54:41.836+0000] {logging_mixin.py:150} INFO - [2023-08-07T10:54:41.836+0000] {dagbag.py:541} INFO - Filling up the DagBag from /home/airflow/.local/lib/python3.7/site-packages/airflow/example_dags/example_branch_operator.py
[2023-08-07T10:54:41.842+0000] {processor.py:836} INFO - DAG(s) dict_keys(['example_branch_operator']) retrieved from /home/airflow/.local/lib/python3.7/site-packages/airflow/example_dags/example_branch_operator.py
[2023-08-07T10:54:41.860+0000] {logging_mixin.py:150} INFO - [2023-08-07T10:54:41.860+0000] {dag.py:2742} INFO - Sync 1 DAGs
[2023-08-07T10:54:41.876+0000] {logging_mixin.py:150} INFO - [2023-08-07T10:54:41.876+0000] {dag.py:3508} INFO - Setting next_dagrun for example_branch_operator to 2023-08-06T00:00:00+00:00, run_after=2023-08-07T00:00:00+00:00
[2023-08-07T10:54:41.885+0000] {processor.py:179} INFO - Processing /home/airflow/.local/lib/python3.7/site-packages/airflow/example_dags/example_branch_operator.py took 0.053 seconds
[2023-08-07T10:55:12.093+0000] {processor.py:157} INFO - Started process (PID=1399) to work on /home/airflow/.local/lib/python3.7/site-packages/airflow/example_dags/example_branch_operator.py
[2023-08-07T10:55:12.094+0000] {processor.py:826} INFO - Processing file /home/airflow/.local/lib/python3.7/site-packages/airflow/example_dags/example_branch_operator.py for tasks to queue
[2023-08-07T10:55:12.095+0000] {logging_mixin.py:150} INFO - [2023-08-07T10:55:12.095+0000] {dagbag.py:541} INFO - Filling up the DagBag from /home/airflow/.local/lib/python3.7/site-packages/airflow/example_dags/example_branch_operator.py
[2023-08-07T10:55:12.101+0000] {processor.py:836} INFO - DAG(s) dict_keys(['example_branch_operator']) retrieved from /home/airflow/.local/lib/python3.7/site-packages/airflow/example_dags/example_branch_operator.py
[2023-08-07T10:55:12.119+0000] {logging_mixin.py:150} INFO - [2023-08-07T10:55:12.119+0000] {dag.py:2742} INFO - Sync 1 DAGs
[2023-08-07T10:55:12.133+0000] {logging_mixin.py:150} INFO - [2023-08-07T10:55:12.133+0000] {dag.py:3508} INFO - Setting next_dagrun for example_branch_operator to 2023-08-06T00:00:00+00:00, run_after=2023-08-07T00:00:00+00:00
[2023-08-07T10:55:12.144+0000] {processor.py:179} INFO - Processing /home/airflow/.local/lib/python3.7/site-packages/airflow/example_dags/example_branch_operator.py took 0.053 seconds
[2023-08-07T10:55:42.368+0000] {processor.py:157} INFO - Started process (PID=1457) to work on /home/airflow/.local/lib/python3.7/site-packages/airflow/example_dags/example_branch_operator.py
[2023-08-07T10:55:42.369+0000] {processor.py:826} INFO - Processing file /home/airflow/.local/lib/python3.7/site-packages/airflow/example_dags/example_branch_operator.py for tasks to queue
[2023-08-07T10:55:42.369+0000] {logging_mixin.py:150} INFO - [2023-08-07T10:55:42.369+0000] {dagbag.py:541} INFO - Filling up the DagBag from /home/airflow/.local/lib/python3.7/site-packages/airflow/example_dags/example_branch_operator.py
[2023-08-07T10:55:42.375+0000] {processor.py:836} INFO - DAG(s) dict_keys(['example_branch_operator']) retrieved from /home/airflow/.local/lib/python3.7/site-packages/airflow/example_dags/example_branch_operator.py
[2023-08-07T10:55:42.396+0000] {logging_mixin.py:150} INFO - [2023-08-07T10:55:42.396+0000] {dag.py:2742} INFO - Sync 1 DAGs
[2023-08-07T10:55:42.411+0000] {logging_mixin.py:150} INFO - [2023-08-07T10:55:42.411+0000] {dag.py:3508} INFO - Setting next_dagrun for example_branch_operator to 2023-08-06T00:00:00+00:00, run_after=2023-08-07T00:00:00+00:00
[2023-08-07T10:55:42.421+0000] {processor.py:179} INFO - Processing /home/airflow/.local/lib/python3.7/site-packages/airflow/example_dags/example_branch_operator.py took 0.056 seconds
[2023-08-07T10:56:12.662+0000] {processor.py:157} INFO - Started process (PID=1515) to work on /home/airflow/.local/lib/python3.7/site-packages/airflow/example_dags/example_branch_operator.py
[2023-08-07T10:56:12.663+0000] {processor.py:826} INFO - Processing file /home/airflow/.local/lib/python3.7/site-packages/airflow/example_dags/example_branch_operator.py for tasks to queue
[2023-08-07T10:56:12.663+0000] {logging_mixin.py:150} INFO - [2023-08-07T10:56:12.663+0000] {dagbag.py:541} INFO - Filling up the DagBag from /home/airflow/.local/lib/python3.7/site-packages/airflow/example_dags/example_branch_operator.py
[2023-08-07T10:56:12.670+0000] {processor.py:836} INFO - DAG(s) dict_keys(['example_branch_operator']) retrieved from /home/airflow/.local/lib/python3.7/site-packages/airflow/example_dags/example_branch_operator.py
[2023-08-07T10:56:12.687+0000] {logging_mixin.py:150} INFO - [2023-08-07T10:56:12.687+0000] {dag.py:2742} INFO - Sync 1 DAGs
[2023-08-07T10:56:12.701+0000] {logging_mixin.py:150} INFO - [2023-08-07T10:56:12.701+0000] {dag.py:3508} INFO - Setting next_dagrun for example_branch_operator to 2023-08-06T00:00:00+00:00, run_after=2023-08-07T00:00:00+00:00
[2023-08-07T10:56:12.711+0000] {processor.py:179} INFO - Processing /home/airflow/.local/lib/python3.7/site-packages/airflow/example_dags/example_branch_operator.py took 0.052 seconds
[2023-08-07T10:56:43.058+0000] {processor.py:157} INFO - Started process (PID=1573) to work on /home/airflow/.local/lib/python3.7/site-packages/airflow/example_dags/example_branch_operator.py
[2023-08-07T10:56:43.060+0000] {processor.py:826} INFO - Processing file /home/airflow/.local/lib/python3.7/site-packages/airflow/example_dags/example_branch_operator.py for tasks to queue
[2023-08-07T10:56:43.061+0000] {logging_mixin.py:150} INFO - [2023-08-07T10:56:43.060+0000] {dagbag.py:541} INFO - Filling up the DagBag from /home/airflow/.local/lib/python3.7/site-packages/airflow/example_dags/example_branch_operator.py
[2023-08-07T10:56:43.067+0000] {processor.py:836} INFO - DAG(s) dict_keys(['example_branch_operator']) retrieved from /home/airflow/.local/lib/python3.7/site-packages/airflow/example_dags/example_branch_operator.py
[2023-08-07T10:56:43.086+0000] {logging_mixin.py:150} INFO - [2023-08-07T10:56:43.086+0000] {dag.py:2742} INFO - Sync 1 DAGs
[2023-08-07T10:56:43.102+0000] {logging_mixin.py:150} INFO - [2023-08-07T10:56:43.102+0000] {dag.py:3508} INFO - Setting next_dagrun for example_branch_operator to 2023-08-06T00:00:00+00:00, run_after=2023-08-07T00:00:00+00:00
[2023-08-07T10:56:43.113+0000] {processor.py:179} INFO - Processing /home/airflow/.local/lib/python3.7/site-packages/airflow/example_dags/example_branch_operator.py took 0.057 seconds
[2023-08-07T10:57:13.366+0000] {processor.py:157} INFO - Started process (PID=1630) to work on /home/airflow/.local/lib/python3.7/site-packages/airflow/example_dags/example_branch_operator.py
[2023-08-07T10:57:13.367+0000] {processor.py:826} INFO - Processing file /home/airflow/.local/lib/python3.7/site-packages/airflow/example_dags/example_branch_operator.py for tasks to queue
[2023-08-07T10:57:13.368+0000] {logging_mixin.py:150} INFO - [2023-08-07T10:57:13.368+0000] {dagbag.py:541} INFO - Filling up the DagBag from /home/airflow/.local/lib/python3.7/site-packages/airflow/example_dags/example_branch_operator.py
[2023-08-07T10:57:13.374+0000] {processor.py:836} INFO - DAG(s) dict_keys(['example_branch_operator']) retrieved from /home/airflow/.local/lib/python3.7/site-packages/airflow/example_dags/example_branch_operator.py
[2023-08-07T10:57:13.392+0000] {logging_mixin.py:150} INFO - [2023-08-07T10:57:13.392+0000] {dag.py:2742} INFO - Sync 1 DAGs
[2023-08-07T10:57:13.406+0000] {logging_mixin.py:150} INFO - [2023-08-07T10:57:13.406+0000] {dag.py:3508} INFO - Setting next_dagrun for example_branch_operator to 2023-08-06T00:00:00+00:00, run_after=2023-08-07T00:00:00+00:00
[2023-08-07T10:57:13.417+0000] {processor.py:179} INFO - Processing /home/airflow/.local/lib/python3.7/site-packages/airflow/example_dags/example_branch_operator.py took 0.052 seconds
[2023-08-07T10:57:43.704+0000] {processor.py:157} INFO - Started process (PID=1688) to work on /home/airflow/.local/lib/python3.7/site-packages/airflow/example_dags/example_branch_operator.py
[2023-08-07T10:57:43.705+0000] {processor.py:826} INFO - Processing file /home/airflow/.local/lib/python3.7/site-packages/airflow/example_dags/example_branch_operator.py for tasks to queue
[2023-08-07T10:57:43.705+0000] {logging_mixin.py:150} INFO - [2023-08-07T10:57:43.705+0000] {dagbag.py:541} INFO - Filling up the DagBag from /home/airflow/.local/lib/python3.7/site-packages/airflow/example_dags/example_branch_operator.py
[2023-08-07T10:57:43.712+0000] {processor.py:836} INFO - DAG(s) dict_keys(['example_branch_operator']) retrieved from /home/airflow/.local/lib/python3.7/site-packages/airflow/example_dags/example_branch_operator.py
[2023-08-07T10:57:43.730+0000] {logging_mixin.py:150} INFO - [2023-08-07T10:57:43.730+0000] {dag.py:2742} INFO - Sync 1 DAGs
[2023-08-07T10:57:43.745+0000] {logging_mixin.py:150} INFO - [2023-08-07T10:57:43.745+0000] {dag.py:3508} INFO - Setting next_dagrun for example_branch_operator to 2023-08-06T00:00:00+00:00, run_after=2023-08-07T00:00:00+00:00
[2023-08-07T10:57:43.755+0000] {processor.py:179} INFO - Processing /home/airflow/.local/lib/python3.7/site-packages/airflow/example_dags/example_branch_operator.py took 0.054 seconds
[2023-08-07T10:58:13.936+0000] {processor.py:157} INFO - Started process (PID=1746) to work on /home/airflow/.local/lib/python3.7/site-packages/airflow/example_dags/example_branch_operator.py
[2023-08-07T10:58:13.937+0000] {processor.py:826} INFO - Processing file /home/airflow/.local/lib/python3.7/site-packages/airflow/example_dags/example_branch_operator.py for tasks to queue
[2023-08-07T10:58:13.937+0000] {logging_mixin.py:150} INFO - [2023-08-07T10:58:13.937+0000] {dagbag.py:541} INFO - Filling up the DagBag from /home/airflow/.local/lib/python3.7/site-packages/airflow/example_dags/example_branch_operator.py
[2023-08-07T10:58:13.944+0000] {processor.py:836} INFO - DAG(s) dict_keys(['example_branch_operator']) retrieved from /home/airflow/.local/lib/python3.7/site-packages/airflow/example_dags/example_branch_operator.py
[2023-08-07T10:58:13.962+0000] {logging_mixin.py:150} INFO - [2023-08-07T10:58:13.962+0000] {dag.py:2742} INFO - Sync 1 DAGs
[2023-08-07T10:58:13.977+0000] {logging_mixin.py:150} INFO - [2023-08-07T10:58:13.977+0000] {dag.py:3508} INFO - Setting next_dagrun for example_branch_operator to 2023-08-06T00:00:00+00:00, run_after=2023-08-07T00:00:00+00:00
[2023-08-07T10:58:13.988+0000] {processor.py:179} INFO - Processing /home/airflow/.local/lib/python3.7/site-packages/airflow/example_dags/example_branch_operator.py took 0.055 seconds
[2023-08-07T10:58:44.205+0000] {processor.py:157} INFO - Started process (PID=1805) to work on /home/airflow/.local/lib/python3.7/site-packages/airflow/example_dags/example_branch_operator.py
[2023-08-07T10:58:44.206+0000] {processor.py:826} INFO - Processing file /home/airflow/.local/lib/python3.7/site-packages/airflow/example_dags/example_branch_operator.py for tasks to queue
[2023-08-07T10:58:44.207+0000] {logging_mixin.py:150} INFO - [2023-08-07T10:58:44.207+0000] {dagbag.py:541} INFO - Filling up the DagBag from /home/airflow/.local/lib/python3.7/site-packages/airflow/example_dags/example_branch_operator.py
[2023-08-07T10:58:44.213+0000] {processor.py:836} INFO - DAG(s) dict_keys(['example_branch_operator']) retrieved from /home/airflow/.local/lib/python3.7/site-packages/airflow/example_dags/example_branch_operator.py
[2023-08-07T10:58:44.231+0000] {logging_mixin.py:150} INFO - [2023-08-07T10:58:44.231+0000] {dag.py:2742} INFO - Sync 1 DAGs
[2023-08-07T10:58:44.246+0000] {logging_mixin.py:150} INFO - [2023-08-07T10:58:44.246+0000] {dag.py:3508} INFO - Setting next_dagrun for example_branch_operator to 2023-08-06T00:00:00+00:00, run_after=2023-08-07T00:00:00+00:00
[2023-08-07T10:58:44.256+0000] {processor.py:179} INFO - Processing /home/airflow/.local/lib/python3.7/site-packages/airflow/example_dags/example_branch_operator.py took 0.053 seconds
[2023-08-07T10:59:14.483+0000] {processor.py:157} INFO - Started process (PID=1863) to work on /home/airflow/.local/lib/python3.7/site-packages/airflow/example_dags/example_branch_operator.py
[2023-08-07T10:59:14.484+0000] {processor.py:826} INFO - Processing file /home/airflow/.local/lib/python3.7/site-packages/airflow/example_dags/example_branch_operator.py for tasks to queue
[2023-08-07T10:59:14.485+0000] {logging_mixin.py:150} INFO - [2023-08-07T10:59:14.485+0000] {dagbag.py:541} INFO - Filling up the DagBag from /home/airflow/.local/lib/python3.7/site-packages/airflow/example_dags/example_branch_operator.py
[2023-08-07T10:59:14.491+0000] {processor.py:836} INFO - DAG(s) dict_keys(['example_branch_operator']) retrieved from /home/airflow/.local/lib/python3.7/site-packages/airflow/example_dags/example_branch_operator.py
[2023-08-07T10:59:14.508+0000] {logging_mixin.py:150} INFO - [2023-08-07T10:59:14.508+0000] {dag.py:2742} INFO - Sync 1 DAGs
[2023-08-07T10:59:14.522+0000] {logging_mixin.py:150} INFO - [2023-08-07T10:59:14.522+0000] {dag.py:3508} INFO - Setting next_dagrun for example_branch_operator to 2023-08-06T00:00:00+00:00, run_after=2023-08-07T00:00:00+00:00
[2023-08-07T10:59:14.532+0000] {processor.py:179} INFO - Processing /home/airflow/.local/lib/python3.7/site-packages/airflow/example_dags/example_branch_operator.py took 0.051 seconds
[2023-08-07T10:59:44.801+0000] {processor.py:157} INFO - Started process (PID=1921) to work on /home/airflow/.local/lib/python3.7/site-packages/airflow/example_dags/example_branch_operator.py
[2023-08-07T10:59:44.802+0000] {processor.py:826} INFO - Processing file /home/airflow/.local/lib/python3.7/site-packages/airflow/example_dags/example_branch_operator.py for tasks to queue
[2023-08-07T10:59:44.802+0000] {logging_mixin.py:150} INFO - [2023-08-07T10:59:44.802+0000] {dagbag.py:541} INFO - Filling up the DagBag from /home/airflow/.local/lib/python3.7/site-packages/airflow/example_dags/example_branch_operator.py
[2023-08-07T10:59:44.808+0000] {processor.py:836} INFO - DAG(s) dict_keys(['example_branch_operator']) retrieved from /home/airflow/.local/lib/python3.7/site-packages/airflow/example_dags/example_branch_operator.py
[2023-08-07T10:59:44.825+0000] {logging_mixin.py:150} INFO - [2023-08-07T10:59:44.825+0000] {dag.py:2742} INFO - Sync 1 DAGs
[2023-08-07T10:59:44.840+0000] {logging_mixin.py:150} INFO - [2023-08-07T10:59:44.840+0000] {dag.py:3508} INFO - Setting next_dagrun for example_branch_operator to 2023-08-06T00:00:00+00:00, run_after=2023-08-07T00:00:00+00:00
[2023-08-07T10:59:44.848+0000] {processor.py:179} INFO - Processing /home/airflow/.local/lib/python3.7/site-packages/airflow/example_dags/example_branch_operator.py took 0.050 seconds
[2023-08-07T11:00:15.028+0000] {processor.py:157} INFO - Started process (PID=1979) to work on /home/airflow/.local/lib/python3.7/site-packages/airflow/example_dags/example_branch_operator.py
[2023-08-07T11:00:15.029+0000] {processor.py:826} INFO - Processing file /home/airflow/.local/lib/python3.7/site-packages/airflow/example_dags/example_branch_operator.py for tasks to queue
[2023-08-07T11:00:15.030+0000] {logging_mixin.py:150} INFO - [2023-08-07T11:00:15.030+0000] {dagbag.py:541} INFO - Filling up the DagBag from /home/airflow/.local/lib/python3.7/site-packages/airflow/example_dags/example_branch_operator.py
[2023-08-07T11:00:15.035+0000] {processor.py:836} INFO - DAG(s) dict_keys(['example_branch_operator']) retrieved from /home/airflow/.local/lib/python3.7/site-packages/airflow/example_dags/example_branch_operator.py
[2023-08-07T11:00:15.054+0000] {logging_mixin.py:150} INFO - [2023-08-07T11:00:15.054+0000] {dag.py:2742} INFO - Sync 1 DAGs
[2023-08-07T11:00:15.069+0000] {logging_mixin.py:150} INFO - [2023-08-07T11:00:15.069+0000] {dag.py:3508} INFO - Setting next_dagrun for example_branch_operator to 2023-08-06T00:00:00+00:00, run_after=2023-08-07T00:00:00+00:00
[2023-08-07T11:00:15.078+0000] {processor.py:179} INFO - Processing /home/airflow/.local/lib/python3.7/site-packages/airflow/example_dags/example_branch_operator.py took 0.053 seconds
[2023-08-07T11:00:45.386+0000] {processor.py:157} INFO - Started process (PID=2037) to work on /home/airflow/.local/lib/python3.7/site-packages/airflow/example_dags/example_branch_operator.py
[2023-08-07T11:00:45.387+0000] {processor.py:826} INFO - Processing file /home/airflow/.local/lib/python3.7/site-packages/airflow/example_dags/example_branch_operator.py for tasks to queue
[2023-08-07T11:00:45.388+0000] {logging_mixin.py:150} INFO - [2023-08-07T11:00:45.388+0000] {dagbag.py:541} INFO - Filling up the DagBag from /home/airflow/.local/lib/python3.7/site-packages/airflow/example_dags/example_branch_operator.py
[2023-08-07T11:00:45.394+0000] {processor.py:836} INFO - DAG(s) dict_keys(['example_branch_operator']) retrieved from /home/airflow/.local/lib/python3.7/site-packages/airflow/example_dags/example_branch_operator.py
[2023-08-07T11:00:45.412+0000] {logging_mixin.py:150} INFO - [2023-08-07T11:00:45.412+0000] {dag.py:2742} INFO - Sync 1 DAGs
[2023-08-07T11:00:45.426+0000] {logging_mixin.py:150} INFO - [2023-08-07T11:00:45.426+0000] {dag.py:3508} INFO - Setting next_dagrun for example_branch_operator to 2023-08-06T00:00:00+00:00, run_after=2023-08-07T00:00:00+00:00
[2023-08-07T11:00:45.437+0000] {processor.py:179} INFO - Processing /home/airflow/.local/lib/python3.7/site-packages/airflow/example_dags/example_branch_operator.py took 0.053 seconds
[2023-08-07T11:01:15.778+0000] {processor.py:157} INFO - Started process (PID=2095) to work on /home/airflow/.local/lib/python3.7/site-packages/airflow/example_dags/example_branch_operator.py
[2023-08-07T11:01:15.779+0000] {processor.py:826} INFO - Processing file /home/airflow/.local/lib/python3.7/site-packages/airflow/example_dags/example_branch_operator.py for tasks to queue
[2023-08-07T11:01:15.780+0000] {logging_mixin.py:150} INFO - [2023-08-07T11:01:15.779+0000] {dagbag.py:541} INFO - Filling up the DagBag from /home/airflow/.local/lib/python3.7/site-packages/airflow/example_dags/example_branch_operator.py
[2023-08-07T11:01:15.786+0000] {processor.py:836} INFO - DAG(s) dict_keys(['example_branch_operator']) retrieved from /home/airflow/.local/lib/python3.7/site-packages/airflow/example_dags/example_branch_operator.py
[2023-08-07T11:01:15.804+0000] {logging_mixin.py:150} INFO - [2023-08-07T11:01:15.804+0000] {dag.py:2742} INFO - Sync 1 DAGs
[2023-08-07T11:01:15.818+0000] {logging_mixin.py:150} INFO - [2023-08-07T11:01:15.818+0000] {dag.py:3508} INFO - Setting next_dagrun for example_branch_operator to 2023-08-06T00:00:00+00:00, run_after=2023-08-07T00:00:00+00:00
[2023-08-07T11:01:15.827+0000] {processor.py:179} INFO - Processing /home/airflow/.local/lib/python3.7/site-packages/airflow/example_dags/example_branch_operator.py took 0.051 seconds
[2023-08-07T11:01:46.182+0000] {processor.py:157} INFO - Started process (PID=2153) to work on /home/airflow/.local/lib/python3.7/site-packages/airflow/example_dags/example_branch_operator.py
[2023-08-07T11:01:46.182+0000] {processor.py:826} INFO - Processing file /home/airflow/.local/lib/python3.7/site-packages/airflow/example_dags/example_branch_operator.py for tasks to queue
[2023-08-07T11:01:46.183+0000] {logging_mixin.py:150} INFO - [2023-08-07T11:01:46.183+0000] {dagbag.py:541} INFO - Filling up the DagBag from /home/airflow/.local/lib/python3.7/site-packages/airflow/example_dags/example_branch_operator.py
[2023-08-07T11:01:46.190+0000] {processor.py:836} INFO - DAG(s) dict_keys(['example_branch_operator']) retrieved from /home/airflow/.local/lib/python3.7/site-packages/airflow/example_dags/example_branch_operator.py
[2023-08-07T11:01:46.209+0000] {logging_mixin.py:150} INFO - [2023-08-07T11:01:46.208+0000] {dag.py:2742} INFO - Sync 1 DAGs
[2023-08-07T11:01:46.223+0000] {logging_mixin.py:150} INFO - [2023-08-07T11:01:46.223+0000] {dag.py:3508} INFO - Setting next_dagrun for example_branch_operator to 2023-08-06T00:00:00+00:00, run_after=2023-08-07T00:00:00+00:00
[2023-08-07T11:01:46.233+0000] {processor.py:179} INFO - Processing /home/airflow/.local/lib/python3.7/site-packages/airflow/example_dags/example_branch_operator.py took 0.055 seconds
[2023-08-07T11:02:16.361+0000] {processor.py:157} INFO - Started process (PID=2211) to work on /home/airflow/.local/lib/python3.7/site-packages/airflow/example_dags/example_branch_operator.py
[2023-08-07T11:02:16.362+0000] {processor.py:826} INFO - Processing file /home/airflow/.local/lib/python3.7/site-packages/airflow/example_dags/example_branch_operator.py for tasks to queue
[2023-08-07T11:02:16.363+0000] {logging_mixin.py:150} INFO - [2023-08-07T11:02:16.362+0000] {dagbag.py:541} INFO - Filling up the DagBag from /home/airflow/.local/lib/python3.7/site-packages/airflow/example_dags/example_branch_operator.py
[2023-08-07T11:02:16.368+0000] {processor.py:836} INFO - DAG(s) dict_keys(['example_branch_operator']) retrieved from /home/airflow/.local/lib/python3.7/site-packages/airflow/example_dags/example_branch_operator.py
[2023-08-07T11:02:16.386+0000] {logging_mixin.py:150} INFO - [2023-08-07T11:02:16.386+0000] {dag.py:2742} INFO - Sync 1 DAGs
[2023-08-07T11:02:16.401+0000] {logging_mixin.py:150} INFO - [2023-08-07T11:02:16.401+0000] {dag.py:3508} INFO - Setting next_dagrun for example_branch_operator to 2023-08-06T00:00:00+00:00, run_after=2023-08-07T00:00:00+00:00
[2023-08-07T11:02:16.410+0000] {processor.py:179} INFO - Processing /home/airflow/.local/lib/python3.7/site-packages/airflow/example_dags/example_branch_operator.py took 0.051 seconds
[2023-08-07T11:02:46.658+0000] {processor.py:157} INFO - Started process (PID=2269) to work on /home/airflow/.local/lib/python3.7/site-packages/airflow/example_dags/example_branch_operator.py
[2023-08-07T11:02:46.659+0000] {processor.py:826} INFO - Processing file /home/airflow/.local/lib/python3.7/site-packages/airflow/example_dags/example_branch_operator.py for tasks to queue
[2023-08-07T11:02:46.659+0000] {logging_mixin.py:150} INFO - [2023-08-07T11:02:46.659+0000] {dagbag.py:541} INFO - Filling up the DagBag from /home/airflow/.local/lib/python3.7/site-packages/airflow/example_dags/example_branch_operator.py
[2023-08-07T11:02:46.667+0000] {processor.py:836} INFO - DAG(s) dict_keys(['example_branch_operator']) retrieved from /home/airflow/.local/lib/python3.7/site-packages/airflow/example_dags/example_branch_operator.py
[2023-08-07T11:02:46.685+0000] {logging_mixin.py:150} INFO - [2023-08-07T11:02:46.685+0000] {dag.py:2742} INFO - Sync 1 DAGs
[2023-08-07T11:02:46.699+0000] {logging_mixin.py:150} INFO - [2023-08-07T11:02:46.699+0000] {dag.py:3508} INFO - Setting next_dagrun for example_branch_operator to 2023-08-06T00:00:00+00:00, run_after=2023-08-07T00:00:00+00:00
[2023-08-07T11:02:46.709+0000] {processor.py:179} INFO - Processing /home/airflow/.local/lib/python3.7/site-packages/airflow/example_dags/example_branch_operator.py took 0.054 seconds
[2023-08-07T11:03:16.906+0000] {processor.py:157} INFO - Started process (PID=2328) to work on /home/airflow/.local/lib/python3.7/site-packages/airflow/example_dags/example_branch_operator.py
[2023-08-07T11:03:16.906+0000] {processor.py:826} INFO - Processing file /home/airflow/.local/lib/python3.7/site-packages/airflow/example_dags/example_branch_operator.py for tasks to queue
[2023-08-07T11:03:16.907+0000] {logging_mixin.py:150} INFO - [2023-08-07T11:03:16.907+0000] {dagbag.py:541} INFO - Filling up the DagBag from /home/airflow/.local/lib/python3.7/site-packages/airflow/example_dags/example_branch_operator.py
[2023-08-07T11:03:16.913+0000] {processor.py:836} INFO - DAG(s) dict_keys(['example_branch_operator']) retrieved from /home/airflow/.local/lib/python3.7/site-packages/airflow/example_dags/example_branch_operator.py
[2023-08-07T11:03:16.932+0000] {logging_mixin.py:150} INFO - [2023-08-07T11:03:16.932+0000] {dag.py:2742} INFO - Sync 1 DAGs
[2023-08-07T11:03:16.946+0000] {logging_mixin.py:150} INFO - [2023-08-07T11:03:16.946+0000] {dag.py:3508} INFO - Setting next_dagrun for example_branch_operator to 2023-08-06T00:00:00+00:00, run_after=2023-08-07T00:00:00+00:00
[2023-08-07T11:03:16.956+0000] {processor.py:179} INFO - Processing /home/airflow/.local/lib/python3.7/site-packages/airflow/example_dags/example_branch_operator.py took 0.053 seconds
[2023-08-07T11:03:47.211+0000] {processor.py:157} INFO - Started process (PID=2386) to work on /home/airflow/.local/lib/python3.7/site-packages/airflow/example_dags/example_branch_operator.py
[2023-08-07T11:03:47.212+0000] {processor.py:826} INFO - Processing file /home/airflow/.local/lib/python3.7/site-packages/airflow/example_dags/example_branch_operator.py for tasks to queue
[2023-08-07T11:03:47.212+0000] {logging_mixin.py:150} INFO - [2023-08-07T11:03:47.212+0000] {dagbag.py:541} INFO - Filling up the DagBag from /home/airflow/.local/lib/python3.7/site-packages/airflow/example_dags/example_branch_operator.py
[2023-08-07T11:03:47.218+0000] {processor.py:836} INFO - DAG(s) dict_keys(['example_branch_operator']) retrieved from /home/airflow/.local/lib/python3.7/site-packages/airflow/example_dags/example_branch_operator.py
[2023-08-07T11:03:47.237+0000] {logging_mixin.py:150} INFO - [2023-08-07T11:03:47.237+0000] {dag.py:2742} INFO - Sync 1 DAGs
[2023-08-07T11:03:47.251+0000] {logging_mixin.py:150} INFO - [2023-08-07T11:03:47.251+0000] {dag.py:3508} INFO - Setting next_dagrun for example_branch_operator to 2023-08-06T00:00:00+00:00, run_after=2023-08-07T00:00:00+00:00
[2023-08-07T11:03:47.261+0000] {processor.py:179} INFO - Processing /home/airflow/.local/lib/python3.7/site-packages/airflow/example_dags/example_branch_operator.py took 0.052 seconds
[2023-08-07T11:04:17.617+0000] {processor.py:157} INFO - Started process (PID=2444) to work on /home/airflow/.local/lib/python3.7/site-packages/airflow/example_dags/example_branch_operator.py
[2023-08-07T11:04:17.618+0000] {processor.py:826} INFO - Processing file /home/airflow/.local/lib/python3.7/site-packages/airflow/example_dags/example_branch_operator.py for tasks to queue
[2023-08-07T11:04:17.619+0000] {logging_mixin.py:150} INFO - [2023-08-07T11:04:17.619+0000] {dagbag.py:541} INFO - Filling up the DagBag from /home/airflow/.local/lib/python3.7/site-packages/airflow/example_dags/example_branch_operator.py
[2023-08-07T11:04:17.625+0000] {processor.py:836} INFO - DAG(s) dict_keys(['example_branch_operator']) retrieved from /home/airflow/.local/lib/python3.7/site-packages/airflow/example_dags/example_branch_operator.py
[2023-08-07T11:04:17.644+0000] {logging_mixin.py:150} INFO - [2023-08-07T11:04:17.643+0000] {dag.py:2742} INFO - Sync 1 DAGs
[2023-08-07T11:04:17.658+0000] {logging_mixin.py:150} INFO - [2023-08-07T11:04:17.658+0000] {dag.py:3508} INFO - Setting next_dagrun for example_branch_operator to 2023-08-06T00:00:00+00:00, run_after=2023-08-07T00:00:00+00:00
[2023-08-07T11:04:17.668+0000] {processor.py:179} INFO - Processing /home/airflow/.local/lib/python3.7/site-packages/airflow/example_dags/example_branch_operator.py took 0.053 seconds
[2023-08-07T11:04:48.038+0000] {processor.py:157} INFO - Started process (PID=2502) to work on /home/airflow/.local/lib/python3.7/site-packages/airflow/example_dags/example_branch_operator.py
[2023-08-07T11:04:48.039+0000] {processor.py:826} INFO - Processing file /home/airflow/.local/lib/python3.7/site-packages/airflow/example_dags/example_branch_operator.py for tasks to queue
[2023-08-07T11:04:48.040+0000] {logging_mixin.py:150} INFO - [2023-08-07T11:04:48.040+0000] {dagbag.py:541} INFO - Filling up the DagBag from /home/airflow/.local/lib/python3.7/site-packages/airflow/example_dags/example_branch_operator.py
[2023-08-07T11:04:48.047+0000] {processor.py:836} INFO - DAG(s) dict_keys(['example_branch_operator']) retrieved from /home/airflow/.local/lib/python3.7/site-packages/airflow/example_dags/example_branch_operator.py
[2023-08-07T11:04:48.066+0000] {logging_mixin.py:150} INFO - [2023-08-07T11:04:48.066+0000] {dag.py:2742} INFO - Sync 1 DAGs
[2023-08-07T11:04:48.082+0000] {logging_mixin.py:150} INFO - [2023-08-07T11:04:48.082+0000] {dag.py:3508} INFO - Setting next_dagrun for example_branch_operator to 2023-08-06T00:00:00+00:00, run_after=2023-08-07T00:00:00+00:00
[2023-08-07T11:04:48.092+0000] {processor.py:179} INFO - Processing /home/airflow/.local/lib/python3.7/site-packages/airflow/example_dags/example_branch_operator.py took 0.057 seconds
[2023-08-07T11:05:18.371+0000] {processor.py:157} INFO - Started process (PID=2560) to work on /home/airflow/.local/lib/python3.7/site-packages/airflow/example_dags/example_branch_operator.py
[2023-08-07T11:05:18.372+0000] {processor.py:826} INFO - Processing file /home/airflow/.local/lib/python3.7/site-packages/airflow/example_dags/example_branch_operator.py for tasks to queue
[2023-08-07T11:05:18.373+0000] {logging_mixin.py:150} INFO - [2023-08-07T11:05:18.373+0000] {dagbag.py:541} INFO - Filling up the DagBag from /home/airflow/.local/lib/python3.7/site-packages/airflow/example_dags/example_branch_operator.py
[2023-08-07T11:05:18.379+0000] {processor.py:836} INFO - DAG(s) dict_keys(['example_branch_operator']) retrieved from /home/airflow/.local/lib/python3.7/site-packages/airflow/example_dags/example_branch_operator.py
[2023-08-07T11:05:18.397+0000] {logging_mixin.py:150} INFO - [2023-08-07T11:05:18.397+0000] {dag.py:2742} INFO - Sync 1 DAGs
[2023-08-07T11:05:18.412+0000] {logging_mixin.py:150} INFO - [2023-08-07T11:05:18.412+0000] {dag.py:3508} INFO - Setting next_dagrun for example_branch_operator to 2023-08-06T00:00:00+00:00, run_after=2023-08-07T00:00:00+00:00
[2023-08-07T11:05:18.421+0000] {processor.py:179} INFO - Processing /home/airflow/.local/lib/python3.7/site-packages/airflow/example_dags/example_branch_operator.py took 0.052 seconds
[2023-08-07T11:05:48.786+0000] {processor.py:157} INFO - Started process (PID=2618) to work on /home/airflow/.local/lib/python3.7/site-packages/airflow/example_dags/example_branch_operator.py
[2023-08-07T11:05:48.787+0000] {processor.py:826} INFO - Processing file /home/airflow/.local/lib/python3.7/site-packages/airflow/example_dags/example_branch_operator.py for tasks to queue
[2023-08-07T11:05:48.787+0000] {logging_mixin.py:150} INFO - [2023-08-07T11:05:48.787+0000] {dagbag.py:541} INFO - Filling up the DagBag from /home/airflow/.local/lib/python3.7/site-packages/airflow/example_dags/example_branch_operator.py
[2023-08-07T11:05:48.794+0000] {processor.py:836} INFO - DAG(s) dict_keys(['example_branch_operator']) retrieved from /home/airflow/.local/lib/python3.7/site-packages/airflow/example_dags/example_branch_operator.py
[2023-08-07T11:05:48.814+0000] {logging_mixin.py:150} INFO - [2023-08-07T11:05:48.814+0000] {dag.py:2742} INFO - Sync 1 DAGs
[2023-08-07T11:05:48.828+0000] {logging_mixin.py:150} INFO - [2023-08-07T11:05:48.828+0000] {dag.py:3508} INFO - Setting next_dagrun for example_branch_operator to 2023-08-06T00:00:00+00:00, run_after=2023-08-07T00:00:00+00:00
[2023-08-07T11:05:48.838+0000] {processor.py:179} INFO - Processing /home/airflow/.local/lib/python3.7/site-packages/airflow/example_dags/example_branch_operator.py took 0.055 seconds
[2023-08-07T11:06:19.068+0000] {processor.py:157} INFO - Started process (PID=2677) to work on /home/airflow/.local/lib/python3.7/site-packages/airflow/example_dags/example_branch_operator.py
[2023-08-07T11:06:19.069+0000] {processor.py:826} INFO - Processing file /home/airflow/.local/lib/python3.7/site-packages/airflow/example_dags/example_branch_operator.py for tasks to queue
[2023-08-07T11:06:19.069+0000] {logging_mixin.py:150} INFO - [2023-08-07T11:06:19.069+0000] {dagbag.py:541} INFO - Filling up the DagBag from /home/airflow/.local/lib/python3.7/site-packages/airflow/example_dags/example_branch_operator.py
[2023-08-07T11:06:19.076+0000] {processor.py:836} INFO - DAG(s) dict_keys(['example_branch_operator']) retrieved from /home/airflow/.local/lib/python3.7/site-packages/airflow/example_dags/example_branch_operator.py
[2023-08-07T11:06:19.094+0000] {logging_mixin.py:150} INFO - [2023-08-07T11:06:19.094+0000] {dag.py:2742} INFO - Sync 1 DAGs
[2023-08-07T11:06:19.109+0000] {logging_mixin.py:150} INFO - [2023-08-07T11:06:19.109+0000] {dag.py:3508} INFO - Setting next_dagrun for example_branch_operator to 2023-08-06T00:00:00+00:00, run_after=2023-08-07T00:00:00+00:00
[2023-08-07T11:06:19.119+0000] {processor.py:179} INFO - Processing /home/airflow/.local/lib/python3.7/site-packages/airflow/example_dags/example_branch_operator.py took 0.054 seconds
[2023-08-07T11:06:49.397+0000] {processor.py:157} INFO - Started process (PID=2735) to work on /home/airflow/.local/lib/python3.7/site-packages/airflow/example_dags/example_branch_operator.py
[2023-08-07T11:06:49.398+0000] {processor.py:826} INFO - Processing file /home/airflow/.local/lib/python3.7/site-packages/airflow/example_dags/example_branch_operator.py for tasks to queue
[2023-08-07T11:06:49.399+0000] {logging_mixin.py:150} INFO - [2023-08-07T11:06:49.399+0000] {dagbag.py:541} INFO - Filling up the DagBag from /home/airflow/.local/lib/python3.7/site-packages/airflow/example_dags/example_branch_operator.py
[2023-08-07T11:06:49.405+0000] {processor.py:836} INFO - DAG(s) dict_keys(['example_branch_operator']) retrieved from /home/airflow/.local/lib/python3.7/site-packages/airflow/example_dags/example_branch_operator.py
[2023-08-07T11:06:49.423+0000] {logging_mixin.py:150} INFO - [2023-08-07T11:06:49.423+0000] {dag.py:2742} INFO - Sync 1 DAGs
[2023-08-07T11:06:49.438+0000] {logging_mixin.py:150} INFO - [2023-08-07T11:06:49.438+0000] {dag.py:3508} INFO - Setting next_dagrun for example_branch_operator to 2023-08-06T00:00:00+00:00, run_after=2023-08-07T00:00:00+00:00
[2023-08-07T11:06:49.447+0000] {processor.py:179} INFO - Processing /home/airflow/.local/lib/python3.7/site-packages/airflow/example_dags/example_branch_operator.py took 0.053 seconds
[2023-08-07T11:07:19.575+0000] {processor.py:157} INFO - Started process (PID=2793) to work on /home/airflow/.local/lib/python3.7/site-packages/airflow/example_dags/example_branch_operator.py
[2023-08-07T11:07:19.576+0000] {processor.py:826} INFO - Processing file /home/airflow/.local/lib/python3.7/site-packages/airflow/example_dags/example_branch_operator.py for tasks to queue
[2023-08-07T11:07:19.577+0000] {logging_mixin.py:150} INFO - [2023-08-07T11:07:19.576+0000] {dagbag.py:541} INFO - Filling up the DagBag from /home/airflow/.local/lib/python3.7/site-packages/airflow/example_dags/example_branch_operator.py
[2023-08-07T11:07:19.583+0000] {processor.py:836} INFO - DAG(s) dict_keys(['example_branch_operator']) retrieved from /home/airflow/.local/lib/python3.7/site-packages/airflow/example_dags/example_branch_operator.py
[2023-08-07T11:07:19.602+0000] {logging_mixin.py:150} INFO - [2023-08-07T11:07:19.602+0000] {dag.py:2742} INFO - Sync 1 DAGs
[2023-08-07T11:07:19.617+0000] {logging_mixin.py:150} INFO - [2023-08-07T11:07:19.617+0000] {dag.py:3508} INFO - Setting next_dagrun for example_branch_operator to 2023-08-06T00:00:00+00:00, run_after=2023-08-07T00:00:00+00:00
[2023-08-07T11:07:19.627+0000] {processor.py:179} INFO - Processing /home/airflow/.local/lib/python3.7/site-packages/airflow/example_dags/example_branch_operator.py took 0.055 seconds
[2023-08-07T11:07:49.870+0000] {processor.py:157} INFO - Started process (PID=2851) to work on /home/airflow/.local/lib/python3.7/site-packages/airflow/example_dags/example_branch_operator.py
[2023-08-07T11:07:49.871+0000] {processor.py:826} INFO - Processing file /home/airflow/.local/lib/python3.7/site-packages/airflow/example_dags/example_branch_operator.py for tasks to queue
[2023-08-07T11:07:49.872+0000] {logging_mixin.py:150} INFO - [2023-08-07T11:07:49.872+0000] {dagbag.py:541} INFO - Filling up the DagBag from /home/airflow/.local/lib/python3.7/site-packages/airflow/example_dags/example_branch_operator.py
[2023-08-07T11:07:49.878+0000] {processor.py:836} INFO - DAG(s) dict_keys(['example_branch_operator']) retrieved from /home/airflow/.local/lib/python3.7/site-packages/airflow/example_dags/example_branch_operator.py
[2023-08-07T11:07:49.897+0000] {logging_mixin.py:150} INFO - [2023-08-07T11:07:49.897+0000] {dag.py:2742} INFO - Sync 1 DAGs
[2023-08-07T11:07:49.912+0000] {logging_mixin.py:150} INFO - [2023-08-07T11:07:49.912+0000] {dag.py:3508} INFO - Setting next_dagrun for example_branch_operator to 2023-08-06T00:00:00+00:00, run_after=2023-08-07T00:00:00+00:00
[2023-08-07T11:07:49.921+0000] {processor.py:179} INFO - Processing /home/airflow/.local/lib/python3.7/site-packages/airflow/example_dags/example_branch_operator.py took 0.053 seconds
[2023-08-07T11:08:20.291+0000] {processor.py:157} INFO - Started process (PID=2909) to work on /home/airflow/.local/lib/python3.7/site-packages/airflow/example_dags/example_branch_operator.py
[2023-08-07T11:08:20.292+0000] {processor.py:826} INFO - Processing file /home/airflow/.local/lib/python3.7/site-packages/airflow/example_dags/example_branch_operator.py for tasks to queue
[2023-08-07T11:08:20.293+0000] {logging_mixin.py:150} INFO - [2023-08-07T11:08:20.293+0000] {dagbag.py:541} INFO - Filling up the DagBag from /home/airflow/.local/lib/python3.7/site-packages/airflow/example_dags/example_branch_operator.py
[2023-08-07T11:08:20.300+0000] {processor.py:836} INFO - DAG(s) dict_keys(['example_branch_operator']) retrieved from /home/airflow/.local/lib/python3.7/site-packages/airflow/example_dags/example_branch_operator.py
[2023-08-07T11:08:20.318+0000] {logging_mixin.py:150} INFO - [2023-08-07T11:08:20.318+0000] {dag.py:2742} INFO - Sync 1 DAGs
[2023-08-07T11:08:20.333+0000] {logging_mixin.py:150} INFO - [2023-08-07T11:08:20.333+0000] {dag.py:3508} INFO - Setting next_dagrun for example_branch_operator to 2023-08-06T00:00:00+00:00, run_after=2023-08-07T00:00:00+00:00
[2023-08-07T11:08:20.343+0000] {processor.py:179} INFO - Processing /home/airflow/.local/lib/python3.7/site-packages/airflow/example_dags/example_branch_operator.py took 0.054 seconds
[2023-08-07T11:10:08.205+0000] {processor.py:157} INFO - Started process (PID=2961) to work on /home/airflow/.local/lib/python3.7/site-packages/airflow/example_dags/example_branch_operator.py
[2023-08-07T11:10:08.206+0000] {processor.py:826} INFO - Processing file /home/airflow/.local/lib/python3.7/site-packages/airflow/example_dags/example_branch_operator.py for tasks to queue
[2023-08-07T11:10:08.207+0000] {logging_mixin.py:150} INFO - [2023-08-07T11:10:08.207+0000] {dagbag.py:541} INFO - Filling up the DagBag from /home/airflow/.local/lib/python3.7/site-packages/airflow/example_dags/example_branch_operator.py
[2023-08-07T11:10:08.214+0000] {processor.py:836} INFO - DAG(s) dict_keys(['example_branch_operator']) retrieved from /home/airflow/.local/lib/python3.7/site-packages/airflow/example_dags/example_branch_operator.py
[2023-08-07T11:10:08.232+0000] {logging_mixin.py:150} INFO - [2023-08-07T11:10:08.232+0000] {dag.py:2742} INFO - Sync 1 DAGs
[2023-08-07T11:10:08.248+0000] {logging_mixin.py:150} INFO - [2023-08-07T11:10:08.248+0000] {dag.py:3508} INFO - Setting next_dagrun for example_branch_operator to 2023-08-06T00:00:00+00:00, run_after=2023-08-07T00:00:00+00:00
[2023-08-07T11:10:08.258+0000] {processor.py:179} INFO - Processing /home/airflow/.local/lib/python3.7/site-packages/airflow/example_dags/example_branch_operator.py took 0.055 seconds
[2023-08-07T11:10:38.370+0000] {processor.py:157} INFO - Started process (PID=3019) to work on /home/airflow/.local/lib/python3.7/site-packages/airflow/example_dags/example_branch_operator.py
[2023-08-07T11:10:38.371+0000] {processor.py:826} INFO - Processing file /home/airflow/.local/lib/python3.7/site-packages/airflow/example_dags/example_branch_operator.py for tasks to queue
[2023-08-07T11:10:38.372+0000] {logging_mixin.py:150} INFO - [2023-08-07T11:10:38.372+0000] {dagbag.py:541} INFO - Filling up the DagBag from /home/airflow/.local/lib/python3.7/site-packages/airflow/example_dags/example_branch_operator.py
[2023-08-07T11:10:38.378+0000] {processor.py:836} INFO - DAG(s) dict_keys(['example_branch_operator']) retrieved from /home/airflow/.local/lib/python3.7/site-packages/airflow/example_dags/example_branch_operator.py
[2023-08-07T11:10:38.395+0000] {logging_mixin.py:150} INFO - [2023-08-07T11:10:38.395+0000] {dag.py:2742} INFO - Sync 1 DAGs
[2023-08-07T11:10:38.409+0000] {logging_mixin.py:150} INFO - [2023-08-07T11:10:38.409+0000] {dag.py:3508} INFO - Setting next_dagrun for example_branch_operator to 2023-08-06T00:00:00+00:00, run_after=2023-08-07T00:00:00+00:00
[2023-08-07T11:10:38.419+0000] {processor.py:179} INFO - Processing /home/airflow/.local/lib/python3.7/site-packages/airflow/example_dags/example_branch_operator.py took 0.051 seconds
[2023-08-07T11:26:04.693+0000] {processor.py:157} INFO - Started process (PID=3077) to work on /home/airflow/.local/lib/python3.7/site-packages/airflow/example_dags/example_branch_operator.py
[2023-08-07T11:26:04.694+0000] {processor.py:826} INFO - Processing file /home/airflow/.local/lib/python3.7/site-packages/airflow/example_dags/example_branch_operator.py for tasks to queue
[2023-08-07T11:26:04.694+0000] {logging_mixin.py:150} INFO - [2023-08-07T11:26:04.694+0000] {dagbag.py:541} INFO - Filling up the DagBag from /home/airflow/.local/lib/python3.7/site-packages/airflow/example_dags/example_branch_operator.py
[2023-08-07T11:26:04.701+0000] {processor.py:836} INFO - DAG(s) dict_keys(['example_branch_operator']) retrieved from /home/airflow/.local/lib/python3.7/site-packages/airflow/example_dags/example_branch_operator.py
[2023-08-07T11:26:04.719+0000] {logging_mixin.py:150} INFO - [2023-08-07T11:26:04.719+0000] {dag.py:2742} INFO - Sync 1 DAGs
[2023-08-07T11:26:04.733+0000] {logging_mixin.py:150} INFO - [2023-08-07T11:26:04.733+0000] {dag.py:3508} INFO - Setting next_dagrun for example_branch_operator to 2023-08-06T00:00:00+00:00, run_after=2023-08-07T00:00:00+00:00
[2023-08-07T11:26:04.743+0000] {processor.py:179} INFO - Processing /home/airflow/.local/lib/python3.7/site-packages/airflow/example_dags/example_branch_operator.py took 0.053 seconds
[2023-08-07T12:49:02.786+0000] {processor.py:157} INFO - Started process (PID=3135) to work on /home/airflow/.local/lib/python3.7/site-packages/airflow/example_dags/example_branch_operator.py
[2023-08-07T12:49:02.787+0000] {processor.py:826} INFO - Processing file /home/airflow/.local/lib/python3.7/site-packages/airflow/example_dags/example_branch_operator.py for tasks to queue
[2023-08-07T12:49:02.788+0000] {logging_mixin.py:150} INFO - [2023-08-07T12:49:02.788+0000] {dagbag.py:541} INFO - Filling up the DagBag from /home/airflow/.local/lib/python3.7/site-packages/airflow/example_dags/example_branch_operator.py
[2023-08-07T12:49:02.795+0000] {processor.py:836} INFO - DAG(s) dict_keys(['example_branch_operator']) retrieved from /home/airflow/.local/lib/python3.7/site-packages/airflow/example_dags/example_branch_operator.py
[2023-08-07T12:49:02.812+0000] {logging_mixin.py:150} INFO - [2023-08-07T12:49:02.812+0000] {dag.py:2742} INFO - Sync 1 DAGs
[2023-08-07T12:49:02.826+0000] {logging_mixin.py:150} INFO - [2023-08-07T12:49:02.826+0000] {dag.py:3508} INFO - Setting next_dagrun for example_branch_operator to 2023-08-06T00:00:00+00:00, run_after=2023-08-07T00:00:00+00:00
[2023-08-07T12:49:02.835+0000] {processor.py:179} INFO - Processing /home/airflow/.local/lib/python3.7/site-packages/airflow/example_dags/example_branch_operator.py took 0.052 seconds
[2023-08-07T13:44:04.433+0000] {processor.py:157} INFO - Started process (PID=3193) to work on /home/airflow/.local/lib/python3.7/site-packages/airflow/example_dags/example_branch_operator.py
[2023-08-07T13:44:04.434+0000] {processor.py:826} INFO - Processing file /home/airflow/.local/lib/python3.7/site-packages/airflow/example_dags/example_branch_operator.py for tasks to queue
[2023-08-07T13:44:04.435+0000] {logging_mixin.py:150} INFO - [2023-08-07T13:44:04.435+0000] {dagbag.py:541} INFO - Filling up the DagBag from /home/airflow/.local/lib/python3.7/site-packages/airflow/example_dags/example_branch_operator.py
[2023-08-07T13:44:04.442+0000] {processor.py:836} INFO - DAG(s) dict_keys(['example_branch_operator']) retrieved from /home/airflow/.local/lib/python3.7/site-packages/airflow/example_dags/example_branch_operator.py
[2023-08-07T13:44:04.460+0000] {logging_mixin.py:150} INFO - [2023-08-07T13:44:04.460+0000] {dag.py:2742} INFO - Sync 1 DAGs
[2023-08-07T13:44:04.474+0000] {logging_mixin.py:150} INFO - [2023-08-07T13:44:04.474+0000] {dag.py:3508} INFO - Setting next_dagrun for example_branch_operator to 2023-08-06T00:00:00+00:00, run_after=2023-08-07T00:00:00+00:00
[2023-08-07T13:44:04.485+0000] {processor.py:179} INFO - Processing /home/airflow/.local/lib/python3.7/site-packages/airflow/example_dags/example_branch_operator.py took 0.054 seconds
[2023-08-07T14:43:30.201+0000] {processor.py:157} INFO - Started process (PID=3251) to work on /home/airflow/.local/lib/python3.7/site-packages/airflow/example_dags/example_branch_operator.py
[2023-08-07T14:43:30.202+0000] {processor.py:826} INFO - Processing file /home/airflow/.local/lib/python3.7/site-packages/airflow/example_dags/example_branch_operator.py for tasks to queue
[2023-08-07T14:43:30.203+0000] {logging_mixin.py:150} INFO - [2023-08-07T14:43:30.203+0000] {dagbag.py:541} INFO - Filling up the DagBag from /home/airflow/.local/lib/python3.7/site-packages/airflow/example_dags/example_branch_operator.py
[2023-08-07T14:43:30.210+0000] {processor.py:836} INFO - DAG(s) dict_keys(['example_branch_operator']) retrieved from /home/airflow/.local/lib/python3.7/site-packages/airflow/example_dags/example_branch_operator.py
[2023-08-07T14:43:30.227+0000] {logging_mixin.py:150} INFO - [2023-08-07T14:43:30.227+0000] {dag.py:2742} INFO - Sync 1 DAGs
[2023-08-07T14:43:30.241+0000] {logging_mixin.py:150} INFO - [2023-08-07T14:43:30.241+0000] {dag.py:3508} INFO - Setting next_dagrun for example_branch_operator to 2023-08-06T00:00:00+00:00, run_after=2023-08-07T00:00:00+00:00
[2023-08-07T14:43:30.251+0000] {processor.py:179} INFO - Processing /home/airflow/.local/lib/python3.7/site-packages/airflow/example_dags/example_branch_operator.py took 0.052 seconds
[2023-08-07T15:52:32.907+0000] {processor.py:157} INFO - Started process (PID=3309) to work on /home/airflow/.local/lib/python3.7/site-packages/airflow/example_dags/example_branch_operator.py
[2023-08-07T15:52:32.908+0000] {processor.py:826} INFO - Processing file /home/airflow/.local/lib/python3.7/site-packages/airflow/example_dags/example_branch_operator.py for tasks to queue
[2023-08-07T15:52:32.909+0000] {logging_mixin.py:150} INFO - [2023-08-07T15:52:32.909+0000] {dagbag.py:541} INFO - Filling up the DagBag from /home/airflow/.local/lib/python3.7/site-packages/airflow/example_dags/example_branch_operator.py
[2023-08-07T15:52:32.916+0000] {processor.py:836} INFO - DAG(s) dict_keys(['example_branch_operator']) retrieved from /home/airflow/.local/lib/python3.7/site-packages/airflow/example_dags/example_branch_operator.py
[2023-08-07T15:52:32.935+0000] {logging_mixin.py:150} INFO - [2023-08-07T15:52:32.935+0000] {dag.py:2742} INFO - Sync 1 DAGs
[2023-08-07T15:52:32.950+0000] {logging_mixin.py:150} INFO - [2023-08-07T15:52:32.950+0000] {dag.py:3508} INFO - Setting next_dagrun for example_branch_operator to 2023-08-06T00:00:00+00:00, run_after=2023-08-07T00:00:00+00:00
[2023-08-07T15:52:32.960+0000] {processor.py:179} INFO - Processing /home/airflow/.local/lib/python3.7/site-packages/airflow/example_dags/example_branch_operator.py took 0.056 seconds
[2023-08-07T17:14:44.473+0000] {processor.py:157} INFO - Started process (PID=3367) to work on /home/airflow/.local/lib/python3.7/site-packages/airflow/example_dags/example_branch_operator.py
[2023-08-07T17:14:44.474+0000] {processor.py:826} INFO - Processing file /home/airflow/.local/lib/python3.7/site-packages/airflow/example_dags/example_branch_operator.py for tasks to queue
[2023-08-07T17:14:44.475+0000] {logging_mixin.py:150} INFO - [2023-08-07T17:14:44.474+0000] {dagbag.py:541} INFO - Filling up the DagBag from /home/airflow/.local/lib/python3.7/site-packages/airflow/example_dags/example_branch_operator.py
[2023-08-07T17:14:44.481+0000] {processor.py:836} INFO - DAG(s) dict_keys(['example_branch_operator']) retrieved from /home/airflow/.local/lib/python3.7/site-packages/airflow/example_dags/example_branch_operator.py
[2023-08-07T17:14:44.500+0000] {logging_mixin.py:150} INFO - [2023-08-07T17:14:44.500+0000] {dag.py:2742} INFO - Sync 1 DAGs
[2023-08-07T17:14:44.514+0000] {logging_mixin.py:150} INFO - [2023-08-07T17:14:44.514+0000] {dag.py:3508} INFO - Setting next_dagrun for example_branch_operator to 2023-08-06T00:00:00+00:00, run_after=2023-08-07T00:00:00+00:00
[2023-08-07T17:14:44.523+0000] {processor.py:179} INFO - Processing /home/airflow/.local/lib/python3.7/site-packages/airflow/example_dags/example_branch_operator.py took 0.053 seconds
[2023-08-07T18:12:51.833+0000] {processor.py:157} INFO - Started process (PID=3425) to work on /home/airflow/.local/lib/python3.7/site-packages/airflow/example_dags/example_branch_operator.py
[2023-08-07T18:12:51.834+0000] {processor.py:826} INFO - Processing file /home/airflow/.local/lib/python3.7/site-packages/airflow/example_dags/example_branch_operator.py for tasks to queue
[2023-08-07T18:12:51.835+0000] {logging_mixin.py:150} INFO - [2023-08-07T18:12:51.835+0000] {dagbag.py:541} INFO - Filling up the DagBag from /home/airflow/.local/lib/python3.7/site-packages/airflow/example_dags/example_branch_operator.py
[2023-08-07T18:12:51.841+0000] {processor.py:836} INFO - DAG(s) dict_keys(['example_branch_operator']) retrieved from /home/airflow/.local/lib/python3.7/site-packages/airflow/example_dags/example_branch_operator.py
[2023-08-07T18:12:51.859+0000] {logging_mixin.py:150} INFO - [2023-08-07T18:12:51.859+0000] {dag.py:2742} INFO - Sync 1 DAGs
[2023-08-07T18:12:51.874+0000] {logging_mixin.py:150} INFO - [2023-08-07T18:12:51.873+0000] {dag.py:3508} INFO - Setting next_dagrun for example_branch_operator to 2023-08-06T00:00:00+00:00, run_after=2023-08-07T00:00:00+00:00
[2023-08-07T18:12:51.883+0000] {processor.py:179} INFO - Processing /home/airflow/.local/lib/python3.7/site-packages/airflow/example_dags/example_branch_operator.py took 0.053 seconds
[2023-08-07T19:18:07.677+0000] {processor.py:157} INFO - Started process (PID=3483) to work on /home/airflow/.local/lib/python3.7/site-packages/airflow/example_dags/example_branch_operator.py
[2023-08-07T19:18:07.678+0000] {processor.py:826} INFO - Processing file /home/airflow/.local/lib/python3.7/site-packages/airflow/example_dags/example_branch_operator.py for tasks to queue
[2023-08-07T19:18:07.680+0000] {logging_mixin.py:150} INFO - [2023-08-07T19:18:07.679+0000] {dagbag.py:541} INFO - Filling up the DagBag from /home/airflow/.local/lib/python3.7/site-packages/airflow/example_dags/example_branch_operator.py
[2023-08-07T19:18:07.686+0000] {processor.py:836} INFO - DAG(s) dict_keys(['example_branch_operator']) retrieved from /home/airflow/.local/lib/python3.7/site-packages/airflow/example_dags/example_branch_operator.py
[2023-08-07T19:18:07.705+0000] {logging_mixin.py:150} INFO - [2023-08-07T19:18:07.705+0000] {dag.py:2742} INFO - Sync 1 DAGs
[2023-08-07T19:18:07.720+0000] {logging_mixin.py:150} INFO - [2023-08-07T19:18:07.720+0000] {dag.py:3508} INFO - Setting next_dagrun for example_branch_operator to 2023-08-06T00:00:00+00:00, run_after=2023-08-07T00:00:00+00:00
[2023-08-07T19:18:07.730+0000] {processor.py:179} INFO - Processing /home/airflow/.local/lib/python3.7/site-packages/airflow/example_dags/example_branch_operator.py took 0.056 seconds
[2023-08-07T20:39:17.212+0000] {processor.py:157} INFO - Started process (PID=3541) to work on /home/airflow/.local/lib/python3.7/site-packages/airflow/example_dags/example_branch_operator.py
[2023-08-07T20:39:17.213+0000] {processor.py:826} INFO - Processing file /home/airflow/.local/lib/python3.7/site-packages/airflow/example_dags/example_branch_operator.py for tasks to queue
[2023-08-07T20:39:17.214+0000] {logging_mixin.py:150} INFO - [2023-08-07T20:39:17.214+0000] {dagbag.py:541} INFO - Filling up the DagBag from /home/airflow/.local/lib/python3.7/site-packages/airflow/example_dags/example_branch_operator.py
[2023-08-07T20:39:17.221+0000] {processor.py:836} INFO - DAG(s) dict_keys(['example_branch_operator']) retrieved from /home/airflow/.local/lib/python3.7/site-packages/airflow/example_dags/example_branch_operator.py
[2023-08-07T20:39:17.239+0000] {logging_mixin.py:150} INFO - [2023-08-07T20:39:17.239+0000] {dag.py:2742} INFO - Sync 1 DAGs
[2023-08-07T20:39:17.254+0000] {logging_mixin.py:150} INFO - [2023-08-07T20:39:17.254+0000] {dag.py:3508} INFO - Setting next_dagrun for example_branch_operator to 2023-08-06T00:00:00+00:00, run_after=2023-08-07T00:00:00+00:00
[2023-08-07T20:39:17.264+0000] {processor.py:179} INFO - Processing /home/airflow/.local/lib/python3.7/site-packages/airflow/example_dags/example_branch_operator.py took 0.055 seconds
[2023-08-07T21:49:03.434+0000] {processor.py:157} INFO - Started process (PID=3599) to work on /home/airflow/.local/lib/python3.7/site-packages/airflow/example_dags/example_branch_operator.py
[2023-08-07T21:49:03.435+0000] {processor.py:826} INFO - Processing file /home/airflow/.local/lib/python3.7/site-packages/airflow/example_dags/example_branch_operator.py for tasks to queue
[2023-08-07T21:49:03.436+0000] {logging_mixin.py:150} INFO - [2023-08-07T21:49:03.436+0000] {dagbag.py:541} INFO - Filling up the DagBag from /home/airflow/.local/lib/python3.7/site-packages/airflow/example_dags/example_branch_operator.py
[2023-08-07T21:49:03.443+0000] {processor.py:836} INFO - DAG(s) dict_keys(['example_branch_operator']) retrieved from /home/airflow/.local/lib/python3.7/site-packages/airflow/example_dags/example_branch_operator.py
[2023-08-07T21:49:03.462+0000] {logging_mixin.py:150} INFO - [2023-08-07T21:49:03.462+0000] {dag.py:2742} INFO - Sync 1 DAGs
[2023-08-07T21:49:03.477+0000] {logging_mixin.py:150} INFO - [2023-08-07T21:49:03.477+0000] {dag.py:3508} INFO - Setting next_dagrun for example_branch_operator to 2023-08-06T00:00:00+00:00, run_after=2023-08-07T00:00:00+00:00
[2023-08-07T21:49:03.487+0000] {processor.py:179} INFO - Processing /home/airflow/.local/lib/python3.7/site-packages/airflow/example_dags/example_branch_operator.py took 0.056 seconds
[2023-08-07T22:56:33.015+0000] {processor.py:157} INFO - Started process (PID=3657) to work on /home/airflow/.local/lib/python3.7/site-packages/airflow/example_dags/example_branch_operator.py
[2023-08-07T22:56:33.016+0000] {processor.py:826} INFO - Processing file /home/airflow/.local/lib/python3.7/site-packages/airflow/example_dags/example_branch_operator.py for tasks to queue
[2023-08-07T22:56:33.017+0000] {logging_mixin.py:150} INFO - [2023-08-07T22:56:33.017+0000] {dagbag.py:541} INFO - Filling up the DagBag from /home/airflow/.local/lib/python3.7/site-packages/airflow/example_dags/example_branch_operator.py
[2023-08-07T22:56:33.024+0000] {processor.py:836} INFO - DAG(s) dict_keys(['example_branch_operator']) retrieved from /home/airflow/.local/lib/python3.7/site-packages/airflow/example_dags/example_branch_operator.py
[2023-08-07T22:56:33.044+0000] {logging_mixin.py:150} INFO - [2023-08-07T22:56:33.044+0000] {dag.py:2742} INFO - Sync 1 DAGs
[2023-08-07T22:56:33.060+0000] {logging_mixin.py:150} INFO - [2023-08-07T22:56:33.060+0000] {dag.py:3508} INFO - Setting next_dagrun for example_branch_operator to 2023-08-06T00:00:00+00:00, run_after=2023-08-07T00:00:00+00:00
[2023-08-07T22:56:33.069+0000] {processor.py:179} INFO - Processing /home/airflow/.local/lib/python3.7/site-packages/airflow/example_dags/example_branch_operator.py took 0.057 seconds
[2023-08-07T23:21:11.176+0000] {processor.py:157} INFO - Started process (PID=3715) to work on /home/airflow/.local/lib/python3.7/site-packages/airflow/example_dags/example_branch_operator.py
[2023-08-07T23:21:11.177+0000] {processor.py:826} INFO - Processing file /home/airflow/.local/lib/python3.7/site-packages/airflow/example_dags/example_branch_operator.py for tasks to queue
[2023-08-07T23:21:11.178+0000] {logging_mixin.py:150} INFO - [2023-08-07T23:21:11.178+0000] {dagbag.py:541} INFO - Filling up the DagBag from /home/airflow/.local/lib/python3.7/site-packages/airflow/example_dags/example_branch_operator.py
[2023-08-07T23:21:11.185+0000] {processor.py:836} INFO - DAG(s) dict_keys(['example_branch_operator']) retrieved from /home/airflow/.local/lib/python3.7/site-packages/airflow/example_dags/example_branch_operator.py
[2023-08-07T23:21:11.208+0000] {logging_mixin.py:150} INFO - [2023-08-07T23:21:11.208+0000] {dag.py:2742} INFO - Sync 1 DAGs
[2023-08-07T23:21:11.226+0000] {logging_mixin.py:150} INFO - [2023-08-07T23:21:11.226+0000] {dag.py:3508} INFO - Setting next_dagrun for example_branch_operator to 2023-08-06T00:00:00+00:00, run_after=2023-08-07T00:00:00+00:00
[2023-08-07T23:21:11.235+0000] {processor.py:179} INFO - Processing /home/airflow/.local/lib/python3.7/site-packages/airflow/example_dags/example_branch_operator.py took 0.062 seconds
[2023-08-07T23:37:00.303+0000] {processor.py:157} INFO - Started process (PID=3773) to work on /home/airflow/.local/lib/python3.7/site-packages/airflow/example_dags/example_branch_operator.py
[2023-08-07T23:37:00.304+0000] {processor.py:826} INFO - Processing file /home/airflow/.local/lib/python3.7/site-packages/airflow/example_dags/example_branch_operator.py for tasks to queue
[2023-08-07T23:37:00.304+0000] {logging_mixin.py:150} INFO - [2023-08-07T23:37:00.304+0000] {dagbag.py:541} INFO - Filling up the DagBag from /home/airflow/.local/lib/python3.7/site-packages/airflow/example_dags/example_branch_operator.py
[2023-08-07T23:37:00.311+0000] {processor.py:836} INFO - DAG(s) dict_keys(['example_branch_operator']) retrieved from /home/airflow/.local/lib/python3.7/site-packages/airflow/example_dags/example_branch_operator.py
[2023-08-07T23:37:00.328+0000] {logging_mixin.py:150} INFO - [2023-08-07T23:37:00.328+0000] {dag.py:2742} INFO - Sync 1 DAGs
[2023-08-07T23:37:00.343+0000] {logging_mixin.py:150} INFO - [2023-08-07T23:37:00.343+0000] {dag.py:3508} INFO - Setting next_dagrun for example_branch_operator to 2023-08-06T00:00:00+00:00, run_after=2023-08-07T00:00:00+00:00
[2023-08-07T23:37:00.353+0000] {processor.py:179} INFO - Processing /home/airflow/.local/lib/python3.7/site-packages/airflow/example_dags/example_branch_operator.py took 0.052 seconds
