[2023-08-07T10:43:27.653+0000] {processor.py:157} INFO - Started process (PID=46) to work on /home/airflow/.local/lib/python3.7/site-packages/airflow/example_dags/example_kubernetes_executor.py
[2023-08-07T10:43:27.655+0000] {processor.py:826} INFO - Processing file /home/airflow/.local/lib/python3.7/site-packages/airflow/example_dags/example_kubernetes_executor.py for tasks to queue
[2023-08-07T10:43:27.656+0000] {logging_mixin.py:150} INFO - [2023-08-07T10:43:27.656+0000] {dagbag.py:541} INFO - Filling up the DagBag from /home/airflow/.local/lib/python3.7/site-packages/airflow/example_dags/example_kubernetes_executor.py
[2023-08-07T10:43:28.465+0000] {processor.py:836} INFO - DAG(s) dict_keys(['example_kubernetes_executor']) retrieved from /home/airflow/.local/lib/python3.7/site-packages/airflow/example_dags/example_kubernetes_executor.py
[2023-08-07T10:43:28.566+0000] {logging_mixin.py:150} INFO - [2023-08-07T10:43:28.566+0000] {manager.py:504} INFO - Created Permission View: can edit on DAG:example_kubernetes_executor
[2023-08-07T10:43:28.572+0000] {logging_mixin.py:150} INFO - [2023-08-07T10:43:28.572+0000] {manager.py:504} INFO - Created Permission View: can delete on DAG:example_kubernetes_executor
[2023-08-07T10:43:28.577+0000] {logging_mixin.py:150} INFO - [2023-08-07T10:43:28.576+0000] {manager.py:504} INFO - Created Permission View: can read on DAG:example_kubernetes_executor
[2023-08-07T10:43:28.586+0000] {logging_mixin.py:150} INFO - [2023-08-07T10:43:28.585+0000] {dag.py:2742} INFO - Sync 1 DAGs
[2023-08-07T10:43:28.594+0000] {logging_mixin.py:150} INFO - [2023-08-07T10:43:28.593+0000] {dag.py:2763} INFO - Creating ORM DAG for example_kubernetes_executor
[2023-08-07T10:43:28.601+0000] {logging_mixin.py:150} INFO - [2023-08-07T10:43:28.601+0000] {dag.py:3508} INFO - Setting next_dagrun for example_kubernetes_executor to None, run_after=None
[2023-08-07T10:43:28.612+0000] {processor.py:179} INFO - Processing /home/airflow/.local/lib/python3.7/site-packages/airflow/example_dags/example_kubernetes_executor.py took 0.964 seconds
[2023-08-07T10:43:59.298+0000] {processor.py:157} INFO - Started process (PID=106) to work on /home/airflow/.local/lib/python3.7/site-packages/airflow/example_dags/example_kubernetes_executor.py
[2023-08-07T10:43:59.300+0000] {processor.py:826} INFO - Processing file /home/airflow/.local/lib/python3.7/site-packages/airflow/example_dags/example_kubernetes_executor.py for tasks to queue
[2023-08-07T10:43:59.302+0000] {logging_mixin.py:150} INFO - [2023-08-07T10:43:59.302+0000] {dagbag.py:541} INFO - Filling up the DagBag from /home/airflow/.local/lib/python3.7/site-packages/airflow/example_dags/example_kubernetes_executor.py
[2023-08-07T10:43:59.508+0000] {processor.py:836} INFO - DAG(s) dict_keys(['example_kubernetes_executor']) retrieved from /home/airflow/.local/lib/python3.7/site-packages/airflow/example_dags/example_kubernetes_executor.py
[2023-08-07T10:43:59.535+0000] {logging_mixin.py:150} INFO - [2023-08-07T10:43:59.535+0000] {dag.py:2742} INFO - Sync 1 DAGs
[2023-08-07T10:43:59.552+0000] {logging_mixin.py:150} INFO - [2023-08-07T10:43:59.552+0000] {dag.py:3508} INFO - Setting next_dagrun for example_kubernetes_executor to None, run_after=None
[2023-08-07T10:43:59.570+0000] {processor.py:179} INFO - Processing /home/airflow/.local/lib/python3.7/site-packages/airflow/example_dags/example_kubernetes_executor.py took 0.278 seconds
[2023-08-07T10:44:29.682+0000] {processor.py:157} INFO - Started process (PID=166) to work on /home/airflow/.local/lib/python3.7/site-packages/airflow/example_dags/example_kubernetes_executor.py
[2023-08-07T10:44:29.683+0000] {processor.py:826} INFO - Processing file /home/airflow/.local/lib/python3.7/site-packages/airflow/example_dags/example_kubernetes_executor.py for tasks to queue
[2023-08-07T10:44:29.684+0000] {logging_mixin.py:150} INFO - [2023-08-07T10:44:29.684+0000] {dagbag.py:541} INFO - Filling up the DagBag from /home/airflow/.local/lib/python3.7/site-packages/airflow/example_dags/example_kubernetes_executor.py
[2023-08-07T10:44:29.797+0000] {processor.py:836} INFO - DAG(s) dict_keys(['example_kubernetes_executor']) retrieved from /home/airflow/.local/lib/python3.7/site-packages/airflow/example_dags/example_kubernetes_executor.py
[2023-08-07T10:44:29.825+0000] {logging_mixin.py:150} INFO - [2023-08-07T10:44:29.825+0000] {dag.py:2742} INFO - Sync 1 DAGs
[2023-08-07T10:44:29.844+0000] {logging_mixin.py:150} INFO - [2023-08-07T10:44:29.844+0000] {dag.py:3508} INFO - Setting next_dagrun for example_kubernetes_executor to None, run_after=None
[2023-08-07T10:44:29.861+0000] {processor.py:179} INFO - Processing /home/airflow/.local/lib/python3.7/site-packages/airflow/example_dags/example_kubernetes_executor.py took 0.182 seconds
[2023-08-07T10:45:00.079+0000] {processor.py:157} INFO - Started process (PID=222) to work on /home/airflow/.local/lib/python3.7/site-packages/airflow/example_dags/example_kubernetes_executor.py
[2023-08-07T10:45:00.080+0000] {processor.py:826} INFO - Processing file /home/airflow/.local/lib/python3.7/site-packages/airflow/example_dags/example_kubernetes_executor.py for tasks to queue
[2023-08-07T10:45:00.082+0000] {logging_mixin.py:150} INFO - [2023-08-07T10:45:00.081+0000] {dagbag.py:541} INFO - Filling up the DagBag from /home/airflow/.local/lib/python3.7/site-packages/airflow/example_dags/example_kubernetes_executor.py
[2023-08-07T10:45:00.209+0000] {processor.py:836} INFO - DAG(s) dict_keys(['example_kubernetes_executor']) retrieved from /home/airflow/.local/lib/python3.7/site-packages/airflow/example_dags/example_kubernetes_executor.py
[2023-08-07T10:45:00.235+0000] {logging_mixin.py:150} INFO - [2023-08-07T10:45:00.235+0000] {dag.py:2742} INFO - Sync 1 DAGs
[2023-08-07T10:45:00.250+0000] {logging_mixin.py:150} INFO - [2023-08-07T10:45:00.250+0000] {dag.py:3508} INFO - Setting next_dagrun for example_kubernetes_executor to None, run_after=None
[2023-08-07T10:45:00.261+0000] {processor.py:179} INFO - Processing /home/airflow/.local/lib/python3.7/site-packages/airflow/example_dags/example_kubernetes_executor.py took 0.188 seconds
[2023-08-07T10:45:31.192+0000] {processor.py:157} INFO - Started process (PID=280) to work on /home/airflow/.local/lib/python3.7/site-packages/airflow/example_dags/example_kubernetes_executor.py
[2023-08-07T10:45:31.195+0000] {processor.py:826} INFO - Processing file /home/airflow/.local/lib/python3.7/site-packages/airflow/example_dags/example_kubernetes_executor.py for tasks to queue
[2023-08-07T10:45:31.197+0000] {logging_mixin.py:150} INFO - [2023-08-07T10:45:31.196+0000] {dagbag.py:541} INFO - Filling up the DagBag from /home/airflow/.local/lib/python3.7/site-packages/airflow/example_dags/example_kubernetes_executor.py
[2023-08-07T10:45:31.318+0000] {processor.py:836} INFO - DAG(s) dict_keys(['example_kubernetes_executor']) retrieved from /home/airflow/.local/lib/python3.7/site-packages/airflow/example_dags/example_kubernetes_executor.py
[2023-08-07T10:45:31.344+0000] {logging_mixin.py:150} INFO - [2023-08-07T10:45:31.344+0000] {dag.py:2742} INFO - Sync 1 DAGs
[2023-08-07T10:45:31.359+0000] {logging_mixin.py:150} INFO - [2023-08-07T10:45:31.359+0000] {dag.py:3508} INFO - Setting next_dagrun for example_kubernetes_executor to None, run_after=None
[2023-08-07T10:45:31.368+0000] {processor.py:179} INFO - Processing /home/airflow/.local/lib/python3.7/site-packages/airflow/example_dags/example_kubernetes_executor.py took 0.181 seconds
[2023-08-07T10:46:01.529+0000] {processor.py:157} INFO - Started process (PID=338) to work on /home/airflow/.local/lib/python3.7/site-packages/airflow/example_dags/example_kubernetes_executor.py
[2023-08-07T10:46:01.530+0000] {processor.py:826} INFO - Processing file /home/airflow/.local/lib/python3.7/site-packages/airflow/example_dags/example_kubernetes_executor.py for tasks to queue
[2023-08-07T10:46:01.532+0000] {logging_mixin.py:150} INFO - [2023-08-07T10:46:01.531+0000] {dagbag.py:541} INFO - Filling up the DagBag from /home/airflow/.local/lib/python3.7/site-packages/airflow/example_dags/example_kubernetes_executor.py
[2023-08-07T10:46:01.649+0000] {processor.py:836} INFO - DAG(s) dict_keys(['example_kubernetes_executor']) retrieved from /home/airflow/.local/lib/python3.7/site-packages/airflow/example_dags/example_kubernetes_executor.py
[2023-08-07T10:46:01.674+0000] {logging_mixin.py:150} INFO - [2023-08-07T10:46:01.674+0000] {dag.py:2742} INFO - Sync 1 DAGs
[2023-08-07T10:46:01.688+0000] {logging_mixin.py:150} INFO - [2023-08-07T10:46:01.688+0000] {dag.py:3508} INFO - Setting next_dagrun for example_kubernetes_executor to None, run_after=None
[2023-08-07T10:46:01.698+0000] {processor.py:179} INFO - Processing /home/airflow/.local/lib/python3.7/site-packages/airflow/example_dags/example_kubernetes_executor.py took 0.174 seconds
[2023-08-07T10:46:31.783+0000] {processor.py:157} INFO - Started process (PID=396) to work on /home/airflow/.local/lib/python3.7/site-packages/airflow/example_dags/example_kubernetes_executor.py
[2023-08-07T10:46:31.786+0000] {processor.py:826} INFO - Processing file /home/airflow/.local/lib/python3.7/site-packages/airflow/example_dags/example_kubernetes_executor.py for tasks to queue
[2023-08-07T10:46:31.787+0000] {logging_mixin.py:150} INFO - [2023-08-07T10:46:31.787+0000] {dagbag.py:541} INFO - Filling up the DagBag from /home/airflow/.local/lib/python3.7/site-packages/airflow/example_dags/example_kubernetes_executor.py
[2023-08-07T10:46:31.908+0000] {processor.py:836} INFO - DAG(s) dict_keys(['example_kubernetes_executor']) retrieved from /home/airflow/.local/lib/python3.7/site-packages/airflow/example_dags/example_kubernetes_executor.py
[2023-08-07T10:46:31.933+0000] {logging_mixin.py:150} INFO - [2023-08-07T10:46:31.933+0000] {dag.py:2742} INFO - Sync 1 DAGs
[2023-08-07T10:46:31.946+0000] {logging_mixin.py:150} INFO - [2023-08-07T10:46:31.946+0000] {dag.py:3508} INFO - Setting next_dagrun for example_kubernetes_executor to None, run_after=None
[2023-08-07T10:46:31.956+0000] {processor.py:179} INFO - Processing /home/airflow/.local/lib/python3.7/site-packages/airflow/example_dags/example_kubernetes_executor.py took 0.178 seconds
[2023-08-07T10:47:02.083+0000] {processor.py:157} INFO - Started process (PID=456) to work on /home/airflow/.local/lib/python3.7/site-packages/airflow/example_dags/example_kubernetes_executor.py
[2023-08-07T10:47:02.084+0000] {processor.py:826} INFO - Processing file /home/airflow/.local/lib/python3.7/site-packages/airflow/example_dags/example_kubernetes_executor.py for tasks to queue
[2023-08-07T10:47:02.085+0000] {logging_mixin.py:150} INFO - [2023-08-07T10:47:02.084+0000] {dagbag.py:541} INFO - Filling up the DagBag from /home/airflow/.local/lib/python3.7/site-packages/airflow/example_dags/example_kubernetes_executor.py
[2023-08-07T10:47:02.192+0000] {processor.py:836} INFO - DAG(s) dict_keys(['example_kubernetes_executor']) retrieved from /home/airflow/.local/lib/python3.7/site-packages/airflow/example_dags/example_kubernetes_executor.py
[2023-08-07T10:47:02.217+0000] {logging_mixin.py:150} INFO - [2023-08-07T10:47:02.217+0000] {dag.py:2742} INFO - Sync 1 DAGs
[2023-08-07T10:47:02.231+0000] {logging_mixin.py:150} INFO - [2023-08-07T10:47:02.231+0000] {dag.py:3508} INFO - Setting next_dagrun for example_kubernetes_executor to None, run_after=None
[2023-08-07T10:47:02.240+0000] {processor.py:179} INFO - Processing /home/airflow/.local/lib/python3.7/site-packages/airflow/example_dags/example_kubernetes_executor.py took 0.161 seconds
[2023-08-07T10:47:33.190+0000] {processor.py:157} INFO - Started process (PID=514) to work on /home/airflow/.local/lib/python3.7/site-packages/airflow/example_dags/example_kubernetes_executor.py
[2023-08-07T10:47:33.192+0000] {processor.py:826} INFO - Processing file /home/airflow/.local/lib/python3.7/site-packages/airflow/example_dags/example_kubernetes_executor.py for tasks to queue
[2023-08-07T10:47:33.194+0000] {logging_mixin.py:150} INFO - [2023-08-07T10:47:33.193+0000] {dagbag.py:541} INFO - Filling up the DagBag from /home/airflow/.local/lib/python3.7/site-packages/airflow/example_dags/example_kubernetes_executor.py
[2023-08-07T10:47:33.315+0000] {processor.py:836} INFO - DAG(s) dict_keys(['example_kubernetes_executor']) retrieved from /home/airflow/.local/lib/python3.7/site-packages/airflow/example_dags/example_kubernetes_executor.py
[2023-08-07T10:47:33.339+0000] {logging_mixin.py:150} INFO - [2023-08-07T10:47:33.338+0000] {dag.py:2742} INFO - Sync 1 DAGs
[2023-08-07T10:47:33.352+0000] {logging_mixin.py:150} INFO - [2023-08-07T10:47:33.351+0000] {dag.py:3508} INFO - Setting next_dagrun for example_kubernetes_executor to None, run_after=None
[2023-08-07T10:47:33.361+0000] {processor.py:179} INFO - Processing /home/airflow/.local/lib/python3.7/site-packages/airflow/example_dags/example_kubernetes_executor.py took 0.176 seconds
[2023-08-07T10:48:03.428+0000] {processor.py:157} INFO - Started process (PID=572) to work on /home/airflow/.local/lib/python3.7/site-packages/airflow/example_dags/example_kubernetes_executor.py
[2023-08-07T10:48:03.431+0000] {processor.py:826} INFO - Processing file /home/airflow/.local/lib/python3.7/site-packages/airflow/example_dags/example_kubernetes_executor.py for tasks to queue
[2023-08-07T10:48:03.433+0000] {logging_mixin.py:150} INFO - [2023-08-07T10:48:03.432+0000] {dagbag.py:541} INFO - Filling up the DagBag from /home/airflow/.local/lib/python3.7/site-packages/airflow/example_dags/example_kubernetes_executor.py
[2023-08-07T10:48:03.546+0000] {processor.py:836} INFO - DAG(s) dict_keys(['example_kubernetes_executor']) retrieved from /home/airflow/.local/lib/python3.7/site-packages/airflow/example_dags/example_kubernetes_executor.py
[2023-08-07T10:48:03.569+0000] {logging_mixin.py:150} INFO - [2023-08-07T10:48:03.569+0000] {dag.py:2742} INFO - Sync 1 DAGs
[2023-08-07T10:48:03.586+0000] {logging_mixin.py:150} INFO - [2023-08-07T10:48:03.586+0000] {dag.py:3508} INFO - Setting next_dagrun for example_kubernetes_executor to None, run_after=None
[2023-08-07T10:48:03.597+0000] {processor.py:179} INFO - Processing /home/airflow/.local/lib/python3.7/site-packages/airflow/example_dags/example_kubernetes_executor.py took 0.176 seconds
[2023-08-07T10:48:33.857+0000] {processor.py:157} INFO - Started process (PID=630) to work on /home/airflow/.local/lib/python3.7/site-packages/airflow/example_dags/example_kubernetes_executor.py
[2023-08-07T10:48:33.860+0000] {processor.py:826} INFO - Processing file /home/airflow/.local/lib/python3.7/site-packages/airflow/example_dags/example_kubernetes_executor.py for tasks to queue
[2023-08-07T10:48:33.861+0000] {logging_mixin.py:150} INFO - [2023-08-07T10:48:33.861+0000] {dagbag.py:541} INFO - Filling up the DagBag from /home/airflow/.local/lib/python3.7/site-packages/airflow/example_dags/example_kubernetes_executor.py
[2023-08-07T10:48:33.978+0000] {processor.py:836} INFO - DAG(s) dict_keys(['example_kubernetes_executor']) retrieved from /home/airflow/.local/lib/python3.7/site-packages/airflow/example_dags/example_kubernetes_executor.py
[2023-08-07T10:48:34.001+0000] {logging_mixin.py:150} INFO - [2023-08-07T10:48:34.001+0000] {dag.py:2742} INFO - Sync 1 DAGs
[2023-08-07T10:48:34.015+0000] {logging_mixin.py:150} INFO - [2023-08-07T10:48:34.015+0000] {dag.py:3508} INFO - Setting next_dagrun for example_kubernetes_executor to None, run_after=None
[2023-08-07T10:48:34.024+0000] {processor.py:179} INFO - Processing /home/airflow/.local/lib/python3.7/site-packages/airflow/example_dags/example_kubernetes_executor.py took 0.173 seconds
[2023-08-07T10:49:04.093+0000] {processor.py:157} INFO - Started process (PID=689) to work on /home/airflow/.local/lib/python3.7/site-packages/airflow/example_dags/example_kubernetes_executor.py
[2023-08-07T10:49:04.095+0000] {processor.py:826} INFO - Processing file /home/airflow/.local/lib/python3.7/site-packages/airflow/example_dags/example_kubernetes_executor.py for tasks to queue
[2023-08-07T10:49:04.096+0000] {logging_mixin.py:150} INFO - [2023-08-07T10:49:04.096+0000] {dagbag.py:541} INFO - Filling up the DagBag from /home/airflow/.local/lib/python3.7/site-packages/airflow/example_dags/example_kubernetes_executor.py
[2023-08-07T10:49:04.207+0000] {processor.py:836} INFO - DAG(s) dict_keys(['example_kubernetes_executor']) retrieved from /home/airflow/.local/lib/python3.7/site-packages/airflow/example_dags/example_kubernetes_executor.py
[2023-08-07T10:49:04.230+0000] {logging_mixin.py:150} INFO - [2023-08-07T10:49:04.230+0000] {dag.py:2742} INFO - Sync 1 DAGs
[2023-08-07T10:49:04.242+0000] {logging_mixin.py:150} INFO - [2023-08-07T10:49:04.242+0000] {dag.py:3508} INFO - Setting next_dagrun for example_kubernetes_executor to None, run_after=None
[2023-08-07T10:49:04.253+0000] {processor.py:179} INFO - Processing /home/airflow/.local/lib/python3.7/site-packages/airflow/example_dags/example_kubernetes_executor.py took 0.166 seconds
[2023-08-07T10:49:34.308+0000] {processor.py:157} INFO - Started process (PID=747) to work on /home/airflow/.local/lib/python3.7/site-packages/airflow/example_dags/example_kubernetes_executor.py
[2023-08-07T10:49:34.310+0000] {processor.py:826} INFO - Processing file /home/airflow/.local/lib/python3.7/site-packages/airflow/example_dags/example_kubernetes_executor.py for tasks to queue
[2023-08-07T10:49:34.312+0000] {logging_mixin.py:150} INFO - [2023-08-07T10:49:34.312+0000] {dagbag.py:541} INFO - Filling up the DagBag from /home/airflow/.local/lib/python3.7/site-packages/airflow/example_dags/example_kubernetes_executor.py
[2023-08-07T10:49:34.423+0000] {processor.py:836} INFO - DAG(s) dict_keys(['example_kubernetes_executor']) retrieved from /home/airflow/.local/lib/python3.7/site-packages/airflow/example_dags/example_kubernetes_executor.py
[2023-08-07T10:49:34.446+0000] {logging_mixin.py:150} INFO - [2023-08-07T10:49:34.446+0000] {dag.py:2742} INFO - Sync 1 DAGs
[2023-08-07T10:49:34.459+0000] {logging_mixin.py:150} INFO - [2023-08-07T10:49:34.458+0000] {dag.py:3508} INFO - Setting next_dagrun for example_kubernetes_executor to None, run_after=None
[2023-08-07T10:49:34.468+0000] {processor.py:179} INFO - Processing /home/airflow/.local/lib/python3.7/site-packages/airflow/example_dags/example_kubernetes_executor.py took 0.166 seconds
[2023-08-07T10:50:04.587+0000] {processor.py:157} INFO - Started process (PID=805) to work on /home/airflow/.local/lib/python3.7/site-packages/airflow/example_dags/example_kubernetes_executor.py
[2023-08-07T10:50:04.589+0000] {processor.py:826} INFO - Processing file /home/airflow/.local/lib/python3.7/site-packages/airflow/example_dags/example_kubernetes_executor.py for tasks to queue
[2023-08-07T10:50:04.590+0000] {logging_mixin.py:150} INFO - [2023-08-07T10:50:04.590+0000] {dagbag.py:541} INFO - Filling up the DagBag from /home/airflow/.local/lib/python3.7/site-packages/airflow/example_dags/example_kubernetes_executor.py
[2023-08-07T10:50:04.702+0000] {processor.py:836} INFO - DAG(s) dict_keys(['example_kubernetes_executor']) retrieved from /home/airflow/.local/lib/python3.7/site-packages/airflow/example_dags/example_kubernetes_executor.py
[2023-08-07T10:50:04.725+0000] {logging_mixin.py:150} INFO - [2023-08-07T10:50:04.725+0000] {dag.py:2742} INFO - Sync 1 DAGs
[2023-08-07T10:50:04.738+0000] {logging_mixin.py:150} INFO - [2023-08-07T10:50:04.738+0000] {dag.py:3508} INFO - Setting next_dagrun for example_kubernetes_executor to None, run_after=None
[2023-08-07T10:50:04.747+0000] {processor.py:179} INFO - Processing /home/airflow/.local/lib/python3.7/site-packages/airflow/example_dags/example_kubernetes_executor.py took 0.164 seconds
[2023-08-07T10:50:34.879+0000] {processor.py:157} INFO - Started process (PID=862) to work on /home/airflow/.local/lib/python3.7/site-packages/airflow/example_dags/example_kubernetes_executor.py
[2023-08-07T10:50:34.880+0000] {processor.py:826} INFO - Processing file /home/airflow/.local/lib/python3.7/site-packages/airflow/example_dags/example_kubernetes_executor.py for tasks to queue
[2023-08-07T10:50:34.881+0000] {logging_mixin.py:150} INFO - [2023-08-07T10:50:34.881+0000] {dagbag.py:541} INFO - Filling up the DagBag from /home/airflow/.local/lib/python3.7/site-packages/airflow/example_dags/example_kubernetes_executor.py
[2023-08-07T10:50:34.979+0000] {processor.py:836} INFO - DAG(s) dict_keys(['example_kubernetes_executor']) retrieved from /home/airflow/.local/lib/python3.7/site-packages/airflow/example_dags/example_kubernetes_executor.py
[2023-08-07T10:50:35.002+0000] {logging_mixin.py:150} INFO - [2023-08-07T10:50:35.002+0000] {dag.py:2742} INFO - Sync 1 DAGs
[2023-08-07T10:50:35.015+0000] {logging_mixin.py:150} INFO - [2023-08-07T10:50:35.015+0000] {dag.py:3508} INFO - Setting next_dagrun for example_kubernetes_executor to None, run_after=None
[2023-08-07T10:50:35.025+0000] {processor.py:179} INFO - Processing /home/airflow/.local/lib/python3.7/site-packages/airflow/example_dags/example_kubernetes_executor.py took 0.149 seconds
[2023-08-07T10:51:05.093+0000] {processor.py:157} INFO - Started process (PID=920) to work on /home/airflow/.local/lib/python3.7/site-packages/airflow/example_dags/example_kubernetes_executor.py
[2023-08-07T10:51:05.095+0000] {processor.py:826} INFO - Processing file /home/airflow/.local/lib/python3.7/site-packages/airflow/example_dags/example_kubernetes_executor.py for tasks to queue
[2023-08-07T10:51:05.097+0000] {logging_mixin.py:150} INFO - [2023-08-07T10:51:05.096+0000] {dagbag.py:541} INFO - Filling up the DagBag from /home/airflow/.local/lib/python3.7/site-packages/airflow/example_dags/example_kubernetes_executor.py
[2023-08-07T10:51:05.209+0000] {processor.py:836} INFO - DAG(s) dict_keys(['example_kubernetes_executor']) retrieved from /home/airflow/.local/lib/python3.7/site-packages/airflow/example_dags/example_kubernetes_executor.py
[2023-08-07T10:51:05.234+0000] {logging_mixin.py:150} INFO - [2023-08-07T10:51:05.234+0000] {dag.py:2742} INFO - Sync 1 DAGs
[2023-08-07T10:51:05.247+0000] {logging_mixin.py:150} INFO - [2023-08-07T10:51:05.247+0000] {dag.py:3508} INFO - Setting next_dagrun for example_kubernetes_executor to None, run_after=None
[2023-08-07T10:51:05.257+0000] {processor.py:179} INFO - Processing /home/airflow/.local/lib/python3.7/site-packages/airflow/example_dags/example_kubernetes_executor.py took 0.170 seconds
[2023-08-07T10:51:35.332+0000] {processor.py:157} INFO - Started process (PID=978) to work on /home/airflow/.local/lib/python3.7/site-packages/airflow/example_dags/example_kubernetes_executor.py
[2023-08-07T10:51:35.334+0000] {processor.py:826} INFO - Processing file /home/airflow/.local/lib/python3.7/site-packages/airflow/example_dags/example_kubernetes_executor.py for tasks to queue
[2023-08-07T10:51:35.336+0000] {logging_mixin.py:150} INFO - [2023-08-07T10:51:35.335+0000] {dagbag.py:541} INFO - Filling up the DagBag from /home/airflow/.local/lib/python3.7/site-packages/airflow/example_dags/example_kubernetes_executor.py
[2023-08-07T10:51:35.447+0000] {processor.py:836} INFO - DAG(s) dict_keys(['example_kubernetes_executor']) retrieved from /home/airflow/.local/lib/python3.7/site-packages/airflow/example_dags/example_kubernetes_executor.py
[2023-08-07T10:51:35.469+0000] {logging_mixin.py:150} INFO - [2023-08-07T10:51:35.469+0000] {dag.py:2742} INFO - Sync 1 DAGs
[2023-08-07T10:51:35.483+0000] {logging_mixin.py:150} INFO - [2023-08-07T10:51:35.483+0000] {dag.py:3508} INFO - Setting next_dagrun for example_kubernetes_executor to None, run_after=None
[2023-08-07T10:51:35.492+0000] {processor.py:179} INFO - Processing /home/airflow/.local/lib/python3.7/site-packages/airflow/example_dags/example_kubernetes_executor.py took 0.166 seconds
[2023-08-07T10:52:05.609+0000] {processor.py:157} INFO - Started process (PID=1036) to work on /home/airflow/.local/lib/python3.7/site-packages/airflow/example_dags/example_kubernetes_executor.py
[2023-08-07T10:52:05.610+0000] {processor.py:826} INFO - Processing file /home/airflow/.local/lib/python3.7/site-packages/airflow/example_dags/example_kubernetes_executor.py for tasks to queue
[2023-08-07T10:52:05.612+0000] {logging_mixin.py:150} INFO - [2023-08-07T10:52:05.612+0000] {dagbag.py:541} INFO - Filling up the DagBag from /home/airflow/.local/lib/python3.7/site-packages/airflow/example_dags/example_kubernetes_executor.py
[2023-08-07T10:52:05.722+0000] {processor.py:836} INFO - DAG(s) dict_keys(['example_kubernetes_executor']) retrieved from /home/airflow/.local/lib/python3.7/site-packages/airflow/example_dags/example_kubernetes_executor.py
[2023-08-07T10:52:05.745+0000] {logging_mixin.py:150} INFO - [2023-08-07T10:52:05.745+0000] {dag.py:2742} INFO - Sync 1 DAGs
[2023-08-07T10:52:05.758+0000] {logging_mixin.py:150} INFO - [2023-08-07T10:52:05.758+0000] {dag.py:3508} INFO - Setting next_dagrun for example_kubernetes_executor to None, run_after=None
[2023-08-07T10:52:05.768+0000] {processor.py:179} INFO - Processing /home/airflow/.local/lib/python3.7/site-packages/airflow/example_dags/example_kubernetes_executor.py took 0.165 seconds
[2023-08-07T10:52:35.956+0000] {processor.py:157} INFO - Started process (PID=1094) to work on /home/airflow/.local/lib/python3.7/site-packages/airflow/example_dags/example_kubernetes_executor.py
[2023-08-07T10:52:35.958+0000] {processor.py:826} INFO - Processing file /home/airflow/.local/lib/python3.7/site-packages/airflow/example_dags/example_kubernetes_executor.py for tasks to queue
[2023-08-07T10:52:35.960+0000] {logging_mixin.py:150} INFO - [2023-08-07T10:52:35.959+0000] {dagbag.py:541} INFO - Filling up the DagBag from /home/airflow/.local/lib/python3.7/site-packages/airflow/example_dags/example_kubernetes_executor.py
[2023-08-07T10:52:36.071+0000] {processor.py:836} INFO - DAG(s) dict_keys(['example_kubernetes_executor']) retrieved from /home/airflow/.local/lib/python3.7/site-packages/airflow/example_dags/example_kubernetes_executor.py
[2023-08-07T10:52:36.094+0000] {logging_mixin.py:150} INFO - [2023-08-07T10:52:36.094+0000] {dag.py:2742} INFO - Sync 1 DAGs
[2023-08-07T10:52:36.107+0000] {logging_mixin.py:150} INFO - [2023-08-07T10:52:36.107+0000] {dag.py:3508} INFO - Setting next_dagrun for example_kubernetes_executor to None, run_after=None
[2023-08-07T10:52:36.116+0000] {processor.py:179} INFO - Processing /home/airflow/.local/lib/python3.7/site-packages/airflow/example_dags/example_kubernetes_executor.py took 0.166 seconds
[2023-08-07T10:53:06.230+0000] {processor.py:157} INFO - Started process (PID=1152) to work on /home/airflow/.local/lib/python3.7/site-packages/airflow/example_dags/example_kubernetes_executor.py
[2023-08-07T10:53:06.232+0000] {processor.py:826} INFO - Processing file /home/airflow/.local/lib/python3.7/site-packages/airflow/example_dags/example_kubernetes_executor.py for tasks to queue
[2023-08-07T10:53:06.234+0000] {logging_mixin.py:150} INFO - [2023-08-07T10:53:06.233+0000] {dagbag.py:541} INFO - Filling up the DagBag from /home/airflow/.local/lib/python3.7/site-packages/airflow/example_dags/example_kubernetes_executor.py
[2023-08-07T10:53:06.346+0000] {processor.py:836} INFO - DAG(s) dict_keys(['example_kubernetes_executor']) retrieved from /home/airflow/.local/lib/python3.7/site-packages/airflow/example_dags/example_kubernetes_executor.py
[2023-08-07T10:53:06.368+0000] {logging_mixin.py:150} INFO - [2023-08-07T10:53:06.368+0000] {dag.py:2742} INFO - Sync 1 DAGs
[2023-08-07T10:53:06.382+0000] {logging_mixin.py:150} INFO - [2023-08-07T10:53:06.382+0000] {dag.py:3508} INFO - Setting next_dagrun for example_kubernetes_executor to None, run_after=None
[2023-08-07T10:53:06.391+0000] {processor.py:179} INFO - Processing /home/airflow/.local/lib/python3.7/site-packages/airflow/example_dags/example_kubernetes_executor.py took 0.168 seconds
[2023-08-07T10:53:36.459+0000] {processor.py:157} INFO - Started process (PID=1210) to work on /home/airflow/.local/lib/python3.7/site-packages/airflow/example_dags/example_kubernetes_executor.py
[2023-08-07T10:53:36.461+0000] {processor.py:826} INFO - Processing file /home/airflow/.local/lib/python3.7/site-packages/airflow/example_dags/example_kubernetes_executor.py for tasks to queue
[2023-08-07T10:53:36.463+0000] {logging_mixin.py:150} INFO - [2023-08-07T10:53:36.462+0000] {dagbag.py:541} INFO - Filling up the DagBag from /home/airflow/.local/lib/python3.7/site-packages/airflow/example_dags/example_kubernetes_executor.py
[2023-08-07T10:53:36.573+0000] {processor.py:836} INFO - DAG(s) dict_keys(['example_kubernetes_executor']) retrieved from /home/airflow/.local/lib/python3.7/site-packages/airflow/example_dags/example_kubernetes_executor.py
[2023-08-07T10:53:36.596+0000] {logging_mixin.py:150} INFO - [2023-08-07T10:53:36.596+0000] {dag.py:2742} INFO - Sync 1 DAGs
[2023-08-07T10:53:36.609+0000] {logging_mixin.py:150} INFO - [2023-08-07T10:53:36.609+0000] {dag.py:3508} INFO - Setting next_dagrun for example_kubernetes_executor to None, run_after=None
[2023-08-07T10:53:36.621+0000] {processor.py:179} INFO - Processing /home/airflow/.local/lib/python3.7/site-packages/airflow/example_dags/example_kubernetes_executor.py took 0.168 seconds
[2023-08-07T10:54:06.710+0000] {processor.py:157} INFO - Started process (PID=1268) to work on /home/airflow/.local/lib/python3.7/site-packages/airflow/example_dags/example_kubernetes_executor.py
[2023-08-07T10:54:06.713+0000] {processor.py:826} INFO - Processing file /home/airflow/.local/lib/python3.7/site-packages/airflow/example_dags/example_kubernetes_executor.py for tasks to queue
[2023-08-07T10:54:06.715+0000] {logging_mixin.py:150} INFO - [2023-08-07T10:54:06.714+0000] {dagbag.py:541} INFO - Filling up the DagBag from /home/airflow/.local/lib/python3.7/site-packages/airflow/example_dags/example_kubernetes_executor.py
[2023-08-07T10:54:06.827+0000] {processor.py:836} INFO - DAG(s) dict_keys(['example_kubernetes_executor']) retrieved from /home/airflow/.local/lib/python3.7/site-packages/airflow/example_dags/example_kubernetes_executor.py
[2023-08-07T10:54:06.850+0000] {logging_mixin.py:150} INFO - [2023-08-07T10:54:06.850+0000] {dag.py:2742} INFO - Sync 1 DAGs
[2023-08-07T10:54:06.863+0000] {logging_mixin.py:150} INFO - [2023-08-07T10:54:06.863+0000] {dag.py:3508} INFO - Setting next_dagrun for example_kubernetes_executor to None, run_after=None
[2023-08-07T10:54:06.872+0000] {processor.py:179} INFO - Processing /home/airflow/.local/lib/python3.7/site-packages/airflow/example_dags/example_kubernetes_executor.py took 0.168 seconds
[2023-08-07T10:54:36.974+0000] {processor.py:157} INFO - Started process (PID=1326) to work on /home/airflow/.local/lib/python3.7/site-packages/airflow/example_dags/example_kubernetes_executor.py
[2023-08-07T10:54:36.976+0000] {processor.py:826} INFO - Processing file /home/airflow/.local/lib/python3.7/site-packages/airflow/example_dags/example_kubernetes_executor.py for tasks to queue
[2023-08-07T10:54:36.978+0000] {logging_mixin.py:150} INFO - [2023-08-07T10:54:36.977+0000] {dagbag.py:541} INFO - Filling up the DagBag from /home/airflow/.local/lib/python3.7/site-packages/airflow/example_dags/example_kubernetes_executor.py
[2023-08-07T10:54:37.091+0000] {processor.py:836} INFO - DAG(s) dict_keys(['example_kubernetes_executor']) retrieved from /home/airflow/.local/lib/python3.7/site-packages/airflow/example_dags/example_kubernetes_executor.py
[2023-08-07T10:54:37.114+0000] {logging_mixin.py:150} INFO - [2023-08-07T10:54:37.114+0000] {dag.py:2742} INFO - Sync 1 DAGs
[2023-08-07T10:54:37.127+0000] {logging_mixin.py:150} INFO - [2023-08-07T10:54:37.127+0000] {dag.py:3508} INFO - Setting next_dagrun for example_kubernetes_executor to None, run_after=None
[2023-08-07T10:54:37.136+0000] {processor.py:179} INFO - Processing /home/airflow/.local/lib/python3.7/site-packages/airflow/example_dags/example_kubernetes_executor.py took 0.169 seconds
[2023-08-07T10:55:07.235+0000] {processor.py:157} INFO - Started process (PID=1384) to work on /home/airflow/.local/lib/python3.7/site-packages/airflow/example_dags/example_kubernetes_executor.py
[2023-08-07T10:55:07.237+0000] {processor.py:826} INFO - Processing file /home/airflow/.local/lib/python3.7/site-packages/airflow/example_dags/example_kubernetes_executor.py for tasks to queue
[2023-08-07T10:55:07.239+0000] {logging_mixin.py:150} INFO - [2023-08-07T10:55:07.238+0000] {dagbag.py:541} INFO - Filling up the DagBag from /home/airflow/.local/lib/python3.7/site-packages/airflow/example_dags/example_kubernetes_executor.py
[2023-08-07T10:55:07.348+0000] {processor.py:836} INFO - DAG(s) dict_keys(['example_kubernetes_executor']) retrieved from /home/airflow/.local/lib/python3.7/site-packages/airflow/example_dags/example_kubernetes_executor.py
[2023-08-07T10:55:07.373+0000] {logging_mixin.py:150} INFO - [2023-08-07T10:55:07.373+0000] {dag.py:2742} INFO - Sync 1 DAGs
[2023-08-07T10:55:07.389+0000] {logging_mixin.py:150} INFO - [2023-08-07T10:55:07.389+0000] {dag.py:3508} INFO - Setting next_dagrun for example_kubernetes_executor to None, run_after=None
[2023-08-07T10:55:07.404+0000] {processor.py:179} INFO - Processing /home/airflow/.local/lib/python3.7/site-packages/airflow/example_dags/example_kubernetes_executor.py took 0.175 seconds
[2023-08-07T10:55:37.530+0000] {processor.py:157} INFO - Started process (PID=1442) to work on /home/airflow/.local/lib/python3.7/site-packages/airflow/example_dags/example_kubernetes_executor.py
[2023-08-07T10:55:37.532+0000] {processor.py:826} INFO - Processing file /home/airflow/.local/lib/python3.7/site-packages/airflow/example_dags/example_kubernetes_executor.py for tasks to queue
[2023-08-07T10:55:37.533+0000] {logging_mixin.py:150} INFO - [2023-08-07T10:55:37.533+0000] {dagbag.py:541} INFO - Filling up the DagBag from /home/airflow/.local/lib/python3.7/site-packages/airflow/example_dags/example_kubernetes_executor.py
[2023-08-07T10:55:37.642+0000] {processor.py:836} INFO - DAG(s) dict_keys(['example_kubernetes_executor']) retrieved from /home/airflow/.local/lib/python3.7/site-packages/airflow/example_dags/example_kubernetes_executor.py
[2023-08-07T10:55:37.665+0000] {logging_mixin.py:150} INFO - [2023-08-07T10:55:37.665+0000] {dag.py:2742} INFO - Sync 1 DAGs
[2023-08-07T10:55:37.678+0000] {logging_mixin.py:150} INFO - [2023-08-07T10:55:37.678+0000] {dag.py:3508} INFO - Setting next_dagrun for example_kubernetes_executor to None, run_after=None
[2023-08-07T10:55:37.688+0000] {processor.py:179} INFO - Processing /home/airflow/.local/lib/python3.7/site-packages/airflow/example_dags/example_kubernetes_executor.py took 0.164 seconds
[2023-08-07T10:56:07.772+0000] {processor.py:157} INFO - Started process (PID=1500) to work on /home/airflow/.local/lib/python3.7/site-packages/airflow/example_dags/example_kubernetes_executor.py
[2023-08-07T10:56:07.774+0000] {processor.py:826} INFO - Processing file /home/airflow/.local/lib/python3.7/site-packages/airflow/example_dags/example_kubernetes_executor.py for tasks to queue
[2023-08-07T10:56:07.776+0000] {logging_mixin.py:150} INFO - [2023-08-07T10:56:07.775+0000] {dagbag.py:541} INFO - Filling up the DagBag from /home/airflow/.local/lib/python3.7/site-packages/airflow/example_dags/example_kubernetes_executor.py
[2023-08-07T10:56:07.885+0000] {processor.py:836} INFO - DAG(s) dict_keys(['example_kubernetes_executor']) retrieved from /home/airflow/.local/lib/python3.7/site-packages/airflow/example_dags/example_kubernetes_executor.py
[2023-08-07T10:56:07.908+0000] {logging_mixin.py:150} INFO - [2023-08-07T10:56:07.908+0000] {dag.py:2742} INFO - Sync 1 DAGs
[2023-08-07T10:56:08.036+0000] {logging_mixin.py:150} INFO - [2023-08-07T10:56:08.036+0000] {dag.py:3508} INFO - Setting next_dagrun for example_kubernetes_executor to None, run_after=None
[2023-08-07T10:56:08.045+0000] {processor.py:179} INFO - Processing /home/airflow/.local/lib/python3.7/site-packages/airflow/example_dags/example_kubernetes_executor.py took 0.279 seconds
[2023-08-07T10:56:38.134+0000] {processor.py:157} INFO - Started process (PID=1558) to work on /home/airflow/.local/lib/python3.7/site-packages/airflow/example_dags/example_kubernetes_executor.py
[2023-08-07T10:56:38.136+0000] {processor.py:826} INFO - Processing file /home/airflow/.local/lib/python3.7/site-packages/airflow/example_dags/example_kubernetes_executor.py for tasks to queue
[2023-08-07T10:56:38.138+0000] {logging_mixin.py:150} INFO - [2023-08-07T10:56:38.138+0000] {dagbag.py:541} INFO - Filling up the DagBag from /home/airflow/.local/lib/python3.7/site-packages/airflow/example_dags/example_kubernetes_executor.py
[2023-08-07T10:56:38.252+0000] {processor.py:836} INFO - DAG(s) dict_keys(['example_kubernetes_executor']) retrieved from /home/airflow/.local/lib/python3.7/site-packages/airflow/example_dags/example_kubernetes_executor.py
[2023-08-07T10:56:38.276+0000] {logging_mixin.py:150} INFO - [2023-08-07T10:56:38.276+0000] {dag.py:2742} INFO - Sync 1 DAGs
[2023-08-07T10:56:38.290+0000] {logging_mixin.py:150} INFO - [2023-08-07T10:56:38.290+0000] {dag.py:3508} INFO - Setting next_dagrun for example_kubernetes_executor to None, run_after=None
[2023-08-07T10:56:38.300+0000] {processor.py:179} INFO - Processing /home/airflow/.local/lib/python3.7/site-packages/airflow/example_dags/example_kubernetes_executor.py took 0.172 seconds
[2023-08-07T10:57:08.573+0000] {processor.py:157} INFO - Started process (PID=1615) to work on /home/airflow/.local/lib/python3.7/site-packages/airflow/example_dags/example_kubernetes_executor.py
[2023-08-07T10:57:08.575+0000] {processor.py:826} INFO - Processing file /home/airflow/.local/lib/python3.7/site-packages/airflow/example_dags/example_kubernetes_executor.py for tasks to queue
[2023-08-07T10:57:08.577+0000] {logging_mixin.py:150} INFO - [2023-08-07T10:57:08.576+0000] {dagbag.py:541} INFO - Filling up the DagBag from /home/airflow/.local/lib/python3.7/site-packages/airflow/example_dags/example_kubernetes_executor.py
[2023-08-07T10:57:08.695+0000] {processor.py:836} INFO - DAG(s) dict_keys(['example_kubernetes_executor']) retrieved from /home/airflow/.local/lib/python3.7/site-packages/airflow/example_dags/example_kubernetes_executor.py
[2023-08-07T10:57:08.807+0000] {logging_mixin.py:150} INFO - [2023-08-07T10:57:08.807+0000] {dag.py:2742} INFO - Sync 1 DAGs
[2023-08-07T10:57:08.818+0000] {logging_mixin.py:150} INFO - [2023-08-07T10:57:08.818+0000] {dag.py:3508} INFO - Setting next_dagrun for example_kubernetes_executor to None, run_after=None
[2023-08-07T10:57:08.827+0000] {processor.py:179} INFO - Processing /home/airflow/.local/lib/python3.7/site-packages/airflow/example_dags/example_kubernetes_executor.py took 0.259 seconds
[2023-08-07T10:57:38.920+0000] {processor.py:157} INFO - Started process (PID=1675) to work on /home/airflow/.local/lib/python3.7/site-packages/airflow/example_dags/example_kubernetes_executor.py
[2023-08-07T10:57:38.921+0000] {processor.py:826} INFO - Processing file /home/airflow/.local/lib/python3.7/site-packages/airflow/example_dags/example_kubernetes_executor.py for tasks to queue
[2023-08-07T10:57:38.922+0000] {logging_mixin.py:150} INFO - [2023-08-07T10:57:38.922+0000] {dagbag.py:541} INFO - Filling up the DagBag from /home/airflow/.local/lib/python3.7/site-packages/airflow/example_dags/example_kubernetes_executor.py
[2023-08-07T10:57:39.026+0000] {processor.py:836} INFO - DAG(s) dict_keys(['example_kubernetes_executor']) retrieved from /home/airflow/.local/lib/python3.7/site-packages/airflow/example_dags/example_kubernetes_executor.py
[2023-08-07T10:57:39.051+0000] {logging_mixin.py:150} INFO - [2023-08-07T10:57:39.051+0000] {dag.py:2742} INFO - Sync 1 DAGs
[2023-08-07T10:57:39.148+0000] {logging_mixin.py:150} INFO - [2023-08-07T10:57:39.148+0000] {dag.py:3508} INFO - Setting next_dagrun for example_kubernetes_executor to None, run_after=None
[2023-08-07T10:57:39.157+0000] {processor.py:179} INFO - Processing /home/airflow/.local/lib/python3.7/site-packages/airflow/example_dags/example_kubernetes_executor.py took 0.239 seconds
[2023-08-07T10:58:09.295+0000] {processor.py:157} INFO - Started process (PID=1734) to work on /home/airflow/.local/lib/python3.7/site-packages/airflow/example_dags/example_kubernetes_executor.py
[2023-08-07T10:58:09.296+0000] {processor.py:826} INFO - Processing file /home/airflow/.local/lib/python3.7/site-packages/airflow/example_dags/example_kubernetes_executor.py for tasks to queue
[2023-08-07T10:58:09.297+0000] {logging_mixin.py:150} INFO - [2023-08-07T10:58:09.297+0000] {dagbag.py:541} INFO - Filling up the DagBag from /home/airflow/.local/lib/python3.7/site-packages/airflow/example_dags/example_kubernetes_executor.py
[2023-08-07T10:58:09.403+0000] {processor.py:836} INFO - DAG(s) dict_keys(['example_kubernetes_executor']) retrieved from /home/airflow/.local/lib/python3.7/site-packages/airflow/example_dags/example_kubernetes_executor.py
[2023-08-07T10:58:09.426+0000] {logging_mixin.py:150} INFO - [2023-08-07T10:58:09.426+0000] {dag.py:2742} INFO - Sync 1 DAGs
[2023-08-07T10:58:09.440+0000] {logging_mixin.py:150} INFO - [2023-08-07T10:58:09.440+0000] {dag.py:3508} INFO - Setting next_dagrun for example_kubernetes_executor to None, run_after=None
[2023-08-07T10:58:09.450+0000] {processor.py:179} INFO - Processing /home/airflow/.local/lib/python3.7/site-packages/airflow/example_dags/example_kubernetes_executor.py took 0.157 seconds
[2023-08-07T10:58:39.693+0000] {processor.py:157} INFO - Started process (PID=1794) to work on /home/airflow/.local/lib/python3.7/site-packages/airflow/example_dags/example_kubernetes_executor.py
[2023-08-07T10:58:39.694+0000] {processor.py:826} INFO - Processing file /home/airflow/.local/lib/python3.7/site-packages/airflow/example_dags/example_kubernetes_executor.py for tasks to queue
[2023-08-07T10:58:39.695+0000] {logging_mixin.py:150} INFO - [2023-08-07T10:58:39.694+0000] {dagbag.py:541} INFO - Filling up the DagBag from /home/airflow/.local/lib/python3.7/site-packages/airflow/example_dags/example_kubernetes_executor.py
[2023-08-07T10:58:39.795+0000] {processor.py:836} INFO - DAG(s) dict_keys(['example_kubernetes_executor']) retrieved from /home/airflow/.local/lib/python3.7/site-packages/airflow/example_dags/example_kubernetes_executor.py
[2023-08-07T10:58:39.819+0000] {logging_mixin.py:150} INFO - [2023-08-07T10:58:39.819+0000] {dag.py:2742} INFO - Sync 1 DAGs
[2023-08-07T10:58:39.833+0000] {logging_mixin.py:150} INFO - [2023-08-07T10:58:39.833+0000] {dag.py:3508} INFO - Setting next_dagrun for example_kubernetes_executor to None, run_after=None
[2023-08-07T10:58:39.843+0000] {processor.py:179} INFO - Processing /home/airflow/.local/lib/python3.7/site-packages/airflow/example_dags/example_kubernetes_executor.py took 0.152 seconds
[2023-08-07T10:59:10.033+0000] {processor.py:157} INFO - Started process (PID=1852) to work on /home/airflow/.local/lib/python3.7/site-packages/airflow/example_dags/example_kubernetes_executor.py
[2023-08-07T10:59:10.034+0000] {processor.py:826} INFO - Processing file /home/airflow/.local/lib/python3.7/site-packages/airflow/example_dags/example_kubernetes_executor.py for tasks to queue
[2023-08-07T10:59:10.035+0000] {logging_mixin.py:150} INFO - [2023-08-07T10:59:10.035+0000] {dagbag.py:541} INFO - Filling up the DagBag from /home/airflow/.local/lib/python3.7/site-packages/airflow/example_dags/example_kubernetes_executor.py
[2023-08-07T10:59:10.133+0000] {processor.py:836} INFO - DAG(s) dict_keys(['example_kubernetes_executor']) retrieved from /home/airflow/.local/lib/python3.7/site-packages/airflow/example_dags/example_kubernetes_executor.py
[2023-08-07T10:59:10.233+0000] {logging_mixin.py:150} INFO - [2023-08-07T10:59:10.233+0000] {dag.py:2742} INFO - Sync 1 DAGs
[2023-08-07T10:59:10.246+0000] {logging_mixin.py:150} INFO - [2023-08-07T10:59:10.245+0000] {dag.py:3508} INFO - Setting next_dagrun for example_kubernetes_executor to None, run_after=None
[2023-08-07T10:59:10.254+0000] {processor.py:179} INFO - Processing /home/airflow/.local/lib/python3.7/site-packages/airflow/example_dags/example_kubernetes_executor.py took 0.223 seconds
[2023-08-07T10:59:40.324+0000] {processor.py:157} INFO - Started process (PID=1910) to work on /home/airflow/.local/lib/python3.7/site-packages/airflow/example_dags/example_kubernetes_executor.py
[2023-08-07T10:59:40.325+0000] {processor.py:826} INFO - Processing file /home/airflow/.local/lib/python3.7/site-packages/airflow/example_dags/example_kubernetes_executor.py for tasks to queue
[2023-08-07T10:59:40.326+0000] {logging_mixin.py:150} INFO - [2023-08-07T10:59:40.326+0000] {dagbag.py:541} INFO - Filling up the DagBag from /home/airflow/.local/lib/python3.7/site-packages/airflow/example_dags/example_kubernetes_executor.py
[2023-08-07T10:59:40.426+0000] {processor.py:836} INFO - DAG(s) dict_keys(['example_kubernetes_executor']) retrieved from /home/airflow/.local/lib/python3.7/site-packages/airflow/example_dags/example_kubernetes_executor.py
[2023-08-07T10:59:40.451+0000] {logging_mixin.py:150} INFO - [2023-08-07T10:59:40.451+0000] {dag.py:2742} INFO - Sync 1 DAGs
[2023-08-07T10:59:40.548+0000] {logging_mixin.py:150} INFO - [2023-08-07T10:59:40.547+0000] {dag.py:3508} INFO - Setting next_dagrun for example_kubernetes_executor to None, run_after=None
[2023-08-07T10:59:40.558+0000] {processor.py:179} INFO - Processing /home/airflow/.local/lib/python3.7/site-packages/airflow/example_dags/example_kubernetes_executor.py took 0.236 seconds
[2023-08-07T11:00:11.560+0000] {processor.py:157} INFO - Started process (PID=1968) to work on /home/airflow/.local/lib/python3.7/site-packages/airflow/example_dags/example_kubernetes_executor.py
[2023-08-07T11:00:11.562+0000] {processor.py:826} INFO - Processing file /home/airflow/.local/lib/python3.7/site-packages/airflow/example_dags/example_kubernetes_executor.py for tasks to queue
[2023-08-07T11:00:11.563+0000] {logging_mixin.py:150} INFO - [2023-08-07T11:00:11.563+0000] {dagbag.py:541} INFO - Filling up the DagBag from /home/airflow/.local/lib/python3.7/site-packages/airflow/example_dags/example_kubernetes_executor.py
[2023-08-07T11:00:11.671+0000] {processor.py:836} INFO - DAG(s) dict_keys(['example_kubernetes_executor']) retrieved from /home/airflow/.local/lib/python3.7/site-packages/airflow/example_dags/example_kubernetes_executor.py
[2023-08-07T11:00:11.695+0000] {logging_mixin.py:150} INFO - [2023-08-07T11:00:11.695+0000] {dag.py:2742} INFO - Sync 1 DAGs
[2023-08-07T11:00:11.787+0000] {logging_mixin.py:150} INFO - [2023-08-07T11:00:11.787+0000] {dag.py:3508} INFO - Setting next_dagrun for example_kubernetes_executor to None, run_after=None
[2023-08-07T11:00:11.796+0000] {processor.py:179} INFO - Processing /home/airflow/.local/lib/python3.7/site-packages/airflow/example_dags/example_kubernetes_executor.py took 0.240 seconds
[2023-08-07T11:00:41.929+0000] {processor.py:157} INFO - Started process (PID=2026) to work on /home/airflow/.local/lib/python3.7/site-packages/airflow/example_dags/example_kubernetes_executor.py
[2023-08-07T11:00:41.932+0000] {processor.py:826} INFO - Processing file /home/airflow/.local/lib/python3.7/site-packages/airflow/example_dags/example_kubernetes_executor.py for tasks to queue
[2023-08-07T11:00:41.933+0000] {logging_mixin.py:150} INFO - [2023-08-07T11:00:41.933+0000] {dagbag.py:541} INFO - Filling up the DagBag from /home/airflow/.local/lib/python3.7/site-packages/airflow/example_dags/example_kubernetes_executor.py
[2023-08-07T11:00:42.048+0000] {processor.py:836} INFO - DAG(s) dict_keys(['example_kubernetes_executor']) retrieved from /home/airflow/.local/lib/python3.7/site-packages/airflow/example_dags/example_kubernetes_executor.py
[2023-08-07T11:00:42.148+0000] {logging_mixin.py:150} INFO - [2023-08-07T11:00:42.148+0000] {dag.py:2742} INFO - Sync 1 DAGs
[2023-08-07T11:00:42.160+0000] {logging_mixin.py:150} INFO - [2023-08-07T11:00:42.160+0000] {dag.py:3508} INFO - Setting next_dagrun for example_kubernetes_executor to None, run_after=None
[2023-08-07T11:00:42.168+0000] {processor.py:179} INFO - Processing /home/airflow/.local/lib/python3.7/site-packages/airflow/example_dags/example_kubernetes_executor.py took 0.245 seconds
[2023-08-07T11:01:12.322+0000] {processor.py:157} INFO - Started process (PID=2084) to work on /home/airflow/.local/lib/python3.7/site-packages/airflow/example_dags/example_kubernetes_executor.py
[2023-08-07T11:01:12.324+0000] {processor.py:826} INFO - Processing file /home/airflow/.local/lib/python3.7/site-packages/airflow/example_dags/example_kubernetes_executor.py for tasks to queue
[2023-08-07T11:01:12.326+0000] {logging_mixin.py:150} INFO - [2023-08-07T11:01:12.326+0000] {dagbag.py:541} INFO - Filling up the DagBag from /home/airflow/.local/lib/python3.7/site-packages/airflow/example_dags/example_kubernetes_executor.py
[2023-08-07T11:01:12.434+0000] {processor.py:836} INFO - DAG(s) dict_keys(['example_kubernetes_executor']) retrieved from /home/airflow/.local/lib/python3.7/site-packages/airflow/example_dags/example_kubernetes_executor.py
[2023-08-07T11:01:12.534+0000] {logging_mixin.py:150} INFO - [2023-08-07T11:01:12.534+0000] {dag.py:2742} INFO - Sync 1 DAGs
[2023-08-07T11:01:12.546+0000] {logging_mixin.py:150} INFO - [2023-08-07T11:01:12.546+0000] {dag.py:3508} INFO - Setting next_dagrun for example_kubernetes_executor to None, run_after=None
[2023-08-07T11:01:12.555+0000] {processor.py:179} INFO - Processing /home/airflow/.local/lib/python3.7/site-packages/airflow/example_dags/example_kubernetes_executor.py took 0.240 seconds
[2023-08-07T11:01:42.663+0000] {processor.py:157} INFO - Started process (PID=2142) to work on /home/airflow/.local/lib/python3.7/site-packages/airflow/example_dags/example_kubernetes_executor.py
[2023-08-07T11:01:42.665+0000] {processor.py:826} INFO - Processing file /home/airflow/.local/lib/python3.7/site-packages/airflow/example_dags/example_kubernetes_executor.py for tasks to queue
[2023-08-07T11:01:42.666+0000] {logging_mixin.py:150} INFO - [2023-08-07T11:01:42.666+0000] {dagbag.py:541} INFO - Filling up the DagBag from /home/airflow/.local/lib/python3.7/site-packages/airflow/example_dags/example_kubernetes_executor.py
[2023-08-07T11:01:42.857+0000] {processor.py:836} INFO - DAG(s) dict_keys(['example_kubernetes_executor']) retrieved from /home/airflow/.local/lib/python3.7/site-packages/airflow/example_dags/example_kubernetes_executor.py
[2023-08-07T11:01:42.878+0000] {logging_mixin.py:150} INFO - [2023-08-07T11:01:42.877+0000] {dag.py:2742} INFO - Sync 1 DAGs
[2023-08-07T11:01:42.890+0000] {logging_mixin.py:150} INFO - [2023-08-07T11:01:42.889+0000] {dag.py:3508} INFO - Setting next_dagrun for example_kubernetes_executor to None, run_after=None
[2023-08-07T11:01:42.898+0000] {processor.py:179} INFO - Processing /home/airflow/.local/lib/python3.7/site-packages/airflow/example_dags/example_kubernetes_executor.py took 0.240 seconds
[2023-08-07T11:02:13.804+0000] {processor.py:157} INFO - Started process (PID=2200) to work on /home/airflow/.local/lib/python3.7/site-packages/airflow/example_dags/example_kubernetes_executor.py
[2023-08-07T11:02:13.807+0000] {processor.py:826} INFO - Processing file /home/airflow/.local/lib/python3.7/site-packages/airflow/example_dags/example_kubernetes_executor.py for tasks to queue
[2023-08-07T11:02:13.809+0000] {logging_mixin.py:150} INFO - [2023-08-07T11:02:13.809+0000] {dagbag.py:541} INFO - Filling up the DagBag from /home/airflow/.local/lib/python3.7/site-packages/airflow/example_dags/example_kubernetes_executor.py
[2023-08-07T11:02:13.990+0000] {processor.py:836} INFO - DAG(s) dict_keys(['example_kubernetes_executor']) retrieved from /home/airflow/.local/lib/python3.7/site-packages/airflow/example_dags/example_kubernetes_executor.py
[2023-08-07T11:02:14.010+0000] {logging_mixin.py:150} INFO - [2023-08-07T11:02:14.010+0000] {dag.py:2742} INFO - Sync 1 DAGs
[2023-08-07T11:02:14.023+0000] {logging_mixin.py:150} INFO - [2023-08-07T11:02:14.022+0000] {dag.py:3508} INFO - Setting next_dagrun for example_kubernetes_executor to None, run_after=None
[2023-08-07T11:02:14.030+0000] {processor.py:179} INFO - Processing /home/airflow/.local/lib/python3.7/site-packages/airflow/example_dags/example_kubernetes_executor.py took 0.232 seconds
[2023-08-07T11:02:44.231+0000] {processor.py:157} INFO - Started process (PID=2258) to work on /home/airflow/.local/lib/python3.7/site-packages/airflow/example_dags/example_kubernetes_executor.py
[2023-08-07T11:02:44.233+0000] {processor.py:826} INFO - Processing file /home/airflow/.local/lib/python3.7/site-packages/airflow/example_dags/example_kubernetes_executor.py for tasks to queue
[2023-08-07T11:02:44.234+0000] {logging_mixin.py:150} INFO - [2023-08-07T11:02:44.234+0000] {dagbag.py:541} INFO - Filling up the DagBag from /home/airflow/.local/lib/python3.7/site-packages/airflow/example_dags/example_kubernetes_executor.py
[2023-08-07T11:02:44.345+0000] {processor.py:836} INFO - DAG(s) dict_keys(['example_kubernetes_executor']) retrieved from /home/airflow/.local/lib/python3.7/site-packages/airflow/example_dags/example_kubernetes_executor.py
[2023-08-07T11:02:44.441+0000] {logging_mixin.py:150} INFO - [2023-08-07T11:02:44.440+0000] {dag.py:2742} INFO - Sync 1 DAGs
[2023-08-07T11:02:44.453+0000] {logging_mixin.py:150} INFO - [2023-08-07T11:02:44.453+0000] {dag.py:3508} INFO - Setting next_dagrun for example_kubernetes_executor to None, run_after=None
[2023-08-07T11:02:44.462+0000] {processor.py:179} INFO - Processing /home/airflow/.local/lib/python3.7/site-packages/airflow/example_dags/example_kubernetes_executor.py took 0.237 seconds
[2023-08-07T11:03:15.281+0000] {processor.py:157} INFO - Started process (PID=2317) to work on /home/airflow/.local/lib/python3.7/site-packages/airflow/example_dags/example_kubernetes_executor.py
[2023-08-07T11:03:15.283+0000] {processor.py:826} INFO - Processing file /home/airflow/.local/lib/python3.7/site-packages/airflow/example_dags/example_kubernetes_executor.py for tasks to queue
[2023-08-07T11:03:15.285+0000] {logging_mixin.py:150} INFO - [2023-08-07T11:03:15.284+0000] {dagbag.py:541} INFO - Filling up the DagBag from /home/airflow/.local/lib/python3.7/site-packages/airflow/example_dags/example_kubernetes_executor.py
[2023-08-07T11:03:15.476+0000] {processor.py:836} INFO - DAG(s) dict_keys(['example_kubernetes_executor']) retrieved from /home/airflow/.local/lib/python3.7/site-packages/airflow/example_dags/example_kubernetes_executor.py
[2023-08-07T11:03:15.497+0000] {logging_mixin.py:150} INFO - [2023-08-07T11:03:15.497+0000] {dag.py:2742} INFO - Sync 1 DAGs
[2023-08-07T11:03:15.509+0000] {logging_mixin.py:150} INFO - [2023-08-07T11:03:15.509+0000] {dag.py:3508} INFO - Setting next_dagrun for example_kubernetes_executor to None, run_after=None
[2023-08-07T11:03:15.517+0000] {processor.py:179} INFO - Processing /home/airflow/.local/lib/python3.7/site-packages/airflow/example_dags/example_kubernetes_executor.py took 0.242 seconds
[2023-08-07T11:03:45.815+0000] {processor.py:157} INFO - Started process (PID=2375) to work on /home/airflow/.local/lib/python3.7/site-packages/airflow/example_dags/example_kubernetes_executor.py
[2023-08-07T11:03:45.817+0000] {processor.py:826} INFO - Processing file /home/airflow/.local/lib/python3.7/site-packages/airflow/example_dags/example_kubernetes_executor.py for tasks to queue
[2023-08-07T11:03:45.818+0000] {logging_mixin.py:150} INFO - [2023-08-07T11:03:45.818+0000] {dagbag.py:541} INFO - Filling up the DagBag from /home/airflow/.local/lib/python3.7/site-packages/airflow/example_dags/example_kubernetes_executor.py
[2023-08-07T11:03:46.006+0000] {processor.py:836} INFO - DAG(s) dict_keys(['example_kubernetes_executor']) retrieved from /home/airflow/.local/lib/python3.7/site-packages/airflow/example_dags/example_kubernetes_executor.py
[2023-08-07T11:03:46.028+0000] {logging_mixin.py:150} INFO - [2023-08-07T11:03:46.028+0000] {dag.py:2742} INFO - Sync 1 DAGs
[2023-08-07T11:03:46.040+0000] {logging_mixin.py:150} INFO - [2023-08-07T11:03:46.040+0000] {dag.py:3508} INFO - Setting next_dagrun for example_kubernetes_executor to None, run_after=None
[2023-08-07T11:03:46.050+0000] {processor.py:179} INFO - Processing /home/airflow/.local/lib/python3.7/site-packages/airflow/example_dags/example_kubernetes_executor.py took 0.242 seconds
[2023-08-07T11:04:17.071+0000] {processor.py:157} INFO - Started process (PID=2433) to work on /home/airflow/.local/lib/python3.7/site-packages/airflow/example_dags/example_kubernetes_executor.py
[2023-08-07T11:04:17.072+0000] {processor.py:826} INFO - Processing file /home/airflow/.local/lib/python3.7/site-packages/airflow/example_dags/example_kubernetes_executor.py for tasks to queue
[2023-08-07T11:04:17.073+0000] {logging_mixin.py:150} INFO - [2023-08-07T11:04:17.073+0000] {dagbag.py:541} INFO - Filling up the DagBag from /home/airflow/.local/lib/python3.7/site-packages/airflow/example_dags/example_kubernetes_executor.py
[2023-08-07T11:04:17.264+0000] {processor.py:836} INFO - DAG(s) dict_keys(['example_kubernetes_executor']) retrieved from /home/airflow/.local/lib/python3.7/site-packages/airflow/example_dags/example_kubernetes_executor.py
[2023-08-07T11:04:17.287+0000] {logging_mixin.py:150} INFO - [2023-08-07T11:04:17.287+0000] {dag.py:2742} INFO - Sync 1 DAGs
[2023-08-07T11:04:17.301+0000] {logging_mixin.py:150} INFO - [2023-08-07T11:04:17.301+0000] {dag.py:3508} INFO - Setting next_dagrun for example_kubernetes_executor to None, run_after=None
[2023-08-07T11:04:17.311+0000] {processor.py:179} INFO - Processing /home/airflow/.local/lib/python3.7/site-packages/airflow/example_dags/example_kubernetes_executor.py took 0.242 seconds
[2023-08-07T11:04:47.496+0000] {processor.py:157} INFO - Started process (PID=2491) to work on /home/airflow/.local/lib/python3.7/site-packages/airflow/example_dags/example_kubernetes_executor.py
[2023-08-07T11:04:47.497+0000] {processor.py:826} INFO - Processing file /home/airflow/.local/lib/python3.7/site-packages/airflow/example_dags/example_kubernetes_executor.py for tasks to queue
[2023-08-07T11:04:47.498+0000] {logging_mixin.py:150} INFO - [2023-08-07T11:04:47.498+0000] {dagbag.py:541} INFO - Filling up the DagBag from /home/airflow/.local/lib/python3.7/site-packages/airflow/example_dags/example_kubernetes_executor.py
[2023-08-07T11:04:47.686+0000] {processor.py:836} INFO - DAG(s) dict_keys(['example_kubernetes_executor']) retrieved from /home/airflow/.local/lib/python3.7/site-packages/airflow/example_dags/example_kubernetes_executor.py
[2023-08-07T11:04:47.707+0000] {logging_mixin.py:150} INFO - [2023-08-07T11:04:47.707+0000] {dag.py:2742} INFO - Sync 1 DAGs
[2023-08-07T11:04:47.720+0000] {logging_mixin.py:150} INFO - [2023-08-07T11:04:47.720+0000] {dag.py:3508} INFO - Setting next_dagrun for example_kubernetes_executor to None, run_after=None
[2023-08-07T11:04:47.729+0000] {processor.py:179} INFO - Processing /home/airflow/.local/lib/python3.7/site-packages/airflow/example_dags/example_kubernetes_executor.py took 0.236 seconds
[2023-08-07T11:05:17.865+0000] {processor.py:157} INFO - Started process (PID=2549) to work on /home/airflow/.local/lib/python3.7/site-packages/airflow/example_dags/example_kubernetes_executor.py
[2023-08-07T11:05:17.867+0000] {processor.py:826} INFO - Processing file /home/airflow/.local/lib/python3.7/site-packages/airflow/example_dags/example_kubernetes_executor.py for tasks to queue
[2023-08-07T11:05:17.868+0000] {logging_mixin.py:150} INFO - [2023-08-07T11:05:17.868+0000] {dagbag.py:541} INFO - Filling up the DagBag from /home/airflow/.local/lib/python3.7/site-packages/airflow/example_dags/example_kubernetes_executor.py
[2023-08-07T11:05:18.065+0000] {processor.py:836} INFO - DAG(s) dict_keys(['example_kubernetes_executor']) retrieved from /home/airflow/.local/lib/python3.7/site-packages/airflow/example_dags/example_kubernetes_executor.py
[2023-08-07T11:05:18.087+0000] {logging_mixin.py:150} INFO - [2023-08-07T11:05:18.087+0000] {dag.py:2742} INFO - Sync 1 DAGs
[2023-08-07T11:05:18.099+0000] {logging_mixin.py:150} INFO - [2023-08-07T11:05:18.099+0000] {dag.py:3508} INFO - Setting next_dagrun for example_kubernetes_executor to None, run_after=None
[2023-08-07T11:05:18.110+0000] {processor.py:179} INFO - Processing /home/airflow/.local/lib/python3.7/site-packages/airflow/example_dags/example_kubernetes_executor.py took 0.251 seconds
[2023-08-07T11:05:48.193+0000] {processor.py:157} INFO - Started process (PID=2610) to work on /home/airflow/.local/lib/python3.7/site-packages/airflow/example_dags/example_kubernetes_executor.py
[2023-08-07T11:05:48.194+0000] {processor.py:826} INFO - Processing file /home/airflow/.local/lib/python3.7/site-packages/airflow/example_dags/example_kubernetes_executor.py for tasks to queue
[2023-08-07T11:05:48.195+0000] {logging_mixin.py:150} INFO - [2023-08-07T11:05:48.195+0000] {dagbag.py:541} INFO - Filling up the DagBag from /home/airflow/.local/lib/python3.7/site-packages/airflow/example_dags/example_kubernetes_executor.py
[2023-08-07T11:05:48.365+0000] {processor.py:836} INFO - DAG(s) dict_keys(['example_kubernetes_executor']) retrieved from /home/airflow/.local/lib/python3.7/site-packages/airflow/example_dags/example_kubernetes_executor.py
[2023-08-07T11:05:48.386+0000] {logging_mixin.py:150} INFO - [2023-08-07T11:05:48.386+0000] {dag.py:2742} INFO - Sync 1 DAGs
[2023-08-07T11:05:48.398+0000] {logging_mixin.py:150} INFO - [2023-08-07T11:05:48.398+0000] {dag.py:3508} INFO - Setting next_dagrun for example_kubernetes_executor to None, run_after=None
[2023-08-07T11:05:48.407+0000] {processor.py:179} INFO - Processing /home/airflow/.local/lib/python3.7/site-packages/airflow/example_dags/example_kubernetes_executor.py took 0.216 seconds
[2023-08-07T11:06:18.522+0000] {processor.py:157} INFO - Started process (PID=2666) to work on /home/airflow/.local/lib/python3.7/site-packages/airflow/example_dags/example_kubernetes_executor.py
[2023-08-07T11:06:18.524+0000] {processor.py:826} INFO - Processing file /home/airflow/.local/lib/python3.7/site-packages/airflow/example_dags/example_kubernetes_executor.py for tasks to queue
[2023-08-07T11:06:18.526+0000] {logging_mixin.py:150} INFO - [2023-08-07T11:06:18.525+0000] {dagbag.py:541} INFO - Filling up the DagBag from /home/airflow/.local/lib/python3.7/site-packages/airflow/example_dags/example_kubernetes_executor.py
[2023-08-07T11:06:18.728+0000] {processor.py:836} INFO - DAG(s) dict_keys(['example_kubernetes_executor']) retrieved from /home/airflow/.local/lib/python3.7/site-packages/airflow/example_dags/example_kubernetes_executor.py
[2023-08-07T11:06:18.748+0000] {logging_mixin.py:150} INFO - [2023-08-07T11:06:18.748+0000] {dag.py:2742} INFO - Sync 1 DAGs
[2023-08-07T11:06:18.761+0000] {logging_mixin.py:150} INFO - [2023-08-07T11:06:18.761+0000] {dag.py:3508} INFO - Setting next_dagrun for example_kubernetes_executor to None, run_after=None
[2023-08-07T11:06:18.769+0000] {processor.py:179} INFO - Processing /home/airflow/.local/lib/python3.7/site-packages/airflow/example_dags/example_kubernetes_executor.py took 0.252 seconds
[2023-08-07T11:06:48.858+0000] {processor.py:157} INFO - Started process (PID=2724) to work on /home/airflow/.local/lib/python3.7/site-packages/airflow/example_dags/example_kubernetes_executor.py
[2023-08-07T11:06:48.860+0000] {processor.py:826} INFO - Processing file /home/airflow/.local/lib/python3.7/site-packages/airflow/example_dags/example_kubernetes_executor.py for tasks to queue
[2023-08-07T11:06:48.862+0000] {logging_mixin.py:150} INFO - [2023-08-07T11:06:48.861+0000] {dagbag.py:541} INFO - Filling up the DagBag from /home/airflow/.local/lib/python3.7/site-packages/airflow/example_dags/example_kubernetes_executor.py
[2023-08-07T11:06:49.058+0000] {processor.py:836} INFO - DAG(s) dict_keys(['example_kubernetes_executor']) retrieved from /home/airflow/.local/lib/python3.7/site-packages/airflow/example_dags/example_kubernetes_executor.py
[2023-08-07T11:06:49.079+0000] {logging_mixin.py:150} INFO - [2023-08-07T11:06:49.079+0000] {dag.py:2742} INFO - Sync 1 DAGs
[2023-08-07T11:06:49.092+0000] {logging_mixin.py:150} INFO - [2023-08-07T11:06:49.092+0000] {dag.py:3508} INFO - Setting next_dagrun for example_kubernetes_executor to None, run_after=None
[2023-08-07T11:06:49.101+0000] {processor.py:179} INFO - Processing /home/airflow/.local/lib/python3.7/site-packages/airflow/example_dags/example_kubernetes_executor.py took 0.250 seconds
[2023-08-07T11:07:19.148+0000] {processor.py:157} INFO - Started process (PID=2784) to work on /home/airflow/.local/lib/python3.7/site-packages/airflow/example_dags/example_kubernetes_executor.py
[2023-08-07T11:07:19.148+0000] {processor.py:826} INFO - Processing file /home/airflow/.local/lib/python3.7/site-packages/airflow/example_dags/example_kubernetes_executor.py for tasks to queue
[2023-08-07T11:07:19.149+0000] {logging_mixin.py:150} INFO - [2023-08-07T11:07:19.149+0000] {dagbag.py:541} INFO - Filling up the DagBag from /home/airflow/.local/lib/python3.7/site-packages/airflow/example_dags/example_kubernetes_executor.py
[2023-08-07T11:07:19.335+0000] {processor.py:836} INFO - DAG(s) dict_keys(['example_kubernetes_executor']) retrieved from /home/airflow/.local/lib/python3.7/site-packages/airflow/example_dags/example_kubernetes_executor.py
[2023-08-07T11:07:19.355+0000] {logging_mixin.py:150} INFO - [2023-08-07T11:07:19.355+0000] {dag.py:2742} INFO - Sync 1 DAGs
[2023-08-07T11:07:19.367+0000] {logging_mixin.py:150} INFO - [2023-08-07T11:07:19.367+0000] {dag.py:3508} INFO - Setting next_dagrun for example_kubernetes_executor to None, run_after=None
[2023-08-07T11:07:19.377+0000] {processor.py:179} INFO - Processing /home/airflow/.local/lib/python3.7/site-packages/airflow/example_dags/example_kubernetes_executor.py took 0.232 seconds
[2023-08-07T11:07:49.451+0000] {processor.py:157} INFO - Started process (PID=2843) to work on /home/airflow/.local/lib/python3.7/site-packages/airflow/example_dags/example_kubernetes_executor.py
[2023-08-07T11:07:49.452+0000] {processor.py:826} INFO - Processing file /home/airflow/.local/lib/python3.7/site-packages/airflow/example_dags/example_kubernetes_executor.py for tasks to queue
[2023-08-07T11:07:49.453+0000] {logging_mixin.py:150} INFO - [2023-08-07T11:07:49.452+0000] {dagbag.py:541} INFO - Filling up the DagBag from /home/airflow/.local/lib/python3.7/site-packages/airflow/example_dags/example_kubernetes_executor.py
[2023-08-07T11:07:49.633+0000] {processor.py:836} INFO - DAG(s) dict_keys(['example_kubernetes_executor']) retrieved from /home/airflow/.local/lib/python3.7/site-packages/airflow/example_dags/example_kubernetes_executor.py
[2023-08-07T11:07:49.653+0000] {logging_mixin.py:150} INFO - [2023-08-07T11:07:49.653+0000] {dag.py:2742} INFO - Sync 1 DAGs
[2023-08-07T11:07:49.665+0000] {logging_mixin.py:150} INFO - [2023-08-07T11:07:49.665+0000] {dag.py:3508} INFO - Setting next_dagrun for example_kubernetes_executor to None, run_after=None
[2023-08-07T11:07:49.674+0000] {processor.py:179} INFO - Processing /home/airflow/.local/lib/python3.7/site-packages/airflow/example_dags/example_kubernetes_executor.py took 0.226 seconds
[2023-08-07T11:08:19.739+0000] {processor.py:157} INFO - Started process (PID=2898) to work on /home/airflow/.local/lib/python3.7/site-packages/airflow/example_dags/example_kubernetes_executor.py
[2023-08-07T11:08:19.741+0000] {processor.py:826} INFO - Processing file /home/airflow/.local/lib/python3.7/site-packages/airflow/example_dags/example_kubernetes_executor.py for tasks to queue
[2023-08-07T11:08:19.743+0000] {logging_mixin.py:150} INFO - [2023-08-07T11:08:19.743+0000] {dagbag.py:541} INFO - Filling up the DagBag from /home/airflow/.local/lib/python3.7/site-packages/airflow/example_dags/example_kubernetes_executor.py
[2023-08-07T11:08:19.940+0000] {processor.py:836} INFO - DAG(s) dict_keys(['example_kubernetes_executor']) retrieved from /home/airflow/.local/lib/python3.7/site-packages/airflow/example_dags/example_kubernetes_executor.py
[2023-08-07T11:08:19.960+0000] {logging_mixin.py:150} INFO - [2023-08-07T11:08:19.960+0000] {dag.py:2742} INFO - Sync 1 DAGs
[2023-08-07T11:08:19.973+0000] {logging_mixin.py:150} INFO - [2023-08-07T11:08:19.973+0000] {dag.py:3508} INFO - Setting next_dagrun for example_kubernetes_executor to None, run_after=None
[2023-08-07T11:08:19.982+0000] {processor.py:179} INFO - Processing /home/airflow/.local/lib/python3.7/site-packages/airflow/example_dags/example_kubernetes_executor.py took 0.249 seconds
[2023-08-07T11:10:07.241+0000] {processor.py:157} INFO - Started process (PID=2942) to work on /home/airflow/.local/lib/python3.7/site-packages/airflow/example_dags/example_kubernetes_executor.py
[2023-08-07T11:10:07.242+0000] {processor.py:826} INFO - Processing file /home/airflow/.local/lib/python3.7/site-packages/airflow/example_dags/example_kubernetes_executor.py for tasks to queue
[2023-08-07T11:10:07.243+0000] {logging_mixin.py:150} INFO - [2023-08-07T11:10:07.242+0000] {dagbag.py:541} INFO - Filling up the DagBag from /home/airflow/.local/lib/python3.7/site-packages/airflow/example_dags/example_kubernetes_executor.py
[2023-08-07T11:10:07.476+0000] {processor.py:836} INFO - DAG(s) dict_keys(['example_kubernetes_executor']) retrieved from /home/airflow/.local/lib/python3.7/site-packages/airflow/example_dags/example_kubernetes_executor.py
[2023-08-07T11:10:07.496+0000] {logging_mixin.py:150} INFO - [2023-08-07T11:10:07.496+0000] {dag.py:2742} INFO - Sync 1 DAGs
[2023-08-07T11:10:07.508+0000] {logging_mixin.py:150} INFO - [2023-08-07T11:10:07.508+0000] {dag.py:3508} INFO - Setting next_dagrun for example_kubernetes_executor to None, run_after=None
[2023-08-07T11:10:07.519+0000] {processor.py:179} INFO - Processing /home/airflow/.local/lib/python3.7/site-packages/airflow/example_dags/example_kubernetes_executor.py took 0.281 seconds
[2023-08-07T11:10:37.589+0000] {processor.py:157} INFO - Started process (PID=3003) to work on /home/airflow/.local/lib/python3.7/site-packages/airflow/example_dags/example_kubernetes_executor.py
[2023-08-07T11:10:37.590+0000] {processor.py:826} INFO - Processing file /home/airflow/.local/lib/python3.7/site-packages/airflow/example_dags/example_kubernetes_executor.py for tasks to queue
[2023-08-07T11:10:37.591+0000] {logging_mixin.py:150} INFO - [2023-08-07T11:10:37.590+0000] {dagbag.py:541} INFO - Filling up the DagBag from /home/airflow/.local/lib/python3.7/site-packages/airflow/example_dags/example_kubernetes_executor.py
[2023-08-07T11:10:37.804+0000] {processor.py:836} INFO - DAG(s) dict_keys(['example_kubernetes_executor']) retrieved from /home/airflow/.local/lib/python3.7/site-packages/airflow/example_dags/example_kubernetes_executor.py
[2023-08-07T11:10:37.827+0000] {logging_mixin.py:150} INFO - [2023-08-07T11:10:37.827+0000] {dag.py:2742} INFO - Sync 1 DAGs
[2023-08-07T11:10:37.838+0000] {logging_mixin.py:150} INFO - [2023-08-07T11:10:37.838+0000] {dag.py:3508} INFO - Setting next_dagrun for example_kubernetes_executor to None, run_after=None
[2023-08-07T11:10:37.847+0000] {processor.py:179} INFO - Processing /home/airflow/.local/lib/python3.7/site-packages/airflow/example_dags/example_kubernetes_executor.py took 0.261 seconds
[2023-08-07T11:26:03.478+0000] {processor.py:157} INFO - Started process (PID=3058) to work on /home/airflow/.local/lib/python3.7/site-packages/airflow/example_dags/example_kubernetes_executor.py
[2023-08-07T11:26:03.479+0000] {processor.py:826} INFO - Processing file /home/airflow/.local/lib/python3.7/site-packages/airflow/example_dags/example_kubernetes_executor.py for tasks to queue
[2023-08-07T11:26:03.480+0000] {logging_mixin.py:150} INFO - [2023-08-07T11:26:03.480+0000] {dagbag.py:541} INFO - Filling up the DagBag from /home/airflow/.local/lib/python3.7/site-packages/airflow/example_dags/example_kubernetes_executor.py
[2023-08-07T11:26:03.795+0000] {processor.py:836} INFO - DAG(s) dict_keys(['example_kubernetes_executor']) retrieved from /home/airflow/.local/lib/python3.7/site-packages/airflow/example_dags/example_kubernetes_executor.py
[2023-08-07T11:26:03.817+0000] {logging_mixin.py:150} INFO - [2023-08-07T11:26:03.817+0000] {dag.py:2742} INFO - Sync 1 DAGs
[2023-08-07T11:26:03.829+0000] {logging_mixin.py:150} INFO - [2023-08-07T11:26:03.829+0000] {dag.py:3508} INFO - Setting next_dagrun for example_kubernetes_executor to None, run_after=None
[2023-08-07T11:26:03.838+0000] {processor.py:179} INFO - Processing /home/airflow/.local/lib/python3.7/site-packages/airflow/example_dags/example_kubernetes_executor.py took 0.362 seconds
[2023-08-07T12:49:01.797+0000] {processor.py:157} INFO - Started process (PID=3116) to work on /home/airflow/.local/lib/python3.7/site-packages/airflow/example_dags/example_kubernetes_executor.py
[2023-08-07T12:49:01.798+0000] {processor.py:826} INFO - Processing file /home/airflow/.local/lib/python3.7/site-packages/airflow/example_dags/example_kubernetes_executor.py for tasks to queue
[2023-08-07T12:49:01.799+0000] {logging_mixin.py:150} INFO - [2023-08-07T12:49:01.798+0000] {dagbag.py:541} INFO - Filling up the DagBag from /home/airflow/.local/lib/python3.7/site-packages/airflow/example_dags/example_kubernetes_executor.py
[2023-08-07T12:49:02.117+0000] {processor.py:836} INFO - DAG(s) dict_keys(['example_kubernetes_executor']) retrieved from /home/airflow/.local/lib/python3.7/site-packages/airflow/example_dags/example_kubernetes_executor.py
[2023-08-07T12:49:02.143+0000] {logging_mixin.py:150} INFO - [2023-08-07T12:49:02.143+0000] {dag.py:2742} INFO - Sync 1 DAGs
[2023-08-07T12:49:02.158+0000] {logging_mixin.py:150} INFO - [2023-08-07T12:49:02.157+0000] {dag.py:3508} INFO - Setting next_dagrun for example_kubernetes_executor to None, run_after=None
[2023-08-07T12:49:02.167+0000] {processor.py:179} INFO - Processing /home/airflow/.local/lib/python3.7/site-packages/airflow/example_dags/example_kubernetes_executor.py took 0.372 seconds
[2023-08-07T13:44:03.478+0000] {processor.py:157} INFO - Started process (PID=3174) to work on /home/airflow/.local/lib/python3.7/site-packages/airflow/example_dags/example_kubernetes_executor.py
[2023-08-07T13:44:03.479+0000] {processor.py:826} INFO - Processing file /home/airflow/.local/lib/python3.7/site-packages/airflow/example_dags/example_kubernetes_executor.py for tasks to queue
[2023-08-07T13:44:03.480+0000] {logging_mixin.py:150} INFO - [2023-08-07T13:44:03.480+0000] {dagbag.py:541} INFO - Filling up the DagBag from /home/airflow/.local/lib/python3.7/site-packages/airflow/example_dags/example_kubernetes_executor.py
[2023-08-07T13:44:03.777+0000] {processor.py:836} INFO - DAG(s) dict_keys(['example_kubernetes_executor']) retrieved from /home/airflow/.local/lib/python3.7/site-packages/airflow/example_dags/example_kubernetes_executor.py
[2023-08-07T13:44:03.801+0000] {logging_mixin.py:150} INFO - [2023-08-07T13:44:03.800+0000] {dag.py:2742} INFO - Sync 1 DAGs
[2023-08-07T13:44:03.813+0000] {logging_mixin.py:150} INFO - [2023-08-07T13:44:03.812+0000] {dag.py:3508} INFO - Setting next_dagrun for example_kubernetes_executor to None, run_after=None
[2023-08-07T13:44:03.822+0000] {processor.py:179} INFO - Processing /home/airflow/.local/lib/python3.7/site-packages/airflow/example_dags/example_kubernetes_executor.py took 0.346 seconds
[2023-08-07T14:43:29.235+0000] {processor.py:157} INFO - Started process (PID=3232) to work on /home/airflow/.local/lib/python3.7/site-packages/airflow/example_dags/example_kubernetes_executor.py
[2023-08-07T14:43:29.236+0000] {processor.py:826} INFO - Processing file /home/airflow/.local/lib/python3.7/site-packages/airflow/example_dags/example_kubernetes_executor.py for tasks to queue
[2023-08-07T14:43:29.236+0000] {logging_mixin.py:150} INFO - [2023-08-07T14:43:29.236+0000] {dagbag.py:541} INFO - Filling up the DagBag from /home/airflow/.local/lib/python3.7/site-packages/airflow/example_dags/example_kubernetes_executor.py
[2023-08-07T14:43:29.544+0000] {processor.py:836} INFO - DAG(s) dict_keys(['example_kubernetes_executor']) retrieved from /home/airflow/.local/lib/python3.7/site-packages/airflow/example_dags/example_kubernetes_executor.py
[2023-08-07T14:43:29.568+0000] {logging_mixin.py:150} INFO - [2023-08-07T14:43:29.568+0000] {dag.py:2742} INFO - Sync 1 DAGs
[2023-08-07T14:43:29.580+0000] {logging_mixin.py:150} INFO - [2023-08-07T14:43:29.580+0000] {dag.py:3508} INFO - Setting next_dagrun for example_kubernetes_executor to None, run_after=None
[2023-08-07T14:43:29.588+0000] {processor.py:179} INFO - Processing /home/airflow/.local/lib/python3.7/site-packages/airflow/example_dags/example_kubernetes_executor.py took 0.355 seconds
[2023-08-07T15:52:31.168+0000] {processor.py:157} INFO - Started process (PID=3290) to work on /home/airflow/.local/lib/python3.7/site-packages/airflow/example_dags/example_kubernetes_executor.py
[2023-08-07T15:52:31.169+0000] {processor.py:826} INFO - Processing file /home/airflow/.local/lib/python3.7/site-packages/airflow/example_dags/example_kubernetes_executor.py for tasks to queue
[2023-08-07T15:52:31.170+0000] {logging_mixin.py:150} INFO - [2023-08-07T15:52:31.170+0000] {dagbag.py:541} INFO - Filling up the DagBag from /home/airflow/.local/lib/python3.7/site-packages/airflow/example_dags/example_kubernetes_executor.py
[2023-08-07T15:52:32.071+0000] {processor.py:836} INFO - DAG(s) dict_keys(['example_kubernetes_executor']) retrieved from /home/airflow/.local/lib/python3.7/site-packages/airflow/example_dags/example_kubernetes_executor.py
[2023-08-07T15:52:32.113+0000] {logging_mixin.py:150} INFO - [2023-08-07T15:52:32.113+0000] {dag.py:2742} INFO - Sync 1 DAGs
[2023-08-07T15:52:32.127+0000] {logging_mixin.py:150} INFO - [2023-08-07T15:52:32.127+0000] {dag.py:3508} INFO - Setting next_dagrun for example_kubernetes_executor to None, run_after=None
[2023-08-07T15:52:32.140+0000] {processor.py:179} INFO - Processing /home/airflow/.local/lib/python3.7/site-packages/airflow/example_dags/example_kubernetes_executor.py took 0.976 seconds
[2023-08-07T17:14:43.461+0000] {processor.py:157} INFO - Started process (PID=3348) to work on /home/airflow/.local/lib/python3.7/site-packages/airflow/example_dags/example_kubernetes_executor.py
[2023-08-07T17:14:43.474+0000] {processor.py:826} INFO - Processing file /home/airflow/.local/lib/python3.7/site-packages/airflow/example_dags/example_kubernetes_executor.py for tasks to queue
[2023-08-07T17:14:43.476+0000] {logging_mixin.py:150} INFO - [2023-08-07T17:14:43.475+0000] {dagbag.py:541} INFO - Filling up the DagBag from /home/airflow/.local/lib/python3.7/site-packages/airflow/example_dags/example_kubernetes_executor.py
[2023-08-07T17:14:43.801+0000] {processor.py:836} INFO - DAG(s) dict_keys(['example_kubernetes_executor']) retrieved from /home/airflow/.local/lib/python3.7/site-packages/airflow/example_dags/example_kubernetes_executor.py
[2023-08-07T17:14:43.827+0000] {logging_mixin.py:150} INFO - [2023-08-07T17:14:43.827+0000] {dag.py:2742} INFO - Sync 1 DAGs
[2023-08-07T17:14:43.840+0000] {logging_mixin.py:150} INFO - [2023-08-07T17:14:43.839+0000] {dag.py:3508} INFO - Setting next_dagrun for example_kubernetes_executor to None, run_after=None
[2023-08-07T17:14:43.849+0000] {processor.py:179} INFO - Processing /home/airflow/.local/lib/python3.7/site-packages/airflow/example_dags/example_kubernetes_executor.py took 0.394 seconds
[2023-08-07T18:12:50.857+0000] {processor.py:157} INFO - Started process (PID=3406) to work on /home/airflow/.local/lib/python3.7/site-packages/airflow/example_dags/example_kubernetes_executor.py
[2023-08-07T18:12:50.858+0000] {processor.py:826} INFO - Processing file /home/airflow/.local/lib/python3.7/site-packages/airflow/example_dags/example_kubernetes_executor.py for tasks to queue
[2023-08-07T18:12:50.858+0000] {logging_mixin.py:150} INFO - [2023-08-07T18:12:50.858+0000] {dagbag.py:541} INFO - Filling up the DagBag from /home/airflow/.local/lib/python3.7/site-packages/airflow/example_dags/example_kubernetes_executor.py
[2023-08-07T18:12:51.169+0000] {processor.py:836} INFO - DAG(s) dict_keys(['example_kubernetes_executor']) retrieved from /home/airflow/.local/lib/python3.7/site-packages/airflow/example_dags/example_kubernetes_executor.py
[2023-08-07T18:12:51.193+0000] {logging_mixin.py:150} INFO - [2023-08-07T18:12:51.193+0000] {dag.py:2742} INFO - Sync 1 DAGs
[2023-08-07T18:12:51.205+0000] {logging_mixin.py:150} INFO - [2023-08-07T18:12:51.205+0000] {dag.py:3508} INFO - Setting next_dagrun for example_kubernetes_executor to None, run_after=None
[2023-08-07T18:12:51.214+0000] {processor.py:179} INFO - Processing /home/airflow/.local/lib/python3.7/site-packages/airflow/example_dags/example_kubernetes_executor.py took 0.360 seconds
[2023-08-07T19:18:06.138+0000] {processor.py:157} INFO - Started process (PID=3464) to work on /home/airflow/.local/lib/python3.7/site-packages/airflow/example_dags/example_kubernetes_executor.py
[2023-08-07T19:18:06.141+0000] {processor.py:826} INFO - Processing file /home/airflow/.local/lib/python3.7/site-packages/airflow/example_dags/example_kubernetes_executor.py for tasks to queue
[2023-08-07T19:18:06.143+0000] {logging_mixin.py:150} INFO - [2023-08-07T19:18:06.142+0000] {dagbag.py:541} INFO - Filling up the DagBag from /home/airflow/.local/lib/python3.7/site-packages/airflow/example_dags/example_kubernetes_executor.py
[2023-08-07T19:18:06.841+0000] {processor.py:836} INFO - DAG(s) dict_keys(['example_kubernetes_executor']) retrieved from /home/airflow/.local/lib/python3.7/site-packages/airflow/example_dags/example_kubernetes_executor.py
[2023-08-07T19:18:06.888+0000] {logging_mixin.py:150} INFO - [2023-08-07T19:18:06.888+0000] {dag.py:2742} INFO - Sync 1 DAGs
[2023-08-07T19:18:06.902+0000] {logging_mixin.py:150} INFO - [2023-08-07T19:18:06.902+0000] {dag.py:3508} INFO - Setting next_dagrun for example_kubernetes_executor to None, run_after=None
[2023-08-07T19:18:06.913+0000] {processor.py:179} INFO - Processing /home/airflow/.local/lib/python3.7/site-packages/airflow/example_dags/example_kubernetes_executor.py took 0.782 seconds
[2023-08-07T20:39:16.273+0000] {processor.py:157} INFO - Started process (PID=3522) to work on /home/airflow/.local/lib/python3.7/site-packages/airflow/example_dags/example_kubernetes_executor.py
[2023-08-07T20:39:16.274+0000] {processor.py:826} INFO - Processing file /home/airflow/.local/lib/python3.7/site-packages/airflow/example_dags/example_kubernetes_executor.py for tasks to queue
[2023-08-07T20:39:16.275+0000] {logging_mixin.py:150} INFO - [2023-08-07T20:39:16.274+0000] {dagbag.py:541} INFO - Filling up the DagBag from /home/airflow/.local/lib/python3.7/site-packages/airflow/example_dags/example_kubernetes_executor.py
[2023-08-07T20:39:16.542+0000] {processor.py:836} INFO - DAG(s) dict_keys(['example_kubernetes_executor']) retrieved from /home/airflow/.local/lib/python3.7/site-packages/airflow/example_dags/example_kubernetes_executor.py
[2023-08-07T20:39:16.565+0000] {logging_mixin.py:150} INFO - [2023-08-07T20:39:16.565+0000] {dag.py:2742} INFO - Sync 1 DAGs
[2023-08-07T20:39:16.576+0000] {logging_mixin.py:150} INFO - [2023-08-07T20:39:16.576+0000] {dag.py:3508} INFO - Setting next_dagrun for example_kubernetes_executor to None, run_after=None
[2023-08-07T20:39:16.586+0000] {processor.py:179} INFO - Processing /home/airflow/.local/lib/python3.7/site-packages/airflow/example_dags/example_kubernetes_executor.py took 0.316 seconds
[2023-08-07T21:49:02.008+0000] {processor.py:157} INFO - Started process (PID=3580) to work on /home/airflow/.local/lib/python3.7/site-packages/airflow/example_dags/example_kubernetes_executor.py
[2023-08-07T21:49:02.009+0000] {processor.py:826} INFO - Processing file /home/airflow/.local/lib/python3.7/site-packages/airflow/example_dags/example_kubernetes_executor.py for tasks to queue
[2023-08-07T21:49:02.010+0000] {logging_mixin.py:150} INFO - [2023-08-07T21:49:02.010+0000] {dagbag.py:541} INFO - Filling up the DagBag from /home/airflow/.local/lib/python3.7/site-packages/airflow/example_dags/example_kubernetes_executor.py
[2023-08-07T21:49:02.316+0000] {processor.py:836} INFO - DAG(s) dict_keys(['example_kubernetes_executor']) retrieved from /home/airflow/.local/lib/python3.7/site-packages/airflow/example_dags/example_kubernetes_executor.py
[2023-08-07T21:49:02.342+0000] {logging_mixin.py:150} INFO - [2023-08-07T21:49:02.342+0000] {dag.py:2742} INFO - Sync 1 DAGs
[2023-08-07T21:49:02.654+0000] {logging_mixin.py:150} INFO - [2023-08-07T21:49:02.653+0000] {dag.py:3508} INFO - Setting next_dagrun for example_kubernetes_executor to None, run_after=None
[2023-08-07T21:49:02.707+0000] {processor.py:179} INFO - Processing /home/airflow/.local/lib/python3.7/site-packages/airflow/example_dags/example_kubernetes_executor.py took 0.701 seconds
[2023-08-07T22:56:32.006+0000] {processor.py:157} INFO - Started process (PID=3638) to work on /home/airflow/.local/lib/python3.7/site-packages/airflow/example_dags/example_kubernetes_executor.py
[2023-08-07T22:56:32.008+0000] {processor.py:826} INFO - Processing file /home/airflow/.local/lib/python3.7/site-packages/airflow/example_dags/example_kubernetes_executor.py for tasks to queue
[2023-08-07T22:56:32.008+0000] {logging_mixin.py:150} INFO - [2023-08-07T22:56:32.008+0000] {dagbag.py:541} INFO - Filling up the DagBag from /home/airflow/.local/lib/python3.7/site-packages/airflow/example_dags/example_kubernetes_executor.py
[2023-08-07T22:56:32.299+0000] {processor.py:836} INFO - DAG(s) dict_keys(['example_kubernetes_executor']) retrieved from /home/airflow/.local/lib/python3.7/site-packages/airflow/example_dags/example_kubernetes_executor.py
[2023-08-07T22:56:32.323+0000] {logging_mixin.py:150} INFO - [2023-08-07T22:56:32.323+0000] {dag.py:2742} INFO - Sync 1 DAGs
[2023-08-07T22:56:32.334+0000] {logging_mixin.py:150} INFO - [2023-08-07T22:56:32.334+0000] {dag.py:3508} INFO - Setting next_dagrun for example_kubernetes_executor to None, run_after=None
[2023-08-07T22:56:32.343+0000] {processor.py:179} INFO - Processing /home/airflow/.local/lib/python3.7/site-packages/airflow/example_dags/example_kubernetes_executor.py took 0.339 seconds
[2023-08-07T23:21:10.198+0000] {processor.py:157} INFO - Started process (PID=3696) to work on /home/airflow/.local/lib/python3.7/site-packages/airflow/example_dags/example_kubernetes_executor.py
[2023-08-07T23:21:10.199+0000] {processor.py:826} INFO - Processing file /home/airflow/.local/lib/python3.7/site-packages/airflow/example_dags/example_kubernetes_executor.py for tasks to queue
[2023-08-07T23:21:10.200+0000] {logging_mixin.py:150} INFO - [2023-08-07T23:21:10.199+0000] {dagbag.py:541} INFO - Filling up the DagBag from /home/airflow/.local/lib/python3.7/site-packages/airflow/example_dags/example_kubernetes_executor.py
[2023-08-07T23:21:10.472+0000] {processor.py:836} INFO - DAG(s) dict_keys(['example_kubernetes_executor']) retrieved from /home/airflow/.local/lib/python3.7/site-packages/airflow/example_dags/example_kubernetes_executor.py
[2023-08-07T23:21:10.494+0000] {logging_mixin.py:150} INFO - [2023-08-07T23:21:10.494+0000] {dag.py:2742} INFO - Sync 1 DAGs
[2023-08-07T23:21:10.506+0000] {logging_mixin.py:150} INFO - [2023-08-07T23:21:10.506+0000] {dag.py:3508} INFO - Setting next_dagrun for example_kubernetes_executor to None, run_after=None
[2023-08-07T23:21:10.515+0000] {processor.py:179} INFO - Processing /home/airflow/.local/lib/python3.7/site-packages/airflow/example_dags/example_kubernetes_executor.py took 0.320 seconds
[2023-08-07T23:36:58.925+0000] {processor.py:157} INFO - Started process (PID=3754) to work on /home/airflow/.local/lib/python3.7/site-packages/airflow/example_dags/example_kubernetes_executor.py
[2023-08-07T23:36:58.927+0000] {processor.py:826} INFO - Processing file /home/airflow/.local/lib/python3.7/site-packages/airflow/example_dags/example_kubernetes_executor.py for tasks to queue
[2023-08-07T23:36:58.928+0000] {logging_mixin.py:150} INFO - [2023-08-07T23:36:58.928+0000] {dagbag.py:541} INFO - Filling up the DagBag from /home/airflow/.local/lib/python3.7/site-packages/airflow/example_dags/example_kubernetes_executor.py
[2023-08-07T23:36:59.557+0000] {processor.py:836} INFO - DAG(s) dict_keys(['example_kubernetes_executor']) retrieved from /home/airflow/.local/lib/python3.7/site-packages/airflow/example_dags/example_kubernetes_executor.py
[2023-08-07T23:36:59.582+0000] {logging_mixin.py:150} INFO - [2023-08-07T23:36:59.582+0000] {dag.py:2742} INFO - Sync 1 DAGs
[2023-08-07T23:36:59.594+0000] {logging_mixin.py:150} INFO - [2023-08-07T23:36:59.594+0000] {dag.py:3508} INFO - Setting next_dagrun for example_kubernetes_executor to None, run_after=None
[2023-08-07T23:36:59.603+0000] {processor.py:179} INFO - Processing /home/airflow/.local/lib/python3.7/site-packages/airflow/example_dags/example_kubernetes_executor.py took 0.685 seconds
