[2023-08-07T10:43:35.107+0000] {processor.py:157} INFO - Started process (PID=71) to work on /home/airflow/.local/lib/python3.7/site-packages/airflow/example_dags/example_task_group.py
[2023-08-07T10:43:35.108+0000] {processor.py:826} INFO - Processing file /home/airflow/.local/lib/python3.7/site-packages/airflow/example_dags/example_task_group.py for tasks to queue
[2023-08-07T10:43:35.109+0000] {logging_mixin.py:150} INFO - [2023-08-07T10:43:35.109+0000] {dagbag.py:541} INFO - Filling up the DagBag from /home/airflow/.local/lib/python3.7/site-packages/airflow/example_dags/example_task_group.py
[2023-08-07T10:43:35.116+0000] {processor.py:836} INFO - DAG(s) dict_keys(['example_task_group']) retrieved from /home/airflow/.local/lib/python3.7/site-packages/airflow/example_dags/example_task_group.py
[2023-08-07T10:43:35.177+0000] {logging_mixin.py:150} INFO - [2023-08-07T10:43:35.177+0000] {manager.py:504} INFO - Created Permission View: can edit on DAG:example_task_group
[2023-08-07T10:43:35.184+0000] {logging_mixin.py:150} INFO - [2023-08-07T10:43:35.184+0000] {manager.py:504} INFO - Created Permission View: can delete on DAG:example_task_group
[2023-08-07T10:43:35.187+0000] {logging_mixin.py:150} INFO - [2023-08-07T10:43:35.187+0000] {manager.py:504} INFO - Created Permission View: can read on DAG:example_task_group
[2023-08-07T10:43:35.195+0000] {logging_mixin.py:150} INFO - [2023-08-07T10:43:35.195+0000] {dag.py:2742} INFO - Sync 1 DAGs
[2023-08-07T10:43:35.202+0000] {logging_mixin.py:150} INFO - [2023-08-07T10:43:35.201+0000] {dag.py:2763} INFO - Creating ORM DAG for example_task_group
[2023-08-07T10:43:35.208+0000] {logging_mixin.py:150} INFO - [2023-08-07T10:43:35.208+0000] {dag.py:3508} INFO - Setting next_dagrun for example_task_group to 2023-08-06T10:43:35.208493+00:00, run_after=2023-08-07T10:43:35.208493+00:00
[2023-08-07T10:43:35.219+0000] {processor.py:179} INFO - Processing /home/airflow/.local/lib/python3.7/site-packages/airflow/example_dags/example_task_group.py took 0.115 seconds
[2023-08-07T10:44:05.377+0000] {processor.py:157} INFO - Started process (PID=129) to work on /home/airflow/.local/lib/python3.7/site-packages/airflow/example_dags/example_task_group.py
[2023-08-07T10:44:05.378+0000] {processor.py:826} INFO - Processing file /home/airflow/.local/lib/python3.7/site-packages/airflow/example_dags/example_task_group.py for tasks to queue
[2023-08-07T10:44:05.379+0000] {logging_mixin.py:150} INFO - [2023-08-07T10:44:05.379+0000] {dagbag.py:541} INFO - Filling up the DagBag from /home/airflow/.local/lib/python3.7/site-packages/airflow/example_dags/example_task_group.py
[2023-08-07T10:44:05.385+0000] {processor.py:836} INFO - DAG(s) dict_keys(['example_task_group']) retrieved from /home/airflow/.local/lib/python3.7/site-packages/airflow/example_dags/example_task_group.py
[2023-08-07T10:44:05.402+0000] {logging_mixin.py:150} INFO - [2023-08-07T10:44:05.402+0000] {dag.py:2742} INFO - Sync 1 DAGs
[2023-08-07T10:44:05.415+0000] {logging_mixin.py:150} INFO - [2023-08-07T10:44:05.415+0000] {dag.py:3508} INFO - Setting next_dagrun for example_task_group to 2023-08-06T10:44:05.415150+00:00, run_after=2023-08-07T10:44:05.415150+00:00
[2023-08-07T10:44:05.424+0000] {processor.py:179} INFO - Processing /home/airflow/.local/lib/python3.7/site-packages/airflow/example_dags/example_task_group.py took 0.050 seconds
[2023-08-07T10:44:35.947+0000] {processor.py:157} INFO - Started process (PID=187) to work on /home/airflow/.local/lib/python3.7/site-packages/airflow/example_dags/example_task_group.py
[2023-08-07T10:44:35.948+0000] {processor.py:826} INFO - Processing file /home/airflow/.local/lib/python3.7/site-packages/airflow/example_dags/example_task_group.py for tasks to queue
[2023-08-07T10:44:35.949+0000] {logging_mixin.py:150} INFO - [2023-08-07T10:44:35.948+0000] {dagbag.py:541} INFO - Filling up the DagBag from /home/airflow/.local/lib/python3.7/site-packages/airflow/example_dags/example_task_group.py
[2023-08-07T10:44:35.954+0000] {processor.py:836} INFO - DAG(s) dict_keys(['example_task_group']) retrieved from /home/airflow/.local/lib/python3.7/site-packages/airflow/example_dags/example_task_group.py
[2023-08-07T10:44:35.971+0000] {logging_mixin.py:150} INFO - [2023-08-07T10:44:35.971+0000] {dag.py:2742} INFO - Sync 1 DAGs
[2023-08-07T10:44:35.984+0000] {logging_mixin.py:150} INFO - [2023-08-07T10:44:35.984+0000] {dag.py:3508} INFO - Setting next_dagrun for example_task_group to 2023-08-06T10:44:35.984565+00:00, run_after=2023-08-07T10:44:35.984565+00:00
[2023-08-07T10:44:35.994+0000] {processor.py:179} INFO - Processing /home/airflow/.local/lib/python3.7/site-packages/airflow/example_dags/example_task_group.py took 0.050 seconds
[2023-08-07T10:45:06.115+0000] {processor.py:157} INFO - Started process (PID=245) to work on /home/airflow/.local/lib/python3.7/site-packages/airflow/example_dags/example_task_group.py
[2023-08-07T10:45:06.116+0000] {processor.py:826} INFO - Processing file /home/airflow/.local/lib/python3.7/site-packages/airflow/example_dags/example_task_group.py for tasks to queue
[2023-08-07T10:45:06.116+0000] {logging_mixin.py:150} INFO - [2023-08-07T10:45:06.116+0000] {dagbag.py:541} INFO - Filling up the DagBag from /home/airflow/.local/lib/python3.7/site-packages/airflow/example_dags/example_task_group.py
[2023-08-07T10:45:06.122+0000] {processor.py:836} INFO - DAG(s) dict_keys(['example_task_group']) retrieved from /home/airflow/.local/lib/python3.7/site-packages/airflow/example_dags/example_task_group.py
[2023-08-07T10:45:06.139+0000] {logging_mixin.py:150} INFO - [2023-08-07T10:45:06.138+0000] {dag.py:2742} INFO - Sync 1 DAGs
[2023-08-07T10:45:06.155+0000] {logging_mixin.py:150} INFO - [2023-08-07T10:45:06.155+0000] {dag.py:3508} INFO - Setting next_dagrun for example_task_group to 2023-08-06T10:45:06.155172+00:00, run_after=2023-08-07T10:45:06.155172+00:00
[2023-08-07T10:45:06.165+0000] {processor.py:179} INFO - Processing /home/airflow/.local/lib/python3.7/site-packages/airflow/example_dags/example_task_group.py took 0.053 seconds
[2023-08-07T10:45:36.477+0000] {processor.py:157} INFO - Started process (PID=303) to work on /home/airflow/.local/lib/python3.7/site-packages/airflow/example_dags/example_task_group.py
[2023-08-07T10:45:36.478+0000] {processor.py:826} INFO - Processing file /home/airflow/.local/lib/python3.7/site-packages/airflow/example_dags/example_task_group.py for tasks to queue
[2023-08-07T10:45:36.479+0000] {logging_mixin.py:150} INFO - [2023-08-07T10:45:36.479+0000] {dagbag.py:541} INFO - Filling up the DagBag from /home/airflow/.local/lib/python3.7/site-packages/airflow/example_dags/example_task_group.py
[2023-08-07T10:45:36.486+0000] {processor.py:836} INFO - DAG(s) dict_keys(['example_task_group']) retrieved from /home/airflow/.local/lib/python3.7/site-packages/airflow/example_dags/example_task_group.py
[2023-08-07T10:45:36.505+0000] {logging_mixin.py:150} INFO - [2023-08-07T10:45:36.505+0000] {dag.py:2742} INFO - Sync 1 DAGs
[2023-08-07T10:45:36.520+0000] {logging_mixin.py:150} INFO - [2023-08-07T10:45:36.519+0000] {dag.py:3508} INFO - Setting next_dagrun for example_task_group to 2023-08-06T10:45:36.519776+00:00, run_after=2023-08-07T10:45:36.519776+00:00
[2023-08-07T10:45:36.529+0000] {processor.py:179} INFO - Processing /home/airflow/.local/lib/python3.7/site-packages/airflow/example_dags/example_task_group.py took 0.055 seconds
[2023-08-07T10:46:06.576+0000] {processor.py:157} INFO - Started process (PID=361) to work on /home/airflow/.local/lib/python3.7/site-packages/airflow/example_dags/example_task_group.py
[2023-08-07T10:46:06.577+0000] {processor.py:826} INFO - Processing file /home/airflow/.local/lib/python3.7/site-packages/airflow/example_dags/example_task_group.py for tasks to queue
[2023-08-07T10:46:06.578+0000] {logging_mixin.py:150} INFO - [2023-08-07T10:46:06.578+0000] {dagbag.py:541} INFO - Filling up the DagBag from /home/airflow/.local/lib/python3.7/site-packages/airflow/example_dags/example_task_group.py
[2023-08-07T10:46:06.584+0000] {processor.py:836} INFO - DAG(s) dict_keys(['example_task_group']) retrieved from /home/airflow/.local/lib/python3.7/site-packages/airflow/example_dags/example_task_group.py
[2023-08-07T10:46:06.602+0000] {logging_mixin.py:150} INFO - [2023-08-07T10:46:06.602+0000] {dag.py:2742} INFO - Sync 1 DAGs
[2023-08-07T10:46:06.616+0000] {logging_mixin.py:150} INFO - [2023-08-07T10:46:06.616+0000] {dag.py:3508} INFO - Setting next_dagrun for example_task_group to 2023-08-06T10:46:06.616170+00:00, run_after=2023-08-07T10:46:06.616170+00:00
[2023-08-07T10:46:06.626+0000] {processor.py:179} INFO - Processing /home/airflow/.local/lib/python3.7/site-packages/airflow/example_dags/example_task_group.py took 0.052 seconds
[2023-08-07T10:46:36.940+0000] {processor.py:157} INFO - Started process (PID=419) to work on /home/airflow/.local/lib/python3.7/site-packages/airflow/example_dags/example_task_group.py
[2023-08-07T10:46:36.941+0000] {processor.py:826} INFO - Processing file /home/airflow/.local/lib/python3.7/site-packages/airflow/example_dags/example_task_group.py for tasks to queue
[2023-08-07T10:46:36.942+0000] {logging_mixin.py:150} INFO - [2023-08-07T10:46:36.941+0000] {dagbag.py:541} INFO - Filling up the DagBag from /home/airflow/.local/lib/python3.7/site-packages/airflow/example_dags/example_task_group.py
[2023-08-07T10:46:36.947+0000] {processor.py:836} INFO - DAG(s) dict_keys(['example_task_group']) retrieved from /home/airflow/.local/lib/python3.7/site-packages/airflow/example_dags/example_task_group.py
[2023-08-07T10:46:36.964+0000] {logging_mixin.py:150} INFO - [2023-08-07T10:46:36.964+0000] {dag.py:2742} INFO - Sync 1 DAGs
[2023-08-07T10:46:36.978+0000] {logging_mixin.py:150} INFO - [2023-08-07T10:46:36.978+0000] {dag.py:3508} INFO - Setting next_dagrun for example_task_group to 2023-08-06T10:46:36.978229+00:00, run_after=2023-08-07T10:46:36.978229+00:00
[2023-08-07T10:46:36.988+0000] {processor.py:179} INFO - Processing /home/airflow/.local/lib/python3.7/site-packages/airflow/example_dags/example_task_group.py took 0.050 seconds
[2023-08-07T10:47:07.114+0000] {processor.py:157} INFO - Started process (PID=477) to work on /home/airflow/.local/lib/python3.7/site-packages/airflow/example_dags/example_task_group.py
[2023-08-07T10:47:07.115+0000] {processor.py:826} INFO - Processing file /home/airflow/.local/lib/python3.7/site-packages/airflow/example_dags/example_task_group.py for tasks to queue
[2023-08-07T10:47:07.116+0000] {logging_mixin.py:150} INFO - [2023-08-07T10:47:07.116+0000] {dagbag.py:541} INFO - Filling up the DagBag from /home/airflow/.local/lib/python3.7/site-packages/airflow/example_dags/example_task_group.py
[2023-08-07T10:47:07.121+0000] {processor.py:836} INFO - DAG(s) dict_keys(['example_task_group']) retrieved from /home/airflow/.local/lib/python3.7/site-packages/airflow/example_dags/example_task_group.py
[2023-08-07T10:47:07.139+0000] {logging_mixin.py:150} INFO - [2023-08-07T10:47:07.138+0000] {dag.py:2742} INFO - Sync 1 DAGs
[2023-08-07T10:47:07.152+0000] {logging_mixin.py:150} INFO - [2023-08-07T10:47:07.152+0000] {dag.py:3508} INFO - Setting next_dagrun for example_task_group to 2023-08-06T10:47:07.152700+00:00, run_after=2023-08-07T10:47:07.152700+00:00
[2023-08-07T10:47:07.162+0000] {processor.py:179} INFO - Processing /home/airflow/.local/lib/python3.7/site-packages/airflow/example_dags/example_task_group.py took 0.050 seconds
[2023-08-07T10:47:38.207+0000] {processor.py:157} INFO - Started process (PID=535) to work on /home/airflow/.local/lib/python3.7/site-packages/airflow/example_dags/example_task_group.py
[2023-08-07T10:47:38.208+0000] {processor.py:826} INFO - Processing file /home/airflow/.local/lib/python3.7/site-packages/airflow/example_dags/example_task_group.py for tasks to queue
[2023-08-07T10:47:38.209+0000] {logging_mixin.py:150} INFO - [2023-08-07T10:47:38.209+0000] {dagbag.py:541} INFO - Filling up the DagBag from /home/airflow/.local/lib/python3.7/site-packages/airflow/example_dags/example_task_group.py
[2023-08-07T10:47:38.214+0000] {processor.py:836} INFO - DAG(s) dict_keys(['example_task_group']) retrieved from /home/airflow/.local/lib/python3.7/site-packages/airflow/example_dags/example_task_group.py
[2023-08-07T10:47:38.231+0000] {logging_mixin.py:150} INFO - [2023-08-07T10:47:38.231+0000] {dag.py:2742} INFO - Sync 1 DAGs
[2023-08-07T10:47:38.244+0000] {logging_mixin.py:150} INFO - [2023-08-07T10:47:38.244+0000] {dag.py:3508} INFO - Setting next_dagrun for example_task_group to 2023-08-06T10:47:38.243975+00:00, run_after=2023-08-07T10:47:38.243975+00:00
[2023-08-07T10:47:38.253+0000] {processor.py:179} INFO - Processing /home/airflow/.local/lib/python3.7/site-packages/airflow/example_dags/example_task_group.py took 0.049 seconds
[2023-08-07T10:48:08.624+0000] {processor.py:157} INFO - Started process (PID=593) to work on /home/airflow/.local/lib/python3.7/site-packages/airflow/example_dags/example_task_group.py
[2023-08-07T10:48:08.625+0000] {processor.py:826} INFO - Processing file /home/airflow/.local/lib/python3.7/site-packages/airflow/example_dags/example_task_group.py for tasks to queue
[2023-08-07T10:48:08.626+0000] {logging_mixin.py:150} INFO - [2023-08-07T10:48:08.626+0000] {dagbag.py:541} INFO - Filling up the DagBag from /home/airflow/.local/lib/python3.7/site-packages/airflow/example_dags/example_task_group.py
[2023-08-07T10:48:08.632+0000] {processor.py:836} INFO - DAG(s) dict_keys(['example_task_group']) retrieved from /home/airflow/.local/lib/python3.7/site-packages/airflow/example_dags/example_task_group.py
[2023-08-07T10:48:08.651+0000] {logging_mixin.py:150} INFO - [2023-08-07T10:48:08.651+0000] {dag.py:2742} INFO - Sync 1 DAGs
[2023-08-07T10:48:08.666+0000] {logging_mixin.py:150} INFO - [2023-08-07T10:48:08.666+0000] {dag.py:3508} INFO - Setting next_dagrun for example_task_group to 2023-08-06T10:48:08.666510+00:00, run_after=2023-08-07T10:48:08.666510+00:00
[2023-08-07T10:48:08.677+0000] {processor.py:179} INFO - Processing /home/airflow/.local/lib/python3.7/site-packages/airflow/example_dags/example_task_group.py took 0.055 seconds
[2023-08-07T10:48:38.870+0000] {processor.py:157} INFO - Started process (PID=651) to work on /home/airflow/.local/lib/python3.7/site-packages/airflow/example_dags/example_task_group.py
[2023-08-07T10:48:38.871+0000] {processor.py:826} INFO - Processing file /home/airflow/.local/lib/python3.7/site-packages/airflow/example_dags/example_task_group.py for tasks to queue
[2023-08-07T10:48:38.872+0000] {logging_mixin.py:150} INFO - [2023-08-07T10:48:38.872+0000] {dagbag.py:541} INFO - Filling up the DagBag from /home/airflow/.local/lib/python3.7/site-packages/airflow/example_dags/example_task_group.py
[2023-08-07T10:48:38.878+0000] {processor.py:836} INFO - DAG(s) dict_keys(['example_task_group']) retrieved from /home/airflow/.local/lib/python3.7/site-packages/airflow/example_dags/example_task_group.py
[2023-08-07T10:48:38.895+0000] {logging_mixin.py:150} INFO - [2023-08-07T10:48:38.895+0000] {dag.py:2742} INFO - Sync 1 DAGs
[2023-08-07T10:48:38.909+0000] {logging_mixin.py:150} INFO - [2023-08-07T10:48:38.909+0000] {dag.py:3508} INFO - Setting next_dagrun for example_task_group to 2023-08-06T10:48:38.909334+00:00, run_after=2023-08-07T10:48:38.909334+00:00
[2023-08-07T10:48:38.919+0000] {processor.py:179} INFO - Processing /home/airflow/.local/lib/python3.7/site-packages/airflow/example_dags/example_task_group.py took 0.051 seconds
