[2023-08-07T10:43:27.448+0000] {processor.py:157} INFO - Started process (PID=43) to work on /home/airflow/.local/lib/python3.7/site-packages/airflow/example_dags/example_skip_dag.py
[2023-08-07T10:43:27.449+0000] {processor.py:826} INFO - Processing file /home/airflow/.local/lib/python3.7/site-packages/airflow/example_dags/example_skip_dag.py for tasks to queue
[2023-08-07T10:43:27.451+0000] {logging_mixin.py:150} INFO - [2023-08-07T10:43:27.451+0000] {dagbag.py:541} INFO - Filling up the DagBag from /home/airflow/.local/lib/python3.7/site-packages/airflow/example_dags/example_skip_dag.py
[2023-08-07T10:43:27.462+0000] {processor.py:836} INFO - DAG(s) dict_keys(['example_skip_dag']) retrieved from /home/airflow/.local/lib/python3.7/site-packages/airflow/example_dags/example_skip_dag.py
[2023-08-07T10:43:27.534+0000] {logging_mixin.py:150} INFO - [2023-08-07T10:43:27.534+0000] {manager.py:504} INFO - Created Permission View: can edit on DAG:example_skip_dag
[2023-08-07T10:43:27.541+0000] {logging_mixin.py:150} INFO - [2023-08-07T10:43:27.540+0000] {manager.py:504} INFO - Created Permission View: can delete on DAG:example_skip_dag
[2023-08-07T10:43:27.549+0000] {logging_mixin.py:150} INFO - [2023-08-07T10:43:27.549+0000] {manager.py:504} INFO - Created Permission View: can read on DAG:example_skip_dag
[2023-08-07T10:43:27.557+0000] {logging_mixin.py:150} INFO - [2023-08-07T10:43:27.557+0000] {dag.py:2742} INFO - Sync 1 DAGs
[2023-08-07T10:43:27.564+0000] {logging_mixin.py:150} INFO - [2023-08-07T10:43:27.564+0000] {dag.py:2763} INFO - Creating ORM DAG for example_skip_dag
[2023-08-07T10:43:27.571+0000] {logging_mixin.py:150} INFO - [2023-08-07T10:43:27.571+0000] {dag.py:3508} INFO - Setting next_dagrun for example_skip_dag to 2023-08-06T10:43:27.571128+00:00, run_after=2023-08-07T10:43:27.571128+00:00
[2023-08-07T10:43:27.582+0000] {processor.py:179} INFO - Processing /home/airflow/.local/lib/python3.7/site-packages/airflow/example_dags/example_skip_dag.py took 0.138 seconds
[2023-08-07T10:43:58.085+0000] {processor.py:157} INFO - Started process (PID=101) to work on /home/airflow/.local/lib/python3.7/site-packages/airflow/example_dags/example_skip_dag.py
[2023-08-07T10:43:58.086+0000] {processor.py:826} INFO - Processing file /home/airflow/.local/lib/python3.7/site-packages/airflow/example_dags/example_skip_dag.py for tasks to queue
[2023-08-07T10:43:58.087+0000] {logging_mixin.py:150} INFO - [2023-08-07T10:43:58.086+0000] {dagbag.py:541} INFO - Filling up the DagBag from /home/airflow/.local/lib/python3.7/site-packages/airflow/example_dags/example_skip_dag.py
[2023-08-07T10:43:58.092+0000] {processor.py:836} INFO - DAG(s) dict_keys(['example_skip_dag']) retrieved from /home/airflow/.local/lib/python3.7/site-packages/airflow/example_dags/example_skip_dag.py
[2023-08-07T10:43:58.110+0000] {logging_mixin.py:150} INFO - [2023-08-07T10:43:58.109+0000] {dag.py:2742} INFO - Sync 1 DAGs
[2023-08-07T10:43:58.124+0000] {logging_mixin.py:150} INFO - [2023-08-07T10:43:58.124+0000] {dag.py:3508} INFO - Setting next_dagrun for example_skip_dag to 2023-08-06T10:43:58.124440+00:00, run_after=2023-08-07T10:43:58.124440+00:00
[2023-08-07T10:43:58.134+0000] {processor.py:179} INFO - Processing /home/airflow/.local/lib/python3.7/site-packages/airflow/example_dags/example_skip_dag.py took 0.052 seconds
[2023-08-07T10:44:28.439+0000] {processor.py:157} INFO - Started process (PID=159) to work on /home/airflow/.local/lib/python3.7/site-packages/airflow/example_dags/example_skip_dag.py
[2023-08-07T10:44:28.439+0000] {processor.py:826} INFO - Processing file /home/airflow/.local/lib/python3.7/site-packages/airflow/example_dags/example_skip_dag.py for tasks to queue
[2023-08-07T10:44:28.440+0000] {logging_mixin.py:150} INFO - [2023-08-07T10:44:28.440+0000] {dagbag.py:541} INFO - Filling up the DagBag from /home/airflow/.local/lib/python3.7/site-packages/airflow/example_dags/example_skip_dag.py
[2023-08-07T10:44:28.446+0000] {processor.py:836} INFO - DAG(s) dict_keys(['example_skip_dag']) retrieved from /home/airflow/.local/lib/python3.7/site-packages/airflow/example_dags/example_skip_dag.py
[2023-08-07T10:44:28.462+0000] {logging_mixin.py:150} INFO - [2023-08-07T10:44:28.462+0000] {dag.py:2742} INFO - Sync 1 DAGs
[2023-08-07T10:44:28.476+0000] {logging_mixin.py:150} INFO - [2023-08-07T10:44:28.476+0000] {dag.py:3508} INFO - Setting next_dagrun for example_skip_dag to 2023-08-06T10:44:28.476528+00:00, run_after=2023-08-07T10:44:28.476528+00:00
[2023-08-07T10:44:28.486+0000] {processor.py:179} INFO - Processing /home/airflow/.local/lib/python3.7/site-packages/airflow/example_dags/example_skip_dag.py took 0.049 seconds
[2023-08-07T10:44:58.875+0000] {processor.py:157} INFO - Started process (PID=217) to work on /home/airflow/.local/lib/python3.7/site-packages/airflow/example_dags/example_skip_dag.py
[2023-08-07T10:44:58.876+0000] {processor.py:826} INFO - Processing file /home/airflow/.local/lib/python3.7/site-packages/airflow/example_dags/example_skip_dag.py for tasks to queue
[2023-08-07T10:44:58.877+0000] {logging_mixin.py:150} INFO - [2023-08-07T10:44:58.877+0000] {dagbag.py:541} INFO - Filling up the DagBag from /home/airflow/.local/lib/python3.7/site-packages/airflow/example_dags/example_skip_dag.py
[2023-08-07T10:44:58.882+0000] {processor.py:836} INFO - DAG(s) dict_keys(['example_skip_dag']) retrieved from /home/airflow/.local/lib/python3.7/site-packages/airflow/example_dags/example_skip_dag.py
[2023-08-07T10:44:58.900+0000] {logging_mixin.py:150} INFO - [2023-08-07T10:44:58.900+0000] {dag.py:2742} INFO - Sync 1 DAGs
[2023-08-07T10:44:58.916+0000] {logging_mixin.py:150} INFO - [2023-08-07T10:44:58.916+0000] {dag.py:3508} INFO - Setting next_dagrun for example_skip_dag to 2023-08-06T10:44:58.916607+00:00, run_after=2023-08-07T10:44:58.916607+00:00
[2023-08-07T10:44:58.926+0000] {processor.py:179} INFO - Processing /home/airflow/.local/lib/python3.7/site-packages/airflow/example_dags/example_skip_dag.py took 0.054 seconds
[2023-08-07T10:45:29.986+0000] {processor.py:157} INFO - Started process (PID=275) to work on /home/airflow/.local/lib/python3.7/site-packages/airflow/example_dags/example_skip_dag.py
[2023-08-07T10:45:29.987+0000] {processor.py:826} INFO - Processing file /home/airflow/.local/lib/python3.7/site-packages/airflow/example_dags/example_skip_dag.py for tasks to queue
[2023-08-07T10:45:29.988+0000] {logging_mixin.py:150} INFO - [2023-08-07T10:45:29.988+0000] {dagbag.py:541} INFO - Filling up the DagBag from /home/airflow/.local/lib/python3.7/site-packages/airflow/example_dags/example_skip_dag.py
[2023-08-07T10:45:29.993+0000] {processor.py:836} INFO - DAG(s) dict_keys(['example_skip_dag']) retrieved from /home/airflow/.local/lib/python3.7/site-packages/airflow/example_dags/example_skip_dag.py
[2023-08-07T10:45:30.010+0000] {logging_mixin.py:150} INFO - [2023-08-07T10:45:30.010+0000] {dag.py:2742} INFO - Sync 1 DAGs
[2023-08-07T10:45:30.024+0000] {logging_mixin.py:150} INFO - [2023-08-07T10:45:30.024+0000] {dag.py:3508} INFO - Setting next_dagrun for example_skip_dag to 2023-08-06T10:45:30.024457+00:00, run_after=2023-08-07T10:45:30.024457+00:00
[2023-08-07T10:45:30.034+0000] {processor.py:179} INFO - Processing /home/airflow/.local/lib/python3.7/site-packages/airflow/example_dags/example_skip_dag.py took 0.050 seconds
[2023-08-07T10:46:00.331+0000] {processor.py:157} INFO - Started process (PID=333) to work on /home/airflow/.local/lib/python3.7/site-packages/airflow/example_dags/example_skip_dag.py
[2023-08-07T10:46:00.332+0000] {processor.py:826} INFO - Processing file /home/airflow/.local/lib/python3.7/site-packages/airflow/example_dags/example_skip_dag.py for tasks to queue
[2023-08-07T10:46:00.332+0000] {logging_mixin.py:150} INFO - [2023-08-07T10:46:00.332+0000] {dagbag.py:541} INFO - Filling up the DagBag from /home/airflow/.local/lib/python3.7/site-packages/airflow/example_dags/example_skip_dag.py
[2023-08-07T10:46:00.337+0000] {processor.py:836} INFO - DAG(s) dict_keys(['example_skip_dag']) retrieved from /home/airflow/.local/lib/python3.7/site-packages/airflow/example_dags/example_skip_dag.py
[2023-08-07T10:46:00.354+0000] {logging_mixin.py:150} INFO - [2023-08-07T10:46:00.354+0000] {dag.py:2742} INFO - Sync 1 DAGs
[2023-08-07T10:46:00.368+0000] {logging_mixin.py:150} INFO - [2023-08-07T10:46:00.368+0000] {dag.py:3508} INFO - Setting next_dagrun for example_skip_dag to 2023-08-06T10:46:00.368491+00:00, run_after=2023-08-07T10:46:00.368491+00:00
[2023-08-07T10:46:00.378+0000] {processor.py:179} INFO - Processing /home/airflow/.local/lib/python3.7/site-packages/airflow/example_dags/example_skip_dag.py took 0.050 seconds
[2023-08-07T10:46:30.540+0000] {processor.py:157} INFO - Started process (PID=391) to work on /home/airflow/.local/lib/python3.7/site-packages/airflow/example_dags/example_skip_dag.py
[2023-08-07T10:46:30.541+0000] {processor.py:826} INFO - Processing file /home/airflow/.local/lib/python3.7/site-packages/airflow/example_dags/example_skip_dag.py for tasks to queue
[2023-08-07T10:46:30.542+0000] {logging_mixin.py:150} INFO - [2023-08-07T10:46:30.542+0000] {dagbag.py:541} INFO - Filling up the DagBag from /home/airflow/.local/lib/python3.7/site-packages/airflow/example_dags/example_skip_dag.py
[2023-08-07T10:46:30.547+0000] {processor.py:836} INFO - DAG(s) dict_keys(['example_skip_dag']) retrieved from /home/airflow/.local/lib/python3.7/site-packages/airflow/example_dags/example_skip_dag.py
[2023-08-07T10:46:30.564+0000] {logging_mixin.py:150} INFO - [2023-08-07T10:46:30.564+0000] {dag.py:2742} INFO - Sync 1 DAGs
[2023-08-07T10:46:30.577+0000] {logging_mixin.py:150} INFO - [2023-08-07T10:46:30.577+0000] {dag.py:3508} INFO - Setting next_dagrun for example_skip_dag to 2023-08-06T10:46:30.577544+00:00, run_after=2023-08-07T10:46:30.577544+00:00
[2023-08-07T10:46:30.587+0000] {processor.py:179} INFO - Processing /home/airflow/.local/lib/python3.7/site-packages/airflow/example_dags/example_skip_dag.py took 0.049 seconds
[2023-08-07T10:47:00.790+0000] {processor.py:157} INFO - Started process (PID=449) to work on /home/airflow/.local/lib/python3.7/site-packages/airflow/example_dags/example_skip_dag.py
[2023-08-07T10:47:00.792+0000] {processor.py:826} INFO - Processing file /home/airflow/.local/lib/python3.7/site-packages/airflow/example_dags/example_skip_dag.py for tasks to queue
[2023-08-07T10:47:00.793+0000] {logging_mixin.py:150} INFO - [2023-08-07T10:47:00.792+0000] {dagbag.py:541} INFO - Filling up the DagBag from /home/airflow/.local/lib/python3.7/site-packages/airflow/example_dags/example_skip_dag.py
[2023-08-07T10:47:00.798+0000] {processor.py:836} INFO - DAG(s) dict_keys(['example_skip_dag']) retrieved from /home/airflow/.local/lib/python3.7/site-packages/airflow/example_dags/example_skip_dag.py
[2023-08-07T10:47:00.814+0000] {logging_mixin.py:150} INFO - [2023-08-07T10:47:00.814+0000] {dag.py:2742} INFO - Sync 1 DAGs
[2023-08-07T10:47:00.828+0000] {logging_mixin.py:150} INFO - [2023-08-07T10:47:00.828+0000] {dag.py:3508} INFO - Setting next_dagrun for example_skip_dag to 2023-08-06T10:47:00.828035+00:00, run_after=2023-08-07T10:47:00.828035+00:00
[2023-08-07T10:47:00.840+0000] {processor.py:179} INFO - Processing /home/airflow/.local/lib/python3.7/site-packages/airflow/example_dags/example_skip_dag.py took 0.052 seconds
[2023-08-07T10:47:30.930+0000] {processor.py:157} INFO - Started process (PID=507) to work on /home/airflow/.local/lib/python3.7/site-packages/airflow/example_dags/example_skip_dag.py
[2023-08-07T10:47:30.931+0000] {processor.py:826} INFO - Processing file /home/airflow/.local/lib/python3.7/site-packages/airflow/example_dags/example_skip_dag.py for tasks to queue
[2023-08-07T10:47:30.932+0000] {logging_mixin.py:150} INFO - [2023-08-07T10:47:30.932+0000] {dagbag.py:541} INFO - Filling up the DagBag from /home/airflow/.local/lib/python3.7/site-packages/airflow/example_dags/example_skip_dag.py
[2023-08-07T10:47:30.938+0000] {processor.py:836} INFO - DAG(s) dict_keys(['example_skip_dag']) retrieved from /home/airflow/.local/lib/python3.7/site-packages/airflow/example_dags/example_skip_dag.py
[2023-08-07T10:47:30.955+0000] {logging_mixin.py:150} INFO - [2023-08-07T10:47:30.955+0000] {dag.py:2742} INFO - Sync 1 DAGs
[2023-08-07T10:47:30.969+0000] {logging_mixin.py:150} INFO - [2023-08-07T10:47:30.969+0000] {dag.py:3508} INFO - Setting next_dagrun for example_skip_dag to 2023-08-06T10:47:30.969451+00:00, run_after=2023-08-07T10:47:30.969451+00:00
[2023-08-07T10:47:30.980+0000] {processor.py:179} INFO - Processing /home/airflow/.local/lib/python3.7/site-packages/airflow/example_dags/example_skip_dag.py took 0.052 seconds
[2023-08-07T10:48:01.158+0000] {processor.py:157} INFO - Started process (PID=565) to work on /home/airflow/.local/lib/python3.7/site-packages/airflow/example_dags/example_skip_dag.py
[2023-08-07T10:48:01.160+0000] {processor.py:826} INFO - Processing file /home/airflow/.local/lib/python3.7/site-packages/airflow/example_dags/example_skip_dag.py for tasks to queue
[2023-08-07T10:48:01.161+0000] {logging_mixin.py:150} INFO - [2023-08-07T10:48:01.160+0000] {dagbag.py:541} INFO - Filling up the DagBag from /home/airflow/.local/lib/python3.7/site-packages/airflow/example_dags/example_skip_dag.py
[2023-08-07T10:48:01.166+0000] {processor.py:836} INFO - DAG(s) dict_keys(['example_skip_dag']) retrieved from /home/airflow/.local/lib/python3.7/site-packages/airflow/example_dags/example_skip_dag.py
[2023-08-07T10:48:01.183+0000] {logging_mixin.py:150} INFO - [2023-08-07T10:48:01.183+0000] {dag.py:2742} INFO - Sync 1 DAGs
[2023-08-07T10:48:01.197+0000] {logging_mixin.py:150} INFO - [2023-08-07T10:48:01.197+0000] {dag.py:3508} INFO - Setting next_dagrun for example_skip_dag to 2023-08-06T10:48:01.197433+00:00, run_after=2023-08-07T10:48:01.197433+00:00
[2023-08-07T10:48:01.207+0000] {processor.py:179} INFO - Processing /home/airflow/.local/lib/python3.7/site-packages/airflow/example_dags/example_skip_dag.py took 0.052 seconds
[2023-08-07T10:48:31.643+0000] {processor.py:157} INFO - Started process (PID=623) to work on /home/airflow/.local/lib/python3.7/site-packages/airflow/example_dags/example_skip_dag.py
[2023-08-07T10:48:31.643+0000] {processor.py:826} INFO - Processing file /home/airflow/.local/lib/python3.7/site-packages/airflow/example_dags/example_skip_dag.py for tasks to queue
[2023-08-07T10:48:31.644+0000] {logging_mixin.py:150} INFO - [2023-08-07T10:48:31.644+0000] {dagbag.py:541} INFO - Filling up the DagBag from /home/airflow/.local/lib/python3.7/site-packages/airflow/example_dags/example_skip_dag.py
[2023-08-07T10:48:31.649+0000] {processor.py:836} INFO - DAG(s) dict_keys(['example_skip_dag']) retrieved from /home/airflow/.local/lib/python3.7/site-packages/airflow/example_dags/example_skip_dag.py
[2023-08-07T10:48:31.667+0000] {logging_mixin.py:150} INFO - [2023-08-07T10:48:31.667+0000] {dag.py:2742} INFO - Sync 1 DAGs
[2023-08-07T10:48:31.682+0000] {logging_mixin.py:150} INFO - [2023-08-07T10:48:31.682+0000] {dag.py:3508} INFO - Setting next_dagrun for example_skip_dag to 2023-08-06T10:48:31.682208+00:00, run_after=2023-08-07T10:48:31.682208+00:00
[2023-08-07T10:48:31.692+0000] {processor.py:179} INFO - Processing /home/airflow/.local/lib/python3.7/site-packages/airflow/example_dags/example_skip_dag.py took 0.053 seconds
[2023-08-07T10:49:01.823+0000] {processor.py:157} INFO - Started process (PID=682) to work on /home/airflow/.local/lib/python3.7/site-packages/airflow/example_dags/example_skip_dag.py
[2023-08-07T10:49:01.824+0000] {processor.py:826} INFO - Processing file /home/airflow/.local/lib/python3.7/site-packages/airflow/example_dags/example_skip_dag.py for tasks to queue
[2023-08-07T10:49:01.824+0000] {logging_mixin.py:150} INFO - [2023-08-07T10:49:01.824+0000] {dagbag.py:541} INFO - Filling up the DagBag from /home/airflow/.local/lib/python3.7/site-packages/airflow/example_dags/example_skip_dag.py
[2023-08-07T10:49:01.829+0000] {processor.py:836} INFO - DAG(s) dict_keys(['example_skip_dag']) retrieved from /home/airflow/.local/lib/python3.7/site-packages/airflow/example_dags/example_skip_dag.py
[2023-08-07T10:49:01.846+0000] {logging_mixin.py:150} INFO - [2023-08-07T10:49:01.846+0000] {dag.py:2742} INFO - Sync 1 DAGs
[2023-08-07T10:49:01.861+0000] {logging_mixin.py:150} INFO - [2023-08-07T10:49:01.861+0000] {dag.py:3508} INFO - Setting next_dagrun for example_skip_dag to 2023-08-06T10:49:01.861420+00:00, run_after=2023-08-07T10:49:01.861420+00:00
[2023-08-07T10:49:01.871+0000] {processor.py:179} INFO - Processing /home/airflow/.local/lib/python3.7/site-packages/airflow/example_dags/example_skip_dag.py took 0.051 seconds
[2023-08-07T10:49:32.081+0000] {processor.py:157} INFO - Started process (PID=740) to work on /home/airflow/.local/lib/python3.7/site-packages/airflow/example_dags/example_skip_dag.py
[2023-08-07T10:49:32.082+0000] {processor.py:826} INFO - Processing file /home/airflow/.local/lib/python3.7/site-packages/airflow/example_dags/example_skip_dag.py for tasks to queue
[2023-08-07T10:49:32.083+0000] {logging_mixin.py:150} INFO - [2023-08-07T10:49:32.082+0000] {dagbag.py:541} INFO - Filling up the DagBag from /home/airflow/.local/lib/python3.7/site-packages/airflow/example_dags/example_skip_dag.py
[2023-08-07T10:49:32.088+0000] {processor.py:836} INFO - DAG(s) dict_keys(['example_skip_dag']) retrieved from /home/airflow/.local/lib/python3.7/site-packages/airflow/example_dags/example_skip_dag.py
[2023-08-07T10:49:32.106+0000] {logging_mixin.py:150} INFO - [2023-08-07T10:49:32.106+0000] {dag.py:2742} INFO - Sync 1 DAGs
[2023-08-07T10:49:32.120+0000] {logging_mixin.py:150} INFO - [2023-08-07T10:49:32.120+0000] {dag.py:3508} INFO - Setting next_dagrun for example_skip_dag to 2023-08-06T10:49:32.120230+00:00, run_after=2023-08-07T10:49:32.120230+00:00
[2023-08-07T10:49:32.130+0000] {processor.py:179} INFO - Processing /home/airflow/.local/lib/python3.7/site-packages/airflow/example_dags/example_skip_dag.py took 0.052 seconds
[2023-08-07T10:50:02.407+0000] {processor.py:157} INFO - Started process (PID=798) to work on /home/airflow/.local/lib/python3.7/site-packages/airflow/example_dags/example_skip_dag.py
[2023-08-07T10:50:02.408+0000] {processor.py:826} INFO - Processing file /home/airflow/.local/lib/python3.7/site-packages/airflow/example_dags/example_skip_dag.py for tasks to queue
[2023-08-07T10:50:02.409+0000] {logging_mixin.py:150} INFO - [2023-08-07T10:50:02.409+0000] {dagbag.py:541} INFO - Filling up the DagBag from /home/airflow/.local/lib/python3.7/site-packages/airflow/example_dags/example_skip_dag.py
[2023-08-07T10:50:02.414+0000] {processor.py:836} INFO - DAG(s) dict_keys(['example_skip_dag']) retrieved from /home/airflow/.local/lib/python3.7/site-packages/airflow/example_dags/example_skip_dag.py
[2023-08-07T10:50:02.432+0000] {logging_mixin.py:150} INFO - [2023-08-07T10:50:02.432+0000] {dag.py:2742} INFO - Sync 1 DAGs
[2023-08-07T10:50:02.446+0000] {logging_mixin.py:150} INFO - [2023-08-07T10:50:02.446+0000] {dag.py:3508} INFO - Setting next_dagrun for example_skip_dag to 2023-08-06T10:50:02.446681+00:00, run_after=2023-08-07T10:50:02.446681+00:00
[2023-08-07T10:50:02.456+0000] {processor.py:179} INFO - Processing /home/airflow/.local/lib/python3.7/site-packages/airflow/example_dags/example_skip_dag.py took 0.052 seconds
[2023-08-07T10:50:32.605+0000] {processor.py:157} INFO - Started process (PID=855) to work on /home/airflow/.local/lib/python3.7/site-packages/airflow/example_dags/example_skip_dag.py
[2023-08-07T10:50:32.606+0000] {processor.py:826} INFO - Processing file /home/airflow/.local/lib/python3.7/site-packages/airflow/example_dags/example_skip_dag.py for tasks to queue
[2023-08-07T10:50:32.606+0000] {logging_mixin.py:150} INFO - [2023-08-07T10:50:32.606+0000] {dagbag.py:541} INFO - Filling up the DagBag from /home/airflow/.local/lib/python3.7/site-packages/airflow/example_dags/example_skip_dag.py
[2023-08-07T10:50:32.612+0000] {processor.py:836} INFO - DAG(s) dict_keys(['example_skip_dag']) retrieved from /home/airflow/.local/lib/python3.7/site-packages/airflow/example_dags/example_skip_dag.py
[2023-08-07T10:50:32.628+0000] {logging_mixin.py:150} INFO - [2023-08-07T10:50:32.628+0000] {dag.py:2742} INFO - Sync 1 DAGs
[2023-08-07T10:50:32.642+0000] {logging_mixin.py:150} INFO - [2023-08-07T10:50:32.642+0000] {dag.py:3508} INFO - Setting next_dagrun for example_skip_dag to 2023-08-06T10:50:32.642399+00:00, run_after=2023-08-07T10:50:32.642399+00:00
[2023-08-07T10:50:32.652+0000] {processor.py:179} INFO - Processing /home/airflow/.local/lib/python3.7/site-packages/airflow/example_dags/example_skip_dag.py took 0.050 seconds
[2023-08-07T10:51:02.690+0000] {processor.py:157} INFO - Started process (PID=913) to work on /home/airflow/.local/lib/python3.7/site-packages/airflow/example_dags/example_skip_dag.py
[2023-08-07T10:51:02.691+0000] {processor.py:826} INFO - Processing file /home/airflow/.local/lib/python3.7/site-packages/airflow/example_dags/example_skip_dag.py for tasks to queue
[2023-08-07T10:51:02.692+0000] {logging_mixin.py:150} INFO - [2023-08-07T10:51:02.691+0000] {dagbag.py:541} INFO - Filling up the DagBag from /home/airflow/.local/lib/python3.7/site-packages/airflow/example_dags/example_skip_dag.py
[2023-08-07T10:51:02.697+0000] {processor.py:836} INFO - DAG(s) dict_keys(['example_skip_dag']) retrieved from /home/airflow/.local/lib/python3.7/site-packages/airflow/example_dags/example_skip_dag.py
[2023-08-07T10:51:02.714+0000] {logging_mixin.py:150} INFO - [2023-08-07T10:51:02.714+0000] {dag.py:2742} INFO - Sync 1 DAGs
[2023-08-07T10:51:02.728+0000] {logging_mixin.py:150} INFO - [2023-08-07T10:51:02.728+0000] {dag.py:3508} INFO - Setting next_dagrun for example_skip_dag to 2023-08-06T10:51:02.728192+00:00, run_after=2023-08-07T10:51:02.728192+00:00
[2023-08-07T10:51:02.737+0000] {processor.py:179} INFO - Processing /home/airflow/.local/lib/python3.7/site-packages/airflow/example_dags/example_skip_dag.py took 0.050 seconds
[2023-08-07T10:51:33.079+0000] {processor.py:157} INFO - Started process (PID=971) to work on /home/airflow/.local/lib/python3.7/site-packages/airflow/example_dags/example_skip_dag.py
[2023-08-07T10:51:33.080+0000] {processor.py:826} INFO - Processing file /home/airflow/.local/lib/python3.7/site-packages/airflow/example_dags/example_skip_dag.py for tasks to queue
[2023-08-07T10:51:33.081+0000] {logging_mixin.py:150} INFO - [2023-08-07T10:51:33.080+0000] {dagbag.py:541} INFO - Filling up the DagBag from /home/airflow/.local/lib/python3.7/site-packages/airflow/example_dags/example_skip_dag.py
[2023-08-07T10:51:33.086+0000] {processor.py:836} INFO - DAG(s) dict_keys(['example_skip_dag']) retrieved from /home/airflow/.local/lib/python3.7/site-packages/airflow/example_dags/example_skip_dag.py
[2023-08-07T10:51:33.103+0000] {logging_mixin.py:150} INFO - [2023-08-07T10:51:33.103+0000] {dag.py:2742} INFO - Sync 1 DAGs
[2023-08-07T10:51:33.117+0000] {logging_mixin.py:150} INFO - [2023-08-07T10:51:33.117+0000] {dag.py:3508} INFO - Setting next_dagrun for example_skip_dag to 2023-08-06T10:51:33.117612+00:00, run_after=2023-08-07T10:51:33.117612+00:00
[2023-08-07T10:51:33.127+0000] {processor.py:179} INFO - Processing /home/airflow/.local/lib/python3.7/site-packages/airflow/example_dags/example_skip_dag.py took 0.051 seconds
[2023-08-07T10:52:03.327+0000] {processor.py:157} INFO - Started process (PID=1029) to work on /home/airflow/.local/lib/python3.7/site-packages/airflow/example_dags/example_skip_dag.py
[2023-08-07T10:52:03.328+0000] {processor.py:826} INFO - Processing file /home/airflow/.local/lib/python3.7/site-packages/airflow/example_dags/example_skip_dag.py for tasks to queue
[2023-08-07T10:52:03.329+0000] {logging_mixin.py:150} INFO - [2023-08-07T10:52:03.329+0000] {dagbag.py:541} INFO - Filling up the DagBag from /home/airflow/.local/lib/python3.7/site-packages/airflow/example_dags/example_skip_dag.py
[2023-08-07T10:52:03.334+0000] {processor.py:836} INFO - DAG(s) dict_keys(['example_skip_dag']) retrieved from /home/airflow/.local/lib/python3.7/site-packages/airflow/example_dags/example_skip_dag.py
[2023-08-07T10:52:03.352+0000] {logging_mixin.py:150} INFO - [2023-08-07T10:52:03.352+0000] {dag.py:2742} INFO - Sync 1 DAGs
[2023-08-07T10:52:03.366+0000] {logging_mixin.py:150} INFO - [2023-08-07T10:52:03.365+0000] {dag.py:3508} INFO - Setting next_dagrun for example_skip_dag to 2023-08-06T10:52:03.365713+00:00, run_after=2023-08-07T10:52:03.365713+00:00
[2023-08-07T10:52:03.376+0000] {processor.py:179} INFO - Processing /home/airflow/.local/lib/python3.7/site-packages/airflow/example_dags/example_skip_dag.py took 0.051 seconds
[2023-08-07T10:52:33.689+0000] {processor.py:157} INFO - Started process (PID=1087) to work on /home/airflow/.local/lib/python3.7/site-packages/airflow/example_dags/example_skip_dag.py
[2023-08-07T10:52:33.690+0000] {processor.py:826} INFO - Processing file /home/airflow/.local/lib/python3.7/site-packages/airflow/example_dags/example_skip_dag.py for tasks to queue
[2023-08-07T10:52:33.691+0000] {logging_mixin.py:150} INFO - [2023-08-07T10:52:33.690+0000] {dagbag.py:541} INFO - Filling up the DagBag from /home/airflow/.local/lib/python3.7/site-packages/airflow/example_dags/example_skip_dag.py
[2023-08-07T10:52:33.696+0000] {processor.py:836} INFO - DAG(s) dict_keys(['example_skip_dag']) retrieved from /home/airflow/.local/lib/python3.7/site-packages/airflow/example_dags/example_skip_dag.py
[2023-08-07T10:52:33.714+0000] {logging_mixin.py:150} INFO - [2023-08-07T10:52:33.713+0000] {dag.py:2742} INFO - Sync 1 DAGs
[2023-08-07T10:52:33.727+0000] {logging_mixin.py:150} INFO - [2023-08-07T10:52:33.727+0000] {dag.py:3508} INFO - Setting next_dagrun for example_skip_dag to 2023-08-06T10:52:33.727539+00:00, run_after=2023-08-07T10:52:33.727539+00:00
[2023-08-07T10:52:33.738+0000] {processor.py:179} INFO - Processing /home/airflow/.local/lib/python3.7/site-packages/airflow/example_dags/example_skip_dag.py took 0.051 seconds
[2023-08-07T10:53:03.906+0000] {processor.py:157} INFO - Started process (PID=1145) to work on /home/airflow/.local/lib/python3.7/site-packages/airflow/example_dags/example_skip_dag.py
[2023-08-07T10:53:03.907+0000] {processor.py:826} INFO - Processing file /home/airflow/.local/lib/python3.7/site-packages/airflow/example_dags/example_skip_dag.py for tasks to queue
[2023-08-07T10:53:03.908+0000] {logging_mixin.py:150} INFO - [2023-08-07T10:53:03.908+0000] {dagbag.py:541} INFO - Filling up the DagBag from /home/airflow/.local/lib/python3.7/site-packages/airflow/example_dags/example_skip_dag.py
[2023-08-07T10:53:03.913+0000] {processor.py:836} INFO - DAG(s) dict_keys(['example_skip_dag']) retrieved from /home/airflow/.local/lib/python3.7/site-packages/airflow/example_dags/example_skip_dag.py
[2023-08-07T10:53:03.930+0000] {logging_mixin.py:150} INFO - [2023-08-07T10:53:03.930+0000] {dag.py:2742} INFO - Sync 1 DAGs
[2023-08-07T10:53:03.944+0000] {logging_mixin.py:150} INFO - [2023-08-07T10:53:03.944+0000] {dag.py:3508} INFO - Setting next_dagrun for example_skip_dag to 2023-08-06T10:53:03.944432+00:00, run_after=2023-08-07T10:53:03.944432+00:00
[2023-08-07T10:53:03.954+0000] {processor.py:179} INFO - Processing /home/airflow/.local/lib/python3.7/site-packages/airflow/example_dags/example_skip_dag.py took 0.050 seconds
[2023-08-07T10:53:34.238+0000] {processor.py:157} INFO - Started process (PID=1203) to work on /home/airflow/.local/lib/python3.7/site-packages/airflow/example_dags/example_skip_dag.py
[2023-08-07T10:53:34.239+0000] {processor.py:826} INFO - Processing file /home/airflow/.local/lib/python3.7/site-packages/airflow/example_dags/example_skip_dag.py for tasks to queue
[2023-08-07T10:53:34.240+0000] {logging_mixin.py:150} INFO - [2023-08-07T10:53:34.240+0000] {dagbag.py:541} INFO - Filling up the DagBag from /home/airflow/.local/lib/python3.7/site-packages/airflow/example_dags/example_skip_dag.py
[2023-08-07T10:53:34.245+0000] {processor.py:836} INFO - DAG(s) dict_keys(['example_skip_dag']) retrieved from /home/airflow/.local/lib/python3.7/site-packages/airflow/example_dags/example_skip_dag.py
[2023-08-07T10:53:34.263+0000] {logging_mixin.py:150} INFO - [2023-08-07T10:53:34.263+0000] {dag.py:2742} INFO - Sync 1 DAGs
[2023-08-07T10:53:34.277+0000] {logging_mixin.py:150} INFO - [2023-08-07T10:53:34.277+0000] {dag.py:3508} INFO - Setting next_dagrun for example_skip_dag to 2023-08-06T10:53:34.277187+00:00, run_after=2023-08-07T10:53:34.277187+00:00
[2023-08-07T10:53:34.288+0000] {processor.py:179} INFO - Processing /home/airflow/.local/lib/python3.7/site-packages/airflow/example_dags/example_skip_dag.py took 0.053 seconds
[2023-08-07T10:54:04.447+0000] {processor.py:157} INFO - Started process (PID=1261) to work on /home/airflow/.local/lib/python3.7/site-packages/airflow/example_dags/example_skip_dag.py
[2023-08-07T10:54:04.448+0000] {processor.py:826} INFO - Processing file /home/airflow/.local/lib/python3.7/site-packages/airflow/example_dags/example_skip_dag.py for tasks to queue
[2023-08-07T10:54:04.448+0000] {logging_mixin.py:150} INFO - [2023-08-07T10:54:04.448+0000] {dagbag.py:541} INFO - Filling up the DagBag from /home/airflow/.local/lib/python3.7/site-packages/airflow/example_dags/example_skip_dag.py
[2023-08-07T10:54:04.453+0000] {processor.py:836} INFO - DAG(s) dict_keys(['example_skip_dag']) retrieved from /home/airflow/.local/lib/python3.7/site-packages/airflow/example_dags/example_skip_dag.py
[2023-08-07T10:54:04.470+0000] {logging_mixin.py:150} INFO - [2023-08-07T10:54:04.470+0000] {dag.py:2742} INFO - Sync 1 DAGs
[2023-08-07T10:54:04.485+0000] {logging_mixin.py:150} INFO - [2023-08-07T10:54:04.485+0000] {dag.py:3508} INFO - Setting next_dagrun for example_skip_dag to 2023-08-06T10:54:04.484999+00:00, run_after=2023-08-07T10:54:04.484999+00:00
[2023-08-07T10:54:04.494+0000] {processor.py:179} INFO - Processing /home/airflow/.local/lib/python3.7/site-packages/airflow/example_dags/example_skip_dag.py took 0.050 seconds
[2023-08-07T10:54:34.670+0000] {processor.py:157} INFO - Started process (PID=1319) to work on /home/airflow/.local/lib/python3.7/site-packages/airflow/example_dags/example_skip_dag.py
[2023-08-07T10:54:34.671+0000] {processor.py:826} INFO - Processing file /home/airflow/.local/lib/python3.7/site-packages/airflow/example_dags/example_skip_dag.py for tasks to queue
[2023-08-07T10:54:34.672+0000] {logging_mixin.py:150} INFO - [2023-08-07T10:54:34.672+0000] {dagbag.py:541} INFO - Filling up the DagBag from /home/airflow/.local/lib/python3.7/site-packages/airflow/example_dags/example_skip_dag.py
[2023-08-07T10:54:34.678+0000] {processor.py:836} INFO - DAG(s) dict_keys(['example_skip_dag']) retrieved from /home/airflow/.local/lib/python3.7/site-packages/airflow/example_dags/example_skip_dag.py
[2023-08-07T10:54:34.696+0000] {logging_mixin.py:150} INFO - [2023-08-07T10:54:34.696+0000] {dag.py:2742} INFO - Sync 1 DAGs
[2023-08-07T10:54:34.711+0000] {logging_mixin.py:150} INFO - [2023-08-07T10:54:34.711+0000] {dag.py:3508} INFO - Setting next_dagrun for example_skip_dag to 2023-08-06T10:54:34.711117+00:00, run_after=2023-08-07T10:54:34.711117+00:00
[2023-08-07T10:54:34.721+0000] {processor.py:179} INFO - Processing /home/airflow/.local/lib/python3.7/site-packages/airflow/example_dags/example_skip_dag.py took 0.054 seconds
[2023-08-07T10:55:04.995+0000] {processor.py:157} INFO - Started process (PID=1377) to work on /home/airflow/.local/lib/python3.7/site-packages/airflow/example_dags/example_skip_dag.py
[2023-08-07T10:55:04.996+0000] {processor.py:826} INFO - Processing file /home/airflow/.local/lib/python3.7/site-packages/airflow/example_dags/example_skip_dag.py for tasks to queue
[2023-08-07T10:55:04.997+0000] {logging_mixin.py:150} INFO - [2023-08-07T10:55:04.997+0000] {dagbag.py:541} INFO - Filling up the DagBag from /home/airflow/.local/lib/python3.7/site-packages/airflow/example_dags/example_skip_dag.py
[2023-08-07T10:55:05.002+0000] {processor.py:836} INFO - DAG(s) dict_keys(['example_skip_dag']) retrieved from /home/airflow/.local/lib/python3.7/site-packages/airflow/example_dags/example_skip_dag.py
[2023-08-07T10:55:05.018+0000] {logging_mixin.py:150} INFO - [2023-08-07T10:55:05.018+0000] {dag.py:2742} INFO - Sync 1 DAGs
[2023-08-07T10:55:05.031+0000] {logging_mixin.py:150} INFO - [2023-08-07T10:55:05.031+0000] {dag.py:3508} INFO - Setting next_dagrun for example_skip_dag to 2023-08-06T10:55:05.031553+00:00, run_after=2023-08-07T10:55:05.031553+00:00
[2023-08-07T10:55:05.042+0000] {processor.py:179} INFO - Processing /home/airflow/.local/lib/python3.7/site-packages/airflow/example_dags/example_skip_dag.py took 0.049 seconds
[2023-08-07T10:55:35.319+0000] {processor.py:157} INFO - Started process (PID=1435) to work on /home/airflow/.local/lib/python3.7/site-packages/airflow/example_dags/example_skip_dag.py
[2023-08-07T10:55:35.320+0000] {processor.py:826} INFO - Processing file /home/airflow/.local/lib/python3.7/site-packages/airflow/example_dags/example_skip_dag.py for tasks to queue
[2023-08-07T10:55:35.321+0000] {logging_mixin.py:150} INFO - [2023-08-07T10:55:35.321+0000] {dagbag.py:541} INFO - Filling up the DagBag from /home/airflow/.local/lib/python3.7/site-packages/airflow/example_dags/example_skip_dag.py
[2023-08-07T10:55:35.327+0000] {processor.py:836} INFO - DAG(s) dict_keys(['example_skip_dag']) retrieved from /home/airflow/.local/lib/python3.7/site-packages/airflow/example_dags/example_skip_dag.py
[2023-08-07T10:55:35.345+0000] {logging_mixin.py:150} INFO - [2023-08-07T10:55:35.345+0000] {dag.py:2742} INFO - Sync 1 DAGs
[2023-08-07T10:55:35.358+0000] {logging_mixin.py:150} INFO - [2023-08-07T10:55:35.358+0000] {dag.py:3508} INFO - Setting next_dagrun for example_skip_dag to 2023-08-06T10:55:35.358702+00:00, run_after=2023-08-07T10:55:35.358702+00:00
[2023-08-07T10:55:35.369+0000] {processor.py:179} INFO - Processing /home/airflow/.local/lib/python3.7/site-packages/airflow/example_dags/example_skip_dag.py took 0.053 seconds
[2023-08-07T10:56:05.494+0000] {processor.py:157} INFO - Started process (PID=1493) to work on /home/airflow/.local/lib/python3.7/site-packages/airflow/example_dags/example_skip_dag.py
[2023-08-07T10:56:05.494+0000] {processor.py:826} INFO - Processing file /home/airflow/.local/lib/python3.7/site-packages/airflow/example_dags/example_skip_dag.py for tasks to queue
[2023-08-07T10:56:05.495+0000] {logging_mixin.py:150} INFO - [2023-08-07T10:56:05.495+0000] {dagbag.py:541} INFO - Filling up the DagBag from /home/airflow/.local/lib/python3.7/site-packages/airflow/example_dags/example_skip_dag.py
[2023-08-07T10:56:05.500+0000] {processor.py:836} INFO - DAG(s) dict_keys(['example_skip_dag']) retrieved from /home/airflow/.local/lib/python3.7/site-packages/airflow/example_dags/example_skip_dag.py
[2023-08-07T10:56:05.517+0000] {logging_mixin.py:150} INFO - [2023-08-07T10:56:05.517+0000] {dag.py:2742} INFO - Sync 1 DAGs
[2023-08-07T10:56:05.531+0000] {logging_mixin.py:150} INFO - [2023-08-07T10:56:05.531+0000] {dag.py:3508} INFO - Setting next_dagrun for example_skip_dag to 2023-08-06T10:56:05.531434+00:00, run_after=2023-08-07T10:56:05.531434+00:00
[2023-08-07T10:56:05.541+0000] {processor.py:179} INFO - Processing /home/airflow/.local/lib/python3.7/site-packages/airflow/example_dags/example_skip_dag.py took 0.050 seconds
[2023-08-07T10:56:35.842+0000] {processor.py:157} INFO - Started process (PID=1551) to work on /home/airflow/.local/lib/python3.7/site-packages/airflow/example_dags/example_skip_dag.py
[2023-08-07T10:56:35.843+0000] {processor.py:826} INFO - Processing file /home/airflow/.local/lib/python3.7/site-packages/airflow/example_dags/example_skip_dag.py for tasks to queue
[2023-08-07T10:56:35.844+0000] {logging_mixin.py:150} INFO - [2023-08-07T10:56:35.844+0000] {dagbag.py:541} INFO - Filling up the DagBag from /home/airflow/.local/lib/python3.7/site-packages/airflow/example_dags/example_skip_dag.py
[2023-08-07T10:56:35.849+0000] {processor.py:836} INFO - DAG(s) dict_keys(['example_skip_dag']) retrieved from /home/airflow/.local/lib/python3.7/site-packages/airflow/example_dags/example_skip_dag.py
[2023-08-07T10:56:35.866+0000] {logging_mixin.py:150} INFO - [2023-08-07T10:56:35.866+0000] {dag.py:2742} INFO - Sync 1 DAGs
[2023-08-07T10:56:35.880+0000] {logging_mixin.py:150} INFO - [2023-08-07T10:56:35.880+0000] {dag.py:3508} INFO - Setting next_dagrun for example_skip_dag to 2023-08-06T10:56:35.880194+00:00, run_after=2023-08-07T10:56:35.880194+00:00
[2023-08-07T10:56:35.890+0000] {processor.py:179} INFO - Processing /home/airflow/.local/lib/python3.7/site-packages/airflow/example_dags/example_skip_dag.py took 0.050 seconds
[2023-08-07T10:57:06.269+0000] {processor.py:157} INFO - Started process (PID=1608) to work on /home/airflow/.local/lib/python3.7/site-packages/airflow/example_dags/example_skip_dag.py
[2023-08-07T10:57:06.271+0000] {processor.py:826} INFO - Processing file /home/airflow/.local/lib/python3.7/site-packages/airflow/example_dags/example_skip_dag.py for tasks to queue
[2023-08-07T10:57:06.271+0000] {logging_mixin.py:150} INFO - [2023-08-07T10:57:06.271+0000] {dagbag.py:541} INFO - Filling up the DagBag from /home/airflow/.local/lib/python3.7/site-packages/airflow/example_dags/example_skip_dag.py
[2023-08-07T10:57:06.276+0000] {processor.py:836} INFO - DAG(s) dict_keys(['example_skip_dag']) retrieved from /home/airflow/.local/lib/python3.7/site-packages/airflow/example_dags/example_skip_dag.py
[2023-08-07T10:57:06.293+0000] {logging_mixin.py:150} INFO - [2023-08-07T10:57:06.293+0000] {dag.py:2742} INFO - Sync 1 DAGs
[2023-08-07T10:57:06.307+0000] {logging_mixin.py:150} INFO - [2023-08-07T10:57:06.307+0000] {dag.py:3508} INFO - Setting next_dagrun for example_skip_dag to 2023-08-06T10:57:06.307403+00:00, run_after=2023-08-07T10:57:06.307403+00:00
[2023-08-07T10:57:06.317+0000] {processor.py:179} INFO - Processing /home/airflow/.local/lib/python3.7/site-packages/airflow/example_dags/example_skip_dag.py took 0.050 seconds
[2023-08-07T10:57:36.553+0000] {processor.py:157} INFO - Started process (PID=1666) to work on /home/airflow/.local/lib/python3.7/site-packages/airflow/example_dags/example_skip_dag.py
[2023-08-07T10:57:36.554+0000] {processor.py:826} INFO - Processing file /home/airflow/.local/lib/python3.7/site-packages/airflow/example_dags/example_skip_dag.py for tasks to queue
[2023-08-07T10:57:36.555+0000] {logging_mixin.py:150} INFO - [2023-08-07T10:57:36.555+0000] {dagbag.py:541} INFO - Filling up the DagBag from /home/airflow/.local/lib/python3.7/site-packages/airflow/example_dags/example_skip_dag.py
[2023-08-07T10:57:36.561+0000] {processor.py:836} INFO - DAG(s) dict_keys(['example_skip_dag']) retrieved from /home/airflow/.local/lib/python3.7/site-packages/airflow/example_dags/example_skip_dag.py
[2023-08-07T10:57:36.578+0000] {logging_mixin.py:150} INFO - [2023-08-07T10:57:36.578+0000] {dag.py:2742} INFO - Sync 1 DAGs
[2023-08-07T10:57:36.592+0000] {logging_mixin.py:150} INFO - [2023-08-07T10:57:36.592+0000] {dag.py:3508} INFO - Setting next_dagrun for example_skip_dag to 2023-08-06T10:57:36.592429+00:00, run_after=2023-08-07T10:57:36.592429+00:00
[2023-08-07T10:57:36.603+0000] {processor.py:179} INFO - Processing /home/airflow/.local/lib/python3.7/site-packages/airflow/example_dags/example_skip_dag.py took 0.052 seconds
[2023-08-07T10:58:06.916+0000] {processor.py:157} INFO - Started process (PID=1724) to work on /home/airflow/.local/lib/python3.7/site-packages/airflow/example_dags/example_skip_dag.py
[2023-08-07T10:58:06.917+0000] {processor.py:826} INFO - Processing file /home/airflow/.local/lib/python3.7/site-packages/airflow/example_dags/example_skip_dag.py for tasks to queue
[2023-08-07T10:58:06.918+0000] {logging_mixin.py:150} INFO - [2023-08-07T10:58:06.917+0000] {dagbag.py:541} INFO - Filling up the DagBag from /home/airflow/.local/lib/python3.7/site-packages/airflow/example_dags/example_skip_dag.py
[2023-08-07T10:58:06.922+0000] {processor.py:836} INFO - DAG(s) dict_keys(['example_skip_dag']) retrieved from /home/airflow/.local/lib/python3.7/site-packages/airflow/example_dags/example_skip_dag.py
[2023-08-07T10:58:06.940+0000] {logging_mixin.py:150} INFO - [2023-08-07T10:58:06.940+0000] {dag.py:2742} INFO - Sync 1 DAGs
[2023-08-07T10:58:06.954+0000] {logging_mixin.py:150} INFO - [2023-08-07T10:58:06.954+0000] {dag.py:3508} INFO - Setting next_dagrun for example_skip_dag to 2023-08-06T10:58:06.953996+00:00, run_after=2023-08-07T10:58:06.953996+00:00
[2023-08-07T10:58:06.964+0000] {processor.py:179} INFO - Processing /home/airflow/.local/lib/python3.7/site-packages/airflow/example_dags/example_skip_dag.py took 0.050 seconds
[2023-08-07T10:58:37.146+0000] {processor.py:157} INFO - Started process (PID=1783) to work on /home/airflow/.local/lib/python3.7/site-packages/airflow/example_dags/example_skip_dag.py
[2023-08-07T10:58:37.147+0000] {processor.py:826} INFO - Processing file /home/airflow/.local/lib/python3.7/site-packages/airflow/example_dags/example_skip_dag.py for tasks to queue
[2023-08-07T10:58:37.148+0000] {logging_mixin.py:150} INFO - [2023-08-07T10:58:37.148+0000] {dagbag.py:541} INFO - Filling up the DagBag from /home/airflow/.local/lib/python3.7/site-packages/airflow/example_dags/example_skip_dag.py
[2023-08-07T10:58:37.153+0000] {processor.py:836} INFO - DAG(s) dict_keys(['example_skip_dag']) retrieved from /home/airflow/.local/lib/python3.7/site-packages/airflow/example_dags/example_skip_dag.py
[2023-08-07T10:58:37.169+0000] {logging_mixin.py:150} INFO - [2023-08-07T10:58:37.169+0000] {dag.py:2742} INFO - Sync 1 DAGs
[2023-08-07T10:58:37.183+0000] {logging_mixin.py:150} INFO - [2023-08-07T10:58:37.183+0000] {dag.py:3508} INFO - Setting next_dagrun for example_skip_dag to 2023-08-06T10:58:37.183105+00:00, run_after=2023-08-07T10:58:37.183105+00:00
[2023-08-07T10:58:37.192+0000] {processor.py:179} INFO - Processing /home/airflow/.local/lib/python3.7/site-packages/airflow/example_dags/example_skip_dag.py took 0.048 seconds
[2023-08-07T10:59:07.421+0000] {processor.py:157} INFO - Started process (PID=1841) to work on /home/airflow/.local/lib/python3.7/site-packages/airflow/example_dags/example_skip_dag.py
[2023-08-07T10:59:07.422+0000] {processor.py:826} INFO - Processing file /home/airflow/.local/lib/python3.7/site-packages/airflow/example_dags/example_skip_dag.py for tasks to queue
[2023-08-07T10:59:07.423+0000] {logging_mixin.py:150} INFO - [2023-08-07T10:59:07.423+0000] {dagbag.py:541} INFO - Filling up the DagBag from /home/airflow/.local/lib/python3.7/site-packages/airflow/example_dags/example_skip_dag.py
[2023-08-07T10:59:07.429+0000] {processor.py:836} INFO - DAG(s) dict_keys(['example_skip_dag']) retrieved from /home/airflow/.local/lib/python3.7/site-packages/airflow/example_dags/example_skip_dag.py
[2023-08-07T10:59:07.447+0000] {logging_mixin.py:150} INFO - [2023-08-07T10:59:07.447+0000] {dag.py:2742} INFO - Sync 1 DAGs
[2023-08-07T10:59:07.461+0000] {logging_mixin.py:150} INFO - [2023-08-07T10:59:07.461+0000] {dag.py:3508} INFO - Setting next_dagrun for example_skip_dag to 2023-08-06T10:59:07.461437+00:00, run_after=2023-08-07T10:59:07.461437+00:00
[2023-08-07T10:59:07.471+0000] {processor.py:179} INFO - Processing /home/airflow/.local/lib/python3.7/site-packages/airflow/example_dags/example_skip_dag.py took 0.053 seconds
[2023-08-07T10:59:37.677+0000] {processor.py:157} INFO - Started process (PID=1899) to work on /home/airflow/.local/lib/python3.7/site-packages/airflow/example_dags/example_skip_dag.py
[2023-08-07T10:59:37.678+0000] {processor.py:826} INFO - Processing file /home/airflow/.local/lib/python3.7/site-packages/airflow/example_dags/example_skip_dag.py for tasks to queue
[2023-08-07T10:59:37.679+0000] {logging_mixin.py:150} INFO - [2023-08-07T10:59:37.679+0000] {dagbag.py:541} INFO - Filling up the DagBag from /home/airflow/.local/lib/python3.7/site-packages/airflow/example_dags/example_skip_dag.py
[2023-08-07T10:59:37.685+0000] {processor.py:836} INFO - DAG(s) dict_keys(['example_skip_dag']) retrieved from /home/airflow/.local/lib/python3.7/site-packages/airflow/example_dags/example_skip_dag.py
[2023-08-07T10:59:37.703+0000] {logging_mixin.py:150} INFO - [2023-08-07T10:59:37.702+0000] {dag.py:2742} INFO - Sync 1 DAGs
[2023-08-07T10:59:37.717+0000] {logging_mixin.py:150} INFO - [2023-08-07T10:59:37.717+0000] {dag.py:3508} INFO - Setting next_dagrun for example_skip_dag to 2023-08-06T10:59:37.717397+00:00, run_after=2023-08-07T10:59:37.717397+00:00
[2023-08-07T10:59:37.727+0000] {processor.py:179} INFO - Processing /home/airflow/.local/lib/python3.7/site-packages/airflow/example_dags/example_skip_dag.py took 0.052 seconds
[2023-08-07T11:00:08.082+0000] {processor.py:157} INFO - Started process (PID=1957) to work on /home/airflow/.local/lib/python3.7/site-packages/airflow/example_dags/example_skip_dag.py
[2023-08-07T11:00:08.083+0000] {processor.py:826} INFO - Processing file /home/airflow/.local/lib/python3.7/site-packages/airflow/example_dags/example_skip_dag.py for tasks to queue
[2023-08-07T11:00:08.084+0000] {logging_mixin.py:150} INFO - [2023-08-07T11:00:08.083+0000] {dagbag.py:541} INFO - Filling up the DagBag from /home/airflow/.local/lib/python3.7/site-packages/airflow/example_dags/example_skip_dag.py
[2023-08-07T11:00:08.089+0000] {processor.py:836} INFO - DAG(s) dict_keys(['example_skip_dag']) retrieved from /home/airflow/.local/lib/python3.7/site-packages/airflow/example_dags/example_skip_dag.py
[2023-08-07T11:00:08.106+0000] {logging_mixin.py:150} INFO - [2023-08-07T11:00:08.106+0000] {dag.py:2742} INFO - Sync 1 DAGs
[2023-08-07T11:00:08.120+0000] {logging_mixin.py:150} INFO - [2023-08-07T11:00:08.120+0000] {dag.py:3508} INFO - Setting next_dagrun for example_skip_dag to 2023-08-06T11:00:08.120098+00:00, run_after=2023-08-07T11:00:08.120098+00:00
[2023-08-07T11:00:08.130+0000] {processor.py:179} INFO - Processing /home/airflow/.local/lib/python3.7/site-packages/airflow/example_dags/example_skip_dag.py took 0.051 seconds
[2023-08-07T11:00:38.378+0000] {processor.py:157} INFO - Started process (PID=2015) to work on /home/airflow/.local/lib/python3.7/site-packages/airflow/example_dags/example_skip_dag.py
[2023-08-07T11:00:38.379+0000] {processor.py:826} INFO - Processing file /home/airflow/.local/lib/python3.7/site-packages/airflow/example_dags/example_skip_dag.py for tasks to queue
[2023-08-07T11:00:38.380+0000] {logging_mixin.py:150} INFO - [2023-08-07T11:00:38.379+0000] {dagbag.py:541} INFO - Filling up the DagBag from /home/airflow/.local/lib/python3.7/site-packages/airflow/example_dags/example_skip_dag.py
[2023-08-07T11:00:38.385+0000] {processor.py:836} INFO - DAG(s) dict_keys(['example_skip_dag']) retrieved from /home/airflow/.local/lib/python3.7/site-packages/airflow/example_dags/example_skip_dag.py
[2023-08-07T11:00:38.401+0000] {logging_mixin.py:150} INFO - [2023-08-07T11:00:38.401+0000] {dag.py:2742} INFO - Sync 1 DAGs
[2023-08-07T11:00:38.415+0000] {logging_mixin.py:150} INFO - [2023-08-07T11:00:38.415+0000] {dag.py:3508} INFO - Setting next_dagrun for example_skip_dag to 2023-08-06T11:00:38.415311+00:00, run_after=2023-08-07T11:00:38.415311+00:00
[2023-08-07T11:00:38.424+0000] {processor.py:179} INFO - Processing /home/airflow/.local/lib/python3.7/site-packages/airflow/example_dags/example_skip_dag.py took 0.049 seconds
[2023-08-07T11:01:08.590+0000] {processor.py:157} INFO - Started process (PID=2073) to work on /home/airflow/.local/lib/python3.7/site-packages/airflow/example_dags/example_skip_dag.py
[2023-08-07T11:01:08.591+0000] {processor.py:826} INFO - Processing file /home/airflow/.local/lib/python3.7/site-packages/airflow/example_dags/example_skip_dag.py for tasks to queue
[2023-08-07T11:01:08.591+0000] {logging_mixin.py:150} INFO - [2023-08-07T11:01:08.591+0000] {dagbag.py:541} INFO - Filling up the DagBag from /home/airflow/.local/lib/python3.7/site-packages/airflow/example_dags/example_skip_dag.py
[2023-08-07T11:01:08.597+0000] {processor.py:836} INFO - DAG(s) dict_keys(['example_skip_dag']) retrieved from /home/airflow/.local/lib/python3.7/site-packages/airflow/example_dags/example_skip_dag.py
[2023-08-07T11:01:08.615+0000] {logging_mixin.py:150} INFO - [2023-08-07T11:01:08.614+0000] {dag.py:2742} INFO - Sync 1 DAGs
[2023-08-07T11:01:08.628+0000] {logging_mixin.py:150} INFO - [2023-08-07T11:01:08.628+0000] {dag.py:3508} INFO - Setting next_dagrun for example_skip_dag to 2023-08-06T11:01:08.628244+00:00, run_after=2023-08-07T11:01:08.628244+00:00
[2023-08-07T11:01:08.638+0000] {processor.py:179} INFO - Processing /home/airflow/.local/lib/python3.7/site-packages/airflow/example_dags/example_skip_dag.py took 0.050 seconds
[2023-08-07T11:01:39.132+0000] {processor.py:157} INFO - Started process (PID=2131) to work on /home/airflow/.local/lib/python3.7/site-packages/airflow/example_dags/example_skip_dag.py
[2023-08-07T11:01:39.133+0000] {processor.py:826} INFO - Processing file /home/airflow/.local/lib/python3.7/site-packages/airflow/example_dags/example_skip_dag.py for tasks to queue
[2023-08-07T11:01:39.134+0000] {logging_mixin.py:150} INFO - [2023-08-07T11:01:39.134+0000] {dagbag.py:541} INFO - Filling up the DagBag from /home/airflow/.local/lib/python3.7/site-packages/airflow/example_dags/example_skip_dag.py
[2023-08-07T11:01:39.139+0000] {processor.py:836} INFO - DAG(s) dict_keys(['example_skip_dag']) retrieved from /home/airflow/.local/lib/python3.7/site-packages/airflow/example_dags/example_skip_dag.py
[2023-08-07T11:01:39.155+0000] {logging_mixin.py:150} INFO - [2023-08-07T11:01:39.155+0000] {dag.py:2742} INFO - Sync 1 DAGs
[2023-08-07T11:01:39.168+0000] {logging_mixin.py:150} INFO - [2023-08-07T11:01:39.168+0000] {dag.py:3508} INFO - Setting next_dagrun for example_skip_dag to 2023-08-06T11:01:39.168401+00:00, run_after=2023-08-07T11:01:39.168401+00:00
[2023-08-07T11:01:39.177+0000] {processor.py:179} INFO - Processing /home/airflow/.local/lib/python3.7/site-packages/airflow/example_dags/example_skip_dag.py took 0.047 seconds
[2023-08-07T11:02:09.358+0000] {processor.py:157} INFO - Started process (PID=2189) to work on /home/airflow/.local/lib/python3.7/site-packages/airflow/example_dags/example_skip_dag.py
[2023-08-07T11:02:09.359+0000] {processor.py:826} INFO - Processing file /home/airflow/.local/lib/python3.7/site-packages/airflow/example_dags/example_skip_dag.py for tasks to queue
[2023-08-07T11:02:09.360+0000] {logging_mixin.py:150} INFO - [2023-08-07T11:02:09.360+0000] {dagbag.py:541} INFO - Filling up the DagBag from /home/airflow/.local/lib/python3.7/site-packages/airflow/example_dags/example_skip_dag.py
[2023-08-07T11:02:09.366+0000] {processor.py:836} INFO - DAG(s) dict_keys(['example_skip_dag']) retrieved from /home/airflow/.local/lib/python3.7/site-packages/airflow/example_dags/example_skip_dag.py
[2023-08-07T11:02:09.383+0000] {logging_mixin.py:150} INFO - [2023-08-07T11:02:09.383+0000] {dag.py:2742} INFO - Sync 1 DAGs
[2023-08-07T11:02:09.397+0000] {logging_mixin.py:150} INFO - [2023-08-07T11:02:09.397+0000] {dag.py:3508} INFO - Setting next_dagrun for example_skip_dag to 2023-08-06T11:02:09.396948+00:00, run_after=2023-08-07T11:02:09.396948+00:00
[2023-08-07T11:02:09.407+0000] {processor.py:179} INFO - Processing /home/airflow/.local/lib/python3.7/site-packages/airflow/example_dags/example_skip_dag.py took 0.051 seconds
[2023-08-07T11:02:39.622+0000] {processor.py:157} INFO - Started process (PID=2247) to work on /home/airflow/.local/lib/python3.7/site-packages/airflow/example_dags/example_skip_dag.py
[2023-08-07T11:02:39.623+0000] {processor.py:826} INFO - Processing file /home/airflow/.local/lib/python3.7/site-packages/airflow/example_dags/example_skip_dag.py for tasks to queue
[2023-08-07T11:02:39.624+0000] {logging_mixin.py:150} INFO - [2023-08-07T11:02:39.623+0000] {dagbag.py:541} INFO - Filling up the DagBag from /home/airflow/.local/lib/python3.7/site-packages/airflow/example_dags/example_skip_dag.py
[2023-08-07T11:02:39.629+0000] {processor.py:836} INFO - DAG(s) dict_keys(['example_skip_dag']) retrieved from /home/airflow/.local/lib/python3.7/site-packages/airflow/example_dags/example_skip_dag.py
[2023-08-07T11:02:39.646+0000] {logging_mixin.py:150} INFO - [2023-08-07T11:02:39.646+0000] {dag.py:2742} INFO - Sync 1 DAGs
[2023-08-07T11:02:39.660+0000] {logging_mixin.py:150} INFO - [2023-08-07T11:02:39.660+0000] {dag.py:3508} INFO - Setting next_dagrun for example_skip_dag to 2023-08-06T11:02:39.660170+00:00, run_after=2023-08-07T11:02:39.660170+00:00
[2023-08-07T11:02:39.669+0000] {processor.py:179} INFO - Processing /home/airflow/.local/lib/python3.7/site-packages/airflow/example_dags/example_skip_dag.py took 0.049 seconds
[2023-08-07T11:03:09.820+0000] {processor.py:157} INFO - Started process (PID=2306) to work on /home/airflow/.local/lib/python3.7/site-packages/airflow/example_dags/example_skip_dag.py
[2023-08-07T11:03:09.821+0000] {processor.py:826} INFO - Processing file /home/airflow/.local/lib/python3.7/site-packages/airflow/example_dags/example_skip_dag.py for tasks to queue
[2023-08-07T11:03:09.822+0000] {logging_mixin.py:150} INFO - [2023-08-07T11:03:09.822+0000] {dagbag.py:541} INFO - Filling up the DagBag from /home/airflow/.local/lib/python3.7/site-packages/airflow/example_dags/example_skip_dag.py
[2023-08-07T11:03:09.827+0000] {processor.py:836} INFO - DAG(s) dict_keys(['example_skip_dag']) retrieved from /home/airflow/.local/lib/python3.7/site-packages/airflow/example_dags/example_skip_dag.py
[2023-08-07T11:03:09.845+0000] {logging_mixin.py:150} INFO - [2023-08-07T11:03:09.845+0000] {dag.py:2742} INFO - Sync 1 DAGs
[2023-08-07T11:03:09.859+0000] {logging_mixin.py:150} INFO - [2023-08-07T11:03:09.859+0000] {dag.py:3508} INFO - Setting next_dagrun for example_skip_dag to 2023-08-06T11:03:09.859667+00:00, run_after=2023-08-07T11:03:09.859667+00:00
[2023-08-07T11:03:09.869+0000] {processor.py:179} INFO - Processing /home/airflow/.local/lib/python3.7/site-packages/airflow/example_dags/example_skip_dag.py took 0.051 seconds
[2023-08-07T11:03:40.129+0000] {processor.py:157} INFO - Started process (PID=2364) to work on /home/airflow/.local/lib/python3.7/site-packages/airflow/example_dags/example_skip_dag.py
[2023-08-07T11:03:40.130+0000] {processor.py:826} INFO - Processing file /home/airflow/.local/lib/python3.7/site-packages/airflow/example_dags/example_skip_dag.py for tasks to queue
[2023-08-07T11:03:40.131+0000] {logging_mixin.py:150} INFO - [2023-08-07T11:03:40.130+0000] {dagbag.py:541} INFO - Filling up the DagBag from /home/airflow/.local/lib/python3.7/site-packages/airflow/example_dags/example_skip_dag.py
[2023-08-07T11:03:40.136+0000] {processor.py:836} INFO - DAG(s) dict_keys(['example_skip_dag']) retrieved from /home/airflow/.local/lib/python3.7/site-packages/airflow/example_dags/example_skip_dag.py
[2023-08-07T11:03:40.153+0000] {logging_mixin.py:150} INFO - [2023-08-07T11:03:40.153+0000] {dag.py:2742} INFO - Sync 1 DAGs
[2023-08-07T11:03:40.167+0000] {logging_mixin.py:150} INFO - [2023-08-07T11:03:40.167+0000] {dag.py:3508} INFO - Setting next_dagrun for example_skip_dag to 2023-08-06T11:03:40.167590+00:00, run_after=2023-08-07T11:03:40.167590+00:00
[2023-08-07T11:03:40.178+0000] {processor.py:179} INFO - Processing /home/airflow/.local/lib/python3.7/site-packages/airflow/example_dags/example_skip_dag.py took 0.051 seconds
[2023-08-07T11:04:10.514+0000] {processor.py:157} INFO - Started process (PID=2422) to work on /home/airflow/.local/lib/python3.7/site-packages/airflow/example_dags/example_skip_dag.py
[2023-08-07T11:04:10.515+0000] {processor.py:826} INFO - Processing file /home/airflow/.local/lib/python3.7/site-packages/airflow/example_dags/example_skip_dag.py for tasks to queue
[2023-08-07T11:04:10.516+0000] {logging_mixin.py:150} INFO - [2023-08-07T11:04:10.515+0000] {dagbag.py:541} INFO - Filling up the DagBag from /home/airflow/.local/lib/python3.7/site-packages/airflow/example_dags/example_skip_dag.py
[2023-08-07T11:04:10.521+0000] {processor.py:836} INFO - DAG(s) dict_keys(['example_skip_dag']) retrieved from /home/airflow/.local/lib/python3.7/site-packages/airflow/example_dags/example_skip_dag.py
[2023-08-07T11:04:10.538+0000] {logging_mixin.py:150} INFO - [2023-08-07T11:04:10.538+0000] {dag.py:2742} INFO - Sync 1 DAGs
[2023-08-07T11:04:10.552+0000] {logging_mixin.py:150} INFO - [2023-08-07T11:04:10.552+0000] {dag.py:3508} INFO - Setting next_dagrun for example_skip_dag to 2023-08-06T11:04:10.552007+00:00, run_after=2023-08-07T11:04:10.552007+00:00
[2023-08-07T11:04:10.562+0000] {processor.py:179} INFO - Processing /home/airflow/.local/lib/python3.7/site-packages/airflow/example_dags/example_skip_dag.py took 0.050 seconds
[2023-08-07T11:04:40.940+0000] {processor.py:157} INFO - Started process (PID=2480) to work on /home/airflow/.local/lib/python3.7/site-packages/airflow/example_dags/example_skip_dag.py
[2023-08-07T11:04:40.941+0000] {processor.py:826} INFO - Processing file /home/airflow/.local/lib/python3.7/site-packages/airflow/example_dags/example_skip_dag.py for tasks to queue
[2023-08-07T11:04:40.942+0000] {logging_mixin.py:150} INFO - [2023-08-07T11:04:40.941+0000] {dagbag.py:541} INFO - Filling up the DagBag from /home/airflow/.local/lib/python3.7/site-packages/airflow/example_dags/example_skip_dag.py
[2023-08-07T11:04:40.947+0000] {processor.py:836} INFO - DAG(s) dict_keys(['example_skip_dag']) retrieved from /home/airflow/.local/lib/python3.7/site-packages/airflow/example_dags/example_skip_dag.py
[2023-08-07T11:04:40.965+0000] {logging_mixin.py:150} INFO - [2023-08-07T11:04:40.965+0000] {dag.py:2742} INFO - Sync 1 DAGs
[2023-08-07T11:04:40.979+0000] {logging_mixin.py:150} INFO - [2023-08-07T11:04:40.978+0000] {dag.py:3508} INFO - Setting next_dagrun for example_skip_dag to 2023-08-06T11:04:40.978735+00:00, run_after=2023-08-07T11:04:40.978735+00:00
[2023-08-07T11:04:40.988+0000] {processor.py:179} INFO - Processing /home/airflow/.local/lib/python3.7/site-packages/airflow/example_dags/example_skip_dag.py took 0.051 seconds
[2023-08-07T11:05:11.164+0000] {processor.py:157} INFO - Started process (PID=2532) to work on /home/airflow/.local/lib/python3.7/site-packages/airflow/example_dags/example_skip_dag.py
[2023-08-07T11:05:11.165+0000] {processor.py:826} INFO - Processing file /home/airflow/.local/lib/python3.7/site-packages/airflow/example_dags/example_skip_dag.py for tasks to queue
[2023-08-07T11:05:11.165+0000] {logging_mixin.py:150} INFO - [2023-08-07T11:05:11.165+0000] {dagbag.py:541} INFO - Filling up the DagBag from /home/airflow/.local/lib/python3.7/site-packages/airflow/example_dags/example_skip_dag.py
[2023-08-07T11:05:11.171+0000] {processor.py:836} INFO - DAG(s) dict_keys(['example_skip_dag']) retrieved from /home/airflow/.local/lib/python3.7/site-packages/airflow/example_dags/example_skip_dag.py
[2023-08-07T11:05:11.188+0000] {logging_mixin.py:150} INFO - [2023-08-07T11:05:11.188+0000] {dag.py:2742} INFO - Sync 1 DAGs
[2023-08-07T11:05:11.202+0000] {logging_mixin.py:150} INFO - [2023-08-07T11:05:11.202+0000] {dag.py:3508} INFO - Setting next_dagrun for example_skip_dag to 2023-08-06T11:05:11.202607+00:00, run_after=2023-08-07T11:05:11.202607+00:00
[2023-08-07T11:05:11.212+0000] {processor.py:179} INFO - Processing /home/airflow/.local/lib/python3.7/site-packages/airflow/example_dags/example_skip_dag.py took 0.051 seconds
[2023-08-07T11:05:41.513+0000] {processor.py:157} INFO - Started process (PID=2590) to work on /home/airflow/.local/lib/python3.7/site-packages/airflow/example_dags/example_skip_dag.py
[2023-08-07T11:05:41.514+0000] {processor.py:826} INFO - Processing file /home/airflow/.local/lib/python3.7/site-packages/airflow/example_dags/example_skip_dag.py for tasks to queue
[2023-08-07T11:05:41.515+0000] {logging_mixin.py:150} INFO - [2023-08-07T11:05:41.514+0000] {dagbag.py:541} INFO - Filling up the DagBag from /home/airflow/.local/lib/python3.7/site-packages/airflow/example_dags/example_skip_dag.py
[2023-08-07T11:05:41.520+0000] {processor.py:836} INFO - DAG(s) dict_keys(['example_skip_dag']) retrieved from /home/airflow/.local/lib/python3.7/site-packages/airflow/example_dags/example_skip_dag.py
[2023-08-07T11:05:41.537+0000] {logging_mixin.py:150} INFO - [2023-08-07T11:05:41.537+0000] {dag.py:2742} INFO - Sync 1 DAGs
[2023-08-07T11:05:41.552+0000] {logging_mixin.py:150} INFO - [2023-08-07T11:05:41.551+0000] {dag.py:3508} INFO - Setting next_dagrun for example_skip_dag to 2023-08-06T11:05:41.551771+00:00, run_after=2023-08-07T11:05:41.551771+00:00
[2023-08-07T11:05:41.561+0000] {processor.py:179} INFO - Processing /home/airflow/.local/lib/python3.7/site-packages/airflow/example_dags/example_skip_dag.py took 0.051 seconds
[2023-08-07T11:06:11.976+0000] {processor.py:157} INFO - Started process (PID=2649) to work on /home/airflow/.local/lib/python3.7/site-packages/airflow/example_dags/example_skip_dag.py
[2023-08-07T11:06:11.977+0000] {processor.py:826} INFO - Processing file /home/airflow/.local/lib/python3.7/site-packages/airflow/example_dags/example_skip_dag.py for tasks to queue
[2023-08-07T11:06:11.978+0000] {logging_mixin.py:150} INFO - [2023-08-07T11:06:11.978+0000] {dagbag.py:541} INFO - Filling up the DagBag from /home/airflow/.local/lib/python3.7/site-packages/airflow/example_dags/example_skip_dag.py
[2023-08-07T11:06:11.983+0000] {processor.py:836} INFO - DAG(s) dict_keys(['example_skip_dag']) retrieved from /home/airflow/.local/lib/python3.7/site-packages/airflow/example_dags/example_skip_dag.py
[2023-08-07T11:06:12.001+0000] {logging_mixin.py:150} INFO - [2023-08-07T11:06:12.001+0000] {dag.py:2742} INFO - Sync 1 DAGs
[2023-08-07T11:06:12.016+0000] {logging_mixin.py:150} INFO - [2023-08-07T11:06:12.016+0000] {dag.py:3508} INFO - Setting next_dagrun for example_skip_dag to 2023-08-06T11:06:12.015897+00:00, run_after=2023-08-07T11:06:12.015897+00:00
[2023-08-07T11:06:12.026+0000] {processor.py:179} INFO - Processing /home/airflow/.local/lib/python3.7/site-packages/airflow/example_dags/example_skip_dag.py took 0.052 seconds
[2023-08-07T11:06:42.306+0000] {processor.py:157} INFO - Started process (PID=2707) to work on /home/airflow/.local/lib/python3.7/site-packages/airflow/example_dags/example_skip_dag.py
[2023-08-07T11:06:42.307+0000] {processor.py:826} INFO - Processing file /home/airflow/.local/lib/python3.7/site-packages/airflow/example_dags/example_skip_dag.py for tasks to queue
[2023-08-07T11:06:42.308+0000] {logging_mixin.py:150} INFO - [2023-08-07T11:06:42.308+0000] {dagbag.py:541} INFO - Filling up the DagBag from /home/airflow/.local/lib/python3.7/site-packages/airflow/example_dags/example_skip_dag.py
[2023-08-07T11:06:42.313+0000] {processor.py:836} INFO - DAG(s) dict_keys(['example_skip_dag']) retrieved from /home/airflow/.local/lib/python3.7/site-packages/airflow/example_dags/example_skip_dag.py
[2023-08-07T11:06:42.331+0000] {logging_mixin.py:150} INFO - [2023-08-07T11:06:42.330+0000] {dag.py:2742} INFO - Sync 1 DAGs
[2023-08-07T11:06:42.344+0000] {logging_mixin.py:150} INFO - [2023-08-07T11:06:42.344+0000] {dag.py:3508} INFO - Setting next_dagrun for example_skip_dag to 2023-08-06T11:06:42.344651+00:00, run_after=2023-08-07T11:06:42.344651+00:00
[2023-08-07T11:06:42.355+0000] {processor.py:179} INFO - Processing /home/airflow/.local/lib/python3.7/site-packages/airflow/example_dags/example_skip_dag.py took 0.052 seconds
[2023-08-07T11:07:12.453+0000] {processor.py:157} INFO - Started process (PID=2765) to work on /home/airflow/.local/lib/python3.7/site-packages/airflow/example_dags/example_skip_dag.py
[2023-08-07T11:07:12.454+0000] {processor.py:826} INFO - Processing file /home/airflow/.local/lib/python3.7/site-packages/airflow/example_dags/example_skip_dag.py for tasks to queue
[2023-08-07T11:07:12.455+0000] {logging_mixin.py:150} INFO - [2023-08-07T11:07:12.455+0000] {dagbag.py:541} INFO - Filling up the DagBag from /home/airflow/.local/lib/python3.7/site-packages/airflow/example_dags/example_skip_dag.py
[2023-08-07T11:07:12.460+0000] {processor.py:836} INFO - DAG(s) dict_keys(['example_skip_dag']) retrieved from /home/airflow/.local/lib/python3.7/site-packages/airflow/example_dags/example_skip_dag.py
[2023-08-07T11:07:12.477+0000] {logging_mixin.py:150} INFO - [2023-08-07T11:07:12.477+0000] {dag.py:2742} INFO - Sync 1 DAGs
[2023-08-07T11:07:12.491+0000] {logging_mixin.py:150} INFO - [2023-08-07T11:07:12.491+0000] {dag.py:3508} INFO - Setting next_dagrun for example_skip_dag to 2023-08-06T11:07:12.490828+00:00, run_after=2023-08-07T11:07:12.490828+00:00
[2023-08-07T11:07:12.501+0000] {processor.py:179} INFO - Processing /home/airflow/.local/lib/python3.7/site-packages/airflow/example_dags/example_skip_dag.py took 0.050 seconds
[2023-08-07T11:07:42.730+0000] {processor.py:157} INFO - Started process (PID=2823) to work on /home/airflow/.local/lib/python3.7/site-packages/airflow/example_dags/example_skip_dag.py
[2023-08-07T11:07:42.731+0000] {processor.py:826} INFO - Processing file /home/airflow/.local/lib/python3.7/site-packages/airflow/example_dags/example_skip_dag.py for tasks to queue
[2023-08-07T11:07:42.732+0000] {logging_mixin.py:150} INFO - [2023-08-07T11:07:42.732+0000] {dagbag.py:541} INFO - Filling up the DagBag from /home/airflow/.local/lib/python3.7/site-packages/airflow/example_dags/example_skip_dag.py
[2023-08-07T11:07:42.737+0000] {processor.py:836} INFO - DAG(s) dict_keys(['example_skip_dag']) retrieved from /home/airflow/.local/lib/python3.7/site-packages/airflow/example_dags/example_skip_dag.py
[2023-08-07T11:07:42.755+0000] {logging_mixin.py:150} INFO - [2023-08-07T11:07:42.755+0000] {dag.py:2742} INFO - Sync 1 DAGs
[2023-08-07T11:07:42.769+0000] {logging_mixin.py:150} INFO - [2023-08-07T11:07:42.769+0000] {dag.py:3508} INFO - Setting next_dagrun for example_skip_dag to 2023-08-06T11:07:42.769480+00:00, run_after=2023-08-07T11:07:42.769480+00:00
[2023-08-07T11:07:42.779+0000] {processor.py:179} INFO - Processing /home/airflow/.local/lib/python3.7/site-packages/airflow/example_dags/example_skip_dag.py took 0.051 seconds
[2023-08-07T11:08:12.990+0000] {processor.py:157} INFO - Started process (PID=2881) to work on /home/airflow/.local/lib/python3.7/site-packages/airflow/example_dags/example_skip_dag.py
[2023-08-07T11:08:12.990+0000] {processor.py:826} INFO - Processing file /home/airflow/.local/lib/python3.7/site-packages/airflow/example_dags/example_skip_dag.py for tasks to queue
[2023-08-07T11:08:12.991+0000] {logging_mixin.py:150} INFO - [2023-08-07T11:08:12.991+0000] {dagbag.py:541} INFO - Filling up the DagBag from /home/airflow/.local/lib/python3.7/site-packages/airflow/example_dags/example_skip_dag.py
[2023-08-07T11:08:12.996+0000] {processor.py:836} INFO - DAG(s) dict_keys(['example_skip_dag']) retrieved from /home/airflow/.local/lib/python3.7/site-packages/airflow/example_dags/example_skip_dag.py
[2023-08-07T11:08:13.014+0000] {logging_mixin.py:150} INFO - [2023-08-07T11:08:13.014+0000] {dag.py:2742} INFO - Sync 1 DAGs
[2023-08-07T11:08:13.029+0000] {logging_mixin.py:150} INFO - [2023-08-07T11:08:13.029+0000] {dag.py:3508} INFO - Setting next_dagrun for example_skip_dag to 2023-08-06T11:08:13.028881+00:00, run_after=2023-08-07T11:08:13.028881+00:00
[2023-08-07T11:08:13.039+0000] {processor.py:179} INFO - Processing /home/airflow/.local/lib/python3.7/site-packages/airflow/example_dags/example_skip_dag.py took 0.052 seconds
[2023-08-07T11:10:07.140+0000] {processor.py:157} INFO - Started process (PID=2939) to work on /home/airflow/.local/lib/python3.7/site-packages/airflow/example_dags/example_skip_dag.py
[2023-08-07T11:10:07.141+0000] {processor.py:826} INFO - Processing file /home/airflow/.local/lib/python3.7/site-packages/airflow/example_dags/example_skip_dag.py for tasks to queue
[2023-08-07T11:10:07.142+0000] {logging_mixin.py:150} INFO - [2023-08-07T11:10:07.142+0000] {dagbag.py:541} INFO - Filling up the DagBag from /home/airflow/.local/lib/python3.7/site-packages/airflow/example_dags/example_skip_dag.py
[2023-08-07T11:10:07.147+0000] {processor.py:836} INFO - DAG(s) dict_keys(['example_skip_dag']) retrieved from /home/airflow/.local/lib/python3.7/site-packages/airflow/example_dags/example_skip_dag.py
[2023-08-07T11:10:07.164+0000] {logging_mixin.py:150} INFO - [2023-08-07T11:10:07.164+0000] {dag.py:2742} INFO - Sync 1 DAGs
[2023-08-07T11:10:07.178+0000] {logging_mixin.py:150} INFO - [2023-08-07T11:10:07.178+0000] {dag.py:3508} INFO - Setting next_dagrun for example_skip_dag to 2023-08-06T11:10:07.178445+00:00, run_after=2023-08-07T11:10:07.178445+00:00
[2023-08-07T11:10:07.188+0000] {processor.py:179} INFO - Processing /home/airflow/.local/lib/python3.7/site-packages/airflow/example_dags/example_skip_dag.py took 0.051 seconds
[2023-08-07T11:10:37.358+0000] {processor.py:157} INFO - Started process (PID=2997) to work on /home/airflow/.local/lib/python3.7/site-packages/airflow/example_dags/example_skip_dag.py
[2023-08-07T11:10:37.359+0000] {processor.py:826} INFO - Processing file /home/airflow/.local/lib/python3.7/site-packages/airflow/example_dags/example_skip_dag.py for tasks to queue
[2023-08-07T11:10:37.360+0000] {logging_mixin.py:150} INFO - [2023-08-07T11:10:37.359+0000] {dagbag.py:541} INFO - Filling up the DagBag from /home/airflow/.local/lib/python3.7/site-packages/airflow/example_dags/example_skip_dag.py
[2023-08-07T11:10:37.365+0000] {processor.py:836} INFO - DAG(s) dict_keys(['example_skip_dag']) retrieved from /home/airflow/.local/lib/python3.7/site-packages/airflow/example_dags/example_skip_dag.py
[2023-08-07T11:10:37.382+0000] {logging_mixin.py:150} INFO - [2023-08-07T11:10:37.381+0000] {dag.py:2742} INFO - Sync 1 DAGs
[2023-08-07T11:10:37.396+0000] {logging_mixin.py:150} INFO - [2023-08-07T11:10:37.396+0000] {dag.py:3508} INFO - Setting next_dagrun for example_skip_dag to 2023-08-06T11:10:37.396000+00:00, run_after=2023-08-07T11:10:37.396000+00:00
[2023-08-07T11:10:37.406+0000] {processor.py:179} INFO - Processing /home/airflow/.local/lib/python3.7/site-packages/airflow/example_dags/example_skip_dag.py took 0.051 seconds
[2023-08-07T11:26:03.374+0000] {processor.py:157} INFO - Started process (PID=3055) to work on /home/airflow/.local/lib/python3.7/site-packages/airflow/example_dags/example_skip_dag.py
[2023-08-07T11:26:03.375+0000] {processor.py:826} INFO - Processing file /home/airflow/.local/lib/python3.7/site-packages/airflow/example_dags/example_skip_dag.py for tasks to queue
[2023-08-07T11:26:03.376+0000] {logging_mixin.py:150} INFO - [2023-08-07T11:26:03.375+0000] {dagbag.py:541} INFO - Filling up the DagBag from /home/airflow/.local/lib/python3.7/site-packages/airflow/example_dags/example_skip_dag.py
[2023-08-07T11:26:03.381+0000] {processor.py:836} INFO - DAG(s) dict_keys(['example_skip_dag']) retrieved from /home/airflow/.local/lib/python3.7/site-packages/airflow/example_dags/example_skip_dag.py
[2023-08-07T11:26:03.399+0000] {logging_mixin.py:150} INFO - [2023-08-07T11:26:03.399+0000] {dag.py:2742} INFO - Sync 1 DAGs
[2023-08-07T11:26:03.414+0000] {logging_mixin.py:150} INFO - [2023-08-07T11:26:03.414+0000] {dag.py:3508} INFO - Setting next_dagrun for example_skip_dag to 2023-08-06T11:26:03.413850+00:00, run_after=2023-08-07T11:26:03.413850+00:00
[2023-08-07T11:26:03.423+0000] {processor.py:179} INFO - Processing /home/airflow/.local/lib/python3.7/site-packages/airflow/example_dags/example_skip_dag.py took 0.053 seconds
[2023-08-07T12:49:01.695+0000] {processor.py:157} INFO - Started process (PID=3113) to work on /home/airflow/.local/lib/python3.7/site-packages/airflow/example_dags/example_skip_dag.py
[2023-08-07T12:49:01.696+0000] {processor.py:826} INFO - Processing file /home/airflow/.local/lib/python3.7/site-packages/airflow/example_dags/example_skip_dag.py for tasks to queue
[2023-08-07T12:49:01.696+0000] {logging_mixin.py:150} INFO - [2023-08-07T12:49:01.696+0000] {dagbag.py:541} INFO - Filling up the DagBag from /home/airflow/.local/lib/python3.7/site-packages/airflow/example_dags/example_skip_dag.py
[2023-08-07T12:49:01.702+0000] {processor.py:836} INFO - DAG(s) dict_keys(['example_skip_dag']) retrieved from /home/airflow/.local/lib/python3.7/site-packages/airflow/example_dags/example_skip_dag.py
[2023-08-07T12:49:01.719+0000] {logging_mixin.py:150} INFO - [2023-08-07T12:49:01.719+0000] {dag.py:2742} INFO - Sync 1 DAGs
[2023-08-07T12:49:01.733+0000] {logging_mixin.py:150} INFO - [2023-08-07T12:49:01.733+0000] {dag.py:3508} INFO - Setting next_dagrun for example_skip_dag to 2023-08-06T12:49:01.733674+00:00, run_after=2023-08-07T12:49:01.733674+00:00
[2023-08-07T12:49:01.744+0000] {processor.py:179} INFO - Processing /home/airflow/.local/lib/python3.7/site-packages/airflow/example_dags/example_skip_dag.py took 0.052 seconds
[2023-08-07T13:44:03.367+0000] {processor.py:157} INFO - Started process (PID=3171) to work on /home/airflow/.local/lib/python3.7/site-packages/airflow/example_dags/example_skip_dag.py
[2023-08-07T13:44:03.368+0000] {processor.py:826} INFO - Processing file /home/airflow/.local/lib/python3.7/site-packages/airflow/example_dags/example_skip_dag.py for tasks to queue
[2023-08-07T13:44:03.369+0000] {logging_mixin.py:150} INFO - [2023-08-07T13:44:03.369+0000] {dagbag.py:541} INFO - Filling up the DagBag from /home/airflow/.local/lib/python3.7/site-packages/airflow/example_dags/example_skip_dag.py
[2023-08-07T13:44:03.375+0000] {processor.py:836} INFO - DAG(s) dict_keys(['example_skip_dag']) retrieved from /home/airflow/.local/lib/python3.7/site-packages/airflow/example_dags/example_skip_dag.py
[2023-08-07T13:44:03.392+0000] {logging_mixin.py:150} INFO - [2023-08-07T13:44:03.392+0000] {dag.py:2742} INFO - Sync 1 DAGs
[2023-08-07T13:44:03.408+0000] {logging_mixin.py:150} INFO - [2023-08-07T13:44:03.408+0000] {dag.py:3508} INFO - Setting next_dagrun for example_skip_dag to 2023-08-06T13:44:03.407935+00:00, run_after=2023-08-07T13:44:03.407935+00:00
[2023-08-07T13:44:03.423+0000] {processor.py:179} INFO - Processing /home/airflow/.local/lib/python3.7/site-packages/airflow/example_dags/example_skip_dag.py took 0.058 seconds
[2023-08-07T14:43:29.141+0000] {processor.py:157} INFO - Started process (PID=3229) to work on /home/airflow/.local/lib/python3.7/site-packages/airflow/example_dags/example_skip_dag.py
[2023-08-07T14:43:29.142+0000] {processor.py:826} INFO - Processing file /home/airflow/.local/lib/python3.7/site-packages/airflow/example_dags/example_skip_dag.py for tasks to queue
[2023-08-07T14:43:29.143+0000] {logging_mixin.py:150} INFO - [2023-08-07T14:43:29.143+0000] {dagbag.py:541} INFO - Filling up the DagBag from /home/airflow/.local/lib/python3.7/site-packages/airflow/example_dags/example_skip_dag.py
[2023-08-07T14:43:29.149+0000] {processor.py:836} INFO - DAG(s) dict_keys(['example_skip_dag']) retrieved from /home/airflow/.local/lib/python3.7/site-packages/airflow/example_dags/example_skip_dag.py
[2023-08-07T14:43:29.165+0000] {logging_mixin.py:150} INFO - [2023-08-07T14:43:29.165+0000] {dag.py:2742} INFO - Sync 1 DAGs
[2023-08-07T14:43:29.180+0000] {logging_mixin.py:150} INFO - [2023-08-07T14:43:29.180+0000] {dag.py:3508} INFO - Setting next_dagrun for example_skip_dag to 2023-08-06T14:43:29.180029+00:00, run_after=2023-08-07T14:43:29.180029+00:00
[2023-08-07T14:43:29.190+0000] {processor.py:179} INFO - Processing /home/airflow/.local/lib/python3.7/site-packages/airflow/example_dags/example_skip_dag.py took 0.052 seconds
[2023-08-07T15:52:31.032+0000] {processor.py:157} INFO - Started process (PID=3287) to work on /home/airflow/.local/lib/python3.7/site-packages/airflow/example_dags/example_skip_dag.py
[2023-08-07T15:52:31.033+0000] {processor.py:826} INFO - Processing file /home/airflow/.local/lib/python3.7/site-packages/airflow/example_dags/example_skip_dag.py for tasks to queue
[2023-08-07T15:52:31.034+0000] {logging_mixin.py:150} INFO - [2023-08-07T15:52:31.034+0000] {dagbag.py:541} INFO - Filling up the DagBag from /home/airflow/.local/lib/python3.7/site-packages/airflow/example_dags/example_skip_dag.py
[2023-08-07T15:52:31.039+0000] {processor.py:836} INFO - DAG(s) dict_keys(['example_skip_dag']) retrieved from /home/airflow/.local/lib/python3.7/site-packages/airflow/example_dags/example_skip_dag.py
[2023-08-07T15:52:31.056+0000] {logging_mixin.py:150} INFO - [2023-08-07T15:52:31.056+0000] {dag.py:2742} INFO - Sync 1 DAGs
[2023-08-07T15:52:31.070+0000] {logging_mixin.py:150} INFO - [2023-08-07T15:52:31.070+0000] {dag.py:3508} INFO - Setting next_dagrun for example_skip_dag to 2023-08-06T15:52:31.070197+00:00, run_after=2023-08-07T15:52:31.070197+00:00
[2023-08-07T15:52:31.080+0000] {processor.py:179} INFO - Processing /home/airflow/.local/lib/python3.7/site-packages/airflow/example_dags/example_skip_dag.py took 0.050 seconds
[2023-08-07T17:14:43.280+0000] {processor.py:157} INFO - Started process (PID=3345) to work on /home/airflow/.local/lib/python3.7/site-packages/airflow/example_dags/example_skip_dag.py
[2023-08-07T17:14:43.284+0000] {processor.py:826} INFO - Processing file /home/airflow/.local/lib/python3.7/site-packages/airflow/example_dags/example_skip_dag.py for tasks to queue
[2023-08-07T17:14:43.286+0000] {logging_mixin.py:150} INFO - [2023-08-07T17:14:43.285+0000] {dagbag.py:541} INFO - Filling up the DagBag from /home/airflow/.local/lib/python3.7/site-packages/airflow/example_dags/example_skip_dag.py
[2023-08-07T17:14:43.297+0000] {processor.py:836} INFO - DAG(s) dict_keys(['example_skip_dag']) retrieved from /home/airflow/.local/lib/python3.7/site-packages/airflow/example_dags/example_skip_dag.py
[2023-08-07T17:14:43.339+0000] {logging_mixin.py:150} INFO - [2023-08-07T17:14:43.339+0000] {dag.py:2742} INFO - Sync 1 DAGs
[2023-08-07T17:14:43.363+0000] {logging_mixin.py:150} INFO - [2023-08-07T17:14:43.363+0000] {dag.py:3508} INFO - Setting next_dagrun for example_skip_dag to 2023-08-06T17:14:43.363179+00:00, run_after=2023-08-07T17:14:43.363179+00:00
[2023-08-07T17:14:43.383+0000] {processor.py:179} INFO - Processing /home/airflow/.local/lib/python3.7/site-packages/airflow/example_dags/example_skip_dag.py took 0.111 seconds
[2023-08-07T18:12:50.742+0000] {processor.py:157} INFO - Started process (PID=3403) to work on /home/airflow/.local/lib/python3.7/site-packages/airflow/example_dags/example_skip_dag.py
[2023-08-07T18:12:50.743+0000] {processor.py:826} INFO - Processing file /home/airflow/.local/lib/python3.7/site-packages/airflow/example_dags/example_skip_dag.py for tasks to queue
[2023-08-07T18:12:50.744+0000] {logging_mixin.py:150} INFO - [2023-08-07T18:12:50.744+0000] {dagbag.py:541} INFO - Filling up the DagBag from /home/airflow/.local/lib/python3.7/site-packages/airflow/example_dags/example_skip_dag.py
[2023-08-07T18:12:50.751+0000] {processor.py:836} INFO - DAG(s) dict_keys(['example_skip_dag']) retrieved from /home/airflow/.local/lib/python3.7/site-packages/airflow/example_dags/example_skip_dag.py
[2023-08-07T18:12:50.769+0000] {logging_mixin.py:150} INFO - [2023-08-07T18:12:50.769+0000] {dag.py:2742} INFO - Sync 1 DAGs
[2023-08-07T18:12:50.785+0000] {logging_mixin.py:150} INFO - [2023-08-07T18:12:50.785+0000] {dag.py:3508} INFO - Setting next_dagrun for example_skip_dag to 2023-08-06T18:12:50.784982+00:00, run_after=2023-08-07T18:12:50.784982+00:00
[2023-08-07T18:12:50.796+0000] {processor.py:179} INFO - Processing /home/airflow/.local/lib/python3.7/site-packages/airflow/example_dags/example_skip_dag.py took 0.056 seconds
[2023-08-07T19:18:05.919+0000] {processor.py:157} INFO - Started process (PID=3461) to work on /home/airflow/.local/lib/python3.7/site-packages/airflow/example_dags/example_skip_dag.py
[2023-08-07T19:18:05.921+0000] {processor.py:826} INFO - Processing file /home/airflow/.local/lib/python3.7/site-packages/airflow/example_dags/example_skip_dag.py for tasks to queue
[2023-08-07T19:18:05.922+0000] {logging_mixin.py:150} INFO - [2023-08-07T19:18:05.922+0000] {dagbag.py:541} INFO - Filling up the DagBag from /home/airflow/.local/lib/python3.7/site-packages/airflow/example_dags/example_skip_dag.py
[2023-08-07T19:18:05.932+0000] {processor.py:836} INFO - DAG(s) dict_keys(['example_skip_dag']) retrieved from /home/airflow/.local/lib/python3.7/site-packages/airflow/example_dags/example_skip_dag.py
[2023-08-07T19:18:05.987+0000] {logging_mixin.py:150} INFO - [2023-08-07T19:18:05.986+0000] {dag.py:2742} INFO - Sync 1 DAGs
[2023-08-07T19:18:06.020+0000] {logging_mixin.py:150} INFO - [2023-08-07T19:18:06.020+0000] {dag.py:3508} INFO - Setting next_dagrun for example_skip_dag to 2023-08-06T19:18:06.016727+00:00, run_after=2023-08-07T19:18:06.016727+00:00
[2023-08-07T19:18:06.040+0000] {processor.py:179} INFO - Processing /home/airflow/.local/lib/python3.7/site-packages/airflow/example_dags/example_skip_dag.py took 0.124 seconds
[2023-08-07T20:39:16.168+0000] {processor.py:157} INFO - Started process (PID=3519) to work on /home/airflow/.local/lib/python3.7/site-packages/airflow/example_dags/example_skip_dag.py
[2023-08-07T20:39:16.169+0000] {processor.py:826} INFO - Processing file /home/airflow/.local/lib/python3.7/site-packages/airflow/example_dags/example_skip_dag.py for tasks to queue
[2023-08-07T20:39:16.170+0000] {logging_mixin.py:150} INFO - [2023-08-07T20:39:16.170+0000] {dagbag.py:541} INFO - Filling up the DagBag from /home/airflow/.local/lib/python3.7/site-packages/airflow/example_dags/example_skip_dag.py
[2023-08-07T20:39:16.176+0000] {processor.py:836} INFO - DAG(s) dict_keys(['example_skip_dag']) retrieved from /home/airflow/.local/lib/python3.7/site-packages/airflow/example_dags/example_skip_dag.py
[2023-08-07T20:39:16.193+0000] {logging_mixin.py:150} INFO - [2023-08-07T20:39:16.193+0000] {dag.py:2742} INFO - Sync 1 DAGs
[2023-08-07T20:39:16.208+0000] {logging_mixin.py:150} INFO - [2023-08-07T20:39:16.208+0000] {dag.py:3508} INFO - Setting next_dagrun for example_skip_dag to 2023-08-06T20:39:16.208069+00:00, run_after=2023-08-07T20:39:16.208069+00:00
[2023-08-07T20:39:16.219+0000] {processor.py:179} INFO - Processing /home/airflow/.local/lib/python3.7/site-packages/airflow/example_dags/example_skip_dag.py took 0.053 seconds
[2023-08-07T21:49:01.852+0000] {processor.py:157} INFO - Started process (PID=3577) to work on /home/airflow/.local/lib/python3.7/site-packages/airflow/example_dags/example_skip_dag.py
[2023-08-07T21:49:01.854+0000] {processor.py:826} INFO - Processing file /home/airflow/.local/lib/python3.7/site-packages/airflow/example_dags/example_skip_dag.py for tasks to queue
[2023-08-07T21:49:01.855+0000] {logging_mixin.py:150} INFO - [2023-08-07T21:49:01.855+0000] {dagbag.py:541} INFO - Filling up the DagBag from /home/airflow/.local/lib/python3.7/site-packages/airflow/example_dags/example_skip_dag.py
[2023-08-07T21:49:01.869+0000] {processor.py:836} INFO - DAG(s) dict_keys(['example_skip_dag']) retrieved from /home/airflow/.local/lib/python3.7/site-packages/airflow/example_dags/example_skip_dag.py
[2023-08-07T21:49:01.906+0000] {logging_mixin.py:150} INFO - [2023-08-07T21:49:01.905+0000] {dag.py:2742} INFO - Sync 1 DAGs
[2023-08-07T21:49:01.923+0000] {logging_mixin.py:150} INFO - [2023-08-07T21:49:01.923+0000] {dag.py:3508} INFO - Setting next_dagrun for example_skip_dag to 2023-08-06T21:49:01.922832+00:00, run_after=2023-08-07T21:49:01.922832+00:00
[2023-08-07T21:49:01.934+0000] {processor.py:179} INFO - Processing /home/airflow/.local/lib/python3.7/site-packages/airflow/example_dags/example_skip_dag.py took 0.089 seconds
[2023-08-07T22:56:31.899+0000] {processor.py:157} INFO - Started process (PID=3635) to work on /home/airflow/.local/lib/python3.7/site-packages/airflow/example_dags/example_skip_dag.py
[2023-08-07T22:56:31.900+0000] {processor.py:826} INFO - Processing file /home/airflow/.local/lib/python3.7/site-packages/airflow/example_dags/example_skip_dag.py for tasks to queue
[2023-08-07T22:56:31.901+0000] {logging_mixin.py:150} INFO - [2023-08-07T22:56:31.901+0000] {dagbag.py:541} INFO - Filling up the DagBag from /home/airflow/.local/lib/python3.7/site-packages/airflow/example_dags/example_skip_dag.py
[2023-08-07T22:56:31.907+0000] {processor.py:836} INFO - DAG(s) dict_keys(['example_skip_dag']) retrieved from /home/airflow/.local/lib/python3.7/site-packages/airflow/example_dags/example_skip_dag.py
[2023-08-07T22:56:31.927+0000] {logging_mixin.py:150} INFO - [2023-08-07T22:56:31.927+0000] {dag.py:2742} INFO - Sync 1 DAGs
[2023-08-07T22:56:31.942+0000] {logging_mixin.py:150} INFO - [2023-08-07T22:56:31.942+0000] {dag.py:3508} INFO - Setting next_dagrun for example_skip_dag to 2023-08-06T22:56:31.942010+00:00, run_after=2023-08-07T22:56:31.942010+00:00
[2023-08-07T22:56:31.953+0000] {processor.py:179} INFO - Processing /home/airflow/.local/lib/python3.7/site-packages/airflow/example_dags/example_skip_dag.py took 0.056 seconds
[2023-08-07T23:21:10.092+0000] {processor.py:157} INFO - Started process (PID=3693) to work on /home/airflow/.local/lib/python3.7/site-packages/airflow/example_dags/example_skip_dag.py
[2023-08-07T23:21:10.093+0000] {processor.py:826} INFO - Processing file /home/airflow/.local/lib/python3.7/site-packages/airflow/example_dags/example_skip_dag.py for tasks to queue
[2023-08-07T23:21:10.093+0000] {logging_mixin.py:150} INFO - [2023-08-07T23:21:10.093+0000] {dagbag.py:541} INFO - Filling up the DagBag from /home/airflow/.local/lib/python3.7/site-packages/airflow/example_dags/example_skip_dag.py
[2023-08-07T23:21:10.099+0000] {processor.py:836} INFO - DAG(s) dict_keys(['example_skip_dag']) retrieved from /home/airflow/.local/lib/python3.7/site-packages/airflow/example_dags/example_skip_dag.py
[2023-08-07T23:21:10.117+0000] {logging_mixin.py:150} INFO - [2023-08-07T23:21:10.116+0000] {dag.py:2742} INFO - Sync 1 DAGs
[2023-08-07T23:21:10.131+0000] {logging_mixin.py:150} INFO - [2023-08-07T23:21:10.131+0000] {dag.py:3508} INFO - Setting next_dagrun for example_skip_dag to 2023-08-06T23:21:10.131654+00:00, run_after=2023-08-07T23:21:10.131654+00:00
[2023-08-07T23:21:10.141+0000] {processor.py:179} INFO - Processing /home/airflow/.local/lib/python3.7/site-packages/airflow/example_dags/example_skip_dag.py took 0.052 seconds
[2023-08-07T23:36:58.695+0000] {processor.py:157} INFO - Started process (PID=3751) to work on /home/airflow/.local/lib/python3.7/site-packages/airflow/example_dags/example_skip_dag.py
[2023-08-07T23:36:58.697+0000] {processor.py:826} INFO - Processing file /home/airflow/.local/lib/python3.7/site-packages/airflow/example_dags/example_skip_dag.py for tasks to queue
[2023-08-07T23:36:58.703+0000] {logging_mixin.py:150} INFO - [2023-08-07T23:36:58.703+0000] {dagbag.py:541} INFO - Filling up the DagBag from /home/airflow/.local/lib/python3.7/site-packages/airflow/example_dags/example_skip_dag.py
[2023-08-07T23:36:58.712+0000] {processor.py:836} INFO - DAG(s) dict_keys(['example_skip_dag']) retrieved from /home/airflow/.local/lib/python3.7/site-packages/airflow/example_dags/example_skip_dag.py
[2023-08-07T23:36:58.771+0000] {logging_mixin.py:150} INFO - [2023-08-07T23:36:58.770+0000] {dag.py:2742} INFO - Sync 1 DAGs
[2023-08-07T23:36:58.800+0000] {logging_mixin.py:150} INFO - [2023-08-07T23:36:58.800+0000] {dag.py:3508} INFO - Setting next_dagrun for example_skip_dag to 2023-08-06T23:36:58.799869+00:00, run_after=2023-08-07T23:36:58.799869+00:00
[2023-08-07T23:36:58.824+0000] {processor.py:179} INFO - Processing /home/airflow/.local/lib/python3.7/site-packages/airflow/example_dags/example_skip_dag.py took 0.132 seconds
