[2023-08-07T10:43:27.156+0000] {processor.py:157} INFO - Started process (PID=40) to work on /home/airflow/.local/lib/python3.7/site-packages/airflow/example_dags/example_dynamic_task_mapping_with_no_taskflow_operators.py
[2023-08-07T10:43:27.157+0000] {processor.py:826} INFO - Processing file /home/airflow/.local/lib/python3.7/site-packages/airflow/example_dags/example_dynamic_task_mapping_with_no_taskflow_operators.py for tasks to queue
[2023-08-07T10:43:27.158+0000] {logging_mixin.py:150} INFO - [2023-08-07T10:43:27.157+0000] {dagbag.py:541} INFO - Filling up the DagBag from /home/airflow/.local/lib/python3.7/site-packages/airflow/example_dags/example_dynamic_task_mapping_with_no_taskflow_operators.py
[2023-08-07T10:43:27.165+0000] {processor.py:836} INFO - DAG(s) dict_keys(['example_dynamic_task_mapping_with_no_taskflow_operators']) retrieved from /home/airflow/.local/lib/python3.7/site-packages/airflow/example_dags/example_dynamic_task_mapping_with_no_taskflow_operators.py
[2023-08-07T10:43:27.227+0000] {logging_mixin.py:150} INFO - [2023-08-07T10:43:27.227+0000] {manager.py:504} INFO - Created Permission View: can edit on DAG:example_dynamic_task_mapping_with_no_taskflow_operators
[2023-08-07T10:43:27.234+0000] {logging_mixin.py:150} INFO - [2023-08-07T10:43:27.234+0000] {manager.py:504} INFO - Created Permission View: can delete on DAG:example_dynamic_task_mapping_with_no_taskflow_operators
[2023-08-07T10:43:27.237+0000] {logging_mixin.py:150} INFO - [2023-08-07T10:43:27.237+0000] {manager.py:504} INFO - Created Permission View: can read on DAG:example_dynamic_task_mapping_with_no_taskflow_operators
[2023-08-07T10:43:27.246+0000] {logging_mixin.py:150} INFO - [2023-08-07T10:43:27.246+0000] {dag.py:2742} INFO - Sync 1 DAGs
[2023-08-07T10:43:27.253+0000] {logging_mixin.py:150} INFO - [2023-08-07T10:43:27.253+0000] {dag.py:2763} INFO - Creating ORM DAG for example_dynamic_task_mapping_with_no_taskflow_operators
[2023-08-07T10:43:27.259+0000] {logging_mixin.py:150} INFO - [2023-08-07T10:43:27.259+0000] {dag.py:3508} INFO - Setting next_dagrun for example_dynamic_task_mapping_with_no_taskflow_operators to 2023-08-06T10:43:27.259492+00:00, run_after=2023-08-07T10:43:27.259492+00:00
[2023-08-07T10:43:27.269+0000] {processor.py:179} INFO - Processing /home/airflow/.local/lib/python3.7/site-packages/airflow/example_dags/example_dynamic_task_mapping_with_no_taskflow_operators.py took 0.116 seconds
[2023-08-07T10:43:57.987+0000] {processor.py:157} INFO - Started process (PID=98) to work on /home/airflow/.local/lib/python3.7/site-packages/airflow/example_dags/example_dynamic_task_mapping_with_no_taskflow_operators.py
[2023-08-07T10:43:57.988+0000] {processor.py:826} INFO - Processing file /home/airflow/.local/lib/python3.7/site-packages/airflow/example_dags/example_dynamic_task_mapping_with_no_taskflow_operators.py for tasks to queue
[2023-08-07T10:43:57.989+0000] {logging_mixin.py:150} INFO - [2023-08-07T10:43:57.989+0000] {dagbag.py:541} INFO - Filling up the DagBag from /home/airflow/.local/lib/python3.7/site-packages/airflow/example_dags/example_dynamic_task_mapping_with_no_taskflow_operators.py
[2023-08-07T10:43:57.994+0000] {processor.py:836} INFO - DAG(s) dict_keys(['example_dynamic_task_mapping_with_no_taskflow_operators']) retrieved from /home/airflow/.local/lib/python3.7/site-packages/airflow/example_dags/example_dynamic_task_mapping_with_no_taskflow_operators.py
[2023-08-07T10:43:58.010+0000] {logging_mixin.py:150} INFO - [2023-08-07T10:43:58.010+0000] {dag.py:2742} INFO - Sync 1 DAGs
[2023-08-07T10:43:58.024+0000] {logging_mixin.py:150} INFO - [2023-08-07T10:43:58.024+0000] {dag.py:3508} INFO - Setting next_dagrun for example_dynamic_task_mapping_with_no_taskflow_operators to 2023-08-06T10:43:58.024562+00:00, run_after=2023-08-07T10:43:58.024562+00:00
[2023-08-07T10:43:58.034+0000] {processor.py:179} INFO - Processing /home/airflow/.local/lib/python3.7/site-packages/airflow/example_dags/example_dynamic_task_mapping_with_no_taskflow_operators.py took 0.050 seconds
[2023-08-07T10:44:28.315+0000] {processor.py:157} INFO - Started process (PID=156) to work on /home/airflow/.local/lib/python3.7/site-packages/airflow/example_dags/example_dynamic_task_mapping_with_no_taskflow_operators.py
[2023-08-07T10:44:28.316+0000] {processor.py:826} INFO - Processing file /home/airflow/.local/lib/python3.7/site-packages/airflow/example_dags/example_dynamic_task_mapping_with_no_taskflow_operators.py for tasks to queue
[2023-08-07T10:44:28.317+0000] {logging_mixin.py:150} INFO - [2023-08-07T10:44:28.316+0000] {dagbag.py:541} INFO - Filling up the DagBag from /home/airflow/.local/lib/python3.7/site-packages/airflow/example_dags/example_dynamic_task_mapping_with_no_taskflow_operators.py
[2023-08-07T10:44:28.322+0000] {processor.py:836} INFO - DAG(s) dict_keys(['example_dynamic_task_mapping_with_no_taskflow_operators']) retrieved from /home/airflow/.local/lib/python3.7/site-packages/airflow/example_dags/example_dynamic_task_mapping_with_no_taskflow_operators.py
[2023-08-07T10:44:28.338+0000] {logging_mixin.py:150} INFO - [2023-08-07T10:44:28.338+0000] {dag.py:2742} INFO - Sync 1 DAGs
[2023-08-07T10:44:28.352+0000] {logging_mixin.py:150} INFO - [2023-08-07T10:44:28.352+0000] {dag.py:3508} INFO - Setting next_dagrun for example_dynamic_task_mapping_with_no_taskflow_operators to 2023-08-06T10:44:28.351870+00:00, run_after=2023-08-07T10:44:28.351870+00:00
[2023-08-07T10:44:28.361+0000] {processor.py:179} INFO - Processing /home/airflow/.local/lib/python3.7/site-packages/airflow/example_dags/example_dynamic_task_mapping_with_no_taskflow_operators.py took 0.049 seconds
[2023-08-07T10:44:58.783+0000] {processor.py:157} INFO - Started process (PID=214) to work on /home/airflow/.local/lib/python3.7/site-packages/airflow/example_dags/example_dynamic_task_mapping_with_no_taskflow_operators.py
[2023-08-07T10:44:58.784+0000] {processor.py:826} INFO - Processing file /home/airflow/.local/lib/python3.7/site-packages/airflow/example_dags/example_dynamic_task_mapping_with_no_taskflow_operators.py for tasks to queue
[2023-08-07T10:44:58.785+0000] {logging_mixin.py:150} INFO - [2023-08-07T10:44:58.784+0000] {dagbag.py:541} INFO - Filling up the DagBag from /home/airflow/.local/lib/python3.7/site-packages/airflow/example_dags/example_dynamic_task_mapping_with_no_taskflow_operators.py
[2023-08-07T10:44:58.790+0000] {processor.py:836} INFO - DAG(s) dict_keys(['example_dynamic_task_mapping_with_no_taskflow_operators']) retrieved from /home/airflow/.local/lib/python3.7/site-packages/airflow/example_dags/example_dynamic_task_mapping_with_no_taskflow_operators.py
[2023-08-07T10:44:58.806+0000] {logging_mixin.py:150} INFO - [2023-08-07T10:44:58.806+0000] {dag.py:2742} INFO - Sync 1 DAGs
[2023-08-07T10:44:58.820+0000] {logging_mixin.py:150} INFO - [2023-08-07T10:44:58.820+0000] {dag.py:3508} INFO - Setting next_dagrun for example_dynamic_task_mapping_with_no_taskflow_operators to 2023-08-06T10:44:58.819865+00:00, run_after=2023-08-07T10:44:58.819865+00:00
[2023-08-07T10:44:58.829+0000] {processor.py:179} INFO - Processing /home/airflow/.local/lib/python3.7/site-packages/airflow/example_dags/example_dynamic_task_mapping_with_no_taskflow_operators.py took 0.049 seconds
[2023-08-07T10:45:29.895+0000] {processor.py:157} INFO - Started process (PID=272) to work on /home/airflow/.local/lib/python3.7/site-packages/airflow/example_dags/example_dynamic_task_mapping_with_no_taskflow_operators.py
[2023-08-07T10:45:29.896+0000] {processor.py:826} INFO - Processing file /home/airflow/.local/lib/python3.7/site-packages/airflow/example_dags/example_dynamic_task_mapping_with_no_taskflow_operators.py for tasks to queue
[2023-08-07T10:45:29.897+0000] {logging_mixin.py:150} INFO - [2023-08-07T10:45:29.897+0000] {dagbag.py:541} INFO - Filling up the DagBag from /home/airflow/.local/lib/python3.7/site-packages/airflow/example_dags/example_dynamic_task_mapping_with_no_taskflow_operators.py
[2023-08-07T10:45:29.902+0000] {processor.py:836} INFO - DAG(s) dict_keys(['example_dynamic_task_mapping_with_no_taskflow_operators']) retrieved from /home/airflow/.local/lib/python3.7/site-packages/airflow/example_dags/example_dynamic_task_mapping_with_no_taskflow_operators.py
[2023-08-07T10:45:29.919+0000] {logging_mixin.py:150} INFO - [2023-08-07T10:45:29.919+0000] {dag.py:2742} INFO - Sync 1 DAGs
[2023-08-07T10:45:29.933+0000] {logging_mixin.py:150} INFO - [2023-08-07T10:45:29.933+0000] {dag.py:3508} INFO - Setting next_dagrun for example_dynamic_task_mapping_with_no_taskflow_operators to 2023-08-06T10:45:29.933339+00:00, run_after=2023-08-07T10:45:29.933339+00:00
[2023-08-07T10:45:29.942+0000] {processor.py:179} INFO - Processing /home/airflow/.local/lib/python3.7/site-packages/airflow/example_dags/example_dynamic_task_mapping_with_no_taskflow_operators.py took 0.050 seconds
[2023-08-07T10:46:00.247+0000] {processor.py:157} INFO - Started process (PID=330) to work on /home/airflow/.local/lib/python3.7/site-packages/airflow/example_dags/example_dynamic_task_mapping_with_no_taskflow_operators.py
[2023-08-07T10:46:00.248+0000] {processor.py:826} INFO - Processing file /home/airflow/.local/lib/python3.7/site-packages/airflow/example_dags/example_dynamic_task_mapping_with_no_taskflow_operators.py for tasks to queue
[2023-08-07T10:46:00.249+0000] {logging_mixin.py:150} INFO - [2023-08-07T10:46:00.249+0000] {dagbag.py:541} INFO - Filling up the DagBag from /home/airflow/.local/lib/python3.7/site-packages/airflow/example_dags/example_dynamic_task_mapping_with_no_taskflow_operators.py
[2023-08-07T10:46:00.254+0000] {processor.py:836} INFO - DAG(s) dict_keys(['example_dynamic_task_mapping_with_no_taskflow_operators']) retrieved from /home/airflow/.local/lib/python3.7/site-packages/airflow/example_dags/example_dynamic_task_mapping_with_no_taskflow_operators.py
[2023-08-07T10:46:00.270+0000] {logging_mixin.py:150} INFO - [2023-08-07T10:46:00.270+0000] {dag.py:2742} INFO - Sync 1 DAGs
[2023-08-07T10:46:00.284+0000] {logging_mixin.py:150} INFO - [2023-08-07T10:46:00.284+0000] {dag.py:3508} INFO - Setting next_dagrun for example_dynamic_task_mapping_with_no_taskflow_operators to 2023-08-06T10:46:00.283894+00:00, run_after=2023-08-07T10:46:00.283894+00:00
[2023-08-07T10:46:00.293+0000] {processor.py:179} INFO - Processing /home/airflow/.local/lib/python3.7/site-packages/airflow/example_dags/example_dynamic_task_mapping_with_no_taskflow_operators.py took 0.048 seconds
[2023-08-07T10:46:30.405+0000] {processor.py:157} INFO - Started process (PID=388) to work on /home/airflow/.local/lib/python3.7/site-packages/airflow/example_dags/example_dynamic_task_mapping_with_no_taskflow_operators.py
[2023-08-07T10:46:30.406+0000] {processor.py:826} INFO - Processing file /home/airflow/.local/lib/python3.7/site-packages/airflow/example_dags/example_dynamic_task_mapping_with_no_taskflow_operators.py for tasks to queue
[2023-08-07T10:46:30.407+0000] {logging_mixin.py:150} INFO - [2023-08-07T10:46:30.407+0000] {dagbag.py:541} INFO - Filling up the DagBag from /home/airflow/.local/lib/python3.7/site-packages/airflow/example_dags/example_dynamic_task_mapping_with_no_taskflow_operators.py
[2023-08-07T10:46:30.412+0000] {processor.py:836} INFO - DAG(s) dict_keys(['example_dynamic_task_mapping_with_no_taskflow_operators']) retrieved from /home/airflow/.local/lib/python3.7/site-packages/airflow/example_dags/example_dynamic_task_mapping_with_no_taskflow_operators.py
[2023-08-07T10:46:30.428+0000] {logging_mixin.py:150} INFO - [2023-08-07T10:46:30.428+0000] {dag.py:2742} INFO - Sync 1 DAGs
[2023-08-07T10:46:30.442+0000] {logging_mixin.py:150} INFO - [2023-08-07T10:46:30.442+0000] {dag.py:3508} INFO - Setting next_dagrun for example_dynamic_task_mapping_with_no_taskflow_operators to 2023-08-06T10:46:30.442254+00:00, run_after=2023-08-07T10:46:30.442254+00:00
[2023-08-07T10:46:30.451+0000] {processor.py:179} INFO - Processing /home/airflow/.local/lib/python3.7/site-packages/airflow/example_dags/example_dynamic_task_mapping_with_no_taskflow_operators.py took 0.049 seconds
[2023-08-07T10:47:00.701+0000] {processor.py:157} INFO - Started process (PID=446) to work on /home/airflow/.local/lib/python3.7/site-packages/airflow/example_dags/example_dynamic_task_mapping_with_no_taskflow_operators.py
[2023-08-07T10:47:00.703+0000] {processor.py:826} INFO - Processing file /home/airflow/.local/lib/python3.7/site-packages/airflow/example_dags/example_dynamic_task_mapping_with_no_taskflow_operators.py for tasks to queue
[2023-08-07T10:47:00.704+0000] {logging_mixin.py:150} INFO - [2023-08-07T10:47:00.703+0000] {dagbag.py:541} INFO - Filling up the DagBag from /home/airflow/.local/lib/python3.7/site-packages/airflow/example_dags/example_dynamic_task_mapping_with_no_taskflow_operators.py
[2023-08-07T10:47:00.709+0000] {processor.py:836} INFO - DAG(s) dict_keys(['example_dynamic_task_mapping_with_no_taskflow_operators']) retrieved from /home/airflow/.local/lib/python3.7/site-packages/airflow/example_dags/example_dynamic_task_mapping_with_no_taskflow_operators.py
[2023-08-07T10:47:00.724+0000] {logging_mixin.py:150} INFO - [2023-08-07T10:47:00.724+0000] {dag.py:2742} INFO - Sync 1 DAGs
[2023-08-07T10:47:00.739+0000] {logging_mixin.py:150} INFO - [2023-08-07T10:47:00.738+0000] {dag.py:3508} INFO - Setting next_dagrun for example_dynamic_task_mapping_with_no_taskflow_operators to 2023-08-06T10:47:00.738728+00:00, run_after=2023-08-07T10:47:00.738728+00:00
[2023-08-07T10:47:00.748+0000] {processor.py:179} INFO - Processing /home/airflow/.local/lib/python3.7/site-packages/airflow/example_dags/example_dynamic_task_mapping_with_no_taskflow_operators.py took 0.050 seconds
[2023-08-07T10:47:30.841+0000] {processor.py:157} INFO - Started process (PID=504) to work on /home/airflow/.local/lib/python3.7/site-packages/airflow/example_dags/example_dynamic_task_mapping_with_no_taskflow_operators.py
[2023-08-07T10:47:30.842+0000] {processor.py:826} INFO - Processing file /home/airflow/.local/lib/python3.7/site-packages/airflow/example_dags/example_dynamic_task_mapping_with_no_taskflow_operators.py for tasks to queue
[2023-08-07T10:47:30.843+0000] {logging_mixin.py:150} INFO - [2023-08-07T10:47:30.843+0000] {dagbag.py:541} INFO - Filling up the DagBag from /home/airflow/.local/lib/python3.7/site-packages/airflow/example_dags/example_dynamic_task_mapping_with_no_taskflow_operators.py
[2023-08-07T10:47:30.848+0000] {processor.py:836} INFO - DAG(s) dict_keys(['example_dynamic_task_mapping_with_no_taskflow_operators']) retrieved from /home/airflow/.local/lib/python3.7/site-packages/airflow/example_dags/example_dynamic_task_mapping_with_no_taskflow_operators.py
[2023-08-07T10:47:30.864+0000] {logging_mixin.py:150} INFO - [2023-08-07T10:47:30.864+0000] {dag.py:2742} INFO - Sync 1 DAGs
[2023-08-07T10:47:30.879+0000] {logging_mixin.py:150} INFO - [2023-08-07T10:47:30.879+0000] {dag.py:3508} INFO - Setting next_dagrun for example_dynamic_task_mapping_with_no_taskflow_operators to 2023-08-06T10:47:30.879006+00:00, run_after=2023-08-07T10:47:30.879006+00:00
[2023-08-07T10:47:30.888+0000] {processor.py:179} INFO - Processing /home/airflow/.local/lib/python3.7/site-packages/airflow/example_dags/example_dynamic_task_mapping_with_no_taskflow_operators.py took 0.050 seconds
[2023-08-07T10:48:01.025+0000] {processor.py:157} INFO - Started process (PID=562) to work on /home/airflow/.local/lib/python3.7/site-packages/airflow/example_dags/example_dynamic_task_mapping_with_no_taskflow_operators.py
[2023-08-07T10:48:01.026+0000] {processor.py:826} INFO - Processing file /home/airflow/.local/lib/python3.7/site-packages/airflow/example_dags/example_dynamic_task_mapping_with_no_taskflow_operators.py for tasks to queue
[2023-08-07T10:48:01.027+0000] {logging_mixin.py:150} INFO - [2023-08-07T10:48:01.027+0000] {dagbag.py:541} INFO - Filling up the DagBag from /home/airflow/.local/lib/python3.7/site-packages/airflow/example_dags/example_dynamic_task_mapping_with_no_taskflow_operators.py
[2023-08-07T10:48:01.033+0000] {processor.py:836} INFO - DAG(s) dict_keys(['example_dynamic_task_mapping_with_no_taskflow_operators']) retrieved from /home/airflow/.local/lib/python3.7/site-packages/airflow/example_dags/example_dynamic_task_mapping_with_no_taskflow_operators.py
[2023-08-07T10:48:01.049+0000] {logging_mixin.py:150} INFO - [2023-08-07T10:48:01.049+0000] {dag.py:2742} INFO - Sync 1 DAGs
[2023-08-07T10:48:01.064+0000] {logging_mixin.py:150} INFO - [2023-08-07T10:48:01.064+0000] {dag.py:3508} INFO - Setting next_dagrun for example_dynamic_task_mapping_with_no_taskflow_operators to 2023-08-06T10:48:01.064331+00:00, run_after=2023-08-07T10:48:01.064331+00:00
[2023-08-07T10:48:01.074+0000] {processor.py:179} INFO - Processing /home/airflow/.local/lib/python3.7/site-packages/airflow/example_dags/example_dynamic_task_mapping_with_no_taskflow_operators.py took 0.052 seconds
[2023-08-07T10:48:31.508+0000] {processor.py:157} INFO - Started process (PID=620) to work on /home/airflow/.local/lib/python3.7/site-packages/airflow/example_dags/example_dynamic_task_mapping_with_no_taskflow_operators.py
[2023-08-07T10:48:31.509+0000] {processor.py:826} INFO - Processing file /home/airflow/.local/lib/python3.7/site-packages/airflow/example_dags/example_dynamic_task_mapping_with_no_taskflow_operators.py for tasks to queue
[2023-08-07T10:48:31.509+0000] {logging_mixin.py:150} INFO - [2023-08-07T10:48:31.509+0000] {dagbag.py:541} INFO - Filling up the DagBag from /home/airflow/.local/lib/python3.7/site-packages/airflow/example_dags/example_dynamic_task_mapping_with_no_taskflow_operators.py
[2023-08-07T10:48:31.515+0000] {processor.py:836} INFO - DAG(s) dict_keys(['example_dynamic_task_mapping_with_no_taskflow_operators']) retrieved from /home/airflow/.local/lib/python3.7/site-packages/airflow/example_dags/example_dynamic_task_mapping_with_no_taskflow_operators.py
[2023-08-07T10:48:31.532+0000] {logging_mixin.py:150} INFO - [2023-08-07T10:48:31.532+0000] {dag.py:2742} INFO - Sync 1 DAGs
[2023-08-07T10:48:31.546+0000] {logging_mixin.py:150} INFO - [2023-08-07T10:48:31.546+0000] {dag.py:3508} INFO - Setting next_dagrun for example_dynamic_task_mapping_with_no_taskflow_operators to 2023-08-06T10:48:31.546488+00:00, run_after=2023-08-07T10:48:31.546488+00:00
[2023-08-07T10:48:31.557+0000] {processor.py:179} INFO - Processing /home/airflow/.local/lib/python3.7/site-packages/airflow/example_dags/example_dynamic_task_mapping_with_no_taskflow_operators.py took 0.052 seconds
