[2023-08-07T10:43:28.633+0000] {processor.py:157} INFO - Started process (PID=51) to work on /home/airflow/.local/lib/python3.7/site-packages/airflow/example_dags/example_local_kubernetes_executor.py
[2023-08-07T10:43:28.634+0000] {processor.py:826} INFO - Processing file /home/airflow/.local/lib/python3.7/site-packages/airflow/example_dags/example_local_kubernetes_executor.py for tasks to queue
[2023-08-07T10:43:28.635+0000] {logging_mixin.py:150} INFO - [2023-08-07T10:43:28.635+0000] {dagbag.py:541} INFO - Filling up the DagBag from /home/airflow/.local/lib/python3.7/site-packages/airflow/example_dags/example_local_kubernetes_executor.py
[2023-08-07T10:43:28.919+0000] {processor.py:836} INFO - DAG(s) dict_keys(['example_local_kubernetes_executor']) retrieved from /home/airflow/.local/lib/python3.7/site-packages/airflow/example_dags/example_local_kubernetes_executor.py
[2023-08-07T10:43:29.030+0000] {logging_mixin.py:150} INFO - [2023-08-07T10:43:29.029+0000] {manager.py:504} INFO - Created Permission View: can edit on DAG:example_local_kubernetes_executor
[2023-08-07T10:43:29.036+0000] {logging_mixin.py:150} INFO - [2023-08-07T10:43:29.036+0000] {manager.py:504} INFO - Created Permission View: can delete on DAG:example_local_kubernetes_executor
[2023-08-07T10:43:29.040+0000] {logging_mixin.py:150} INFO - [2023-08-07T10:43:29.040+0000] {manager.py:504} INFO - Created Permission View: can read on DAG:example_local_kubernetes_executor
[2023-08-07T10:43:29.054+0000] {logging_mixin.py:150} INFO - [2023-08-07T10:43:29.054+0000] {dag.py:2742} INFO - Sync 1 DAGs
[2023-08-07T10:43:29.066+0000] {logging_mixin.py:150} INFO - [2023-08-07T10:43:29.066+0000] {dag.py:2763} INFO - Creating ORM DAG for example_local_kubernetes_executor
[2023-08-07T10:43:29.089+0000] {logging_mixin.py:150} INFO - [2023-08-07T10:43:29.089+0000] {dag.py:3508} INFO - Setting next_dagrun for example_local_kubernetes_executor to None, run_after=None
[2023-08-07T10:43:29.106+0000] {processor.py:179} INFO - Processing /home/airflow/.local/lib/python3.7/site-packages/airflow/example_dags/example_local_kubernetes_executor.py took 0.476 seconds
[2023-08-07T10:43:59.461+0000] {processor.py:157} INFO - Started process (PID=109) to work on /home/airflow/.local/lib/python3.7/site-packages/airflow/example_dags/example_local_kubernetes_executor.py
[2023-08-07T10:43:59.462+0000] {processor.py:826} INFO - Processing file /home/airflow/.local/lib/python3.7/site-packages/airflow/example_dags/example_local_kubernetes_executor.py for tasks to queue
[2023-08-07T10:43:59.463+0000] {logging_mixin.py:150} INFO - [2023-08-07T10:43:59.462+0000] {dagbag.py:541} INFO - Filling up the DagBag from /home/airflow/.local/lib/python3.7/site-packages/airflow/example_dags/example_local_kubernetes_executor.py
[2023-08-07T10:43:59.566+0000] {processor.py:836} INFO - DAG(s) dict_keys(['example_local_kubernetes_executor']) retrieved from /home/airflow/.local/lib/python3.7/site-packages/airflow/example_dags/example_local_kubernetes_executor.py
[2023-08-07T10:43:59.591+0000] {logging_mixin.py:150} INFO - [2023-08-07T10:43:59.591+0000] {dag.py:2742} INFO - Sync 1 DAGs
[2023-08-07T10:43:59.607+0000] {logging_mixin.py:150} INFO - [2023-08-07T10:43:59.606+0000] {dag.py:3508} INFO - Setting next_dagrun for example_local_kubernetes_executor to None, run_after=None
[2023-08-07T10:43:59.617+0000] {processor.py:179} INFO - Processing /home/airflow/.local/lib/python3.7/site-packages/airflow/example_dags/example_local_kubernetes_executor.py took 0.159 seconds
[2023-08-07T10:44:29.888+0000] {processor.py:157} INFO - Started process (PID=167) to work on /home/airflow/.local/lib/python3.7/site-packages/airflow/example_dags/example_local_kubernetes_executor.py
[2023-08-07T10:44:29.889+0000] {processor.py:826} INFO - Processing file /home/airflow/.local/lib/python3.7/site-packages/airflow/example_dags/example_local_kubernetes_executor.py for tasks to queue
[2023-08-07T10:44:29.890+0000] {logging_mixin.py:150} INFO - [2023-08-07T10:44:29.890+0000] {dagbag.py:541} INFO - Filling up the DagBag from /home/airflow/.local/lib/python3.7/site-packages/airflow/example_dags/example_local_kubernetes_executor.py
[2023-08-07T10:44:29.992+0000] {processor.py:836} INFO - DAG(s) dict_keys(['example_local_kubernetes_executor']) retrieved from /home/airflow/.local/lib/python3.7/site-packages/airflow/example_dags/example_local_kubernetes_executor.py
[2023-08-07T10:44:30.015+0000] {logging_mixin.py:150} INFO - [2023-08-07T10:44:30.015+0000] {dag.py:2742} INFO - Sync 1 DAGs
[2023-08-07T10:44:30.029+0000] {logging_mixin.py:150} INFO - [2023-08-07T10:44:30.029+0000] {dag.py:3508} INFO - Setting next_dagrun for example_local_kubernetes_executor to None, run_after=None
[2023-08-07T10:44:30.038+0000] {processor.py:179} INFO - Processing /home/airflow/.local/lib/python3.7/site-packages/airflow/example_dags/example_local_kubernetes_executor.py took 0.153 seconds
[2023-08-07T10:45:00.319+0000] {processor.py:157} INFO - Started process (PID=227) to work on /home/airflow/.local/lib/python3.7/site-packages/airflow/example_dags/example_local_kubernetes_executor.py
[2023-08-07T10:45:00.320+0000] {processor.py:826} INFO - Processing file /home/airflow/.local/lib/python3.7/site-packages/airflow/example_dags/example_local_kubernetes_executor.py for tasks to queue
[2023-08-07T10:45:00.321+0000] {logging_mixin.py:150} INFO - [2023-08-07T10:45:00.321+0000] {dagbag.py:541} INFO - Filling up the DagBag from /home/airflow/.local/lib/python3.7/site-packages/airflow/example_dags/example_local_kubernetes_executor.py
[2023-08-07T10:45:00.425+0000] {processor.py:836} INFO - DAG(s) dict_keys(['example_local_kubernetes_executor']) retrieved from /home/airflow/.local/lib/python3.7/site-packages/airflow/example_dags/example_local_kubernetes_executor.py
[2023-08-07T10:45:00.450+0000] {logging_mixin.py:150} INFO - [2023-08-07T10:45:00.449+0000] {dag.py:2742} INFO - Sync 1 DAGs
[2023-08-07T10:45:00.463+0000] {logging_mixin.py:150} INFO - [2023-08-07T10:45:00.463+0000] {dag.py:3508} INFO - Setting next_dagrun for example_local_kubernetes_executor to None, run_after=None
[2023-08-07T10:45:00.473+0000] {processor.py:179} INFO - Processing /home/airflow/.local/lib/python3.7/site-packages/airflow/example_dags/example_local_kubernetes_executor.py took 0.156 seconds
[2023-08-07T10:45:31.350+0000] {processor.py:157} INFO - Started process (PID=283) to work on /home/airflow/.local/lib/python3.7/site-packages/airflow/example_dags/example_local_kubernetes_executor.py
[2023-08-07T10:45:31.351+0000] {processor.py:826} INFO - Processing file /home/airflow/.local/lib/python3.7/site-packages/airflow/example_dags/example_local_kubernetes_executor.py for tasks to queue
[2023-08-07T10:45:31.352+0000] {logging_mixin.py:150} INFO - [2023-08-07T10:45:31.352+0000] {dagbag.py:541} INFO - Filling up the DagBag from /home/airflow/.local/lib/python3.7/site-packages/airflow/example_dags/example_local_kubernetes_executor.py
[2023-08-07T10:45:31.453+0000] {processor.py:836} INFO - DAG(s) dict_keys(['example_local_kubernetes_executor']) retrieved from /home/airflow/.local/lib/python3.7/site-packages/airflow/example_dags/example_local_kubernetes_executor.py
[2023-08-07T10:45:31.475+0000] {logging_mixin.py:150} INFO - [2023-08-07T10:45:31.475+0000] {dag.py:2742} INFO - Sync 1 DAGs
[2023-08-07T10:45:31.489+0000] {logging_mixin.py:150} INFO - [2023-08-07T10:45:31.489+0000] {dag.py:3508} INFO - Setting next_dagrun for example_local_kubernetes_executor to None, run_after=None
[2023-08-07T10:45:31.499+0000] {processor.py:179} INFO - Processing /home/airflow/.local/lib/python3.7/site-packages/airflow/example_dags/example_local_kubernetes_executor.py took 0.151 seconds
[2023-08-07T10:46:01.723+0000] {processor.py:157} INFO - Started process (PID=342) to work on /home/airflow/.local/lib/python3.7/site-packages/airflow/example_dags/example_local_kubernetes_executor.py
[2023-08-07T10:46:01.724+0000] {processor.py:826} INFO - Processing file /home/airflow/.local/lib/python3.7/site-packages/airflow/example_dags/example_local_kubernetes_executor.py for tasks to queue
[2023-08-07T10:46:01.725+0000] {logging_mixin.py:150} INFO - [2023-08-07T10:46:01.725+0000] {dagbag.py:541} INFO - Filling up the DagBag from /home/airflow/.local/lib/python3.7/site-packages/airflow/example_dags/example_local_kubernetes_executor.py
[2023-08-07T10:46:01.824+0000] {processor.py:836} INFO - DAG(s) dict_keys(['example_local_kubernetes_executor']) retrieved from /home/airflow/.local/lib/python3.7/site-packages/airflow/example_dags/example_local_kubernetes_executor.py
[2023-08-07T10:46:01.848+0000] {logging_mixin.py:150} INFO - [2023-08-07T10:46:01.848+0000] {dag.py:2742} INFO - Sync 1 DAGs
[2023-08-07T10:46:01.861+0000] {logging_mixin.py:150} INFO - [2023-08-07T10:46:01.861+0000] {dag.py:3508} INFO - Setting next_dagrun for example_local_kubernetes_executor to None, run_after=None
[2023-08-07T10:46:01.871+0000] {processor.py:179} INFO - Processing /home/airflow/.local/lib/python3.7/site-packages/airflow/example_dags/example_local_kubernetes_executor.py took 0.150 seconds
[2023-08-07T10:46:31.980+0000] {processor.py:157} INFO - Started process (PID=400) to work on /home/airflow/.local/lib/python3.7/site-packages/airflow/example_dags/example_local_kubernetes_executor.py
[2023-08-07T10:46:31.982+0000] {processor.py:826} INFO - Processing file /home/airflow/.local/lib/python3.7/site-packages/airflow/example_dags/example_local_kubernetes_executor.py for tasks to queue
[2023-08-07T10:46:31.982+0000] {logging_mixin.py:150} INFO - [2023-08-07T10:46:31.982+0000] {dagbag.py:541} INFO - Filling up the DagBag from /home/airflow/.local/lib/python3.7/site-packages/airflow/example_dags/example_local_kubernetes_executor.py
[2023-08-07T10:46:32.084+0000] {processor.py:836} INFO - DAG(s) dict_keys(['example_local_kubernetes_executor']) retrieved from /home/airflow/.local/lib/python3.7/site-packages/airflow/example_dags/example_local_kubernetes_executor.py
[2023-08-07T10:46:32.109+0000] {logging_mixin.py:150} INFO - [2023-08-07T10:46:32.109+0000] {dag.py:2742} INFO - Sync 1 DAGs
[2023-08-07T10:46:32.123+0000] {logging_mixin.py:150} INFO - [2023-08-07T10:46:32.123+0000] {dag.py:3508} INFO - Setting next_dagrun for example_local_kubernetes_executor to None, run_after=None
[2023-08-07T10:46:32.132+0000] {processor.py:179} INFO - Processing /home/airflow/.local/lib/python3.7/site-packages/airflow/example_dags/example_local_kubernetes_executor.py took 0.154 seconds
[2023-08-07T10:47:02.266+0000] {processor.py:157} INFO - Started process (PID=457) to work on /home/airflow/.local/lib/python3.7/site-packages/airflow/example_dags/example_local_kubernetes_executor.py
[2023-08-07T10:47:02.267+0000] {processor.py:826} INFO - Processing file /home/airflow/.local/lib/python3.7/site-packages/airflow/example_dags/example_local_kubernetes_executor.py for tasks to queue
[2023-08-07T10:47:02.268+0000] {logging_mixin.py:150} INFO - [2023-08-07T10:47:02.268+0000] {dagbag.py:541} INFO - Filling up the DagBag from /home/airflow/.local/lib/python3.7/site-packages/airflow/example_dags/example_local_kubernetes_executor.py
[2023-08-07T10:47:02.367+0000] {processor.py:836} INFO - DAG(s) dict_keys(['example_local_kubernetes_executor']) retrieved from /home/airflow/.local/lib/python3.7/site-packages/airflow/example_dags/example_local_kubernetes_executor.py
[2023-08-07T10:47:02.389+0000] {logging_mixin.py:150} INFO - [2023-08-07T10:47:02.389+0000] {dag.py:2742} INFO - Sync 1 DAGs
[2023-08-07T10:47:02.403+0000] {logging_mixin.py:150} INFO - [2023-08-07T10:47:02.403+0000] {dag.py:3508} INFO - Setting next_dagrun for example_local_kubernetes_executor to None, run_after=None
[2023-08-07T10:47:02.413+0000] {processor.py:179} INFO - Processing /home/airflow/.local/lib/python3.7/site-packages/airflow/example_dags/example_local_kubernetes_executor.py took 0.149 seconds
[2023-08-07T10:47:33.199+0000] {processor.py:157} INFO - Started process (PID=515) to work on /home/airflow/.local/lib/python3.7/site-packages/airflow/example_dags/example_local_kubernetes_executor.py
[2023-08-07T10:47:33.200+0000] {processor.py:826} INFO - Processing file /home/airflow/.local/lib/python3.7/site-packages/airflow/example_dags/example_local_kubernetes_executor.py for tasks to queue
[2023-08-07T10:47:33.202+0000] {logging_mixin.py:150} INFO - [2023-08-07T10:47:33.202+0000] {dagbag.py:541} INFO - Filling up the DagBag from /home/airflow/.local/lib/python3.7/site-packages/airflow/example_dags/example_local_kubernetes_executor.py
[2023-08-07T10:47:33.313+0000] {processor.py:836} INFO - DAG(s) dict_keys(['example_local_kubernetes_executor']) retrieved from /home/airflow/.local/lib/python3.7/site-packages/airflow/example_dags/example_local_kubernetes_executor.py
[2023-08-07T10:47:33.337+0000] {logging_mixin.py:150} INFO - [2023-08-07T10:47:33.337+0000] {dag.py:2742} INFO - Sync 1 DAGs
[2023-08-07T10:47:33.351+0000] {logging_mixin.py:150} INFO - [2023-08-07T10:47:33.351+0000] {dag.py:3508} INFO - Setting next_dagrun for example_local_kubernetes_executor to None, run_after=None
[2023-08-07T10:47:33.361+0000] {processor.py:179} INFO - Processing /home/airflow/.local/lib/python3.7/site-packages/airflow/example_dags/example_local_kubernetes_executor.py took 0.167 seconds
[2023-08-07T10:48:03.436+0000] {processor.py:157} INFO - Started process (PID=573) to work on /home/airflow/.local/lib/python3.7/site-packages/airflow/example_dags/example_local_kubernetes_executor.py
[2023-08-07T10:48:03.437+0000] {processor.py:826} INFO - Processing file /home/airflow/.local/lib/python3.7/site-packages/airflow/example_dags/example_local_kubernetes_executor.py for tasks to queue
[2023-08-07T10:48:03.439+0000] {logging_mixin.py:150} INFO - [2023-08-07T10:48:03.438+0000] {dagbag.py:541} INFO - Filling up the DagBag from /home/airflow/.local/lib/python3.7/site-packages/airflow/example_dags/example_local_kubernetes_executor.py
[2023-08-07T10:48:03.543+0000] {processor.py:836} INFO - DAG(s) dict_keys(['example_local_kubernetes_executor']) retrieved from /home/airflow/.local/lib/python3.7/site-packages/airflow/example_dags/example_local_kubernetes_executor.py
[2023-08-07T10:48:03.568+0000] {logging_mixin.py:150} INFO - [2023-08-07T10:48:03.568+0000] {dag.py:2742} INFO - Sync 1 DAGs
[2023-08-07T10:48:03.586+0000] {logging_mixin.py:150} INFO - [2023-08-07T10:48:03.586+0000] {dag.py:3508} INFO - Setting next_dagrun for example_local_kubernetes_executor to None, run_after=None
[2023-08-07T10:48:03.597+0000] {processor.py:179} INFO - Processing /home/airflow/.local/lib/python3.7/site-packages/airflow/example_dags/example_local_kubernetes_executor.py took 0.167 seconds
[2023-08-07T10:48:33.865+0000] {processor.py:157} INFO - Started process (PID=631) to work on /home/airflow/.local/lib/python3.7/site-packages/airflow/example_dags/example_local_kubernetes_executor.py
[2023-08-07T10:48:33.866+0000] {processor.py:826} INFO - Processing file /home/airflow/.local/lib/python3.7/site-packages/airflow/example_dags/example_local_kubernetes_executor.py for tasks to queue
[2023-08-07T10:48:33.868+0000] {logging_mixin.py:150} INFO - [2023-08-07T10:48:33.867+0000] {dagbag.py:541} INFO - Filling up the DagBag from /home/airflow/.local/lib/python3.7/site-packages/airflow/example_dags/example_local_kubernetes_executor.py
[2023-08-07T10:48:33.975+0000] {processor.py:836} INFO - DAG(s) dict_keys(['example_local_kubernetes_executor']) retrieved from /home/airflow/.local/lib/python3.7/site-packages/airflow/example_dags/example_local_kubernetes_executor.py
[2023-08-07T10:48:34.000+0000] {logging_mixin.py:150} INFO - [2023-08-07T10:48:34.000+0000] {dag.py:2742} INFO - Sync 1 DAGs
[2023-08-07T10:48:34.014+0000] {logging_mixin.py:150} INFO - [2023-08-07T10:48:34.014+0000] {dag.py:3508} INFO - Setting next_dagrun for example_local_kubernetes_executor to None, run_after=None
[2023-08-07T10:48:34.024+0000] {processor.py:179} INFO - Processing /home/airflow/.local/lib/python3.7/site-packages/airflow/example_dags/example_local_kubernetes_executor.py took 0.164 seconds
