[2023-08-07T10:43:26.809+0000] {processor.py:157} INFO - Started process (PID=35) to work on /home/airflow/.local/lib/python3.7/site-packages/airflow/example_dags/example_dag_decorator.py
[2023-08-07T10:43:26.810+0000] {processor.py:826} INFO - Processing file /home/airflow/.local/lib/python3.7/site-packages/airflow/example_dags/example_dag_decorator.py for tasks to queue
[2023-08-07T10:43:26.811+0000] {logging_mixin.py:150} INFO - [2023-08-07T10:43:26.811+0000] {dagbag.py:541} INFO - Filling up the DagBag from /home/airflow/.local/lib/python3.7/site-packages/airflow/example_dags/example_dag_decorator.py
[2023-08-07T10:43:26.826+0000] {processor.py:836} INFO - DAG(s) dict_keys(['example_dag_decorator']) retrieved from /home/airflow/.local/lib/python3.7/site-packages/airflow/example_dags/example_dag_decorator.py
[2023-08-07T10:43:26.892+0000] {logging_mixin.py:150} INFO - [2023-08-07T10:43:26.892+0000] {manager.py:504} INFO - Created Permission View: can edit on DAG:example_dag_decorator
[2023-08-07T10:43:26.898+0000] {logging_mixin.py:150} INFO - [2023-08-07T10:43:26.898+0000] {manager.py:504} INFO - Created Permission View: can delete on DAG:example_dag_decorator
[2023-08-07T10:43:26.902+0000] {logging_mixin.py:150} INFO - [2023-08-07T10:43:26.902+0000] {manager.py:504} INFO - Created Permission View: can read on DAG:example_dag_decorator
[2023-08-07T10:43:26.910+0000] {logging_mixin.py:150} INFO - [2023-08-07T10:43:26.910+0000] {dag.py:2742} INFO - Sync 1 DAGs
[2023-08-07T10:43:26.918+0000] {logging_mixin.py:150} INFO - [2023-08-07T10:43:26.917+0000] {dag.py:2763} INFO - Creating ORM DAG for example_dag_decorator
[2023-08-07T10:43:26.924+0000] {logging_mixin.py:150} INFO - [2023-08-07T10:43:26.924+0000] {dag.py:3508} INFO - Setting next_dagrun for example_dag_decorator to None, run_after=None
[2023-08-07T10:43:26.933+0000] {processor.py:179} INFO - Processing /home/airflow/.local/lib/python3.7/site-packages/airflow/example_dags/example_dag_decorator.py took 0.127 seconds
[2023-08-07T10:43:57.790+0000] {processor.py:157} INFO - Started process (PID=93) to work on /home/airflow/.local/lib/python3.7/site-packages/airflow/example_dags/example_dag_decorator.py
[2023-08-07T10:43:57.791+0000] {processor.py:826} INFO - Processing file /home/airflow/.local/lib/python3.7/site-packages/airflow/example_dags/example_dag_decorator.py for tasks to queue
[2023-08-07T10:43:57.792+0000] {logging_mixin.py:150} INFO - [2023-08-07T10:43:57.791+0000] {dagbag.py:541} INFO - Filling up the DagBag from /home/airflow/.local/lib/python3.7/site-packages/airflow/example_dags/example_dag_decorator.py
[2023-08-07T10:43:57.802+0000] {processor.py:836} INFO - DAG(s) dict_keys(['example_dag_decorator']) retrieved from /home/airflow/.local/lib/python3.7/site-packages/airflow/example_dags/example_dag_decorator.py
[2023-08-07T10:43:57.867+0000] {logging_mixin.py:150} INFO - [2023-08-07T10:43:57.867+0000] {dag.py:2742} INFO - Sync 1 DAGs
[2023-08-07T10:43:57.880+0000] {logging_mixin.py:150} INFO - [2023-08-07T10:43:57.880+0000] {dag.py:3508} INFO - Setting next_dagrun for example_dag_decorator to None, run_after=None
[2023-08-07T10:43:57.889+0000] {processor.py:179} INFO - Processing /home/airflow/.local/lib/python3.7/site-packages/airflow/example_dags/example_dag_decorator.py took 0.102 seconds
[2023-08-07T10:44:28.051+0000] {processor.py:157} INFO - Started process (PID=151) to work on /home/airflow/.local/lib/python3.7/site-packages/airflow/example_dags/example_dag_decorator.py
[2023-08-07T10:44:28.052+0000] {processor.py:826} INFO - Processing file /home/airflow/.local/lib/python3.7/site-packages/airflow/example_dags/example_dag_decorator.py for tasks to queue
[2023-08-07T10:44:28.053+0000] {logging_mixin.py:150} INFO - [2023-08-07T10:44:28.053+0000] {dagbag.py:541} INFO - Filling up the DagBag from /home/airflow/.local/lib/python3.7/site-packages/airflow/example_dags/example_dag_decorator.py
[2023-08-07T10:44:28.062+0000] {processor.py:836} INFO - DAG(s) dict_keys(['example_dag_decorator']) retrieved from /home/airflow/.local/lib/python3.7/site-packages/airflow/example_dags/example_dag_decorator.py
[2023-08-07T10:44:28.124+0000] {logging_mixin.py:150} INFO - [2023-08-07T10:44:28.124+0000] {dag.py:2742} INFO - Sync 1 DAGs
[2023-08-07T10:44:28.136+0000] {logging_mixin.py:150} INFO - [2023-08-07T10:44:28.136+0000] {dag.py:3508} INFO - Setting next_dagrun for example_dag_decorator to None, run_after=None
[2023-08-07T10:44:28.146+0000] {processor.py:179} INFO - Processing /home/airflow/.local/lib/python3.7/site-packages/airflow/example_dags/example_dag_decorator.py took 0.097 seconds
[2023-08-07T10:44:58.588+0000] {processor.py:157} INFO - Started process (PID=209) to work on /home/airflow/.local/lib/python3.7/site-packages/airflow/example_dags/example_dag_decorator.py
[2023-08-07T10:44:58.589+0000] {processor.py:826} INFO - Processing file /home/airflow/.local/lib/python3.7/site-packages/airflow/example_dags/example_dag_decorator.py for tasks to queue
[2023-08-07T10:44:58.590+0000] {logging_mixin.py:150} INFO - [2023-08-07T10:44:58.590+0000] {dagbag.py:541} INFO - Filling up the DagBag from /home/airflow/.local/lib/python3.7/site-packages/airflow/example_dags/example_dag_decorator.py
[2023-08-07T10:44:58.600+0000] {processor.py:836} INFO - DAG(s) dict_keys(['example_dag_decorator']) retrieved from /home/airflow/.local/lib/python3.7/site-packages/airflow/example_dags/example_dag_decorator.py
[2023-08-07T10:44:58.667+0000] {logging_mixin.py:150} INFO - [2023-08-07T10:44:58.667+0000] {dag.py:2742} INFO - Sync 1 DAGs
[2023-08-07T10:44:58.679+0000] {logging_mixin.py:150} INFO - [2023-08-07T10:44:58.679+0000] {dag.py:3508} INFO - Setting next_dagrun for example_dag_decorator to None, run_after=None
[2023-08-07T10:44:58.689+0000] {processor.py:179} INFO - Processing /home/airflow/.local/lib/python3.7/site-packages/airflow/example_dags/example_dag_decorator.py took 0.103 seconds
[2023-08-07T10:45:29.698+0000] {processor.py:157} INFO - Started process (PID=267) to work on /home/airflow/.local/lib/python3.7/site-packages/airflow/example_dags/example_dag_decorator.py
[2023-08-07T10:45:29.699+0000] {processor.py:826} INFO - Processing file /home/airflow/.local/lib/python3.7/site-packages/airflow/example_dags/example_dag_decorator.py for tasks to queue
[2023-08-07T10:45:29.700+0000] {logging_mixin.py:150} INFO - [2023-08-07T10:45:29.700+0000] {dagbag.py:541} INFO - Filling up the DagBag from /home/airflow/.local/lib/python3.7/site-packages/airflow/example_dags/example_dag_decorator.py
[2023-08-07T10:45:29.710+0000] {processor.py:836} INFO - DAG(s) dict_keys(['example_dag_decorator']) retrieved from /home/airflow/.local/lib/python3.7/site-packages/airflow/example_dags/example_dag_decorator.py
[2023-08-07T10:45:29.778+0000] {logging_mixin.py:150} INFO - [2023-08-07T10:45:29.778+0000] {dag.py:2742} INFO - Sync 1 DAGs
[2023-08-07T10:45:29.792+0000] {logging_mixin.py:150} INFO - [2023-08-07T10:45:29.791+0000] {dag.py:3508} INFO - Setting next_dagrun for example_dag_decorator to None, run_after=None
[2023-08-07T10:45:29.801+0000] {processor.py:179} INFO - Processing /home/airflow/.local/lib/python3.7/site-packages/airflow/example_dags/example_dag_decorator.py took 0.105 seconds
[2023-08-07T10:46:00.050+0000] {processor.py:157} INFO - Started process (PID=325) to work on /home/airflow/.local/lib/python3.7/site-packages/airflow/example_dags/example_dag_decorator.py
[2023-08-07T10:46:00.051+0000] {processor.py:826} INFO - Processing file /home/airflow/.local/lib/python3.7/site-packages/airflow/example_dags/example_dag_decorator.py for tasks to queue
[2023-08-07T10:46:00.051+0000] {logging_mixin.py:150} INFO - [2023-08-07T10:46:00.051+0000] {dagbag.py:541} INFO - Filling up the DagBag from /home/airflow/.local/lib/python3.7/site-packages/airflow/example_dags/example_dag_decorator.py
[2023-08-07T10:46:00.061+0000] {processor.py:836} INFO - DAG(s) dict_keys(['example_dag_decorator']) retrieved from /home/airflow/.local/lib/python3.7/site-packages/airflow/example_dags/example_dag_decorator.py
[2023-08-07T10:46:00.128+0000] {logging_mixin.py:150} INFO - [2023-08-07T10:46:00.128+0000] {dag.py:2742} INFO - Sync 1 DAGs
[2023-08-07T10:46:00.141+0000] {logging_mixin.py:150} INFO - [2023-08-07T10:46:00.141+0000] {dag.py:3508} INFO - Setting next_dagrun for example_dag_decorator to None, run_after=None
[2023-08-07T10:46:00.151+0000] {processor.py:179} INFO - Processing /home/airflow/.local/lib/python3.7/site-packages/airflow/example_dags/example_dag_decorator.py took 0.103 seconds
[2023-08-07T10:46:30.211+0000] {processor.py:157} INFO - Started process (PID=384) to work on /home/airflow/.local/lib/python3.7/site-packages/airflow/example_dags/example_dag_decorator.py
[2023-08-07T10:46:30.211+0000] {processor.py:826} INFO - Processing file /home/airflow/.local/lib/python3.7/site-packages/airflow/example_dags/example_dag_decorator.py for tasks to queue
[2023-08-07T10:46:30.212+0000] {logging_mixin.py:150} INFO - [2023-08-07T10:46:30.212+0000] {dagbag.py:541} INFO - Filling up the DagBag from /home/airflow/.local/lib/python3.7/site-packages/airflow/example_dags/example_dag_decorator.py
[2023-08-07T10:46:30.221+0000] {processor.py:836} INFO - DAG(s) dict_keys(['example_dag_decorator']) retrieved from /home/airflow/.local/lib/python3.7/site-packages/airflow/example_dags/example_dag_decorator.py
[2023-08-07T10:46:30.288+0000] {logging_mixin.py:150} INFO - [2023-08-07T10:46:30.288+0000] {dag.py:2742} INFO - Sync 1 DAGs
[2023-08-07T10:46:30.300+0000] {logging_mixin.py:150} INFO - [2023-08-07T10:46:30.300+0000] {dag.py:3508} INFO - Setting next_dagrun for example_dag_decorator to None, run_after=None
[2023-08-07T10:46:30.311+0000] {processor.py:179} INFO - Processing /home/airflow/.local/lib/python3.7/site-packages/airflow/example_dags/example_dag_decorator.py took 0.102 seconds
[2023-08-07T10:47:00.502+0000] {processor.py:157} INFO - Started process (PID=441) to work on /home/airflow/.local/lib/python3.7/site-packages/airflow/example_dags/example_dag_decorator.py
[2023-08-07T10:47:00.503+0000] {processor.py:826} INFO - Processing file /home/airflow/.local/lib/python3.7/site-packages/airflow/example_dags/example_dag_decorator.py for tasks to queue
[2023-08-07T10:47:00.504+0000] {logging_mixin.py:150} INFO - [2023-08-07T10:47:00.504+0000] {dagbag.py:541} INFO - Filling up the DagBag from /home/airflow/.local/lib/python3.7/site-packages/airflow/example_dags/example_dag_decorator.py
[2023-08-07T10:47:00.514+0000] {processor.py:836} INFO - DAG(s) dict_keys(['example_dag_decorator']) retrieved from /home/airflow/.local/lib/python3.7/site-packages/airflow/example_dags/example_dag_decorator.py
[2023-08-07T10:47:00.582+0000] {logging_mixin.py:150} INFO - [2023-08-07T10:47:00.582+0000] {dag.py:2742} INFO - Sync 1 DAGs
[2023-08-07T10:47:00.596+0000] {logging_mixin.py:150} INFO - [2023-08-07T10:47:00.596+0000] {dag.py:3508} INFO - Setting next_dagrun for example_dag_decorator to None, run_after=None
[2023-08-07T10:47:00.607+0000] {processor.py:179} INFO - Processing /home/airflow/.local/lib/python3.7/site-packages/airflow/example_dags/example_dag_decorator.py took 0.107 seconds
[2023-08-07T10:47:30.636+0000] {processor.py:157} INFO - Started process (PID=499) to work on /home/airflow/.local/lib/python3.7/site-packages/airflow/example_dags/example_dag_decorator.py
[2023-08-07T10:47:30.637+0000] {processor.py:826} INFO - Processing file /home/airflow/.local/lib/python3.7/site-packages/airflow/example_dags/example_dag_decorator.py for tasks to queue
[2023-08-07T10:47:30.638+0000] {logging_mixin.py:150} INFO - [2023-08-07T10:47:30.638+0000] {dagbag.py:541} INFO - Filling up the DagBag from /home/airflow/.local/lib/python3.7/site-packages/airflow/example_dags/example_dag_decorator.py
[2023-08-07T10:47:30.648+0000] {processor.py:836} INFO - DAG(s) dict_keys(['example_dag_decorator']) retrieved from /home/airflow/.local/lib/python3.7/site-packages/airflow/example_dags/example_dag_decorator.py
[2023-08-07T10:47:30.717+0000] {logging_mixin.py:150} INFO - [2023-08-07T10:47:30.717+0000] {dag.py:2742} INFO - Sync 1 DAGs
[2023-08-07T10:47:30.730+0000] {logging_mixin.py:150} INFO - [2023-08-07T10:47:30.730+0000] {dag.py:3508} INFO - Setting next_dagrun for example_dag_decorator to None, run_after=None
[2023-08-07T10:47:30.742+0000] {processor.py:179} INFO - Processing /home/airflow/.local/lib/python3.7/site-packages/airflow/example_dags/example_dag_decorator.py took 0.108 seconds
[2023-08-07T10:48:00.766+0000] {processor.py:157} INFO - Started process (PID=558) to work on /home/airflow/.local/lib/python3.7/site-packages/airflow/example_dags/example_dag_decorator.py
[2023-08-07T10:48:00.767+0000] {processor.py:826} INFO - Processing file /home/airflow/.local/lib/python3.7/site-packages/airflow/example_dags/example_dag_decorator.py for tasks to queue
[2023-08-07T10:48:00.768+0000] {logging_mixin.py:150} INFO - [2023-08-07T10:48:00.768+0000] {dagbag.py:541} INFO - Filling up the DagBag from /home/airflow/.local/lib/python3.7/site-packages/airflow/example_dags/example_dag_decorator.py
[2023-08-07T10:48:00.777+0000] {processor.py:836} INFO - DAG(s) dict_keys(['example_dag_decorator']) retrieved from /home/airflow/.local/lib/python3.7/site-packages/airflow/example_dags/example_dag_decorator.py
[2023-08-07T10:48:00.843+0000] {logging_mixin.py:150} INFO - [2023-08-07T10:48:00.843+0000] {dag.py:2742} INFO - Sync 1 DAGs
[2023-08-07T10:48:00.855+0000] {logging_mixin.py:150} INFO - [2023-08-07T10:48:00.855+0000] {dag.py:3508} INFO - Setting next_dagrun for example_dag_decorator to None, run_after=None
[2023-08-07T10:48:00.865+0000] {processor.py:179} INFO - Processing /home/airflow/.local/lib/python3.7/site-packages/airflow/example_dags/example_dag_decorator.py took 0.102 seconds
[2023-08-07T10:48:31.168+0000] {processor.py:157} INFO - Started process (PID=615) to work on /home/airflow/.local/lib/python3.7/site-packages/airflow/example_dags/example_dag_decorator.py
[2023-08-07T10:48:31.168+0000] {processor.py:826} INFO - Processing file /home/airflow/.local/lib/python3.7/site-packages/airflow/example_dags/example_dag_decorator.py for tasks to queue
[2023-08-07T10:48:31.169+0000] {logging_mixin.py:150} INFO - [2023-08-07T10:48:31.169+0000] {dagbag.py:541} INFO - Filling up the DagBag from /home/airflow/.local/lib/python3.7/site-packages/airflow/example_dags/example_dag_decorator.py
[2023-08-07T10:48:31.178+0000] {processor.py:836} INFO - DAG(s) dict_keys(['example_dag_decorator']) retrieved from /home/airflow/.local/lib/python3.7/site-packages/airflow/example_dags/example_dag_decorator.py
[2023-08-07T10:48:31.243+0000] {logging_mixin.py:150} INFO - [2023-08-07T10:48:31.243+0000] {dag.py:2742} INFO - Sync 1 DAGs
[2023-08-07T10:48:31.255+0000] {logging_mixin.py:150} INFO - [2023-08-07T10:48:31.255+0000] {dag.py:3508} INFO - Setting next_dagrun for example_dag_decorator to None, run_after=None
[2023-08-07T10:48:31.265+0000] {processor.py:179} INFO - Processing /home/airflow/.local/lib/python3.7/site-packages/airflow/example_dags/example_dag_decorator.py took 0.100 seconds
