[2023-08-07T10:43:26.408+0000] {processor.py:157} INFO - Started process (PID=32) to work on /home/airflow/.local/lib/python3.7/site-packages/airflow/example_dags/example_external_task_marker_dag.py
[2023-08-07T10:43:26.410+0000] {processor.py:826} INFO - Processing file /home/airflow/.local/lib/python3.7/site-packages/airflow/example_dags/example_external_task_marker_dag.py for tasks to queue
[2023-08-07T10:43:26.413+0000] {logging_mixin.py:150} INFO - [2023-08-07T10:43:26.412+0000] {dagbag.py:541} INFO - Filling up the DagBag from /home/airflow/.local/lib/python3.7/site-packages/airflow/example_dags/example_external_task_marker_dag.py
[2023-08-07T10:43:26.423+0000] {processor.py:836} INFO - DAG(s) dict_keys(['example_external_task_marker_parent', 'example_external_task_marker_child']) retrieved from /home/airflow/.local/lib/python3.7/site-packages/airflow/example_dags/example_external_task_marker_dag.py
[2023-08-07T10:43:26.494+0000] {logging_mixin.py:150} INFO - [2023-08-07T10:43:26.494+0000] {manager.py:504} INFO - Created Permission View: can edit on DAG:example_external_task_marker_parent
[2023-08-07T10:43:26.500+0000] {logging_mixin.py:150} INFO - [2023-08-07T10:43:26.500+0000] {manager.py:504} INFO - Created Permission View: can delete on DAG:example_external_task_marker_parent
[2023-08-07T10:43:26.504+0000] {logging_mixin.py:150} INFO - [2023-08-07T10:43:26.504+0000] {manager.py:504} INFO - Created Permission View: can read on DAG:example_external_task_marker_parent
[2023-08-07T10:43:26.520+0000] {logging_mixin.py:150} INFO - [2023-08-07T10:43:26.520+0000] {manager.py:504} INFO - Created Permission View: can edit on DAG:example_external_task_marker_child
[2023-08-07T10:43:26.524+0000] {logging_mixin.py:150} INFO - [2023-08-07T10:43:26.524+0000] {manager.py:504} INFO - Created Permission View: can delete on DAG:example_external_task_marker_child
[2023-08-07T10:43:26.527+0000] {logging_mixin.py:150} INFO - [2023-08-07T10:43:26.527+0000] {manager.py:504} INFO - Created Permission View: can read on DAG:example_external_task_marker_child
[2023-08-07T10:43:26.531+0000] {logging_mixin.py:150} INFO - [2023-08-07T10:43:26.531+0000] {dag.py:2742} INFO - Sync 2 DAGs
[2023-08-07T10:43:26.541+0000] {logging_mixin.py:150} INFO - [2023-08-07T10:43:26.541+0000] {dag.py:2763} INFO - Creating ORM DAG for example_external_task_marker_child
[2023-08-07T10:43:26.542+0000] {logging_mixin.py:150} INFO - [2023-08-07T10:43:26.542+0000] {dag.py:2763} INFO - Creating ORM DAG for example_external_task_marker_parent
[2023-08-07T10:43:26.549+0000] {logging_mixin.py:150} INFO - [2023-08-07T10:43:26.549+0000] {dag.py:3508} INFO - Setting next_dagrun for example_external_task_marker_child to None, run_after=None
[2023-08-07T10:43:26.551+0000] {logging_mixin.py:150} INFO - [2023-08-07T10:43:26.550+0000] {dag.py:3508} INFO - Setting next_dagrun for example_external_task_marker_parent to None, run_after=None
[2023-08-07T10:43:26.563+0000] {processor.py:179} INFO - Processing /home/airflow/.local/lib/python3.7/site-packages/airflow/example_dags/example_external_task_marker_dag.py took 0.159 seconds
[2023-08-07T10:43:56.591+0000] {processor.py:157} INFO - Started process (PID=89) to work on /home/airflow/.local/lib/python3.7/site-packages/airflow/example_dags/example_external_task_marker_dag.py
[2023-08-07T10:43:56.591+0000] {processor.py:826} INFO - Processing file /home/airflow/.local/lib/python3.7/site-packages/airflow/example_dags/example_external_task_marker_dag.py for tasks to queue
[2023-08-07T10:43:56.592+0000] {logging_mixin.py:150} INFO - [2023-08-07T10:43:56.592+0000] {dagbag.py:541} INFO - Filling up the DagBag from /home/airflow/.local/lib/python3.7/site-packages/airflow/example_dags/example_external_task_marker_dag.py
[2023-08-07T10:43:56.598+0000] {processor.py:836} INFO - DAG(s) dict_keys(['example_external_task_marker_parent', 'example_external_task_marker_child']) retrieved from /home/airflow/.local/lib/python3.7/site-packages/airflow/example_dags/example_external_task_marker_dag.py
[2023-08-07T10:43:56.617+0000] {logging_mixin.py:150} INFO - [2023-08-07T10:43:56.616+0000] {dag.py:2742} INFO - Sync 2 DAGs
[2023-08-07T10:43:56.630+0000] {logging_mixin.py:150} INFO - [2023-08-07T10:43:56.630+0000] {dag.py:3508} INFO - Setting next_dagrun for example_external_task_marker_child to None, run_after=None
[2023-08-07T10:43:56.633+0000] {logging_mixin.py:150} INFO - [2023-08-07T10:43:56.633+0000] {dag.py:3508} INFO - Setting next_dagrun for example_external_task_marker_parent to None, run_after=None
[2023-08-07T10:43:56.641+0000] {processor.py:179} INFO - Processing /home/airflow/.local/lib/python3.7/site-packages/airflow/example_dags/example_external_task_marker_dag.py took 0.053 seconds
[2023-08-07T10:44:26.850+0000] {processor.py:157} INFO - Started process (PID=148) to work on /home/airflow/.local/lib/python3.7/site-packages/airflow/example_dags/example_external_task_marker_dag.py
[2023-08-07T10:44:26.851+0000] {processor.py:826} INFO - Processing file /home/airflow/.local/lib/python3.7/site-packages/airflow/example_dags/example_external_task_marker_dag.py for tasks to queue
[2023-08-07T10:44:26.852+0000] {logging_mixin.py:150} INFO - [2023-08-07T10:44:26.851+0000] {dagbag.py:541} INFO - Filling up the DagBag from /home/airflow/.local/lib/python3.7/site-packages/airflow/example_dags/example_external_task_marker_dag.py
[2023-08-07T10:44:26.856+0000] {processor.py:836} INFO - DAG(s) dict_keys(['example_external_task_marker_parent', 'example_external_task_marker_child']) retrieved from /home/airflow/.local/lib/python3.7/site-packages/airflow/example_dags/example_external_task_marker_dag.py
[2023-08-07T10:44:26.876+0000] {logging_mixin.py:150} INFO - [2023-08-07T10:44:26.876+0000] {dag.py:2742} INFO - Sync 2 DAGs
[2023-08-07T10:44:26.890+0000] {logging_mixin.py:150} INFO - [2023-08-07T10:44:26.890+0000] {dag.py:3508} INFO - Setting next_dagrun for example_external_task_marker_child to None, run_after=None
[2023-08-07T10:44:26.892+0000] {logging_mixin.py:150} INFO - [2023-08-07T10:44:26.892+0000] {dag.py:3508} INFO - Setting next_dagrun for example_external_task_marker_parent to None, run_after=None
[2023-08-07T10:44:26.901+0000] {processor.py:179} INFO - Processing /home/airflow/.local/lib/python3.7/site-packages/airflow/example_dags/example_external_task_marker_dag.py took 0.054 seconds
[2023-08-07T10:44:57.402+0000] {processor.py:157} INFO - Started process (PID=206) to work on /home/airflow/.local/lib/python3.7/site-packages/airflow/example_dags/example_external_task_marker_dag.py
[2023-08-07T10:44:57.403+0000] {processor.py:826} INFO - Processing file /home/airflow/.local/lib/python3.7/site-packages/airflow/example_dags/example_external_task_marker_dag.py for tasks to queue
[2023-08-07T10:44:57.404+0000] {logging_mixin.py:150} INFO - [2023-08-07T10:44:57.404+0000] {dagbag.py:541} INFO - Filling up the DagBag from /home/airflow/.local/lib/python3.7/site-packages/airflow/example_dags/example_external_task_marker_dag.py
[2023-08-07T10:44:57.409+0000] {processor.py:836} INFO - DAG(s) dict_keys(['example_external_task_marker_parent', 'example_external_task_marker_child']) retrieved from /home/airflow/.local/lib/python3.7/site-packages/airflow/example_dags/example_external_task_marker_dag.py
[2023-08-07T10:44:57.429+0000] {logging_mixin.py:150} INFO - [2023-08-07T10:44:57.429+0000] {dag.py:2742} INFO - Sync 2 DAGs
[2023-08-07T10:44:57.443+0000] {logging_mixin.py:150} INFO - [2023-08-07T10:44:57.443+0000] {dag.py:3508} INFO - Setting next_dagrun for example_external_task_marker_child to None, run_after=None
[2023-08-07T10:44:57.445+0000] {logging_mixin.py:150} INFO - [2023-08-07T10:44:57.445+0000] {dag.py:3508} INFO - Setting next_dagrun for example_external_task_marker_parent to None, run_after=None
[2023-08-07T10:44:57.454+0000] {processor.py:179} INFO - Processing /home/airflow/.local/lib/python3.7/site-packages/airflow/example_dags/example_external_task_marker_dag.py took 0.055 seconds
[2023-08-07T10:45:27.507+0000] {processor.py:157} INFO - Started process (PID=264) to work on /home/airflow/.local/lib/python3.7/site-packages/airflow/example_dags/example_external_task_marker_dag.py
[2023-08-07T10:45:27.508+0000] {processor.py:826} INFO - Processing file /home/airflow/.local/lib/python3.7/site-packages/airflow/example_dags/example_external_task_marker_dag.py for tasks to queue
[2023-08-07T10:45:27.508+0000] {logging_mixin.py:150} INFO - [2023-08-07T10:45:27.508+0000] {dagbag.py:541} INFO - Filling up the DagBag from /home/airflow/.local/lib/python3.7/site-packages/airflow/example_dags/example_external_task_marker_dag.py
[2023-08-07T10:45:27.513+0000] {processor.py:836} INFO - DAG(s) dict_keys(['example_external_task_marker_parent', 'example_external_task_marker_child']) retrieved from /home/airflow/.local/lib/python3.7/site-packages/airflow/example_dags/example_external_task_marker_dag.py
[2023-08-07T10:45:27.532+0000] {logging_mixin.py:150} INFO - [2023-08-07T10:45:27.532+0000] {dag.py:2742} INFO - Sync 2 DAGs
[2023-08-07T10:45:27.546+0000] {logging_mixin.py:150} INFO - [2023-08-07T10:45:27.546+0000] {dag.py:3508} INFO - Setting next_dagrun for example_external_task_marker_child to None, run_after=None
[2023-08-07T10:45:27.548+0000] {logging_mixin.py:150} INFO - [2023-08-07T10:45:27.547+0000] {dag.py:3508} INFO - Setting next_dagrun for example_external_task_marker_parent to None, run_after=None
[2023-08-07T10:45:27.556+0000] {processor.py:179} INFO - Processing /home/airflow/.local/lib/python3.7/site-packages/airflow/example_dags/example_external_task_marker_dag.py took 0.052 seconds
[2023-08-07T10:45:57.883+0000] {processor.py:157} INFO - Started process (PID=322) to work on /home/airflow/.local/lib/python3.7/site-packages/airflow/example_dags/example_external_task_marker_dag.py
[2023-08-07T10:45:57.884+0000] {processor.py:826} INFO - Processing file /home/airflow/.local/lib/python3.7/site-packages/airflow/example_dags/example_external_task_marker_dag.py for tasks to queue
[2023-08-07T10:45:57.884+0000] {logging_mixin.py:150} INFO - [2023-08-07T10:45:57.884+0000] {dagbag.py:541} INFO - Filling up the DagBag from /home/airflow/.local/lib/python3.7/site-packages/airflow/example_dags/example_external_task_marker_dag.py
[2023-08-07T10:45:57.889+0000] {processor.py:836} INFO - DAG(s) dict_keys(['example_external_task_marker_child', 'example_external_task_marker_parent']) retrieved from /home/airflow/.local/lib/python3.7/site-packages/airflow/example_dags/example_external_task_marker_dag.py
[2023-08-07T10:45:57.909+0000] {logging_mixin.py:150} INFO - [2023-08-07T10:45:57.909+0000] {dag.py:2742} INFO - Sync 2 DAGs
[2023-08-07T10:45:57.922+0000] {logging_mixin.py:150} INFO - [2023-08-07T10:45:57.922+0000] {dag.py:3508} INFO - Setting next_dagrun for example_external_task_marker_child to None, run_after=None
[2023-08-07T10:45:57.924+0000] {logging_mixin.py:150} INFO - [2023-08-07T10:45:57.924+0000] {dag.py:3508} INFO - Setting next_dagrun for example_external_task_marker_parent to None, run_after=None
[2023-08-07T10:45:57.933+0000] {processor.py:179} INFO - Processing /home/airflow/.local/lib/python3.7/site-packages/airflow/example_dags/example_external_task_marker_dag.py took 0.053 seconds
[2023-08-07T10:46:27.994+0000] {processor.py:157} INFO - Started process (PID=380) to work on /home/airflow/.local/lib/python3.7/site-packages/airflow/example_dags/example_external_task_marker_dag.py
[2023-08-07T10:46:27.995+0000] {processor.py:826} INFO - Processing file /home/airflow/.local/lib/python3.7/site-packages/airflow/example_dags/example_external_task_marker_dag.py for tasks to queue
[2023-08-07T10:46:27.996+0000] {logging_mixin.py:150} INFO - [2023-08-07T10:46:27.996+0000] {dagbag.py:541} INFO - Filling up the DagBag from /home/airflow/.local/lib/python3.7/site-packages/airflow/example_dags/example_external_task_marker_dag.py
[2023-08-07T10:46:28.000+0000] {processor.py:836} INFO - DAG(s) dict_keys(['example_external_task_marker_child', 'example_external_task_marker_parent']) retrieved from /home/airflow/.local/lib/python3.7/site-packages/airflow/example_dags/example_external_task_marker_dag.py
[2023-08-07T10:46:28.019+0000] {logging_mixin.py:150} INFO - [2023-08-07T10:46:28.019+0000] {dag.py:2742} INFO - Sync 2 DAGs
[2023-08-07T10:46:28.034+0000] {logging_mixin.py:150} INFO - [2023-08-07T10:46:28.034+0000] {dag.py:3508} INFO - Setting next_dagrun for example_external_task_marker_child to None, run_after=None
[2023-08-07T10:46:28.036+0000] {logging_mixin.py:150} INFO - [2023-08-07T10:46:28.036+0000] {dag.py:3508} INFO - Setting next_dagrun for example_external_task_marker_parent to None, run_after=None
[2023-08-07T10:46:28.046+0000] {processor.py:179} INFO - Processing /home/airflow/.local/lib/python3.7/site-packages/airflow/example_dags/example_external_task_marker_dag.py took 0.054 seconds
[2023-08-07T10:46:58.327+0000] {processor.py:157} INFO - Started process (PID=438) to work on /home/airflow/.local/lib/python3.7/site-packages/airflow/example_dags/example_external_task_marker_dag.py
[2023-08-07T10:46:58.328+0000] {processor.py:826} INFO - Processing file /home/airflow/.local/lib/python3.7/site-packages/airflow/example_dags/example_external_task_marker_dag.py for tasks to queue
[2023-08-07T10:46:58.329+0000] {logging_mixin.py:150} INFO - [2023-08-07T10:46:58.329+0000] {dagbag.py:541} INFO - Filling up the DagBag from /home/airflow/.local/lib/python3.7/site-packages/airflow/example_dags/example_external_task_marker_dag.py
[2023-08-07T10:46:58.334+0000] {processor.py:836} INFO - DAG(s) dict_keys(['example_external_task_marker_parent', 'example_external_task_marker_child']) retrieved from /home/airflow/.local/lib/python3.7/site-packages/airflow/example_dags/example_external_task_marker_dag.py
[2023-08-07T10:46:58.353+0000] {logging_mixin.py:150} INFO - [2023-08-07T10:46:58.353+0000] {dag.py:2742} INFO - Sync 2 DAGs
[2023-08-07T10:46:58.367+0000] {logging_mixin.py:150} INFO - [2023-08-07T10:46:58.367+0000] {dag.py:3508} INFO - Setting next_dagrun for example_external_task_marker_child to None, run_after=None
[2023-08-07T10:46:58.369+0000] {logging_mixin.py:150} INFO - [2023-08-07T10:46:58.369+0000] {dag.py:3508} INFO - Setting next_dagrun for example_external_task_marker_parent to None, run_after=None
[2023-08-07T10:46:58.378+0000] {processor.py:179} INFO - Processing /home/airflow/.local/lib/python3.7/site-packages/airflow/example_dags/example_external_task_marker_dag.py took 0.054 seconds
[2023-08-07T10:47:28.471+0000] {processor.py:157} INFO - Started process (PID=496) to work on /home/airflow/.local/lib/python3.7/site-packages/airflow/example_dags/example_external_task_marker_dag.py
[2023-08-07T10:47:28.473+0000] {processor.py:826} INFO - Processing file /home/airflow/.local/lib/python3.7/site-packages/airflow/example_dags/example_external_task_marker_dag.py for tasks to queue
[2023-08-07T10:47:28.473+0000] {logging_mixin.py:150} INFO - [2023-08-07T10:47:28.473+0000] {dagbag.py:541} INFO - Filling up the DagBag from /home/airflow/.local/lib/python3.7/site-packages/airflow/example_dags/example_external_task_marker_dag.py
[2023-08-07T10:47:28.478+0000] {processor.py:836} INFO - DAG(s) dict_keys(['example_external_task_marker_child', 'example_external_task_marker_parent']) retrieved from /home/airflow/.local/lib/python3.7/site-packages/airflow/example_dags/example_external_task_marker_dag.py
[2023-08-07T10:47:28.498+0000] {logging_mixin.py:150} INFO - [2023-08-07T10:47:28.498+0000] {dag.py:2742} INFO - Sync 2 DAGs
[2023-08-07T10:47:28.512+0000] {logging_mixin.py:150} INFO - [2023-08-07T10:47:28.512+0000] {dag.py:3508} INFO - Setting next_dagrun for example_external_task_marker_child to None, run_after=None
[2023-08-07T10:47:28.514+0000] {logging_mixin.py:150} INFO - [2023-08-07T10:47:28.514+0000] {dag.py:3508} INFO - Setting next_dagrun for example_external_task_marker_parent to None, run_after=None
[2023-08-07T10:47:28.523+0000] {processor.py:179} INFO - Processing /home/airflow/.local/lib/python3.7/site-packages/airflow/example_dags/example_external_task_marker_dag.py took 0.054 seconds
[2023-08-07T10:47:58.607+0000] {processor.py:157} INFO - Started process (PID=554) to work on /home/airflow/.local/lib/python3.7/site-packages/airflow/example_dags/example_external_task_marker_dag.py
[2023-08-07T10:47:58.608+0000] {processor.py:826} INFO - Processing file /home/airflow/.local/lib/python3.7/site-packages/airflow/example_dags/example_external_task_marker_dag.py for tasks to queue
[2023-08-07T10:47:58.609+0000] {logging_mixin.py:150} INFO - [2023-08-07T10:47:58.609+0000] {dagbag.py:541} INFO - Filling up the DagBag from /home/airflow/.local/lib/python3.7/site-packages/airflow/example_dags/example_external_task_marker_dag.py
[2023-08-07T10:47:58.613+0000] {processor.py:836} INFO - DAG(s) dict_keys(['example_external_task_marker_parent', 'example_external_task_marker_child']) retrieved from /home/airflow/.local/lib/python3.7/site-packages/airflow/example_dags/example_external_task_marker_dag.py
[2023-08-07T10:47:58.632+0000] {logging_mixin.py:150} INFO - [2023-08-07T10:47:58.632+0000] {dag.py:2742} INFO - Sync 2 DAGs
[2023-08-07T10:47:58.647+0000] {logging_mixin.py:150} INFO - [2023-08-07T10:47:58.647+0000] {dag.py:3508} INFO - Setting next_dagrun for example_external_task_marker_child to None, run_after=None
[2023-08-07T10:47:58.649+0000] {logging_mixin.py:150} INFO - [2023-08-07T10:47:58.649+0000] {dag.py:3508} INFO - Setting next_dagrun for example_external_task_marker_parent to None, run_after=None
[2023-08-07T10:47:58.657+0000] {processor.py:179} INFO - Processing /home/airflow/.local/lib/python3.7/site-packages/airflow/example_dags/example_external_task_marker_dag.py took 0.053 seconds
[2023-08-07T10:48:28.997+0000] {processor.py:157} INFO - Started process (PID=612) to work on /home/airflow/.local/lib/python3.7/site-packages/airflow/example_dags/example_external_task_marker_dag.py
[2023-08-07T10:48:28.998+0000] {processor.py:826} INFO - Processing file /home/airflow/.local/lib/python3.7/site-packages/airflow/example_dags/example_external_task_marker_dag.py for tasks to queue
[2023-08-07T10:48:28.999+0000] {logging_mixin.py:150} INFO - [2023-08-07T10:48:28.999+0000] {dagbag.py:541} INFO - Filling up the DagBag from /home/airflow/.local/lib/python3.7/site-packages/airflow/example_dags/example_external_task_marker_dag.py
[2023-08-07T10:48:29.004+0000] {processor.py:836} INFO - DAG(s) dict_keys(['example_external_task_marker_parent', 'example_external_task_marker_child']) retrieved from /home/airflow/.local/lib/python3.7/site-packages/airflow/example_dags/example_external_task_marker_dag.py
[2023-08-07T10:48:29.022+0000] {logging_mixin.py:150} INFO - [2023-08-07T10:48:29.022+0000] {dag.py:2742} INFO - Sync 2 DAGs
[2023-08-07T10:48:29.035+0000] {logging_mixin.py:150} INFO - [2023-08-07T10:48:29.035+0000] {dag.py:3508} INFO - Setting next_dagrun for example_external_task_marker_child to None, run_after=None
[2023-08-07T10:48:29.037+0000] {logging_mixin.py:150} INFO - [2023-08-07T10:48:29.037+0000] {dag.py:3508} INFO - Setting next_dagrun for example_external_task_marker_parent to None, run_after=None
[2023-08-07T10:48:29.046+0000] {processor.py:179} INFO - Processing /home/airflow/.local/lib/python3.7/site-packages/airflow/example_dags/example_external_task_marker_dag.py took 0.051 seconds
