[2023-08-07T10:43:35.030+0000] {processor.py:157} INFO - Started process (PID=70) to work on /home/airflow/.local/lib/python3.7/site-packages/airflow/example_dags/example_branch_datetime_operator.py
[2023-08-07T10:43:35.031+0000] {processor.py:826} INFO - Processing file /home/airflow/.local/lib/python3.7/site-packages/airflow/example_dags/example_branch_datetime_operator.py for tasks to queue
[2023-08-07T10:43:35.034+0000] {logging_mixin.py:150} INFO - [2023-08-07T10:43:35.033+0000] {dagbag.py:541} INFO - Filling up the DagBag from /home/airflow/.local/lib/python3.7/site-packages/airflow/example_dags/example_branch_datetime_operator.py
[2023-08-07T10:43:35.044+0000] {processor.py:836} INFO - DAG(s) dict_keys(['example_branch_datetime_operator_2', 'example_branch_datetime_operator_3', 'example_branch_datetime_operator']) retrieved from /home/airflow/.local/lib/python3.7/site-packages/airflow/example_dags/example_branch_datetime_operator.py
[2023-08-07T10:43:35.109+0000] {logging_mixin.py:150} INFO - [2023-08-07T10:43:35.109+0000] {manager.py:504} INFO - Created Permission View: can edit on DAG:example_branch_datetime_operator_2
[2023-08-07T10:43:35.115+0000] {logging_mixin.py:150} INFO - [2023-08-07T10:43:35.115+0000] {manager.py:504} INFO - Created Permission View: can delete on DAG:example_branch_datetime_operator_2
[2023-08-07T10:43:35.118+0000] {logging_mixin.py:150} INFO - [2023-08-07T10:43:35.118+0000] {manager.py:504} INFO - Created Permission View: can read on DAG:example_branch_datetime_operator_2
[2023-08-07T10:43:35.133+0000] {logging_mixin.py:150} INFO - [2023-08-07T10:43:35.133+0000] {manager.py:504} INFO - Created Permission View: can edit on DAG:example_branch_datetime_operator_3
[2023-08-07T10:43:35.136+0000] {logging_mixin.py:150} INFO - [2023-08-07T10:43:35.136+0000] {manager.py:504} INFO - Created Permission View: can delete on DAG:example_branch_datetime_operator_3
[2023-08-07T10:43:35.140+0000] {logging_mixin.py:150} INFO - [2023-08-07T10:43:35.140+0000] {manager.py:504} INFO - Created Permission View: can read on DAG:example_branch_datetime_operator_3
[2023-08-07T10:43:35.149+0000] {logging_mixin.py:150} INFO - [2023-08-07T10:43:35.149+0000] {manager.py:504} INFO - Created Permission View: can edit on DAG:example_branch_datetime_operator
[2023-08-07T10:43:35.153+0000] {logging_mixin.py:150} INFO - [2023-08-07T10:43:35.152+0000] {manager.py:504} INFO - Created Permission View: can delete on DAG:example_branch_datetime_operator
[2023-08-07T10:43:35.157+0000] {logging_mixin.py:150} INFO - [2023-08-07T10:43:35.157+0000] {manager.py:504} INFO - Created Permission View: can read on DAG:example_branch_datetime_operator
[2023-08-07T10:43:35.161+0000] {logging_mixin.py:150} INFO - [2023-08-07T10:43:35.161+0000] {dag.py:2742} INFO - Sync 3 DAGs
[2023-08-07T10:43:35.169+0000] {logging_mixin.py:150} INFO - [2023-08-07T10:43:35.169+0000] {dag.py:2763} INFO - Creating ORM DAG for example_branch_datetime_operator_2
[2023-08-07T10:43:35.170+0000] {logging_mixin.py:150} INFO - [2023-08-07T10:43:35.170+0000] {dag.py:2763} INFO - Creating ORM DAG for example_branch_datetime_operator_3
[2023-08-07T10:43:35.170+0000] {logging_mixin.py:150} INFO - [2023-08-07T10:43:35.170+0000] {dag.py:2763} INFO - Creating ORM DAG for example_branch_datetime_operator
[2023-08-07T10:43:35.178+0000] {logging_mixin.py:150} INFO - [2023-08-07T10:43:35.178+0000] {dag.py:3508} INFO - Setting next_dagrun for example_branch_datetime_operator to 2023-08-06T00:00:00+00:00, run_after=2023-08-07T00:00:00+00:00
[2023-08-07T10:43:35.180+0000] {logging_mixin.py:150} INFO - [2023-08-07T10:43:35.180+0000] {dag.py:3508} INFO - Setting next_dagrun for example_branch_datetime_operator_2 to 2023-08-06T00:00:00+00:00, run_after=2023-08-07T00:00:00+00:00
[2023-08-07T10:43:35.181+0000] {logging_mixin.py:150} INFO - [2023-08-07T10:43:35.181+0000] {dag.py:3508} INFO - Setting next_dagrun for example_branch_datetime_operator_3 to 2023-08-06T00:00:00+00:00, run_after=2023-08-07T00:00:00+00:00
[2023-08-07T10:43:35.192+0000] {processor.py:179} INFO - Processing /home/airflow/.local/lib/python3.7/site-packages/airflow/example_dags/example_branch_datetime_operator.py took 0.165 seconds
[2023-08-07T10:44:05.370+0000] {processor.py:157} INFO - Started process (PID=128) to work on /home/airflow/.local/lib/python3.7/site-packages/airflow/example_dags/example_branch_datetime_operator.py
[2023-08-07T10:44:05.370+0000] {processor.py:826} INFO - Processing file /home/airflow/.local/lib/python3.7/site-packages/airflow/example_dags/example_branch_datetime_operator.py for tasks to queue
[2023-08-07T10:44:05.371+0000] {logging_mixin.py:150} INFO - [2023-08-07T10:44:05.371+0000] {dagbag.py:541} INFO - Filling up the DagBag from /home/airflow/.local/lib/python3.7/site-packages/airflow/example_dags/example_branch_datetime_operator.py
[2023-08-07T10:44:05.377+0000] {processor.py:836} INFO - DAG(s) dict_keys(['example_branch_datetime_operator', 'example_branch_datetime_operator_3', 'example_branch_datetime_operator_2']) retrieved from /home/airflow/.local/lib/python3.7/site-packages/airflow/example_dags/example_branch_datetime_operator.py
[2023-08-07T10:44:05.397+0000] {logging_mixin.py:150} INFO - [2023-08-07T10:44:05.397+0000] {dag.py:2742} INFO - Sync 3 DAGs
[2023-08-07T10:44:05.412+0000] {logging_mixin.py:150} INFO - [2023-08-07T10:44:05.412+0000] {dag.py:3508} INFO - Setting next_dagrun for example_branch_datetime_operator to 2023-08-06T00:00:00+00:00, run_after=2023-08-07T00:00:00+00:00
[2023-08-07T10:44:05.414+0000] {logging_mixin.py:150} INFO - [2023-08-07T10:44:05.414+0000] {dag.py:3508} INFO - Setting next_dagrun for example_branch_datetime_operator_2 to 2023-08-06T00:00:00+00:00, run_after=2023-08-07T00:00:00+00:00
[2023-08-07T10:44:05.416+0000] {logging_mixin.py:150} INFO - [2023-08-07T10:44:05.416+0000] {dag.py:3508} INFO - Setting next_dagrun for example_branch_datetime_operator_3 to 2023-08-06T00:00:00+00:00, run_after=2023-08-07T00:00:00+00:00
[2023-08-07T10:44:05.425+0000] {processor.py:179} INFO - Processing /home/airflow/.local/lib/python3.7/site-packages/airflow/example_dags/example_branch_datetime_operator.py took 0.057 seconds
[2023-08-07T10:44:35.873+0000] {processor.py:157} INFO - Started process (PID=186) to work on /home/airflow/.local/lib/python3.7/site-packages/airflow/example_dags/example_branch_datetime_operator.py
[2023-08-07T10:44:35.874+0000] {processor.py:826} INFO - Processing file /home/airflow/.local/lib/python3.7/site-packages/airflow/example_dags/example_branch_datetime_operator.py for tasks to queue
[2023-08-07T10:44:35.875+0000] {logging_mixin.py:150} INFO - [2023-08-07T10:44:35.875+0000] {dagbag.py:541} INFO - Filling up the DagBag from /home/airflow/.local/lib/python3.7/site-packages/airflow/example_dags/example_branch_datetime_operator.py
[2023-08-07T10:44:35.881+0000] {processor.py:836} INFO - DAG(s) dict_keys(['example_branch_datetime_operator', 'example_branch_datetime_operator_3', 'example_branch_datetime_operator_2']) retrieved from /home/airflow/.local/lib/python3.7/site-packages/airflow/example_dags/example_branch_datetime_operator.py
[2023-08-07T10:44:35.901+0000] {logging_mixin.py:150} INFO - [2023-08-07T10:44:35.901+0000] {dag.py:2742} INFO - Sync 3 DAGs
[2023-08-07T10:44:35.915+0000] {logging_mixin.py:150} INFO - [2023-08-07T10:44:35.915+0000] {dag.py:3508} INFO - Setting next_dagrun for example_branch_datetime_operator to 2023-08-06T00:00:00+00:00, run_after=2023-08-07T00:00:00+00:00
[2023-08-07T10:44:35.918+0000] {logging_mixin.py:150} INFO - [2023-08-07T10:44:35.918+0000] {dag.py:3508} INFO - Setting next_dagrun for example_branch_datetime_operator_2 to 2023-08-06T00:00:00+00:00, run_after=2023-08-07T00:00:00+00:00
[2023-08-07T10:44:35.919+0000] {logging_mixin.py:150} INFO - [2023-08-07T10:44:35.919+0000] {dag.py:3508} INFO - Setting next_dagrun for example_branch_datetime_operator_3 to 2023-08-06T00:00:00+00:00, run_after=2023-08-07T00:00:00+00:00
[2023-08-07T10:44:35.928+0000] {processor.py:179} INFO - Processing /home/airflow/.local/lib/python3.7/site-packages/airflow/example_dags/example_branch_datetime_operator.py took 0.057 seconds
[2023-08-07T10:45:06.095+0000] {processor.py:157} INFO - Started process (PID=244) to work on /home/airflow/.local/lib/python3.7/site-packages/airflow/example_dags/example_branch_datetime_operator.py
[2023-08-07T10:45:06.096+0000] {processor.py:826} INFO - Processing file /home/airflow/.local/lib/python3.7/site-packages/airflow/example_dags/example_branch_datetime_operator.py for tasks to queue
[2023-08-07T10:45:06.097+0000] {logging_mixin.py:150} INFO - [2023-08-07T10:45:06.096+0000] {dagbag.py:541} INFO - Filling up the DagBag from /home/airflow/.local/lib/python3.7/site-packages/airflow/example_dags/example_branch_datetime_operator.py
[2023-08-07T10:45:06.102+0000] {processor.py:836} INFO - DAG(s) dict_keys(['example_branch_datetime_operator_2', 'example_branch_datetime_operator', 'example_branch_datetime_operator_3']) retrieved from /home/airflow/.local/lib/python3.7/site-packages/airflow/example_dags/example_branch_datetime_operator.py
[2023-08-07T10:45:06.124+0000] {logging_mixin.py:150} INFO - [2023-08-07T10:45:06.124+0000] {dag.py:2742} INFO - Sync 3 DAGs
[2023-08-07T10:45:06.139+0000] {logging_mixin.py:150} INFO - [2023-08-07T10:45:06.138+0000] {dag.py:3508} INFO - Setting next_dagrun for example_branch_datetime_operator to 2023-08-06T00:00:00+00:00, run_after=2023-08-07T00:00:00+00:00
[2023-08-07T10:45:06.141+0000] {logging_mixin.py:150} INFO - [2023-08-07T10:45:06.141+0000] {dag.py:3508} INFO - Setting next_dagrun for example_branch_datetime_operator_2 to 2023-08-06T00:00:00+00:00, run_after=2023-08-07T00:00:00+00:00
[2023-08-07T10:45:06.143+0000] {logging_mixin.py:150} INFO - [2023-08-07T10:45:06.143+0000] {dag.py:3508} INFO - Setting next_dagrun for example_branch_datetime_operator_3 to 2023-08-06T00:00:00+00:00, run_after=2023-08-07T00:00:00+00:00
[2023-08-07T10:45:06.151+0000] {processor.py:179} INFO - Processing /home/airflow/.local/lib/python3.7/site-packages/airflow/example_dags/example_branch_datetime_operator.py took 0.059 seconds
[2023-08-07T10:45:36.398+0000] {processor.py:157} INFO - Started process (PID=302) to work on /home/airflow/.local/lib/python3.7/site-packages/airflow/example_dags/example_branch_datetime_operator.py
[2023-08-07T10:45:36.400+0000] {processor.py:826} INFO - Processing file /home/airflow/.local/lib/python3.7/site-packages/airflow/example_dags/example_branch_datetime_operator.py for tasks to queue
[2023-08-07T10:45:36.400+0000] {logging_mixin.py:150} INFO - [2023-08-07T10:45:36.400+0000] {dagbag.py:541} INFO - Filling up the DagBag from /home/airflow/.local/lib/python3.7/site-packages/airflow/example_dags/example_branch_datetime_operator.py
[2023-08-07T10:45:36.406+0000] {processor.py:836} INFO - DAG(s) dict_keys(['example_branch_datetime_operator_2', 'example_branch_datetime_operator_3', 'example_branch_datetime_operator']) retrieved from /home/airflow/.local/lib/python3.7/site-packages/airflow/example_dags/example_branch_datetime_operator.py
[2023-08-07T10:45:36.427+0000] {logging_mixin.py:150} INFO - [2023-08-07T10:45:36.427+0000] {dag.py:2742} INFO - Sync 3 DAGs
[2023-08-07T10:45:36.442+0000] {logging_mixin.py:150} INFO - [2023-08-07T10:45:36.442+0000] {dag.py:3508} INFO - Setting next_dagrun for example_branch_datetime_operator to 2023-08-06T00:00:00+00:00, run_after=2023-08-07T00:00:00+00:00
[2023-08-07T10:45:36.445+0000] {logging_mixin.py:150} INFO - [2023-08-07T10:45:36.445+0000] {dag.py:3508} INFO - Setting next_dagrun for example_branch_datetime_operator_2 to 2023-08-06T00:00:00+00:00, run_after=2023-08-07T00:00:00+00:00
[2023-08-07T10:45:36.446+0000] {logging_mixin.py:150} INFO - [2023-08-07T10:45:36.446+0000] {dag.py:3508} INFO - Setting next_dagrun for example_branch_datetime_operator_3 to 2023-08-06T00:00:00+00:00, run_after=2023-08-07T00:00:00+00:00
[2023-08-07T10:45:36.456+0000] {processor.py:179} INFO - Processing /home/airflow/.local/lib/python3.7/site-packages/airflow/example_dags/example_branch_datetime_operator.py took 0.060 seconds
[2023-08-07T10:46:06.502+0000] {processor.py:157} INFO - Started process (PID=360) to work on /home/airflow/.local/lib/python3.7/site-packages/airflow/example_dags/example_branch_datetime_operator.py
[2023-08-07T10:46:06.503+0000] {processor.py:826} INFO - Processing file /home/airflow/.local/lib/python3.7/site-packages/airflow/example_dags/example_branch_datetime_operator.py for tasks to queue
[2023-08-07T10:46:06.504+0000] {logging_mixin.py:150} INFO - [2023-08-07T10:46:06.504+0000] {dagbag.py:541} INFO - Filling up the DagBag from /home/airflow/.local/lib/python3.7/site-packages/airflow/example_dags/example_branch_datetime_operator.py
[2023-08-07T10:46:06.510+0000] {processor.py:836} INFO - DAG(s) dict_keys(['example_branch_datetime_operator', 'example_branch_datetime_operator_3', 'example_branch_datetime_operator_2']) retrieved from /home/airflow/.local/lib/python3.7/site-packages/airflow/example_dags/example_branch_datetime_operator.py
[2023-08-07T10:46:06.529+0000] {logging_mixin.py:150} INFO - [2023-08-07T10:46:06.529+0000] {dag.py:2742} INFO - Sync 3 DAGs
[2023-08-07T10:46:06.543+0000] {logging_mixin.py:150} INFO - [2023-08-07T10:46:06.543+0000] {dag.py:3508} INFO - Setting next_dagrun for example_branch_datetime_operator to 2023-08-06T00:00:00+00:00, run_after=2023-08-07T00:00:00+00:00
[2023-08-07T10:46:06.546+0000] {logging_mixin.py:150} INFO - [2023-08-07T10:46:06.546+0000] {dag.py:3508} INFO - Setting next_dagrun for example_branch_datetime_operator_2 to 2023-08-06T00:00:00+00:00, run_after=2023-08-07T00:00:00+00:00
[2023-08-07T10:46:06.548+0000] {logging_mixin.py:150} INFO - [2023-08-07T10:46:06.548+0000] {dag.py:3508} INFO - Setting next_dagrun for example_branch_datetime_operator_3 to 2023-08-06T00:00:00+00:00, run_after=2023-08-07T00:00:00+00:00
[2023-08-07T10:46:06.556+0000] {processor.py:179} INFO - Processing /home/airflow/.local/lib/python3.7/site-packages/airflow/example_dags/example_branch_datetime_operator.py took 0.057 seconds
[2023-08-07T10:46:36.871+0000] {processor.py:157} INFO - Started process (PID=418) to work on /home/airflow/.local/lib/python3.7/site-packages/airflow/example_dags/example_branch_datetime_operator.py
[2023-08-07T10:46:36.872+0000] {processor.py:826} INFO - Processing file /home/airflow/.local/lib/python3.7/site-packages/airflow/example_dags/example_branch_datetime_operator.py for tasks to queue
[2023-08-07T10:46:36.872+0000] {logging_mixin.py:150} INFO - [2023-08-07T10:46:36.872+0000] {dagbag.py:541} INFO - Filling up the DagBag from /home/airflow/.local/lib/python3.7/site-packages/airflow/example_dags/example_branch_datetime_operator.py
[2023-08-07T10:46:36.878+0000] {processor.py:836} INFO - DAG(s) dict_keys(['example_branch_datetime_operator', 'example_branch_datetime_operator_3', 'example_branch_datetime_operator_2']) retrieved from /home/airflow/.local/lib/python3.7/site-packages/airflow/example_dags/example_branch_datetime_operator.py
[2023-08-07T10:46:36.899+0000] {logging_mixin.py:150} INFO - [2023-08-07T10:46:36.899+0000] {dag.py:2742} INFO - Sync 3 DAGs
[2023-08-07T10:46:36.913+0000] {logging_mixin.py:150} INFO - [2023-08-07T10:46:36.913+0000] {dag.py:3508} INFO - Setting next_dagrun for example_branch_datetime_operator to 2023-08-06T00:00:00+00:00, run_after=2023-08-07T00:00:00+00:00
[2023-08-07T10:46:36.916+0000] {logging_mixin.py:150} INFO - [2023-08-07T10:46:36.916+0000] {dag.py:3508} INFO - Setting next_dagrun for example_branch_datetime_operator_2 to 2023-08-06T00:00:00+00:00, run_after=2023-08-07T00:00:00+00:00
[2023-08-07T10:46:36.918+0000] {logging_mixin.py:150} INFO - [2023-08-07T10:46:36.918+0000] {dag.py:3508} INFO - Setting next_dagrun for example_branch_datetime_operator_3 to 2023-08-06T00:00:00+00:00, run_after=2023-08-07T00:00:00+00:00
[2023-08-07T10:46:36.926+0000] {processor.py:179} INFO - Processing /home/airflow/.local/lib/python3.7/site-packages/airflow/example_dags/example_branch_datetime_operator.py took 0.057 seconds
[2023-08-07T10:47:07.097+0000] {processor.py:157} INFO - Started process (PID=476) to work on /home/airflow/.local/lib/python3.7/site-packages/airflow/example_dags/example_branch_datetime_operator.py
[2023-08-07T10:47:07.098+0000] {processor.py:826} INFO - Processing file /home/airflow/.local/lib/python3.7/site-packages/airflow/example_dags/example_branch_datetime_operator.py for tasks to queue
[2023-08-07T10:47:07.099+0000] {logging_mixin.py:150} INFO - [2023-08-07T10:47:07.099+0000] {dagbag.py:541} INFO - Filling up the DagBag from /home/airflow/.local/lib/python3.7/site-packages/airflow/example_dags/example_branch_datetime_operator.py
[2023-08-07T10:47:07.105+0000] {processor.py:836} INFO - DAG(s) dict_keys(['example_branch_datetime_operator_3', 'example_branch_datetime_operator', 'example_branch_datetime_operator_2']) retrieved from /home/airflow/.local/lib/python3.7/site-packages/airflow/example_dags/example_branch_datetime_operator.py
[2023-08-07T10:47:07.126+0000] {logging_mixin.py:150} INFO - [2023-08-07T10:47:07.126+0000] {dag.py:2742} INFO - Sync 3 DAGs
[2023-08-07T10:47:07.141+0000] {logging_mixin.py:150} INFO - [2023-08-07T10:47:07.141+0000] {dag.py:3508} INFO - Setting next_dagrun for example_branch_datetime_operator to 2023-08-06T00:00:00+00:00, run_after=2023-08-07T00:00:00+00:00
[2023-08-07T10:47:07.144+0000] {logging_mixin.py:150} INFO - [2023-08-07T10:47:07.144+0000] {dag.py:3508} INFO - Setting next_dagrun for example_branch_datetime_operator_2 to 2023-08-06T00:00:00+00:00, run_after=2023-08-07T00:00:00+00:00
[2023-08-07T10:47:07.145+0000] {logging_mixin.py:150} INFO - [2023-08-07T10:47:07.145+0000] {dag.py:3508} INFO - Setting next_dagrun for example_branch_datetime_operator_3 to 2023-08-06T00:00:00+00:00, run_after=2023-08-07T00:00:00+00:00
[2023-08-07T10:47:07.153+0000] {processor.py:179} INFO - Processing /home/airflow/.local/lib/python3.7/site-packages/airflow/example_dags/example_branch_datetime_operator.py took 0.059 seconds
[2023-08-07T10:47:38.199+0000] {processor.py:157} INFO - Started process (PID=534) to work on /home/airflow/.local/lib/python3.7/site-packages/airflow/example_dags/example_branch_datetime_operator.py
[2023-08-07T10:47:38.199+0000] {processor.py:826} INFO - Processing file /home/airflow/.local/lib/python3.7/site-packages/airflow/example_dags/example_branch_datetime_operator.py for tasks to queue
[2023-08-07T10:47:38.200+0000] {logging_mixin.py:150} INFO - [2023-08-07T10:47:38.200+0000] {dagbag.py:541} INFO - Filling up the DagBag from /home/airflow/.local/lib/python3.7/site-packages/airflow/example_dags/example_branch_datetime_operator.py
[2023-08-07T10:47:38.206+0000] {processor.py:836} INFO - DAG(s) dict_keys(['example_branch_datetime_operator', 'example_branch_datetime_operator_3', 'example_branch_datetime_operator_2']) retrieved from /home/airflow/.local/lib/python3.7/site-packages/airflow/example_dags/example_branch_datetime_operator.py
[2023-08-07T10:47:38.226+0000] {logging_mixin.py:150} INFO - [2023-08-07T10:47:38.226+0000] {dag.py:2742} INFO - Sync 3 DAGs
[2023-08-07T10:47:38.240+0000] {logging_mixin.py:150} INFO - [2023-08-07T10:47:38.240+0000] {dag.py:3508} INFO - Setting next_dagrun for example_branch_datetime_operator to 2023-08-06T00:00:00+00:00, run_after=2023-08-07T00:00:00+00:00
[2023-08-07T10:47:38.243+0000] {logging_mixin.py:150} INFO - [2023-08-07T10:47:38.243+0000] {dag.py:3508} INFO - Setting next_dagrun for example_branch_datetime_operator_2 to 2023-08-06T00:00:00+00:00, run_after=2023-08-07T00:00:00+00:00
[2023-08-07T10:47:38.245+0000] {logging_mixin.py:150} INFO - [2023-08-07T10:47:38.245+0000] {dag.py:3508} INFO - Setting next_dagrun for example_branch_datetime_operator_3 to 2023-08-06T00:00:00+00:00, run_after=2023-08-07T00:00:00+00:00
[2023-08-07T10:47:38.254+0000] {processor.py:179} INFO - Processing /home/airflow/.local/lib/python3.7/site-packages/airflow/example_dags/example_branch_datetime_operator.py took 0.058 seconds
[2023-08-07T10:48:08.541+0000] {processor.py:157} INFO - Started process (PID=592) to work on /home/airflow/.local/lib/python3.7/site-packages/airflow/example_dags/example_branch_datetime_operator.py
[2023-08-07T10:48:08.542+0000] {processor.py:826} INFO - Processing file /home/airflow/.local/lib/python3.7/site-packages/airflow/example_dags/example_branch_datetime_operator.py for tasks to queue
[2023-08-07T10:48:08.543+0000] {logging_mixin.py:150} INFO - [2023-08-07T10:48:08.543+0000] {dagbag.py:541} INFO - Filling up the DagBag from /home/airflow/.local/lib/python3.7/site-packages/airflow/example_dags/example_branch_datetime_operator.py
[2023-08-07T10:48:08.549+0000] {processor.py:836} INFO - DAG(s) dict_keys(['example_branch_datetime_operator', 'example_branch_datetime_operator_3', 'example_branch_datetime_operator_2']) retrieved from /home/airflow/.local/lib/python3.7/site-packages/airflow/example_dags/example_branch_datetime_operator.py
[2023-08-07T10:48:08.572+0000] {logging_mixin.py:150} INFO - [2023-08-07T10:48:08.572+0000] {dag.py:2742} INFO - Sync 3 DAGs
[2023-08-07T10:48:08.588+0000] {logging_mixin.py:150} INFO - [2023-08-07T10:48:08.588+0000] {dag.py:3508} INFO - Setting next_dagrun for example_branch_datetime_operator to 2023-08-06T00:00:00+00:00, run_after=2023-08-07T00:00:00+00:00
[2023-08-07T10:48:08.592+0000] {logging_mixin.py:150} INFO - [2023-08-07T10:48:08.592+0000] {dag.py:3508} INFO - Setting next_dagrun for example_branch_datetime_operator_2 to 2023-08-06T00:00:00+00:00, run_after=2023-08-07T00:00:00+00:00
[2023-08-07T10:48:08.593+0000] {logging_mixin.py:150} INFO - [2023-08-07T10:48:08.593+0000] {dag.py:3508} INFO - Setting next_dagrun for example_branch_datetime_operator_3 to 2023-08-06T00:00:00+00:00, run_after=2023-08-07T00:00:00+00:00
[2023-08-07T10:48:08.602+0000] {processor.py:179} INFO - Processing /home/airflow/.local/lib/python3.7/site-packages/airflow/example_dags/example_branch_datetime_operator.py took 0.064 seconds
[2023-08-07T10:48:38.851+0000] {processor.py:157} INFO - Started process (PID=650) to work on /home/airflow/.local/lib/python3.7/site-packages/airflow/example_dags/example_branch_datetime_operator.py
[2023-08-07T10:48:38.851+0000] {processor.py:826} INFO - Processing file /home/airflow/.local/lib/python3.7/site-packages/airflow/example_dags/example_branch_datetime_operator.py for tasks to queue
[2023-08-07T10:48:38.852+0000] {logging_mixin.py:150} INFO - [2023-08-07T10:48:38.852+0000] {dagbag.py:541} INFO - Filling up the DagBag from /home/airflow/.local/lib/python3.7/site-packages/airflow/example_dags/example_branch_datetime_operator.py
[2023-08-07T10:48:38.859+0000] {processor.py:836} INFO - DAG(s) dict_keys(['example_branch_datetime_operator_2', 'example_branch_datetime_operator_3', 'example_branch_datetime_operator']) retrieved from /home/airflow/.local/lib/python3.7/site-packages/airflow/example_dags/example_branch_datetime_operator.py
[2023-08-07T10:48:38.880+0000] {logging_mixin.py:150} INFO - [2023-08-07T10:48:38.880+0000] {dag.py:2742} INFO - Sync 3 DAGs
[2023-08-07T10:48:38.895+0000] {logging_mixin.py:150} INFO - [2023-08-07T10:48:38.895+0000] {dag.py:3508} INFO - Setting next_dagrun for example_branch_datetime_operator to 2023-08-06T00:00:00+00:00, run_after=2023-08-07T00:00:00+00:00
[2023-08-07T10:48:38.898+0000] {logging_mixin.py:150} INFO - [2023-08-07T10:48:38.898+0000] {dag.py:3508} INFO - Setting next_dagrun for example_branch_datetime_operator_2 to 2023-08-06T00:00:00+00:00, run_after=2023-08-07T00:00:00+00:00
[2023-08-07T10:48:38.899+0000] {logging_mixin.py:150} INFO - [2023-08-07T10:48:38.899+0000] {dag.py:3508} INFO - Setting next_dagrun for example_branch_datetime_operator_3 to 2023-08-06T00:00:00+00:00, run_after=2023-08-07T00:00:00+00:00
[2023-08-07T10:48:38.907+0000] {processor.py:179} INFO - Processing /home/airflow/.local/lib/python3.7/site-packages/airflow/example_dags/example_branch_datetime_operator.py took 0.059 seconds
