[2023-08-07T10:43:34.316+0000] {processor.py:157} INFO - Started process (PID=61) to work on /home/airflow/.local/lib/python3.7/site-packages/airflow/example_dags/example_short_circuit_decorator.py
[2023-08-07T10:43:34.317+0000] {processor.py:826} INFO - Processing file /home/airflow/.local/lib/python3.7/site-packages/airflow/example_dags/example_short_circuit_decorator.py for tasks to queue
[2023-08-07T10:43:34.318+0000] {logging_mixin.py:150} INFO - [2023-08-07T10:43:34.318+0000] {dagbag.py:541} INFO - Filling up the DagBag from /home/airflow/.local/lib/python3.7/site-packages/airflow/example_dags/example_short_circuit_decorator.py
[2023-08-07T10:43:34.326+0000] {processor.py:836} INFO - DAG(s) dict_keys(['example_short_circuit_decorator']) retrieved from /home/airflow/.local/lib/python3.7/site-packages/airflow/example_dags/example_short_circuit_decorator.py
[2023-08-07T10:43:34.392+0000] {logging_mixin.py:150} INFO - [2023-08-07T10:43:34.392+0000] {manager.py:504} INFO - Created Permission View: can edit on DAG:example_short_circuit_decorator
[2023-08-07T10:43:34.398+0000] {logging_mixin.py:150} INFO - [2023-08-07T10:43:34.398+0000] {manager.py:504} INFO - Created Permission View: can delete on DAG:example_short_circuit_decorator
[2023-08-07T10:43:34.402+0000] {logging_mixin.py:150} INFO - [2023-08-07T10:43:34.402+0000] {manager.py:504} INFO - Created Permission View: can read on DAG:example_short_circuit_decorator
[2023-08-07T10:43:34.410+0000] {logging_mixin.py:150} INFO - [2023-08-07T10:43:34.410+0000] {dag.py:2742} INFO - Sync 1 DAGs
[2023-08-07T10:43:34.417+0000] {logging_mixin.py:150} INFO - [2023-08-07T10:43:34.417+0000] {dag.py:2763} INFO - Creating ORM DAG for example_short_circuit_decorator
[2023-08-07T10:43:34.428+0000] {logging_mixin.py:150} INFO - [2023-08-07T10:43:34.428+0000] {dag.py:3508} INFO - Setting next_dagrun for example_short_circuit_decorator to 2023-08-06T10:43:34.427644+00:00, run_after=2023-08-07T10:43:34.427644+00:00
[2023-08-07T10:43:34.442+0000] {processor.py:179} INFO - Processing /home/airflow/.local/lib/python3.7/site-packages/airflow/example_dags/example_short_circuit_decorator.py took 0.128 seconds
[2023-08-07T10:44:05.026+0000] {processor.py:157} INFO - Started process (PID=119) to work on /home/airflow/.local/lib/python3.7/site-packages/airflow/example_dags/example_short_circuit_decorator.py
[2023-08-07T10:44:05.027+0000] {processor.py:826} INFO - Processing file /home/airflow/.local/lib/python3.7/site-packages/airflow/example_dags/example_short_circuit_decorator.py for tasks to queue
[2023-08-07T10:44:05.028+0000] {logging_mixin.py:150} INFO - [2023-08-07T10:44:05.028+0000] {dagbag.py:541} INFO - Filling up the DagBag from /home/airflow/.local/lib/python3.7/site-packages/airflow/example_dags/example_short_circuit_decorator.py
[2023-08-07T10:44:05.035+0000] {processor.py:836} INFO - DAG(s) dict_keys(['example_short_circuit_decorator']) retrieved from /home/airflow/.local/lib/python3.7/site-packages/airflow/example_dags/example_short_circuit_decorator.py
[2023-08-07T10:44:05.053+0000] {logging_mixin.py:150} INFO - [2023-08-07T10:44:05.053+0000] {dag.py:2742} INFO - Sync 1 DAGs
[2023-08-07T10:44:05.067+0000] {logging_mixin.py:150} INFO - [2023-08-07T10:44:05.067+0000] {dag.py:3508} INFO - Setting next_dagrun for example_short_circuit_decorator to 2023-08-06T10:44:05.067563+00:00, run_after=2023-08-07T10:44:05.067563+00:00
[2023-08-07T10:44:05.077+0000] {processor.py:179} INFO - Processing /home/airflow/.local/lib/python3.7/site-packages/airflow/example_dags/example_short_circuit_decorator.py took 0.053 seconds
[2023-08-07T10:44:35.417+0000] {processor.py:157} INFO - Started process (PID=177) to work on /home/airflow/.local/lib/python3.7/site-packages/airflow/example_dags/example_short_circuit_decorator.py
[2023-08-07T10:44:35.418+0000] {processor.py:826} INFO - Processing file /home/airflow/.local/lib/python3.7/site-packages/airflow/example_dags/example_short_circuit_decorator.py for tasks to queue
[2023-08-07T10:44:35.419+0000] {logging_mixin.py:150} INFO - [2023-08-07T10:44:35.418+0000] {dagbag.py:541} INFO - Filling up the DagBag from /home/airflow/.local/lib/python3.7/site-packages/airflow/example_dags/example_short_circuit_decorator.py
[2023-08-07T10:44:35.426+0000] {processor.py:836} INFO - DAG(s) dict_keys(['example_short_circuit_decorator']) retrieved from /home/airflow/.local/lib/python3.7/site-packages/airflow/example_dags/example_short_circuit_decorator.py
[2023-08-07T10:44:35.444+0000] {logging_mixin.py:150} INFO - [2023-08-07T10:44:35.444+0000] {dag.py:2742} INFO - Sync 1 DAGs
[2023-08-07T10:44:35.458+0000] {logging_mixin.py:150} INFO - [2023-08-07T10:44:35.458+0000] {dag.py:3508} INFO - Setting next_dagrun for example_short_circuit_decorator to 2023-08-06T10:44:35.458477+00:00, run_after=2023-08-07T10:44:35.458477+00:00
[2023-08-07T10:44:35.468+0000] {processor.py:179} INFO - Processing /home/airflow/.local/lib/python3.7/site-packages/airflow/example_dags/example_short_circuit_decorator.py took 0.054 seconds
[2023-08-07T10:45:05.770+0000] {processor.py:157} INFO - Started process (PID=235) to work on /home/airflow/.local/lib/python3.7/site-packages/airflow/example_dags/example_short_circuit_decorator.py
[2023-08-07T10:45:05.771+0000] {processor.py:826} INFO - Processing file /home/airflow/.local/lib/python3.7/site-packages/airflow/example_dags/example_short_circuit_decorator.py for tasks to queue
[2023-08-07T10:45:05.772+0000] {logging_mixin.py:150} INFO - [2023-08-07T10:45:05.772+0000] {dagbag.py:541} INFO - Filling up the DagBag from /home/airflow/.local/lib/python3.7/site-packages/airflow/example_dags/example_short_circuit_decorator.py
[2023-08-07T10:45:05.779+0000] {processor.py:836} INFO - DAG(s) dict_keys(['example_short_circuit_decorator']) retrieved from /home/airflow/.local/lib/python3.7/site-packages/airflow/example_dags/example_short_circuit_decorator.py
[2023-08-07T10:45:05.797+0000] {logging_mixin.py:150} INFO - [2023-08-07T10:45:05.797+0000] {dag.py:2742} INFO - Sync 1 DAGs
[2023-08-07T10:45:05.811+0000] {logging_mixin.py:150} INFO - [2023-08-07T10:45:05.811+0000] {dag.py:3508} INFO - Setting next_dagrun for example_short_circuit_decorator to 2023-08-06T10:45:05.810792+00:00, run_after=2023-08-07T10:45:05.810792+00:00
[2023-08-07T10:45:05.820+0000] {processor.py:179} INFO - Processing /home/airflow/.local/lib/python3.7/site-packages/airflow/example_dags/example_short_circuit_decorator.py took 0.052 seconds
[2023-08-07T10:45:35.967+0000] {processor.py:157} INFO - Started process (PID=293) to work on /home/airflow/.local/lib/python3.7/site-packages/airflow/example_dags/example_short_circuit_decorator.py
[2023-08-07T10:45:35.968+0000] {processor.py:826} INFO - Processing file /home/airflow/.local/lib/python3.7/site-packages/airflow/example_dags/example_short_circuit_decorator.py for tasks to queue
[2023-08-07T10:45:35.969+0000] {logging_mixin.py:150} INFO - [2023-08-07T10:45:35.969+0000] {dagbag.py:541} INFO - Filling up the DagBag from /home/airflow/.local/lib/python3.7/site-packages/airflow/example_dags/example_short_circuit_decorator.py
[2023-08-07T10:45:35.976+0000] {processor.py:836} INFO - DAG(s) dict_keys(['example_short_circuit_decorator']) retrieved from /home/airflow/.local/lib/python3.7/site-packages/airflow/example_dags/example_short_circuit_decorator.py
[2023-08-07T10:45:35.995+0000] {logging_mixin.py:150} INFO - [2023-08-07T10:45:35.995+0000] {dag.py:2742} INFO - Sync 1 DAGs
[2023-08-07T10:45:36.011+0000] {logging_mixin.py:150} INFO - [2023-08-07T10:45:36.011+0000] {dag.py:3508} INFO - Setting next_dagrun for example_short_circuit_decorator to 2023-08-06T10:45:36.011023+00:00, run_after=2023-08-07T10:45:36.011023+00:00
[2023-08-07T10:45:36.021+0000] {processor.py:179} INFO - Processing /home/airflow/.local/lib/python3.7/site-packages/airflow/example_dags/example_short_circuit_decorator.py took 0.057 seconds
[2023-08-07T10:46:06.101+0000] {processor.py:157} INFO - Started process (PID=351) to work on /home/airflow/.local/lib/python3.7/site-packages/airflow/example_dags/example_short_circuit_decorator.py
[2023-08-07T10:46:06.102+0000] {processor.py:826} INFO - Processing file /home/airflow/.local/lib/python3.7/site-packages/airflow/example_dags/example_short_circuit_decorator.py for tasks to queue
[2023-08-07T10:46:06.104+0000] {logging_mixin.py:150} INFO - [2023-08-07T10:46:06.103+0000] {dagbag.py:541} INFO - Filling up the DagBag from /home/airflow/.local/lib/python3.7/site-packages/airflow/example_dags/example_short_circuit_decorator.py
[2023-08-07T10:46:06.110+0000] {processor.py:836} INFO - DAG(s) dict_keys(['example_short_circuit_decorator']) retrieved from /home/airflow/.local/lib/python3.7/site-packages/airflow/example_dags/example_short_circuit_decorator.py
[2023-08-07T10:46:06.129+0000] {logging_mixin.py:150} INFO - [2023-08-07T10:46:06.129+0000] {dag.py:2742} INFO - Sync 1 DAGs
[2023-08-07T10:46:06.143+0000] {logging_mixin.py:150} INFO - [2023-08-07T10:46:06.142+0000] {dag.py:3508} INFO - Setting next_dagrun for example_short_circuit_decorator to 2023-08-06T10:46:06.142777+00:00, run_after=2023-08-07T10:46:06.142777+00:00
[2023-08-07T10:46:06.152+0000] {processor.py:179} INFO - Processing /home/airflow/.local/lib/python3.7/site-packages/airflow/example_dags/example_short_circuit_decorator.py took 0.054 seconds
[2023-08-07T10:46:36.459+0000] {processor.py:157} INFO - Started process (PID=409) to work on /home/airflow/.local/lib/python3.7/site-packages/airflow/example_dags/example_short_circuit_decorator.py
[2023-08-07T10:46:36.460+0000] {processor.py:826} INFO - Processing file /home/airflow/.local/lib/python3.7/site-packages/airflow/example_dags/example_short_circuit_decorator.py for tasks to queue
[2023-08-07T10:46:36.461+0000] {logging_mixin.py:150} INFO - [2023-08-07T10:46:36.461+0000] {dagbag.py:541} INFO - Filling up the DagBag from /home/airflow/.local/lib/python3.7/site-packages/airflow/example_dags/example_short_circuit_decorator.py
[2023-08-07T10:46:36.467+0000] {processor.py:836} INFO - DAG(s) dict_keys(['example_short_circuit_decorator']) retrieved from /home/airflow/.local/lib/python3.7/site-packages/airflow/example_dags/example_short_circuit_decorator.py
[2023-08-07T10:46:36.485+0000] {logging_mixin.py:150} INFO - [2023-08-07T10:46:36.485+0000] {dag.py:2742} INFO - Sync 1 DAGs
[2023-08-07T10:46:36.500+0000] {logging_mixin.py:150} INFO - [2023-08-07T10:46:36.500+0000] {dag.py:3508} INFO - Setting next_dagrun for example_short_circuit_decorator to 2023-08-06T10:46:36.500238+00:00, run_after=2023-08-07T10:46:36.500238+00:00
[2023-08-07T10:46:36.510+0000] {processor.py:179} INFO - Processing /home/airflow/.local/lib/python3.7/site-packages/airflow/example_dags/example_short_circuit_decorator.py took 0.053 seconds
[2023-08-07T10:47:06.756+0000] {processor.py:157} INFO - Started process (PID=467) to work on /home/airflow/.local/lib/python3.7/site-packages/airflow/example_dags/example_short_circuit_decorator.py
[2023-08-07T10:47:06.758+0000] {processor.py:826} INFO - Processing file /home/airflow/.local/lib/python3.7/site-packages/airflow/example_dags/example_short_circuit_decorator.py for tasks to queue
[2023-08-07T10:47:06.758+0000] {logging_mixin.py:150} INFO - [2023-08-07T10:47:06.758+0000] {dagbag.py:541} INFO - Filling up the DagBag from /home/airflow/.local/lib/python3.7/site-packages/airflow/example_dags/example_short_circuit_decorator.py
[2023-08-07T10:47:06.765+0000] {processor.py:836} INFO - DAG(s) dict_keys(['example_short_circuit_decorator']) retrieved from /home/airflow/.local/lib/python3.7/site-packages/airflow/example_dags/example_short_circuit_decorator.py
[2023-08-07T10:47:06.783+0000] {logging_mixin.py:150} INFO - [2023-08-07T10:47:06.783+0000] {dag.py:2742} INFO - Sync 1 DAGs
[2023-08-07T10:47:06.798+0000] {logging_mixin.py:150} INFO - [2023-08-07T10:47:06.798+0000] {dag.py:3508} INFO - Setting next_dagrun for example_short_circuit_decorator to 2023-08-06T10:47:06.798237+00:00, run_after=2023-08-07T10:47:06.798237+00:00
[2023-08-07T10:47:06.807+0000] {processor.py:179} INFO - Processing /home/airflow/.local/lib/python3.7/site-packages/airflow/example_dags/example_short_circuit_decorator.py took 0.054 seconds
[2023-08-07T10:47:37.857+0000] {processor.py:157} INFO - Started process (PID=525) to work on /home/airflow/.local/lib/python3.7/site-packages/airflow/example_dags/example_short_circuit_decorator.py
[2023-08-07T10:47:37.858+0000] {processor.py:826} INFO - Processing file /home/airflow/.local/lib/python3.7/site-packages/airflow/example_dags/example_short_circuit_decorator.py for tasks to queue
[2023-08-07T10:47:37.859+0000] {logging_mixin.py:150} INFO - [2023-08-07T10:47:37.859+0000] {dagbag.py:541} INFO - Filling up the DagBag from /home/airflow/.local/lib/python3.7/site-packages/airflow/example_dags/example_short_circuit_decorator.py
[2023-08-07T10:47:37.865+0000] {processor.py:836} INFO - DAG(s) dict_keys(['example_short_circuit_decorator']) retrieved from /home/airflow/.local/lib/python3.7/site-packages/airflow/example_dags/example_short_circuit_decorator.py
[2023-08-07T10:47:37.883+0000] {logging_mixin.py:150} INFO - [2023-08-07T10:47:37.883+0000] {dag.py:2742} INFO - Sync 1 DAGs
[2023-08-07T10:47:37.897+0000] {logging_mixin.py:150} INFO - [2023-08-07T10:47:37.897+0000] {dag.py:3508} INFO - Setting next_dagrun for example_short_circuit_decorator to 2023-08-06T10:47:37.897584+00:00, run_after=2023-08-07T10:47:37.897584+00:00
[2023-08-07T10:47:37.907+0000] {processor.py:179} INFO - Processing /home/airflow/.local/lib/python3.7/site-packages/airflow/example_dags/example_short_circuit_decorator.py took 0.052 seconds
[2023-08-07T10:48:08.101+0000] {processor.py:157} INFO - Started process (PID=583) to work on /home/airflow/.local/lib/python3.7/site-packages/airflow/example_dags/example_short_circuit_decorator.py
[2023-08-07T10:48:08.102+0000] {processor.py:826} INFO - Processing file /home/airflow/.local/lib/python3.7/site-packages/airflow/example_dags/example_short_circuit_decorator.py for tasks to queue
[2023-08-07T10:48:08.104+0000] {logging_mixin.py:150} INFO - [2023-08-07T10:48:08.103+0000] {dagbag.py:541} INFO - Filling up the DagBag from /home/airflow/.local/lib/python3.7/site-packages/airflow/example_dags/example_short_circuit_decorator.py
[2023-08-07T10:48:08.111+0000] {processor.py:836} INFO - DAG(s) dict_keys(['example_short_circuit_decorator']) retrieved from /home/airflow/.local/lib/python3.7/site-packages/airflow/example_dags/example_short_circuit_decorator.py
[2023-08-07T10:48:08.131+0000] {logging_mixin.py:150} INFO - [2023-08-07T10:48:08.131+0000] {dag.py:2742} INFO - Sync 1 DAGs
[2023-08-07T10:48:08.146+0000] {logging_mixin.py:150} INFO - [2023-08-07T10:48:08.146+0000] {dag.py:3508} INFO - Setting next_dagrun for example_short_circuit_decorator to 2023-08-06T10:48:08.146075+00:00, run_after=2023-08-07T10:48:08.146075+00:00
[2023-08-07T10:48:08.157+0000] {processor.py:179} INFO - Processing /home/airflow/.local/lib/python3.7/site-packages/airflow/example_dags/example_short_circuit_decorator.py took 0.058 seconds
[2023-08-07T10:48:38.504+0000] {processor.py:157} INFO - Started process (PID=641) to work on /home/airflow/.local/lib/python3.7/site-packages/airflow/example_dags/example_short_circuit_decorator.py
[2023-08-07T10:48:38.505+0000] {processor.py:826} INFO - Processing file /home/airflow/.local/lib/python3.7/site-packages/airflow/example_dags/example_short_circuit_decorator.py for tasks to queue
[2023-08-07T10:48:38.506+0000] {logging_mixin.py:150} INFO - [2023-08-07T10:48:38.505+0000] {dagbag.py:541} INFO - Filling up the DagBag from /home/airflow/.local/lib/python3.7/site-packages/airflow/example_dags/example_short_circuit_decorator.py
[2023-08-07T10:48:38.512+0000] {processor.py:836} INFO - DAG(s) dict_keys(['example_short_circuit_decorator']) retrieved from /home/airflow/.local/lib/python3.7/site-packages/airflow/example_dags/example_short_circuit_decorator.py
[2023-08-07T10:48:38.530+0000] {logging_mixin.py:150} INFO - [2023-08-07T10:48:38.530+0000] {dag.py:2742} INFO - Sync 1 DAGs
[2023-08-07T10:48:38.544+0000] {logging_mixin.py:150} INFO - [2023-08-07T10:48:38.544+0000] {dag.py:3508} INFO - Setting next_dagrun for example_short_circuit_decorator to 2023-08-06T10:48:38.544240+00:00, run_after=2023-08-07T10:48:38.544240+00:00
[2023-08-07T10:48:38.554+0000] {processor.py:179} INFO - Processing /home/airflow/.local/lib/python3.7/site-packages/airflow/example_dags/example_short_circuit_decorator.py took 0.053 seconds
