[2023-08-07T10:43:28.655+0000] {processor.py:157} INFO - Started process (PID=52) to work on /home/airflow/.local/lib/python3.7/site-packages/airflow/example_dags/example_latest_only_with_trigger.py
[2023-08-07T10:43:28.656+0000] {processor.py:826} INFO - Processing file /home/airflow/.local/lib/python3.7/site-packages/airflow/example_dags/example_latest_only_with_trigger.py for tasks to queue
[2023-08-07T10:43:28.657+0000] {logging_mixin.py:150} INFO - [2023-08-07T10:43:28.657+0000] {dagbag.py:541} INFO - Filling up the DagBag from /home/airflow/.local/lib/python3.7/site-packages/airflow/example_dags/example_latest_only_with_trigger.py
[2023-08-07T10:43:28.665+0000] {processor.py:836} INFO - DAG(s) dict_keys(['latest_only_with_trigger']) retrieved from /home/airflow/.local/lib/python3.7/site-packages/airflow/example_dags/example_latest_only_with_trigger.py
[2023-08-07T10:43:28.754+0000] {logging_mixin.py:150} INFO - [2023-08-07T10:43:28.754+0000] {manager.py:504} INFO - Created Permission View: can edit on DAG:latest_only_with_trigger
[2023-08-07T10:43:28.778+0000] {logging_mixin.py:150} INFO - [2023-08-07T10:43:28.778+0000] {manager.py:504} INFO - Created Permission View: can delete on DAG:latest_only_with_trigger
[2023-08-07T10:43:28.786+0000] {logging_mixin.py:150} INFO - [2023-08-07T10:43:28.786+0000] {manager.py:504} INFO - Created Permission View: can read on DAG:latest_only_with_trigger
[2023-08-07T10:43:28.798+0000] {logging_mixin.py:150} INFO - [2023-08-07T10:43:28.798+0000] {dag.py:2742} INFO - Sync 1 DAGs
[2023-08-07T10:43:28.812+0000] {logging_mixin.py:150} INFO - [2023-08-07T10:43:28.812+0000] {dag.py:2763} INFO - Creating ORM DAG for latest_only_with_trigger
[2023-08-07T10:43:28.824+0000] {logging_mixin.py:150} INFO - [2023-08-07T10:43:28.823+0000] {dag.py:3508} INFO - Setting next_dagrun for latest_only_with_trigger to 2023-08-07T06:43:28.823633+00:00, run_after=2023-08-07T10:43:28.823633+00:00
[2023-08-07T10:43:28.838+0000] {processor.py:179} INFO - Processing /home/airflow/.local/lib/python3.7/site-packages/airflow/example_dags/example_latest_only_with_trigger.py took 0.186 seconds
[2023-08-07T10:43:59.597+0000] {processor.py:157} INFO - Started process (PID=110) to work on /home/airflow/.local/lib/python3.7/site-packages/airflow/example_dags/example_latest_only_with_trigger.py
[2023-08-07T10:43:59.598+0000] {processor.py:826} INFO - Processing file /home/airflow/.local/lib/python3.7/site-packages/airflow/example_dags/example_latest_only_with_trigger.py for tasks to queue
[2023-08-07T10:43:59.599+0000] {logging_mixin.py:150} INFO - [2023-08-07T10:43:59.599+0000] {dagbag.py:541} INFO - Filling up the DagBag from /home/airflow/.local/lib/python3.7/site-packages/airflow/example_dags/example_latest_only_with_trigger.py
[2023-08-07T10:43:59.604+0000] {processor.py:836} INFO - DAG(s) dict_keys(['latest_only_with_trigger']) retrieved from /home/airflow/.local/lib/python3.7/site-packages/airflow/example_dags/example_latest_only_with_trigger.py
[2023-08-07T10:43:59.622+0000] {logging_mixin.py:150} INFO - [2023-08-07T10:43:59.622+0000] {dag.py:2742} INFO - Sync 1 DAGs
[2023-08-07T10:43:59.637+0000] {logging_mixin.py:150} INFO - [2023-08-07T10:43:59.637+0000] {dag.py:3508} INFO - Setting next_dagrun for latest_only_with_trigger to 2023-08-07T06:43:59.637385+00:00, run_after=2023-08-07T10:43:59.637385+00:00
[2023-08-07T10:43:59.648+0000] {processor.py:179} INFO - Processing /home/airflow/.local/lib/python3.7/site-packages/airflow/example_dags/example_latest_only_with_trigger.py took 0.053 seconds
[2023-08-07T10:44:29.891+0000] {processor.py:157} INFO - Started process (PID=168) to work on /home/airflow/.local/lib/python3.7/site-packages/airflow/example_dags/example_latest_only_with_trigger.py
[2023-08-07T10:44:29.892+0000] {processor.py:826} INFO - Processing file /home/airflow/.local/lib/python3.7/site-packages/airflow/example_dags/example_latest_only_with_trigger.py for tasks to queue
[2023-08-07T10:44:29.892+0000] {logging_mixin.py:150} INFO - [2023-08-07T10:44:29.892+0000] {dagbag.py:541} INFO - Filling up the DagBag from /home/airflow/.local/lib/python3.7/site-packages/airflow/example_dags/example_latest_only_with_trigger.py
[2023-08-07T10:44:29.897+0000] {processor.py:836} INFO - DAG(s) dict_keys(['latest_only_with_trigger']) retrieved from /home/airflow/.local/lib/python3.7/site-packages/airflow/example_dags/example_latest_only_with_trigger.py
[2023-08-07T10:44:29.915+0000] {logging_mixin.py:150} INFO - [2023-08-07T10:44:29.914+0000] {dag.py:2742} INFO - Sync 1 DAGs
[2023-08-07T10:44:29.929+0000] {logging_mixin.py:150} INFO - [2023-08-07T10:44:29.929+0000] {dag.py:3508} INFO - Setting next_dagrun for latest_only_with_trigger to 2023-08-07T06:44:29.929176+00:00, run_after=2023-08-07T10:44:29.929176+00:00
[2023-08-07T10:44:29.940+0000] {processor.py:179} INFO - Processing /home/airflow/.local/lib/python3.7/site-packages/airflow/example_dags/example_latest_only_with_trigger.py took 0.052 seconds
[2023-08-07T10:45:00.248+0000] {processor.py:157} INFO - Started process (PID=225) to work on /home/airflow/.local/lib/python3.7/site-packages/airflow/example_dags/example_latest_only_with_trigger.py
[2023-08-07T10:45:00.249+0000] {processor.py:826} INFO - Processing file /home/airflow/.local/lib/python3.7/site-packages/airflow/example_dags/example_latest_only_with_trigger.py for tasks to queue
[2023-08-07T10:45:00.250+0000] {logging_mixin.py:150} INFO - [2023-08-07T10:45:00.250+0000] {dagbag.py:541} INFO - Filling up the DagBag from /home/airflow/.local/lib/python3.7/site-packages/airflow/example_dags/example_latest_only_with_trigger.py
[2023-08-07T10:45:00.255+0000] {processor.py:836} INFO - DAG(s) dict_keys(['latest_only_with_trigger']) retrieved from /home/airflow/.local/lib/python3.7/site-packages/airflow/example_dags/example_latest_only_with_trigger.py
[2023-08-07T10:45:00.273+0000] {logging_mixin.py:150} INFO - [2023-08-07T10:45:00.273+0000] {dag.py:2742} INFO - Sync 1 DAGs
[2023-08-07T10:45:00.288+0000] {logging_mixin.py:150} INFO - [2023-08-07T10:45:00.288+0000] {dag.py:3508} INFO - Setting next_dagrun for latest_only_with_trigger to 2023-08-07T06:45:00.288396+00:00, run_after=2023-08-07T10:45:00.288396+00:00
[2023-08-07T10:45:00.298+0000] {processor.py:179} INFO - Processing /home/airflow/.local/lib/python3.7/site-packages/airflow/example_dags/example_latest_only_with_trigger.py took 0.053 seconds
[2023-08-07T10:45:31.393+0000] {processor.py:157} INFO - Started process (PID=284) to work on /home/airflow/.local/lib/python3.7/site-packages/airflow/example_dags/example_latest_only_with_trigger.py
[2023-08-07T10:45:31.394+0000] {processor.py:826} INFO - Processing file /home/airflow/.local/lib/python3.7/site-packages/airflow/example_dags/example_latest_only_with_trigger.py for tasks to queue
[2023-08-07T10:45:31.395+0000] {logging_mixin.py:150} INFO - [2023-08-07T10:45:31.395+0000] {dagbag.py:541} INFO - Filling up the DagBag from /home/airflow/.local/lib/python3.7/site-packages/airflow/example_dags/example_latest_only_with_trigger.py
[2023-08-07T10:45:31.400+0000] {processor.py:836} INFO - DAG(s) dict_keys(['latest_only_with_trigger']) retrieved from /home/airflow/.local/lib/python3.7/site-packages/airflow/example_dags/example_latest_only_with_trigger.py
[2023-08-07T10:45:31.417+0000] {logging_mixin.py:150} INFO - [2023-08-07T10:45:31.416+0000] {dag.py:2742} INFO - Sync 1 DAGs
[2023-08-07T10:45:31.431+0000] {logging_mixin.py:150} INFO - [2023-08-07T10:45:31.431+0000] {dag.py:3508} INFO - Setting next_dagrun for latest_only_with_trigger to 2023-08-07T06:45:31.431127+00:00, run_after=2023-08-07T10:45:31.431127+00:00
[2023-08-07T10:45:31.440+0000] {processor.py:179} INFO - Processing /home/airflow/.local/lib/python3.7/site-packages/airflow/example_dags/example_latest_only_with_trigger.py took 0.049 seconds
[2023-08-07T10:46:01.682+0000] {processor.py:157} INFO - Started process (PID=341) to work on /home/airflow/.local/lib/python3.7/site-packages/airflow/example_dags/example_latest_only_with_trigger.py
[2023-08-07T10:46:01.683+0000] {processor.py:826} INFO - Processing file /home/airflow/.local/lib/python3.7/site-packages/airflow/example_dags/example_latest_only_with_trigger.py for tasks to queue
[2023-08-07T10:46:01.684+0000] {logging_mixin.py:150} INFO - [2023-08-07T10:46:01.684+0000] {dagbag.py:541} INFO - Filling up the DagBag from /home/airflow/.local/lib/python3.7/site-packages/airflow/example_dags/example_latest_only_with_trigger.py
[2023-08-07T10:46:01.689+0000] {processor.py:836} INFO - DAG(s) dict_keys(['latest_only_with_trigger']) retrieved from /home/airflow/.local/lib/python3.7/site-packages/airflow/example_dags/example_latest_only_with_trigger.py
[2023-08-07T10:46:01.706+0000] {logging_mixin.py:150} INFO - [2023-08-07T10:46:01.706+0000] {dag.py:2742} INFO - Sync 1 DAGs
[2023-08-07T10:46:01.721+0000] {logging_mixin.py:150} INFO - [2023-08-07T10:46:01.721+0000] {dag.py:3508} INFO - Setting next_dagrun for latest_only_with_trigger to 2023-08-07T06:46:01.720950+00:00, run_after=2023-08-07T10:46:01.720950+00:00
[2023-08-07T10:46:01.730+0000] {processor.py:179} INFO - Processing /home/airflow/.local/lib/python3.7/site-packages/airflow/example_dags/example_latest_only_with_trigger.py took 0.051 seconds
[2023-08-07T10:46:31.947+0000] {processor.py:157} INFO - Started process (PID=399) to work on /home/airflow/.local/lib/python3.7/site-packages/airflow/example_dags/example_latest_only_with_trigger.py
[2023-08-07T10:46:31.948+0000] {processor.py:826} INFO - Processing file /home/airflow/.local/lib/python3.7/site-packages/airflow/example_dags/example_latest_only_with_trigger.py for tasks to queue
[2023-08-07T10:46:31.949+0000] {logging_mixin.py:150} INFO - [2023-08-07T10:46:31.949+0000] {dagbag.py:541} INFO - Filling up the DagBag from /home/airflow/.local/lib/python3.7/site-packages/airflow/example_dags/example_latest_only_with_trigger.py
[2023-08-07T10:46:31.954+0000] {processor.py:836} INFO - DAG(s) dict_keys(['latest_only_with_trigger']) retrieved from /home/airflow/.local/lib/python3.7/site-packages/airflow/example_dags/example_latest_only_with_trigger.py
[2023-08-07T10:46:31.971+0000] {logging_mixin.py:150} INFO - [2023-08-07T10:46:31.971+0000] {dag.py:2742} INFO - Sync 1 DAGs
[2023-08-07T10:46:31.985+0000] {logging_mixin.py:150} INFO - [2023-08-07T10:46:31.985+0000] {dag.py:3508} INFO - Setting next_dagrun for latest_only_with_trigger to 2023-08-07T06:46:31.985270+00:00, run_after=2023-08-07T10:46:31.985270+00:00
[2023-08-07T10:46:31.994+0000] {processor.py:179} INFO - Processing /home/airflow/.local/lib/python3.7/site-packages/airflow/example_dags/example_latest_only_with_trigger.py took 0.050 seconds
[2023-08-07T10:47:02.269+0000] {processor.py:157} INFO - Started process (PID=458) to work on /home/airflow/.local/lib/python3.7/site-packages/airflow/example_dags/example_latest_only_with_trigger.py
[2023-08-07T10:47:02.270+0000] {processor.py:826} INFO - Processing file /home/airflow/.local/lib/python3.7/site-packages/airflow/example_dags/example_latest_only_with_trigger.py for tasks to queue
[2023-08-07T10:47:02.271+0000] {logging_mixin.py:150} INFO - [2023-08-07T10:47:02.271+0000] {dagbag.py:541} INFO - Filling up the DagBag from /home/airflow/.local/lib/python3.7/site-packages/airflow/example_dags/example_latest_only_with_trigger.py
[2023-08-07T10:47:02.276+0000] {processor.py:836} INFO - DAG(s) dict_keys(['latest_only_with_trigger']) retrieved from /home/airflow/.local/lib/python3.7/site-packages/airflow/example_dags/example_latest_only_with_trigger.py
[2023-08-07T10:47:02.293+0000] {logging_mixin.py:150} INFO - [2023-08-07T10:47:02.293+0000] {dag.py:2742} INFO - Sync 1 DAGs
[2023-08-07T10:47:02.307+0000] {logging_mixin.py:150} INFO - [2023-08-07T10:47:02.307+0000] {dag.py:3508} INFO - Setting next_dagrun for latest_only_with_trigger to 2023-08-07T06:47:02.307143+00:00, run_after=2023-08-07T10:47:02.307143+00:00
[2023-08-07T10:47:02.317+0000] {processor.py:179} INFO - Processing /home/airflow/.local/lib/python3.7/site-packages/airflow/example_dags/example_latest_only_with_trigger.py took 0.050 seconds
[2023-08-07T10:47:33.387+0000] {processor.py:157} INFO - Started process (PID=516) to work on /home/airflow/.local/lib/python3.7/site-packages/airflow/example_dags/example_latest_only_with_trigger.py
[2023-08-07T10:47:33.388+0000] {processor.py:826} INFO - Processing file /home/airflow/.local/lib/python3.7/site-packages/airflow/example_dags/example_latest_only_with_trigger.py for tasks to queue
[2023-08-07T10:47:33.389+0000] {logging_mixin.py:150} INFO - [2023-08-07T10:47:33.389+0000] {dagbag.py:541} INFO - Filling up the DagBag from /home/airflow/.local/lib/python3.7/site-packages/airflow/example_dags/example_latest_only_with_trigger.py
[2023-08-07T10:47:33.394+0000] {processor.py:836} INFO - DAG(s) dict_keys(['latest_only_with_trigger']) retrieved from /home/airflow/.local/lib/python3.7/site-packages/airflow/example_dags/example_latest_only_with_trigger.py
[2023-08-07T10:47:33.412+0000] {logging_mixin.py:150} INFO - [2023-08-07T10:47:33.412+0000] {dag.py:2742} INFO - Sync 1 DAGs
[2023-08-07T10:47:33.427+0000] {logging_mixin.py:150} INFO - [2023-08-07T10:47:33.426+0000] {dag.py:3508} INFO - Setting next_dagrun for latest_only_with_trigger to 2023-08-07T06:47:33.426755+00:00, run_after=2023-08-07T10:47:33.426755+00:00
[2023-08-07T10:47:33.438+0000] {processor.py:179} INFO - Processing /home/airflow/.local/lib/python3.7/site-packages/airflow/example_dags/example_latest_only_with_trigger.py took 0.054 seconds
[2023-08-07T10:48:03.621+0000] {processor.py:157} INFO - Started process (PID=574) to work on /home/airflow/.local/lib/python3.7/site-packages/airflow/example_dags/example_latest_only_with_trigger.py
[2023-08-07T10:48:03.622+0000] {processor.py:826} INFO - Processing file /home/airflow/.local/lib/python3.7/site-packages/airflow/example_dags/example_latest_only_with_trigger.py for tasks to queue
[2023-08-07T10:48:03.623+0000] {logging_mixin.py:150} INFO - [2023-08-07T10:48:03.623+0000] {dagbag.py:541} INFO - Filling up the DagBag from /home/airflow/.local/lib/python3.7/site-packages/airflow/example_dags/example_latest_only_with_trigger.py
[2023-08-07T10:48:03.628+0000] {processor.py:836} INFO - DAG(s) dict_keys(['latest_only_with_trigger']) retrieved from /home/airflow/.local/lib/python3.7/site-packages/airflow/example_dags/example_latest_only_with_trigger.py
[2023-08-07T10:48:03.645+0000] {logging_mixin.py:150} INFO - [2023-08-07T10:48:03.645+0000] {dag.py:2742} INFO - Sync 1 DAGs
[2023-08-07T10:48:03.659+0000] {logging_mixin.py:150} INFO - [2023-08-07T10:48:03.659+0000] {dag.py:3508} INFO - Setting next_dagrun for latest_only_with_trigger to 2023-08-07T06:48:03.659228+00:00, run_after=2023-08-07T10:48:03.659228+00:00
[2023-08-07T10:48:03.669+0000] {processor.py:179} INFO - Processing /home/airflow/.local/lib/python3.7/site-packages/airflow/example_dags/example_latest_only_with_trigger.py took 0.050 seconds
[2023-08-07T10:48:34.050+0000] {processor.py:157} INFO - Started process (PID=632) to work on /home/airflow/.local/lib/python3.7/site-packages/airflow/example_dags/example_latest_only_with_trigger.py
[2023-08-07T10:48:34.051+0000] {processor.py:826} INFO - Processing file /home/airflow/.local/lib/python3.7/site-packages/airflow/example_dags/example_latest_only_with_trigger.py for tasks to queue
[2023-08-07T10:48:34.052+0000] {logging_mixin.py:150} INFO - [2023-08-07T10:48:34.052+0000] {dagbag.py:541} INFO - Filling up the DagBag from /home/airflow/.local/lib/python3.7/site-packages/airflow/example_dags/example_latest_only_with_trigger.py
[2023-08-07T10:48:34.057+0000] {processor.py:836} INFO - DAG(s) dict_keys(['latest_only_with_trigger']) retrieved from /home/airflow/.local/lib/python3.7/site-packages/airflow/example_dags/example_latest_only_with_trigger.py
[2023-08-07T10:48:34.074+0000] {logging_mixin.py:150} INFO - [2023-08-07T10:48:34.074+0000] {dag.py:2742} INFO - Sync 1 DAGs
[2023-08-07T10:48:34.088+0000] {logging_mixin.py:150} INFO - [2023-08-07T10:48:34.088+0000] {dag.py:3508} INFO - Setting next_dagrun for latest_only_with_trigger to 2023-08-07T06:48:34.088195+00:00, run_after=2023-08-07T10:48:34.088195+00:00
[2023-08-07T10:48:34.097+0000] {processor.py:179} INFO - Processing /home/airflow/.local/lib/python3.7/site-packages/airflow/example_dags/example_latest_only_with_trigger.py took 0.049 seconds
