[2023-08-07T10:43:33.988+0000] {processor.py:157} INFO - Started process (PID=58) to work on /home/airflow/.local/lib/python3.7/site-packages/airflow/example_dags/example_bash_operator.py
[2023-08-07T10:43:33.990+0000] {processor.py:826} INFO - Processing file /home/airflow/.local/lib/python3.7/site-packages/airflow/example_dags/example_bash_operator.py for tasks to queue
[2023-08-07T10:43:33.992+0000] {logging_mixin.py:150} INFO - [2023-08-07T10:43:33.992+0000] {dagbag.py:541} INFO - Filling up the DagBag from /home/airflow/.local/lib/python3.7/site-packages/airflow/example_dags/example_bash_operator.py
[2023-08-07T10:43:34.008+0000] {processor.py:836} INFO - DAG(s) dict_keys(['example_bash_operator']) retrieved from /home/airflow/.local/lib/python3.7/site-packages/airflow/example_dags/example_bash_operator.py
[2023-08-07T10:43:34.136+0000] {logging_mixin.py:150} INFO - [2023-08-07T10:43:34.135+0000] {manager.py:504} INFO - Created Permission View: can edit on DAG:example_bash_operator
[2023-08-07T10:43:34.144+0000] {logging_mixin.py:150} INFO - [2023-08-07T10:43:34.143+0000] {manager.py:504} INFO - Created Permission View: can delete on DAG:example_bash_operator
[2023-08-07T10:43:34.149+0000] {logging_mixin.py:150} INFO - [2023-08-07T10:43:34.149+0000] {manager.py:504} INFO - Created Permission View: can read on DAG:example_bash_operator
[2023-08-07T10:43:34.158+0000] {logging_mixin.py:150} INFO - [2023-08-07T10:43:34.158+0000] {dag.py:2742} INFO - Sync 1 DAGs
[2023-08-07T10:43:34.165+0000] {logging_mixin.py:150} INFO - [2023-08-07T10:43:34.165+0000] {dag.py:2763} INFO - Creating ORM DAG for example_bash_operator
[2023-08-07T10:43:34.172+0000] {logging_mixin.py:150} INFO - [2023-08-07T10:43:34.172+0000] {dag.py:3508} INFO - Setting next_dagrun for example_bash_operator to 2023-08-06T00:00:00+00:00, run_after=2023-08-07T00:00:00+00:00
[2023-08-07T10:43:34.183+0000] {processor.py:179} INFO - Processing /home/airflow/.local/lib/python3.7/site-packages/airflow/example_dags/example_bash_operator.py took 0.203 seconds
[2023-08-07T10:44:04.920+0000] {processor.py:157} INFO - Started process (PID=116) to work on /home/airflow/.local/lib/python3.7/site-packages/airflow/example_dags/example_bash_operator.py
[2023-08-07T10:44:04.921+0000] {processor.py:826} INFO - Processing file /home/airflow/.local/lib/python3.7/site-packages/airflow/example_dags/example_bash_operator.py for tasks to queue
[2023-08-07T10:44:04.922+0000] {logging_mixin.py:150} INFO - [2023-08-07T10:44:04.922+0000] {dagbag.py:541} INFO - Filling up the DagBag from /home/airflow/.local/lib/python3.7/site-packages/airflow/example_dags/example_bash_operator.py
[2023-08-07T10:44:04.931+0000] {processor.py:836} INFO - DAG(s) dict_keys(['example_bash_operator']) retrieved from /home/airflow/.local/lib/python3.7/site-packages/airflow/example_dags/example_bash_operator.py
[2023-08-07T10:44:04.953+0000] {logging_mixin.py:150} INFO - [2023-08-07T10:44:04.953+0000] {dag.py:2742} INFO - Sync 1 DAGs
[2023-08-07T10:44:04.968+0000] {logging_mixin.py:150} INFO - [2023-08-07T10:44:04.968+0000] {dag.py:3508} INFO - Setting next_dagrun for example_bash_operator to 2023-08-06T00:00:00+00:00, run_after=2023-08-07T00:00:00+00:00
[2023-08-07T10:44:04.977+0000] {processor.py:179} INFO - Processing /home/airflow/.local/lib/python3.7/site-packages/airflow/example_dags/example_bash_operator.py took 0.060 seconds
[2023-08-07T10:44:35.306+0000] {processor.py:157} INFO - Started process (PID=174) to work on /home/airflow/.local/lib/python3.7/site-packages/airflow/example_dags/example_bash_operator.py
[2023-08-07T10:44:35.307+0000] {processor.py:826} INFO - Processing file /home/airflow/.local/lib/python3.7/site-packages/airflow/example_dags/example_bash_operator.py for tasks to queue
[2023-08-07T10:44:35.308+0000] {logging_mixin.py:150} INFO - [2023-08-07T10:44:35.308+0000] {dagbag.py:541} INFO - Filling up the DagBag from /home/airflow/.local/lib/python3.7/site-packages/airflow/example_dags/example_bash_operator.py
[2023-08-07T10:44:35.318+0000] {processor.py:836} INFO - DAG(s) dict_keys(['example_bash_operator']) retrieved from /home/airflow/.local/lib/python3.7/site-packages/airflow/example_dags/example_bash_operator.py
[2023-08-07T10:44:35.340+0000] {logging_mixin.py:150} INFO - [2023-08-07T10:44:35.340+0000] {dag.py:2742} INFO - Sync 1 DAGs
[2023-08-07T10:44:35.355+0000] {logging_mixin.py:150} INFO - [2023-08-07T10:44:35.355+0000] {dag.py:3508} INFO - Setting next_dagrun for example_bash_operator to 2023-08-06T00:00:00+00:00, run_after=2023-08-07T00:00:00+00:00
[2023-08-07T10:44:35.367+0000] {processor.py:179} INFO - Processing /home/airflow/.local/lib/python3.7/site-packages/airflow/example_dags/example_bash_operator.py took 0.064 seconds
[2023-08-07T10:45:05.625+0000] {processor.py:157} INFO - Started process (PID=232) to work on /home/airflow/.local/lib/python3.7/site-packages/airflow/example_dags/example_bash_operator.py
[2023-08-07T10:45:05.626+0000] {processor.py:826} INFO - Processing file /home/airflow/.local/lib/python3.7/site-packages/airflow/example_dags/example_bash_operator.py for tasks to queue
[2023-08-07T10:45:05.626+0000] {logging_mixin.py:150} INFO - [2023-08-07T10:45:05.626+0000] {dagbag.py:541} INFO - Filling up the DagBag from /home/airflow/.local/lib/python3.7/site-packages/airflow/example_dags/example_bash_operator.py
[2023-08-07T10:45:05.636+0000] {processor.py:836} INFO - DAG(s) dict_keys(['example_bash_operator']) retrieved from /home/airflow/.local/lib/python3.7/site-packages/airflow/example_dags/example_bash_operator.py
[2023-08-07T10:45:05.658+0000] {logging_mixin.py:150} INFO - [2023-08-07T10:45:05.658+0000] {dag.py:2742} INFO - Sync 1 DAGs
[2023-08-07T10:45:05.673+0000] {logging_mixin.py:150} INFO - [2023-08-07T10:45:05.673+0000] {dag.py:3508} INFO - Setting next_dagrun for example_bash_operator to 2023-08-06T00:00:00+00:00, run_after=2023-08-07T00:00:00+00:00
[2023-08-07T10:45:05.682+0000] {processor.py:179} INFO - Processing /home/airflow/.local/lib/python3.7/site-packages/airflow/example_dags/example_bash_operator.py took 0.060 seconds
[2023-08-07T10:45:35.817+0000] {processor.py:157} INFO - Started process (PID=290) to work on /home/airflow/.local/lib/python3.7/site-packages/airflow/example_dags/example_bash_operator.py
[2023-08-07T10:45:35.818+0000] {processor.py:826} INFO - Processing file /home/airflow/.local/lib/python3.7/site-packages/airflow/example_dags/example_bash_operator.py for tasks to queue
[2023-08-07T10:45:35.819+0000] {logging_mixin.py:150} INFO - [2023-08-07T10:45:35.819+0000] {dagbag.py:541} INFO - Filling up the DagBag from /home/airflow/.local/lib/python3.7/site-packages/airflow/example_dags/example_bash_operator.py
[2023-08-07T10:45:35.828+0000] {processor.py:836} INFO - DAG(s) dict_keys(['example_bash_operator']) retrieved from /home/airflow/.local/lib/python3.7/site-packages/airflow/example_dags/example_bash_operator.py
[2023-08-07T10:45:35.850+0000] {logging_mixin.py:150} INFO - [2023-08-07T10:45:35.850+0000] {dag.py:2742} INFO - Sync 1 DAGs
[2023-08-07T10:45:35.864+0000] {logging_mixin.py:150} INFO - [2023-08-07T10:45:35.864+0000] {dag.py:3508} INFO - Setting next_dagrun for example_bash_operator to 2023-08-06T00:00:00+00:00, run_after=2023-08-07T00:00:00+00:00
[2023-08-07T10:45:35.874+0000] {processor.py:179} INFO - Processing /home/airflow/.local/lib/python3.7/site-packages/airflow/example_dags/example_bash_operator.py took 0.059 seconds
[2023-08-07T10:46:05.956+0000] {processor.py:157} INFO - Started process (PID=348) to work on /home/airflow/.local/lib/python3.7/site-packages/airflow/example_dags/example_bash_operator.py
[2023-08-07T10:46:05.957+0000] {processor.py:826} INFO - Processing file /home/airflow/.local/lib/python3.7/site-packages/airflow/example_dags/example_bash_operator.py for tasks to queue
[2023-08-07T10:46:05.957+0000] {logging_mixin.py:150} INFO - [2023-08-07T10:46:05.957+0000] {dagbag.py:541} INFO - Filling up the DagBag from /home/airflow/.local/lib/python3.7/site-packages/airflow/example_dags/example_bash_operator.py
[2023-08-07T10:46:05.967+0000] {processor.py:836} INFO - DAG(s) dict_keys(['example_bash_operator']) retrieved from /home/airflow/.local/lib/python3.7/site-packages/airflow/example_dags/example_bash_operator.py
[2023-08-07T10:46:05.989+0000] {logging_mixin.py:150} INFO - [2023-08-07T10:46:05.989+0000] {dag.py:2742} INFO - Sync 1 DAGs
[2023-08-07T10:46:06.002+0000] {logging_mixin.py:150} INFO - [2023-08-07T10:46:06.002+0000] {dag.py:3508} INFO - Setting next_dagrun for example_bash_operator to 2023-08-06T00:00:00+00:00, run_after=2023-08-07T00:00:00+00:00
[2023-08-07T10:46:06.012+0000] {processor.py:179} INFO - Processing /home/airflow/.local/lib/python3.7/site-packages/airflow/example_dags/example_bash_operator.py took 0.059 seconds
[2023-08-07T10:46:36.353+0000] {processor.py:157} INFO - Started process (PID=406) to work on /home/airflow/.local/lib/python3.7/site-packages/airflow/example_dags/example_bash_operator.py
[2023-08-07T10:46:36.354+0000] {processor.py:826} INFO - Processing file /home/airflow/.local/lib/python3.7/site-packages/airflow/example_dags/example_bash_operator.py for tasks to queue
[2023-08-07T10:46:36.355+0000] {logging_mixin.py:150} INFO - [2023-08-07T10:46:36.355+0000] {dagbag.py:541} INFO - Filling up the DagBag from /home/airflow/.local/lib/python3.7/site-packages/airflow/example_dags/example_bash_operator.py
[2023-08-07T10:46:36.364+0000] {processor.py:836} INFO - DAG(s) dict_keys(['example_bash_operator']) retrieved from /home/airflow/.local/lib/python3.7/site-packages/airflow/example_dags/example_bash_operator.py
[2023-08-07T10:46:36.387+0000] {logging_mixin.py:150} INFO - [2023-08-07T10:46:36.387+0000] {dag.py:2742} INFO - Sync 1 DAGs
[2023-08-07T10:46:36.401+0000] {logging_mixin.py:150} INFO - [2023-08-07T10:46:36.401+0000] {dag.py:3508} INFO - Setting next_dagrun for example_bash_operator to 2023-08-06T00:00:00+00:00, run_after=2023-08-07T00:00:00+00:00
[2023-08-07T10:46:36.411+0000] {processor.py:179} INFO - Processing /home/airflow/.local/lib/python3.7/site-packages/airflow/example_dags/example_bash_operator.py took 0.060 seconds
[2023-08-07T10:47:06.647+0000] {processor.py:157} INFO - Started process (PID=464) to work on /home/airflow/.local/lib/python3.7/site-packages/airflow/example_dags/example_bash_operator.py
[2023-08-07T10:47:06.648+0000] {processor.py:826} INFO - Processing file /home/airflow/.local/lib/python3.7/site-packages/airflow/example_dags/example_bash_operator.py for tasks to queue
[2023-08-07T10:47:06.649+0000] {logging_mixin.py:150} INFO - [2023-08-07T10:47:06.649+0000] {dagbag.py:541} INFO - Filling up the DagBag from /home/airflow/.local/lib/python3.7/site-packages/airflow/example_dags/example_bash_operator.py
[2023-08-07T10:47:06.660+0000] {processor.py:836} INFO - DAG(s) dict_keys(['example_bash_operator']) retrieved from /home/airflow/.local/lib/python3.7/site-packages/airflow/example_dags/example_bash_operator.py
[2023-08-07T10:47:06.683+0000] {logging_mixin.py:150} INFO - [2023-08-07T10:47:06.683+0000] {dag.py:2742} INFO - Sync 1 DAGs
[2023-08-07T10:47:06.698+0000] {logging_mixin.py:150} INFO - [2023-08-07T10:47:06.698+0000] {dag.py:3508} INFO - Setting next_dagrun for example_bash_operator to 2023-08-06T00:00:00+00:00, run_after=2023-08-07T00:00:00+00:00
[2023-08-07T10:47:06.707+0000] {processor.py:179} INFO - Processing /home/airflow/.local/lib/python3.7/site-packages/airflow/example_dags/example_bash_operator.py took 0.062 seconds
[2023-08-07T10:47:37.753+0000] {processor.py:157} INFO - Started process (PID=522) to work on /home/airflow/.local/lib/python3.7/site-packages/airflow/example_dags/example_bash_operator.py
[2023-08-07T10:47:37.754+0000] {processor.py:826} INFO - Processing file /home/airflow/.local/lib/python3.7/site-packages/airflow/example_dags/example_bash_operator.py for tasks to queue
[2023-08-07T10:47:37.755+0000] {logging_mixin.py:150} INFO - [2023-08-07T10:47:37.755+0000] {dagbag.py:541} INFO - Filling up the DagBag from /home/airflow/.local/lib/python3.7/site-packages/airflow/example_dags/example_bash_operator.py
[2023-08-07T10:47:37.764+0000] {processor.py:836} INFO - DAG(s) dict_keys(['example_bash_operator']) retrieved from /home/airflow/.local/lib/python3.7/site-packages/airflow/example_dags/example_bash_operator.py
[2023-08-07T10:47:37.787+0000] {logging_mixin.py:150} INFO - [2023-08-07T10:47:37.787+0000] {dag.py:2742} INFO - Sync 1 DAGs
[2023-08-07T10:47:37.802+0000] {logging_mixin.py:150} INFO - [2023-08-07T10:47:37.802+0000] {dag.py:3508} INFO - Setting next_dagrun for example_bash_operator to 2023-08-06T00:00:00+00:00, run_after=2023-08-07T00:00:00+00:00
[2023-08-07T10:47:37.812+0000] {processor.py:179} INFO - Processing /home/airflow/.local/lib/python3.7/site-packages/airflow/example_dags/example_bash_operator.py took 0.062 seconds
[2023-08-07T10:48:07.982+0000] {processor.py:157} INFO - Started process (PID=580) to work on /home/airflow/.local/lib/python3.7/site-packages/airflow/example_dags/example_bash_operator.py
[2023-08-07T10:48:07.983+0000] {processor.py:826} INFO - Processing file /home/airflow/.local/lib/python3.7/site-packages/airflow/example_dags/example_bash_operator.py for tasks to queue
[2023-08-07T10:48:07.983+0000] {logging_mixin.py:150} INFO - [2023-08-07T10:48:07.983+0000] {dagbag.py:541} INFO - Filling up the DagBag from /home/airflow/.local/lib/python3.7/site-packages/airflow/example_dags/example_bash_operator.py
[2023-08-07T10:48:07.993+0000] {processor.py:836} INFO - DAG(s) dict_keys(['example_bash_operator']) retrieved from /home/airflow/.local/lib/python3.7/site-packages/airflow/example_dags/example_bash_operator.py
[2023-08-07T10:48:08.018+0000] {logging_mixin.py:150} INFO - [2023-08-07T10:48:08.018+0000] {dag.py:2742} INFO - Sync 1 DAGs
[2023-08-07T10:48:08.034+0000] {logging_mixin.py:150} INFO - [2023-08-07T10:48:08.034+0000] {dag.py:3508} INFO - Setting next_dagrun for example_bash_operator to 2023-08-06T00:00:00+00:00, run_after=2023-08-07T00:00:00+00:00
[2023-08-07T10:48:08.046+0000] {processor.py:179} INFO - Processing /home/airflow/.local/lib/python3.7/site-packages/airflow/example_dags/example_bash_operator.py took 0.067 seconds
[2023-08-07T10:48:38.356+0000] {processor.py:157} INFO - Started process (PID=638) to work on /home/airflow/.local/lib/python3.7/site-packages/airflow/example_dags/example_bash_operator.py
[2023-08-07T10:48:38.357+0000] {processor.py:826} INFO - Processing file /home/airflow/.local/lib/python3.7/site-packages/airflow/example_dags/example_bash_operator.py for tasks to queue
[2023-08-07T10:48:38.358+0000] {logging_mixin.py:150} INFO - [2023-08-07T10:48:38.358+0000] {dagbag.py:541} INFO - Filling up the DagBag from /home/airflow/.local/lib/python3.7/site-packages/airflow/example_dags/example_bash_operator.py
[2023-08-07T10:48:38.367+0000] {processor.py:836} INFO - DAG(s) dict_keys(['example_bash_operator']) retrieved from /home/airflow/.local/lib/python3.7/site-packages/airflow/example_dags/example_bash_operator.py
[2023-08-07T10:48:38.390+0000] {logging_mixin.py:150} INFO - [2023-08-07T10:48:38.390+0000] {dag.py:2742} INFO - Sync 1 DAGs
[2023-08-07T10:48:38.404+0000] {logging_mixin.py:150} INFO - [2023-08-07T10:48:38.404+0000] {dag.py:3508} INFO - Setting next_dagrun for example_bash_operator to 2023-08-06T00:00:00+00:00, run_after=2023-08-07T00:00:00+00:00
[2023-08-07T10:48:38.414+0000] {processor.py:179} INFO - Processing /home/airflow/.local/lib/python3.7/site-packages/airflow/example_dags/example_bash_operator.py took 0.060 seconds
[2023-08-07T10:49:08.633+0000] {processor.py:157} INFO - Started process (PID=697) to work on /home/airflow/.local/lib/python3.7/site-packages/airflow/example_dags/example_bash_operator.py
[2023-08-07T10:49:08.634+0000] {processor.py:826} INFO - Processing file /home/airflow/.local/lib/python3.7/site-packages/airflow/example_dags/example_bash_operator.py for tasks to queue
[2023-08-07T10:49:08.635+0000] {logging_mixin.py:150} INFO - [2023-08-07T10:49:08.635+0000] {dagbag.py:541} INFO - Filling up the DagBag from /home/airflow/.local/lib/python3.7/site-packages/airflow/example_dags/example_bash_operator.py
[2023-08-07T10:49:08.644+0000] {processor.py:836} INFO - DAG(s) dict_keys(['example_bash_operator']) retrieved from /home/airflow/.local/lib/python3.7/site-packages/airflow/example_dags/example_bash_operator.py
[2023-08-07T10:49:08.666+0000] {logging_mixin.py:150} INFO - [2023-08-07T10:49:08.666+0000] {dag.py:2742} INFO - Sync 1 DAGs
[2023-08-07T10:49:08.680+0000] {logging_mixin.py:150} INFO - [2023-08-07T10:49:08.680+0000] {dag.py:3508} INFO - Setting next_dagrun for example_bash_operator to 2023-08-06T00:00:00+00:00, run_after=2023-08-07T00:00:00+00:00
[2023-08-07T10:49:08.691+0000] {processor.py:179} INFO - Processing /home/airflow/.local/lib/python3.7/site-packages/airflow/example_dags/example_bash_operator.py took 0.060 seconds
[2023-08-07T10:49:38.804+0000] {processor.py:157} INFO - Started process (PID=755) to work on /home/airflow/.local/lib/python3.7/site-packages/airflow/example_dags/example_bash_operator.py
[2023-08-07T10:49:38.805+0000] {processor.py:826} INFO - Processing file /home/airflow/.local/lib/python3.7/site-packages/airflow/example_dags/example_bash_operator.py for tasks to queue
[2023-08-07T10:49:38.805+0000] {logging_mixin.py:150} INFO - [2023-08-07T10:49:38.805+0000] {dagbag.py:541} INFO - Filling up the DagBag from /home/airflow/.local/lib/python3.7/site-packages/airflow/example_dags/example_bash_operator.py
[2023-08-07T10:49:38.814+0000] {processor.py:836} INFO - DAG(s) dict_keys(['example_bash_operator']) retrieved from /home/airflow/.local/lib/python3.7/site-packages/airflow/example_dags/example_bash_operator.py
[2023-08-07T10:49:38.837+0000] {logging_mixin.py:150} INFO - [2023-08-07T10:49:38.837+0000] {dag.py:2742} INFO - Sync 1 DAGs
[2023-08-07T10:49:38.851+0000] {logging_mixin.py:150} INFO - [2023-08-07T10:49:38.851+0000] {dag.py:3508} INFO - Setting next_dagrun for example_bash_operator to 2023-08-06T00:00:00+00:00, run_after=2023-08-07T00:00:00+00:00
[2023-08-07T10:49:38.860+0000] {processor.py:179} INFO - Processing /home/airflow/.local/lib/python3.7/site-packages/airflow/example_dags/example_bash_operator.py took 0.059 seconds
[2023-08-07T10:50:09.126+0000] {processor.py:157} INFO - Started process (PID=813) to work on /home/airflow/.local/lib/python3.7/site-packages/airflow/example_dags/example_bash_operator.py
[2023-08-07T10:50:09.127+0000] {processor.py:826} INFO - Processing file /home/airflow/.local/lib/python3.7/site-packages/airflow/example_dags/example_bash_operator.py for tasks to queue
[2023-08-07T10:50:09.128+0000] {logging_mixin.py:150} INFO - [2023-08-07T10:50:09.128+0000] {dagbag.py:541} INFO - Filling up the DagBag from /home/airflow/.local/lib/python3.7/site-packages/airflow/example_dags/example_bash_operator.py
[2023-08-07T10:50:09.137+0000] {processor.py:836} INFO - DAG(s) dict_keys(['example_bash_operator']) retrieved from /home/airflow/.local/lib/python3.7/site-packages/airflow/example_dags/example_bash_operator.py
[2023-08-07T10:50:09.159+0000] {logging_mixin.py:150} INFO - [2023-08-07T10:50:09.159+0000] {dag.py:2742} INFO - Sync 1 DAGs
[2023-08-07T10:50:09.172+0000] {logging_mixin.py:150} INFO - [2023-08-07T10:50:09.172+0000] {dag.py:3508} INFO - Setting next_dagrun for example_bash_operator to 2023-08-06T00:00:00+00:00, run_after=2023-08-07T00:00:00+00:00
[2023-08-07T10:50:09.182+0000] {processor.py:179} INFO - Processing /home/airflow/.local/lib/python3.7/site-packages/airflow/example_dags/example_bash_operator.py took 0.059 seconds
[2023-08-07T10:50:39.345+0000] {processor.py:157} INFO - Started process (PID=870) to work on /home/airflow/.local/lib/python3.7/site-packages/airflow/example_dags/example_bash_operator.py
[2023-08-07T10:50:39.346+0000] {processor.py:826} INFO - Processing file /home/airflow/.local/lib/python3.7/site-packages/airflow/example_dags/example_bash_operator.py for tasks to queue
[2023-08-07T10:50:39.347+0000] {logging_mixin.py:150} INFO - [2023-08-07T10:50:39.347+0000] {dagbag.py:541} INFO - Filling up the DagBag from /home/airflow/.local/lib/python3.7/site-packages/airflow/example_dags/example_bash_operator.py
[2023-08-07T10:50:39.356+0000] {processor.py:836} INFO - DAG(s) dict_keys(['example_bash_operator']) retrieved from /home/airflow/.local/lib/python3.7/site-packages/airflow/example_dags/example_bash_operator.py
[2023-08-07T10:50:39.379+0000] {logging_mixin.py:150} INFO - [2023-08-07T10:50:39.379+0000] {dag.py:2742} INFO - Sync 1 DAGs
[2023-08-07T10:50:39.393+0000] {logging_mixin.py:150} INFO - [2023-08-07T10:50:39.393+0000] {dag.py:3508} INFO - Setting next_dagrun for example_bash_operator to 2023-08-06T00:00:00+00:00, run_after=2023-08-07T00:00:00+00:00
[2023-08-07T10:50:39.404+0000] {processor.py:179} INFO - Processing /home/airflow/.local/lib/python3.7/site-packages/airflow/example_dags/example_bash_operator.py took 0.061 seconds
[2023-08-07T10:51:09.605+0000] {processor.py:157} INFO - Started process (PID=928) to work on /home/airflow/.local/lib/python3.7/site-packages/airflow/example_dags/example_bash_operator.py
[2023-08-07T10:51:09.606+0000] {processor.py:826} INFO - Processing file /home/airflow/.local/lib/python3.7/site-packages/airflow/example_dags/example_bash_operator.py for tasks to queue
[2023-08-07T10:51:09.607+0000] {logging_mixin.py:150} INFO - [2023-08-07T10:51:09.607+0000] {dagbag.py:541} INFO - Filling up the DagBag from /home/airflow/.local/lib/python3.7/site-packages/airflow/example_dags/example_bash_operator.py
[2023-08-07T10:51:09.616+0000] {processor.py:836} INFO - DAG(s) dict_keys(['example_bash_operator']) retrieved from /home/airflow/.local/lib/python3.7/site-packages/airflow/example_dags/example_bash_operator.py
[2023-08-07T10:51:09.638+0000] {logging_mixin.py:150} INFO - [2023-08-07T10:51:09.638+0000] {dag.py:2742} INFO - Sync 1 DAGs
[2023-08-07T10:51:09.653+0000] {logging_mixin.py:150} INFO - [2023-08-07T10:51:09.653+0000] {dag.py:3508} INFO - Setting next_dagrun for example_bash_operator to 2023-08-06T00:00:00+00:00, run_after=2023-08-07T00:00:00+00:00
[2023-08-07T10:51:09.663+0000] {processor.py:179} INFO - Processing /home/airflow/.local/lib/python3.7/site-packages/airflow/example_dags/example_bash_operator.py took 0.061 seconds
[2023-08-07T10:51:39.878+0000] {processor.py:157} INFO - Started process (PID=986) to work on /home/airflow/.local/lib/python3.7/site-packages/airflow/example_dags/example_bash_operator.py
[2023-08-07T10:51:39.879+0000] {processor.py:826} INFO - Processing file /home/airflow/.local/lib/python3.7/site-packages/airflow/example_dags/example_bash_operator.py for tasks to queue
[2023-08-07T10:51:39.879+0000] {logging_mixin.py:150} INFO - [2023-08-07T10:51:39.879+0000] {dagbag.py:541} INFO - Filling up the DagBag from /home/airflow/.local/lib/python3.7/site-packages/airflow/example_dags/example_bash_operator.py
[2023-08-07T10:51:39.888+0000] {processor.py:836} INFO - DAG(s) dict_keys(['example_bash_operator']) retrieved from /home/airflow/.local/lib/python3.7/site-packages/airflow/example_dags/example_bash_operator.py
[2023-08-07T10:51:39.909+0000] {logging_mixin.py:150} INFO - [2023-08-07T10:51:39.909+0000] {dag.py:2742} INFO - Sync 1 DAGs
[2023-08-07T10:51:39.924+0000] {logging_mixin.py:150} INFO - [2023-08-07T10:51:39.924+0000] {dag.py:3508} INFO - Setting next_dagrun for example_bash_operator to 2023-08-06T00:00:00+00:00, run_after=2023-08-07T00:00:00+00:00
[2023-08-07T10:51:39.933+0000] {processor.py:179} INFO - Processing /home/airflow/.local/lib/python3.7/site-packages/airflow/example_dags/example_bash_operator.py took 0.058 seconds
[2023-08-07T10:52:10.137+0000] {processor.py:157} INFO - Started process (PID=1044) to work on /home/airflow/.local/lib/python3.7/site-packages/airflow/example_dags/example_bash_operator.py
[2023-08-07T10:52:10.138+0000] {processor.py:826} INFO - Processing file /home/airflow/.local/lib/python3.7/site-packages/airflow/example_dags/example_bash_operator.py for tasks to queue
[2023-08-07T10:52:10.138+0000] {logging_mixin.py:150} INFO - [2023-08-07T10:52:10.138+0000] {dagbag.py:541} INFO - Filling up the DagBag from /home/airflow/.local/lib/python3.7/site-packages/airflow/example_dags/example_bash_operator.py
[2023-08-07T10:52:10.147+0000] {processor.py:836} INFO - DAG(s) dict_keys(['example_bash_operator']) retrieved from /home/airflow/.local/lib/python3.7/site-packages/airflow/example_dags/example_bash_operator.py
[2023-08-07T10:52:10.169+0000] {logging_mixin.py:150} INFO - [2023-08-07T10:52:10.169+0000] {dag.py:2742} INFO - Sync 1 DAGs
[2023-08-07T10:52:10.184+0000] {logging_mixin.py:150} INFO - [2023-08-07T10:52:10.184+0000] {dag.py:3508} INFO - Setting next_dagrun for example_bash_operator to 2023-08-06T00:00:00+00:00, run_after=2023-08-07T00:00:00+00:00
[2023-08-07T10:52:10.194+0000] {processor.py:179} INFO - Processing /home/airflow/.local/lib/python3.7/site-packages/airflow/example_dags/example_bash_operator.py took 0.060 seconds
[2023-08-07T10:52:40.460+0000] {processor.py:157} INFO - Started process (PID=1102) to work on /home/airflow/.local/lib/python3.7/site-packages/airflow/example_dags/example_bash_operator.py
[2023-08-07T10:52:40.461+0000] {processor.py:826} INFO - Processing file /home/airflow/.local/lib/python3.7/site-packages/airflow/example_dags/example_bash_operator.py for tasks to queue
[2023-08-07T10:52:40.462+0000] {logging_mixin.py:150} INFO - [2023-08-07T10:52:40.462+0000] {dagbag.py:541} INFO - Filling up the DagBag from /home/airflow/.local/lib/python3.7/site-packages/airflow/example_dags/example_bash_operator.py
[2023-08-07T10:52:40.472+0000] {processor.py:836} INFO - DAG(s) dict_keys(['example_bash_operator']) retrieved from /home/airflow/.local/lib/python3.7/site-packages/airflow/example_dags/example_bash_operator.py
[2023-08-07T10:52:40.493+0000] {logging_mixin.py:150} INFO - [2023-08-07T10:52:40.493+0000] {dag.py:2742} INFO - Sync 1 DAGs
[2023-08-07T10:52:40.507+0000] {logging_mixin.py:150} INFO - [2023-08-07T10:52:40.507+0000] {dag.py:3508} INFO - Setting next_dagrun for example_bash_operator to 2023-08-06T00:00:00+00:00, run_after=2023-08-07T00:00:00+00:00
[2023-08-07T10:52:40.516+0000] {processor.py:179} INFO - Processing /home/airflow/.local/lib/python3.7/site-packages/airflow/example_dags/example_bash_operator.py took 0.059 seconds
[2023-08-07T10:53:10.666+0000] {processor.py:157} INFO - Started process (PID=1160) to work on /home/airflow/.local/lib/python3.7/site-packages/airflow/example_dags/example_bash_operator.py
[2023-08-07T10:53:10.667+0000] {processor.py:826} INFO - Processing file /home/airflow/.local/lib/python3.7/site-packages/airflow/example_dags/example_bash_operator.py for tasks to queue
[2023-08-07T10:53:10.668+0000] {logging_mixin.py:150} INFO - [2023-08-07T10:53:10.668+0000] {dagbag.py:541} INFO - Filling up the DagBag from /home/airflow/.local/lib/python3.7/site-packages/airflow/example_dags/example_bash_operator.py
[2023-08-07T10:53:10.677+0000] {processor.py:836} INFO - DAG(s) dict_keys(['example_bash_operator']) retrieved from /home/airflow/.local/lib/python3.7/site-packages/airflow/example_dags/example_bash_operator.py
[2023-08-07T10:53:10.699+0000] {logging_mixin.py:150} INFO - [2023-08-07T10:53:10.699+0000] {dag.py:2742} INFO - Sync 1 DAGs
[2023-08-07T10:53:10.714+0000] {logging_mixin.py:150} INFO - [2023-08-07T10:53:10.714+0000] {dag.py:3508} INFO - Setting next_dagrun for example_bash_operator to 2023-08-06T00:00:00+00:00, run_after=2023-08-07T00:00:00+00:00
[2023-08-07T10:53:10.724+0000] {processor.py:179} INFO - Processing /home/airflow/.local/lib/python3.7/site-packages/airflow/example_dags/example_bash_operator.py took 0.061 seconds
[2023-08-07T10:53:41.012+0000] {processor.py:157} INFO - Started process (PID=1218) to work on /home/airflow/.local/lib/python3.7/site-packages/airflow/example_dags/example_bash_operator.py
[2023-08-07T10:53:41.013+0000] {processor.py:826} INFO - Processing file /home/airflow/.local/lib/python3.7/site-packages/airflow/example_dags/example_bash_operator.py for tasks to queue
[2023-08-07T10:53:41.014+0000] {logging_mixin.py:150} INFO - [2023-08-07T10:53:41.014+0000] {dagbag.py:541} INFO - Filling up the DagBag from /home/airflow/.local/lib/python3.7/site-packages/airflow/example_dags/example_bash_operator.py
[2023-08-07T10:53:41.023+0000] {processor.py:836} INFO - DAG(s) dict_keys(['example_bash_operator']) retrieved from /home/airflow/.local/lib/python3.7/site-packages/airflow/example_dags/example_bash_operator.py
[2023-08-07T10:53:41.045+0000] {logging_mixin.py:150} INFO - [2023-08-07T10:53:41.045+0000] {dag.py:2742} INFO - Sync 1 DAGs
[2023-08-07T10:53:41.060+0000] {logging_mixin.py:150} INFO - [2023-08-07T10:53:41.060+0000] {dag.py:3508} INFO - Setting next_dagrun for example_bash_operator to 2023-08-06T00:00:00+00:00, run_after=2023-08-07T00:00:00+00:00
[2023-08-07T10:53:41.069+0000] {processor.py:179} INFO - Processing /home/airflow/.local/lib/python3.7/site-packages/airflow/example_dags/example_bash_operator.py took 0.059 seconds
[2023-08-07T10:54:11.215+0000] {processor.py:157} INFO - Started process (PID=1276) to work on /home/airflow/.local/lib/python3.7/site-packages/airflow/example_dags/example_bash_operator.py
[2023-08-07T10:54:11.215+0000] {processor.py:826} INFO - Processing file /home/airflow/.local/lib/python3.7/site-packages/airflow/example_dags/example_bash_operator.py for tasks to queue
[2023-08-07T10:54:11.216+0000] {logging_mixin.py:150} INFO - [2023-08-07T10:54:11.216+0000] {dagbag.py:541} INFO - Filling up the DagBag from /home/airflow/.local/lib/python3.7/site-packages/airflow/example_dags/example_bash_operator.py
[2023-08-07T10:54:11.226+0000] {processor.py:836} INFO - DAG(s) dict_keys(['example_bash_operator']) retrieved from /home/airflow/.local/lib/python3.7/site-packages/airflow/example_dags/example_bash_operator.py
[2023-08-07T10:54:11.248+0000] {logging_mixin.py:150} INFO - [2023-08-07T10:54:11.248+0000] {dag.py:2742} INFO - Sync 1 DAGs
[2023-08-07T10:54:11.262+0000] {logging_mixin.py:150} INFO - [2023-08-07T10:54:11.262+0000] {dag.py:3508} INFO - Setting next_dagrun for example_bash_operator to 2023-08-06T00:00:00+00:00, run_after=2023-08-07T00:00:00+00:00
[2023-08-07T10:54:11.272+0000] {processor.py:179} INFO - Processing /home/airflow/.local/lib/python3.7/site-packages/airflow/example_dags/example_bash_operator.py took 0.060 seconds
[2023-08-07T10:54:41.525+0000] {processor.py:157} INFO - Started process (PID=1334) to work on /home/airflow/.local/lib/python3.7/site-packages/airflow/example_dags/example_bash_operator.py
[2023-08-07T10:54:41.526+0000] {processor.py:826} INFO - Processing file /home/airflow/.local/lib/python3.7/site-packages/airflow/example_dags/example_bash_operator.py for tasks to queue
[2023-08-07T10:54:41.527+0000] {logging_mixin.py:150} INFO - [2023-08-07T10:54:41.527+0000] {dagbag.py:541} INFO - Filling up the DagBag from /home/airflow/.local/lib/python3.7/site-packages/airflow/example_dags/example_bash_operator.py
[2023-08-07T10:54:41.537+0000] {processor.py:836} INFO - DAG(s) dict_keys(['example_bash_operator']) retrieved from /home/airflow/.local/lib/python3.7/site-packages/airflow/example_dags/example_bash_operator.py
[2023-08-07T10:54:41.558+0000] {logging_mixin.py:150} INFO - [2023-08-07T10:54:41.558+0000] {dag.py:2742} INFO - Sync 1 DAGs
[2023-08-07T10:54:41.572+0000] {logging_mixin.py:150} INFO - [2023-08-07T10:54:41.572+0000] {dag.py:3508} INFO - Setting next_dagrun for example_bash_operator to 2023-08-06T00:00:00+00:00, run_after=2023-08-07T00:00:00+00:00
[2023-08-07T10:54:41.581+0000] {processor.py:179} INFO - Processing /home/airflow/.local/lib/python3.7/site-packages/airflow/example_dags/example_bash_operator.py took 0.058 seconds
[2023-08-07T10:55:11.782+0000] {processor.py:157} INFO - Started process (PID=1392) to work on /home/airflow/.local/lib/python3.7/site-packages/airflow/example_dags/example_bash_operator.py
[2023-08-07T10:55:11.783+0000] {processor.py:826} INFO - Processing file /home/airflow/.local/lib/python3.7/site-packages/airflow/example_dags/example_bash_operator.py for tasks to queue
[2023-08-07T10:55:11.783+0000] {logging_mixin.py:150} INFO - [2023-08-07T10:55:11.783+0000] {dagbag.py:541} INFO - Filling up the DagBag from /home/airflow/.local/lib/python3.7/site-packages/airflow/example_dags/example_bash_operator.py
[2023-08-07T10:55:11.793+0000] {processor.py:836} INFO - DAG(s) dict_keys(['example_bash_operator']) retrieved from /home/airflow/.local/lib/python3.7/site-packages/airflow/example_dags/example_bash_operator.py
[2023-08-07T10:55:11.814+0000] {logging_mixin.py:150} INFO - [2023-08-07T10:55:11.814+0000] {dag.py:2742} INFO - Sync 1 DAGs
[2023-08-07T10:55:11.829+0000] {logging_mixin.py:150} INFO - [2023-08-07T10:55:11.829+0000] {dag.py:3508} INFO - Setting next_dagrun for example_bash_operator to 2023-08-06T00:00:00+00:00, run_after=2023-08-07T00:00:00+00:00
[2023-08-07T10:55:11.838+0000] {processor.py:179} INFO - Processing /home/airflow/.local/lib/python3.7/site-packages/airflow/example_dags/example_bash_operator.py took 0.059 seconds
[2023-08-07T10:55:42.059+0000] {processor.py:157} INFO - Started process (PID=1450) to work on /home/airflow/.local/lib/python3.7/site-packages/airflow/example_dags/example_bash_operator.py
[2023-08-07T10:55:42.060+0000] {processor.py:826} INFO - Processing file /home/airflow/.local/lib/python3.7/site-packages/airflow/example_dags/example_bash_operator.py for tasks to queue
[2023-08-07T10:55:42.061+0000] {logging_mixin.py:150} INFO - [2023-08-07T10:55:42.061+0000] {dagbag.py:541} INFO - Filling up the DagBag from /home/airflow/.local/lib/python3.7/site-packages/airflow/example_dags/example_bash_operator.py
[2023-08-07T10:55:42.071+0000] {processor.py:836} INFO - DAG(s) dict_keys(['example_bash_operator']) retrieved from /home/airflow/.local/lib/python3.7/site-packages/airflow/example_dags/example_bash_operator.py
[2023-08-07T10:55:42.093+0000] {logging_mixin.py:150} INFO - [2023-08-07T10:55:42.093+0000] {dag.py:2742} INFO - Sync 1 DAGs
[2023-08-07T10:55:42.107+0000] {logging_mixin.py:150} INFO - [2023-08-07T10:55:42.106+0000] {dag.py:3508} INFO - Setting next_dagrun for example_bash_operator to 2023-08-06T00:00:00+00:00, run_after=2023-08-07T00:00:00+00:00
[2023-08-07T10:55:42.116+0000] {processor.py:179} INFO - Processing /home/airflow/.local/lib/python3.7/site-packages/airflow/example_dags/example_bash_operator.py took 0.059 seconds
[2023-08-07T10:56:12.417+0000] {processor.py:157} INFO - Started process (PID=1508) to work on /home/airflow/.local/lib/python3.7/site-packages/airflow/example_dags/example_bash_operator.py
[2023-08-07T10:56:12.418+0000] {processor.py:826} INFO - Processing file /home/airflow/.local/lib/python3.7/site-packages/airflow/example_dags/example_bash_operator.py for tasks to queue
[2023-08-07T10:56:12.419+0000] {logging_mixin.py:150} INFO - [2023-08-07T10:56:12.419+0000] {dagbag.py:541} INFO - Filling up the DagBag from /home/airflow/.local/lib/python3.7/site-packages/airflow/example_dags/example_bash_operator.py
[2023-08-07T10:56:12.428+0000] {processor.py:836} INFO - DAG(s) dict_keys(['example_bash_operator']) retrieved from /home/airflow/.local/lib/python3.7/site-packages/airflow/example_dags/example_bash_operator.py
[2023-08-07T10:56:12.450+0000] {logging_mixin.py:150} INFO - [2023-08-07T10:56:12.450+0000] {dag.py:2742} INFO - Sync 1 DAGs
[2023-08-07T10:56:12.464+0000] {logging_mixin.py:150} INFO - [2023-08-07T10:56:12.464+0000] {dag.py:3508} INFO - Setting next_dagrun for example_bash_operator to 2023-08-06T00:00:00+00:00, run_after=2023-08-07T00:00:00+00:00
[2023-08-07T10:56:12.473+0000] {processor.py:179} INFO - Processing /home/airflow/.local/lib/python3.7/site-packages/airflow/example_dags/example_bash_operator.py took 0.059 seconds
[2023-08-07T10:56:42.715+0000] {processor.py:157} INFO - Started process (PID=1566) to work on /home/airflow/.local/lib/python3.7/site-packages/airflow/example_dags/example_bash_operator.py
[2023-08-07T10:56:42.716+0000] {processor.py:826} INFO - Processing file /home/airflow/.local/lib/python3.7/site-packages/airflow/example_dags/example_bash_operator.py for tasks to queue
[2023-08-07T10:56:42.717+0000] {logging_mixin.py:150} INFO - [2023-08-07T10:56:42.717+0000] {dagbag.py:541} INFO - Filling up the DagBag from /home/airflow/.local/lib/python3.7/site-packages/airflow/example_dags/example_bash_operator.py
[2023-08-07T10:56:42.727+0000] {processor.py:836} INFO - DAG(s) dict_keys(['example_bash_operator']) retrieved from /home/airflow/.local/lib/python3.7/site-packages/airflow/example_dags/example_bash_operator.py
[2023-08-07T10:56:42.750+0000] {logging_mixin.py:150} INFO - [2023-08-07T10:56:42.750+0000] {dag.py:2742} INFO - Sync 1 DAGs
[2023-08-07T10:56:42.767+0000] {logging_mixin.py:150} INFO - [2023-08-07T10:56:42.766+0000] {dag.py:3508} INFO - Setting next_dagrun for example_bash_operator to 2023-08-06T00:00:00+00:00, run_after=2023-08-07T00:00:00+00:00
[2023-08-07T10:56:42.779+0000] {processor.py:179} INFO - Processing /home/airflow/.local/lib/python3.7/site-packages/airflow/example_dags/example_bash_operator.py took 0.066 seconds
[2023-08-07T10:57:13.085+0000] {processor.py:157} INFO - Started process (PID=1623) to work on /home/airflow/.local/lib/python3.7/site-packages/airflow/example_dags/example_bash_operator.py
[2023-08-07T10:57:13.086+0000] {processor.py:826} INFO - Processing file /home/airflow/.local/lib/python3.7/site-packages/airflow/example_dags/example_bash_operator.py for tasks to queue
[2023-08-07T10:57:13.086+0000] {logging_mixin.py:150} INFO - [2023-08-07T10:57:13.086+0000] {dagbag.py:541} INFO - Filling up the DagBag from /home/airflow/.local/lib/python3.7/site-packages/airflow/example_dags/example_bash_operator.py
[2023-08-07T10:57:13.096+0000] {processor.py:836} INFO - DAG(s) dict_keys(['example_bash_operator']) retrieved from /home/airflow/.local/lib/python3.7/site-packages/airflow/example_dags/example_bash_operator.py
[2023-08-07T10:57:13.117+0000] {logging_mixin.py:150} INFO - [2023-08-07T10:57:13.117+0000] {dag.py:2742} INFO - Sync 1 DAGs
[2023-08-07T10:57:13.131+0000] {logging_mixin.py:150} INFO - [2023-08-07T10:57:13.131+0000] {dag.py:3508} INFO - Setting next_dagrun for example_bash_operator to 2023-08-06T00:00:00+00:00, run_after=2023-08-07T00:00:00+00:00
[2023-08-07T10:57:13.141+0000] {processor.py:179} INFO - Processing /home/airflow/.local/lib/python3.7/site-packages/airflow/example_dags/example_bash_operator.py took 0.059 seconds
[2023-08-07T10:57:43.397+0000] {processor.py:157} INFO - Started process (PID=1681) to work on /home/airflow/.local/lib/python3.7/site-packages/airflow/example_dags/example_bash_operator.py
[2023-08-07T10:57:43.398+0000] {processor.py:826} INFO - Processing file /home/airflow/.local/lib/python3.7/site-packages/airflow/example_dags/example_bash_operator.py for tasks to queue
[2023-08-07T10:57:43.399+0000] {logging_mixin.py:150} INFO - [2023-08-07T10:57:43.398+0000] {dagbag.py:541} INFO - Filling up the DagBag from /home/airflow/.local/lib/python3.7/site-packages/airflow/example_dags/example_bash_operator.py
[2023-08-07T10:57:43.408+0000] {processor.py:836} INFO - DAG(s) dict_keys(['example_bash_operator']) retrieved from /home/airflow/.local/lib/python3.7/site-packages/airflow/example_dags/example_bash_operator.py
[2023-08-07T10:57:43.430+0000] {logging_mixin.py:150} INFO - [2023-08-07T10:57:43.430+0000] {dag.py:2742} INFO - Sync 1 DAGs
[2023-08-07T10:57:43.445+0000] {logging_mixin.py:150} INFO - [2023-08-07T10:57:43.445+0000] {dag.py:3508} INFO - Setting next_dagrun for example_bash_operator to 2023-08-06T00:00:00+00:00, run_after=2023-08-07T00:00:00+00:00
[2023-08-07T10:57:43.455+0000] {processor.py:179} INFO - Processing /home/airflow/.local/lib/python3.7/site-packages/airflow/example_dags/example_bash_operator.py took 0.061 seconds
[2023-08-07T10:58:13.623+0000] {processor.py:157} INFO - Started process (PID=1739) to work on /home/airflow/.local/lib/python3.7/site-packages/airflow/example_dags/example_bash_operator.py
[2023-08-07T10:58:13.624+0000] {processor.py:826} INFO - Processing file /home/airflow/.local/lib/python3.7/site-packages/airflow/example_dags/example_bash_operator.py for tasks to queue
[2023-08-07T10:58:13.625+0000] {logging_mixin.py:150} INFO - [2023-08-07T10:58:13.625+0000] {dagbag.py:541} INFO - Filling up the DagBag from /home/airflow/.local/lib/python3.7/site-packages/airflow/example_dags/example_bash_operator.py
[2023-08-07T10:58:13.635+0000] {processor.py:836} INFO - DAG(s) dict_keys(['example_bash_operator']) retrieved from /home/airflow/.local/lib/python3.7/site-packages/airflow/example_dags/example_bash_operator.py
[2023-08-07T10:58:13.658+0000] {logging_mixin.py:150} INFO - [2023-08-07T10:58:13.657+0000] {dag.py:2742} INFO - Sync 1 DAGs
[2023-08-07T10:58:13.673+0000] {logging_mixin.py:150} INFO - [2023-08-07T10:58:13.673+0000] {dag.py:3508} INFO - Setting next_dagrun for example_bash_operator to 2023-08-06T00:00:00+00:00, run_after=2023-08-07T00:00:00+00:00
[2023-08-07T10:58:13.682+0000] {processor.py:179} INFO - Processing /home/airflow/.local/lib/python3.7/site-packages/airflow/example_dags/example_bash_operator.py took 0.062 seconds
[2023-08-07T10:58:43.956+0000] {processor.py:157} INFO - Started process (PID=1798) to work on /home/airflow/.local/lib/python3.7/site-packages/airflow/example_dags/example_bash_operator.py
[2023-08-07T10:58:43.957+0000] {processor.py:826} INFO - Processing file /home/airflow/.local/lib/python3.7/site-packages/airflow/example_dags/example_bash_operator.py for tasks to queue
[2023-08-07T10:58:43.958+0000] {logging_mixin.py:150} INFO - [2023-08-07T10:58:43.958+0000] {dagbag.py:541} INFO - Filling up the DagBag from /home/airflow/.local/lib/python3.7/site-packages/airflow/example_dags/example_bash_operator.py
[2023-08-07T10:58:43.967+0000] {processor.py:836} INFO - DAG(s) dict_keys(['example_bash_operator']) retrieved from /home/airflow/.local/lib/python3.7/site-packages/airflow/example_dags/example_bash_operator.py
[2023-08-07T10:58:43.989+0000] {logging_mixin.py:150} INFO - [2023-08-07T10:58:43.989+0000] {dag.py:2742} INFO - Sync 1 DAGs
[2023-08-07T10:58:44.004+0000] {logging_mixin.py:150} INFO - [2023-08-07T10:58:44.004+0000] {dag.py:3508} INFO - Setting next_dagrun for example_bash_operator to 2023-08-06T00:00:00+00:00, run_after=2023-08-07T00:00:00+00:00
[2023-08-07T10:58:44.014+0000] {processor.py:179} INFO - Processing /home/airflow/.local/lib/python3.7/site-packages/airflow/example_dags/example_bash_operator.py took 0.060 seconds
[2023-08-07T10:59:14.205+0000] {processor.py:157} INFO - Started process (PID=1856) to work on /home/airflow/.local/lib/python3.7/site-packages/airflow/example_dags/example_bash_operator.py
[2023-08-07T10:59:14.206+0000] {processor.py:826} INFO - Processing file /home/airflow/.local/lib/python3.7/site-packages/airflow/example_dags/example_bash_operator.py for tasks to queue
[2023-08-07T10:59:14.206+0000] {logging_mixin.py:150} INFO - [2023-08-07T10:59:14.206+0000] {dagbag.py:541} INFO - Filling up the DagBag from /home/airflow/.local/lib/python3.7/site-packages/airflow/example_dags/example_bash_operator.py
[2023-08-07T10:59:14.216+0000] {processor.py:836} INFO - DAG(s) dict_keys(['example_bash_operator']) retrieved from /home/airflow/.local/lib/python3.7/site-packages/airflow/example_dags/example_bash_operator.py
[2023-08-07T10:59:14.238+0000] {logging_mixin.py:150} INFO - [2023-08-07T10:59:14.238+0000] {dag.py:2742} INFO - Sync 1 DAGs
[2023-08-07T10:59:14.252+0000] {logging_mixin.py:150} INFO - [2023-08-07T10:59:14.252+0000] {dag.py:3508} INFO - Setting next_dagrun for example_bash_operator to 2023-08-06T00:00:00+00:00, run_after=2023-08-07T00:00:00+00:00
[2023-08-07T10:59:14.262+0000] {processor.py:179} INFO - Processing /home/airflow/.local/lib/python3.7/site-packages/airflow/example_dags/example_bash_operator.py took 0.059 seconds
[2023-08-07T10:59:44.555+0000] {processor.py:157} INFO - Started process (PID=1914) to work on /home/airflow/.local/lib/python3.7/site-packages/airflow/example_dags/example_bash_operator.py
[2023-08-07T10:59:44.556+0000] {processor.py:826} INFO - Processing file /home/airflow/.local/lib/python3.7/site-packages/airflow/example_dags/example_bash_operator.py for tasks to queue
[2023-08-07T10:59:44.557+0000] {logging_mixin.py:150} INFO - [2023-08-07T10:59:44.557+0000] {dagbag.py:541} INFO - Filling up the DagBag from /home/airflow/.local/lib/python3.7/site-packages/airflow/example_dags/example_bash_operator.py
[2023-08-07T10:59:44.565+0000] {processor.py:836} INFO - DAG(s) dict_keys(['example_bash_operator']) retrieved from /home/airflow/.local/lib/python3.7/site-packages/airflow/example_dags/example_bash_operator.py
[2023-08-07T10:59:44.587+0000] {logging_mixin.py:150} INFO - [2023-08-07T10:59:44.587+0000] {dag.py:2742} INFO - Sync 1 DAGs
[2023-08-07T10:59:44.602+0000] {logging_mixin.py:150} INFO - [2023-08-07T10:59:44.602+0000] {dag.py:3508} INFO - Setting next_dagrun for example_bash_operator to 2023-08-06T00:00:00+00:00, run_after=2023-08-07T00:00:00+00:00
[2023-08-07T10:59:44.612+0000] {processor.py:179} INFO - Processing /home/airflow/.local/lib/python3.7/site-packages/airflow/example_dags/example_bash_operator.py took 0.060 seconds
[2023-08-07T11:00:14.747+0000] {processor.py:157} INFO - Started process (PID=1972) to work on /home/airflow/.local/lib/python3.7/site-packages/airflow/example_dags/example_bash_operator.py
[2023-08-07T11:00:14.748+0000] {processor.py:826} INFO - Processing file /home/airflow/.local/lib/python3.7/site-packages/airflow/example_dags/example_bash_operator.py for tasks to queue
[2023-08-07T11:00:14.749+0000] {logging_mixin.py:150} INFO - [2023-08-07T11:00:14.749+0000] {dagbag.py:541} INFO - Filling up the DagBag from /home/airflow/.local/lib/python3.7/site-packages/airflow/example_dags/example_bash_operator.py
[2023-08-07T11:00:14.758+0000] {processor.py:836} INFO - DAG(s) dict_keys(['example_bash_operator']) retrieved from /home/airflow/.local/lib/python3.7/site-packages/airflow/example_dags/example_bash_operator.py
[2023-08-07T11:00:14.780+0000] {logging_mixin.py:150} INFO - [2023-08-07T11:00:14.780+0000] {dag.py:2742} INFO - Sync 1 DAGs
[2023-08-07T11:00:14.795+0000] {logging_mixin.py:150} INFO - [2023-08-07T11:00:14.794+0000] {dag.py:3508} INFO - Setting next_dagrun for example_bash_operator to 2023-08-06T00:00:00+00:00, run_after=2023-08-07T00:00:00+00:00
[2023-08-07T11:00:14.804+0000] {processor.py:179} INFO - Processing /home/airflow/.local/lib/python3.7/site-packages/airflow/example_dags/example_bash_operator.py took 0.060 seconds
[2023-08-07T11:00:45.139+0000] {processor.py:157} INFO - Started process (PID=2030) to work on /home/airflow/.local/lib/python3.7/site-packages/airflow/example_dags/example_bash_operator.py
[2023-08-07T11:00:45.140+0000] {processor.py:826} INFO - Processing file /home/airflow/.local/lib/python3.7/site-packages/airflow/example_dags/example_bash_operator.py for tasks to queue
[2023-08-07T11:00:45.141+0000] {logging_mixin.py:150} INFO - [2023-08-07T11:00:45.141+0000] {dagbag.py:541} INFO - Filling up the DagBag from /home/airflow/.local/lib/python3.7/site-packages/airflow/example_dags/example_bash_operator.py
[2023-08-07T11:00:45.150+0000] {processor.py:836} INFO - DAG(s) dict_keys(['example_bash_operator']) retrieved from /home/airflow/.local/lib/python3.7/site-packages/airflow/example_dags/example_bash_operator.py
[2023-08-07T11:00:45.172+0000] {logging_mixin.py:150} INFO - [2023-08-07T11:00:45.172+0000] {dag.py:2742} INFO - Sync 1 DAGs
[2023-08-07T11:00:45.187+0000] {logging_mixin.py:150} INFO - [2023-08-07T11:00:45.187+0000] {dag.py:3508} INFO - Setting next_dagrun for example_bash_operator to 2023-08-06T00:00:00+00:00, run_after=2023-08-07T00:00:00+00:00
[2023-08-07T11:00:45.197+0000] {processor.py:179} INFO - Processing /home/airflow/.local/lib/python3.7/site-packages/airflow/example_dags/example_bash_operator.py took 0.061 seconds
[2023-08-07T11:01:15.530+0000] {processor.py:157} INFO - Started process (PID=2088) to work on /home/airflow/.local/lib/python3.7/site-packages/airflow/example_dags/example_bash_operator.py
[2023-08-07T11:01:15.531+0000] {processor.py:826} INFO - Processing file /home/airflow/.local/lib/python3.7/site-packages/airflow/example_dags/example_bash_operator.py for tasks to queue
[2023-08-07T11:01:15.532+0000] {logging_mixin.py:150} INFO - [2023-08-07T11:01:15.532+0000] {dagbag.py:541} INFO - Filling up the DagBag from /home/airflow/.local/lib/python3.7/site-packages/airflow/example_dags/example_bash_operator.py
[2023-08-07T11:01:15.541+0000] {processor.py:836} INFO - DAG(s) dict_keys(['example_bash_operator']) retrieved from /home/airflow/.local/lib/python3.7/site-packages/airflow/example_dags/example_bash_operator.py
[2023-08-07T11:01:15.562+0000] {logging_mixin.py:150} INFO - [2023-08-07T11:01:15.562+0000] {dag.py:2742} INFO - Sync 1 DAGs
[2023-08-07T11:01:15.576+0000] {logging_mixin.py:150} INFO - [2023-08-07T11:01:15.576+0000] {dag.py:3508} INFO - Setting next_dagrun for example_bash_operator to 2023-08-06T00:00:00+00:00, run_after=2023-08-07T00:00:00+00:00
[2023-08-07T11:01:15.586+0000] {processor.py:179} INFO - Processing /home/airflow/.local/lib/python3.7/site-packages/airflow/example_dags/example_bash_operator.py took 0.059 seconds
[2023-08-07T11:01:45.877+0000] {processor.py:157} INFO - Started process (PID=2146) to work on /home/airflow/.local/lib/python3.7/site-packages/airflow/example_dags/example_bash_operator.py
[2023-08-07T11:01:45.878+0000] {processor.py:826} INFO - Processing file /home/airflow/.local/lib/python3.7/site-packages/airflow/example_dags/example_bash_operator.py for tasks to queue
[2023-08-07T11:01:45.879+0000] {logging_mixin.py:150} INFO - [2023-08-07T11:01:45.878+0000] {dagbag.py:541} INFO - Filling up the DagBag from /home/airflow/.local/lib/python3.7/site-packages/airflow/example_dags/example_bash_operator.py
[2023-08-07T11:01:45.887+0000] {processor.py:836} INFO - DAG(s) dict_keys(['example_bash_operator']) retrieved from /home/airflow/.local/lib/python3.7/site-packages/airflow/example_dags/example_bash_operator.py
[2023-08-07T11:01:45.910+0000] {logging_mixin.py:150} INFO - [2023-08-07T11:01:45.909+0000] {dag.py:2742} INFO - Sync 1 DAGs
[2023-08-07T11:01:45.924+0000] {logging_mixin.py:150} INFO - [2023-08-07T11:01:45.924+0000] {dag.py:3508} INFO - Setting next_dagrun for example_bash_operator to 2023-08-06T00:00:00+00:00, run_after=2023-08-07T00:00:00+00:00
[2023-08-07T11:01:45.934+0000] {processor.py:179} INFO - Processing /home/airflow/.local/lib/python3.7/site-packages/airflow/example_dags/example_bash_operator.py took 0.059 seconds
[2023-08-07T11:02:16.112+0000] {processor.py:157} INFO - Started process (PID=2204) to work on /home/airflow/.local/lib/python3.7/site-packages/airflow/example_dags/example_bash_operator.py
[2023-08-07T11:02:16.113+0000] {processor.py:826} INFO - Processing file /home/airflow/.local/lib/python3.7/site-packages/airflow/example_dags/example_bash_operator.py for tasks to queue
[2023-08-07T11:02:16.114+0000] {logging_mixin.py:150} INFO - [2023-08-07T11:02:16.114+0000] {dagbag.py:541} INFO - Filling up the DagBag from /home/airflow/.local/lib/python3.7/site-packages/airflow/example_dags/example_bash_operator.py
[2023-08-07T11:02:16.123+0000] {processor.py:836} INFO - DAG(s) dict_keys(['example_bash_operator']) retrieved from /home/airflow/.local/lib/python3.7/site-packages/airflow/example_dags/example_bash_operator.py
[2023-08-07T11:02:16.146+0000] {logging_mixin.py:150} INFO - [2023-08-07T11:02:16.146+0000] {dag.py:2742} INFO - Sync 1 DAGs
[2023-08-07T11:02:16.160+0000] {logging_mixin.py:150} INFO - [2023-08-07T11:02:16.160+0000] {dag.py:3508} INFO - Setting next_dagrun for example_bash_operator to 2023-08-06T00:00:00+00:00, run_after=2023-08-07T00:00:00+00:00
[2023-08-07T11:02:16.170+0000] {processor.py:179} INFO - Processing /home/airflow/.local/lib/python3.7/site-packages/airflow/example_dags/example_bash_operator.py took 0.061 seconds
[2023-08-07T11:02:46.409+0000] {processor.py:157} INFO - Started process (PID=2262) to work on /home/airflow/.local/lib/python3.7/site-packages/airflow/example_dags/example_bash_operator.py
[2023-08-07T11:02:46.410+0000] {processor.py:826} INFO - Processing file /home/airflow/.local/lib/python3.7/site-packages/airflow/example_dags/example_bash_operator.py for tasks to queue
[2023-08-07T11:02:46.411+0000] {logging_mixin.py:150} INFO - [2023-08-07T11:02:46.410+0000] {dagbag.py:541} INFO - Filling up the DagBag from /home/airflow/.local/lib/python3.7/site-packages/airflow/example_dags/example_bash_operator.py
[2023-08-07T11:02:46.420+0000] {processor.py:836} INFO - DAG(s) dict_keys(['example_bash_operator']) retrieved from /home/airflow/.local/lib/python3.7/site-packages/airflow/example_dags/example_bash_operator.py
[2023-08-07T11:02:46.443+0000] {logging_mixin.py:150} INFO - [2023-08-07T11:02:46.443+0000] {dag.py:2742} INFO - Sync 1 DAGs
[2023-08-07T11:02:46.457+0000] {logging_mixin.py:150} INFO - [2023-08-07T11:02:46.457+0000] {dag.py:3508} INFO - Setting next_dagrun for example_bash_operator to 2023-08-06T00:00:00+00:00, run_after=2023-08-07T00:00:00+00:00
[2023-08-07T11:02:46.467+0000] {processor.py:179} INFO - Processing /home/airflow/.local/lib/python3.7/site-packages/airflow/example_dags/example_bash_operator.py took 0.061 seconds
[2023-08-07T11:03:16.621+0000] {processor.py:157} INFO - Started process (PID=2321) to work on /home/airflow/.local/lib/python3.7/site-packages/airflow/example_dags/example_bash_operator.py
[2023-08-07T11:03:16.621+0000] {processor.py:826} INFO - Processing file /home/airflow/.local/lib/python3.7/site-packages/airflow/example_dags/example_bash_operator.py for tasks to queue
[2023-08-07T11:03:16.622+0000] {logging_mixin.py:150} INFO - [2023-08-07T11:03:16.622+0000] {dagbag.py:541} INFO - Filling up the DagBag from /home/airflow/.local/lib/python3.7/site-packages/airflow/example_dags/example_bash_operator.py
[2023-08-07T11:03:16.631+0000] {processor.py:836} INFO - DAG(s) dict_keys(['example_bash_operator']) retrieved from /home/airflow/.local/lib/python3.7/site-packages/airflow/example_dags/example_bash_operator.py
[2023-08-07T11:03:16.654+0000] {logging_mixin.py:150} INFO - [2023-08-07T11:03:16.654+0000] {dag.py:2742} INFO - Sync 1 DAGs
[2023-08-07T11:03:16.668+0000] {logging_mixin.py:150} INFO - [2023-08-07T11:03:16.668+0000] {dag.py:3508} INFO - Setting next_dagrun for example_bash_operator to 2023-08-06T00:00:00+00:00, run_after=2023-08-07T00:00:00+00:00
[2023-08-07T11:03:16.678+0000] {processor.py:179} INFO - Processing /home/airflow/.local/lib/python3.7/site-packages/airflow/example_dags/example_bash_operator.py took 0.060 seconds
[2023-08-07T11:03:46.964+0000] {processor.py:157} INFO - Started process (PID=2379) to work on /home/airflow/.local/lib/python3.7/site-packages/airflow/example_dags/example_bash_operator.py
[2023-08-07T11:03:46.965+0000] {processor.py:826} INFO - Processing file /home/airflow/.local/lib/python3.7/site-packages/airflow/example_dags/example_bash_operator.py for tasks to queue
[2023-08-07T11:03:46.966+0000] {logging_mixin.py:150} INFO - [2023-08-07T11:03:46.966+0000] {dagbag.py:541} INFO - Filling up the DagBag from /home/airflow/.local/lib/python3.7/site-packages/airflow/example_dags/example_bash_operator.py
[2023-08-07T11:03:46.975+0000] {processor.py:836} INFO - DAG(s) dict_keys(['example_bash_operator']) retrieved from /home/airflow/.local/lib/python3.7/site-packages/airflow/example_dags/example_bash_operator.py
[2023-08-07T11:03:46.998+0000] {logging_mixin.py:150} INFO - [2023-08-07T11:03:46.998+0000] {dag.py:2742} INFO - Sync 1 DAGs
[2023-08-07T11:03:47.012+0000] {logging_mixin.py:150} INFO - [2023-08-07T11:03:47.012+0000] {dag.py:3508} INFO - Setting next_dagrun for example_bash_operator to 2023-08-06T00:00:00+00:00, run_after=2023-08-07T00:00:00+00:00
[2023-08-07T11:03:47.022+0000] {processor.py:179} INFO - Processing /home/airflow/.local/lib/python3.7/site-packages/airflow/example_dags/example_bash_operator.py took 0.061 seconds
[2023-08-07T11:04:17.293+0000] {processor.py:157} INFO - Started process (PID=2437) to work on /home/airflow/.local/lib/python3.7/site-packages/airflow/example_dags/example_bash_operator.py
[2023-08-07T11:04:17.294+0000] {processor.py:826} INFO - Processing file /home/airflow/.local/lib/python3.7/site-packages/airflow/example_dags/example_bash_operator.py for tasks to queue
[2023-08-07T11:04:17.294+0000] {logging_mixin.py:150} INFO - [2023-08-07T11:04:17.294+0000] {dagbag.py:541} INFO - Filling up the DagBag from /home/airflow/.local/lib/python3.7/site-packages/airflow/example_dags/example_bash_operator.py
[2023-08-07T11:04:17.305+0000] {processor.py:836} INFO - DAG(s) dict_keys(['example_bash_operator']) retrieved from /home/airflow/.local/lib/python3.7/site-packages/airflow/example_dags/example_bash_operator.py
[2023-08-07T11:04:17.329+0000] {logging_mixin.py:150} INFO - [2023-08-07T11:04:17.329+0000] {dag.py:2742} INFO - Sync 1 DAGs
[2023-08-07T11:04:17.345+0000] {logging_mixin.py:150} INFO - [2023-08-07T11:04:17.345+0000] {dag.py:3508} INFO - Setting next_dagrun for example_bash_operator to 2023-08-06T00:00:00+00:00, run_after=2023-08-07T00:00:00+00:00
[2023-08-07T11:04:17.357+0000] {processor.py:179} INFO - Processing /home/airflow/.local/lib/python3.7/site-packages/airflow/example_dags/example_bash_operator.py took 0.067 seconds
[2023-08-07T11:04:47.715+0000] {processor.py:157} INFO - Started process (PID=2495) to work on /home/airflow/.local/lib/python3.7/site-packages/airflow/example_dags/example_bash_operator.py
[2023-08-07T11:04:47.716+0000] {processor.py:826} INFO - Processing file /home/airflow/.local/lib/python3.7/site-packages/airflow/example_dags/example_bash_operator.py for tasks to queue
[2023-08-07T11:04:47.717+0000] {logging_mixin.py:150} INFO - [2023-08-07T11:04:47.716+0000] {dagbag.py:541} INFO - Filling up the DagBag from /home/airflow/.local/lib/python3.7/site-packages/airflow/example_dags/example_bash_operator.py
[2023-08-07T11:04:47.726+0000] {processor.py:836} INFO - DAG(s) dict_keys(['example_bash_operator']) retrieved from /home/airflow/.local/lib/python3.7/site-packages/airflow/example_dags/example_bash_operator.py
[2023-08-07T11:04:47.751+0000] {logging_mixin.py:150} INFO - [2023-08-07T11:04:47.751+0000] {dag.py:2742} INFO - Sync 1 DAGs
[2023-08-07T11:04:47.767+0000] {logging_mixin.py:150} INFO - [2023-08-07T11:04:47.767+0000] {dag.py:3508} INFO - Setting next_dagrun for example_bash_operator to 2023-08-06T00:00:00+00:00, run_after=2023-08-07T00:00:00+00:00
[2023-08-07T11:04:47.776+0000] {processor.py:179} INFO - Processing /home/airflow/.local/lib/python3.7/site-packages/airflow/example_dags/example_bash_operator.py took 0.064 seconds
[2023-08-07T11:05:18.089+0000] {processor.py:157} INFO - Started process (PID=2553) to work on /home/airflow/.local/lib/python3.7/site-packages/airflow/example_dags/example_bash_operator.py
[2023-08-07T11:05:18.090+0000] {processor.py:826} INFO - Processing file /home/airflow/.local/lib/python3.7/site-packages/airflow/example_dags/example_bash_operator.py for tasks to queue
[2023-08-07T11:05:18.091+0000] {logging_mixin.py:150} INFO - [2023-08-07T11:05:18.091+0000] {dagbag.py:541} INFO - Filling up the DagBag from /home/airflow/.local/lib/python3.7/site-packages/airflow/example_dags/example_bash_operator.py
[2023-08-07T11:05:18.100+0000] {processor.py:836} INFO - DAG(s) dict_keys(['example_bash_operator']) retrieved from /home/airflow/.local/lib/python3.7/site-packages/airflow/example_dags/example_bash_operator.py
[2023-08-07T11:05:18.123+0000] {logging_mixin.py:150} INFO - [2023-08-07T11:05:18.122+0000] {dag.py:2742} INFO - Sync 1 DAGs
[2023-08-07T11:05:18.137+0000] {logging_mixin.py:150} INFO - [2023-08-07T11:05:18.137+0000] {dag.py:3508} INFO - Setting next_dagrun for example_bash_operator to 2023-08-06T00:00:00+00:00, run_after=2023-08-07T00:00:00+00:00
[2023-08-07T11:05:18.148+0000] {processor.py:179} INFO - Processing /home/airflow/.local/lib/python3.7/site-packages/airflow/example_dags/example_bash_operator.py took 0.061 seconds
[2023-08-07T11:05:48.439+0000] {processor.py:157} INFO - Started process (PID=2611) to work on /home/airflow/.local/lib/python3.7/site-packages/airflow/example_dags/example_bash_operator.py
[2023-08-07T11:05:48.440+0000] {processor.py:826} INFO - Processing file /home/airflow/.local/lib/python3.7/site-packages/airflow/example_dags/example_bash_operator.py for tasks to queue
[2023-08-07T11:05:48.441+0000] {logging_mixin.py:150} INFO - [2023-08-07T11:05:48.441+0000] {dagbag.py:541} INFO - Filling up the DagBag from /home/airflow/.local/lib/python3.7/site-packages/airflow/example_dags/example_bash_operator.py
[2023-08-07T11:05:48.450+0000] {processor.py:836} INFO - DAG(s) dict_keys(['example_bash_operator']) retrieved from /home/airflow/.local/lib/python3.7/site-packages/airflow/example_dags/example_bash_operator.py
[2023-08-07T11:05:48.471+0000] {logging_mixin.py:150} INFO - [2023-08-07T11:05:48.471+0000] {dag.py:2742} INFO - Sync 1 DAGs
[2023-08-07T11:05:48.485+0000] {logging_mixin.py:150} INFO - [2023-08-07T11:05:48.485+0000] {dag.py:3508} INFO - Setting next_dagrun for example_bash_operator to 2023-08-06T00:00:00+00:00, run_after=2023-08-07T00:00:00+00:00
[2023-08-07T11:05:48.495+0000] {processor.py:179} INFO - Processing /home/airflow/.local/lib/python3.7/site-packages/airflow/example_dags/example_bash_operator.py took 0.059 seconds
[2023-08-07T11:06:18.755+0000] {processor.py:157} INFO - Started process (PID=2670) to work on /home/airflow/.local/lib/python3.7/site-packages/airflow/example_dags/example_bash_operator.py
[2023-08-07T11:06:18.756+0000] {processor.py:826} INFO - Processing file /home/airflow/.local/lib/python3.7/site-packages/airflow/example_dags/example_bash_operator.py for tasks to queue
[2023-08-07T11:06:18.756+0000] {logging_mixin.py:150} INFO - [2023-08-07T11:06:18.756+0000] {dagbag.py:541} INFO - Filling up the DagBag from /home/airflow/.local/lib/python3.7/site-packages/airflow/example_dags/example_bash_operator.py
[2023-08-07T11:06:18.766+0000] {processor.py:836} INFO - DAG(s) dict_keys(['example_bash_operator']) retrieved from /home/airflow/.local/lib/python3.7/site-packages/airflow/example_dags/example_bash_operator.py
[2023-08-07T11:06:18.788+0000] {logging_mixin.py:150} INFO - [2023-08-07T11:06:18.788+0000] {dag.py:2742} INFO - Sync 1 DAGs
[2023-08-07T11:06:18.804+0000] {logging_mixin.py:150} INFO - [2023-08-07T11:06:18.804+0000] {dag.py:3508} INFO - Setting next_dagrun for example_bash_operator to 2023-08-06T00:00:00+00:00, run_after=2023-08-07T00:00:00+00:00
[2023-08-07T11:06:18.812+0000] {processor.py:179} INFO - Processing /home/airflow/.local/lib/python3.7/site-packages/airflow/example_dags/example_bash_operator.py took 0.060 seconds
[2023-08-07T11:06:49.085+0000] {processor.py:157} INFO - Started process (PID=2728) to work on /home/airflow/.local/lib/python3.7/site-packages/airflow/example_dags/example_bash_operator.py
[2023-08-07T11:06:49.085+0000] {processor.py:826} INFO - Processing file /home/airflow/.local/lib/python3.7/site-packages/airflow/example_dags/example_bash_operator.py for tasks to queue
[2023-08-07T11:06:49.086+0000] {logging_mixin.py:150} INFO - [2023-08-07T11:06:49.086+0000] {dagbag.py:541} INFO - Filling up the DagBag from /home/airflow/.local/lib/python3.7/site-packages/airflow/example_dags/example_bash_operator.py
[2023-08-07T11:06:49.095+0000] {processor.py:836} INFO - DAG(s) dict_keys(['example_bash_operator']) retrieved from /home/airflow/.local/lib/python3.7/site-packages/airflow/example_dags/example_bash_operator.py
[2023-08-07T11:06:49.118+0000] {logging_mixin.py:150} INFO - [2023-08-07T11:06:49.117+0000] {dag.py:2742} INFO - Sync 1 DAGs
[2023-08-07T11:06:49.133+0000] {logging_mixin.py:150} INFO - [2023-08-07T11:06:49.133+0000] {dag.py:3508} INFO - Setting next_dagrun for example_bash_operator to 2023-08-06T00:00:00+00:00, run_after=2023-08-07T00:00:00+00:00
[2023-08-07T11:06:49.143+0000] {processor.py:179} INFO - Processing /home/airflow/.local/lib/python3.7/site-packages/airflow/example_dags/example_bash_operator.py took 0.061 seconds
[2023-08-07T11:07:19.218+0000] {processor.py:157} INFO - Started process (PID=2786) to work on /home/airflow/.local/lib/python3.7/site-packages/airflow/example_dags/example_bash_operator.py
[2023-08-07T11:07:19.219+0000] {processor.py:826} INFO - Processing file /home/airflow/.local/lib/python3.7/site-packages/airflow/example_dags/example_bash_operator.py for tasks to queue
[2023-08-07T11:07:19.220+0000] {logging_mixin.py:150} INFO - [2023-08-07T11:07:19.219+0000] {dagbag.py:541} INFO - Filling up the DagBag from /home/airflow/.local/lib/python3.7/site-packages/airflow/example_dags/example_bash_operator.py
[2023-08-07T11:07:19.229+0000] {processor.py:836} INFO - DAG(s) dict_keys(['example_bash_operator']) retrieved from /home/airflow/.local/lib/python3.7/site-packages/airflow/example_dags/example_bash_operator.py
[2023-08-07T11:07:19.252+0000] {logging_mixin.py:150} INFO - [2023-08-07T11:07:19.251+0000] {dag.py:2742} INFO - Sync 1 DAGs
[2023-08-07T11:07:19.267+0000] {logging_mixin.py:150} INFO - [2023-08-07T11:07:19.266+0000] {dag.py:3508} INFO - Setting next_dagrun for example_bash_operator to 2023-08-06T00:00:00+00:00, run_after=2023-08-07T00:00:00+00:00
[2023-08-07T11:07:19.278+0000] {processor.py:179} INFO - Processing /home/airflow/.local/lib/python3.7/site-packages/airflow/example_dags/example_bash_operator.py took 0.062 seconds
[2023-08-07T11:07:49.454+0000] {processor.py:157} INFO - Started process (PID=2844) to work on /home/airflow/.local/lib/python3.7/site-packages/airflow/example_dags/example_bash_operator.py
[2023-08-07T11:07:49.455+0000] {processor.py:826} INFO - Processing file /home/airflow/.local/lib/python3.7/site-packages/airflow/example_dags/example_bash_operator.py for tasks to queue
[2023-08-07T11:07:49.456+0000] {logging_mixin.py:150} INFO - [2023-08-07T11:07:49.456+0000] {dagbag.py:541} INFO - Filling up the DagBag from /home/airflow/.local/lib/python3.7/site-packages/airflow/example_dags/example_bash_operator.py
[2023-08-07T11:07:49.465+0000] {processor.py:836} INFO - DAG(s) dict_keys(['example_bash_operator']) retrieved from /home/airflow/.local/lib/python3.7/site-packages/airflow/example_dags/example_bash_operator.py
[2023-08-07T11:07:49.488+0000] {logging_mixin.py:150} INFO - [2023-08-07T11:07:49.488+0000] {dag.py:2742} INFO - Sync 1 DAGs
[2023-08-07T11:07:49.502+0000] {logging_mixin.py:150} INFO - [2023-08-07T11:07:49.502+0000] {dag.py:3508} INFO - Setting next_dagrun for example_bash_operator to 2023-08-06T00:00:00+00:00, run_after=2023-08-07T00:00:00+00:00
[2023-08-07T11:07:49.512+0000] {processor.py:179} INFO - Processing /home/airflow/.local/lib/python3.7/site-packages/airflow/example_dags/example_bash_operator.py took 0.060 seconds
[2023-08-07T11:08:19.964+0000] {processor.py:157} INFO - Started process (PID=2902) to work on /home/airflow/.local/lib/python3.7/site-packages/airflow/example_dags/example_bash_operator.py
[2023-08-07T11:08:19.965+0000] {processor.py:826} INFO - Processing file /home/airflow/.local/lib/python3.7/site-packages/airflow/example_dags/example_bash_operator.py for tasks to queue
[2023-08-07T11:08:19.966+0000] {logging_mixin.py:150} INFO - [2023-08-07T11:08:19.965+0000] {dagbag.py:541} INFO - Filling up the DagBag from /home/airflow/.local/lib/python3.7/site-packages/airflow/example_dags/example_bash_operator.py
[2023-08-07T11:08:19.975+0000] {processor.py:836} INFO - DAG(s) dict_keys(['example_bash_operator']) retrieved from /home/airflow/.local/lib/python3.7/site-packages/airflow/example_dags/example_bash_operator.py
[2023-08-07T11:08:19.998+0000] {logging_mixin.py:150} INFO - [2023-08-07T11:08:19.998+0000] {dag.py:2742} INFO - Sync 1 DAGs
[2023-08-07T11:08:20.018+0000] {logging_mixin.py:150} INFO - [2023-08-07T11:08:20.018+0000] {dag.py:3508} INFO - Setting next_dagrun for example_bash_operator to 2023-08-06T00:00:00+00:00, run_after=2023-08-07T00:00:00+00:00
[2023-08-07T11:08:20.028+0000] {processor.py:179} INFO - Processing /home/airflow/.local/lib/python3.7/site-packages/airflow/example_dags/example_bash_operator.py took 0.067 seconds
[2023-08-07T11:10:07.891+0000] {processor.py:157} INFO - Started process (PID=2954) to work on /home/airflow/.local/lib/python3.7/site-packages/airflow/example_dags/example_bash_operator.py
[2023-08-07T11:10:07.892+0000] {processor.py:826} INFO - Processing file /home/airflow/.local/lib/python3.7/site-packages/airflow/example_dags/example_bash_operator.py for tasks to queue
[2023-08-07T11:10:07.893+0000] {logging_mixin.py:150} INFO - [2023-08-07T11:10:07.892+0000] {dagbag.py:541} INFO - Filling up the DagBag from /home/airflow/.local/lib/python3.7/site-packages/airflow/example_dags/example_bash_operator.py
[2023-08-07T11:10:07.901+0000] {processor.py:836} INFO - DAG(s) dict_keys(['example_bash_operator']) retrieved from /home/airflow/.local/lib/python3.7/site-packages/airflow/example_dags/example_bash_operator.py
[2023-08-07T11:10:07.923+0000] {logging_mixin.py:150} INFO - [2023-08-07T11:10:07.923+0000] {dag.py:2742} INFO - Sync 1 DAGs
[2023-08-07T11:10:07.938+0000] {logging_mixin.py:150} INFO - [2023-08-07T11:10:07.938+0000] {dag.py:3508} INFO - Setting next_dagrun for example_bash_operator to 2023-08-06T00:00:00+00:00, run_after=2023-08-07T00:00:00+00:00
[2023-08-07T11:10:07.948+0000] {processor.py:179} INFO - Processing /home/airflow/.local/lib/python3.7/site-packages/airflow/example_dags/example_bash_operator.py took 0.059 seconds
[2023-08-07T11:10:38.093+0000] {processor.py:157} INFO - Started process (PID=3012) to work on /home/airflow/.local/lib/python3.7/site-packages/airflow/example_dags/example_bash_operator.py
[2023-08-07T11:10:38.094+0000] {processor.py:826} INFO - Processing file /home/airflow/.local/lib/python3.7/site-packages/airflow/example_dags/example_bash_operator.py for tasks to queue
[2023-08-07T11:10:38.095+0000] {logging_mixin.py:150} INFO - [2023-08-07T11:10:38.094+0000] {dagbag.py:541} INFO - Filling up the DagBag from /home/airflow/.local/lib/python3.7/site-packages/airflow/example_dags/example_bash_operator.py
[2023-08-07T11:10:38.103+0000] {processor.py:836} INFO - DAG(s) dict_keys(['example_bash_operator']) retrieved from /home/airflow/.local/lib/python3.7/site-packages/airflow/example_dags/example_bash_operator.py
[2023-08-07T11:10:38.125+0000] {logging_mixin.py:150} INFO - [2023-08-07T11:10:38.125+0000] {dag.py:2742} INFO - Sync 1 DAGs
[2023-08-07T11:10:38.139+0000] {logging_mixin.py:150} INFO - [2023-08-07T11:10:38.139+0000] {dag.py:3508} INFO - Setting next_dagrun for example_bash_operator to 2023-08-06T00:00:00+00:00, run_after=2023-08-07T00:00:00+00:00
[2023-08-07T11:10:38.148+0000] {processor.py:179} INFO - Processing /home/airflow/.local/lib/python3.7/site-packages/airflow/example_dags/example_bash_operator.py took 0.058 seconds
[2023-08-07T11:26:04.374+0000] {processor.py:157} INFO - Started process (PID=3070) to work on /home/airflow/.local/lib/python3.7/site-packages/airflow/example_dags/example_bash_operator.py
[2023-08-07T11:26:04.375+0000] {processor.py:826} INFO - Processing file /home/airflow/.local/lib/python3.7/site-packages/airflow/example_dags/example_bash_operator.py for tasks to queue
[2023-08-07T11:26:04.376+0000] {logging_mixin.py:150} INFO - [2023-08-07T11:26:04.376+0000] {dagbag.py:541} INFO - Filling up the DagBag from /home/airflow/.local/lib/python3.7/site-packages/airflow/example_dags/example_bash_operator.py
[2023-08-07T11:26:04.386+0000] {processor.py:836} INFO - DAG(s) dict_keys(['example_bash_operator']) retrieved from /home/airflow/.local/lib/python3.7/site-packages/airflow/example_dags/example_bash_operator.py
[2023-08-07T11:26:04.408+0000] {logging_mixin.py:150} INFO - [2023-08-07T11:26:04.408+0000] {dag.py:2742} INFO - Sync 1 DAGs
[2023-08-07T11:26:04.422+0000] {logging_mixin.py:150} INFO - [2023-08-07T11:26:04.422+0000] {dag.py:3508} INFO - Setting next_dagrun for example_bash_operator to 2023-08-06T00:00:00+00:00, run_after=2023-08-07T00:00:00+00:00
[2023-08-07T11:26:04.432+0000] {processor.py:179} INFO - Processing /home/airflow/.local/lib/python3.7/site-packages/airflow/example_dags/example_bash_operator.py took 0.061 seconds
[2023-08-07T12:49:02.514+0000] {processor.py:157} INFO - Started process (PID=3128) to work on /home/airflow/.local/lib/python3.7/site-packages/airflow/example_dags/example_bash_operator.py
[2023-08-07T12:49:02.515+0000] {processor.py:826} INFO - Processing file /home/airflow/.local/lib/python3.7/site-packages/airflow/example_dags/example_bash_operator.py for tasks to queue
[2023-08-07T12:49:02.515+0000] {logging_mixin.py:150} INFO - [2023-08-07T12:49:02.515+0000] {dagbag.py:541} INFO - Filling up the DagBag from /home/airflow/.local/lib/python3.7/site-packages/airflow/example_dags/example_bash_operator.py
[2023-08-07T12:49:02.525+0000] {processor.py:836} INFO - DAG(s) dict_keys(['example_bash_operator']) retrieved from /home/airflow/.local/lib/python3.7/site-packages/airflow/example_dags/example_bash_operator.py
[2023-08-07T12:49:02.547+0000] {logging_mixin.py:150} INFO - [2023-08-07T12:49:02.547+0000] {dag.py:2742} INFO - Sync 1 DAGs
[2023-08-07T12:49:02.562+0000] {logging_mixin.py:150} INFO - [2023-08-07T12:49:02.562+0000] {dag.py:3508} INFO - Setting next_dagrun for example_bash_operator to 2023-08-06T00:00:00+00:00, run_after=2023-08-07T00:00:00+00:00
[2023-08-07T12:49:02.572+0000] {processor.py:179} INFO - Processing /home/airflow/.local/lib/python3.7/site-packages/airflow/example_dags/example_bash_operator.py took 0.061 seconds
[2023-08-07T13:44:04.159+0000] {processor.py:157} INFO - Started process (PID=3186) to work on /home/airflow/.local/lib/python3.7/site-packages/airflow/example_dags/example_bash_operator.py
[2023-08-07T13:44:04.160+0000] {processor.py:826} INFO - Processing file /home/airflow/.local/lib/python3.7/site-packages/airflow/example_dags/example_bash_operator.py for tasks to queue
[2023-08-07T13:44:04.161+0000] {logging_mixin.py:150} INFO - [2023-08-07T13:44:04.161+0000] {dagbag.py:541} INFO - Filling up the DagBag from /home/airflow/.local/lib/python3.7/site-packages/airflow/example_dags/example_bash_operator.py
[2023-08-07T13:44:04.171+0000] {processor.py:836} INFO - DAG(s) dict_keys(['example_bash_operator']) retrieved from /home/airflow/.local/lib/python3.7/site-packages/airflow/example_dags/example_bash_operator.py
[2023-08-07T13:44:04.193+0000] {logging_mixin.py:150} INFO - [2023-08-07T13:44:04.193+0000] {dag.py:2742} INFO - Sync 1 DAGs
[2023-08-07T13:44:04.208+0000] {logging_mixin.py:150} INFO - [2023-08-07T13:44:04.208+0000] {dag.py:3508} INFO - Setting next_dagrun for example_bash_operator to 2023-08-06T00:00:00+00:00, run_after=2023-08-07T00:00:00+00:00
[2023-08-07T13:44:04.219+0000] {processor.py:179} INFO - Processing /home/airflow/.local/lib/python3.7/site-packages/airflow/example_dags/example_bash_operator.py took 0.062 seconds
[2023-08-07T14:43:29.927+0000] {processor.py:157} INFO - Started process (PID=3244) to work on /home/airflow/.local/lib/python3.7/site-packages/airflow/example_dags/example_bash_operator.py
[2023-08-07T14:43:29.928+0000] {processor.py:826} INFO - Processing file /home/airflow/.local/lib/python3.7/site-packages/airflow/example_dags/example_bash_operator.py for tasks to queue
[2023-08-07T14:43:29.929+0000] {logging_mixin.py:150} INFO - [2023-08-07T14:43:29.929+0000] {dagbag.py:541} INFO - Filling up the DagBag from /home/airflow/.local/lib/python3.7/site-packages/airflow/example_dags/example_bash_operator.py
[2023-08-07T14:43:29.939+0000] {processor.py:836} INFO - DAG(s) dict_keys(['example_bash_operator']) retrieved from /home/airflow/.local/lib/python3.7/site-packages/airflow/example_dags/example_bash_operator.py
[2023-08-07T14:43:29.962+0000] {logging_mixin.py:150} INFO - [2023-08-07T14:43:29.962+0000] {dag.py:2742} INFO - Sync 1 DAGs
[2023-08-07T14:43:29.977+0000] {logging_mixin.py:150} INFO - [2023-08-07T14:43:29.977+0000] {dag.py:3508} INFO - Setting next_dagrun for example_bash_operator to 2023-08-06T00:00:00+00:00, run_after=2023-08-07T00:00:00+00:00
[2023-08-07T14:43:29.987+0000] {processor.py:179} INFO - Processing /home/airflow/.local/lib/python3.7/site-packages/airflow/example_dags/example_bash_operator.py took 0.062 seconds
[2023-08-07T15:52:32.580+0000] {processor.py:157} INFO - Started process (PID=3302) to work on /home/airflow/.local/lib/python3.7/site-packages/airflow/example_dags/example_bash_operator.py
[2023-08-07T15:52:32.581+0000] {processor.py:826} INFO - Processing file /home/airflow/.local/lib/python3.7/site-packages/airflow/example_dags/example_bash_operator.py for tasks to queue
[2023-08-07T15:52:32.582+0000] {logging_mixin.py:150} INFO - [2023-08-07T15:52:32.581+0000] {dagbag.py:541} INFO - Filling up the DagBag from /home/airflow/.local/lib/python3.7/site-packages/airflow/example_dags/example_bash_operator.py
[2023-08-07T15:52:32.591+0000] {processor.py:836} INFO - DAG(s) dict_keys(['example_bash_operator']) retrieved from /home/airflow/.local/lib/python3.7/site-packages/airflow/example_dags/example_bash_operator.py
[2023-08-07T15:52:32.613+0000] {logging_mixin.py:150} INFO - [2023-08-07T15:52:32.613+0000] {dag.py:2742} INFO - Sync 1 DAGs
[2023-08-07T15:52:32.628+0000] {logging_mixin.py:150} INFO - [2023-08-07T15:52:32.627+0000] {dag.py:3508} INFO - Setting next_dagrun for example_bash_operator to 2023-08-06T00:00:00+00:00, run_after=2023-08-07T00:00:00+00:00
[2023-08-07T15:52:32.638+0000] {processor.py:179} INFO - Processing /home/airflow/.local/lib/python3.7/site-packages/airflow/example_dags/example_bash_operator.py took 0.061 seconds
[2023-08-07T17:14:44.191+0000] {processor.py:157} INFO - Started process (PID=3360) to work on /home/airflow/.local/lib/python3.7/site-packages/airflow/example_dags/example_bash_operator.py
[2023-08-07T17:14:44.192+0000] {processor.py:826} INFO - Processing file /home/airflow/.local/lib/python3.7/site-packages/airflow/example_dags/example_bash_operator.py for tasks to queue
[2023-08-07T17:14:44.193+0000] {logging_mixin.py:150} INFO - [2023-08-07T17:14:44.193+0000] {dagbag.py:541} INFO - Filling up the DagBag from /home/airflow/.local/lib/python3.7/site-packages/airflow/example_dags/example_bash_operator.py
[2023-08-07T17:14:44.202+0000] {processor.py:836} INFO - DAG(s) dict_keys(['example_bash_operator']) retrieved from /home/airflow/.local/lib/python3.7/site-packages/airflow/example_dags/example_bash_operator.py
[2023-08-07T17:14:44.224+0000] {logging_mixin.py:150} INFO - [2023-08-07T17:14:44.224+0000] {dag.py:2742} INFO - Sync 1 DAGs
[2023-08-07T17:14:44.240+0000] {logging_mixin.py:150} INFO - [2023-08-07T17:14:44.239+0000] {dag.py:3508} INFO - Setting next_dagrun for example_bash_operator to 2023-08-06T00:00:00+00:00, run_after=2023-08-07T00:00:00+00:00
[2023-08-07T17:14:44.249+0000] {processor.py:179} INFO - Processing /home/airflow/.local/lib/python3.7/site-packages/airflow/example_dags/example_bash_operator.py took 0.061 seconds
[2023-08-07T18:12:51.557+0000] {processor.py:157} INFO - Started process (PID=3418) to work on /home/airflow/.local/lib/python3.7/site-packages/airflow/example_dags/example_bash_operator.py
[2023-08-07T18:12:51.558+0000] {processor.py:826} INFO - Processing file /home/airflow/.local/lib/python3.7/site-packages/airflow/example_dags/example_bash_operator.py for tasks to queue
[2023-08-07T18:12:51.559+0000] {logging_mixin.py:150} INFO - [2023-08-07T18:12:51.559+0000] {dagbag.py:541} INFO - Filling up the DagBag from /home/airflow/.local/lib/python3.7/site-packages/airflow/example_dags/example_bash_operator.py
[2023-08-07T18:12:51.568+0000] {processor.py:836} INFO - DAG(s) dict_keys(['example_bash_operator']) retrieved from /home/airflow/.local/lib/python3.7/site-packages/airflow/example_dags/example_bash_operator.py
[2023-08-07T18:12:51.590+0000] {logging_mixin.py:150} INFO - [2023-08-07T18:12:51.590+0000] {dag.py:2742} INFO - Sync 1 DAGs
[2023-08-07T18:12:51.605+0000] {logging_mixin.py:150} INFO - [2023-08-07T18:12:51.605+0000] {dag.py:3508} INFO - Setting next_dagrun for example_bash_operator to 2023-08-06T00:00:00+00:00, run_after=2023-08-07T00:00:00+00:00
[2023-08-07T18:12:51.615+0000] {processor.py:179} INFO - Processing /home/airflow/.local/lib/python3.7/site-packages/airflow/example_dags/example_bash_operator.py took 0.060 seconds
[2023-08-07T19:18:07.345+0000] {processor.py:157} INFO - Started process (PID=3476) to work on /home/airflow/.local/lib/python3.7/site-packages/airflow/example_dags/example_bash_operator.py
[2023-08-07T19:18:07.346+0000] {processor.py:826} INFO - Processing file /home/airflow/.local/lib/python3.7/site-packages/airflow/example_dags/example_bash_operator.py for tasks to queue
[2023-08-07T19:18:07.346+0000] {logging_mixin.py:150} INFO - [2023-08-07T19:18:07.346+0000] {dagbag.py:541} INFO - Filling up the DagBag from /home/airflow/.local/lib/python3.7/site-packages/airflow/example_dags/example_bash_operator.py
[2023-08-07T19:18:07.356+0000] {processor.py:836} INFO - DAG(s) dict_keys(['example_bash_operator']) retrieved from /home/airflow/.local/lib/python3.7/site-packages/airflow/example_dags/example_bash_operator.py
[2023-08-07T19:18:07.377+0000] {logging_mixin.py:150} INFO - [2023-08-07T19:18:07.377+0000] {dag.py:2742} INFO - Sync 1 DAGs
[2023-08-07T19:18:07.392+0000] {logging_mixin.py:150} INFO - [2023-08-07T19:18:07.391+0000] {dag.py:3508} INFO - Setting next_dagrun for example_bash_operator to 2023-08-06T00:00:00+00:00, run_after=2023-08-07T00:00:00+00:00
[2023-08-07T19:18:07.401+0000] {processor.py:179} INFO - Processing /home/airflow/.local/lib/python3.7/site-packages/airflow/example_dags/example_bash_operator.py took 0.059 seconds
[2023-08-07T20:39:16.927+0000] {processor.py:157} INFO - Started process (PID=3534) to work on /home/airflow/.local/lib/python3.7/site-packages/airflow/example_dags/example_bash_operator.py
[2023-08-07T20:39:16.929+0000] {processor.py:826} INFO - Processing file /home/airflow/.local/lib/python3.7/site-packages/airflow/example_dags/example_bash_operator.py for tasks to queue
[2023-08-07T20:39:16.929+0000] {logging_mixin.py:150} INFO - [2023-08-07T20:39:16.929+0000] {dagbag.py:541} INFO - Filling up the DagBag from /home/airflow/.local/lib/python3.7/site-packages/airflow/example_dags/example_bash_operator.py
[2023-08-07T20:39:16.939+0000] {processor.py:836} INFO - DAG(s) dict_keys(['example_bash_operator']) retrieved from /home/airflow/.local/lib/python3.7/site-packages/airflow/example_dags/example_bash_operator.py
[2023-08-07T20:39:16.962+0000] {logging_mixin.py:150} INFO - [2023-08-07T20:39:16.962+0000] {dag.py:2742} INFO - Sync 1 DAGs
[2023-08-07T20:39:16.977+0000] {logging_mixin.py:150} INFO - [2023-08-07T20:39:16.976+0000] {dag.py:3508} INFO - Setting next_dagrun for example_bash_operator to 2023-08-06T00:00:00+00:00, run_after=2023-08-07T00:00:00+00:00
[2023-08-07T20:39:16.988+0000] {processor.py:179} INFO - Processing /home/airflow/.local/lib/python3.7/site-packages/airflow/example_dags/example_bash_operator.py took 0.063 seconds
[2023-08-07T21:49:03.072+0000] {processor.py:157} INFO - Started process (PID=3592) to work on /home/airflow/.local/lib/python3.7/site-packages/airflow/example_dags/example_bash_operator.py
[2023-08-07T21:49:03.073+0000] {processor.py:826} INFO - Processing file /home/airflow/.local/lib/python3.7/site-packages/airflow/example_dags/example_bash_operator.py for tasks to queue
[2023-08-07T21:49:03.074+0000] {logging_mixin.py:150} INFO - [2023-08-07T21:49:03.074+0000] {dagbag.py:541} INFO - Filling up the DagBag from /home/airflow/.local/lib/python3.7/site-packages/airflow/example_dags/example_bash_operator.py
[2023-08-07T21:49:03.083+0000] {processor.py:836} INFO - DAG(s) dict_keys(['example_bash_operator']) retrieved from /home/airflow/.local/lib/python3.7/site-packages/airflow/example_dags/example_bash_operator.py
[2023-08-07T21:49:03.106+0000] {logging_mixin.py:150} INFO - [2023-08-07T21:49:03.106+0000] {dag.py:2742} INFO - Sync 1 DAGs
[2023-08-07T21:49:03.120+0000] {logging_mixin.py:150} INFO - [2023-08-07T21:49:03.120+0000] {dag.py:3508} INFO - Setting next_dagrun for example_bash_operator to 2023-08-06T00:00:00+00:00, run_after=2023-08-07T00:00:00+00:00
[2023-08-07T21:49:03.130+0000] {processor.py:179} INFO - Processing /home/airflow/.local/lib/python3.7/site-packages/airflow/example_dags/example_bash_operator.py took 0.061 seconds
[2023-08-07T22:56:32.679+0000] {processor.py:157} INFO - Started process (PID=3650) to work on /home/airflow/.local/lib/python3.7/site-packages/airflow/example_dags/example_bash_operator.py
[2023-08-07T22:56:32.680+0000] {processor.py:826} INFO - Processing file /home/airflow/.local/lib/python3.7/site-packages/airflow/example_dags/example_bash_operator.py for tasks to queue
[2023-08-07T22:56:32.681+0000] {logging_mixin.py:150} INFO - [2023-08-07T22:56:32.681+0000] {dagbag.py:541} INFO - Filling up the DagBag from /home/airflow/.local/lib/python3.7/site-packages/airflow/example_dags/example_bash_operator.py
[2023-08-07T22:56:32.691+0000] {processor.py:836} INFO - DAG(s) dict_keys(['example_bash_operator']) retrieved from /home/airflow/.local/lib/python3.7/site-packages/airflow/example_dags/example_bash_operator.py
[2023-08-07T22:56:32.713+0000] {logging_mixin.py:150} INFO - [2023-08-07T22:56:32.713+0000] {dag.py:2742} INFO - Sync 1 DAGs
[2023-08-07T22:56:32.729+0000] {logging_mixin.py:150} INFO - [2023-08-07T22:56:32.729+0000] {dag.py:3508} INFO - Setting next_dagrun for example_bash_operator to 2023-08-06T00:00:00+00:00, run_after=2023-08-07T00:00:00+00:00
[2023-08-07T22:56:32.740+0000] {processor.py:179} INFO - Processing /home/airflow/.local/lib/python3.7/site-packages/airflow/example_dags/example_bash_operator.py took 0.063 seconds
[2023-08-07T23:21:10.854+0000] {processor.py:157} INFO - Started process (PID=3708) to work on /home/airflow/.local/lib/python3.7/site-packages/airflow/example_dags/example_bash_operator.py
[2023-08-07T23:21:10.855+0000] {processor.py:826} INFO - Processing file /home/airflow/.local/lib/python3.7/site-packages/airflow/example_dags/example_bash_operator.py for tasks to queue
[2023-08-07T23:21:10.856+0000] {logging_mixin.py:150} INFO - [2023-08-07T23:21:10.856+0000] {dagbag.py:541} INFO - Filling up the DagBag from /home/airflow/.local/lib/python3.7/site-packages/airflow/example_dags/example_bash_operator.py
[2023-08-07T23:21:10.865+0000] {processor.py:836} INFO - DAG(s) dict_keys(['example_bash_operator']) retrieved from /home/airflow/.local/lib/python3.7/site-packages/airflow/example_dags/example_bash_operator.py
[2023-08-07T23:21:10.887+0000] {logging_mixin.py:150} INFO - [2023-08-07T23:21:10.887+0000] {dag.py:2742} INFO - Sync 1 DAGs
[2023-08-07T23:21:10.902+0000] {logging_mixin.py:150} INFO - [2023-08-07T23:21:10.902+0000] {dag.py:3508} INFO - Setting next_dagrun for example_bash_operator to 2023-08-06T00:00:00+00:00, run_after=2023-08-07T00:00:00+00:00
[2023-08-07T23:21:10.911+0000] {processor.py:179} INFO - Processing /home/airflow/.local/lib/python3.7/site-packages/airflow/example_dags/example_bash_operator.py took 0.060 seconds
[2023-08-07T23:37:00.017+0000] {processor.py:157} INFO - Started process (PID=3766) to work on /home/airflow/.local/lib/python3.7/site-packages/airflow/example_dags/example_bash_operator.py
[2023-08-07T23:37:00.018+0000] {processor.py:826} INFO - Processing file /home/airflow/.local/lib/python3.7/site-packages/airflow/example_dags/example_bash_operator.py for tasks to queue
[2023-08-07T23:37:00.019+0000] {logging_mixin.py:150} INFO - [2023-08-07T23:37:00.019+0000] {dagbag.py:541} INFO - Filling up the DagBag from /home/airflow/.local/lib/python3.7/site-packages/airflow/example_dags/example_bash_operator.py
[2023-08-07T23:37:00.028+0000] {processor.py:836} INFO - DAG(s) dict_keys(['example_bash_operator']) retrieved from /home/airflow/.local/lib/python3.7/site-packages/airflow/example_dags/example_bash_operator.py
[2023-08-07T23:37:00.050+0000] {logging_mixin.py:150} INFO - [2023-08-07T23:37:00.050+0000] {dag.py:2742} INFO - Sync 1 DAGs
[2023-08-07T23:37:00.065+0000] {logging_mixin.py:150} INFO - [2023-08-07T23:37:00.064+0000] {dag.py:3508} INFO - Setting next_dagrun for example_bash_operator to 2023-08-06T00:00:00+00:00, run_after=2023-08-07T00:00:00+00:00
[2023-08-07T23:37:00.074+0000] {processor.py:179} INFO - Processing /home/airflow/.local/lib/python3.7/site-packages/airflow/example_dags/example_bash_operator.py took 0.059 seconds
