[2023-08-07T10:43:26.659+0000] {processor.py:157} INFO - Started process (PID=34) to work on /home/airflow/.local/lib/python3.7/site-packages/airflow/example_dags/example_complex.py
[2023-08-07T10:43:26.659+0000] {processor.py:826} INFO - Processing file /home/airflow/.local/lib/python3.7/site-packages/airflow/example_dags/example_complex.py for tasks to queue
[2023-08-07T10:43:26.660+0000] {logging_mixin.py:150} INFO - [2023-08-07T10:43:26.660+0000] {dagbag.py:541} INFO - Filling up the DagBag from /home/airflow/.local/lib/python3.7/site-packages/airflow/example_dags/example_complex.py
[2023-08-07T10:43:26.670+0000] {processor.py:836} INFO - DAG(s) dict_keys(['example_complex']) retrieved from /home/airflow/.local/lib/python3.7/site-packages/airflow/example_dags/example_complex.py
[2023-08-07T10:43:26.800+0000] {logging_mixin.py:150} INFO - [2023-08-07T10:43:26.800+0000] {manager.py:504} INFO - Created Permission View: can edit on DAG:example_complex
[2023-08-07T10:43:26.806+0000] {logging_mixin.py:150} INFO - [2023-08-07T10:43:26.806+0000] {manager.py:504} INFO - Created Permission View: can delete on DAG:example_complex
[2023-08-07T10:43:26.810+0000] {logging_mixin.py:150} INFO - [2023-08-07T10:43:26.810+0000] {manager.py:504} INFO - Created Permission View: can read on DAG:example_complex
[2023-08-07T10:43:26.819+0000] {logging_mixin.py:150} INFO - [2023-08-07T10:43:26.819+0000] {dag.py:2742} INFO - Sync 1 DAGs
[2023-08-07T10:43:26.826+0000] {logging_mixin.py:150} INFO - [2023-08-07T10:43:26.826+0000] {dag.py:2763} INFO - Creating ORM DAG for example_complex
[2023-08-07T10:43:26.832+0000] {logging_mixin.py:150} INFO - [2023-08-07T10:43:26.832+0000] {dag.py:3508} INFO - Setting next_dagrun for example_complex to None, run_after=None
[2023-08-07T10:43:26.842+0000] {processor.py:179} INFO - Processing /home/airflow/.local/lib/python3.7/site-packages/airflow/example_dags/example_complex.py took 0.186 seconds
[2023-08-07T10:43:57.717+0000] {processor.py:157} INFO - Started process (PID=92) to work on /home/airflow/.local/lib/python3.7/site-packages/airflow/example_dags/example_complex.py
[2023-08-07T10:43:57.719+0000] {processor.py:826} INFO - Processing file /home/airflow/.local/lib/python3.7/site-packages/airflow/example_dags/example_complex.py for tasks to queue
[2023-08-07T10:43:57.721+0000] {logging_mixin.py:150} INFO - [2023-08-07T10:43:57.720+0000] {dagbag.py:541} INFO - Filling up the DagBag from /home/airflow/.local/lib/python3.7/site-packages/airflow/example_dags/example_complex.py
[2023-08-07T10:43:57.732+0000] {processor.py:836} INFO - DAG(s) dict_keys(['example_complex']) retrieved from /home/airflow/.local/lib/python3.7/site-packages/airflow/example_dags/example_complex.py
[2023-08-07T10:43:57.757+0000] {logging_mixin.py:150} INFO - [2023-08-07T10:43:57.757+0000] {dag.py:2742} INFO - Sync 1 DAGs
[2023-08-07T10:43:57.770+0000] {logging_mixin.py:150} INFO - [2023-08-07T10:43:57.770+0000] {dag.py:3508} INFO - Setting next_dagrun for example_complex to None, run_after=None
[2023-08-07T10:43:57.780+0000] {processor.py:179} INFO - Processing /home/airflow/.local/lib/python3.7/site-packages/airflow/example_dags/example_complex.py took 0.068 seconds
[2023-08-07T10:44:27.960+0000] {processor.py:157} INFO - Started process (PID=150) to work on /home/airflow/.local/lib/python3.7/site-packages/airflow/example_dags/example_complex.py
[2023-08-07T10:44:27.962+0000] {processor.py:826} INFO - Processing file /home/airflow/.local/lib/python3.7/site-packages/airflow/example_dags/example_complex.py for tasks to queue
[2023-08-07T10:44:27.963+0000] {logging_mixin.py:150} INFO - [2023-08-07T10:44:27.963+0000] {dagbag.py:541} INFO - Filling up the DagBag from /home/airflow/.local/lib/python3.7/site-packages/airflow/example_dags/example_complex.py
[2023-08-07T10:44:27.975+0000] {processor.py:836} INFO - DAG(s) dict_keys(['example_complex']) retrieved from /home/airflow/.local/lib/python3.7/site-packages/airflow/example_dags/example_complex.py
[2023-08-07T10:44:28.008+0000] {logging_mixin.py:150} INFO - [2023-08-07T10:44:28.008+0000] {dag.py:2742} INFO - Sync 1 DAGs
[2023-08-07T10:44:28.023+0000] {logging_mixin.py:150} INFO - [2023-08-07T10:44:28.023+0000] {dag.py:3508} INFO - Setting next_dagrun for example_complex to None, run_after=None
[2023-08-07T10:44:28.036+0000] {processor.py:179} INFO - Processing /home/airflow/.local/lib/python3.7/site-packages/airflow/example_dags/example_complex.py took 0.080 seconds
[2023-08-07T10:44:58.511+0000] {processor.py:157} INFO - Started process (PID=208) to work on /home/airflow/.local/lib/python3.7/site-packages/airflow/example_dags/example_complex.py
[2023-08-07T10:44:58.513+0000] {processor.py:826} INFO - Processing file /home/airflow/.local/lib/python3.7/site-packages/airflow/example_dags/example_complex.py for tasks to queue
[2023-08-07T10:44:58.514+0000] {logging_mixin.py:150} INFO - [2023-08-07T10:44:58.514+0000] {dagbag.py:541} INFO - Filling up the DagBag from /home/airflow/.local/lib/python3.7/site-packages/airflow/example_dags/example_complex.py
[2023-08-07T10:44:58.526+0000] {processor.py:836} INFO - DAG(s) dict_keys(['example_complex']) retrieved from /home/airflow/.local/lib/python3.7/site-packages/airflow/example_dags/example_complex.py
[2023-08-07T10:44:58.552+0000] {logging_mixin.py:150} INFO - [2023-08-07T10:44:58.552+0000] {dag.py:2742} INFO - Sync 1 DAGs
[2023-08-07T10:44:58.566+0000] {logging_mixin.py:150} INFO - [2023-08-07T10:44:58.566+0000] {dag.py:3508} INFO - Setting next_dagrun for example_complex to None, run_after=None
[2023-08-07T10:44:58.577+0000] {processor.py:179} INFO - Processing /home/airflow/.local/lib/python3.7/site-packages/airflow/example_dags/example_complex.py took 0.071 seconds
[2023-08-07T10:45:29.623+0000] {processor.py:157} INFO - Started process (PID=266) to work on /home/airflow/.local/lib/python3.7/site-packages/airflow/example_dags/example_complex.py
[2023-08-07T10:45:29.625+0000] {processor.py:826} INFO - Processing file /home/airflow/.local/lib/python3.7/site-packages/airflow/example_dags/example_complex.py for tasks to queue
[2023-08-07T10:45:29.626+0000] {logging_mixin.py:150} INFO - [2023-08-07T10:45:29.626+0000] {dagbag.py:541} INFO - Filling up the DagBag from /home/airflow/.local/lib/python3.7/site-packages/airflow/example_dags/example_complex.py
[2023-08-07T10:45:29.638+0000] {processor.py:836} INFO - DAG(s) dict_keys(['example_complex']) retrieved from /home/airflow/.local/lib/python3.7/site-packages/airflow/example_dags/example_complex.py
[2023-08-07T10:45:29.663+0000] {logging_mixin.py:150} INFO - [2023-08-07T10:45:29.663+0000] {dag.py:2742} INFO - Sync 1 DAGs
[2023-08-07T10:45:29.677+0000] {logging_mixin.py:150} INFO - [2023-08-07T10:45:29.677+0000] {dag.py:3508} INFO - Setting next_dagrun for example_complex to None, run_after=None
[2023-08-07T10:45:29.687+0000] {processor.py:179} INFO - Processing /home/airflow/.local/lib/python3.7/site-packages/airflow/example_dags/example_complex.py took 0.068 seconds
[2023-08-07T10:45:59.978+0000] {processor.py:157} INFO - Started process (PID=324) to work on /home/airflow/.local/lib/python3.7/site-packages/airflow/example_dags/example_complex.py
[2023-08-07T10:45:59.980+0000] {processor.py:826} INFO - Processing file /home/airflow/.local/lib/python3.7/site-packages/airflow/example_dags/example_complex.py for tasks to queue
[2023-08-07T10:45:59.981+0000] {logging_mixin.py:150} INFO - [2023-08-07T10:45:59.981+0000] {dagbag.py:541} INFO - Filling up the DagBag from /home/airflow/.local/lib/python3.7/site-packages/airflow/example_dags/example_complex.py
[2023-08-07T10:45:59.991+0000] {processor.py:836} INFO - DAG(s) dict_keys(['example_complex']) retrieved from /home/airflow/.local/lib/python3.7/site-packages/airflow/example_dags/example_complex.py
[2023-08-07T10:46:00.014+0000] {logging_mixin.py:150} INFO - [2023-08-07T10:46:00.014+0000] {dag.py:2742} INFO - Sync 1 DAGs
[2023-08-07T10:46:00.028+0000] {logging_mixin.py:150} INFO - [2023-08-07T10:46:00.028+0000] {dag.py:3508} INFO - Setting next_dagrun for example_complex to None, run_after=None
[2023-08-07T10:46:00.037+0000] {processor.py:179} INFO - Processing /home/airflow/.local/lib/python3.7/site-packages/airflow/example_dags/example_complex.py took 0.062 seconds
[2023-08-07T10:46:30.131+0000] {processor.py:157} INFO - Started process (PID=382) to work on /home/airflow/.local/lib/python3.7/site-packages/airflow/example_dags/example_complex.py
[2023-08-07T10:46:30.133+0000] {processor.py:826} INFO - Processing file /home/airflow/.local/lib/python3.7/site-packages/airflow/example_dags/example_complex.py for tasks to queue
[2023-08-07T10:46:30.134+0000] {logging_mixin.py:150} INFO - [2023-08-07T10:46:30.134+0000] {dagbag.py:541} INFO - Filling up the DagBag from /home/airflow/.local/lib/python3.7/site-packages/airflow/example_dags/example_complex.py
[2023-08-07T10:46:30.144+0000] {processor.py:836} INFO - DAG(s) dict_keys(['example_complex']) retrieved from /home/airflow/.local/lib/python3.7/site-packages/airflow/example_dags/example_complex.py
[2023-08-07T10:46:30.167+0000] {logging_mixin.py:150} INFO - [2023-08-07T10:46:30.167+0000] {dag.py:2742} INFO - Sync 1 DAGs
[2023-08-07T10:46:30.182+0000] {logging_mixin.py:150} INFO - [2023-08-07T10:46:30.181+0000] {dag.py:3508} INFO - Setting next_dagrun for example_complex to None, run_after=None
[2023-08-07T10:46:30.191+0000] {processor.py:179} INFO - Processing /home/airflow/.local/lib/python3.7/site-packages/airflow/example_dags/example_complex.py took 0.063 seconds
[2023-08-07T10:47:00.433+0000] {processor.py:157} INFO - Started process (PID=440) to work on /home/airflow/.local/lib/python3.7/site-packages/airflow/example_dags/example_complex.py
[2023-08-07T10:47:00.435+0000] {processor.py:826} INFO - Processing file /home/airflow/.local/lib/python3.7/site-packages/airflow/example_dags/example_complex.py for tasks to queue
[2023-08-07T10:47:00.436+0000] {logging_mixin.py:150} INFO - [2023-08-07T10:47:00.436+0000] {dagbag.py:541} INFO - Filling up the DagBag from /home/airflow/.local/lib/python3.7/site-packages/airflow/example_dags/example_complex.py
[2023-08-07T10:47:00.446+0000] {processor.py:836} INFO - DAG(s) dict_keys(['example_complex']) retrieved from /home/airflow/.local/lib/python3.7/site-packages/airflow/example_dags/example_complex.py
[2023-08-07T10:47:00.469+0000] {logging_mixin.py:150} INFO - [2023-08-07T10:47:00.469+0000] {dag.py:2742} INFO - Sync 1 DAGs
[2023-08-07T10:47:00.482+0000] {logging_mixin.py:150} INFO - [2023-08-07T10:47:00.482+0000] {dag.py:3508} INFO - Setting next_dagrun for example_complex to None, run_after=None
[2023-08-07T10:47:00.492+0000] {processor.py:179} INFO - Processing /home/airflow/.local/lib/python3.7/site-packages/airflow/example_dags/example_complex.py took 0.063 seconds
[2023-08-07T10:47:30.568+0000] {processor.py:157} INFO - Started process (PID=498) to work on /home/airflow/.local/lib/python3.7/site-packages/airflow/example_dags/example_complex.py
[2023-08-07T10:47:30.569+0000] {processor.py:826} INFO - Processing file /home/airflow/.local/lib/python3.7/site-packages/airflow/example_dags/example_complex.py for tasks to queue
[2023-08-07T10:47:30.570+0000] {logging_mixin.py:150} INFO - [2023-08-07T10:47:30.570+0000] {dagbag.py:541} INFO - Filling up the DagBag from /home/airflow/.local/lib/python3.7/site-packages/airflow/example_dags/example_complex.py
[2023-08-07T10:47:30.579+0000] {processor.py:836} INFO - DAG(s) dict_keys(['example_complex']) retrieved from /home/airflow/.local/lib/python3.7/site-packages/airflow/example_dags/example_complex.py
[2023-08-07T10:47:30.602+0000] {logging_mixin.py:150} INFO - [2023-08-07T10:47:30.602+0000] {dag.py:2742} INFO - Sync 1 DAGs
[2023-08-07T10:47:30.615+0000] {logging_mixin.py:150} INFO - [2023-08-07T10:47:30.615+0000] {dag.py:3508} INFO - Setting next_dagrun for example_complex to None, run_after=None
[2023-08-07T10:47:30.625+0000] {processor.py:179} INFO - Processing /home/airflow/.local/lib/python3.7/site-packages/airflow/example_dags/example_complex.py took 0.060 seconds
[2023-08-07T10:48:00.691+0000] {processor.py:157} INFO - Started process (PID=556) to work on /home/airflow/.local/lib/python3.7/site-packages/airflow/example_dags/example_complex.py
[2023-08-07T10:48:00.692+0000] {processor.py:826} INFO - Processing file /home/airflow/.local/lib/python3.7/site-packages/airflow/example_dags/example_complex.py for tasks to queue
[2023-08-07T10:48:00.693+0000] {logging_mixin.py:150} INFO - [2023-08-07T10:48:00.693+0000] {dagbag.py:541} INFO - Filling up the DagBag from /home/airflow/.local/lib/python3.7/site-packages/airflow/example_dags/example_complex.py
[2023-08-07T10:48:00.700+0000] {processor.py:836} INFO - DAG(s) dict_keys(['example_complex']) retrieved from /home/airflow/.local/lib/python3.7/site-packages/airflow/example_dags/example_complex.py
[2023-08-07T10:48:00.721+0000] {logging_mixin.py:150} INFO - [2023-08-07T10:48:00.721+0000] {dag.py:2742} INFO - Sync 1 DAGs
[2023-08-07T10:48:00.735+0000] {logging_mixin.py:150} INFO - [2023-08-07T10:48:00.735+0000] {dag.py:3508} INFO - Setting next_dagrun for example_complex to None, run_after=None
[2023-08-07T10:48:00.744+0000] {processor.py:179} INFO - Processing /home/airflow/.local/lib/python3.7/site-packages/airflow/example_dags/example_complex.py took 0.056 seconds
[2023-08-07T10:48:31.083+0000] {processor.py:157} INFO - Started process (PID=614) to work on /home/airflow/.local/lib/python3.7/site-packages/airflow/example_dags/example_complex.py
[2023-08-07T10:48:31.083+0000] {processor.py:826} INFO - Processing file /home/airflow/.local/lib/python3.7/site-packages/airflow/example_dags/example_complex.py for tasks to queue
[2023-08-07T10:48:31.084+0000] {logging_mixin.py:150} INFO - [2023-08-07T10:48:31.084+0000] {dagbag.py:541} INFO - Filling up the DagBag from /home/airflow/.local/lib/python3.7/site-packages/airflow/example_dags/example_complex.py
[2023-08-07T10:48:31.091+0000] {processor.py:836} INFO - DAG(s) dict_keys(['example_complex']) retrieved from /home/airflow/.local/lib/python3.7/site-packages/airflow/example_dags/example_complex.py
[2023-08-07T10:48:31.119+0000] {logging_mixin.py:150} INFO - [2023-08-07T10:48:31.119+0000] {dag.py:2742} INFO - Sync 1 DAGs
[2023-08-07T10:48:31.136+0000] {logging_mixin.py:150} INFO - [2023-08-07T10:48:31.136+0000] {dag.py:3508} INFO - Setting next_dagrun for example_complex to None, run_after=None
[2023-08-07T10:48:31.148+0000] {processor.py:179} INFO - Processing /home/airflow/.local/lib/python3.7/site-packages/airflow/example_dags/example_complex.py took 0.067 seconds
