[2023-08-07T10:43:34.541+0000] {processor.py:157} INFO - Started process (PID=64) to work on /home/airflow/.local/lib/python3.7/site-packages/airflow/example_dags/example_branch_day_of_week_operator.py
[2023-08-07T10:43:34.542+0000] {processor.py:826} INFO - Processing file /home/airflow/.local/lib/python3.7/site-packages/airflow/example_dags/example_branch_day_of_week_operator.py for tasks to queue
[2023-08-07T10:43:34.543+0000] {logging_mixin.py:150} INFO - [2023-08-07T10:43:34.543+0000] {dagbag.py:541} INFO - Filling up the DagBag from /home/airflow/.local/lib/python3.7/site-packages/airflow/example_dags/example_branch_day_of_week_operator.py
[2023-08-07T10:43:34.549+0000] {processor.py:836} INFO - DAG(s) dict_keys(['example_weekday_branch_operator']) retrieved from /home/airflow/.local/lib/python3.7/site-packages/airflow/example_dags/example_branch_day_of_week_operator.py
[2023-08-07T10:43:34.619+0000] {logging_mixin.py:150} INFO - [2023-08-07T10:43:34.619+0000] {manager.py:504} INFO - Created Permission View: can edit on DAG:example_weekday_branch_operator
[2023-08-07T10:43:34.625+0000] {logging_mixin.py:150} INFO - [2023-08-07T10:43:34.625+0000] {manager.py:504} INFO - Created Permission View: can delete on DAG:example_weekday_branch_operator
[2023-08-07T10:43:34.629+0000] {logging_mixin.py:150} INFO - [2023-08-07T10:43:34.629+0000] {manager.py:504} INFO - Created Permission View: can read on DAG:example_weekday_branch_operator
[2023-08-07T10:43:34.637+0000] {logging_mixin.py:150} INFO - [2023-08-07T10:43:34.637+0000] {dag.py:2742} INFO - Sync 1 DAGs
[2023-08-07T10:43:34.644+0000] {logging_mixin.py:150} INFO - [2023-08-07T10:43:34.643+0000] {dag.py:2763} INFO - Creating ORM DAG for example_weekday_branch_operator
[2023-08-07T10:43:34.651+0000] {logging_mixin.py:150} INFO - [2023-08-07T10:43:34.650+0000] {dag.py:3508} INFO - Setting next_dagrun for example_weekday_branch_operator to 2023-08-06T00:00:00+00:00, run_after=2023-08-07T00:00:00+00:00
[2023-08-07T10:43:34.662+0000] {processor.py:179} INFO - Processing /home/airflow/.local/lib/python3.7/site-packages/airflow/example_dags/example_branch_day_of_week_operator.py took 0.123 seconds
[2023-08-07T10:44:05.162+0000] {processor.py:157} INFO - Started process (PID=122) to work on /home/airflow/.local/lib/python3.7/site-packages/airflow/example_dags/example_branch_day_of_week_operator.py
[2023-08-07T10:44:05.163+0000] {processor.py:826} INFO - Processing file /home/airflow/.local/lib/python3.7/site-packages/airflow/example_dags/example_branch_day_of_week_operator.py for tasks to queue
[2023-08-07T10:44:05.163+0000] {logging_mixin.py:150} INFO - [2023-08-07T10:44:05.163+0000] {dagbag.py:541} INFO - Filling up the DagBag from /home/airflow/.local/lib/python3.7/site-packages/airflow/example_dags/example_branch_day_of_week_operator.py
[2023-08-07T10:44:05.169+0000] {processor.py:836} INFO - DAG(s) dict_keys(['example_weekday_branch_operator']) retrieved from /home/airflow/.local/lib/python3.7/site-packages/airflow/example_dags/example_branch_day_of_week_operator.py
[2023-08-07T10:44:05.186+0000] {logging_mixin.py:150} INFO - [2023-08-07T10:44:05.186+0000] {dag.py:2742} INFO - Sync 1 DAGs
[2023-08-07T10:44:05.201+0000] {logging_mixin.py:150} INFO - [2023-08-07T10:44:05.201+0000] {dag.py:3508} INFO - Setting next_dagrun for example_weekday_branch_operator to 2023-08-06T00:00:00+00:00, run_after=2023-08-07T00:00:00+00:00
[2023-08-07T10:44:05.211+0000] {processor.py:179} INFO - Processing /home/airflow/.local/lib/python3.7/site-packages/airflow/example_dags/example_branch_day_of_week_operator.py took 0.051 seconds
[2023-08-07T10:44:35.581+0000] {processor.py:157} INFO - Started process (PID=180) to work on /home/airflow/.local/lib/python3.7/site-packages/airflow/example_dags/example_branch_day_of_week_operator.py
[2023-08-07T10:44:35.582+0000] {processor.py:826} INFO - Processing file /home/airflow/.local/lib/python3.7/site-packages/airflow/example_dags/example_branch_day_of_week_operator.py for tasks to queue
[2023-08-07T10:44:35.583+0000] {logging_mixin.py:150} INFO - [2023-08-07T10:44:35.583+0000] {dagbag.py:541} INFO - Filling up the DagBag from /home/airflow/.local/lib/python3.7/site-packages/airflow/example_dags/example_branch_day_of_week_operator.py
[2023-08-07T10:44:35.588+0000] {processor.py:836} INFO - DAG(s) dict_keys(['example_weekday_branch_operator']) retrieved from /home/airflow/.local/lib/python3.7/site-packages/airflow/example_dags/example_branch_day_of_week_operator.py
[2023-08-07T10:44:35.606+0000] {logging_mixin.py:150} INFO - [2023-08-07T10:44:35.606+0000] {dag.py:2742} INFO - Sync 1 DAGs
[2023-08-07T10:44:35.621+0000] {logging_mixin.py:150} INFO - [2023-08-07T10:44:35.620+0000] {dag.py:3508} INFO - Setting next_dagrun for example_weekday_branch_operator to 2023-08-06T00:00:00+00:00, run_after=2023-08-07T00:00:00+00:00
[2023-08-07T10:44:35.630+0000] {processor.py:179} INFO - Processing /home/airflow/.local/lib/python3.7/site-packages/airflow/example_dags/example_branch_day_of_week_operator.py took 0.051 seconds
[2023-08-07T10:45:05.886+0000] {processor.py:157} INFO - Started process (PID=238) to work on /home/airflow/.local/lib/python3.7/site-packages/airflow/example_dags/example_branch_day_of_week_operator.py
[2023-08-07T10:45:05.887+0000] {processor.py:826} INFO - Processing file /home/airflow/.local/lib/python3.7/site-packages/airflow/example_dags/example_branch_day_of_week_operator.py for tasks to queue
[2023-08-07T10:45:05.888+0000] {logging_mixin.py:150} INFO - [2023-08-07T10:45:05.888+0000] {dagbag.py:541} INFO - Filling up the DagBag from /home/airflow/.local/lib/python3.7/site-packages/airflow/example_dags/example_branch_day_of_week_operator.py
[2023-08-07T10:45:05.893+0000] {processor.py:836} INFO - DAG(s) dict_keys(['example_weekday_branch_operator']) retrieved from /home/airflow/.local/lib/python3.7/site-packages/airflow/example_dags/example_branch_day_of_week_operator.py
[2023-08-07T10:45:05.911+0000] {logging_mixin.py:150} INFO - [2023-08-07T10:45:05.911+0000] {dag.py:2742} INFO - Sync 1 DAGs
[2023-08-07T10:45:05.925+0000] {logging_mixin.py:150} INFO - [2023-08-07T10:45:05.925+0000] {dag.py:3508} INFO - Setting next_dagrun for example_weekday_branch_operator to 2023-08-06T00:00:00+00:00, run_after=2023-08-07T00:00:00+00:00
[2023-08-07T10:45:05.935+0000] {processor.py:179} INFO - Processing /home/airflow/.local/lib/python3.7/site-packages/airflow/example_dags/example_branch_day_of_week_operator.py took 0.051 seconds
[2023-08-07T10:45:36.107+0000] {processor.py:157} INFO - Started process (PID=296) to work on /home/airflow/.local/lib/python3.7/site-packages/airflow/example_dags/example_branch_day_of_week_operator.py
[2023-08-07T10:45:36.108+0000] {processor.py:826} INFO - Processing file /home/airflow/.local/lib/python3.7/site-packages/airflow/example_dags/example_branch_day_of_week_operator.py for tasks to queue
[2023-08-07T10:45:36.108+0000] {logging_mixin.py:150} INFO - [2023-08-07T10:45:36.108+0000] {dagbag.py:541} INFO - Filling up the DagBag from /home/airflow/.local/lib/python3.7/site-packages/airflow/example_dags/example_branch_day_of_week_operator.py
[2023-08-07T10:45:36.114+0000] {processor.py:836} INFO - DAG(s) dict_keys(['example_weekday_branch_operator']) retrieved from /home/airflow/.local/lib/python3.7/site-packages/airflow/example_dags/example_branch_day_of_week_operator.py
[2023-08-07T10:45:36.134+0000] {logging_mixin.py:150} INFO - [2023-08-07T10:45:36.134+0000] {dag.py:2742} INFO - Sync 1 DAGs
[2023-08-07T10:45:36.151+0000] {logging_mixin.py:150} INFO - [2023-08-07T10:45:36.151+0000] {dag.py:3508} INFO - Setting next_dagrun for example_weekday_branch_operator to 2023-08-06T00:00:00+00:00, run_after=2023-08-07T00:00:00+00:00
[2023-08-07T10:45:36.162+0000] {processor.py:179} INFO - Processing /home/airflow/.local/lib/python3.7/site-packages/airflow/example_dags/example_branch_day_of_week_operator.py took 0.058 seconds
[2023-08-07T10:46:06.220+0000] {processor.py:157} INFO - Started process (PID=354) to work on /home/airflow/.local/lib/python3.7/site-packages/airflow/example_dags/example_branch_day_of_week_operator.py
[2023-08-07T10:46:06.221+0000] {processor.py:826} INFO - Processing file /home/airflow/.local/lib/python3.7/site-packages/airflow/example_dags/example_branch_day_of_week_operator.py for tasks to queue
[2023-08-07T10:46:06.222+0000] {logging_mixin.py:150} INFO - [2023-08-07T10:46:06.222+0000] {dagbag.py:541} INFO - Filling up the DagBag from /home/airflow/.local/lib/python3.7/site-packages/airflow/example_dags/example_branch_day_of_week_operator.py
[2023-08-07T10:46:06.227+0000] {processor.py:836} INFO - DAG(s) dict_keys(['example_weekday_branch_operator']) retrieved from /home/airflow/.local/lib/python3.7/site-packages/airflow/example_dags/example_branch_day_of_week_operator.py
[2023-08-07T10:46:06.244+0000] {logging_mixin.py:150} INFO - [2023-08-07T10:46:06.244+0000] {dag.py:2742} INFO - Sync 1 DAGs
[2023-08-07T10:46:06.259+0000] {logging_mixin.py:150} INFO - [2023-08-07T10:46:06.258+0000] {dag.py:3508} INFO - Setting next_dagrun for example_weekday_branch_operator to 2023-08-06T00:00:00+00:00, run_after=2023-08-07T00:00:00+00:00
[2023-08-07T10:46:06.269+0000] {processor.py:179} INFO - Processing /home/airflow/.local/lib/python3.7/site-packages/airflow/example_dags/example_branch_day_of_week_operator.py took 0.051 seconds
[2023-08-07T10:46:36.598+0000] {processor.py:157} INFO - Started process (PID=412) to work on /home/airflow/.local/lib/python3.7/site-packages/airflow/example_dags/example_branch_day_of_week_operator.py
[2023-08-07T10:46:36.599+0000] {processor.py:826} INFO - Processing file /home/airflow/.local/lib/python3.7/site-packages/airflow/example_dags/example_branch_day_of_week_operator.py for tasks to queue
[2023-08-07T10:46:36.600+0000] {logging_mixin.py:150} INFO - [2023-08-07T10:46:36.600+0000] {dagbag.py:541} INFO - Filling up the DagBag from /home/airflow/.local/lib/python3.7/site-packages/airflow/example_dags/example_branch_day_of_week_operator.py
[2023-08-07T10:46:36.605+0000] {processor.py:836} INFO - DAG(s) dict_keys(['example_weekday_branch_operator']) retrieved from /home/airflow/.local/lib/python3.7/site-packages/airflow/example_dags/example_branch_day_of_week_operator.py
[2023-08-07T10:46:36.623+0000] {logging_mixin.py:150} INFO - [2023-08-07T10:46:36.623+0000] {dag.py:2742} INFO - Sync 1 DAGs
[2023-08-07T10:46:36.637+0000] {logging_mixin.py:150} INFO - [2023-08-07T10:46:36.637+0000] {dag.py:3508} INFO - Setting next_dagrun for example_weekday_branch_operator to 2023-08-06T00:00:00+00:00, run_after=2023-08-07T00:00:00+00:00
[2023-08-07T10:46:36.647+0000] {processor.py:179} INFO - Processing /home/airflow/.local/lib/python3.7/site-packages/airflow/example_dags/example_branch_day_of_week_operator.py took 0.051 seconds
[2023-08-07T10:47:06.891+0000] {processor.py:157} INFO - Started process (PID=470) to work on /home/airflow/.local/lib/python3.7/site-packages/airflow/example_dags/example_branch_day_of_week_operator.py
[2023-08-07T10:47:06.892+0000] {processor.py:826} INFO - Processing file /home/airflow/.local/lib/python3.7/site-packages/airflow/example_dags/example_branch_day_of_week_operator.py for tasks to queue
[2023-08-07T10:47:06.893+0000] {logging_mixin.py:150} INFO - [2023-08-07T10:47:06.893+0000] {dagbag.py:541} INFO - Filling up the DagBag from /home/airflow/.local/lib/python3.7/site-packages/airflow/example_dags/example_branch_day_of_week_operator.py
[2023-08-07T10:47:06.898+0000] {processor.py:836} INFO - DAG(s) dict_keys(['example_weekday_branch_operator']) retrieved from /home/airflow/.local/lib/python3.7/site-packages/airflow/example_dags/example_branch_day_of_week_operator.py
[2023-08-07T10:47:06.915+0000] {logging_mixin.py:150} INFO - [2023-08-07T10:47:06.915+0000] {dag.py:2742} INFO - Sync 1 DAGs
[2023-08-07T10:47:06.929+0000] {logging_mixin.py:150} INFO - [2023-08-07T10:47:06.929+0000] {dag.py:3508} INFO - Setting next_dagrun for example_weekday_branch_operator to 2023-08-06T00:00:00+00:00, run_after=2023-08-07T00:00:00+00:00
[2023-08-07T10:47:06.938+0000] {processor.py:179} INFO - Processing /home/airflow/.local/lib/python3.7/site-packages/airflow/example_dags/example_branch_day_of_week_operator.py took 0.049 seconds
[2023-08-07T10:47:37.989+0000] {processor.py:157} INFO - Started process (PID=528) to work on /home/airflow/.local/lib/python3.7/site-packages/airflow/example_dags/example_branch_day_of_week_operator.py
[2023-08-07T10:47:37.990+0000] {processor.py:826} INFO - Processing file /home/airflow/.local/lib/python3.7/site-packages/airflow/example_dags/example_branch_day_of_week_operator.py for tasks to queue
[2023-08-07T10:47:37.991+0000] {logging_mixin.py:150} INFO - [2023-08-07T10:47:37.991+0000] {dagbag.py:541} INFO - Filling up the DagBag from /home/airflow/.local/lib/python3.7/site-packages/airflow/example_dags/example_branch_day_of_week_operator.py
[2023-08-07T10:47:37.996+0000] {processor.py:836} INFO - DAG(s) dict_keys(['example_weekday_branch_operator']) retrieved from /home/airflow/.local/lib/python3.7/site-packages/airflow/example_dags/example_branch_day_of_week_operator.py
[2023-08-07T10:47:38.014+0000] {logging_mixin.py:150} INFO - [2023-08-07T10:47:38.014+0000] {dag.py:2742} INFO - Sync 1 DAGs
[2023-08-07T10:47:38.028+0000] {logging_mixin.py:150} INFO - [2023-08-07T10:47:38.028+0000] {dag.py:3508} INFO - Setting next_dagrun for example_weekday_branch_operator to 2023-08-06T00:00:00+00:00, run_after=2023-08-07T00:00:00+00:00
[2023-08-07T10:47:38.037+0000] {processor.py:179} INFO - Processing /home/airflow/.local/lib/python3.7/site-packages/airflow/example_dags/example_branch_day_of_week_operator.py took 0.050 seconds
[2023-08-07T10:48:08.250+0000] {processor.py:157} INFO - Started process (PID=586) to work on /home/airflow/.local/lib/python3.7/site-packages/airflow/example_dags/example_branch_day_of_week_operator.py
[2023-08-07T10:48:08.251+0000] {processor.py:826} INFO - Processing file /home/airflow/.local/lib/python3.7/site-packages/airflow/example_dags/example_branch_day_of_week_operator.py for tasks to queue
[2023-08-07T10:48:08.252+0000] {logging_mixin.py:150} INFO - [2023-08-07T10:48:08.252+0000] {dagbag.py:541} INFO - Filling up the DagBag from /home/airflow/.local/lib/python3.7/site-packages/airflow/example_dags/example_branch_day_of_week_operator.py
[2023-08-07T10:48:08.257+0000] {processor.py:836} INFO - DAG(s) dict_keys(['example_weekday_branch_operator']) retrieved from /home/airflow/.local/lib/python3.7/site-packages/airflow/example_dags/example_branch_day_of_week_operator.py
[2023-08-07T10:48:08.277+0000] {logging_mixin.py:150} INFO - [2023-08-07T10:48:08.277+0000] {dag.py:2742} INFO - Sync 1 DAGs
[2023-08-07T10:48:08.292+0000] {logging_mixin.py:150} INFO - [2023-08-07T10:48:08.292+0000] {dag.py:3508} INFO - Setting next_dagrun for example_weekday_branch_operator to 2023-08-06T00:00:00+00:00, run_after=2023-08-07T00:00:00+00:00
[2023-08-07T10:48:08.302+0000] {processor.py:179} INFO - Processing /home/airflow/.local/lib/python3.7/site-packages/airflow/example_dags/example_branch_day_of_week_operator.py took 0.055 seconds
[2023-08-07T10:48:38.623+0000] {processor.py:157} INFO - Started process (PID=644) to work on /home/airflow/.local/lib/python3.7/site-packages/airflow/example_dags/example_branch_day_of_week_operator.py
[2023-08-07T10:48:38.624+0000] {processor.py:826} INFO - Processing file /home/airflow/.local/lib/python3.7/site-packages/airflow/example_dags/example_branch_day_of_week_operator.py for tasks to queue
[2023-08-07T10:48:38.625+0000] {logging_mixin.py:150} INFO - [2023-08-07T10:48:38.625+0000] {dagbag.py:541} INFO - Filling up the DagBag from /home/airflow/.local/lib/python3.7/site-packages/airflow/example_dags/example_branch_day_of_week_operator.py
[2023-08-07T10:48:38.631+0000] {processor.py:836} INFO - DAG(s) dict_keys(['example_weekday_branch_operator']) retrieved from /home/airflow/.local/lib/python3.7/site-packages/airflow/example_dags/example_branch_day_of_week_operator.py
[2023-08-07T10:48:38.651+0000] {logging_mixin.py:150} INFO - [2023-08-07T10:48:38.651+0000] {dag.py:2742} INFO - Sync 1 DAGs
[2023-08-07T10:48:38.667+0000] {logging_mixin.py:150} INFO - [2023-08-07T10:48:38.667+0000] {dag.py:3508} INFO - Setting next_dagrun for example_weekday_branch_operator to 2023-08-06T00:00:00+00:00, run_after=2023-08-07T00:00:00+00:00
[2023-08-07T10:48:38.677+0000] {processor.py:179} INFO - Processing /home/airflow/.local/lib/python3.7/site-packages/airflow/example_dags/example_branch_day_of_week_operator.py took 0.057 seconds
[2023-08-07T10:49:08.917+0000] {processor.py:157} INFO - Started process (PID=703) to work on /home/airflow/.local/lib/python3.7/site-packages/airflow/example_dags/example_branch_day_of_week_operator.py
[2023-08-07T10:49:08.918+0000] {processor.py:826} INFO - Processing file /home/airflow/.local/lib/python3.7/site-packages/airflow/example_dags/example_branch_day_of_week_operator.py for tasks to queue
[2023-08-07T10:49:08.918+0000] {logging_mixin.py:150} INFO - [2023-08-07T10:49:08.918+0000] {dagbag.py:541} INFO - Filling up the DagBag from /home/airflow/.local/lib/python3.7/site-packages/airflow/example_dags/example_branch_day_of_week_operator.py
[2023-08-07T10:49:08.924+0000] {processor.py:836} INFO - DAG(s) dict_keys(['example_weekday_branch_operator']) retrieved from /home/airflow/.local/lib/python3.7/site-packages/airflow/example_dags/example_branch_day_of_week_operator.py
[2023-08-07T10:49:08.943+0000] {logging_mixin.py:150} INFO - [2023-08-07T10:49:08.942+0000] {dag.py:2742} INFO - Sync 1 DAGs
[2023-08-07T10:49:08.957+0000] {logging_mixin.py:150} INFO - [2023-08-07T10:49:08.957+0000] {dag.py:3508} INFO - Setting next_dagrun for example_weekday_branch_operator to 2023-08-06T00:00:00+00:00, run_after=2023-08-07T00:00:00+00:00
[2023-08-07T10:49:08.966+0000] {processor.py:179} INFO - Processing /home/airflow/.local/lib/python3.7/site-packages/airflow/example_dags/example_branch_day_of_week_operator.py took 0.052 seconds
[2023-08-07T10:49:39.061+0000] {processor.py:157} INFO - Started process (PID=761) to work on /home/airflow/.local/lib/python3.7/site-packages/airflow/example_dags/example_branch_day_of_week_operator.py
[2023-08-07T10:49:39.063+0000] {processor.py:826} INFO - Processing file /home/airflow/.local/lib/python3.7/site-packages/airflow/example_dags/example_branch_day_of_week_operator.py for tasks to queue
[2023-08-07T10:49:39.063+0000] {logging_mixin.py:150} INFO - [2023-08-07T10:49:39.063+0000] {dagbag.py:541} INFO - Filling up the DagBag from /home/airflow/.local/lib/python3.7/site-packages/airflow/example_dags/example_branch_day_of_week_operator.py
[2023-08-07T10:49:39.069+0000] {processor.py:836} INFO - DAG(s) dict_keys(['example_weekday_branch_operator']) retrieved from /home/airflow/.local/lib/python3.7/site-packages/airflow/example_dags/example_branch_day_of_week_operator.py
[2023-08-07T10:49:39.087+0000] {logging_mixin.py:150} INFO - [2023-08-07T10:49:39.087+0000] {dag.py:2742} INFO - Sync 1 DAGs
[2023-08-07T10:49:39.102+0000] {logging_mixin.py:150} INFO - [2023-08-07T10:49:39.102+0000] {dag.py:3508} INFO - Setting next_dagrun for example_weekday_branch_operator to 2023-08-06T00:00:00+00:00, run_after=2023-08-07T00:00:00+00:00
[2023-08-07T10:49:39.111+0000] {processor.py:179} INFO - Processing /home/airflow/.local/lib/python3.7/site-packages/airflow/example_dags/example_branch_day_of_week_operator.py took 0.053 seconds
[2023-08-07T10:50:09.402+0000] {processor.py:157} INFO - Started process (PID=819) to work on /home/airflow/.local/lib/python3.7/site-packages/airflow/example_dags/example_branch_day_of_week_operator.py
[2023-08-07T10:50:09.403+0000] {processor.py:826} INFO - Processing file /home/airflow/.local/lib/python3.7/site-packages/airflow/example_dags/example_branch_day_of_week_operator.py for tasks to queue
[2023-08-07T10:50:09.404+0000] {logging_mixin.py:150} INFO - [2023-08-07T10:50:09.404+0000] {dagbag.py:541} INFO - Filling up the DagBag from /home/airflow/.local/lib/python3.7/site-packages/airflow/example_dags/example_branch_day_of_week_operator.py
[2023-08-07T10:50:09.410+0000] {processor.py:836} INFO - DAG(s) dict_keys(['example_weekday_branch_operator']) retrieved from /home/airflow/.local/lib/python3.7/site-packages/airflow/example_dags/example_branch_day_of_week_operator.py
[2023-08-07T10:50:09.427+0000] {logging_mixin.py:150} INFO - [2023-08-07T10:50:09.427+0000] {dag.py:2742} INFO - Sync 1 DAGs
[2023-08-07T10:50:09.442+0000] {logging_mixin.py:150} INFO - [2023-08-07T10:50:09.442+0000] {dag.py:3508} INFO - Setting next_dagrun for example_weekday_branch_operator to 2023-08-06T00:00:00+00:00, run_after=2023-08-07T00:00:00+00:00
[2023-08-07T10:50:09.452+0000] {processor.py:179} INFO - Processing /home/airflow/.local/lib/python3.7/site-packages/airflow/example_dags/example_branch_day_of_week_operator.py took 0.052 seconds
[2023-08-07T10:50:39.613+0000] {processor.py:157} INFO - Started process (PID=876) to work on /home/airflow/.local/lib/python3.7/site-packages/airflow/example_dags/example_branch_day_of_week_operator.py
[2023-08-07T10:50:39.613+0000] {processor.py:826} INFO - Processing file /home/airflow/.local/lib/python3.7/site-packages/airflow/example_dags/example_branch_day_of_week_operator.py for tasks to queue
[2023-08-07T10:50:39.614+0000] {logging_mixin.py:150} INFO - [2023-08-07T10:50:39.614+0000] {dagbag.py:541} INFO - Filling up the DagBag from /home/airflow/.local/lib/python3.7/site-packages/airflow/example_dags/example_branch_day_of_week_operator.py
[2023-08-07T10:50:39.620+0000] {processor.py:836} INFO - DAG(s) dict_keys(['example_weekday_branch_operator']) retrieved from /home/airflow/.local/lib/python3.7/site-packages/airflow/example_dags/example_branch_day_of_week_operator.py
[2023-08-07T10:50:39.637+0000] {logging_mixin.py:150} INFO - [2023-08-07T10:50:39.637+0000] {dag.py:2742} INFO - Sync 1 DAGs
[2023-08-07T10:50:39.652+0000] {logging_mixin.py:150} INFO - [2023-08-07T10:50:39.652+0000] {dag.py:3508} INFO - Setting next_dagrun for example_weekday_branch_operator to 2023-08-06T00:00:00+00:00, run_after=2023-08-07T00:00:00+00:00
[2023-08-07T10:50:39.663+0000] {processor.py:179} INFO - Processing /home/airflow/.local/lib/python3.7/site-packages/airflow/example_dags/example_branch_day_of_week_operator.py took 0.053 seconds
[2023-08-07T10:51:09.888+0000] {processor.py:157} INFO - Started process (PID=934) to work on /home/airflow/.local/lib/python3.7/site-packages/airflow/example_dags/example_branch_day_of_week_operator.py
[2023-08-07T10:51:09.889+0000] {processor.py:826} INFO - Processing file /home/airflow/.local/lib/python3.7/site-packages/airflow/example_dags/example_branch_day_of_week_operator.py for tasks to queue
[2023-08-07T10:51:09.890+0000] {logging_mixin.py:150} INFO - [2023-08-07T10:51:09.890+0000] {dagbag.py:541} INFO - Filling up the DagBag from /home/airflow/.local/lib/python3.7/site-packages/airflow/example_dags/example_branch_day_of_week_operator.py
[2023-08-07T10:51:09.895+0000] {processor.py:836} INFO - DAG(s) dict_keys(['example_weekday_branch_operator']) retrieved from /home/airflow/.local/lib/python3.7/site-packages/airflow/example_dags/example_branch_day_of_week_operator.py
[2023-08-07T10:51:09.913+0000] {logging_mixin.py:150} INFO - [2023-08-07T10:51:09.913+0000] {dag.py:2742} INFO - Sync 1 DAGs
[2023-08-07T10:51:09.928+0000] {logging_mixin.py:150} INFO - [2023-08-07T10:51:09.928+0000] {dag.py:3508} INFO - Setting next_dagrun for example_weekday_branch_operator to 2023-08-06T00:00:00+00:00, run_after=2023-08-07T00:00:00+00:00
[2023-08-07T10:51:09.938+0000] {processor.py:179} INFO - Processing /home/airflow/.local/lib/python3.7/site-packages/airflow/example_dags/example_branch_day_of_week_operator.py took 0.053 seconds
[2023-08-07T10:51:40.158+0000] {processor.py:157} INFO - Started process (PID=992) to work on /home/airflow/.local/lib/python3.7/site-packages/airflow/example_dags/example_branch_day_of_week_operator.py
[2023-08-07T10:51:40.159+0000] {processor.py:826} INFO - Processing file /home/airflow/.local/lib/python3.7/site-packages/airflow/example_dags/example_branch_day_of_week_operator.py for tasks to queue
[2023-08-07T10:51:40.159+0000] {logging_mixin.py:150} INFO - [2023-08-07T10:51:40.159+0000] {dagbag.py:541} INFO - Filling up the DagBag from /home/airflow/.local/lib/python3.7/site-packages/airflow/example_dags/example_branch_day_of_week_operator.py
[2023-08-07T10:51:40.164+0000] {processor.py:836} INFO - DAG(s) dict_keys(['example_weekday_branch_operator']) retrieved from /home/airflow/.local/lib/python3.7/site-packages/airflow/example_dags/example_branch_day_of_week_operator.py
[2023-08-07T10:51:40.182+0000] {logging_mixin.py:150} INFO - [2023-08-07T10:51:40.182+0000] {dag.py:2742} INFO - Sync 1 DAGs
[2023-08-07T10:51:40.197+0000] {logging_mixin.py:150} INFO - [2023-08-07T10:51:40.197+0000] {dag.py:3508} INFO - Setting next_dagrun for example_weekday_branch_operator to 2023-08-06T00:00:00+00:00, run_after=2023-08-07T00:00:00+00:00
[2023-08-07T10:51:40.207+0000] {processor.py:179} INFO - Processing /home/airflow/.local/lib/python3.7/site-packages/airflow/example_dags/example_branch_day_of_week_operator.py took 0.051 seconds
[2023-08-07T10:52:10.420+0000] {processor.py:157} INFO - Started process (PID=1050) to work on /home/airflow/.local/lib/python3.7/site-packages/airflow/example_dags/example_branch_day_of_week_operator.py
[2023-08-07T10:52:10.421+0000] {processor.py:826} INFO - Processing file /home/airflow/.local/lib/python3.7/site-packages/airflow/example_dags/example_branch_day_of_week_operator.py for tasks to queue
[2023-08-07T10:52:10.422+0000] {logging_mixin.py:150} INFO - [2023-08-07T10:52:10.421+0000] {dagbag.py:541} INFO - Filling up the DagBag from /home/airflow/.local/lib/python3.7/site-packages/airflow/example_dags/example_branch_day_of_week_operator.py
[2023-08-07T10:52:10.427+0000] {processor.py:836} INFO - DAG(s) dict_keys(['example_weekday_branch_operator']) retrieved from /home/airflow/.local/lib/python3.7/site-packages/airflow/example_dags/example_branch_day_of_week_operator.py
[2023-08-07T10:52:10.444+0000] {logging_mixin.py:150} INFO - [2023-08-07T10:52:10.444+0000] {dag.py:2742} INFO - Sync 1 DAGs
[2023-08-07T10:52:10.459+0000] {logging_mixin.py:150} INFO - [2023-08-07T10:52:10.459+0000] {dag.py:3508} INFO - Setting next_dagrun for example_weekday_branch_operator to 2023-08-06T00:00:00+00:00, run_after=2023-08-07T00:00:00+00:00
[2023-08-07T10:52:10.469+0000] {processor.py:179} INFO - Processing /home/airflow/.local/lib/python3.7/site-packages/airflow/example_dags/example_branch_day_of_week_operator.py took 0.051 seconds
[2023-08-07T10:52:40.736+0000] {processor.py:157} INFO - Started process (PID=1108) to work on /home/airflow/.local/lib/python3.7/site-packages/airflow/example_dags/example_branch_day_of_week_operator.py
[2023-08-07T10:52:40.737+0000] {processor.py:826} INFO - Processing file /home/airflow/.local/lib/python3.7/site-packages/airflow/example_dags/example_branch_day_of_week_operator.py for tasks to queue
[2023-08-07T10:52:40.738+0000] {logging_mixin.py:150} INFO - [2023-08-07T10:52:40.738+0000] {dagbag.py:541} INFO - Filling up the DagBag from /home/airflow/.local/lib/python3.7/site-packages/airflow/example_dags/example_branch_day_of_week_operator.py
[2023-08-07T10:52:40.744+0000] {processor.py:836} INFO - DAG(s) dict_keys(['example_weekday_branch_operator']) retrieved from /home/airflow/.local/lib/python3.7/site-packages/airflow/example_dags/example_branch_day_of_week_operator.py
[2023-08-07T10:52:40.762+0000] {logging_mixin.py:150} INFO - [2023-08-07T10:52:40.762+0000] {dag.py:2742} INFO - Sync 1 DAGs
[2023-08-07T10:52:40.777+0000] {logging_mixin.py:150} INFO - [2023-08-07T10:52:40.777+0000] {dag.py:3508} INFO - Setting next_dagrun for example_weekday_branch_operator to 2023-08-06T00:00:00+00:00, run_after=2023-08-07T00:00:00+00:00
[2023-08-07T10:52:40.786+0000] {processor.py:179} INFO - Processing /home/airflow/.local/lib/python3.7/site-packages/airflow/example_dags/example_branch_day_of_week_operator.py took 0.052 seconds
[2023-08-07T10:53:10.930+0000] {processor.py:157} INFO - Started process (PID=1166) to work on /home/airflow/.local/lib/python3.7/site-packages/airflow/example_dags/example_branch_day_of_week_operator.py
[2023-08-07T10:53:10.931+0000] {processor.py:826} INFO - Processing file /home/airflow/.local/lib/python3.7/site-packages/airflow/example_dags/example_branch_day_of_week_operator.py for tasks to queue
[2023-08-07T10:53:10.931+0000] {logging_mixin.py:150} INFO - [2023-08-07T10:53:10.931+0000] {dagbag.py:541} INFO - Filling up the DagBag from /home/airflow/.local/lib/python3.7/site-packages/airflow/example_dags/example_branch_day_of_week_operator.py
[2023-08-07T10:53:10.937+0000] {processor.py:836} INFO - DAG(s) dict_keys(['example_weekday_branch_operator']) retrieved from /home/airflow/.local/lib/python3.7/site-packages/airflow/example_dags/example_branch_day_of_week_operator.py
[2023-08-07T10:53:10.956+0000] {logging_mixin.py:150} INFO - [2023-08-07T10:53:10.956+0000] {dag.py:2742} INFO - Sync 1 DAGs
[2023-08-07T10:53:10.971+0000] {logging_mixin.py:150} INFO - [2023-08-07T10:53:10.971+0000] {dag.py:3508} INFO - Setting next_dagrun for example_weekday_branch_operator to 2023-08-06T00:00:00+00:00, run_after=2023-08-07T00:00:00+00:00
[2023-08-07T10:53:10.981+0000] {processor.py:179} INFO - Processing /home/airflow/.local/lib/python3.7/site-packages/airflow/example_dags/example_branch_day_of_week_operator.py took 0.054 seconds
[2023-08-07T10:53:41.287+0000] {processor.py:157} INFO - Started process (PID=1224) to work on /home/airflow/.local/lib/python3.7/site-packages/airflow/example_dags/example_branch_day_of_week_operator.py
[2023-08-07T10:53:41.288+0000] {processor.py:826} INFO - Processing file /home/airflow/.local/lib/python3.7/site-packages/airflow/example_dags/example_branch_day_of_week_operator.py for tasks to queue
[2023-08-07T10:53:41.289+0000] {logging_mixin.py:150} INFO - [2023-08-07T10:53:41.289+0000] {dagbag.py:541} INFO - Filling up the DagBag from /home/airflow/.local/lib/python3.7/site-packages/airflow/example_dags/example_branch_day_of_week_operator.py
[2023-08-07T10:53:41.294+0000] {processor.py:836} INFO - DAG(s) dict_keys(['example_weekday_branch_operator']) retrieved from /home/airflow/.local/lib/python3.7/site-packages/airflow/example_dags/example_branch_day_of_week_operator.py
[2023-08-07T10:53:41.312+0000] {logging_mixin.py:150} INFO - [2023-08-07T10:53:41.312+0000] {dag.py:2742} INFO - Sync 1 DAGs
[2023-08-07T10:53:41.326+0000] {logging_mixin.py:150} INFO - [2023-08-07T10:53:41.326+0000] {dag.py:3508} INFO - Setting next_dagrun for example_weekday_branch_operator to 2023-08-06T00:00:00+00:00, run_after=2023-08-07T00:00:00+00:00
[2023-08-07T10:53:41.336+0000] {processor.py:179} INFO - Processing /home/airflow/.local/lib/python3.7/site-packages/airflow/example_dags/example_branch_day_of_week_operator.py took 0.052 seconds
[2023-08-07T10:54:11.478+0000] {processor.py:157} INFO - Started process (PID=1282) to work on /home/airflow/.local/lib/python3.7/site-packages/airflow/example_dags/example_branch_day_of_week_operator.py
[2023-08-07T10:54:11.479+0000] {processor.py:826} INFO - Processing file /home/airflow/.local/lib/python3.7/site-packages/airflow/example_dags/example_branch_day_of_week_operator.py for tasks to queue
[2023-08-07T10:54:11.479+0000] {logging_mixin.py:150} INFO - [2023-08-07T10:54:11.479+0000] {dagbag.py:541} INFO - Filling up the DagBag from /home/airflow/.local/lib/python3.7/site-packages/airflow/example_dags/example_branch_day_of_week_operator.py
[2023-08-07T10:54:11.485+0000] {processor.py:836} INFO - DAG(s) dict_keys(['example_weekday_branch_operator']) retrieved from /home/airflow/.local/lib/python3.7/site-packages/airflow/example_dags/example_branch_day_of_week_operator.py
[2023-08-07T10:54:11.506+0000] {logging_mixin.py:150} INFO - [2023-08-07T10:54:11.505+0000] {dag.py:2742} INFO - Sync 1 DAGs
[2023-08-07T10:54:11.519+0000] {logging_mixin.py:150} INFO - [2023-08-07T10:54:11.519+0000] {dag.py:3508} INFO - Setting next_dagrun for example_weekday_branch_operator to 2023-08-06T00:00:00+00:00, run_after=2023-08-07T00:00:00+00:00
[2023-08-07T10:54:11.529+0000] {processor.py:179} INFO - Processing /home/airflow/.local/lib/python3.7/site-packages/airflow/example_dags/example_branch_day_of_week_operator.py took 0.054 seconds
[2023-08-07T10:54:41.801+0000] {processor.py:157} INFO - Started process (PID=1340) to work on /home/airflow/.local/lib/python3.7/site-packages/airflow/example_dags/example_branch_day_of_week_operator.py
[2023-08-07T10:54:41.802+0000] {processor.py:826} INFO - Processing file /home/airflow/.local/lib/python3.7/site-packages/airflow/example_dags/example_branch_day_of_week_operator.py for tasks to queue
[2023-08-07T10:54:41.803+0000] {logging_mixin.py:150} INFO - [2023-08-07T10:54:41.803+0000] {dagbag.py:541} INFO - Filling up the DagBag from /home/airflow/.local/lib/python3.7/site-packages/airflow/example_dags/example_branch_day_of_week_operator.py
[2023-08-07T10:54:41.808+0000] {processor.py:836} INFO - DAG(s) dict_keys(['example_weekday_branch_operator']) retrieved from /home/airflow/.local/lib/python3.7/site-packages/airflow/example_dags/example_branch_day_of_week_operator.py
[2023-08-07T10:54:41.826+0000] {logging_mixin.py:150} INFO - [2023-08-07T10:54:41.826+0000] {dag.py:2742} INFO - Sync 1 DAGs
[2023-08-07T10:54:41.841+0000] {logging_mixin.py:150} INFO - [2023-08-07T10:54:41.841+0000] {dag.py:3508} INFO - Setting next_dagrun for example_weekday_branch_operator to 2023-08-06T00:00:00+00:00, run_after=2023-08-07T00:00:00+00:00
[2023-08-07T10:54:41.851+0000] {processor.py:179} INFO - Processing /home/airflow/.local/lib/python3.7/site-packages/airflow/example_dags/example_branch_day_of_week_operator.py took 0.053 seconds
[2023-08-07T10:55:12.057+0000] {processor.py:157} INFO - Started process (PID=1398) to work on /home/airflow/.local/lib/python3.7/site-packages/airflow/example_dags/example_branch_day_of_week_operator.py
[2023-08-07T10:55:12.058+0000] {processor.py:826} INFO - Processing file /home/airflow/.local/lib/python3.7/site-packages/airflow/example_dags/example_branch_day_of_week_operator.py for tasks to queue
[2023-08-07T10:55:12.059+0000] {logging_mixin.py:150} INFO - [2023-08-07T10:55:12.059+0000] {dagbag.py:541} INFO - Filling up the DagBag from /home/airflow/.local/lib/python3.7/site-packages/airflow/example_dags/example_branch_day_of_week_operator.py
[2023-08-07T10:55:12.064+0000] {processor.py:836} INFO - DAG(s) dict_keys(['example_weekday_branch_operator']) retrieved from /home/airflow/.local/lib/python3.7/site-packages/airflow/example_dags/example_branch_day_of_week_operator.py
[2023-08-07T10:55:12.082+0000] {logging_mixin.py:150} INFO - [2023-08-07T10:55:12.082+0000] {dag.py:2742} INFO - Sync 1 DAGs
[2023-08-07T10:55:12.097+0000] {logging_mixin.py:150} INFO - [2023-08-07T10:55:12.097+0000] {dag.py:3508} INFO - Setting next_dagrun for example_weekday_branch_operator to 2023-08-06T00:00:00+00:00, run_after=2023-08-07T00:00:00+00:00
[2023-08-07T10:55:12.107+0000] {processor.py:179} INFO - Processing /home/airflow/.local/lib/python3.7/site-packages/airflow/example_dags/example_branch_day_of_week_operator.py took 0.052 seconds
[2023-08-07T10:55:42.333+0000] {processor.py:157} INFO - Started process (PID=1456) to work on /home/airflow/.local/lib/python3.7/site-packages/airflow/example_dags/example_branch_day_of_week_operator.py
[2023-08-07T10:55:42.334+0000] {processor.py:826} INFO - Processing file /home/airflow/.local/lib/python3.7/site-packages/airflow/example_dags/example_branch_day_of_week_operator.py for tasks to queue
[2023-08-07T10:55:42.335+0000] {logging_mixin.py:150} INFO - [2023-08-07T10:55:42.335+0000] {dagbag.py:541} INFO - Filling up the DagBag from /home/airflow/.local/lib/python3.7/site-packages/airflow/example_dags/example_branch_day_of_week_operator.py
[2023-08-07T10:55:42.340+0000] {processor.py:836} INFO - DAG(s) dict_keys(['example_weekday_branch_operator']) retrieved from /home/airflow/.local/lib/python3.7/site-packages/airflow/example_dags/example_branch_day_of_week_operator.py
[2023-08-07T10:55:42.357+0000] {logging_mixin.py:150} INFO - [2023-08-07T10:55:42.357+0000] {dag.py:2742} INFO - Sync 1 DAGs
[2023-08-07T10:55:42.373+0000] {logging_mixin.py:150} INFO - [2023-08-07T10:55:42.372+0000] {dag.py:3508} INFO - Setting next_dagrun for example_weekday_branch_operator to 2023-08-06T00:00:00+00:00, run_after=2023-08-07T00:00:00+00:00
[2023-08-07T10:55:42.382+0000] {processor.py:179} INFO - Processing /home/airflow/.local/lib/python3.7/site-packages/airflow/example_dags/example_branch_day_of_week_operator.py took 0.051 seconds
[2023-08-07T10:56:12.654+0000] {processor.py:157} INFO - Started process (PID=1514) to work on /home/airflow/.local/lib/python3.7/site-packages/airflow/example_dags/example_branch_day_of_week_operator.py
[2023-08-07T10:56:12.655+0000] {processor.py:826} INFO - Processing file /home/airflow/.local/lib/python3.7/site-packages/airflow/example_dags/example_branch_day_of_week_operator.py for tasks to queue
[2023-08-07T10:56:12.656+0000] {logging_mixin.py:150} INFO - [2023-08-07T10:56:12.655+0000] {dagbag.py:541} INFO - Filling up the DagBag from /home/airflow/.local/lib/python3.7/site-packages/airflow/example_dags/example_branch_day_of_week_operator.py
[2023-08-07T10:56:12.661+0000] {processor.py:836} INFO - DAG(s) dict_keys(['example_weekday_branch_operator']) retrieved from /home/airflow/.local/lib/python3.7/site-packages/airflow/example_dags/example_branch_day_of_week_operator.py
[2023-08-07T10:56:12.678+0000] {logging_mixin.py:150} INFO - [2023-08-07T10:56:12.678+0000] {dag.py:2742} INFO - Sync 1 DAGs
[2023-08-07T10:56:12.693+0000] {logging_mixin.py:150} INFO - [2023-08-07T10:56:12.693+0000] {dag.py:3508} INFO - Setting next_dagrun for example_weekday_branch_operator to 2023-08-06T00:00:00+00:00, run_after=2023-08-07T00:00:00+00:00
[2023-08-07T10:56:12.702+0000] {processor.py:179} INFO - Processing /home/airflow/.local/lib/python3.7/site-packages/airflow/example_dags/example_branch_day_of_week_operator.py took 0.050 seconds
[2023-08-07T10:56:42.986+0000] {processor.py:157} INFO - Started process (PID=1572) to work on /home/airflow/.local/lib/python3.7/site-packages/airflow/example_dags/example_branch_day_of_week_operator.py
[2023-08-07T10:56:42.987+0000] {processor.py:826} INFO - Processing file /home/airflow/.local/lib/python3.7/site-packages/airflow/example_dags/example_branch_day_of_week_operator.py for tasks to queue
[2023-08-07T10:56:42.988+0000] {logging_mixin.py:150} INFO - [2023-08-07T10:56:42.988+0000] {dagbag.py:541} INFO - Filling up the DagBag from /home/airflow/.local/lib/python3.7/site-packages/airflow/example_dags/example_branch_day_of_week_operator.py
[2023-08-07T10:56:42.994+0000] {processor.py:836} INFO - DAG(s) dict_keys(['example_weekday_branch_operator']) retrieved from /home/airflow/.local/lib/python3.7/site-packages/airflow/example_dags/example_branch_day_of_week_operator.py
[2023-08-07T10:56:43.013+0000] {logging_mixin.py:150} INFO - [2023-08-07T10:56:43.012+0000] {dag.py:2742} INFO - Sync 1 DAGs
[2023-08-07T10:56:43.028+0000] {logging_mixin.py:150} INFO - [2023-08-07T10:56:43.028+0000] {dag.py:3508} INFO - Setting next_dagrun for example_weekday_branch_operator to 2023-08-06T00:00:00+00:00, run_after=2023-08-07T00:00:00+00:00
[2023-08-07T10:56:43.039+0000] {processor.py:179} INFO - Processing /home/airflow/.local/lib/python3.7/site-packages/airflow/example_dags/example_branch_day_of_week_operator.py took 0.055 seconds
[2023-08-07T10:57:13.345+0000] {processor.py:157} INFO - Started process (PID=1629) to work on /home/airflow/.local/lib/python3.7/site-packages/airflow/example_dags/example_branch_day_of_week_operator.py
[2023-08-07T10:57:13.346+0000] {processor.py:826} INFO - Processing file /home/airflow/.local/lib/python3.7/site-packages/airflow/example_dags/example_branch_day_of_week_operator.py for tasks to queue
[2023-08-07T10:57:13.347+0000] {logging_mixin.py:150} INFO - [2023-08-07T10:57:13.347+0000] {dagbag.py:541} INFO - Filling up the DagBag from /home/airflow/.local/lib/python3.7/site-packages/airflow/example_dags/example_branch_day_of_week_operator.py
[2023-08-07T10:57:13.353+0000] {processor.py:836} INFO - DAG(s) dict_keys(['example_weekday_branch_operator']) retrieved from /home/airflow/.local/lib/python3.7/site-packages/airflow/example_dags/example_branch_day_of_week_operator.py
[2023-08-07T10:57:13.370+0000] {logging_mixin.py:150} INFO - [2023-08-07T10:57:13.369+0000] {dag.py:2742} INFO - Sync 1 DAGs
[2023-08-07T10:57:13.384+0000] {logging_mixin.py:150} INFO - [2023-08-07T10:57:13.384+0000] {dag.py:3508} INFO - Setting next_dagrun for example_weekday_branch_operator to 2023-08-06T00:00:00+00:00, run_after=2023-08-07T00:00:00+00:00
[2023-08-07T10:57:13.394+0000] {processor.py:179} INFO - Processing /home/airflow/.local/lib/python3.7/site-packages/airflow/example_dags/example_branch_day_of_week_operator.py took 0.051 seconds
[2023-08-07T10:57:43.637+0000] {processor.py:157} INFO - Started process (PID=1687) to work on /home/airflow/.local/lib/python3.7/site-packages/airflow/example_dags/example_branch_day_of_week_operator.py
[2023-08-07T10:57:43.638+0000] {processor.py:826} INFO - Processing file /home/airflow/.local/lib/python3.7/site-packages/airflow/example_dags/example_branch_day_of_week_operator.py for tasks to queue
[2023-08-07T10:57:43.639+0000] {logging_mixin.py:150} INFO - [2023-08-07T10:57:43.639+0000] {dagbag.py:541} INFO - Filling up the DagBag from /home/airflow/.local/lib/python3.7/site-packages/airflow/example_dags/example_branch_day_of_week_operator.py
[2023-08-07T10:57:43.644+0000] {processor.py:836} INFO - DAG(s) dict_keys(['example_weekday_branch_operator']) retrieved from /home/airflow/.local/lib/python3.7/site-packages/airflow/example_dags/example_branch_day_of_week_operator.py
[2023-08-07T10:57:43.662+0000] {logging_mixin.py:150} INFO - [2023-08-07T10:57:43.662+0000] {dag.py:2742} INFO - Sync 1 DAGs
[2023-08-07T10:57:43.676+0000] {logging_mixin.py:150} INFO - [2023-08-07T10:57:43.676+0000] {dag.py:3508} INFO - Setting next_dagrun for example_weekday_branch_operator to 2023-08-06T00:00:00+00:00, run_after=2023-08-07T00:00:00+00:00
[2023-08-07T10:57:43.685+0000] {processor.py:179} INFO - Processing /home/airflow/.local/lib/python3.7/site-packages/airflow/example_dags/example_branch_day_of_week_operator.py took 0.050 seconds
[2023-08-07T10:58:13.869+0000] {processor.py:157} INFO - Started process (PID=1745) to work on /home/airflow/.local/lib/python3.7/site-packages/airflow/example_dags/example_branch_day_of_week_operator.py
[2023-08-07T10:58:13.870+0000] {processor.py:826} INFO - Processing file /home/airflow/.local/lib/python3.7/site-packages/airflow/example_dags/example_branch_day_of_week_operator.py for tasks to queue
[2023-08-07T10:58:13.871+0000] {logging_mixin.py:150} INFO - [2023-08-07T10:58:13.870+0000] {dagbag.py:541} INFO - Filling up the DagBag from /home/airflow/.local/lib/python3.7/site-packages/airflow/example_dags/example_branch_day_of_week_operator.py
[2023-08-07T10:58:13.875+0000] {processor.py:836} INFO - DAG(s) dict_keys(['example_weekday_branch_operator']) retrieved from /home/airflow/.local/lib/python3.7/site-packages/airflow/example_dags/example_branch_day_of_week_operator.py
[2023-08-07T10:58:13.893+0000] {logging_mixin.py:150} INFO - [2023-08-07T10:58:13.893+0000] {dag.py:2742} INFO - Sync 1 DAGs
[2023-08-07T10:58:13.908+0000] {logging_mixin.py:150} INFO - [2023-08-07T10:58:13.908+0000] {dag.py:3508} INFO - Setting next_dagrun for example_weekday_branch_operator to 2023-08-06T00:00:00+00:00, run_after=2023-08-07T00:00:00+00:00
[2023-08-07T10:58:13.917+0000] {processor.py:179} INFO - Processing /home/airflow/.local/lib/python3.7/site-packages/airflow/example_dags/example_branch_day_of_week_operator.py took 0.051 seconds
[2023-08-07T10:58:44.196+0000] {processor.py:157} INFO - Started process (PID=1804) to work on /home/airflow/.local/lib/python3.7/site-packages/airflow/example_dags/example_branch_day_of_week_operator.py
[2023-08-07T10:58:44.197+0000] {processor.py:826} INFO - Processing file /home/airflow/.local/lib/python3.7/site-packages/airflow/example_dags/example_branch_day_of_week_operator.py for tasks to queue
[2023-08-07T10:58:44.197+0000] {logging_mixin.py:150} INFO - [2023-08-07T10:58:44.197+0000] {dagbag.py:541} INFO - Filling up the DagBag from /home/airflow/.local/lib/python3.7/site-packages/airflow/example_dags/example_branch_day_of_week_operator.py
[2023-08-07T10:58:44.202+0000] {processor.py:836} INFO - DAG(s) dict_keys(['example_weekday_branch_operator']) retrieved from /home/airflow/.local/lib/python3.7/site-packages/airflow/example_dags/example_branch_day_of_week_operator.py
[2023-08-07T10:58:44.220+0000] {logging_mixin.py:150} INFO - [2023-08-07T10:58:44.219+0000] {dag.py:2742} INFO - Sync 1 DAGs
[2023-08-07T10:58:44.234+0000] {logging_mixin.py:150} INFO - [2023-08-07T10:58:44.234+0000] {dag.py:3508} INFO - Setting next_dagrun for example_weekday_branch_operator to 2023-08-06T00:00:00+00:00, run_after=2023-08-07T00:00:00+00:00
[2023-08-07T10:58:44.244+0000] {processor.py:179} INFO - Processing /home/airflow/.local/lib/python3.7/site-packages/airflow/example_dags/example_branch_day_of_week_operator.py took 0.051 seconds
[2023-08-07T10:59:14.464+0000] {processor.py:157} INFO - Started process (PID=1862) to work on /home/airflow/.local/lib/python3.7/site-packages/airflow/example_dags/example_branch_day_of_week_operator.py
[2023-08-07T10:59:14.465+0000] {processor.py:826} INFO - Processing file /home/airflow/.local/lib/python3.7/site-packages/airflow/example_dags/example_branch_day_of_week_operator.py for tasks to queue
[2023-08-07T10:59:14.466+0000] {logging_mixin.py:150} INFO - [2023-08-07T10:59:14.466+0000] {dagbag.py:541} INFO - Filling up the DagBag from /home/airflow/.local/lib/python3.7/site-packages/airflow/example_dags/example_branch_day_of_week_operator.py
[2023-08-07T10:59:14.471+0000] {processor.py:836} INFO - DAG(s) dict_keys(['example_weekday_branch_operator']) retrieved from /home/airflow/.local/lib/python3.7/site-packages/airflow/example_dags/example_branch_day_of_week_operator.py
[2023-08-07T10:59:14.488+0000] {logging_mixin.py:150} INFO - [2023-08-07T10:59:14.488+0000] {dag.py:2742} INFO - Sync 1 DAGs
[2023-08-07T10:59:14.503+0000] {logging_mixin.py:150} INFO - [2023-08-07T10:59:14.503+0000] {dag.py:3508} INFO - Setting next_dagrun for example_weekday_branch_operator to 2023-08-06T00:00:00+00:00, run_after=2023-08-07T00:00:00+00:00
[2023-08-07T10:59:14.513+0000] {processor.py:179} INFO - Processing /home/airflow/.local/lib/python3.7/site-packages/airflow/example_dags/example_branch_day_of_week_operator.py took 0.050 seconds
[2023-08-07T10:59:44.794+0000] {processor.py:157} INFO - Started process (PID=1920) to work on /home/airflow/.local/lib/python3.7/site-packages/airflow/example_dags/example_branch_day_of_week_operator.py
[2023-08-07T10:59:44.795+0000] {processor.py:826} INFO - Processing file /home/airflow/.local/lib/python3.7/site-packages/airflow/example_dags/example_branch_day_of_week_operator.py for tasks to queue
[2023-08-07T10:59:44.796+0000] {logging_mixin.py:150} INFO - [2023-08-07T10:59:44.796+0000] {dagbag.py:541} INFO - Filling up the DagBag from /home/airflow/.local/lib/python3.7/site-packages/airflow/example_dags/example_branch_day_of_week_operator.py
[2023-08-07T10:59:44.801+0000] {processor.py:836} INFO - DAG(s) dict_keys(['example_weekday_branch_operator']) retrieved from /home/airflow/.local/lib/python3.7/site-packages/airflow/example_dags/example_branch_day_of_week_operator.py
[2023-08-07T10:59:44.819+0000] {logging_mixin.py:150} INFO - [2023-08-07T10:59:44.818+0000] {dag.py:2742} INFO - Sync 1 DAGs
[2023-08-07T10:59:44.833+0000] {logging_mixin.py:150} INFO - [2023-08-07T10:59:44.833+0000] {dag.py:3508} INFO - Setting next_dagrun for example_weekday_branch_operator to 2023-08-06T00:00:00+00:00, run_after=2023-08-07T00:00:00+00:00
[2023-08-07T10:59:44.843+0000] {processor.py:179} INFO - Processing /home/airflow/.local/lib/python3.7/site-packages/airflow/example_dags/example_branch_day_of_week_operator.py took 0.050 seconds
[2023-08-07T11:00:15.008+0000] {processor.py:157} INFO - Started process (PID=1978) to work on /home/airflow/.local/lib/python3.7/site-packages/airflow/example_dags/example_branch_day_of_week_operator.py
[2023-08-07T11:00:15.009+0000] {processor.py:826} INFO - Processing file /home/airflow/.local/lib/python3.7/site-packages/airflow/example_dags/example_branch_day_of_week_operator.py for tasks to queue
[2023-08-07T11:00:15.010+0000] {logging_mixin.py:150} INFO - [2023-08-07T11:00:15.010+0000] {dagbag.py:541} INFO - Filling up the DagBag from /home/airflow/.local/lib/python3.7/site-packages/airflow/example_dags/example_branch_day_of_week_operator.py
[2023-08-07T11:00:15.015+0000] {processor.py:836} INFO - DAG(s) dict_keys(['example_weekday_branch_operator']) retrieved from /home/airflow/.local/lib/python3.7/site-packages/airflow/example_dags/example_branch_day_of_week_operator.py
[2023-08-07T11:00:15.033+0000] {logging_mixin.py:150} INFO - [2023-08-07T11:00:15.033+0000] {dag.py:2742} INFO - Sync 1 DAGs
[2023-08-07T11:00:15.048+0000] {logging_mixin.py:150} INFO - [2023-08-07T11:00:15.048+0000] {dag.py:3508} INFO - Setting next_dagrun for example_weekday_branch_operator to 2023-08-06T00:00:00+00:00, run_after=2023-08-07T00:00:00+00:00
[2023-08-07T11:00:15.058+0000] {processor.py:179} INFO - Processing /home/airflow/.local/lib/python3.7/site-packages/airflow/example_dags/example_branch_day_of_week_operator.py took 0.052 seconds
[2023-08-07T11:00:45.377+0000] {processor.py:157} INFO - Started process (PID=2036) to work on /home/airflow/.local/lib/python3.7/site-packages/airflow/example_dags/example_branch_day_of_week_operator.py
[2023-08-07T11:00:45.378+0000] {processor.py:826} INFO - Processing file /home/airflow/.local/lib/python3.7/site-packages/airflow/example_dags/example_branch_day_of_week_operator.py for tasks to queue
[2023-08-07T11:00:45.378+0000] {logging_mixin.py:150} INFO - [2023-08-07T11:00:45.378+0000] {dagbag.py:541} INFO - Filling up the DagBag from /home/airflow/.local/lib/python3.7/site-packages/airflow/example_dags/example_branch_day_of_week_operator.py
[2023-08-07T11:00:45.383+0000] {processor.py:836} INFO - DAG(s) dict_keys(['example_weekday_branch_operator']) retrieved from /home/airflow/.local/lib/python3.7/site-packages/airflow/example_dags/example_branch_day_of_week_operator.py
[2023-08-07T11:00:45.401+0000] {logging_mixin.py:150} INFO - [2023-08-07T11:00:45.400+0000] {dag.py:2742} INFO - Sync 1 DAGs
[2023-08-07T11:00:45.415+0000] {logging_mixin.py:150} INFO - [2023-08-07T11:00:45.415+0000] {dag.py:3508} INFO - Setting next_dagrun for example_weekday_branch_operator to 2023-08-06T00:00:00+00:00, run_after=2023-08-07T00:00:00+00:00
[2023-08-07T11:00:45.425+0000] {processor.py:179} INFO - Processing /home/airflow/.local/lib/python3.7/site-packages/airflow/example_dags/example_branch_day_of_week_operator.py took 0.051 seconds
[2023-08-07T11:01:15.772+0000] {processor.py:157} INFO - Started process (PID=2094) to work on /home/airflow/.local/lib/python3.7/site-packages/airflow/example_dags/example_branch_day_of_week_operator.py
[2023-08-07T11:01:15.772+0000] {processor.py:826} INFO - Processing file /home/airflow/.local/lib/python3.7/site-packages/airflow/example_dags/example_branch_day_of_week_operator.py for tasks to queue
[2023-08-07T11:01:15.773+0000] {logging_mixin.py:150} INFO - [2023-08-07T11:01:15.773+0000] {dagbag.py:541} INFO - Filling up the DagBag from /home/airflow/.local/lib/python3.7/site-packages/airflow/example_dags/example_branch_day_of_week_operator.py
[2023-08-07T11:01:15.778+0000] {processor.py:836} INFO - DAG(s) dict_keys(['example_weekday_branch_operator']) retrieved from /home/airflow/.local/lib/python3.7/site-packages/airflow/example_dags/example_branch_day_of_week_operator.py
[2023-08-07T11:01:15.795+0000] {logging_mixin.py:150} INFO - [2023-08-07T11:01:15.795+0000] {dag.py:2742} INFO - Sync 1 DAGs
[2023-08-07T11:01:15.810+0000] {logging_mixin.py:150} INFO - [2023-08-07T11:01:15.810+0000] {dag.py:3508} INFO - Setting next_dagrun for example_weekday_branch_operator to 2023-08-06T00:00:00+00:00, run_after=2023-08-07T00:00:00+00:00
[2023-08-07T11:01:15.819+0000] {processor.py:179} INFO - Processing /home/airflow/.local/lib/python3.7/site-packages/airflow/example_dags/example_branch_day_of_week_operator.py took 0.050 seconds
[2023-08-07T11:01:46.115+0000] {processor.py:157} INFO - Started process (PID=2152) to work on /home/airflow/.local/lib/python3.7/site-packages/airflow/example_dags/example_branch_day_of_week_operator.py
[2023-08-07T11:01:46.116+0000] {processor.py:826} INFO - Processing file /home/airflow/.local/lib/python3.7/site-packages/airflow/example_dags/example_branch_day_of_week_operator.py for tasks to queue
[2023-08-07T11:01:46.117+0000] {logging_mixin.py:150} INFO - [2023-08-07T11:01:46.116+0000] {dagbag.py:541} INFO - Filling up the DagBag from /home/airflow/.local/lib/python3.7/site-packages/airflow/example_dags/example_branch_day_of_week_operator.py
[2023-08-07T11:01:46.122+0000] {processor.py:836} INFO - DAG(s) dict_keys(['example_weekday_branch_operator']) retrieved from /home/airflow/.local/lib/python3.7/site-packages/airflow/example_dags/example_branch_day_of_week_operator.py
[2023-08-07T11:01:46.139+0000] {logging_mixin.py:150} INFO - [2023-08-07T11:01:46.139+0000] {dag.py:2742} INFO - Sync 1 DAGs
[2023-08-07T11:01:46.153+0000] {logging_mixin.py:150} INFO - [2023-08-07T11:01:46.153+0000] {dag.py:3508} INFO - Setting next_dagrun for example_weekday_branch_operator to 2023-08-06T00:00:00+00:00, run_after=2023-08-07T00:00:00+00:00
[2023-08-07T11:01:46.163+0000] {processor.py:179} INFO - Processing /home/airflow/.local/lib/python3.7/site-packages/airflow/example_dags/example_branch_day_of_week_operator.py took 0.050 seconds
[2023-08-07T11:02:16.351+0000] {processor.py:157} INFO - Started process (PID=2210) to work on /home/airflow/.local/lib/python3.7/site-packages/airflow/example_dags/example_branch_day_of_week_operator.py
[2023-08-07T11:02:16.352+0000] {processor.py:826} INFO - Processing file /home/airflow/.local/lib/python3.7/site-packages/airflow/example_dags/example_branch_day_of_week_operator.py for tasks to queue
[2023-08-07T11:02:16.353+0000] {logging_mixin.py:150} INFO - [2023-08-07T11:02:16.352+0000] {dagbag.py:541} INFO - Filling up the DagBag from /home/airflow/.local/lib/python3.7/site-packages/airflow/example_dags/example_branch_day_of_week_operator.py
[2023-08-07T11:02:16.358+0000] {processor.py:836} INFO - DAG(s) dict_keys(['example_weekday_branch_operator']) retrieved from /home/airflow/.local/lib/python3.7/site-packages/airflow/example_dags/example_branch_day_of_week_operator.py
[2023-08-07T11:02:16.374+0000] {logging_mixin.py:150} INFO - [2023-08-07T11:02:16.374+0000] {dag.py:2742} INFO - Sync 1 DAGs
[2023-08-07T11:02:16.389+0000] {logging_mixin.py:150} INFO - [2023-08-07T11:02:16.389+0000] {dag.py:3508} INFO - Setting next_dagrun for example_weekday_branch_operator to 2023-08-06T00:00:00+00:00, run_after=2023-08-07T00:00:00+00:00
[2023-08-07T11:02:16.399+0000] {processor.py:179} INFO - Processing /home/airflow/.local/lib/python3.7/site-packages/airflow/example_dags/example_branch_day_of_week_operator.py took 0.050 seconds
[2023-08-07T11:02:46.647+0000] {processor.py:157} INFO - Started process (PID=2268) to work on /home/airflow/.local/lib/python3.7/site-packages/airflow/example_dags/example_branch_day_of_week_operator.py
[2023-08-07T11:02:46.648+0000] {processor.py:826} INFO - Processing file /home/airflow/.local/lib/python3.7/site-packages/airflow/example_dags/example_branch_day_of_week_operator.py for tasks to queue
[2023-08-07T11:02:46.649+0000] {logging_mixin.py:150} INFO - [2023-08-07T11:02:46.649+0000] {dagbag.py:541} INFO - Filling up the DagBag from /home/airflow/.local/lib/python3.7/site-packages/airflow/example_dags/example_branch_day_of_week_operator.py
[2023-08-07T11:02:46.654+0000] {processor.py:836} INFO - DAG(s) dict_keys(['example_weekday_branch_operator']) retrieved from /home/airflow/.local/lib/python3.7/site-packages/airflow/example_dags/example_branch_day_of_week_operator.py
[2023-08-07T11:02:46.671+0000] {logging_mixin.py:150} INFO - [2023-08-07T11:02:46.671+0000] {dag.py:2742} INFO - Sync 1 DAGs
[2023-08-07T11:02:46.686+0000] {logging_mixin.py:150} INFO - [2023-08-07T11:02:46.686+0000] {dag.py:3508} INFO - Setting next_dagrun for example_weekday_branch_operator to 2023-08-06T00:00:00+00:00, run_after=2023-08-07T00:00:00+00:00
[2023-08-07T11:02:46.696+0000] {processor.py:179} INFO - Processing /home/airflow/.local/lib/python3.7/site-packages/airflow/example_dags/example_branch_day_of_week_operator.py took 0.051 seconds
[2023-08-07T11:03:16.882+0000] {processor.py:157} INFO - Started process (PID=2327) to work on /home/airflow/.local/lib/python3.7/site-packages/airflow/example_dags/example_branch_day_of_week_operator.py
[2023-08-07T11:03:16.883+0000] {processor.py:826} INFO - Processing file /home/airflow/.local/lib/python3.7/site-packages/airflow/example_dags/example_branch_day_of_week_operator.py for tasks to queue
[2023-08-07T11:03:16.884+0000] {logging_mixin.py:150} INFO - [2023-08-07T11:03:16.883+0000] {dagbag.py:541} INFO - Filling up the DagBag from /home/airflow/.local/lib/python3.7/site-packages/airflow/example_dags/example_branch_day_of_week_operator.py
[2023-08-07T11:03:16.889+0000] {processor.py:836} INFO - DAG(s) dict_keys(['example_weekday_branch_operator']) retrieved from /home/airflow/.local/lib/python3.7/site-packages/airflow/example_dags/example_branch_day_of_week_operator.py
[2023-08-07T11:03:16.907+0000] {logging_mixin.py:150} INFO - [2023-08-07T11:03:16.907+0000] {dag.py:2742} INFO - Sync 1 DAGs
[2023-08-07T11:03:16.922+0000] {logging_mixin.py:150} INFO - [2023-08-07T11:03:16.922+0000] {dag.py:3508} INFO - Setting next_dagrun for example_weekday_branch_operator to 2023-08-06T00:00:00+00:00, run_after=2023-08-07T00:00:00+00:00
[2023-08-07T11:03:16.932+0000] {processor.py:179} INFO - Processing /home/airflow/.local/lib/python3.7/site-packages/airflow/example_dags/example_branch_day_of_week_operator.py took 0.052 seconds
[2023-08-07T11:03:47.203+0000] {processor.py:157} INFO - Started process (PID=2385) to work on /home/airflow/.local/lib/python3.7/site-packages/airflow/example_dags/example_branch_day_of_week_operator.py
[2023-08-07T11:03:47.204+0000] {processor.py:826} INFO - Processing file /home/airflow/.local/lib/python3.7/site-packages/airflow/example_dags/example_branch_day_of_week_operator.py for tasks to queue
[2023-08-07T11:03:47.205+0000] {logging_mixin.py:150} INFO - [2023-08-07T11:03:47.205+0000] {dagbag.py:541} INFO - Filling up the DagBag from /home/airflow/.local/lib/python3.7/site-packages/airflow/example_dags/example_branch_day_of_week_operator.py
[2023-08-07T11:03:47.210+0000] {processor.py:836} INFO - DAG(s) dict_keys(['example_weekday_branch_operator']) retrieved from /home/airflow/.local/lib/python3.7/site-packages/airflow/example_dags/example_branch_day_of_week_operator.py
[2023-08-07T11:03:47.228+0000] {logging_mixin.py:150} INFO - [2023-08-07T11:03:47.228+0000] {dag.py:2742} INFO - Sync 1 DAGs
[2023-08-07T11:03:47.242+0000] {logging_mixin.py:150} INFO - [2023-08-07T11:03:47.242+0000] {dag.py:3508} INFO - Setting next_dagrun for example_weekday_branch_operator to 2023-08-06T00:00:00+00:00, run_after=2023-08-07T00:00:00+00:00
[2023-08-07T11:03:47.252+0000] {processor.py:179} INFO - Processing /home/airflow/.local/lib/python3.7/site-packages/airflow/example_dags/example_branch_day_of_week_operator.py took 0.051 seconds
[2023-08-07T11:04:17.585+0000] {processor.py:157} INFO - Started process (PID=2443) to work on /home/airflow/.local/lib/python3.7/site-packages/airflow/example_dags/example_branch_day_of_week_operator.py
[2023-08-07T11:04:17.586+0000] {processor.py:826} INFO - Processing file /home/airflow/.local/lib/python3.7/site-packages/airflow/example_dags/example_branch_day_of_week_operator.py for tasks to queue
[2023-08-07T11:04:17.587+0000] {logging_mixin.py:150} INFO - [2023-08-07T11:04:17.587+0000] {dagbag.py:541} INFO - Filling up the DagBag from /home/airflow/.local/lib/python3.7/site-packages/airflow/example_dags/example_branch_day_of_week_operator.py
[2023-08-07T11:04:17.592+0000] {processor.py:836} INFO - DAG(s) dict_keys(['example_weekday_branch_operator']) retrieved from /home/airflow/.local/lib/python3.7/site-packages/airflow/example_dags/example_branch_day_of_week_operator.py
[2023-08-07T11:04:17.610+0000] {logging_mixin.py:150} INFO - [2023-08-07T11:04:17.610+0000] {dag.py:2742} INFO - Sync 1 DAGs
[2023-08-07T11:04:17.625+0000] {logging_mixin.py:150} INFO - [2023-08-07T11:04:17.625+0000] {dag.py:3508} INFO - Setting next_dagrun for example_weekday_branch_operator to 2023-08-06T00:00:00+00:00, run_after=2023-08-07T00:00:00+00:00
[2023-08-07T11:04:17.634+0000] {processor.py:179} INFO - Processing /home/airflow/.local/lib/python3.7/site-packages/airflow/example_dags/example_branch_day_of_week_operator.py took 0.051 seconds
[2023-08-07T11:04:48.005+0000] {processor.py:157} INFO - Started process (PID=2501) to work on /home/airflow/.local/lib/python3.7/site-packages/airflow/example_dags/example_branch_day_of_week_operator.py
[2023-08-07T11:04:48.006+0000] {processor.py:826} INFO - Processing file /home/airflow/.local/lib/python3.7/site-packages/airflow/example_dags/example_branch_day_of_week_operator.py for tasks to queue
[2023-08-07T11:04:48.007+0000] {logging_mixin.py:150} INFO - [2023-08-07T11:04:48.007+0000] {dagbag.py:541} INFO - Filling up the DagBag from /home/airflow/.local/lib/python3.7/site-packages/airflow/example_dags/example_branch_day_of_week_operator.py
[2023-08-07T11:04:48.013+0000] {processor.py:836} INFO - DAG(s) dict_keys(['example_weekday_branch_operator']) retrieved from /home/airflow/.local/lib/python3.7/site-packages/airflow/example_dags/example_branch_day_of_week_operator.py
[2023-08-07T11:04:48.031+0000] {logging_mixin.py:150} INFO - [2023-08-07T11:04:48.031+0000] {dag.py:2742} INFO - Sync 1 DAGs
[2023-08-07T11:04:48.047+0000] {logging_mixin.py:150} INFO - [2023-08-07T11:04:48.047+0000] {dag.py:3508} INFO - Setting next_dagrun for example_weekday_branch_operator to 2023-08-06T00:00:00+00:00, run_after=2023-08-07T00:00:00+00:00
[2023-08-07T11:04:48.058+0000] {processor.py:179} INFO - Processing /home/airflow/.local/lib/python3.7/site-packages/airflow/example_dags/example_branch_day_of_week_operator.py took 0.055 seconds
[2023-08-07T11:05:18.352+0000] {processor.py:157} INFO - Started process (PID=2559) to work on /home/airflow/.local/lib/python3.7/site-packages/airflow/example_dags/example_branch_day_of_week_operator.py
[2023-08-07T11:05:18.353+0000] {processor.py:826} INFO - Processing file /home/airflow/.local/lib/python3.7/site-packages/airflow/example_dags/example_branch_day_of_week_operator.py for tasks to queue
[2023-08-07T11:05:18.354+0000] {logging_mixin.py:150} INFO - [2023-08-07T11:05:18.354+0000] {dagbag.py:541} INFO - Filling up the DagBag from /home/airflow/.local/lib/python3.7/site-packages/airflow/example_dags/example_branch_day_of_week_operator.py
[2023-08-07T11:05:18.359+0000] {processor.py:836} INFO - DAG(s) dict_keys(['example_weekday_branch_operator']) retrieved from /home/airflow/.local/lib/python3.7/site-packages/airflow/example_dags/example_branch_day_of_week_operator.py
[2023-08-07T11:05:18.377+0000] {logging_mixin.py:150} INFO - [2023-08-07T11:05:18.377+0000] {dag.py:2742} INFO - Sync 1 DAGs
[2023-08-07T11:05:18.391+0000] {logging_mixin.py:150} INFO - [2023-08-07T11:05:18.391+0000] {dag.py:3508} INFO - Setting next_dagrun for example_weekday_branch_operator to 2023-08-06T00:00:00+00:00, run_after=2023-08-07T00:00:00+00:00
[2023-08-07T11:05:18.401+0000] {processor.py:179} INFO - Processing /home/airflow/.local/lib/python3.7/site-packages/airflow/example_dags/example_branch_day_of_week_operator.py took 0.051 seconds
[2023-08-07T11:05:48.716+0000] {processor.py:157} INFO - Started process (PID=2617) to work on /home/airflow/.local/lib/python3.7/site-packages/airflow/example_dags/example_branch_day_of_week_operator.py
[2023-08-07T11:05:48.717+0000] {processor.py:826} INFO - Processing file /home/airflow/.local/lib/python3.7/site-packages/airflow/example_dags/example_branch_day_of_week_operator.py for tasks to queue
[2023-08-07T11:05:48.718+0000] {logging_mixin.py:150} INFO - [2023-08-07T11:05:48.718+0000] {dagbag.py:541} INFO - Filling up the DagBag from /home/airflow/.local/lib/python3.7/site-packages/airflow/example_dags/example_branch_day_of_week_operator.py
[2023-08-07T11:05:48.724+0000] {processor.py:836} INFO - DAG(s) dict_keys(['example_weekday_branch_operator']) retrieved from /home/airflow/.local/lib/python3.7/site-packages/airflow/example_dags/example_branch_day_of_week_operator.py
[2023-08-07T11:05:48.741+0000] {logging_mixin.py:150} INFO - [2023-08-07T11:05:48.741+0000] {dag.py:2742} INFO - Sync 1 DAGs
[2023-08-07T11:05:48.755+0000] {logging_mixin.py:150} INFO - [2023-08-07T11:05:48.755+0000] {dag.py:3508} INFO - Setting next_dagrun for example_weekday_branch_operator to 2023-08-06T00:00:00+00:00, run_after=2023-08-07T00:00:00+00:00
[2023-08-07T11:05:48.766+0000] {processor.py:179} INFO - Processing /home/airflow/.local/lib/python3.7/site-packages/airflow/example_dags/example_branch_day_of_week_operator.py took 0.052 seconds
[2023-08-07T11:06:19.037+0000] {processor.py:157} INFO - Started process (PID=2676) to work on /home/airflow/.local/lib/python3.7/site-packages/airflow/example_dags/example_branch_day_of_week_operator.py
[2023-08-07T11:06:19.038+0000] {processor.py:826} INFO - Processing file /home/airflow/.local/lib/python3.7/site-packages/airflow/example_dags/example_branch_day_of_week_operator.py for tasks to queue
[2023-08-07T11:06:19.039+0000] {logging_mixin.py:150} INFO - [2023-08-07T11:06:19.038+0000] {dagbag.py:541} INFO - Filling up the DagBag from /home/airflow/.local/lib/python3.7/site-packages/airflow/example_dags/example_branch_day_of_week_operator.py
[2023-08-07T11:06:19.044+0000] {processor.py:836} INFO - DAG(s) dict_keys(['example_weekday_branch_operator']) retrieved from /home/airflow/.local/lib/python3.7/site-packages/airflow/example_dags/example_branch_day_of_week_operator.py
[2023-08-07T11:06:19.062+0000] {logging_mixin.py:150} INFO - [2023-08-07T11:06:19.062+0000] {dag.py:2742} INFO - Sync 1 DAGs
[2023-08-07T11:06:19.077+0000] {logging_mixin.py:150} INFO - [2023-08-07T11:06:19.077+0000] {dag.py:3508} INFO - Setting next_dagrun for example_weekday_branch_operator to 2023-08-06T00:00:00+00:00, run_after=2023-08-07T00:00:00+00:00
[2023-08-07T11:06:19.087+0000] {processor.py:179} INFO - Processing /home/airflow/.local/lib/python3.7/site-packages/airflow/example_dags/example_branch_day_of_week_operator.py took 0.052 seconds
[2023-08-07T11:06:49.367+0000] {processor.py:157} INFO - Started process (PID=2734) to work on /home/airflow/.local/lib/python3.7/site-packages/airflow/example_dags/example_branch_day_of_week_operator.py
[2023-08-07T11:06:49.368+0000] {processor.py:826} INFO - Processing file /home/airflow/.local/lib/python3.7/site-packages/airflow/example_dags/example_branch_day_of_week_operator.py for tasks to queue
[2023-08-07T11:06:49.369+0000] {logging_mixin.py:150} INFO - [2023-08-07T11:06:49.369+0000] {dagbag.py:541} INFO - Filling up the DagBag from /home/airflow/.local/lib/python3.7/site-packages/airflow/example_dags/example_branch_day_of_week_operator.py
[2023-08-07T11:06:49.374+0000] {processor.py:836} INFO - DAG(s) dict_keys(['example_weekday_branch_operator']) retrieved from /home/airflow/.local/lib/python3.7/site-packages/airflow/example_dags/example_branch_day_of_week_operator.py
[2023-08-07T11:06:49.392+0000] {logging_mixin.py:150} INFO - [2023-08-07T11:06:49.392+0000] {dag.py:2742} INFO - Sync 1 DAGs
[2023-08-07T11:06:49.408+0000] {logging_mixin.py:150} INFO - [2023-08-07T11:06:49.408+0000] {dag.py:3508} INFO - Setting next_dagrun for example_weekday_branch_operator to 2023-08-06T00:00:00+00:00, run_after=2023-08-07T00:00:00+00:00
[2023-08-07T11:06:49.417+0000] {processor.py:179} INFO - Processing /home/airflow/.local/lib/python3.7/site-packages/airflow/example_dags/example_branch_day_of_week_operator.py took 0.052 seconds
[2023-08-07T11:07:19.550+0000] {processor.py:157} INFO - Started process (PID=2792) to work on /home/airflow/.local/lib/python3.7/site-packages/airflow/example_dags/example_branch_day_of_week_operator.py
[2023-08-07T11:07:19.550+0000] {processor.py:826} INFO - Processing file /home/airflow/.local/lib/python3.7/site-packages/airflow/example_dags/example_branch_day_of_week_operator.py for tasks to queue
[2023-08-07T11:07:19.551+0000] {logging_mixin.py:150} INFO - [2023-08-07T11:07:19.551+0000] {dagbag.py:541} INFO - Filling up the DagBag from /home/airflow/.local/lib/python3.7/site-packages/airflow/example_dags/example_branch_day_of_week_operator.py
[2023-08-07T11:07:19.556+0000] {processor.py:836} INFO - DAG(s) dict_keys(['example_weekday_branch_operator']) retrieved from /home/airflow/.local/lib/python3.7/site-packages/airflow/example_dags/example_branch_day_of_week_operator.py
[2023-08-07T11:07:19.574+0000] {logging_mixin.py:150} INFO - [2023-08-07T11:07:19.574+0000] {dag.py:2742} INFO - Sync 1 DAGs
[2023-08-07T11:07:19.589+0000] {logging_mixin.py:150} INFO - [2023-08-07T11:07:19.589+0000] {dag.py:3508} INFO - Setting next_dagrun for example_weekday_branch_operator to 2023-08-06T00:00:00+00:00, run_after=2023-08-07T00:00:00+00:00
[2023-08-07T11:07:19.599+0000] {processor.py:179} INFO - Processing /home/airflow/.local/lib/python3.7/site-packages/airflow/example_dags/example_branch_day_of_week_operator.py took 0.052 seconds
[2023-08-07T11:07:49.840+0000] {processor.py:157} INFO - Started process (PID=2850) to work on /home/airflow/.local/lib/python3.7/site-packages/airflow/example_dags/example_branch_day_of_week_operator.py
[2023-08-07T11:07:49.841+0000] {processor.py:826} INFO - Processing file /home/airflow/.local/lib/python3.7/site-packages/airflow/example_dags/example_branch_day_of_week_operator.py for tasks to queue
[2023-08-07T11:07:49.842+0000] {logging_mixin.py:150} INFO - [2023-08-07T11:07:49.841+0000] {dagbag.py:541} INFO - Filling up the DagBag from /home/airflow/.local/lib/python3.7/site-packages/airflow/example_dags/example_branch_day_of_week_operator.py
[2023-08-07T11:07:49.847+0000] {processor.py:836} INFO - DAG(s) dict_keys(['example_weekday_branch_operator']) retrieved from /home/airflow/.local/lib/python3.7/site-packages/airflow/example_dags/example_branch_day_of_week_operator.py
[2023-08-07T11:07:49.865+0000] {logging_mixin.py:150} INFO - [2023-08-07T11:07:49.865+0000] {dag.py:2742} INFO - Sync 1 DAGs
[2023-08-07T11:07:49.880+0000] {logging_mixin.py:150} INFO - [2023-08-07T11:07:49.880+0000] {dag.py:3508} INFO - Setting next_dagrun for example_weekday_branch_operator to 2023-08-06T00:00:00+00:00, run_after=2023-08-07T00:00:00+00:00
[2023-08-07T11:07:49.889+0000] {processor.py:179} INFO - Processing /home/airflow/.local/lib/python3.7/site-packages/airflow/example_dags/example_branch_day_of_week_operator.py took 0.051 seconds
[2023-08-07T11:08:20.258+0000] {processor.py:157} INFO - Started process (PID=2908) to work on /home/airflow/.local/lib/python3.7/site-packages/airflow/example_dags/example_branch_day_of_week_operator.py
[2023-08-07T11:08:20.260+0000] {processor.py:826} INFO - Processing file /home/airflow/.local/lib/python3.7/site-packages/airflow/example_dags/example_branch_day_of_week_operator.py for tasks to queue
[2023-08-07T11:08:20.261+0000] {logging_mixin.py:150} INFO - [2023-08-07T11:08:20.260+0000] {dagbag.py:541} INFO - Filling up the DagBag from /home/airflow/.local/lib/python3.7/site-packages/airflow/example_dags/example_branch_day_of_week_operator.py
[2023-08-07T11:08:20.266+0000] {processor.py:836} INFO - DAG(s) dict_keys(['example_weekday_branch_operator']) retrieved from /home/airflow/.local/lib/python3.7/site-packages/airflow/example_dags/example_branch_day_of_week_operator.py
[2023-08-07T11:08:20.284+0000] {logging_mixin.py:150} INFO - [2023-08-07T11:08:20.284+0000] {dag.py:2742} INFO - Sync 1 DAGs
[2023-08-07T11:08:20.299+0000] {logging_mixin.py:150} INFO - [2023-08-07T11:08:20.299+0000] {dag.py:3508} INFO - Setting next_dagrun for example_weekday_branch_operator to 2023-08-06T00:00:00+00:00, run_after=2023-08-07T00:00:00+00:00
[2023-08-07T11:08:20.309+0000] {processor.py:179} INFO - Processing /home/airflow/.local/lib/python3.7/site-packages/airflow/example_dags/example_branch_day_of_week_operator.py took 0.053 seconds
[2023-08-07T11:10:08.174+0000] {processor.py:157} INFO - Started process (PID=2960) to work on /home/airflow/.local/lib/python3.7/site-packages/airflow/example_dags/example_branch_day_of_week_operator.py
[2023-08-07T11:10:08.176+0000] {processor.py:826} INFO - Processing file /home/airflow/.local/lib/python3.7/site-packages/airflow/example_dags/example_branch_day_of_week_operator.py for tasks to queue
[2023-08-07T11:10:08.176+0000] {logging_mixin.py:150} INFO - [2023-08-07T11:10:08.176+0000] {dagbag.py:541} INFO - Filling up the DagBag from /home/airflow/.local/lib/python3.7/site-packages/airflow/example_dags/example_branch_day_of_week_operator.py
[2023-08-07T11:10:08.182+0000] {processor.py:836} INFO - DAG(s) dict_keys(['example_weekday_branch_operator']) retrieved from /home/airflow/.local/lib/python3.7/site-packages/airflow/example_dags/example_branch_day_of_week_operator.py
[2023-08-07T11:10:08.200+0000] {logging_mixin.py:150} INFO - [2023-08-07T11:10:08.200+0000] {dag.py:2742} INFO - Sync 1 DAGs
[2023-08-07T11:10:08.216+0000] {logging_mixin.py:150} INFO - [2023-08-07T11:10:08.216+0000] {dag.py:3508} INFO - Setting next_dagrun for example_weekday_branch_operator to 2023-08-06T00:00:00+00:00, run_after=2023-08-07T00:00:00+00:00
[2023-08-07T11:10:08.226+0000] {processor.py:179} INFO - Processing /home/airflow/.local/lib/python3.7/site-packages/airflow/example_dags/example_branch_day_of_week_operator.py took 0.054 seconds
[2023-08-07T11:10:38.349+0000] {processor.py:157} INFO - Started process (PID=3018) to work on /home/airflow/.local/lib/python3.7/site-packages/airflow/example_dags/example_branch_day_of_week_operator.py
[2023-08-07T11:10:38.350+0000] {processor.py:826} INFO - Processing file /home/airflow/.local/lib/python3.7/site-packages/airflow/example_dags/example_branch_day_of_week_operator.py for tasks to queue
[2023-08-07T11:10:38.351+0000] {logging_mixin.py:150} INFO - [2023-08-07T11:10:38.351+0000] {dagbag.py:541} INFO - Filling up the DagBag from /home/airflow/.local/lib/python3.7/site-packages/airflow/example_dags/example_branch_day_of_week_operator.py
[2023-08-07T11:10:38.356+0000] {processor.py:836} INFO - DAG(s) dict_keys(['example_weekday_branch_operator']) retrieved from /home/airflow/.local/lib/python3.7/site-packages/airflow/example_dags/example_branch_day_of_week_operator.py
[2023-08-07T11:10:38.374+0000] {logging_mixin.py:150} INFO - [2023-08-07T11:10:38.374+0000] {dag.py:2742} INFO - Sync 1 DAGs
[2023-08-07T11:10:38.388+0000] {logging_mixin.py:150} INFO - [2023-08-07T11:10:38.388+0000] {dag.py:3508} INFO - Setting next_dagrun for example_weekday_branch_operator to 2023-08-06T00:00:00+00:00, run_after=2023-08-07T00:00:00+00:00
[2023-08-07T11:10:38.398+0000] {processor.py:179} INFO - Processing /home/airflow/.local/lib/python3.7/site-packages/airflow/example_dags/example_branch_day_of_week_operator.py took 0.051 seconds
[2023-08-07T11:26:04.657+0000] {processor.py:157} INFO - Started process (PID=3076) to work on /home/airflow/.local/lib/python3.7/site-packages/airflow/example_dags/example_branch_day_of_week_operator.py
[2023-08-07T11:26:04.658+0000] {processor.py:826} INFO - Processing file /home/airflow/.local/lib/python3.7/site-packages/airflow/example_dags/example_branch_day_of_week_operator.py for tasks to queue
[2023-08-07T11:26:04.658+0000] {logging_mixin.py:150} INFO - [2023-08-07T11:26:04.658+0000] {dagbag.py:541} INFO - Filling up the DagBag from /home/airflow/.local/lib/python3.7/site-packages/airflow/example_dags/example_branch_day_of_week_operator.py
[2023-08-07T11:26:04.664+0000] {processor.py:836} INFO - DAG(s) dict_keys(['example_weekday_branch_operator']) retrieved from /home/airflow/.local/lib/python3.7/site-packages/airflow/example_dags/example_branch_day_of_week_operator.py
[2023-08-07T11:26:04.682+0000] {logging_mixin.py:150} INFO - [2023-08-07T11:26:04.682+0000] {dag.py:2742} INFO - Sync 1 DAGs
[2023-08-07T11:26:04.697+0000] {logging_mixin.py:150} INFO - [2023-08-07T11:26:04.697+0000] {dag.py:3508} INFO - Setting next_dagrun for example_weekday_branch_operator to 2023-08-06T00:00:00+00:00, run_after=2023-08-07T00:00:00+00:00
[2023-08-07T11:26:04.706+0000] {processor.py:179} INFO - Processing /home/airflow/.local/lib/python3.7/site-packages/airflow/example_dags/example_branch_day_of_week_operator.py took 0.052 seconds
[2023-08-07T12:49:02.770+0000] {processor.py:157} INFO - Started process (PID=3134) to work on /home/airflow/.local/lib/python3.7/site-packages/airflow/example_dags/example_branch_day_of_week_operator.py
[2023-08-07T12:49:02.771+0000] {processor.py:826} INFO - Processing file /home/airflow/.local/lib/python3.7/site-packages/airflow/example_dags/example_branch_day_of_week_operator.py for tasks to queue
[2023-08-07T12:49:02.774+0000] {logging_mixin.py:150} INFO - [2023-08-07T12:49:02.773+0000] {dagbag.py:541} INFO - Filling up the DagBag from /home/airflow/.local/lib/python3.7/site-packages/airflow/example_dags/example_branch_day_of_week_operator.py
[2023-08-07T12:49:02.779+0000] {processor.py:836} INFO - DAG(s) dict_keys(['example_weekday_branch_operator']) retrieved from /home/airflow/.local/lib/python3.7/site-packages/airflow/example_dags/example_branch_day_of_week_operator.py
[2023-08-07T12:49:02.798+0000] {logging_mixin.py:150} INFO - [2023-08-07T12:49:02.797+0000] {dag.py:2742} INFO - Sync 1 DAGs
[2023-08-07T12:49:02.812+0000] {logging_mixin.py:150} INFO - [2023-08-07T12:49:02.812+0000] {dag.py:3508} INFO - Setting next_dagrun for example_weekday_branch_operator to 2023-08-06T00:00:00+00:00, run_after=2023-08-07T00:00:00+00:00
[2023-08-07T12:49:02.822+0000] {processor.py:179} INFO - Processing /home/airflow/.local/lib/python3.7/site-packages/airflow/example_dags/example_branch_day_of_week_operator.py took 0.054 seconds
[2023-08-07T13:44:04.418+0000] {processor.py:157} INFO - Started process (PID=3192) to work on /home/airflow/.local/lib/python3.7/site-packages/airflow/example_dags/example_branch_day_of_week_operator.py
[2023-08-07T13:44:04.419+0000] {processor.py:826} INFO - Processing file /home/airflow/.local/lib/python3.7/site-packages/airflow/example_dags/example_branch_day_of_week_operator.py for tasks to queue
[2023-08-07T13:44:04.420+0000] {logging_mixin.py:150} INFO - [2023-08-07T13:44:04.419+0000] {dagbag.py:541} INFO - Filling up the DagBag from /home/airflow/.local/lib/python3.7/site-packages/airflow/example_dags/example_branch_day_of_week_operator.py
[2023-08-07T13:44:04.425+0000] {processor.py:836} INFO - DAG(s) dict_keys(['example_weekday_branch_operator']) retrieved from /home/airflow/.local/lib/python3.7/site-packages/airflow/example_dags/example_branch_day_of_week_operator.py
[2023-08-07T13:44:04.443+0000] {logging_mixin.py:150} INFO - [2023-08-07T13:44:04.443+0000] {dag.py:2742} INFO - Sync 1 DAGs
[2023-08-07T13:44:04.457+0000] {logging_mixin.py:150} INFO - [2023-08-07T13:44:04.457+0000] {dag.py:3508} INFO - Setting next_dagrun for example_weekday_branch_operator to 2023-08-06T00:00:00+00:00, run_after=2023-08-07T00:00:00+00:00
[2023-08-07T13:44:04.467+0000] {processor.py:179} INFO - Processing /home/airflow/.local/lib/python3.7/site-packages/airflow/example_dags/example_branch_day_of_week_operator.py took 0.052 seconds
[2023-08-07T14:43:30.182+0000] {processor.py:157} INFO - Started process (PID=3250) to work on /home/airflow/.local/lib/python3.7/site-packages/airflow/example_dags/example_branch_day_of_week_operator.py
[2023-08-07T14:43:30.183+0000] {processor.py:826} INFO - Processing file /home/airflow/.local/lib/python3.7/site-packages/airflow/example_dags/example_branch_day_of_week_operator.py for tasks to queue
[2023-08-07T14:43:30.184+0000] {logging_mixin.py:150} INFO - [2023-08-07T14:43:30.183+0000] {dagbag.py:541} INFO - Filling up the DagBag from /home/airflow/.local/lib/python3.7/site-packages/airflow/example_dags/example_branch_day_of_week_operator.py
[2023-08-07T14:43:30.189+0000] {processor.py:836} INFO - DAG(s) dict_keys(['example_weekday_branch_operator']) retrieved from /home/airflow/.local/lib/python3.7/site-packages/airflow/example_dags/example_branch_day_of_week_operator.py
[2023-08-07T14:43:30.207+0000] {logging_mixin.py:150} INFO - [2023-08-07T14:43:30.207+0000] {dag.py:2742} INFO - Sync 1 DAGs
[2023-08-07T14:43:30.221+0000] {logging_mixin.py:150} INFO - [2023-08-07T14:43:30.221+0000] {dag.py:3508} INFO - Setting next_dagrun for example_weekday_branch_operator to 2023-08-06T00:00:00+00:00, run_after=2023-08-07T00:00:00+00:00
[2023-08-07T14:43:30.231+0000] {processor.py:179} INFO - Processing /home/airflow/.local/lib/python3.7/site-packages/airflow/example_dags/example_branch_day_of_week_operator.py took 0.051 seconds
[2023-08-07T15:52:32.838+0000] {processor.py:157} INFO - Started process (PID=3308) to work on /home/airflow/.local/lib/python3.7/site-packages/airflow/example_dags/example_branch_day_of_week_operator.py
[2023-08-07T15:52:32.840+0000] {processor.py:826} INFO - Processing file /home/airflow/.local/lib/python3.7/site-packages/airflow/example_dags/example_branch_day_of_week_operator.py for tasks to queue
[2023-08-07T15:52:32.841+0000] {logging_mixin.py:150} INFO - [2023-08-07T15:52:32.841+0000] {dagbag.py:541} INFO - Filling up the DagBag from /home/airflow/.local/lib/python3.7/site-packages/airflow/example_dags/example_branch_day_of_week_operator.py
[2023-08-07T15:52:32.847+0000] {processor.py:836} INFO - DAG(s) dict_keys(['example_weekday_branch_operator']) retrieved from /home/airflow/.local/lib/python3.7/site-packages/airflow/example_dags/example_branch_day_of_week_operator.py
[2023-08-07T15:52:32.865+0000] {logging_mixin.py:150} INFO - [2023-08-07T15:52:32.864+0000] {dag.py:2742} INFO - Sync 1 DAGs
[2023-08-07T15:52:32.879+0000] {logging_mixin.py:150} INFO - [2023-08-07T15:52:32.879+0000] {dag.py:3508} INFO - Setting next_dagrun for example_weekday_branch_operator to 2023-08-06T00:00:00+00:00, run_after=2023-08-07T00:00:00+00:00
[2023-08-07T15:52:32.888+0000] {processor.py:179} INFO - Processing /home/airflow/.local/lib/python3.7/site-packages/airflow/example_dags/example_branch_day_of_week_operator.py took 0.054 seconds
[2023-08-07T17:14:44.446+0000] {processor.py:157} INFO - Started process (PID=3366) to work on /home/airflow/.local/lib/python3.7/site-packages/airflow/example_dags/example_branch_day_of_week_operator.py
[2023-08-07T17:14:44.447+0000] {processor.py:826} INFO - Processing file /home/airflow/.local/lib/python3.7/site-packages/airflow/example_dags/example_branch_day_of_week_operator.py for tasks to queue
[2023-08-07T17:14:44.448+0000] {logging_mixin.py:150} INFO - [2023-08-07T17:14:44.448+0000] {dagbag.py:541} INFO - Filling up the DagBag from /home/airflow/.local/lib/python3.7/site-packages/airflow/example_dags/example_branch_day_of_week_operator.py
[2023-08-07T17:14:44.454+0000] {processor.py:836} INFO - DAG(s) dict_keys(['example_weekday_branch_operator']) retrieved from /home/airflow/.local/lib/python3.7/site-packages/airflow/example_dags/example_branch_day_of_week_operator.py
[2023-08-07T17:14:44.471+0000] {logging_mixin.py:150} INFO - [2023-08-07T17:14:44.471+0000] {dag.py:2742} INFO - Sync 1 DAGs
[2023-08-07T17:14:44.486+0000] {logging_mixin.py:150} INFO - [2023-08-07T17:14:44.486+0000] {dag.py:3508} INFO - Setting next_dagrun for example_weekday_branch_operator to 2023-08-06T00:00:00+00:00, run_after=2023-08-07T00:00:00+00:00
[2023-08-07T17:14:44.496+0000] {processor.py:179} INFO - Processing /home/airflow/.local/lib/python3.7/site-packages/airflow/example_dags/example_branch_day_of_week_operator.py took 0.053 seconds
[2023-08-07T18:12:51.814+0000] {processor.py:157} INFO - Started process (PID=3424) to work on /home/airflow/.local/lib/python3.7/site-packages/airflow/example_dags/example_branch_day_of_week_operator.py
[2023-08-07T18:12:51.815+0000] {processor.py:826} INFO - Processing file /home/airflow/.local/lib/python3.7/site-packages/airflow/example_dags/example_branch_day_of_week_operator.py for tasks to queue
[2023-08-07T18:12:51.816+0000] {logging_mixin.py:150} INFO - [2023-08-07T18:12:51.816+0000] {dagbag.py:541} INFO - Filling up the DagBag from /home/airflow/.local/lib/python3.7/site-packages/airflow/example_dags/example_branch_day_of_week_operator.py
[2023-08-07T18:12:51.821+0000] {processor.py:836} INFO - DAG(s) dict_keys(['example_weekday_branch_operator']) retrieved from /home/airflow/.local/lib/python3.7/site-packages/airflow/example_dags/example_branch_day_of_week_operator.py
[2023-08-07T18:12:51.839+0000] {logging_mixin.py:150} INFO - [2023-08-07T18:12:51.838+0000] {dag.py:2742} INFO - Sync 1 DAGs
[2023-08-07T18:12:51.853+0000] {logging_mixin.py:150} INFO - [2023-08-07T18:12:51.853+0000] {dag.py:3508} INFO - Setting next_dagrun for example_weekday_branch_operator to 2023-08-06T00:00:00+00:00, run_after=2023-08-07T00:00:00+00:00
[2023-08-07T18:12:51.862+0000] {processor.py:179} INFO - Processing /home/airflow/.local/lib/python3.7/site-packages/airflow/example_dags/example_branch_day_of_week_operator.py took 0.051 seconds
[2023-08-07T19:18:07.608+0000] {processor.py:157} INFO - Started process (PID=3482) to work on /home/airflow/.local/lib/python3.7/site-packages/airflow/example_dags/example_branch_day_of_week_operator.py
[2023-08-07T19:18:07.609+0000] {processor.py:826} INFO - Processing file /home/airflow/.local/lib/python3.7/site-packages/airflow/example_dags/example_branch_day_of_week_operator.py for tasks to queue
[2023-08-07T19:18:07.610+0000] {logging_mixin.py:150} INFO - [2023-08-07T19:18:07.610+0000] {dagbag.py:541} INFO - Filling up the DagBag from /home/airflow/.local/lib/python3.7/site-packages/airflow/example_dags/example_branch_day_of_week_operator.py
[2023-08-07T19:18:07.616+0000] {processor.py:836} INFO - DAG(s) dict_keys(['example_weekday_branch_operator']) retrieved from /home/airflow/.local/lib/python3.7/site-packages/airflow/example_dags/example_branch_day_of_week_operator.py
[2023-08-07T19:18:07.633+0000] {logging_mixin.py:150} INFO - [2023-08-07T19:18:07.633+0000] {dag.py:2742} INFO - Sync 1 DAGs
[2023-08-07T19:18:07.648+0000] {logging_mixin.py:150} INFO - [2023-08-07T19:18:07.648+0000] {dag.py:3508} INFO - Setting next_dagrun for example_weekday_branch_operator to 2023-08-06T00:00:00+00:00, run_after=2023-08-07T00:00:00+00:00
[2023-08-07T19:18:07.658+0000] {processor.py:179} INFO - Processing /home/airflow/.local/lib/python3.7/site-packages/airflow/example_dags/example_branch_day_of_week_operator.py took 0.052 seconds
[2023-08-07T20:39:17.188+0000] {processor.py:157} INFO - Started process (PID=3540) to work on /home/airflow/.local/lib/python3.7/site-packages/airflow/example_dags/example_branch_day_of_week_operator.py
[2023-08-07T20:39:17.189+0000] {processor.py:826} INFO - Processing file /home/airflow/.local/lib/python3.7/site-packages/airflow/example_dags/example_branch_day_of_week_operator.py for tasks to queue
[2023-08-07T20:39:17.190+0000] {logging_mixin.py:150} INFO - [2023-08-07T20:39:17.190+0000] {dagbag.py:541} INFO - Filling up the DagBag from /home/airflow/.local/lib/python3.7/site-packages/airflow/example_dags/example_branch_day_of_week_operator.py
[2023-08-07T20:39:17.195+0000] {processor.py:836} INFO - DAG(s) dict_keys(['example_weekday_branch_operator']) retrieved from /home/airflow/.local/lib/python3.7/site-packages/airflow/example_dags/example_branch_day_of_week_operator.py
[2023-08-07T20:39:17.212+0000] {logging_mixin.py:150} INFO - [2023-08-07T20:39:17.212+0000] {dag.py:2742} INFO - Sync 1 DAGs
[2023-08-07T20:39:17.228+0000] {logging_mixin.py:150} INFO - [2023-08-07T20:39:17.227+0000] {dag.py:3508} INFO - Setting next_dagrun for example_weekday_branch_operator to 2023-08-06T00:00:00+00:00, run_after=2023-08-07T00:00:00+00:00
[2023-08-07T20:39:17.237+0000] {processor.py:179} INFO - Processing /home/airflow/.local/lib/python3.7/site-packages/airflow/example_dags/example_branch_day_of_week_operator.py took 0.052 seconds
[2023-08-07T21:49:03.364+0000] {processor.py:157} INFO - Started process (PID=3598) to work on /home/airflow/.local/lib/python3.7/site-packages/airflow/example_dags/example_branch_day_of_week_operator.py
[2023-08-07T21:49:03.365+0000] {processor.py:826} INFO - Processing file /home/airflow/.local/lib/python3.7/site-packages/airflow/example_dags/example_branch_day_of_week_operator.py for tasks to queue
[2023-08-07T21:49:03.365+0000] {logging_mixin.py:150} INFO - [2023-08-07T21:49:03.365+0000] {dagbag.py:541} INFO - Filling up the DagBag from /home/airflow/.local/lib/python3.7/site-packages/airflow/example_dags/example_branch_day_of_week_operator.py
[2023-08-07T21:49:03.371+0000] {processor.py:836} INFO - DAG(s) dict_keys(['example_weekday_branch_operator']) retrieved from /home/airflow/.local/lib/python3.7/site-packages/airflow/example_dags/example_branch_day_of_week_operator.py
[2023-08-07T21:49:03.389+0000] {logging_mixin.py:150} INFO - [2023-08-07T21:49:03.389+0000] {dag.py:2742} INFO - Sync 1 DAGs
[2023-08-07T21:49:03.404+0000] {logging_mixin.py:150} INFO - [2023-08-07T21:49:03.403+0000] {dag.py:3508} INFO - Setting next_dagrun for example_weekday_branch_operator to 2023-08-06T00:00:00+00:00, run_after=2023-08-07T00:00:00+00:00
[2023-08-07T21:49:03.414+0000] {processor.py:179} INFO - Processing /home/airflow/.local/lib/python3.7/site-packages/airflow/example_dags/example_branch_day_of_week_operator.py took 0.052 seconds
[2023-08-07T22:56:32.968+0000] {processor.py:157} INFO - Started process (PID=3656) to work on /home/airflow/.local/lib/python3.7/site-packages/airflow/example_dags/example_branch_day_of_week_operator.py
[2023-08-07T22:56:32.969+0000] {processor.py:826} INFO - Processing file /home/airflow/.local/lib/python3.7/site-packages/airflow/example_dags/example_branch_day_of_week_operator.py for tasks to queue
[2023-08-07T22:56:32.970+0000] {logging_mixin.py:150} INFO - [2023-08-07T22:56:32.970+0000] {dagbag.py:541} INFO - Filling up the DagBag from /home/airflow/.local/lib/python3.7/site-packages/airflow/example_dags/example_branch_day_of_week_operator.py
[2023-08-07T22:56:32.976+0000] {processor.py:836} INFO - DAG(s) dict_keys(['example_weekday_branch_operator']) retrieved from /home/airflow/.local/lib/python3.7/site-packages/airflow/example_dags/example_branch_day_of_week_operator.py
[2023-08-07T22:56:32.996+0000] {logging_mixin.py:150} INFO - [2023-08-07T22:56:32.996+0000] {dag.py:2742} INFO - Sync 1 DAGs
[2023-08-07T22:56:33.012+0000] {logging_mixin.py:150} INFO - [2023-08-07T22:56:33.012+0000] {dag.py:3508} INFO - Setting next_dagrun for example_weekday_branch_operator to 2023-08-06T00:00:00+00:00, run_after=2023-08-07T00:00:00+00:00
[2023-08-07T22:56:33.022+0000] {processor.py:179} INFO - Processing /home/airflow/.local/lib/python3.7/site-packages/airflow/example_dags/example_branch_day_of_week_operator.py took 0.057 seconds
[2023-08-07T23:21:11.140+0000] {processor.py:157} INFO - Started process (PID=3714) to work on /home/airflow/.local/lib/python3.7/site-packages/airflow/example_dags/example_branch_day_of_week_operator.py
[2023-08-07T23:21:11.141+0000] {processor.py:826} INFO - Processing file /home/airflow/.local/lib/python3.7/site-packages/airflow/example_dags/example_branch_day_of_week_operator.py for tasks to queue
[2023-08-07T23:21:11.142+0000] {logging_mixin.py:150} INFO - [2023-08-07T23:21:11.142+0000] {dagbag.py:541} INFO - Filling up the DagBag from /home/airflow/.local/lib/python3.7/site-packages/airflow/example_dags/example_branch_day_of_week_operator.py
[2023-08-07T23:21:11.148+0000] {processor.py:836} INFO - DAG(s) dict_keys(['example_weekday_branch_operator']) retrieved from /home/airflow/.local/lib/python3.7/site-packages/airflow/example_dags/example_branch_day_of_week_operator.py
[2023-08-07T23:21:11.166+0000] {logging_mixin.py:150} INFO - [2023-08-07T23:21:11.166+0000] {dag.py:2742} INFO - Sync 1 DAGs
[2023-08-07T23:21:11.181+0000] {logging_mixin.py:150} INFO - [2023-08-07T23:21:11.181+0000] {dag.py:3508} INFO - Setting next_dagrun for example_weekday_branch_operator to 2023-08-06T00:00:00+00:00, run_after=2023-08-07T00:00:00+00:00
[2023-08-07T23:21:11.190+0000] {processor.py:179} INFO - Processing /home/airflow/.local/lib/python3.7/site-packages/airflow/example_dags/example_branch_day_of_week_operator.py took 0.053 seconds
[2023-08-07T23:37:00.293+0000] {processor.py:157} INFO - Started process (PID=3772) to work on /home/airflow/.local/lib/python3.7/site-packages/airflow/example_dags/example_branch_day_of_week_operator.py
[2023-08-07T23:37:00.294+0000] {processor.py:826} INFO - Processing file /home/airflow/.local/lib/python3.7/site-packages/airflow/example_dags/example_branch_day_of_week_operator.py for tasks to queue
[2023-08-07T23:37:00.294+0000] {logging_mixin.py:150} INFO - [2023-08-07T23:37:00.294+0000] {dagbag.py:541} INFO - Filling up the DagBag from /home/airflow/.local/lib/python3.7/site-packages/airflow/example_dags/example_branch_day_of_week_operator.py
[2023-08-07T23:37:00.300+0000] {processor.py:836} INFO - DAG(s) dict_keys(['example_weekday_branch_operator']) retrieved from /home/airflow/.local/lib/python3.7/site-packages/airflow/example_dags/example_branch_day_of_week_operator.py
[2023-08-07T23:37:00.317+0000] {logging_mixin.py:150} INFO - [2023-08-07T23:37:00.317+0000] {dag.py:2742} INFO - Sync 1 DAGs
[2023-08-07T23:37:00.332+0000] {logging_mixin.py:150} INFO - [2023-08-07T23:37:00.332+0000] {dag.py:3508} INFO - Setting next_dagrun for example_weekday_branch_operator to 2023-08-06T00:00:00+00:00, run_after=2023-08-07T00:00:00+00:00
[2023-08-07T23:37:00.342+0000] {processor.py:179} INFO - Processing /home/airflow/.local/lib/python3.7/site-packages/airflow/example_dags/example_branch_day_of_week_operator.py took 0.051 seconds
