[2023-08-07T10:43:29.143+0000] {processor.py:157} INFO - Started process (PID=54) to work on /home/airflow/.local/lib/python3.7/site-packages/airflow/example_dags/example_nested_branch_dag.py
[2023-08-07T10:43:29.144+0000] {processor.py:826} INFO - Processing file /home/airflow/.local/lib/python3.7/site-packages/airflow/example_dags/example_nested_branch_dag.py for tasks to queue
[2023-08-07T10:43:29.145+0000] {logging_mixin.py:150} INFO - [2023-08-07T10:43:29.145+0000] {dagbag.py:541} INFO - Filling up the DagBag from /home/airflow/.local/lib/python3.7/site-packages/airflow/example_dags/example_nested_branch_dag.py
[2023-08-07T10:43:29.153+0000] {processor.py:836} INFO - DAG(s) dict_keys(['example_nested_branch_dag']) retrieved from /home/airflow/.local/lib/python3.7/site-packages/airflow/example_dags/example_nested_branch_dag.py
[2023-08-07T10:43:29.254+0000] {logging_mixin.py:150} INFO - [2023-08-07T10:43:29.254+0000] {manager.py:504} INFO - Created Permission View: can edit on DAG:example_nested_branch_dag
[2023-08-07T10:43:29.261+0000] {logging_mixin.py:150} INFO - [2023-08-07T10:43:29.261+0000] {manager.py:504} INFO - Created Permission View: can delete on DAG:example_nested_branch_dag
[2023-08-07T10:43:29.264+0000] {logging_mixin.py:150} INFO - [2023-08-07T10:43:29.264+0000] {manager.py:504} INFO - Created Permission View: can read on DAG:example_nested_branch_dag
[2023-08-07T10:43:29.272+0000] {logging_mixin.py:150} INFO - [2023-08-07T10:43:29.272+0000] {dag.py:2742} INFO - Sync 1 DAGs
[2023-08-07T10:43:29.279+0000] {logging_mixin.py:150} INFO - [2023-08-07T10:43:29.279+0000] {dag.py:2763} INFO - Creating ORM DAG for example_nested_branch_dag
[2023-08-07T10:43:29.287+0000] {logging_mixin.py:150} INFO - [2023-08-07T10:43:29.287+0000] {dag.py:3508} INFO - Setting next_dagrun for example_nested_branch_dag to 2023-08-06T00:00:00+00:00, run_after=2023-08-07T00:00:00+00:00
[2023-08-07T10:43:29.298+0000] {processor.py:179} INFO - Processing /home/airflow/.local/lib/python3.7/site-packages/airflow/example_dags/example_nested_branch_dag.py took 0.158 seconds
[2023-08-07T10:43:59.669+0000] {processor.py:157} INFO - Started process (PID=112) to work on /home/airflow/.local/lib/python3.7/site-packages/airflow/example_dags/example_nested_branch_dag.py
[2023-08-07T10:43:59.670+0000] {processor.py:826} INFO - Processing file /home/airflow/.local/lib/python3.7/site-packages/airflow/example_dags/example_nested_branch_dag.py for tasks to queue
[2023-08-07T10:43:59.671+0000] {logging_mixin.py:150} INFO - [2023-08-07T10:43:59.671+0000] {dagbag.py:541} INFO - Filling up the DagBag from /home/airflow/.local/lib/python3.7/site-packages/airflow/example_dags/example_nested_branch_dag.py
[2023-08-07T10:43:59.678+0000] {processor.py:836} INFO - DAG(s) dict_keys(['example_nested_branch_dag']) retrieved from /home/airflow/.local/lib/python3.7/site-packages/airflow/example_dags/example_nested_branch_dag.py
[2023-08-07T10:43:59.696+0000] {logging_mixin.py:150} INFO - [2023-08-07T10:43:59.696+0000] {dag.py:2742} INFO - Sync 1 DAGs
[2023-08-07T10:43:59.710+0000] {logging_mixin.py:150} INFO - [2023-08-07T10:43:59.710+0000] {dag.py:3508} INFO - Setting next_dagrun for example_nested_branch_dag to 2023-08-06T00:00:00+00:00, run_after=2023-08-07T00:00:00+00:00
[2023-08-07T10:43:59.719+0000] {processor.py:179} INFO - Processing /home/airflow/.local/lib/python3.7/site-packages/airflow/example_dags/example_nested_branch_dag.py took 0.053 seconds
[2023-08-07T10:44:30.048+0000] {processor.py:157} INFO - Started process (PID=170) to work on /home/airflow/.local/lib/python3.7/site-packages/airflow/example_dags/example_nested_branch_dag.py
[2023-08-07T10:44:30.049+0000] {processor.py:826} INFO - Processing file /home/airflow/.local/lib/python3.7/site-packages/airflow/example_dags/example_nested_branch_dag.py for tasks to queue
[2023-08-07T10:44:30.050+0000] {logging_mixin.py:150} INFO - [2023-08-07T10:44:30.050+0000] {dagbag.py:541} INFO - Filling up the DagBag from /home/airflow/.local/lib/python3.7/site-packages/airflow/example_dags/example_nested_branch_dag.py
[2023-08-07T10:44:30.057+0000] {processor.py:836} INFO - DAG(s) dict_keys(['example_nested_branch_dag']) retrieved from /home/airflow/.local/lib/python3.7/site-packages/airflow/example_dags/example_nested_branch_dag.py
[2023-08-07T10:44:30.074+0000] {logging_mixin.py:150} INFO - [2023-08-07T10:44:30.074+0000] {dag.py:2742} INFO - Sync 1 DAGs
[2023-08-07T10:44:30.088+0000] {logging_mixin.py:150} INFO - [2023-08-07T10:44:30.088+0000] {dag.py:3508} INFO - Setting next_dagrun for example_nested_branch_dag to 2023-08-06T00:00:00+00:00, run_after=2023-08-07T00:00:00+00:00
[2023-08-07T10:44:30.097+0000] {processor.py:179} INFO - Processing /home/airflow/.local/lib/python3.7/site-packages/airflow/example_dags/example_nested_branch_dag.py took 0.052 seconds
[2023-08-07T10:45:00.374+0000] {processor.py:157} INFO - Started process (PID=228) to work on /home/airflow/.local/lib/python3.7/site-packages/airflow/example_dags/example_nested_branch_dag.py
[2023-08-07T10:45:00.375+0000] {processor.py:826} INFO - Processing file /home/airflow/.local/lib/python3.7/site-packages/airflow/example_dags/example_nested_branch_dag.py for tasks to queue
[2023-08-07T10:45:00.376+0000] {logging_mixin.py:150} INFO - [2023-08-07T10:45:00.376+0000] {dagbag.py:541} INFO - Filling up the DagBag from /home/airflow/.local/lib/python3.7/site-packages/airflow/example_dags/example_nested_branch_dag.py
[2023-08-07T10:45:00.383+0000] {processor.py:836} INFO - DAG(s) dict_keys(['example_nested_branch_dag']) retrieved from /home/airflow/.local/lib/python3.7/site-packages/airflow/example_dags/example_nested_branch_dag.py
[2023-08-07T10:45:00.402+0000] {logging_mixin.py:150} INFO - [2023-08-07T10:45:00.402+0000] {dag.py:2742} INFO - Sync 1 DAGs
[2023-08-07T10:45:00.418+0000] {logging_mixin.py:150} INFO - [2023-08-07T10:45:00.418+0000] {dag.py:3508} INFO - Setting next_dagrun for example_nested_branch_dag to 2023-08-06T00:00:00+00:00, run_after=2023-08-07T00:00:00+00:00
[2023-08-07T10:45:00.429+0000] {processor.py:179} INFO - Processing /home/airflow/.local/lib/python3.7/site-packages/airflow/example_dags/example_nested_branch_dag.py took 0.058 seconds
[2023-08-07T10:45:31.524+0000] {processor.py:157} INFO - Started process (PID=286) to work on /home/airflow/.local/lib/python3.7/site-packages/airflow/example_dags/example_nested_branch_dag.py
[2023-08-07T10:45:31.526+0000] {processor.py:826} INFO - Processing file /home/airflow/.local/lib/python3.7/site-packages/airflow/example_dags/example_nested_branch_dag.py for tasks to queue
[2023-08-07T10:45:31.526+0000] {logging_mixin.py:150} INFO - [2023-08-07T10:45:31.526+0000] {dagbag.py:541} INFO - Filling up the DagBag from /home/airflow/.local/lib/python3.7/site-packages/airflow/example_dags/example_nested_branch_dag.py
[2023-08-07T10:45:31.533+0000] {processor.py:836} INFO - DAG(s) dict_keys(['example_nested_branch_dag']) retrieved from /home/airflow/.local/lib/python3.7/site-packages/airflow/example_dags/example_nested_branch_dag.py
[2023-08-07T10:45:31.550+0000] {logging_mixin.py:150} INFO - [2023-08-07T10:45:31.550+0000] {dag.py:2742} INFO - Sync 1 DAGs
[2023-08-07T10:45:31.565+0000] {logging_mixin.py:150} INFO - [2023-08-07T10:45:31.565+0000] {dag.py:3508} INFO - Setting next_dagrun for example_nested_branch_dag to 2023-08-06T00:00:00+00:00, run_after=2023-08-07T00:00:00+00:00
[2023-08-07T10:45:31.574+0000] {processor.py:179} INFO - Processing /home/airflow/.local/lib/python3.7/site-packages/airflow/example_dags/example_nested_branch_dag.py took 0.052 seconds
[2023-08-07T10:46:01.830+0000] {processor.py:157} INFO - Started process (PID=344) to work on /home/airflow/.local/lib/python3.7/site-packages/airflow/example_dags/example_nested_branch_dag.py
[2023-08-07T10:46:01.831+0000] {processor.py:826} INFO - Processing file /home/airflow/.local/lib/python3.7/site-packages/airflow/example_dags/example_nested_branch_dag.py for tasks to queue
[2023-08-07T10:46:01.832+0000] {logging_mixin.py:150} INFO - [2023-08-07T10:46:01.831+0000] {dagbag.py:541} INFO - Filling up the DagBag from /home/airflow/.local/lib/python3.7/site-packages/airflow/example_dags/example_nested_branch_dag.py
[2023-08-07T10:46:01.839+0000] {processor.py:836} INFO - DAG(s) dict_keys(['example_nested_branch_dag']) retrieved from /home/airflow/.local/lib/python3.7/site-packages/airflow/example_dags/example_nested_branch_dag.py
[2023-08-07T10:46:01.855+0000] {logging_mixin.py:150} INFO - [2023-08-07T10:46:01.855+0000] {dag.py:2742} INFO - Sync 1 DAGs
[2023-08-07T10:46:01.869+0000] {logging_mixin.py:150} INFO - [2023-08-07T10:46:01.869+0000] {dag.py:3508} INFO - Setting next_dagrun for example_nested_branch_dag to 2023-08-06T00:00:00+00:00, run_after=2023-08-07T00:00:00+00:00
[2023-08-07T10:46:01.878+0000] {processor.py:179} INFO - Processing /home/airflow/.local/lib/python3.7/site-packages/airflow/example_dags/example_nested_branch_dag.py took 0.051 seconds
[2023-08-07T10:46:32.097+0000] {processor.py:157} INFO - Started process (PID=402) to work on /home/airflow/.local/lib/python3.7/site-packages/airflow/example_dags/example_nested_branch_dag.py
[2023-08-07T10:46:32.098+0000] {processor.py:826} INFO - Processing file /home/airflow/.local/lib/python3.7/site-packages/airflow/example_dags/example_nested_branch_dag.py for tasks to queue
[2023-08-07T10:46:32.099+0000] {logging_mixin.py:150} INFO - [2023-08-07T10:46:32.099+0000] {dagbag.py:541} INFO - Filling up the DagBag from /home/airflow/.local/lib/python3.7/site-packages/airflow/example_dags/example_nested_branch_dag.py
[2023-08-07T10:46:32.106+0000] {processor.py:836} INFO - DAG(s) dict_keys(['example_nested_branch_dag']) retrieved from /home/airflow/.local/lib/python3.7/site-packages/airflow/example_dags/example_nested_branch_dag.py
[2023-08-07T10:46:32.124+0000] {logging_mixin.py:150} INFO - [2023-08-07T10:46:32.124+0000] {dag.py:2742} INFO - Sync 1 DAGs
[2023-08-07T10:46:32.138+0000] {logging_mixin.py:150} INFO - [2023-08-07T10:46:32.138+0000] {dag.py:3508} INFO - Setting next_dagrun for example_nested_branch_dag to 2023-08-06T00:00:00+00:00, run_after=2023-08-07T00:00:00+00:00
[2023-08-07T10:46:32.148+0000] {processor.py:179} INFO - Processing /home/airflow/.local/lib/python3.7/site-packages/airflow/example_dags/example_nested_branch_dag.py took 0.053 seconds
[2023-08-07T10:47:02.418+0000] {processor.py:157} INFO - Started process (PID=460) to work on /home/airflow/.local/lib/python3.7/site-packages/airflow/example_dags/example_nested_branch_dag.py
[2023-08-07T10:47:02.419+0000] {processor.py:826} INFO - Processing file /home/airflow/.local/lib/python3.7/site-packages/airflow/example_dags/example_nested_branch_dag.py for tasks to queue
[2023-08-07T10:47:02.420+0000] {logging_mixin.py:150} INFO - [2023-08-07T10:47:02.420+0000] {dagbag.py:541} INFO - Filling up the DagBag from /home/airflow/.local/lib/python3.7/site-packages/airflow/example_dags/example_nested_branch_dag.py
[2023-08-07T10:47:02.427+0000] {processor.py:836} INFO - DAG(s) dict_keys(['example_nested_branch_dag']) retrieved from /home/airflow/.local/lib/python3.7/site-packages/airflow/example_dags/example_nested_branch_dag.py
[2023-08-07T10:47:02.444+0000] {logging_mixin.py:150} INFO - [2023-08-07T10:47:02.444+0000] {dag.py:2742} INFO - Sync 1 DAGs
[2023-08-07T10:47:02.458+0000] {logging_mixin.py:150} INFO - [2023-08-07T10:47:02.458+0000] {dag.py:3508} INFO - Setting next_dagrun for example_nested_branch_dag to 2023-08-06T00:00:00+00:00, run_after=2023-08-07T00:00:00+00:00
[2023-08-07T10:47:02.468+0000] {processor.py:179} INFO - Processing /home/airflow/.local/lib/python3.7/site-packages/airflow/example_dags/example_nested_branch_dag.py took 0.052 seconds
[2023-08-07T10:47:33.462+0000] {processor.py:157} INFO - Started process (PID=518) to work on /home/airflow/.local/lib/python3.7/site-packages/airflow/example_dags/example_nested_branch_dag.py
[2023-08-07T10:47:33.463+0000] {processor.py:826} INFO - Processing file /home/airflow/.local/lib/python3.7/site-packages/airflow/example_dags/example_nested_branch_dag.py for tasks to queue
[2023-08-07T10:47:33.464+0000] {logging_mixin.py:150} INFO - [2023-08-07T10:47:33.463+0000] {dagbag.py:541} INFO - Filling up the DagBag from /home/airflow/.local/lib/python3.7/site-packages/airflow/example_dags/example_nested_branch_dag.py
[2023-08-07T10:47:33.470+0000] {processor.py:836} INFO - DAG(s) dict_keys(['example_nested_branch_dag']) retrieved from /home/airflow/.local/lib/python3.7/site-packages/airflow/example_dags/example_nested_branch_dag.py
[2023-08-07T10:47:33.488+0000] {logging_mixin.py:150} INFO - [2023-08-07T10:47:33.488+0000] {dag.py:2742} INFO - Sync 1 DAGs
[2023-08-07T10:47:33.502+0000] {logging_mixin.py:150} INFO - [2023-08-07T10:47:33.502+0000] {dag.py:3508} INFO - Setting next_dagrun for example_nested_branch_dag to 2023-08-06T00:00:00+00:00, run_after=2023-08-07T00:00:00+00:00
[2023-08-07T10:47:33.512+0000] {processor.py:179} INFO - Processing /home/airflow/.local/lib/python3.7/site-packages/airflow/example_dags/example_nested_branch_dag.py took 0.053 seconds
[2023-08-07T10:48:03.694+0000] {processor.py:157} INFO - Started process (PID=576) to work on /home/airflow/.local/lib/python3.7/site-packages/airflow/example_dags/example_nested_branch_dag.py
[2023-08-07T10:48:03.695+0000] {processor.py:826} INFO - Processing file /home/airflow/.local/lib/python3.7/site-packages/airflow/example_dags/example_nested_branch_dag.py for tasks to queue
[2023-08-07T10:48:03.696+0000] {logging_mixin.py:150} INFO - [2023-08-07T10:48:03.695+0000] {dagbag.py:541} INFO - Filling up the DagBag from /home/airflow/.local/lib/python3.7/site-packages/airflow/example_dags/example_nested_branch_dag.py
[2023-08-07T10:48:03.702+0000] {processor.py:836} INFO - DAG(s) dict_keys(['example_nested_branch_dag']) retrieved from /home/airflow/.local/lib/python3.7/site-packages/airflow/example_dags/example_nested_branch_dag.py
[2023-08-07T10:48:03.722+0000] {logging_mixin.py:150} INFO - [2023-08-07T10:48:03.722+0000] {dag.py:2742} INFO - Sync 1 DAGs
[2023-08-07T10:48:03.738+0000] {logging_mixin.py:150} INFO - [2023-08-07T10:48:03.738+0000] {dag.py:3508} INFO - Setting next_dagrun for example_nested_branch_dag to 2023-08-06T00:00:00+00:00, run_after=2023-08-07T00:00:00+00:00
[2023-08-07T10:48:03.748+0000] {processor.py:179} INFO - Processing /home/airflow/.local/lib/python3.7/site-packages/airflow/example_dags/example_nested_branch_dag.py took 0.057 seconds
[2023-08-07T10:48:34.120+0000] {processor.py:157} INFO - Started process (PID=634) to work on /home/airflow/.local/lib/python3.7/site-packages/airflow/example_dags/example_nested_branch_dag.py
[2023-08-07T10:48:34.120+0000] {processor.py:826} INFO - Processing file /home/airflow/.local/lib/python3.7/site-packages/airflow/example_dags/example_nested_branch_dag.py for tasks to queue
[2023-08-07T10:48:34.121+0000] {logging_mixin.py:150} INFO - [2023-08-07T10:48:34.121+0000] {dagbag.py:541} INFO - Filling up the DagBag from /home/airflow/.local/lib/python3.7/site-packages/airflow/example_dags/example_nested_branch_dag.py
[2023-08-07T10:48:34.127+0000] {processor.py:836} INFO - DAG(s) dict_keys(['example_nested_branch_dag']) retrieved from /home/airflow/.local/lib/python3.7/site-packages/airflow/example_dags/example_nested_branch_dag.py
[2023-08-07T10:48:34.145+0000] {logging_mixin.py:150} INFO - [2023-08-07T10:48:34.145+0000] {dag.py:2742} INFO - Sync 1 DAGs
[2023-08-07T10:48:34.160+0000] {logging_mixin.py:150} INFO - [2023-08-07T10:48:34.160+0000] {dag.py:3508} INFO - Setting next_dagrun for example_nested_branch_dag to 2023-08-06T00:00:00+00:00, run_after=2023-08-07T00:00:00+00:00
[2023-08-07T10:48:34.170+0000] {processor.py:179} INFO - Processing /home/airflow/.local/lib/python3.7/site-packages/airflow/example_dags/example_nested_branch_dag.py took 0.053 seconds
[2023-08-07T10:49:04.346+0000] {processor.py:157} INFO - Started process (PID=693) to work on /home/airflow/.local/lib/python3.7/site-packages/airflow/example_dags/example_nested_branch_dag.py
[2023-08-07T10:49:04.347+0000] {processor.py:826} INFO - Processing file /home/airflow/.local/lib/python3.7/site-packages/airflow/example_dags/example_nested_branch_dag.py for tasks to queue
[2023-08-07T10:49:04.348+0000] {logging_mixin.py:150} INFO - [2023-08-07T10:49:04.348+0000] {dagbag.py:541} INFO - Filling up the DagBag from /home/airflow/.local/lib/python3.7/site-packages/airflow/example_dags/example_nested_branch_dag.py
[2023-08-07T10:49:04.355+0000] {processor.py:836} INFO - DAG(s) dict_keys(['example_nested_branch_dag']) retrieved from /home/airflow/.local/lib/python3.7/site-packages/airflow/example_dags/example_nested_branch_dag.py
[2023-08-07T10:49:04.373+0000] {logging_mixin.py:150} INFO - [2023-08-07T10:49:04.373+0000] {dag.py:2742} INFO - Sync 1 DAGs
[2023-08-07T10:49:04.387+0000] {logging_mixin.py:150} INFO - [2023-08-07T10:49:04.387+0000] {dag.py:3508} INFO - Setting next_dagrun for example_nested_branch_dag to 2023-08-06T00:00:00+00:00, run_after=2023-08-07T00:00:00+00:00
[2023-08-07T10:49:04.398+0000] {processor.py:179} INFO - Processing /home/airflow/.local/lib/python3.7/site-packages/airflow/example_dags/example_nested_branch_dag.py took 0.054 seconds
[2023-08-07T10:49:34.566+0000] {processor.py:157} INFO - Started process (PID=751) to work on /home/airflow/.local/lib/python3.7/site-packages/airflow/example_dags/example_nested_branch_dag.py
[2023-08-07T10:49:34.566+0000] {processor.py:826} INFO - Processing file /home/airflow/.local/lib/python3.7/site-packages/airflow/example_dags/example_nested_branch_dag.py for tasks to queue
[2023-08-07T10:49:34.567+0000] {logging_mixin.py:150} INFO - [2023-08-07T10:49:34.567+0000] {dagbag.py:541} INFO - Filling up the DagBag from /home/airflow/.local/lib/python3.7/site-packages/airflow/example_dags/example_nested_branch_dag.py
[2023-08-07T10:49:34.574+0000] {processor.py:836} INFO - DAG(s) dict_keys(['example_nested_branch_dag']) retrieved from /home/airflow/.local/lib/python3.7/site-packages/airflow/example_dags/example_nested_branch_dag.py
[2023-08-07T10:49:34.592+0000] {logging_mixin.py:150} INFO - [2023-08-07T10:49:34.592+0000] {dag.py:2742} INFO - Sync 1 DAGs
[2023-08-07T10:49:34.606+0000] {logging_mixin.py:150} INFO - [2023-08-07T10:49:34.606+0000] {dag.py:3508} INFO - Setting next_dagrun for example_nested_branch_dag to 2023-08-06T00:00:00+00:00, run_after=2023-08-07T00:00:00+00:00
[2023-08-07T10:49:34.616+0000] {processor.py:179} INFO - Processing /home/airflow/.local/lib/python3.7/site-packages/airflow/example_dags/example_nested_branch_dag.py took 0.053 seconds
[2023-08-07T10:50:04.844+0000] {processor.py:157} INFO - Started process (PID=809) to work on /home/airflow/.local/lib/python3.7/site-packages/airflow/example_dags/example_nested_branch_dag.py
[2023-08-07T10:50:04.845+0000] {processor.py:826} INFO - Processing file /home/airflow/.local/lib/python3.7/site-packages/airflow/example_dags/example_nested_branch_dag.py for tasks to queue
[2023-08-07T10:50:04.845+0000] {logging_mixin.py:150} INFO - [2023-08-07T10:50:04.845+0000] {dagbag.py:541} INFO - Filling up the DagBag from /home/airflow/.local/lib/python3.7/site-packages/airflow/example_dags/example_nested_branch_dag.py
[2023-08-07T10:50:04.852+0000] {processor.py:836} INFO - DAG(s) dict_keys(['example_nested_branch_dag']) retrieved from /home/airflow/.local/lib/python3.7/site-packages/airflow/example_dags/example_nested_branch_dag.py
[2023-08-07T10:50:04.869+0000] {logging_mixin.py:150} INFO - [2023-08-07T10:50:04.869+0000] {dag.py:2742} INFO - Sync 1 DAGs
[2023-08-07T10:50:04.883+0000] {logging_mixin.py:150} INFO - [2023-08-07T10:50:04.883+0000] {dag.py:3508} INFO - Setting next_dagrun for example_nested_branch_dag to 2023-08-06T00:00:00+00:00, run_after=2023-08-07T00:00:00+00:00
[2023-08-07T10:50:04.894+0000] {processor.py:179} INFO - Processing /home/airflow/.local/lib/python3.7/site-packages/airflow/example_dags/example_nested_branch_dag.py took 0.053 seconds
[2023-08-07T10:50:35.122+0000] {processor.py:157} INFO - Started process (PID=866) to work on /home/airflow/.local/lib/python3.7/site-packages/airflow/example_dags/example_nested_branch_dag.py
[2023-08-07T10:50:35.123+0000] {processor.py:826} INFO - Processing file /home/airflow/.local/lib/python3.7/site-packages/airflow/example_dags/example_nested_branch_dag.py for tasks to queue
[2023-08-07T10:50:35.123+0000] {logging_mixin.py:150} INFO - [2023-08-07T10:50:35.123+0000] {dagbag.py:541} INFO - Filling up the DagBag from /home/airflow/.local/lib/python3.7/site-packages/airflow/example_dags/example_nested_branch_dag.py
[2023-08-07T10:50:35.130+0000] {processor.py:836} INFO - DAG(s) dict_keys(['example_nested_branch_dag']) retrieved from /home/airflow/.local/lib/python3.7/site-packages/airflow/example_dags/example_nested_branch_dag.py
[2023-08-07T10:50:35.147+0000] {logging_mixin.py:150} INFO - [2023-08-07T10:50:35.147+0000] {dag.py:2742} INFO - Sync 1 DAGs
[2023-08-07T10:50:35.161+0000] {logging_mixin.py:150} INFO - [2023-08-07T10:50:35.161+0000] {dag.py:3508} INFO - Setting next_dagrun for example_nested_branch_dag to 2023-08-06T00:00:00+00:00, run_after=2023-08-07T00:00:00+00:00
[2023-08-07T10:50:35.171+0000] {processor.py:179} INFO - Processing /home/airflow/.local/lib/python3.7/site-packages/airflow/example_dags/example_nested_branch_dag.py took 0.052 seconds
[2023-08-07T10:51:05.349+0000] {processor.py:157} INFO - Started process (PID=924) to work on /home/airflow/.local/lib/python3.7/site-packages/airflow/example_dags/example_nested_branch_dag.py
[2023-08-07T10:51:05.350+0000] {processor.py:826} INFO - Processing file /home/airflow/.local/lib/python3.7/site-packages/airflow/example_dags/example_nested_branch_dag.py for tasks to queue
[2023-08-07T10:51:05.351+0000] {logging_mixin.py:150} INFO - [2023-08-07T10:51:05.351+0000] {dagbag.py:541} INFO - Filling up the DagBag from /home/airflow/.local/lib/python3.7/site-packages/airflow/example_dags/example_nested_branch_dag.py
[2023-08-07T10:51:05.357+0000] {processor.py:836} INFO - DAG(s) dict_keys(['example_nested_branch_dag']) retrieved from /home/airflow/.local/lib/python3.7/site-packages/airflow/example_dags/example_nested_branch_dag.py
[2023-08-07T10:51:05.375+0000] {logging_mixin.py:150} INFO - [2023-08-07T10:51:05.375+0000] {dag.py:2742} INFO - Sync 1 DAGs
[2023-08-07T10:51:05.389+0000] {logging_mixin.py:150} INFO - [2023-08-07T10:51:05.389+0000] {dag.py:3508} INFO - Setting next_dagrun for example_nested_branch_dag to 2023-08-06T00:00:00+00:00, run_after=2023-08-07T00:00:00+00:00
[2023-08-07T10:51:05.400+0000] {processor.py:179} INFO - Processing /home/airflow/.local/lib/python3.7/site-packages/airflow/example_dags/example_nested_branch_dag.py took 0.053 seconds
[2023-08-07T10:51:35.587+0000] {processor.py:157} INFO - Started process (PID=982) to work on /home/airflow/.local/lib/python3.7/site-packages/airflow/example_dags/example_nested_branch_dag.py
[2023-08-07T10:51:35.588+0000] {processor.py:826} INFO - Processing file /home/airflow/.local/lib/python3.7/site-packages/airflow/example_dags/example_nested_branch_dag.py for tasks to queue
[2023-08-07T10:51:35.589+0000] {logging_mixin.py:150} INFO - [2023-08-07T10:51:35.589+0000] {dagbag.py:541} INFO - Filling up the DagBag from /home/airflow/.local/lib/python3.7/site-packages/airflow/example_dags/example_nested_branch_dag.py
[2023-08-07T10:51:35.595+0000] {processor.py:836} INFO - DAG(s) dict_keys(['example_nested_branch_dag']) retrieved from /home/airflow/.local/lib/python3.7/site-packages/airflow/example_dags/example_nested_branch_dag.py
[2023-08-07T10:51:35.613+0000] {logging_mixin.py:150} INFO - [2023-08-07T10:51:35.612+0000] {dag.py:2742} INFO - Sync 1 DAGs
[2023-08-07T10:51:35.627+0000] {logging_mixin.py:150} INFO - [2023-08-07T10:51:35.627+0000] {dag.py:3508} INFO - Setting next_dagrun for example_nested_branch_dag to 2023-08-06T00:00:00+00:00, run_after=2023-08-07T00:00:00+00:00
[2023-08-07T10:51:35.637+0000] {processor.py:179} INFO - Processing /home/airflow/.local/lib/python3.7/site-packages/airflow/example_dags/example_nested_branch_dag.py took 0.052 seconds
[2023-08-07T10:52:05.861+0000] {processor.py:157} INFO - Started process (PID=1040) to work on /home/airflow/.local/lib/python3.7/site-packages/airflow/example_dags/example_nested_branch_dag.py
[2023-08-07T10:52:05.862+0000] {processor.py:826} INFO - Processing file /home/airflow/.local/lib/python3.7/site-packages/airflow/example_dags/example_nested_branch_dag.py for tasks to queue
[2023-08-07T10:52:05.863+0000] {logging_mixin.py:150} INFO - [2023-08-07T10:52:05.863+0000] {dagbag.py:541} INFO - Filling up the DagBag from /home/airflow/.local/lib/python3.7/site-packages/airflow/example_dags/example_nested_branch_dag.py
[2023-08-07T10:52:05.869+0000] {processor.py:836} INFO - DAG(s) dict_keys(['example_nested_branch_dag']) retrieved from /home/airflow/.local/lib/python3.7/site-packages/airflow/example_dags/example_nested_branch_dag.py
[2023-08-07T10:52:05.887+0000] {logging_mixin.py:150} INFO - [2023-08-07T10:52:05.887+0000] {dag.py:2742} INFO - Sync 1 DAGs
[2023-08-07T10:52:05.901+0000] {logging_mixin.py:150} INFO - [2023-08-07T10:52:05.901+0000] {dag.py:3508} INFO - Setting next_dagrun for example_nested_branch_dag to 2023-08-06T00:00:00+00:00, run_after=2023-08-07T00:00:00+00:00
[2023-08-07T10:52:05.912+0000] {processor.py:179} INFO - Processing /home/airflow/.local/lib/python3.7/site-packages/airflow/example_dags/example_nested_branch_dag.py took 0.053 seconds
[2023-08-07T10:52:36.210+0000] {processor.py:157} INFO - Started process (PID=1098) to work on /home/airflow/.local/lib/python3.7/site-packages/airflow/example_dags/example_nested_branch_dag.py
[2023-08-07T10:52:36.211+0000] {processor.py:826} INFO - Processing file /home/airflow/.local/lib/python3.7/site-packages/airflow/example_dags/example_nested_branch_dag.py for tasks to queue
[2023-08-07T10:52:36.212+0000] {logging_mixin.py:150} INFO - [2023-08-07T10:52:36.212+0000] {dagbag.py:541} INFO - Filling up the DagBag from /home/airflow/.local/lib/python3.7/site-packages/airflow/example_dags/example_nested_branch_dag.py
[2023-08-07T10:52:36.218+0000] {processor.py:836} INFO - DAG(s) dict_keys(['example_nested_branch_dag']) retrieved from /home/airflow/.local/lib/python3.7/site-packages/airflow/example_dags/example_nested_branch_dag.py
[2023-08-07T10:52:36.236+0000] {logging_mixin.py:150} INFO - [2023-08-07T10:52:36.236+0000] {dag.py:2742} INFO - Sync 1 DAGs
[2023-08-07T10:52:36.251+0000] {logging_mixin.py:150} INFO - [2023-08-07T10:52:36.251+0000] {dag.py:3508} INFO - Setting next_dagrun for example_nested_branch_dag to 2023-08-06T00:00:00+00:00, run_after=2023-08-07T00:00:00+00:00
[2023-08-07T10:52:36.260+0000] {processor.py:179} INFO - Processing /home/airflow/.local/lib/python3.7/site-packages/airflow/example_dags/example_nested_branch_dag.py took 0.052 seconds
[2023-08-07T10:53:06.487+0000] {processor.py:157} INFO - Started process (PID=1156) to work on /home/airflow/.local/lib/python3.7/site-packages/airflow/example_dags/example_nested_branch_dag.py
[2023-08-07T10:53:06.488+0000] {processor.py:826} INFO - Processing file /home/airflow/.local/lib/python3.7/site-packages/airflow/example_dags/example_nested_branch_dag.py for tasks to queue
[2023-08-07T10:53:06.488+0000] {logging_mixin.py:150} INFO - [2023-08-07T10:53:06.488+0000] {dagbag.py:541} INFO - Filling up the DagBag from /home/airflow/.local/lib/python3.7/site-packages/airflow/example_dags/example_nested_branch_dag.py
[2023-08-07T10:53:06.495+0000] {processor.py:836} INFO - DAG(s) dict_keys(['example_nested_branch_dag']) retrieved from /home/airflow/.local/lib/python3.7/site-packages/airflow/example_dags/example_nested_branch_dag.py
[2023-08-07T10:53:06.512+0000] {logging_mixin.py:150} INFO - [2023-08-07T10:53:06.512+0000] {dag.py:2742} INFO - Sync 1 DAGs
[2023-08-07T10:53:06.527+0000] {logging_mixin.py:150} INFO - [2023-08-07T10:53:06.526+0000] {dag.py:3508} INFO - Setting next_dagrun for example_nested_branch_dag to 2023-08-06T00:00:00+00:00, run_after=2023-08-07T00:00:00+00:00
[2023-08-07T10:53:06.537+0000] {processor.py:179} INFO - Processing /home/airflow/.local/lib/python3.7/site-packages/airflow/example_dags/example_nested_branch_dag.py took 0.053 seconds
[2023-08-07T10:53:36.714+0000] {processor.py:157} INFO - Started process (PID=1214) to work on /home/airflow/.local/lib/python3.7/site-packages/airflow/example_dags/example_nested_branch_dag.py
[2023-08-07T10:53:36.715+0000] {processor.py:826} INFO - Processing file /home/airflow/.local/lib/python3.7/site-packages/airflow/example_dags/example_nested_branch_dag.py for tasks to queue
[2023-08-07T10:53:36.716+0000] {logging_mixin.py:150} INFO - [2023-08-07T10:53:36.716+0000] {dagbag.py:541} INFO - Filling up the DagBag from /home/airflow/.local/lib/python3.7/site-packages/airflow/example_dags/example_nested_branch_dag.py
[2023-08-07T10:53:36.723+0000] {processor.py:836} INFO - DAG(s) dict_keys(['example_nested_branch_dag']) retrieved from /home/airflow/.local/lib/python3.7/site-packages/airflow/example_dags/example_nested_branch_dag.py
[2023-08-07T10:53:36.739+0000] {logging_mixin.py:150} INFO - [2023-08-07T10:53:36.739+0000] {dag.py:2742} INFO - Sync 1 DAGs
[2023-08-07T10:53:36.753+0000] {logging_mixin.py:150} INFO - [2023-08-07T10:53:36.753+0000] {dag.py:3508} INFO - Setting next_dagrun for example_nested_branch_dag to 2023-08-06T00:00:00+00:00, run_after=2023-08-07T00:00:00+00:00
[2023-08-07T10:53:36.764+0000] {processor.py:179} INFO - Processing /home/airflow/.local/lib/python3.7/site-packages/airflow/example_dags/example_nested_branch_dag.py took 0.053 seconds
[2023-08-07T10:54:06.971+0000] {processor.py:157} INFO - Started process (PID=1272) to work on /home/airflow/.local/lib/python3.7/site-packages/airflow/example_dags/example_nested_branch_dag.py
[2023-08-07T10:54:06.971+0000] {processor.py:826} INFO - Processing file /home/airflow/.local/lib/python3.7/site-packages/airflow/example_dags/example_nested_branch_dag.py for tasks to queue
[2023-08-07T10:54:06.972+0000] {logging_mixin.py:150} INFO - [2023-08-07T10:54:06.972+0000] {dagbag.py:541} INFO - Filling up the DagBag from /home/airflow/.local/lib/python3.7/site-packages/airflow/example_dags/example_nested_branch_dag.py
[2023-08-07T10:54:06.979+0000] {processor.py:836} INFO - DAG(s) dict_keys(['example_nested_branch_dag']) retrieved from /home/airflow/.local/lib/python3.7/site-packages/airflow/example_dags/example_nested_branch_dag.py
[2023-08-07T10:54:06.996+0000] {logging_mixin.py:150} INFO - [2023-08-07T10:54:06.996+0000] {dag.py:2742} INFO - Sync 1 DAGs
[2023-08-07T10:54:07.010+0000] {logging_mixin.py:150} INFO - [2023-08-07T10:54:07.010+0000] {dag.py:3508} INFO - Setting next_dagrun for example_nested_branch_dag to 2023-08-06T00:00:00+00:00, run_after=2023-08-07T00:00:00+00:00
[2023-08-07T10:54:07.021+0000] {processor.py:179} INFO - Processing /home/airflow/.local/lib/python3.7/site-packages/airflow/example_dags/example_nested_branch_dag.py took 0.053 seconds
[2023-08-07T10:54:37.233+0000] {processor.py:157} INFO - Started process (PID=1330) to work on /home/airflow/.local/lib/python3.7/site-packages/airflow/example_dags/example_nested_branch_dag.py
[2023-08-07T10:54:37.234+0000] {processor.py:826} INFO - Processing file /home/airflow/.local/lib/python3.7/site-packages/airflow/example_dags/example_nested_branch_dag.py for tasks to queue
[2023-08-07T10:54:37.234+0000] {logging_mixin.py:150} INFO - [2023-08-07T10:54:37.234+0000] {dagbag.py:541} INFO - Filling up the DagBag from /home/airflow/.local/lib/python3.7/site-packages/airflow/example_dags/example_nested_branch_dag.py
[2023-08-07T10:54:37.241+0000] {processor.py:836} INFO - DAG(s) dict_keys(['example_nested_branch_dag']) retrieved from /home/airflow/.local/lib/python3.7/site-packages/airflow/example_dags/example_nested_branch_dag.py
[2023-08-07T10:54:37.258+0000] {logging_mixin.py:150} INFO - [2023-08-07T10:54:37.258+0000] {dag.py:2742} INFO - Sync 1 DAGs
[2023-08-07T10:54:37.272+0000] {logging_mixin.py:150} INFO - [2023-08-07T10:54:37.272+0000] {dag.py:3508} INFO - Setting next_dagrun for example_nested_branch_dag to 2023-08-06T00:00:00+00:00, run_after=2023-08-07T00:00:00+00:00
[2023-08-07T10:54:37.283+0000] {processor.py:179} INFO - Processing /home/airflow/.local/lib/python3.7/site-packages/airflow/example_dags/example_nested_branch_dag.py took 0.052 seconds
[2023-08-07T10:55:07.505+0000] {processor.py:157} INFO - Started process (PID=1388) to work on /home/airflow/.local/lib/python3.7/site-packages/airflow/example_dags/example_nested_branch_dag.py
[2023-08-07T10:55:07.506+0000] {processor.py:826} INFO - Processing file /home/airflow/.local/lib/python3.7/site-packages/airflow/example_dags/example_nested_branch_dag.py for tasks to queue
[2023-08-07T10:55:07.507+0000] {logging_mixin.py:150} INFO - [2023-08-07T10:55:07.506+0000] {dagbag.py:541} INFO - Filling up the DagBag from /home/airflow/.local/lib/python3.7/site-packages/airflow/example_dags/example_nested_branch_dag.py
[2023-08-07T10:55:07.513+0000] {processor.py:836} INFO - DAG(s) dict_keys(['example_nested_branch_dag']) retrieved from /home/airflow/.local/lib/python3.7/site-packages/airflow/example_dags/example_nested_branch_dag.py
[2023-08-07T10:55:07.531+0000] {logging_mixin.py:150} INFO - [2023-08-07T10:55:07.531+0000] {dag.py:2742} INFO - Sync 1 DAGs
[2023-08-07T10:55:07.545+0000] {logging_mixin.py:150} INFO - [2023-08-07T10:55:07.545+0000] {dag.py:3508} INFO - Setting next_dagrun for example_nested_branch_dag to 2023-08-06T00:00:00+00:00, run_after=2023-08-07T00:00:00+00:00
[2023-08-07T10:55:07.556+0000] {processor.py:179} INFO - Processing /home/airflow/.local/lib/python3.7/site-packages/airflow/example_dags/example_nested_branch_dag.py took 0.054 seconds
[2023-08-07T10:55:37.781+0000] {processor.py:157} INFO - Started process (PID=1446) to work on /home/airflow/.local/lib/python3.7/site-packages/airflow/example_dags/example_nested_branch_dag.py
[2023-08-07T10:55:37.782+0000] {processor.py:826} INFO - Processing file /home/airflow/.local/lib/python3.7/site-packages/airflow/example_dags/example_nested_branch_dag.py for tasks to queue
[2023-08-07T10:55:37.783+0000] {logging_mixin.py:150} INFO - [2023-08-07T10:55:37.783+0000] {dagbag.py:541} INFO - Filling up the DagBag from /home/airflow/.local/lib/python3.7/site-packages/airflow/example_dags/example_nested_branch_dag.py
[2023-08-07T10:55:37.789+0000] {processor.py:836} INFO - DAG(s) dict_keys(['example_nested_branch_dag']) retrieved from /home/airflow/.local/lib/python3.7/site-packages/airflow/example_dags/example_nested_branch_dag.py
[2023-08-07T10:55:37.806+0000] {logging_mixin.py:150} INFO - [2023-08-07T10:55:37.806+0000] {dag.py:2742} INFO - Sync 1 DAGs
[2023-08-07T10:55:37.821+0000] {logging_mixin.py:150} INFO - [2023-08-07T10:55:37.821+0000] {dag.py:3508} INFO - Setting next_dagrun for example_nested_branch_dag to 2023-08-06T00:00:00+00:00, run_after=2023-08-07T00:00:00+00:00
[2023-08-07T10:55:37.832+0000] {processor.py:179} INFO - Processing /home/airflow/.local/lib/python3.7/site-packages/airflow/example_dags/example_nested_branch_dag.py took 0.053 seconds
[2023-08-07T10:56:08.151+0000] {processor.py:157} INFO - Started process (PID=1504) to work on /home/airflow/.local/lib/python3.7/site-packages/airflow/example_dags/example_nested_branch_dag.py
[2023-08-07T10:56:08.152+0000] {processor.py:826} INFO - Processing file /home/airflow/.local/lib/python3.7/site-packages/airflow/example_dags/example_nested_branch_dag.py for tasks to queue
[2023-08-07T10:56:08.153+0000] {logging_mixin.py:150} INFO - [2023-08-07T10:56:08.153+0000] {dagbag.py:541} INFO - Filling up the DagBag from /home/airflow/.local/lib/python3.7/site-packages/airflow/example_dags/example_nested_branch_dag.py
[2023-08-07T10:56:08.159+0000] {processor.py:836} INFO - DAG(s) dict_keys(['example_nested_branch_dag']) retrieved from /home/airflow/.local/lib/python3.7/site-packages/airflow/example_dags/example_nested_branch_dag.py
[2023-08-07T10:56:08.176+0000] {logging_mixin.py:150} INFO - [2023-08-07T10:56:08.176+0000] {dag.py:2742} INFO - Sync 1 DAGs
[2023-08-07T10:56:08.191+0000] {logging_mixin.py:150} INFO - [2023-08-07T10:56:08.191+0000] {dag.py:3508} INFO - Setting next_dagrun for example_nested_branch_dag to 2023-08-06T00:00:00+00:00, run_after=2023-08-07T00:00:00+00:00
[2023-08-07T10:56:08.201+0000] {processor.py:179} INFO - Processing /home/airflow/.local/lib/python3.7/site-packages/airflow/example_dags/example_nested_branch_dag.py took 0.052 seconds
[2023-08-07T10:56:38.411+0000] {processor.py:157} INFO - Started process (PID=1562) to work on /home/airflow/.local/lib/python3.7/site-packages/airflow/example_dags/example_nested_branch_dag.py
[2023-08-07T10:56:38.412+0000] {processor.py:826} INFO - Processing file /home/airflow/.local/lib/python3.7/site-packages/airflow/example_dags/example_nested_branch_dag.py for tasks to queue
[2023-08-07T10:56:38.413+0000] {logging_mixin.py:150} INFO - [2023-08-07T10:56:38.413+0000] {dagbag.py:541} INFO - Filling up the DagBag from /home/airflow/.local/lib/python3.7/site-packages/airflow/example_dags/example_nested_branch_dag.py
[2023-08-07T10:56:38.421+0000] {processor.py:836} INFO - DAG(s) dict_keys(['example_nested_branch_dag']) retrieved from /home/airflow/.local/lib/python3.7/site-packages/airflow/example_dags/example_nested_branch_dag.py
[2023-08-07T10:56:38.451+0000] {logging_mixin.py:150} INFO - [2023-08-07T10:56:38.450+0000] {dag.py:2742} INFO - Sync 1 DAGs
[2023-08-07T10:56:38.483+0000] {logging_mixin.py:150} INFO - [2023-08-07T10:56:38.482+0000] {dag.py:3508} INFO - Setting next_dagrun for example_nested_branch_dag to 2023-08-06T00:00:00+00:00, run_after=2023-08-07T00:00:00+00:00
[2023-08-07T10:56:38.500+0000] {processor.py:179} INFO - Processing /home/airflow/.local/lib/python3.7/site-packages/airflow/example_dags/example_nested_branch_dag.py took 0.092 seconds
[2023-08-07T10:57:08.860+0000] {processor.py:157} INFO - Started process (PID=1619) to work on /home/airflow/.local/lib/python3.7/site-packages/airflow/example_dags/example_nested_branch_dag.py
[2023-08-07T10:57:08.861+0000] {processor.py:826} INFO - Processing file /home/airflow/.local/lib/python3.7/site-packages/airflow/example_dags/example_nested_branch_dag.py for tasks to queue
[2023-08-07T10:57:08.861+0000] {logging_mixin.py:150} INFO - [2023-08-07T10:57:08.861+0000] {dagbag.py:541} INFO - Filling up the DagBag from /home/airflow/.local/lib/python3.7/site-packages/airflow/example_dags/example_nested_branch_dag.py
[2023-08-07T10:57:08.868+0000] {processor.py:836} INFO - DAG(s) dict_keys(['example_nested_branch_dag']) retrieved from /home/airflow/.local/lib/python3.7/site-packages/airflow/example_dags/example_nested_branch_dag.py
[2023-08-07T10:57:08.885+0000] {logging_mixin.py:150} INFO - [2023-08-07T10:57:08.885+0000] {dag.py:2742} INFO - Sync 1 DAGs
[2023-08-07T10:57:08.900+0000] {logging_mixin.py:150} INFO - [2023-08-07T10:57:08.900+0000] {dag.py:3508} INFO - Setting next_dagrun for example_nested_branch_dag to 2023-08-06T00:00:00+00:00, run_after=2023-08-07T00:00:00+00:00
[2023-08-07T10:57:08.909+0000] {processor.py:179} INFO - Processing /home/airflow/.local/lib/python3.7/site-packages/airflow/example_dags/example_nested_branch_dag.py took 0.052 seconds
[2023-08-07T10:57:39.126+0000] {processor.py:157} INFO - Started process (PID=1677) to work on /home/airflow/.local/lib/python3.7/site-packages/airflow/example_dags/example_nested_branch_dag.py
[2023-08-07T10:57:39.127+0000] {processor.py:826} INFO - Processing file /home/airflow/.local/lib/python3.7/site-packages/airflow/example_dags/example_nested_branch_dag.py for tasks to queue
[2023-08-07T10:57:39.128+0000] {logging_mixin.py:150} INFO - [2023-08-07T10:57:39.128+0000] {dagbag.py:541} INFO - Filling up the DagBag from /home/airflow/.local/lib/python3.7/site-packages/airflow/example_dags/example_nested_branch_dag.py
[2023-08-07T10:57:39.136+0000] {processor.py:836} INFO - DAG(s) dict_keys(['example_nested_branch_dag']) retrieved from /home/airflow/.local/lib/python3.7/site-packages/airflow/example_dags/example_nested_branch_dag.py
[2023-08-07T10:57:39.155+0000] {logging_mixin.py:150} INFO - [2023-08-07T10:57:39.155+0000] {dag.py:2742} INFO - Sync 1 DAGs
[2023-08-07T10:57:39.171+0000] {logging_mixin.py:150} INFO - [2023-08-07T10:57:39.171+0000] {dag.py:3508} INFO - Setting next_dagrun for example_nested_branch_dag to 2023-08-06T00:00:00+00:00, run_after=2023-08-07T00:00:00+00:00
[2023-08-07T10:57:39.181+0000] {processor.py:179} INFO - Processing /home/airflow/.local/lib/python3.7/site-packages/airflow/example_dags/example_nested_branch_dag.py took 0.057 seconds
[2023-08-07T10:58:09.324+0000] {processor.py:157} INFO - Started process (PID=1735) to work on /home/airflow/.local/lib/python3.7/site-packages/airflow/example_dags/example_nested_branch_dag.py
[2023-08-07T10:58:09.325+0000] {processor.py:826} INFO - Processing file /home/airflow/.local/lib/python3.7/site-packages/airflow/example_dags/example_nested_branch_dag.py for tasks to queue
[2023-08-07T10:58:09.326+0000] {logging_mixin.py:150} INFO - [2023-08-07T10:58:09.326+0000] {dagbag.py:541} INFO - Filling up the DagBag from /home/airflow/.local/lib/python3.7/site-packages/airflow/example_dags/example_nested_branch_dag.py
[2023-08-07T10:58:09.333+0000] {processor.py:836} INFO - DAG(s) dict_keys(['example_nested_branch_dag']) retrieved from /home/airflow/.local/lib/python3.7/site-packages/airflow/example_dags/example_nested_branch_dag.py
[2023-08-07T10:58:09.351+0000] {logging_mixin.py:150} INFO - [2023-08-07T10:58:09.350+0000] {dag.py:2742} INFO - Sync 1 DAGs
[2023-08-07T10:58:09.366+0000] {logging_mixin.py:150} INFO - [2023-08-07T10:58:09.366+0000] {dag.py:3508} INFO - Setting next_dagrun for example_nested_branch_dag to 2023-08-06T00:00:00+00:00, run_after=2023-08-07T00:00:00+00:00
[2023-08-07T10:58:09.377+0000] {processor.py:179} INFO - Processing /home/airflow/.local/lib/python3.7/site-packages/airflow/example_dags/example_nested_branch_dag.py took 0.055 seconds
[2023-08-07T10:58:39.620+0000] {processor.py:157} INFO - Started process (PID=1793) to work on /home/airflow/.local/lib/python3.7/site-packages/airflow/example_dags/example_nested_branch_dag.py
[2023-08-07T10:58:39.621+0000] {processor.py:826} INFO - Processing file /home/airflow/.local/lib/python3.7/site-packages/airflow/example_dags/example_nested_branch_dag.py for tasks to queue
[2023-08-07T10:58:39.622+0000] {logging_mixin.py:150} INFO - [2023-08-07T10:58:39.621+0000] {dagbag.py:541} INFO - Filling up the DagBag from /home/airflow/.local/lib/python3.7/site-packages/airflow/example_dags/example_nested_branch_dag.py
[2023-08-07T10:58:39.628+0000] {processor.py:836} INFO - DAG(s) dict_keys(['example_nested_branch_dag']) retrieved from /home/airflow/.local/lib/python3.7/site-packages/airflow/example_dags/example_nested_branch_dag.py
[2023-08-07T10:58:39.647+0000] {logging_mixin.py:150} INFO - [2023-08-07T10:58:39.647+0000] {dag.py:2742} INFO - Sync 1 DAGs
[2023-08-07T10:58:39.662+0000] {logging_mixin.py:150} INFO - [2023-08-07T10:58:39.661+0000] {dag.py:3508} INFO - Setting next_dagrun for example_nested_branch_dag to 2023-08-06T00:00:00+00:00, run_after=2023-08-07T00:00:00+00:00
[2023-08-07T10:58:39.673+0000] {processor.py:179} INFO - Processing /home/airflow/.local/lib/python3.7/site-packages/airflow/example_dags/example_nested_branch_dag.py took 0.056 seconds
[2023-08-07T10:59:09.770+0000] {processor.py:157} INFO - Started process (PID=1850) to work on /home/airflow/.local/lib/python3.7/site-packages/airflow/example_dags/example_nested_branch_dag.py
[2023-08-07T10:59:09.770+0000] {processor.py:826} INFO - Processing file /home/airflow/.local/lib/python3.7/site-packages/airflow/example_dags/example_nested_branch_dag.py for tasks to queue
[2023-08-07T10:59:09.771+0000] {logging_mixin.py:150} INFO - [2023-08-07T10:59:09.771+0000] {dagbag.py:541} INFO - Filling up the DagBag from /home/airflow/.local/lib/python3.7/site-packages/airflow/example_dags/example_nested_branch_dag.py
[2023-08-07T10:59:09.778+0000] {processor.py:836} INFO - DAG(s) dict_keys(['example_nested_branch_dag']) retrieved from /home/airflow/.local/lib/python3.7/site-packages/airflow/example_dags/example_nested_branch_dag.py
[2023-08-07T10:59:09.796+0000] {logging_mixin.py:150} INFO - [2023-08-07T10:59:09.796+0000] {dag.py:2742} INFO - Sync 1 DAGs
[2023-08-07T10:59:09.810+0000] {logging_mixin.py:150} INFO - [2023-08-07T10:59:09.810+0000] {dag.py:3508} INFO - Setting next_dagrun for example_nested_branch_dag to 2023-08-06T00:00:00+00:00, run_after=2023-08-07T00:00:00+00:00
[2023-08-07T10:59:09.820+0000] {processor.py:179} INFO - Processing /home/airflow/.local/lib/python3.7/site-packages/airflow/example_dags/example_nested_branch_dag.py took 0.053 seconds
[2023-08-07T10:59:40.038+0000] {processor.py:157} INFO - Started process (PID=1908) to work on /home/airflow/.local/lib/python3.7/site-packages/airflow/example_dags/example_nested_branch_dag.py
[2023-08-07T10:59:40.040+0000] {processor.py:826} INFO - Processing file /home/airflow/.local/lib/python3.7/site-packages/airflow/example_dags/example_nested_branch_dag.py for tasks to queue
[2023-08-07T10:59:40.041+0000] {logging_mixin.py:150} INFO - [2023-08-07T10:59:40.041+0000] {dagbag.py:541} INFO - Filling up the DagBag from /home/airflow/.local/lib/python3.7/site-packages/airflow/example_dags/example_nested_branch_dag.py
[2023-08-07T10:59:40.051+0000] {processor.py:836} INFO - DAG(s) dict_keys(['example_nested_branch_dag']) retrieved from /home/airflow/.local/lib/python3.7/site-packages/airflow/example_dags/example_nested_branch_dag.py
[2023-08-07T10:59:40.071+0000] {logging_mixin.py:150} INFO - [2023-08-07T10:59:40.071+0000] {dag.py:2742} INFO - Sync 1 DAGs
[2023-08-07T10:59:40.086+0000] {logging_mixin.py:150} INFO - [2023-08-07T10:59:40.086+0000] {dag.py:3508} INFO - Setting next_dagrun for example_nested_branch_dag to 2023-08-06T00:00:00+00:00, run_after=2023-08-07T00:00:00+00:00
[2023-08-07T10:59:40.096+0000] {processor.py:179} INFO - Processing /home/airflow/.local/lib/python3.7/site-packages/airflow/example_dags/example_nested_branch_dag.py took 0.061 seconds
[2023-08-07T11:00:10.516+0000] {processor.py:157} INFO - Started process (PID=1967) to work on /home/airflow/.local/lib/python3.7/site-packages/airflow/example_dags/example_nested_branch_dag.py
[2023-08-07T11:00:10.517+0000] {processor.py:826} INFO - Processing file /home/airflow/.local/lib/python3.7/site-packages/airflow/example_dags/example_nested_branch_dag.py for tasks to queue
[2023-08-07T11:00:10.517+0000] {logging_mixin.py:150} INFO - [2023-08-07T11:00:10.517+0000] {dagbag.py:541} INFO - Filling up the DagBag from /home/airflow/.local/lib/python3.7/site-packages/airflow/example_dags/example_nested_branch_dag.py
[2023-08-07T11:00:10.524+0000] {processor.py:836} INFO - DAG(s) dict_keys(['example_nested_branch_dag']) retrieved from /home/airflow/.local/lib/python3.7/site-packages/airflow/example_dags/example_nested_branch_dag.py
[2023-08-07T11:00:10.542+0000] {logging_mixin.py:150} INFO - [2023-08-07T11:00:10.542+0000] {dag.py:2742} INFO - Sync 1 DAGs
[2023-08-07T11:00:10.556+0000] {logging_mixin.py:150} INFO - [2023-08-07T11:00:10.556+0000] {dag.py:3508} INFO - Setting next_dagrun for example_nested_branch_dag to 2023-08-06T00:00:00+00:00, run_after=2023-08-07T00:00:00+00:00
[2023-08-07T11:00:10.566+0000] {processor.py:179} INFO - Processing /home/airflow/.local/lib/python3.7/site-packages/airflow/example_dags/example_nested_branch_dag.py took 0.052 seconds
[2023-08-07T11:00:40.809+0000] {processor.py:157} INFO - Started process (PID=2025) to work on /home/airflow/.local/lib/python3.7/site-packages/airflow/example_dags/example_nested_branch_dag.py
[2023-08-07T11:00:40.810+0000] {processor.py:826} INFO - Processing file /home/airflow/.local/lib/python3.7/site-packages/airflow/example_dags/example_nested_branch_dag.py for tasks to queue
[2023-08-07T11:00:40.811+0000] {logging_mixin.py:150} INFO - [2023-08-07T11:00:40.811+0000] {dagbag.py:541} INFO - Filling up the DagBag from /home/airflow/.local/lib/python3.7/site-packages/airflow/example_dags/example_nested_branch_dag.py
[2023-08-07T11:00:40.818+0000] {processor.py:836} INFO - DAG(s) dict_keys(['example_nested_branch_dag']) retrieved from /home/airflow/.local/lib/python3.7/site-packages/airflow/example_dags/example_nested_branch_dag.py
[2023-08-07T11:00:40.836+0000] {logging_mixin.py:150} INFO - [2023-08-07T11:00:40.836+0000] {dag.py:2742} INFO - Sync 1 DAGs
[2023-08-07T11:00:40.850+0000] {logging_mixin.py:150} INFO - [2023-08-07T11:00:40.850+0000] {dag.py:3508} INFO - Setting next_dagrun for example_nested_branch_dag to 2023-08-06T00:00:00+00:00, run_after=2023-08-07T00:00:00+00:00
[2023-08-07T11:00:40.861+0000] {processor.py:179} INFO - Processing /home/airflow/.local/lib/python3.7/site-packages/airflow/example_dags/example_nested_branch_dag.py took 0.054 seconds
[2023-08-07T11:01:11.007+0000] {processor.py:157} INFO - Started process (PID=2082) to work on /home/airflow/.local/lib/python3.7/site-packages/airflow/example_dags/example_nested_branch_dag.py
[2023-08-07T11:01:11.008+0000] {processor.py:826} INFO - Processing file /home/airflow/.local/lib/python3.7/site-packages/airflow/example_dags/example_nested_branch_dag.py for tasks to queue
[2023-08-07T11:01:11.009+0000] {logging_mixin.py:150} INFO - [2023-08-07T11:01:11.008+0000] {dagbag.py:541} INFO - Filling up the DagBag from /home/airflow/.local/lib/python3.7/site-packages/airflow/example_dags/example_nested_branch_dag.py
[2023-08-07T11:01:11.015+0000] {processor.py:836} INFO - DAG(s) dict_keys(['example_nested_branch_dag']) retrieved from /home/airflow/.local/lib/python3.7/site-packages/airflow/example_dags/example_nested_branch_dag.py
[2023-08-07T11:01:11.033+0000] {logging_mixin.py:150} INFO - [2023-08-07T11:01:11.033+0000] {dag.py:2742} INFO - Sync 1 DAGs
[2023-08-07T11:01:11.047+0000] {logging_mixin.py:150} INFO - [2023-08-07T11:01:11.047+0000] {dag.py:3508} INFO - Setting next_dagrun for example_nested_branch_dag to 2023-08-06T00:00:00+00:00, run_after=2023-08-07T00:00:00+00:00
[2023-08-07T11:01:11.057+0000] {processor.py:179} INFO - Processing /home/airflow/.local/lib/python3.7/site-packages/airflow/example_dags/example_nested_branch_dag.py took 0.053 seconds
[2023-08-07T11:01:41.547+0000] {processor.py:157} INFO - Started process (PID=2141) to work on /home/airflow/.local/lib/python3.7/site-packages/airflow/example_dags/example_nested_branch_dag.py
[2023-08-07T11:01:41.548+0000] {processor.py:826} INFO - Processing file /home/airflow/.local/lib/python3.7/site-packages/airflow/example_dags/example_nested_branch_dag.py for tasks to queue
[2023-08-07T11:01:41.549+0000] {logging_mixin.py:150} INFO - [2023-08-07T11:01:41.548+0000] {dagbag.py:541} INFO - Filling up the DagBag from /home/airflow/.local/lib/python3.7/site-packages/airflow/example_dags/example_nested_branch_dag.py
[2023-08-07T11:01:41.555+0000] {processor.py:836} INFO - DAG(s) dict_keys(['example_nested_branch_dag']) retrieved from /home/airflow/.local/lib/python3.7/site-packages/airflow/example_dags/example_nested_branch_dag.py
[2023-08-07T11:01:41.576+0000] {logging_mixin.py:150} INFO - [2023-08-07T11:01:41.576+0000] {dag.py:2742} INFO - Sync 1 DAGs
[2023-08-07T11:01:41.590+0000] {logging_mixin.py:150} INFO - [2023-08-07T11:01:41.590+0000] {dag.py:3508} INFO - Setting next_dagrun for example_nested_branch_dag to 2023-08-06T00:00:00+00:00, run_after=2023-08-07T00:00:00+00:00
[2023-08-07T11:01:41.601+0000] {processor.py:179} INFO - Processing /home/airflow/.local/lib/python3.7/site-packages/airflow/example_dags/example_nested_branch_dag.py took 0.057 seconds
[2023-08-07T11:02:11.674+0000] {processor.py:157} INFO - Started process (PID=2199) to work on /home/airflow/.local/lib/python3.7/site-packages/airflow/example_dags/example_nested_branch_dag.py
[2023-08-07T11:02:11.675+0000] {processor.py:826} INFO - Processing file /home/airflow/.local/lib/python3.7/site-packages/airflow/example_dags/example_nested_branch_dag.py for tasks to queue
[2023-08-07T11:02:11.676+0000] {logging_mixin.py:150} INFO - [2023-08-07T11:02:11.676+0000] {dagbag.py:541} INFO - Filling up the DagBag from /home/airflow/.local/lib/python3.7/site-packages/airflow/example_dags/example_nested_branch_dag.py
[2023-08-07T11:02:11.683+0000] {processor.py:836} INFO - DAG(s) dict_keys(['example_nested_branch_dag']) retrieved from /home/airflow/.local/lib/python3.7/site-packages/airflow/example_dags/example_nested_branch_dag.py
[2023-08-07T11:02:11.701+0000] {logging_mixin.py:150} INFO - [2023-08-07T11:02:11.701+0000] {dag.py:2742} INFO - Sync 1 DAGs
[2023-08-07T11:02:11.715+0000] {logging_mixin.py:150} INFO - [2023-08-07T11:02:11.715+0000] {dag.py:3508} INFO - Setting next_dagrun for example_nested_branch_dag to 2023-08-06T00:00:00+00:00, run_after=2023-08-07T00:00:00+00:00
[2023-08-07T11:02:11.725+0000] {processor.py:179} INFO - Processing /home/airflow/.local/lib/python3.7/site-packages/airflow/example_dags/example_nested_branch_dag.py took 0.053 seconds
[2023-08-07T11:02:41.911+0000] {processor.py:157} INFO - Started process (PID=2256) to work on /home/airflow/.local/lib/python3.7/site-packages/airflow/example_dags/example_nested_branch_dag.py
[2023-08-07T11:02:41.912+0000] {processor.py:826} INFO - Processing file /home/airflow/.local/lib/python3.7/site-packages/airflow/example_dags/example_nested_branch_dag.py for tasks to queue
[2023-08-07T11:02:41.913+0000] {logging_mixin.py:150} INFO - [2023-08-07T11:02:41.913+0000] {dagbag.py:541} INFO - Filling up the DagBag from /home/airflow/.local/lib/python3.7/site-packages/airflow/example_dags/example_nested_branch_dag.py
[2023-08-07T11:02:41.919+0000] {processor.py:836} INFO - DAG(s) dict_keys(['example_nested_branch_dag']) retrieved from /home/airflow/.local/lib/python3.7/site-packages/airflow/example_dags/example_nested_branch_dag.py
[2023-08-07T11:02:41.936+0000] {logging_mixin.py:150} INFO - [2023-08-07T11:02:41.936+0000] {dag.py:2742} INFO - Sync 1 DAGs
[2023-08-07T11:02:41.951+0000] {logging_mixin.py:150} INFO - [2023-08-07T11:02:41.951+0000] {dag.py:3508} INFO - Setting next_dagrun for example_nested_branch_dag to 2023-08-06T00:00:00+00:00, run_after=2023-08-07T00:00:00+00:00
[2023-08-07T11:02:41.960+0000] {processor.py:179} INFO - Processing /home/airflow/.local/lib/python3.7/site-packages/airflow/example_dags/example_nested_branch_dag.py took 0.051 seconds
[2023-08-07T11:03:12.133+0000] {processor.py:157} INFO - Started process (PID=2315) to work on /home/airflow/.local/lib/python3.7/site-packages/airflow/example_dags/example_nested_branch_dag.py
[2023-08-07T11:03:12.134+0000] {processor.py:826} INFO - Processing file /home/airflow/.local/lib/python3.7/site-packages/airflow/example_dags/example_nested_branch_dag.py for tasks to queue
[2023-08-07T11:03:12.135+0000] {logging_mixin.py:150} INFO - [2023-08-07T11:03:12.135+0000] {dagbag.py:541} INFO - Filling up the DagBag from /home/airflow/.local/lib/python3.7/site-packages/airflow/example_dags/example_nested_branch_dag.py
[2023-08-07T11:03:12.142+0000] {processor.py:836} INFO - DAG(s) dict_keys(['example_nested_branch_dag']) retrieved from /home/airflow/.local/lib/python3.7/site-packages/airflow/example_dags/example_nested_branch_dag.py
[2023-08-07T11:03:12.159+0000] {logging_mixin.py:150} INFO - [2023-08-07T11:03:12.159+0000] {dag.py:2742} INFO - Sync 1 DAGs
[2023-08-07T11:03:12.173+0000] {logging_mixin.py:150} INFO - [2023-08-07T11:03:12.173+0000] {dag.py:3508} INFO - Setting next_dagrun for example_nested_branch_dag to 2023-08-06T00:00:00+00:00, run_after=2023-08-07T00:00:00+00:00
[2023-08-07T11:03:12.183+0000] {processor.py:179} INFO - Processing /home/airflow/.local/lib/python3.7/site-packages/airflow/example_dags/example_nested_branch_dag.py took 0.053 seconds
[2023-08-07T11:03:42.425+0000] {processor.py:157} INFO - Started process (PID=2373) to work on /home/airflow/.local/lib/python3.7/site-packages/airflow/example_dags/example_nested_branch_dag.py
[2023-08-07T11:03:42.426+0000] {processor.py:826} INFO - Processing file /home/airflow/.local/lib/python3.7/site-packages/airflow/example_dags/example_nested_branch_dag.py for tasks to queue
[2023-08-07T11:03:42.427+0000] {logging_mixin.py:150} INFO - [2023-08-07T11:03:42.426+0000] {dagbag.py:541} INFO - Filling up the DagBag from /home/airflow/.local/lib/python3.7/site-packages/airflow/example_dags/example_nested_branch_dag.py
[2023-08-07T11:03:42.433+0000] {processor.py:836} INFO - DAG(s) dict_keys(['example_nested_branch_dag']) retrieved from /home/airflow/.local/lib/python3.7/site-packages/airflow/example_dags/example_nested_branch_dag.py
[2023-08-07T11:03:42.450+0000] {logging_mixin.py:150} INFO - [2023-08-07T11:03:42.450+0000] {dag.py:2742} INFO - Sync 1 DAGs
[2023-08-07T11:03:42.464+0000] {logging_mixin.py:150} INFO - [2023-08-07T11:03:42.464+0000] {dag.py:3508} INFO - Setting next_dagrun for example_nested_branch_dag to 2023-08-06T00:00:00+00:00, run_after=2023-08-07T00:00:00+00:00
[2023-08-07T11:03:42.473+0000] {processor.py:179} INFO - Processing /home/airflow/.local/lib/python3.7/site-packages/airflow/example_dags/example_nested_branch_dag.py took 0.051 seconds
[2023-08-07T11:04:12.941+0000] {processor.py:157} INFO - Started process (PID=2432) to work on /home/airflow/.local/lib/python3.7/site-packages/airflow/example_dags/example_nested_branch_dag.py
[2023-08-07T11:04:12.942+0000] {processor.py:826} INFO - Processing file /home/airflow/.local/lib/python3.7/site-packages/airflow/example_dags/example_nested_branch_dag.py for tasks to queue
[2023-08-07T11:04:12.943+0000] {logging_mixin.py:150} INFO - [2023-08-07T11:04:12.943+0000] {dagbag.py:541} INFO - Filling up the DagBag from /home/airflow/.local/lib/python3.7/site-packages/airflow/example_dags/example_nested_branch_dag.py
[2023-08-07T11:04:12.950+0000] {processor.py:836} INFO - DAG(s) dict_keys(['example_nested_branch_dag']) retrieved from /home/airflow/.local/lib/python3.7/site-packages/airflow/example_dags/example_nested_branch_dag.py
[2023-08-07T11:04:12.969+0000] {logging_mixin.py:150} INFO - [2023-08-07T11:04:12.969+0000] {dag.py:2742} INFO - Sync 1 DAGs
[2023-08-07T11:04:12.984+0000] {logging_mixin.py:150} INFO - [2023-08-07T11:04:12.984+0000] {dag.py:3508} INFO - Setting next_dagrun for example_nested_branch_dag to 2023-08-06T00:00:00+00:00, run_after=2023-08-07T00:00:00+00:00
[2023-08-07T11:04:12.994+0000] {processor.py:179} INFO - Processing /home/airflow/.local/lib/python3.7/site-packages/airflow/example_dags/example_nested_branch_dag.py took 0.056 seconds
[2023-08-07T11:04:43.376+0000] {processor.py:157} INFO - Started process (PID=2490) to work on /home/airflow/.local/lib/python3.7/site-packages/airflow/example_dags/example_nested_branch_dag.py
[2023-08-07T11:04:43.377+0000] {processor.py:826} INFO - Processing file /home/airflow/.local/lib/python3.7/site-packages/airflow/example_dags/example_nested_branch_dag.py for tasks to queue
[2023-08-07T11:04:43.378+0000] {logging_mixin.py:150} INFO - [2023-08-07T11:04:43.378+0000] {dagbag.py:541} INFO - Filling up the DagBag from /home/airflow/.local/lib/python3.7/site-packages/airflow/example_dags/example_nested_branch_dag.py
[2023-08-07T11:04:43.385+0000] {processor.py:836} INFO - DAG(s) dict_keys(['example_nested_branch_dag']) retrieved from /home/airflow/.local/lib/python3.7/site-packages/airflow/example_dags/example_nested_branch_dag.py
[2023-08-07T11:04:43.403+0000] {logging_mixin.py:150} INFO - [2023-08-07T11:04:43.402+0000] {dag.py:2742} INFO - Sync 1 DAGs
[2023-08-07T11:04:43.417+0000] {logging_mixin.py:150} INFO - [2023-08-07T11:04:43.417+0000] {dag.py:3508} INFO - Setting next_dagrun for example_nested_branch_dag to 2023-08-06T00:00:00+00:00, run_after=2023-08-07T00:00:00+00:00
[2023-08-07T11:04:43.427+0000] {processor.py:179} INFO - Processing /home/airflow/.local/lib/python3.7/site-packages/airflow/example_dags/example_nested_branch_dag.py took 0.055 seconds
[2023-08-07T11:05:13.717+0000] {processor.py:157} INFO - Started process (PID=2548) to work on /home/airflow/.local/lib/python3.7/site-packages/airflow/example_dags/example_nested_branch_dag.py
[2023-08-07T11:05:13.718+0000] {processor.py:826} INFO - Processing file /home/airflow/.local/lib/python3.7/site-packages/airflow/example_dags/example_nested_branch_dag.py for tasks to queue
[2023-08-07T11:05:13.719+0000] {logging_mixin.py:150} INFO - [2023-08-07T11:05:13.718+0000] {dagbag.py:541} INFO - Filling up the DagBag from /home/airflow/.local/lib/python3.7/site-packages/airflow/example_dags/example_nested_branch_dag.py
[2023-08-07T11:05:13.727+0000] {processor.py:836} INFO - DAG(s) dict_keys(['example_nested_branch_dag']) retrieved from /home/airflow/.local/lib/python3.7/site-packages/airflow/example_dags/example_nested_branch_dag.py
[2023-08-07T11:05:13.746+0000] {logging_mixin.py:150} INFO - [2023-08-07T11:05:13.746+0000] {dag.py:2742} INFO - Sync 1 DAGs
[2023-08-07T11:05:13.761+0000] {logging_mixin.py:150} INFO - [2023-08-07T11:05:13.761+0000] {dag.py:3508} INFO - Setting next_dagrun for example_nested_branch_dag to 2023-08-06T00:00:00+00:00, run_after=2023-08-07T00:00:00+00:00
[2023-08-07T11:05:13.771+0000] {processor.py:179} INFO - Processing /home/airflow/.local/lib/python3.7/site-packages/airflow/example_dags/example_nested_branch_dag.py took 0.057 seconds
[2023-08-07T11:05:43.876+0000] {processor.py:157} INFO - Started process (PID=2606) to work on /home/airflow/.local/lib/python3.7/site-packages/airflow/example_dags/example_nested_branch_dag.py
[2023-08-07T11:05:43.877+0000] {processor.py:826} INFO - Processing file /home/airflow/.local/lib/python3.7/site-packages/airflow/example_dags/example_nested_branch_dag.py for tasks to queue
[2023-08-07T11:05:43.877+0000] {logging_mixin.py:150} INFO - [2023-08-07T11:05:43.877+0000] {dagbag.py:541} INFO - Filling up the DagBag from /home/airflow/.local/lib/python3.7/site-packages/airflow/example_dags/example_nested_branch_dag.py
[2023-08-07T11:05:43.884+0000] {processor.py:836} INFO - DAG(s) dict_keys(['example_nested_branch_dag']) retrieved from /home/airflow/.local/lib/python3.7/site-packages/airflow/example_dags/example_nested_branch_dag.py
[2023-08-07T11:05:43.902+0000] {logging_mixin.py:150} INFO - [2023-08-07T11:05:43.902+0000] {dag.py:2742} INFO - Sync 1 DAGs
[2023-08-07T11:05:43.917+0000] {logging_mixin.py:150} INFO - [2023-08-07T11:05:43.917+0000] {dag.py:3508} INFO - Setting next_dagrun for example_nested_branch_dag to 2023-08-06T00:00:00+00:00, run_after=2023-08-07T00:00:00+00:00
[2023-08-07T11:05:43.926+0000] {processor.py:179} INFO - Processing /home/airflow/.local/lib/python3.7/site-packages/airflow/example_dags/example_nested_branch_dag.py took 0.053 seconds
[2023-08-07T11:06:14.370+0000] {processor.py:157} INFO - Started process (PID=2665) to work on /home/airflow/.local/lib/python3.7/site-packages/airflow/example_dags/example_nested_branch_dag.py
[2023-08-07T11:06:14.371+0000] {processor.py:826} INFO - Processing file /home/airflow/.local/lib/python3.7/site-packages/airflow/example_dags/example_nested_branch_dag.py for tasks to queue
[2023-08-07T11:06:14.372+0000] {logging_mixin.py:150} INFO - [2023-08-07T11:06:14.372+0000] {dagbag.py:541} INFO - Filling up the DagBag from /home/airflow/.local/lib/python3.7/site-packages/airflow/example_dags/example_nested_branch_dag.py
[2023-08-07T11:06:14.379+0000] {processor.py:836} INFO - DAG(s) dict_keys(['example_nested_branch_dag']) retrieved from /home/airflow/.local/lib/python3.7/site-packages/airflow/example_dags/example_nested_branch_dag.py
[2023-08-07T11:06:14.397+0000] {logging_mixin.py:150} INFO - [2023-08-07T11:06:14.396+0000] {dag.py:2742} INFO - Sync 1 DAGs
[2023-08-07T11:06:14.411+0000] {logging_mixin.py:150} INFO - [2023-08-07T11:06:14.411+0000] {dag.py:3508} INFO - Setting next_dagrun for example_nested_branch_dag to 2023-08-06T00:00:00+00:00, run_after=2023-08-07T00:00:00+00:00
[2023-08-07T11:06:14.421+0000] {processor.py:179} INFO - Processing /home/airflow/.local/lib/python3.7/site-packages/airflow/example_dags/example_nested_branch_dag.py took 0.055 seconds
[2023-08-07T11:06:44.706+0000] {processor.py:157} INFO - Started process (PID=2723) to work on /home/airflow/.local/lib/python3.7/site-packages/airflow/example_dags/example_nested_branch_dag.py
[2023-08-07T11:06:44.707+0000] {processor.py:826} INFO - Processing file /home/airflow/.local/lib/python3.7/site-packages/airflow/example_dags/example_nested_branch_dag.py for tasks to queue
[2023-08-07T11:06:44.708+0000] {logging_mixin.py:150} INFO - [2023-08-07T11:06:44.708+0000] {dagbag.py:541} INFO - Filling up the DagBag from /home/airflow/.local/lib/python3.7/site-packages/airflow/example_dags/example_nested_branch_dag.py
[2023-08-07T11:06:44.715+0000] {processor.py:836} INFO - DAG(s) dict_keys(['example_nested_branch_dag']) retrieved from /home/airflow/.local/lib/python3.7/site-packages/airflow/example_dags/example_nested_branch_dag.py
[2023-08-07T11:06:44.733+0000] {logging_mixin.py:150} INFO - [2023-08-07T11:06:44.732+0000] {dag.py:2742} INFO - Sync 1 DAGs
[2023-08-07T11:06:44.747+0000] {logging_mixin.py:150} INFO - [2023-08-07T11:06:44.747+0000] {dag.py:3508} INFO - Setting next_dagrun for example_nested_branch_dag to 2023-08-06T00:00:00+00:00, run_after=2023-08-07T00:00:00+00:00
[2023-08-07T11:06:44.758+0000] {processor.py:179} INFO - Processing /home/airflow/.local/lib/python3.7/site-packages/airflow/example_dags/example_nested_branch_dag.py took 0.056 seconds
[2023-08-07T11:07:14.847+0000] {processor.py:157} INFO - Started process (PID=2781) to work on /home/airflow/.local/lib/python3.7/site-packages/airflow/example_dags/example_nested_branch_dag.py
[2023-08-07T11:07:14.848+0000] {processor.py:826} INFO - Processing file /home/airflow/.local/lib/python3.7/site-packages/airflow/example_dags/example_nested_branch_dag.py for tasks to queue
[2023-08-07T11:07:14.848+0000] {logging_mixin.py:150} INFO - [2023-08-07T11:07:14.848+0000] {dagbag.py:541} INFO - Filling up the DagBag from /home/airflow/.local/lib/python3.7/site-packages/airflow/example_dags/example_nested_branch_dag.py
[2023-08-07T11:07:14.855+0000] {processor.py:836} INFO - DAG(s) dict_keys(['example_nested_branch_dag']) retrieved from /home/airflow/.local/lib/python3.7/site-packages/airflow/example_dags/example_nested_branch_dag.py
[2023-08-07T11:07:14.873+0000] {logging_mixin.py:150} INFO - [2023-08-07T11:07:14.873+0000] {dag.py:2742} INFO - Sync 1 DAGs
[2023-08-07T11:07:14.887+0000] {logging_mixin.py:150} INFO - [2023-08-07T11:07:14.887+0000] {dag.py:3508} INFO - Setting next_dagrun for example_nested_branch_dag to 2023-08-06T00:00:00+00:00, run_after=2023-08-07T00:00:00+00:00
[2023-08-07T11:07:14.897+0000] {processor.py:179} INFO - Processing /home/airflow/.local/lib/python3.7/site-packages/airflow/example_dags/example_nested_branch_dag.py took 0.053 seconds
[2023-08-07T11:07:45.147+0000] {processor.py:157} INFO - Started process (PID=2838) to work on /home/airflow/.local/lib/python3.7/site-packages/airflow/example_dags/example_nested_branch_dag.py
[2023-08-07T11:07:45.148+0000] {processor.py:826} INFO - Processing file /home/airflow/.local/lib/python3.7/site-packages/airflow/example_dags/example_nested_branch_dag.py for tasks to queue
[2023-08-07T11:07:45.148+0000] {logging_mixin.py:150} INFO - [2023-08-07T11:07:45.148+0000] {dagbag.py:541} INFO - Filling up the DagBag from /home/airflow/.local/lib/python3.7/site-packages/airflow/example_dags/example_nested_branch_dag.py
[2023-08-07T11:07:45.155+0000] {processor.py:836} INFO - DAG(s) dict_keys(['example_nested_branch_dag']) retrieved from /home/airflow/.local/lib/python3.7/site-packages/airflow/example_dags/example_nested_branch_dag.py
[2023-08-07T11:07:45.173+0000] {logging_mixin.py:150} INFO - [2023-08-07T11:07:45.173+0000] {dag.py:2742} INFO - Sync 1 DAGs
[2023-08-07T11:07:45.188+0000] {logging_mixin.py:150} INFO - [2023-08-07T11:07:45.188+0000] {dag.py:3508} INFO - Setting next_dagrun for example_nested_branch_dag to 2023-08-06T00:00:00+00:00, run_after=2023-08-07T00:00:00+00:00
[2023-08-07T11:07:45.198+0000] {processor.py:179} INFO - Processing /home/airflow/.local/lib/python3.7/site-packages/airflow/example_dags/example_nested_branch_dag.py took 0.054 seconds
[2023-08-07T11:08:15.330+0000] {processor.py:157} INFO - Started process (PID=2890) to work on /home/airflow/.local/lib/python3.7/site-packages/airflow/example_dags/example_nested_branch_dag.py
[2023-08-07T11:08:15.331+0000] {processor.py:826} INFO - Processing file /home/airflow/.local/lib/python3.7/site-packages/airflow/example_dags/example_nested_branch_dag.py for tasks to queue
[2023-08-07T11:08:15.332+0000] {logging_mixin.py:150} INFO - [2023-08-07T11:08:15.332+0000] {dagbag.py:541} INFO - Filling up the DagBag from /home/airflow/.local/lib/python3.7/site-packages/airflow/example_dags/example_nested_branch_dag.py
[2023-08-07T11:08:15.338+0000] {processor.py:836} INFO - DAG(s) dict_keys(['example_nested_branch_dag']) retrieved from /home/airflow/.local/lib/python3.7/site-packages/airflow/example_dags/example_nested_branch_dag.py
[2023-08-07T11:08:15.355+0000] {logging_mixin.py:150} INFO - [2023-08-07T11:08:15.355+0000] {dag.py:2742} INFO - Sync 1 DAGs
[2023-08-07T11:08:15.369+0000] {logging_mixin.py:150} INFO - [2023-08-07T11:08:15.369+0000] {dag.py:3508} INFO - Setting next_dagrun for example_nested_branch_dag to 2023-08-06T00:00:00+00:00, run_after=2023-08-07T00:00:00+00:00
[2023-08-07T11:08:15.378+0000] {processor.py:179} INFO - Processing /home/airflow/.local/lib/python3.7/site-packages/airflow/example_dags/example_nested_branch_dag.py took 0.051 seconds
[2023-08-07T11:10:07.724+0000] {processor.py:157} INFO - Started process (PID=2950) to work on /home/airflow/.local/lib/python3.7/site-packages/airflow/example_dags/example_nested_branch_dag.py
[2023-08-07T11:10:07.725+0000] {processor.py:826} INFO - Processing file /home/airflow/.local/lib/python3.7/site-packages/airflow/example_dags/example_nested_branch_dag.py for tasks to queue
[2023-08-07T11:10:07.726+0000] {logging_mixin.py:150} INFO - [2023-08-07T11:10:07.726+0000] {dagbag.py:541} INFO - Filling up the DagBag from /home/airflow/.local/lib/python3.7/site-packages/airflow/example_dags/example_nested_branch_dag.py
[2023-08-07T11:10:07.732+0000] {processor.py:836} INFO - DAG(s) dict_keys(['example_nested_branch_dag']) retrieved from /home/airflow/.local/lib/python3.7/site-packages/airflow/example_dags/example_nested_branch_dag.py
[2023-08-07T11:10:07.752+0000] {logging_mixin.py:150} INFO - [2023-08-07T11:10:07.752+0000] {dag.py:2742} INFO - Sync 1 DAGs
[2023-08-07T11:10:07.768+0000] {logging_mixin.py:150} INFO - [2023-08-07T11:10:07.768+0000] {dag.py:3508} INFO - Setting next_dagrun for example_nested_branch_dag to 2023-08-06T00:00:00+00:00, run_after=2023-08-07T00:00:00+00:00
[2023-08-07T11:10:07.778+0000] {processor.py:179} INFO - Processing /home/airflow/.local/lib/python3.7/site-packages/airflow/example_dags/example_nested_branch_dag.py took 0.056 seconds
[2023-08-07T11:10:37.880+0000] {processor.py:157} INFO - Started process (PID=3008) to work on /home/airflow/.local/lib/python3.7/site-packages/airflow/example_dags/example_nested_branch_dag.py
[2023-08-07T11:10:37.881+0000] {processor.py:826} INFO - Processing file /home/airflow/.local/lib/python3.7/site-packages/airflow/example_dags/example_nested_branch_dag.py for tasks to queue
[2023-08-07T11:10:37.882+0000] {logging_mixin.py:150} INFO - [2023-08-07T11:10:37.882+0000] {dagbag.py:541} INFO - Filling up the DagBag from /home/airflow/.local/lib/python3.7/site-packages/airflow/example_dags/example_nested_branch_dag.py
[2023-08-07T11:10:37.889+0000] {processor.py:836} INFO - DAG(s) dict_keys(['example_nested_branch_dag']) retrieved from /home/airflow/.local/lib/python3.7/site-packages/airflow/example_dags/example_nested_branch_dag.py
[2023-08-07T11:10:37.907+0000] {logging_mixin.py:150} INFO - [2023-08-07T11:10:37.907+0000] {dag.py:2742} INFO - Sync 1 DAGs
[2023-08-07T11:10:37.922+0000] {logging_mixin.py:150} INFO - [2023-08-07T11:10:37.922+0000] {dag.py:3508} INFO - Setting next_dagrun for example_nested_branch_dag to 2023-08-06T00:00:00+00:00, run_after=2023-08-07T00:00:00+00:00
[2023-08-07T11:10:37.932+0000] {processor.py:179} INFO - Processing /home/airflow/.local/lib/python3.7/site-packages/airflow/example_dags/example_nested_branch_dag.py took 0.055 seconds
[2023-08-07T11:26:04.232+0000] {processor.py:157} INFO - Started process (PID=3066) to work on /home/airflow/.local/lib/python3.7/site-packages/airflow/example_dags/example_nested_branch_dag.py
[2023-08-07T11:26:04.233+0000] {processor.py:826} INFO - Processing file /home/airflow/.local/lib/python3.7/site-packages/airflow/example_dags/example_nested_branch_dag.py for tasks to queue
[2023-08-07T11:26:04.234+0000] {logging_mixin.py:150} INFO - [2023-08-07T11:26:04.233+0000] {dagbag.py:541} INFO - Filling up the DagBag from /home/airflow/.local/lib/python3.7/site-packages/airflow/example_dags/example_nested_branch_dag.py
[2023-08-07T11:26:04.240+0000] {processor.py:836} INFO - DAG(s) dict_keys(['example_nested_branch_dag']) retrieved from /home/airflow/.local/lib/python3.7/site-packages/airflow/example_dags/example_nested_branch_dag.py
[2023-08-07T11:26:04.258+0000] {logging_mixin.py:150} INFO - [2023-08-07T11:26:04.258+0000] {dag.py:2742} INFO - Sync 1 DAGs
[2023-08-07T11:26:04.273+0000] {logging_mixin.py:150} INFO - [2023-08-07T11:26:04.273+0000] {dag.py:3508} INFO - Setting next_dagrun for example_nested_branch_dag to 2023-08-06T00:00:00+00:00, run_after=2023-08-07T00:00:00+00:00
[2023-08-07T11:26:04.283+0000] {processor.py:179} INFO - Processing /home/airflow/.local/lib/python3.7/site-packages/airflow/example_dags/example_nested_branch_dag.py took 0.054 seconds
[2023-08-07T12:49:02.364+0000] {processor.py:157} INFO - Started process (PID=3124) to work on /home/airflow/.local/lib/python3.7/site-packages/airflow/example_dags/example_nested_branch_dag.py
[2023-08-07T12:49:02.365+0000] {processor.py:826} INFO - Processing file /home/airflow/.local/lib/python3.7/site-packages/airflow/example_dags/example_nested_branch_dag.py for tasks to queue
[2023-08-07T12:49:02.366+0000] {logging_mixin.py:150} INFO - [2023-08-07T12:49:02.366+0000] {dagbag.py:541} INFO - Filling up the DagBag from /home/airflow/.local/lib/python3.7/site-packages/airflow/example_dags/example_nested_branch_dag.py
[2023-08-07T12:49:02.373+0000] {processor.py:836} INFO - DAG(s) dict_keys(['example_nested_branch_dag']) retrieved from /home/airflow/.local/lib/python3.7/site-packages/airflow/example_dags/example_nested_branch_dag.py
[2023-08-07T12:49:02.391+0000] {logging_mixin.py:150} INFO - [2023-08-07T12:49:02.391+0000] {dag.py:2742} INFO - Sync 1 DAGs
[2023-08-07T12:49:02.407+0000] {logging_mixin.py:150} INFO - [2023-08-07T12:49:02.406+0000] {dag.py:3508} INFO - Setting next_dagrun for example_nested_branch_dag to 2023-08-06T00:00:00+00:00, run_after=2023-08-07T00:00:00+00:00
[2023-08-07T12:49:02.416+0000] {processor.py:179} INFO - Processing /home/airflow/.local/lib/python3.7/site-packages/airflow/example_dags/example_nested_branch_dag.py took 0.055 seconds
[2023-08-07T13:44:04.015+0000] {processor.py:157} INFO - Started process (PID=3182) to work on /home/airflow/.local/lib/python3.7/site-packages/airflow/example_dags/example_nested_branch_dag.py
[2023-08-07T13:44:04.016+0000] {processor.py:826} INFO - Processing file /home/airflow/.local/lib/python3.7/site-packages/airflow/example_dags/example_nested_branch_dag.py for tasks to queue
[2023-08-07T13:44:04.017+0000] {logging_mixin.py:150} INFO - [2023-08-07T13:44:04.017+0000] {dagbag.py:541} INFO - Filling up the DagBag from /home/airflow/.local/lib/python3.7/site-packages/airflow/example_dags/example_nested_branch_dag.py
[2023-08-07T13:44:04.024+0000] {processor.py:836} INFO - DAG(s) dict_keys(['example_nested_branch_dag']) retrieved from /home/airflow/.local/lib/python3.7/site-packages/airflow/example_dags/example_nested_branch_dag.py
[2023-08-07T13:44:04.042+0000] {logging_mixin.py:150} INFO - [2023-08-07T13:44:04.042+0000] {dag.py:2742} INFO - Sync 1 DAGs
[2023-08-07T13:44:04.057+0000] {logging_mixin.py:150} INFO - [2023-08-07T13:44:04.057+0000] {dag.py:3508} INFO - Setting next_dagrun for example_nested_branch_dag to 2023-08-06T00:00:00+00:00, run_after=2023-08-07T00:00:00+00:00
[2023-08-07T13:44:04.067+0000] {processor.py:179} INFO - Processing /home/airflow/.local/lib/python3.7/site-packages/airflow/example_dags/example_nested_branch_dag.py took 0.054 seconds
[2023-08-07T14:43:29.784+0000] {processor.py:157} INFO - Started process (PID=3240) to work on /home/airflow/.local/lib/python3.7/site-packages/airflow/example_dags/example_nested_branch_dag.py
[2023-08-07T14:43:29.785+0000] {processor.py:826} INFO - Processing file /home/airflow/.local/lib/python3.7/site-packages/airflow/example_dags/example_nested_branch_dag.py for tasks to queue
[2023-08-07T14:43:29.785+0000] {logging_mixin.py:150} INFO - [2023-08-07T14:43:29.785+0000] {dagbag.py:541} INFO - Filling up the DagBag from /home/airflow/.local/lib/python3.7/site-packages/airflow/example_dags/example_nested_branch_dag.py
[2023-08-07T14:43:29.793+0000] {processor.py:836} INFO - DAG(s) dict_keys(['example_nested_branch_dag']) retrieved from /home/airflow/.local/lib/python3.7/site-packages/airflow/example_dags/example_nested_branch_dag.py
[2023-08-07T14:43:29.811+0000] {logging_mixin.py:150} INFO - [2023-08-07T14:43:29.811+0000] {dag.py:2742} INFO - Sync 1 DAGs
[2023-08-07T14:43:29.826+0000] {logging_mixin.py:150} INFO - [2023-08-07T14:43:29.825+0000] {dag.py:3508} INFO - Setting next_dagrun for example_nested_branch_dag to 2023-08-06T00:00:00+00:00, run_after=2023-08-07T00:00:00+00:00
[2023-08-07T14:43:29.835+0000] {processor.py:179} INFO - Processing /home/airflow/.local/lib/python3.7/site-packages/airflow/example_dags/example_nested_branch_dag.py took 0.054 seconds
[2023-08-07T15:52:32.372+0000] {processor.py:157} INFO - Started process (PID=3298) to work on /home/airflow/.local/lib/python3.7/site-packages/airflow/example_dags/example_nested_branch_dag.py
[2023-08-07T15:52:32.373+0000] {processor.py:826} INFO - Processing file /home/airflow/.local/lib/python3.7/site-packages/airflow/example_dags/example_nested_branch_dag.py for tasks to queue
[2023-08-07T15:52:32.374+0000] {logging_mixin.py:150} INFO - [2023-08-07T15:52:32.374+0000] {dagbag.py:541} INFO - Filling up the DagBag from /home/airflow/.local/lib/python3.7/site-packages/airflow/example_dags/example_nested_branch_dag.py
[2023-08-07T15:52:32.381+0000] {processor.py:836} INFO - DAG(s) dict_keys(['example_nested_branch_dag']) retrieved from /home/airflow/.local/lib/python3.7/site-packages/airflow/example_dags/example_nested_branch_dag.py
[2023-08-07T15:52:32.400+0000] {logging_mixin.py:150} INFO - [2023-08-07T15:52:32.400+0000] {dag.py:2742} INFO - Sync 1 DAGs
[2023-08-07T15:52:32.417+0000] {logging_mixin.py:150} INFO - [2023-08-07T15:52:32.417+0000] {dag.py:3508} INFO - Setting next_dagrun for example_nested_branch_dag to 2023-08-06T00:00:00+00:00, run_after=2023-08-07T00:00:00+00:00
[2023-08-07T15:52:32.427+0000] {processor.py:179} INFO - Processing /home/airflow/.local/lib/python3.7/site-packages/airflow/example_dags/example_nested_branch_dag.py took 0.060 seconds
[2023-08-07T17:14:44.045+0000] {processor.py:157} INFO - Started process (PID=3356) to work on /home/airflow/.local/lib/python3.7/site-packages/airflow/example_dags/example_nested_branch_dag.py
[2023-08-07T17:14:44.046+0000] {processor.py:826} INFO - Processing file /home/airflow/.local/lib/python3.7/site-packages/airflow/example_dags/example_nested_branch_dag.py for tasks to queue
[2023-08-07T17:14:44.047+0000] {logging_mixin.py:150} INFO - [2023-08-07T17:14:44.047+0000] {dagbag.py:541} INFO - Filling up the DagBag from /home/airflow/.local/lib/python3.7/site-packages/airflow/example_dags/example_nested_branch_dag.py
[2023-08-07T17:14:44.054+0000] {processor.py:836} INFO - DAG(s) dict_keys(['example_nested_branch_dag']) retrieved from /home/airflow/.local/lib/python3.7/site-packages/airflow/example_dags/example_nested_branch_dag.py
[2023-08-07T17:14:44.071+0000] {logging_mixin.py:150} INFO - [2023-08-07T17:14:44.071+0000] {dag.py:2742} INFO - Sync 1 DAGs
[2023-08-07T17:14:44.086+0000] {logging_mixin.py:150} INFO - [2023-08-07T17:14:44.086+0000] {dag.py:3508} INFO - Setting next_dagrun for example_nested_branch_dag to 2023-08-06T00:00:00+00:00, run_after=2023-08-07T00:00:00+00:00
[2023-08-07T17:14:44.098+0000] {processor.py:179} INFO - Processing /home/airflow/.local/lib/python3.7/site-packages/airflow/example_dags/example_nested_branch_dag.py took 0.056 seconds
[2023-08-07T18:12:51.405+0000] {processor.py:157} INFO - Started process (PID=3414) to work on /home/airflow/.local/lib/python3.7/site-packages/airflow/example_dags/example_nested_branch_dag.py
[2023-08-07T18:12:51.406+0000] {processor.py:826} INFO - Processing file /home/airflow/.local/lib/python3.7/site-packages/airflow/example_dags/example_nested_branch_dag.py for tasks to queue
[2023-08-07T18:12:51.407+0000] {logging_mixin.py:150} INFO - [2023-08-07T18:12:51.406+0000] {dagbag.py:541} INFO - Filling up the DagBag from /home/airflow/.local/lib/python3.7/site-packages/airflow/example_dags/example_nested_branch_dag.py
[2023-08-07T18:12:51.413+0000] {processor.py:836} INFO - DAG(s) dict_keys(['example_nested_branch_dag']) retrieved from /home/airflow/.local/lib/python3.7/site-packages/airflow/example_dags/example_nested_branch_dag.py
[2023-08-07T18:12:51.436+0000] {logging_mixin.py:150} INFO - [2023-08-07T18:12:51.436+0000] {dag.py:2742} INFO - Sync 1 DAGs
[2023-08-07T18:12:51.452+0000] {logging_mixin.py:150} INFO - [2023-08-07T18:12:51.452+0000] {dag.py:3508} INFO - Setting next_dagrun for example_nested_branch_dag to 2023-08-06T00:00:00+00:00, run_after=2023-08-07T00:00:00+00:00
[2023-08-07T18:12:51.464+0000] {processor.py:179} INFO - Processing /home/airflow/.local/lib/python3.7/site-packages/airflow/example_dags/example_nested_branch_dag.py took 0.062 seconds
[2023-08-07T19:18:07.135+0000] {processor.py:157} INFO - Started process (PID=3472) to work on /home/airflow/.local/lib/python3.7/site-packages/airflow/example_dags/example_nested_branch_dag.py
[2023-08-07T19:18:07.136+0000] {processor.py:826} INFO - Processing file /home/airflow/.local/lib/python3.7/site-packages/airflow/example_dags/example_nested_branch_dag.py for tasks to queue
[2023-08-07T19:18:07.137+0000] {logging_mixin.py:150} INFO - [2023-08-07T19:18:07.136+0000] {dagbag.py:541} INFO - Filling up the DagBag from /home/airflow/.local/lib/python3.7/site-packages/airflow/example_dags/example_nested_branch_dag.py
[2023-08-07T19:18:07.143+0000] {processor.py:836} INFO - DAG(s) dict_keys(['example_nested_branch_dag']) retrieved from /home/airflow/.local/lib/python3.7/site-packages/airflow/example_dags/example_nested_branch_dag.py
[2023-08-07T19:18:07.162+0000] {logging_mixin.py:150} INFO - [2023-08-07T19:18:07.161+0000] {dag.py:2742} INFO - Sync 1 DAGs
[2023-08-07T19:18:07.177+0000] {logging_mixin.py:150} INFO - [2023-08-07T19:18:07.177+0000] {dag.py:3508} INFO - Setting next_dagrun for example_nested_branch_dag to 2023-08-06T00:00:00+00:00, run_after=2023-08-07T00:00:00+00:00
[2023-08-07T19:18:07.187+0000] {processor.py:179} INFO - Processing /home/airflow/.local/lib/python3.7/site-packages/airflow/example_dags/example_nested_branch_dag.py took 0.056 seconds
[2023-08-07T20:39:16.778+0000] {processor.py:157} INFO - Started process (PID=3530) to work on /home/airflow/.local/lib/python3.7/site-packages/airflow/example_dags/example_nested_branch_dag.py
[2023-08-07T20:39:16.779+0000] {processor.py:826} INFO - Processing file /home/airflow/.local/lib/python3.7/site-packages/airflow/example_dags/example_nested_branch_dag.py for tasks to queue
[2023-08-07T20:39:16.780+0000] {logging_mixin.py:150} INFO - [2023-08-07T20:39:16.780+0000] {dagbag.py:541} INFO - Filling up the DagBag from /home/airflow/.local/lib/python3.7/site-packages/airflow/example_dags/example_nested_branch_dag.py
[2023-08-07T20:39:16.786+0000] {processor.py:836} INFO - DAG(s) dict_keys(['example_nested_branch_dag']) retrieved from /home/airflow/.local/lib/python3.7/site-packages/airflow/example_dags/example_nested_branch_dag.py
[2023-08-07T20:39:16.804+0000] {logging_mixin.py:150} INFO - [2023-08-07T20:39:16.804+0000] {dag.py:2742} INFO - Sync 1 DAGs
[2023-08-07T20:39:16.820+0000] {logging_mixin.py:150} INFO - [2023-08-07T20:39:16.820+0000] {dag.py:3508} INFO - Setting next_dagrun for example_nested_branch_dag to 2023-08-06T00:00:00+00:00, run_after=2023-08-07T00:00:00+00:00
[2023-08-07T20:39:16.831+0000] {processor.py:179} INFO - Processing /home/airflow/.local/lib/python3.7/site-packages/airflow/example_dags/example_nested_branch_dag.py took 0.055 seconds
[2023-08-07T21:49:02.926+0000] {processor.py:157} INFO - Started process (PID=3588) to work on /home/airflow/.local/lib/python3.7/site-packages/airflow/example_dags/example_nested_branch_dag.py
[2023-08-07T21:49:02.927+0000] {processor.py:826} INFO - Processing file /home/airflow/.local/lib/python3.7/site-packages/airflow/example_dags/example_nested_branch_dag.py for tasks to queue
[2023-08-07T21:49:02.928+0000] {logging_mixin.py:150} INFO - [2023-08-07T21:49:02.928+0000] {dagbag.py:541} INFO - Filling up the DagBag from /home/airflow/.local/lib/python3.7/site-packages/airflow/example_dags/example_nested_branch_dag.py
[2023-08-07T21:49:02.936+0000] {processor.py:836} INFO - DAG(s) dict_keys(['example_nested_branch_dag']) retrieved from /home/airflow/.local/lib/python3.7/site-packages/airflow/example_dags/example_nested_branch_dag.py
[2023-08-07T21:49:02.954+0000] {logging_mixin.py:150} INFO - [2023-08-07T21:49:02.954+0000] {dag.py:2742} INFO - Sync 1 DAGs
[2023-08-07T21:49:02.969+0000] {logging_mixin.py:150} INFO - [2023-08-07T21:49:02.969+0000] {dag.py:3508} INFO - Setting next_dagrun for example_nested_branch_dag to 2023-08-06T00:00:00+00:00, run_after=2023-08-07T00:00:00+00:00
[2023-08-07T21:49:02.978+0000] {processor.py:179} INFO - Processing /home/airflow/.local/lib/python3.7/site-packages/airflow/example_dags/example_nested_branch_dag.py took 0.055 seconds
[2023-08-07T22:56:32.534+0000] {processor.py:157} INFO - Started process (PID=3646) to work on /home/airflow/.local/lib/python3.7/site-packages/airflow/example_dags/example_nested_branch_dag.py
[2023-08-07T22:56:32.535+0000] {processor.py:826} INFO - Processing file /home/airflow/.local/lib/python3.7/site-packages/airflow/example_dags/example_nested_branch_dag.py for tasks to queue
[2023-08-07T22:56:32.536+0000] {logging_mixin.py:150} INFO - [2023-08-07T22:56:32.535+0000] {dagbag.py:541} INFO - Filling up the DagBag from /home/airflow/.local/lib/python3.7/site-packages/airflow/example_dags/example_nested_branch_dag.py
[2023-08-07T22:56:32.542+0000] {processor.py:836} INFO - DAG(s) dict_keys(['example_nested_branch_dag']) retrieved from /home/airflow/.local/lib/python3.7/site-packages/airflow/example_dags/example_nested_branch_dag.py
[2023-08-07T22:56:32.563+0000] {logging_mixin.py:150} INFO - [2023-08-07T22:56:32.563+0000] {dag.py:2742} INFO - Sync 1 DAGs
[2023-08-07T22:56:32.578+0000] {logging_mixin.py:150} INFO - [2023-08-07T22:56:32.578+0000] {dag.py:3508} INFO - Setting next_dagrun for example_nested_branch_dag to 2023-08-06T00:00:00+00:00, run_after=2023-08-07T00:00:00+00:00
[2023-08-07T22:56:32.588+0000] {processor.py:179} INFO - Processing /home/airflow/.local/lib/python3.7/site-packages/airflow/example_dags/example_nested_branch_dag.py took 0.057 seconds
[2023-08-07T23:21:10.702+0000] {processor.py:157} INFO - Started process (PID=3704) to work on /home/airflow/.local/lib/python3.7/site-packages/airflow/example_dags/example_nested_branch_dag.py
[2023-08-07T23:21:10.703+0000] {processor.py:826} INFO - Processing file /home/airflow/.local/lib/python3.7/site-packages/airflow/example_dags/example_nested_branch_dag.py for tasks to queue
[2023-08-07T23:21:10.704+0000] {logging_mixin.py:150} INFO - [2023-08-07T23:21:10.704+0000] {dagbag.py:541} INFO - Filling up the DagBag from /home/airflow/.local/lib/python3.7/site-packages/airflow/example_dags/example_nested_branch_dag.py
[2023-08-07T23:21:10.711+0000] {processor.py:836} INFO - DAG(s) dict_keys(['example_nested_branch_dag']) retrieved from /home/airflow/.local/lib/python3.7/site-packages/airflow/example_dags/example_nested_branch_dag.py
[2023-08-07T23:21:10.728+0000] {logging_mixin.py:150} INFO - [2023-08-07T23:21:10.728+0000] {dag.py:2742} INFO - Sync 1 DAGs
[2023-08-07T23:21:10.742+0000] {logging_mixin.py:150} INFO - [2023-08-07T23:21:10.742+0000] {dag.py:3508} INFO - Setting next_dagrun for example_nested_branch_dag to 2023-08-06T00:00:00+00:00, run_after=2023-08-07T00:00:00+00:00
[2023-08-07T23:21:10.752+0000] {processor.py:179} INFO - Processing /home/airflow/.local/lib/python3.7/site-packages/airflow/example_dags/example_nested_branch_dag.py took 0.052 seconds
[2023-08-07T23:36:59.811+0000] {processor.py:157} INFO - Started process (PID=3762) to work on /home/airflow/.local/lib/python3.7/site-packages/airflow/example_dags/example_nested_branch_dag.py
[2023-08-07T23:36:59.812+0000] {processor.py:826} INFO - Processing file /home/airflow/.local/lib/python3.7/site-packages/airflow/example_dags/example_nested_branch_dag.py for tasks to queue
[2023-08-07T23:36:59.813+0000] {logging_mixin.py:150} INFO - [2023-08-07T23:36:59.813+0000] {dagbag.py:541} INFO - Filling up the DagBag from /home/airflow/.local/lib/python3.7/site-packages/airflow/example_dags/example_nested_branch_dag.py
[2023-08-07T23:36:59.820+0000] {processor.py:836} INFO - DAG(s) dict_keys(['example_nested_branch_dag']) retrieved from /home/airflow/.local/lib/python3.7/site-packages/airflow/example_dags/example_nested_branch_dag.py
[2023-08-07T23:36:59.838+0000] {logging_mixin.py:150} INFO - [2023-08-07T23:36:59.838+0000] {dag.py:2742} INFO - Sync 1 DAGs
[2023-08-07T23:36:59.852+0000] {logging_mixin.py:150} INFO - [2023-08-07T23:36:59.852+0000] {dag.py:3508} INFO - Setting next_dagrun for example_nested_branch_dag to 2023-08-06T00:00:00+00:00, run_after=2023-08-07T00:00:00+00:00
[2023-08-07T23:36:59.862+0000] {processor.py:179} INFO - Processing /home/airflow/.local/lib/python3.7/site-packages/airflow/example_dags/example_nested_branch_dag.py took 0.054 seconds
