[2023-08-07T10:43:29.342+0000] {processor.py:157} INFO - Started process (PID=56) to work on /home/airflow/.local/lib/python3.7/site-packages/airflow/example_dags/example_branch_python_dop_operator_3.py
[2023-08-07T10:43:29.343+0000] {processor.py:826} INFO - Processing file /home/airflow/.local/lib/python3.7/site-packages/airflow/example_dags/example_branch_python_dop_operator_3.py for tasks to queue
[2023-08-07T10:43:29.344+0000] {logging_mixin.py:150} INFO - [2023-08-07T10:43:29.343+0000] {dagbag.py:541} INFO - Filling up the DagBag from /home/airflow/.local/lib/python3.7/site-packages/airflow/example_dags/example_branch_python_dop_operator_3.py
[2023-08-07T10:43:29.354+0000] {processor.py:836} INFO - DAG(s) dict_keys(['example_branch_dop_operator_v3']) retrieved from /home/airflow/.local/lib/python3.7/site-packages/airflow/example_dags/example_branch_python_dop_operator_3.py
[2023-08-07T10:43:33.806+0000] {logging_mixin.py:150} INFO - [2023-08-07T10:43:33.806+0000] {manager.py:504} INFO - Created Permission View: can edit on DAG:example_branch_dop_operator_v3
[2023-08-07T10:43:33.831+0000] {logging_mixin.py:150} INFO - [2023-08-07T10:43:33.831+0000] {manager.py:504} INFO - Created Permission View: can delete on DAG:example_branch_dop_operator_v3
[2023-08-07T10:43:33.841+0000] {logging_mixin.py:150} INFO - [2023-08-07T10:43:33.841+0000] {manager.py:504} INFO - Created Permission View: can read on DAG:example_branch_dop_operator_v3
[2023-08-07T10:43:33.851+0000] {logging_mixin.py:150} INFO - [2023-08-07T10:43:33.851+0000] {dag.py:2742} INFO - Sync 1 DAGs
[2023-08-07T10:43:33.879+0000] {logging_mixin.py:150} INFO - [2023-08-07T10:43:33.879+0000] {dag.py:2763} INFO - Creating ORM DAG for example_branch_dop_operator_v3
[2023-08-07T10:43:33.905+0000] {logging_mixin.py:150} INFO - [2023-08-07T10:43:33.904+0000] {dag.py:3508} INFO - Setting next_dagrun for example_branch_dop_operator_v3 to 2023-08-07T10:42:00+00:00, run_after=2023-08-07T10:43:00+00:00
[2023-08-07T10:43:33.920+0000] {processor.py:179} INFO - Processing /home/airflow/.local/lib/python3.7/site-packages/airflow/example_dags/example_branch_python_dop_operator_3.py took 4.569 seconds
[2023-08-07T10:44:04.785+0000] {processor.py:157} INFO - Started process (PID=114) to work on /home/airflow/.local/lib/python3.7/site-packages/airflow/example_dags/example_branch_python_dop_operator_3.py
[2023-08-07T10:44:04.787+0000] {processor.py:826} INFO - Processing file /home/airflow/.local/lib/python3.7/site-packages/airflow/example_dags/example_branch_python_dop_operator_3.py for tasks to queue
[2023-08-07T10:44:04.788+0000] {logging_mixin.py:150} INFO - [2023-08-07T10:44:04.787+0000] {dagbag.py:541} INFO - Filling up the DagBag from /home/airflow/.local/lib/python3.7/site-packages/airflow/example_dags/example_branch_python_dop_operator_3.py
[2023-08-07T10:44:04.796+0000] {processor.py:836} INFO - DAG(s) dict_keys(['example_branch_dop_operator_v3']) retrieved from /home/airflow/.local/lib/python3.7/site-packages/airflow/example_dags/example_branch_python_dop_operator_3.py
[2023-08-07T10:44:04.815+0000] {logging_mixin.py:150} INFO - [2023-08-07T10:44:04.815+0000] {dag.py:2742} INFO - Sync 1 DAGs
[2023-08-07T10:44:04.830+0000] {logging_mixin.py:150} INFO - [2023-08-07T10:44:04.830+0000] {dag.py:3508} INFO - Setting next_dagrun for example_branch_dop_operator_v3 to 2023-08-07T10:43:00+00:00, run_after=2023-08-07T10:44:00+00:00
[2023-08-07T10:44:04.840+0000] {processor.py:179} INFO - Processing /home/airflow/.local/lib/python3.7/site-packages/airflow/example_dags/example_branch_python_dop_operator_3.py took 0.058 seconds
[2023-08-07T10:44:35.152+0000] {processor.py:157} INFO - Started process (PID=172) to work on /home/airflow/.local/lib/python3.7/site-packages/airflow/example_dags/example_branch_python_dop_operator_3.py
[2023-08-07T10:44:35.153+0000] {processor.py:826} INFO - Processing file /home/airflow/.local/lib/python3.7/site-packages/airflow/example_dags/example_branch_python_dop_operator_3.py for tasks to queue
[2023-08-07T10:44:35.155+0000] {logging_mixin.py:150} INFO - [2023-08-07T10:44:35.154+0000] {dagbag.py:541} INFO - Filling up the DagBag from /home/airflow/.local/lib/python3.7/site-packages/airflow/example_dags/example_branch_python_dop_operator_3.py
[2023-08-07T10:44:35.163+0000] {processor.py:836} INFO - DAG(s) dict_keys(['example_branch_dop_operator_v3']) retrieved from /home/airflow/.local/lib/python3.7/site-packages/airflow/example_dags/example_branch_python_dop_operator_3.py
[2023-08-07T10:44:35.186+0000] {logging_mixin.py:150} INFO - [2023-08-07T10:44:35.186+0000] {dag.py:2742} INFO - Sync 1 DAGs
[2023-08-07T10:44:35.205+0000] {logging_mixin.py:150} INFO - [2023-08-07T10:44:35.205+0000] {dag.py:3508} INFO - Setting next_dagrun for example_branch_dop_operator_v3 to 2023-08-07T10:43:00+00:00, run_after=2023-08-07T10:44:00+00:00
[2023-08-07T10:44:35.215+0000] {processor.py:179} INFO - Processing /home/airflow/.local/lib/python3.7/site-packages/airflow/example_dags/example_branch_python_dop_operator_3.py took 0.068 seconds
[2023-08-07T10:45:05.548+0000] {processor.py:157} INFO - Started process (PID=230) to work on /home/airflow/.local/lib/python3.7/site-packages/airflow/example_dags/example_branch_python_dop_operator_3.py
[2023-08-07T10:45:05.550+0000] {processor.py:826} INFO - Processing file /home/airflow/.local/lib/python3.7/site-packages/airflow/example_dags/example_branch_python_dop_operator_3.py for tasks to queue
[2023-08-07T10:45:05.551+0000] {logging_mixin.py:150} INFO - [2023-08-07T10:45:05.551+0000] {dagbag.py:541} INFO - Filling up the DagBag from /home/airflow/.local/lib/python3.7/site-packages/airflow/example_dags/example_branch_python_dop_operator_3.py
[2023-08-07T10:45:05.559+0000] {processor.py:836} INFO - DAG(s) dict_keys(['example_branch_dop_operator_v3']) retrieved from /home/airflow/.local/lib/python3.7/site-packages/airflow/example_dags/example_branch_python_dop_operator_3.py
[2023-08-07T10:45:05.578+0000] {logging_mixin.py:150} INFO - [2023-08-07T10:45:05.578+0000] {dag.py:2742} INFO - Sync 1 DAGs
[2023-08-07T10:45:05.594+0000] {logging_mixin.py:150} INFO - [2023-08-07T10:45:05.594+0000] {dag.py:3508} INFO - Setting next_dagrun for example_branch_dop_operator_v3 to 2023-08-07T10:44:00+00:00, run_after=2023-08-07T10:45:00+00:00
[2023-08-07T10:45:05.604+0000] {processor.py:179} INFO - Processing /home/airflow/.local/lib/python3.7/site-packages/airflow/example_dags/example_branch_python_dop_operator_3.py took 0.059 seconds
[2023-08-07T10:45:35.667+0000] {processor.py:157} INFO - Started process (PID=288) to work on /home/airflow/.local/lib/python3.7/site-packages/airflow/example_dags/example_branch_python_dop_operator_3.py
[2023-08-07T10:45:35.670+0000] {processor.py:826} INFO - Processing file /home/airflow/.local/lib/python3.7/site-packages/airflow/example_dags/example_branch_python_dop_operator_3.py for tasks to queue
[2023-08-07T10:45:35.672+0000] {logging_mixin.py:150} INFO - [2023-08-07T10:45:35.671+0000] {dagbag.py:541} INFO - Filling up the DagBag from /home/airflow/.local/lib/python3.7/site-packages/airflow/example_dags/example_branch_python_dop_operator_3.py
[2023-08-07T10:45:35.684+0000] {processor.py:836} INFO - DAG(s) dict_keys(['example_branch_dop_operator_v3']) retrieved from /home/airflow/.local/lib/python3.7/site-packages/airflow/example_dags/example_branch_python_dop_operator_3.py
[2023-08-07T10:45:35.705+0000] {logging_mixin.py:150} INFO - [2023-08-07T10:45:35.705+0000] {dag.py:2742} INFO - Sync 1 DAGs
[2023-08-07T10:45:35.724+0000] {logging_mixin.py:150} INFO - [2023-08-07T10:45:35.724+0000] {dag.py:3508} INFO - Setting next_dagrun for example_branch_dop_operator_v3 to 2023-08-07T10:44:00+00:00, run_after=2023-08-07T10:45:00+00:00
[2023-08-07T10:45:35.734+0000] {processor.py:179} INFO - Processing /home/airflow/.local/lib/python3.7/site-packages/airflow/example_dags/example_branch_python_dop_operator_3.py took 0.075 seconds
[2023-08-07T10:46:05.882+0000] {processor.py:157} INFO - Started process (PID=346) to work on /home/airflow/.local/lib/python3.7/site-packages/airflow/example_dags/example_branch_python_dop_operator_3.py
[2023-08-07T10:46:05.883+0000] {processor.py:826} INFO - Processing file /home/airflow/.local/lib/python3.7/site-packages/airflow/example_dags/example_branch_python_dop_operator_3.py for tasks to queue
[2023-08-07T10:46:05.884+0000] {logging_mixin.py:150} INFO - [2023-08-07T10:46:05.884+0000] {dagbag.py:541} INFO - Filling up the DagBag from /home/airflow/.local/lib/python3.7/site-packages/airflow/example_dags/example_branch_python_dop_operator_3.py
[2023-08-07T10:46:05.891+0000] {processor.py:836} INFO - DAG(s) dict_keys(['example_branch_dop_operator_v3']) retrieved from /home/airflow/.local/lib/python3.7/site-packages/airflow/example_dags/example_branch_python_dop_operator_3.py
[2023-08-07T10:46:05.910+0000] {logging_mixin.py:150} INFO - [2023-08-07T10:46:05.909+0000] {dag.py:2742} INFO - Sync 1 DAGs
[2023-08-07T10:46:05.925+0000] {logging_mixin.py:150} INFO - [2023-08-07T10:46:05.925+0000] {dag.py:3508} INFO - Setting next_dagrun for example_branch_dop_operator_v3 to 2023-08-07T10:45:00+00:00, run_after=2023-08-07T10:46:00+00:00
[2023-08-07T10:46:05.935+0000] {processor.py:179} INFO - Processing /home/airflow/.local/lib/python3.7/site-packages/airflow/example_dags/example_branch_python_dop_operator_3.py took 0.056 seconds
[2023-08-07T10:46:36.216+0000] {processor.py:157} INFO - Started process (PID=404) to work on /home/airflow/.local/lib/python3.7/site-packages/airflow/example_dags/example_branch_python_dop_operator_3.py
[2023-08-07T10:46:36.218+0000] {processor.py:826} INFO - Processing file /home/airflow/.local/lib/python3.7/site-packages/airflow/example_dags/example_branch_python_dop_operator_3.py for tasks to queue
[2023-08-07T10:46:36.219+0000] {logging_mixin.py:150} INFO - [2023-08-07T10:46:36.219+0000] {dagbag.py:541} INFO - Filling up the DagBag from /home/airflow/.local/lib/python3.7/site-packages/airflow/example_dags/example_branch_python_dop_operator_3.py
[2023-08-07T10:46:36.228+0000] {processor.py:836} INFO - DAG(s) dict_keys(['example_branch_dop_operator_v3']) retrieved from /home/airflow/.local/lib/python3.7/site-packages/airflow/example_dags/example_branch_python_dop_operator_3.py
[2023-08-07T10:46:36.249+0000] {logging_mixin.py:150} INFO - [2023-08-07T10:46:36.249+0000] {dag.py:2742} INFO - Sync 1 DAGs
[2023-08-07T10:46:36.265+0000] {logging_mixin.py:150} INFO - [2023-08-07T10:46:36.265+0000] {dag.py:3508} INFO - Setting next_dagrun for example_branch_dop_operator_v3 to 2023-08-07T10:45:00+00:00, run_after=2023-08-07T10:46:00+00:00
[2023-08-07T10:46:36.274+0000] {processor.py:179} INFO - Processing /home/airflow/.local/lib/python3.7/site-packages/airflow/example_dags/example_branch_python_dop_operator_3.py took 0.061 seconds
[2023-08-07T10:47:06.509+0000] {processor.py:157} INFO - Started process (PID=462) to work on /home/airflow/.local/lib/python3.7/site-packages/airflow/example_dags/example_branch_python_dop_operator_3.py
[2023-08-07T10:47:06.510+0000] {processor.py:826} INFO - Processing file /home/airflow/.local/lib/python3.7/site-packages/airflow/example_dags/example_branch_python_dop_operator_3.py for tasks to queue
[2023-08-07T10:47:06.512+0000] {logging_mixin.py:150} INFO - [2023-08-07T10:47:06.511+0000] {dagbag.py:541} INFO - Filling up the DagBag from /home/airflow/.local/lib/python3.7/site-packages/airflow/example_dags/example_branch_python_dop_operator_3.py
[2023-08-07T10:47:06.520+0000] {processor.py:836} INFO - DAG(s) dict_keys(['example_branch_dop_operator_v3']) retrieved from /home/airflow/.local/lib/python3.7/site-packages/airflow/example_dags/example_branch_python_dop_operator_3.py
[2023-08-07T10:47:06.541+0000] {logging_mixin.py:150} INFO - [2023-08-07T10:47:06.540+0000] {dag.py:2742} INFO - Sync 1 DAGs
[2023-08-07T10:47:06.557+0000] {logging_mixin.py:150} INFO - [2023-08-07T10:47:06.557+0000] {dag.py:3508} INFO - Setting next_dagrun for example_branch_dop_operator_v3 to 2023-08-07T10:46:00+00:00, run_after=2023-08-07T10:47:00+00:00
[2023-08-07T10:47:06.567+0000] {processor.py:179} INFO - Processing /home/airflow/.local/lib/python3.7/site-packages/airflow/example_dags/example_branch_python_dop_operator_3.py took 0.062 seconds
[2023-08-07T10:47:37.595+0000] {processor.py:157} INFO - Started process (PID=520) to work on /home/airflow/.local/lib/python3.7/site-packages/airflow/example_dags/example_branch_python_dop_operator_3.py
[2023-08-07T10:47:37.597+0000] {processor.py:826} INFO - Processing file /home/airflow/.local/lib/python3.7/site-packages/airflow/example_dags/example_branch_python_dop_operator_3.py for tasks to queue
[2023-08-07T10:47:37.599+0000] {logging_mixin.py:150} INFO - [2023-08-07T10:47:37.599+0000] {dagbag.py:541} INFO - Filling up the DagBag from /home/airflow/.local/lib/python3.7/site-packages/airflow/example_dags/example_branch_python_dop_operator_3.py
[2023-08-07T10:47:37.609+0000] {processor.py:836} INFO - DAG(s) dict_keys(['example_branch_dop_operator_v3']) retrieved from /home/airflow/.local/lib/python3.7/site-packages/airflow/example_dags/example_branch_python_dop_operator_3.py
[2023-08-07T10:47:37.633+0000] {logging_mixin.py:150} INFO - [2023-08-07T10:47:37.633+0000] {dag.py:2742} INFO - Sync 1 DAGs
[2023-08-07T10:47:37.651+0000] {logging_mixin.py:150} INFO - [2023-08-07T10:47:37.651+0000] {dag.py:3508} INFO - Setting next_dagrun for example_branch_dop_operator_v3 to 2023-08-07T10:46:00+00:00, run_after=2023-08-07T10:47:00+00:00
[2023-08-07T10:47:37.661+0000] {processor.py:179} INFO - Processing /home/airflow/.local/lib/python3.7/site-packages/airflow/example_dags/example_branch_python_dop_operator_3.py took 0.070 seconds
[2023-08-07T10:48:07.824+0000] {processor.py:157} INFO - Started process (PID=578) to work on /home/airflow/.local/lib/python3.7/site-packages/airflow/example_dags/example_branch_python_dop_operator_3.py
[2023-08-07T10:48:07.826+0000] {processor.py:826} INFO - Processing file /home/airflow/.local/lib/python3.7/site-packages/airflow/example_dags/example_branch_python_dop_operator_3.py for tasks to queue
[2023-08-07T10:48:07.827+0000] {logging_mixin.py:150} INFO - [2023-08-07T10:48:07.827+0000] {dagbag.py:541} INFO - Filling up the DagBag from /home/airflow/.local/lib/python3.7/site-packages/airflow/example_dags/example_branch_python_dop_operator_3.py
[2023-08-07T10:48:07.835+0000] {processor.py:836} INFO - DAG(s) dict_keys(['example_branch_dop_operator_v3']) retrieved from /home/airflow/.local/lib/python3.7/site-packages/airflow/example_dags/example_branch_python_dop_operator_3.py
[2023-08-07T10:48:07.857+0000] {logging_mixin.py:150} INFO - [2023-08-07T10:48:07.857+0000] {dag.py:2742} INFO - Sync 1 DAGs
[2023-08-07T10:48:07.876+0000] {logging_mixin.py:150} INFO - [2023-08-07T10:48:07.875+0000] {dag.py:3508} INFO - Setting next_dagrun for example_branch_dop_operator_v3 to 2023-08-07T10:47:00+00:00, run_after=2023-08-07T10:48:00+00:00
[2023-08-07T10:48:07.888+0000] {processor.py:179} INFO - Processing /home/airflow/.local/lib/python3.7/site-packages/airflow/example_dags/example_branch_python_dop_operator_3.py took 0.067 seconds
[2023-08-07T10:48:38.272+0000] {processor.py:157} INFO - Started process (PID=636) to work on /home/airflow/.local/lib/python3.7/site-packages/airflow/example_dags/example_branch_python_dop_operator_3.py
[2023-08-07T10:48:38.273+0000] {processor.py:826} INFO - Processing file /home/airflow/.local/lib/python3.7/site-packages/airflow/example_dags/example_branch_python_dop_operator_3.py for tasks to queue
[2023-08-07T10:48:38.275+0000] {logging_mixin.py:150} INFO - [2023-08-07T10:48:38.274+0000] {dagbag.py:541} INFO - Filling up the DagBag from /home/airflow/.local/lib/python3.7/site-packages/airflow/example_dags/example_branch_python_dop_operator_3.py
[2023-08-07T10:48:38.285+0000] {processor.py:836} INFO - DAG(s) dict_keys(['example_branch_dop_operator_v3']) retrieved from /home/airflow/.local/lib/python3.7/site-packages/airflow/example_dags/example_branch_python_dop_operator_3.py
[2023-08-07T10:48:38.306+0000] {logging_mixin.py:150} INFO - [2023-08-07T10:48:38.306+0000] {dag.py:2742} INFO - Sync 1 DAGs
[2023-08-07T10:48:38.323+0000] {logging_mixin.py:150} INFO - [2023-08-07T10:48:38.322+0000] {dag.py:3508} INFO - Setting next_dagrun for example_branch_dop_operator_v3 to 2023-08-07T10:47:00+00:00, run_after=2023-08-07T10:48:00+00:00
[2023-08-07T10:48:38.332+0000] {processor.py:179} INFO - Processing /home/airflow/.local/lib/python3.7/site-packages/airflow/example_dags/example_branch_python_dop_operator_3.py took 0.066 seconds
[2023-08-07T10:49:08.493+0000] {processor.py:157} INFO - Started process (PID=695) to work on /home/airflow/.local/lib/python3.7/site-packages/airflow/example_dags/example_branch_python_dop_operator_3.py
[2023-08-07T10:49:08.495+0000] {processor.py:826} INFO - Processing file /home/airflow/.local/lib/python3.7/site-packages/airflow/example_dags/example_branch_python_dop_operator_3.py for tasks to queue
[2023-08-07T10:49:08.496+0000] {logging_mixin.py:150} INFO - [2023-08-07T10:49:08.496+0000] {dagbag.py:541} INFO - Filling up the DagBag from /home/airflow/.local/lib/python3.7/site-packages/airflow/example_dags/example_branch_python_dop_operator_3.py
[2023-08-07T10:49:08.505+0000] {processor.py:836} INFO - DAG(s) dict_keys(['example_branch_dop_operator_v3']) retrieved from /home/airflow/.local/lib/python3.7/site-packages/airflow/example_dags/example_branch_python_dop_operator_3.py
[2023-08-07T10:49:08.527+0000] {logging_mixin.py:150} INFO - [2023-08-07T10:49:08.527+0000] {dag.py:2742} INFO - Sync 1 DAGs
[2023-08-07T10:49:08.544+0000] {logging_mixin.py:150} INFO - [2023-08-07T10:49:08.544+0000] {dag.py:3508} INFO - Setting next_dagrun for example_branch_dop_operator_v3 to 2023-08-07T10:48:00+00:00, run_after=2023-08-07T10:49:00+00:00
[2023-08-07T10:49:08.553+0000] {processor.py:179} INFO - Processing /home/airflow/.local/lib/python3.7/site-packages/airflow/example_dags/example_branch_python_dop_operator_3.py took 0.064 seconds
[2023-08-07T10:49:38.722+0000] {processor.py:157} INFO - Started process (PID=753) to work on /home/airflow/.local/lib/python3.7/site-packages/airflow/example_dags/example_branch_python_dop_operator_3.py
[2023-08-07T10:49:38.724+0000] {processor.py:826} INFO - Processing file /home/airflow/.local/lib/python3.7/site-packages/airflow/example_dags/example_branch_python_dop_operator_3.py for tasks to queue
[2023-08-07T10:49:38.726+0000] {logging_mixin.py:150} INFO - [2023-08-07T10:49:38.725+0000] {dagbag.py:541} INFO - Filling up the DagBag from /home/airflow/.local/lib/python3.7/site-packages/airflow/example_dags/example_branch_python_dop_operator_3.py
[2023-08-07T10:49:38.734+0000] {processor.py:836} INFO - DAG(s) dict_keys(['example_branch_dop_operator_v3']) retrieved from /home/airflow/.local/lib/python3.7/site-packages/airflow/example_dags/example_branch_python_dop_operator_3.py
[2023-08-07T10:49:38.756+0000] {logging_mixin.py:150} INFO - [2023-08-07T10:49:38.756+0000] {dag.py:2742} INFO - Sync 1 DAGs
[2023-08-07T10:49:38.772+0000] {logging_mixin.py:150} INFO - [2023-08-07T10:49:38.772+0000] {dag.py:3508} INFO - Setting next_dagrun for example_branch_dop_operator_v3 to 2023-08-07T10:48:00+00:00, run_after=2023-08-07T10:49:00+00:00
[2023-08-07T10:49:38.781+0000] {processor.py:179} INFO - Processing /home/airflow/.local/lib/python3.7/site-packages/airflow/example_dags/example_branch_python_dop_operator_3.py took 0.064 seconds
[2023-08-07T10:50:08.987+0000] {processor.py:157} INFO - Started process (PID=811) to work on /home/airflow/.local/lib/python3.7/site-packages/airflow/example_dags/example_branch_python_dop_operator_3.py
[2023-08-07T10:50:08.989+0000] {processor.py:826} INFO - Processing file /home/airflow/.local/lib/python3.7/site-packages/airflow/example_dags/example_branch_python_dop_operator_3.py for tasks to queue
[2023-08-07T10:50:08.990+0000] {logging_mixin.py:150} INFO - [2023-08-07T10:50:08.989+0000] {dagbag.py:541} INFO - Filling up the DagBag from /home/airflow/.local/lib/python3.7/site-packages/airflow/example_dags/example_branch_python_dop_operator_3.py
[2023-08-07T10:50:09.000+0000] {processor.py:836} INFO - DAG(s) dict_keys(['example_branch_dop_operator_v3']) retrieved from /home/airflow/.local/lib/python3.7/site-packages/airflow/example_dags/example_branch_python_dop_operator_3.py
[2023-08-07T10:50:09.020+0000] {logging_mixin.py:150} INFO - [2023-08-07T10:50:09.020+0000] {dag.py:2742} INFO - Sync 1 DAGs
[2023-08-07T10:50:09.037+0000] {logging_mixin.py:150} INFO - [2023-08-07T10:50:09.037+0000] {dag.py:3508} INFO - Setting next_dagrun for example_branch_dop_operator_v3 to 2023-08-07T10:49:00+00:00, run_after=2023-08-07T10:50:00+00:00
[2023-08-07T10:50:09.047+0000] {processor.py:179} INFO - Processing /home/airflow/.local/lib/python3.7/site-packages/airflow/example_dags/example_branch_python_dop_operator_3.py took 0.064 seconds
[2023-08-07T10:50:39.265+0000] {processor.py:157} INFO - Started process (PID=868) to work on /home/airflow/.local/lib/python3.7/site-packages/airflow/example_dags/example_branch_python_dop_operator_3.py
[2023-08-07T10:50:39.266+0000] {processor.py:826} INFO - Processing file /home/airflow/.local/lib/python3.7/site-packages/airflow/example_dags/example_branch_python_dop_operator_3.py for tasks to queue
[2023-08-07T10:50:39.268+0000] {logging_mixin.py:150} INFO - [2023-08-07T10:50:39.267+0000] {dagbag.py:541} INFO - Filling up the DagBag from /home/airflow/.local/lib/python3.7/site-packages/airflow/example_dags/example_branch_python_dop_operator_3.py
[2023-08-07T10:50:39.276+0000] {processor.py:836} INFO - DAG(s) dict_keys(['example_branch_dop_operator_v3']) retrieved from /home/airflow/.local/lib/python3.7/site-packages/airflow/example_dags/example_branch_python_dop_operator_3.py
[2023-08-07T10:50:39.298+0000] {logging_mixin.py:150} INFO - [2023-08-07T10:50:39.298+0000] {dag.py:2742} INFO - Sync 1 DAGs
[2023-08-07T10:50:39.314+0000] {logging_mixin.py:150} INFO - [2023-08-07T10:50:39.313+0000] {dag.py:3508} INFO - Setting next_dagrun for example_branch_dop_operator_v3 to 2023-08-07T10:49:00+00:00, run_after=2023-08-07T10:50:00+00:00
[2023-08-07T10:50:39.323+0000] {processor.py:179} INFO - Processing /home/airflow/.local/lib/python3.7/site-packages/airflow/example_dags/example_branch_python_dop_operator_3.py took 0.062 seconds
[2023-08-07T10:51:09.468+0000] {processor.py:157} INFO - Started process (PID=926) to work on /home/airflow/.local/lib/python3.7/site-packages/airflow/example_dags/example_branch_python_dop_operator_3.py
[2023-08-07T10:51:09.469+0000] {processor.py:826} INFO - Processing file /home/airflow/.local/lib/python3.7/site-packages/airflow/example_dags/example_branch_python_dop_operator_3.py for tasks to queue
[2023-08-07T10:51:09.470+0000] {logging_mixin.py:150} INFO - [2023-08-07T10:51:09.470+0000] {dagbag.py:541} INFO - Filling up the DagBag from /home/airflow/.local/lib/python3.7/site-packages/airflow/example_dags/example_branch_python_dop_operator_3.py
[2023-08-07T10:51:09.478+0000] {processor.py:836} INFO - DAG(s) dict_keys(['example_branch_dop_operator_v3']) retrieved from /home/airflow/.local/lib/python3.7/site-packages/airflow/example_dags/example_branch_python_dop_operator_3.py
[2023-08-07T10:51:09.497+0000] {logging_mixin.py:150} INFO - [2023-08-07T10:51:09.497+0000] {dag.py:2742} INFO - Sync 1 DAGs
[2023-08-07T10:51:09.513+0000] {logging_mixin.py:150} INFO - [2023-08-07T10:51:09.513+0000] {dag.py:3508} INFO - Setting next_dagrun for example_branch_dop_operator_v3 to 2023-08-07T10:50:00+00:00, run_after=2023-08-07T10:51:00+00:00
[2023-08-07T10:51:09.523+0000] {processor.py:179} INFO - Processing /home/airflow/.local/lib/python3.7/site-packages/airflow/example_dags/example_branch_python_dop_operator_3.py took 0.059 seconds
[2023-08-07T10:51:39.736+0000] {processor.py:157} INFO - Started process (PID=984) to work on /home/airflow/.local/lib/python3.7/site-packages/airflow/example_dags/example_branch_python_dop_operator_3.py
[2023-08-07T10:51:39.738+0000] {processor.py:826} INFO - Processing file /home/airflow/.local/lib/python3.7/site-packages/airflow/example_dags/example_branch_python_dop_operator_3.py for tasks to queue
[2023-08-07T10:51:39.739+0000] {logging_mixin.py:150} INFO - [2023-08-07T10:51:39.739+0000] {dagbag.py:541} INFO - Filling up the DagBag from /home/airflow/.local/lib/python3.7/site-packages/airflow/example_dags/example_branch_python_dop_operator_3.py
[2023-08-07T10:51:39.748+0000] {processor.py:836} INFO - DAG(s) dict_keys(['example_branch_dop_operator_v3']) retrieved from /home/airflow/.local/lib/python3.7/site-packages/airflow/example_dags/example_branch_python_dop_operator_3.py
[2023-08-07T10:51:39.769+0000] {logging_mixin.py:150} INFO - [2023-08-07T10:51:39.769+0000] {dag.py:2742} INFO - Sync 1 DAGs
[2023-08-07T10:51:39.786+0000] {logging_mixin.py:150} INFO - [2023-08-07T10:51:39.786+0000] {dag.py:3508} INFO - Setting next_dagrun for example_branch_dop_operator_v3 to 2023-08-07T10:50:00+00:00, run_after=2023-08-07T10:51:00+00:00
[2023-08-07T10:51:39.796+0000] {processor.py:179} INFO - Processing /home/airflow/.local/lib/python3.7/site-packages/airflow/example_dags/example_branch_python_dop_operator_3.py took 0.064 seconds
[2023-08-07T10:52:09.996+0000] {processor.py:157} INFO - Started process (PID=1042) to work on /home/airflow/.local/lib/python3.7/site-packages/airflow/example_dags/example_branch_python_dop_operator_3.py
[2023-08-07T10:52:09.997+0000] {processor.py:826} INFO - Processing file /home/airflow/.local/lib/python3.7/site-packages/airflow/example_dags/example_branch_python_dop_operator_3.py for tasks to queue
[2023-08-07T10:52:09.999+0000] {logging_mixin.py:150} INFO - [2023-08-07T10:52:09.999+0000] {dagbag.py:541} INFO - Filling up the DagBag from /home/airflow/.local/lib/python3.7/site-packages/airflow/example_dags/example_branch_python_dop_operator_3.py
[2023-08-07T10:52:10.008+0000] {processor.py:836} INFO - DAG(s) dict_keys(['example_branch_dop_operator_v3']) retrieved from /home/airflow/.local/lib/python3.7/site-packages/airflow/example_dags/example_branch_python_dop_operator_3.py
[2023-08-07T10:52:10.028+0000] {logging_mixin.py:150} INFO - [2023-08-07T10:52:10.028+0000] {dag.py:2742} INFO - Sync 1 DAGs
[2023-08-07T10:52:10.044+0000] {logging_mixin.py:150} INFO - [2023-08-07T10:52:10.044+0000] {dag.py:3508} INFO - Setting next_dagrun for example_branch_dop_operator_v3 to 2023-08-07T10:51:00+00:00, run_after=2023-08-07T10:52:00+00:00
[2023-08-07T10:52:10.054+0000] {processor.py:179} INFO - Processing /home/airflow/.local/lib/python3.7/site-packages/airflow/example_dags/example_branch_python_dop_operator_3.py took 0.063 seconds
[2023-08-07T10:52:40.326+0000] {processor.py:157} INFO - Started process (PID=1100) to work on /home/airflow/.local/lib/python3.7/site-packages/airflow/example_dags/example_branch_python_dop_operator_3.py
[2023-08-07T10:52:40.327+0000] {processor.py:826} INFO - Processing file /home/airflow/.local/lib/python3.7/site-packages/airflow/example_dags/example_branch_python_dop_operator_3.py for tasks to queue
[2023-08-07T10:52:40.328+0000] {logging_mixin.py:150} INFO - [2023-08-07T10:52:40.328+0000] {dagbag.py:541} INFO - Filling up the DagBag from /home/airflow/.local/lib/python3.7/site-packages/airflow/example_dags/example_branch_python_dop_operator_3.py
[2023-08-07T10:52:40.336+0000] {processor.py:836} INFO - DAG(s) dict_keys(['example_branch_dop_operator_v3']) retrieved from /home/airflow/.local/lib/python3.7/site-packages/airflow/example_dags/example_branch_python_dop_operator_3.py
[2023-08-07T10:52:40.354+0000] {logging_mixin.py:150} INFO - [2023-08-07T10:52:40.354+0000] {dag.py:2742} INFO - Sync 1 DAGs
[2023-08-07T10:52:40.369+0000] {logging_mixin.py:150} INFO - [2023-08-07T10:52:40.369+0000] {dag.py:3508} INFO - Setting next_dagrun for example_branch_dop_operator_v3 to 2023-08-07T10:51:00+00:00, run_after=2023-08-07T10:52:00+00:00
[2023-08-07T10:52:40.378+0000] {processor.py:179} INFO - Processing /home/airflow/.local/lib/python3.7/site-packages/airflow/example_dags/example_branch_python_dop_operator_3.py took 0.056 seconds
[2023-08-07T10:53:10.596+0000] {processor.py:157} INFO - Started process (PID=1158) to work on /home/airflow/.local/lib/python3.7/site-packages/airflow/example_dags/example_branch_python_dop_operator_3.py
[2023-08-07T10:53:10.597+0000] {processor.py:826} INFO - Processing file /home/airflow/.local/lib/python3.7/site-packages/airflow/example_dags/example_branch_python_dop_operator_3.py for tasks to queue
[2023-08-07T10:53:10.598+0000] {logging_mixin.py:150} INFO - [2023-08-07T10:53:10.597+0000] {dagbag.py:541} INFO - Filling up the DagBag from /home/airflow/.local/lib/python3.7/site-packages/airflow/example_dags/example_branch_python_dop_operator_3.py
[2023-08-07T10:53:10.603+0000] {processor.py:836} INFO - DAG(s) dict_keys(['example_branch_dop_operator_v3']) retrieved from /home/airflow/.local/lib/python3.7/site-packages/airflow/example_dags/example_branch_python_dop_operator_3.py
[2023-08-07T10:53:10.619+0000] {logging_mixin.py:150} INFO - [2023-08-07T10:53:10.619+0000] {dag.py:2742} INFO - Sync 1 DAGs
[2023-08-07T10:53:10.634+0000] {logging_mixin.py:150} INFO - [2023-08-07T10:53:10.634+0000] {dag.py:3508} INFO - Setting next_dagrun for example_branch_dop_operator_v3 to 2023-08-07T10:52:00+00:00, run_after=2023-08-07T10:53:00+00:00
[2023-08-07T10:53:10.644+0000] {processor.py:179} INFO - Processing /home/airflow/.local/lib/python3.7/site-packages/airflow/example_dags/example_branch_python_dop_operator_3.py took 0.051 seconds
[2023-08-07T10:53:40.870+0000] {processor.py:157} INFO - Started process (PID=1216) to work on /home/airflow/.local/lib/python3.7/site-packages/airflow/example_dags/example_branch_python_dop_operator_3.py
[2023-08-07T10:53:40.872+0000] {processor.py:826} INFO - Processing file /home/airflow/.local/lib/python3.7/site-packages/airflow/example_dags/example_branch_python_dop_operator_3.py for tasks to queue
[2023-08-07T10:53:40.873+0000] {logging_mixin.py:150} INFO - [2023-08-07T10:53:40.873+0000] {dagbag.py:541} INFO - Filling up the DagBag from /home/airflow/.local/lib/python3.7/site-packages/airflow/example_dags/example_branch_python_dop_operator_3.py
[2023-08-07T10:53:40.883+0000] {processor.py:836} INFO - DAG(s) dict_keys(['example_branch_dop_operator_v3']) retrieved from /home/airflow/.local/lib/python3.7/site-packages/airflow/example_dags/example_branch_python_dop_operator_3.py
[2023-08-07T10:53:40.903+0000] {logging_mixin.py:150} INFO - [2023-08-07T10:53:40.902+0000] {dag.py:2742} INFO - Sync 1 DAGs
[2023-08-07T10:53:40.919+0000] {logging_mixin.py:150} INFO - [2023-08-07T10:53:40.919+0000] {dag.py:3508} INFO - Setting next_dagrun for example_branch_dop_operator_v3 to 2023-08-07T10:52:00+00:00, run_after=2023-08-07T10:53:00+00:00
[2023-08-07T10:53:40.929+0000] {processor.py:179} INFO - Processing /home/airflow/.local/lib/python3.7/site-packages/airflow/example_dags/example_branch_python_dop_operator_3.py took 0.063 seconds
[2023-08-07T10:54:11.132+0000] {processor.py:157} INFO - Started process (PID=1274) to work on /home/airflow/.local/lib/python3.7/site-packages/airflow/example_dags/example_branch_python_dop_operator_3.py
[2023-08-07T10:54:11.133+0000] {processor.py:826} INFO - Processing file /home/airflow/.local/lib/python3.7/site-packages/airflow/example_dags/example_branch_python_dop_operator_3.py for tasks to queue
[2023-08-07T10:54:11.135+0000] {logging_mixin.py:150} INFO - [2023-08-07T10:54:11.134+0000] {dagbag.py:541} INFO - Filling up the DagBag from /home/airflow/.local/lib/python3.7/site-packages/airflow/example_dags/example_branch_python_dop_operator_3.py
[2023-08-07T10:54:11.145+0000] {processor.py:836} INFO - DAG(s) dict_keys(['example_branch_dop_operator_v3']) retrieved from /home/airflow/.local/lib/python3.7/site-packages/airflow/example_dags/example_branch_python_dop_operator_3.py
[2023-08-07T10:54:11.166+0000] {logging_mixin.py:150} INFO - [2023-08-07T10:54:11.166+0000] {dag.py:2742} INFO - Sync 1 DAGs
[2023-08-07T10:54:11.183+0000] {logging_mixin.py:150} INFO - [2023-08-07T10:54:11.183+0000] {dag.py:3508} INFO - Setting next_dagrun for example_branch_dop_operator_v3 to 2023-08-07T10:53:00+00:00, run_after=2023-08-07T10:54:00+00:00
[2023-08-07T10:54:11.193+0000] {processor.py:179} INFO - Processing /home/airflow/.local/lib/python3.7/site-packages/airflow/example_dags/example_branch_python_dop_operator_3.py took 0.066 seconds
[2023-08-07T10:54:41.387+0000] {processor.py:157} INFO - Started process (PID=1332) to work on /home/airflow/.local/lib/python3.7/site-packages/airflow/example_dags/example_branch_python_dop_operator_3.py
[2023-08-07T10:54:41.389+0000] {processor.py:826} INFO - Processing file /home/airflow/.local/lib/python3.7/site-packages/airflow/example_dags/example_branch_python_dop_operator_3.py for tasks to queue
[2023-08-07T10:54:41.391+0000] {logging_mixin.py:150} INFO - [2023-08-07T10:54:41.390+0000] {dagbag.py:541} INFO - Filling up the DagBag from /home/airflow/.local/lib/python3.7/site-packages/airflow/example_dags/example_branch_python_dop_operator_3.py
[2023-08-07T10:54:41.400+0000] {processor.py:836} INFO - DAG(s) dict_keys(['example_branch_dop_operator_v3']) retrieved from /home/airflow/.local/lib/python3.7/site-packages/airflow/example_dags/example_branch_python_dop_operator_3.py
[2023-08-07T10:54:41.421+0000] {logging_mixin.py:150} INFO - [2023-08-07T10:54:41.420+0000] {dag.py:2742} INFO - Sync 1 DAGs
[2023-08-07T10:54:41.438+0000] {logging_mixin.py:150} INFO - [2023-08-07T10:54:41.437+0000] {dag.py:3508} INFO - Setting next_dagrun for example_branch_dop_operator_v3 to 2023-08-07T10:53:00+00:00, run_after=2023-08-07T10:54:00+00:00
[2023-08-07T10:54:41.447+0000] {processor.py:179} INFO - Processing /home/airflow/.local/lib/python3.7/site-packages/airflow/example_dags/example_branch_python_dop_operator_3.py took 0.064 seconds
[2023-08-07T10:55:11.646+0000] {processor.py:157} INFO - Started process (PID=1390) to work on /home/airflow/.local/lib/python3.7/site-packages/airflow/example_dags/example_branch_python_dop_operator_3.py
[2023-08-07T10:55:11.648+0000] {processor.py:826} INFO - Processing file /home/airflow/.local/lib/python3.7/site-packages/airflow/example_dags/example_branch_python_dop_operator_3.py for tasks to queue
[2023-08-07T10:55:11.649+0000] {logging_mixin.py:150} INFO - [2023-08-07T10:55:11.649+0000] {dagbag.py:541} INFO - Filling up the DagBag from /home/airflow/.local/lib/python3.7/site-packages/airflow/example_dags/example_branch_python_dop_operator_3.py
[2023-08-07T10:55:11.657+0000] {processor.py:836} INFO - DAG(s) dict_keys(['example_branch_dop_operator_v3']) retrieved from /home/airflow/.local/lib/python3.7/site-packages/airflow/example_dags/example_branch_python_dop_operator_3.py
[2023-08-07T10:55:11.676+0000] {logging_mixin.py:150} INFO - [2023-08-07T10:55:11.676+0000] {dag.py:2742} INFO - Sync 1 DAGs
[2023-08-07T10:55:11.691+0000] {logging_mixin.py:150} INFO - [2023-08-07T10:55:11.691+0000] {dag.py:3508} INFO - Setting next_dagrun for example_branch_dop_operator_v3 to 2023-08-07T10:54:00+00:00, run_after=2023-08-07T10:55:00+00:00
[2023-08-07T10:55:11.701+0000] {processor.py:179} INFO - Processing /home/airflow/.local/lib/python3.7/site-packages/airflow/example_dags/example_branch_python_dop_operator_3.py took 0.059 seconds
[2023-08-07T10:55:41.924+0000] {processor.py:157} INFO - Started process (PID=1448) to work on /home/airflow/.local/lib/python3.7/site-packages/airflow/example_dags/example_branch_python_dop_operator_3.py
[2023-08-07T10:55:41.925+0000] {processor.py:826} INFO - Processing file /home/airflow/.local/lib/python3.7/site-packages/airflow/example_dags/example_branch_python_dop_operator_3.py for tasks to queue
[2023-08-07T10:55:41.927+0000] {logging_mixin.py:150} INFO - [2023-08-07T10:55:41.927+0000] {dagbag.py:541} INFO - Filling up the DagBag from /home/airflow/.local/lib/python3.7/site-packages/airflow/example_dags/example_branch_python_dop_operator_3.py
[2023-08-07T10:55:41.936+0000] {processor.py:836} INFO - DAG(s) dict_keys(['example_branch_dop_operator_v3']) retrieved from /home/airflow/.local/lib/python3.7/site-packages/airflow/example_dags/example_branch_python_dop_operator_3.py
[2023-08-07T10:55:41.956+0000] {logging_mixin.py:150} INFO - [2023-08-07T10:55:41.956+0000] {dag.py:2742} INFO - Sync 1 DAGs
[2023-08-07T10:55:41.972+0000] {logging_mixin.py:150} INFO - [2023-08-07T10:55:41.972+0000] {dag.py:3508} INFO - Setting next_dagrun for example_branch_dop_operator_v3 to 2023-08-07T10:54:00+00:00, run_after=2023-08-07T10:55:00+00:00
[2023-08-07T10:55:41.981+0000] {processor.py:179} INFO - Processing /home/airflow/.local/lib/python3.7/site-packages/airflow/example_dags/example_branch_python_dop_operator_3.py took 0.062 seconds
[2023-08-07T10:56:12.283+0000] {processor.py:157} INFO - Started process (PID=1506) to work on /home/airflow/.local/lib/python3.7/site-packages/airflow/example_dags/example_branch_python_dop_operator_3.py
[2023-08-07T10:56:12.285+0000] {processor.py:826} INFO - Processing file /home/airflow/.local/lib/python3.7/site-packages/airflow/example_dags/example_branch_python_dop_operator_3.py for tasks to queue
[2023-08-07T10:56:12.286+0000] {logging_mixin.py:150} INFO - [2023-08-07T10:56:12.285+0000] {dagbag.py:541} INFO - Filling up the DagBag from /home/airflow/.local/lib/python3.7/site-packages/airflow/example_dags/example_branch_python_dop_operator_3.py
[2023-08-07T10:56:12.294+0000] {processor.py:836} INFO - DAG(s) dict_keys(['example_branch_dop_operator_v3']) retrieved from /home/airflow/.local/lib/python3.7/site-packages/airflow/example_dags/example_branch_python_dop_operator_3.py
[2023-08-07T10:56:12.314+0000] {logging_mixin.py:150} INFO - [2023-08-07T10:56:12.314+0000] {dag.py:2742} INFO - Sync 1 DAGs
[2023-08-07T10:56:12.330+0000] {logging_mixin.py:150} INFO - [2023-08-07T10:56:12.330+0000] {dag.py:3508} INFO - Setting next_dagrun for example_branch_dop_operator_v3 to 2023-08-07T10:55:00+00:00, run_after=2023-08-07T10:56:00+00:00
[2023-08-07T10:56:12.339+0000] {processor.py:179} INFO - Processing /home/airflow/.local/lib/python3.7/site-packages/airflow/example_dags/example_branch_python_dop_operator_3.py took 0.060 seconds
[2023-08-07T10:56:42.570+0000] {processor.py:157} INFO - Started process (PID=1564) to work on /home/airflow/.local/lib/python3.7/site-packages/airflow/example_dags/example_branch_python_dop_operator_3.py
[2023-08-07T10:56:42.571+0000] {processor.py:826} INFO - Processing file /home/airflow/.local/lib/python3.7/site-packages/airflow/example_dags/example_branch_python_dop_operator_3.py for tasks to queue
[2023-08-07T10:56:42.572+0000] {logging_mixin.py:150} INFO - [2023-08-07T10:56:42.572+0000] {dagbag.py:541} INFO - Filling up the DagBag from /home/airflow/.local/lib/python3.7/site-packages/airflow/example_dags/example_branch_python_dop_operator_3.py
[2023-08-07T10:56:42.579+0000] {processor.py:836} INFO - DAG(s) dict_keys(['example_branch_dop_operator_v3']) retrieved from /home/airflow/.local/lib/python3.7/site-packages/airflow/example_dags/example_branch_python_dop_operator_3.py
[2023-08-07T10:56:42.597+0000] {logging_mixin.py:150} INFO - [2023-08-07T10:56:42.597+0000] {dag.py:2742} INFO - Sync 1 DAGs
[2023-08-07T10:56:42.616+0000] {logging_mixin.py:150} INFO - [2023-08-07T10:56:42.616+0000] {dag.py:3508} INFO - Setting next_dagrun for example_branch_dop_operator_v3 to 2023-08-07T10:55:00+00:00, run_after=2023-08-07T10:56:00+00:00
[2023-08-07T10:56:42.627+0000] {processor.py:179} INFO - Processing /home/airflow/.local/lib/python3.7/site-packages/airflow/example_dags/example_branch_python_dop_operator_3.py took 0.059 seconds
[2023-08-07T10:57:13.005+0000] {processor.py:157} INFO - Started process (PID=1621) to work on /home/airflow/.local/lib/python3.7/site-packages/airflow/example_dags/example_branch_python_dop_operator_3.py
[2023-08-07T10:57:13.007+0000] {processor.py:826} INFO - Processing file /home/airflow/.local/lib/python3.7/site-packages/airflow/example_dags/example_branch_python_dop_operator_3.py for tasks to queue
[2023-08-07T10:57:13.008+0000] {logging_mixin.py:150} INFO - [2023-08-07T10:57:13.008+0000] {dagbag.py:541} INFO - Filling up the DagBag from /home/airflow/.local/lib/python3.7/site-packages/airflow/example_dags/example_branch_python_dop_operator_3.py
[2023-08-07T10:57:13.017+0000] {processor.py:836} INFO - DAG(s) dict_keys(['example_branch_dop_operator_v3']) retrieved from /home/airflow/.local/lib/python3.7/site-packages/airflow/example_dags/example_branch_python_dop_operator_3.py
[2023-08-07T10:57:13.037+0000] {logging_mixin.py:150} INFO - [2023-08-07T10:57:13.037+0000] {dag.py:2742} INFO - Sync 1 DAGs
[2023-08-07T10:57:13.054+0000] {logging_mixin.py:150} INFO - [2023-08-07T10:57:13.053+0000] {dag.py:3508} INFO - Setting next_dagrun for example_branch_dop_operator_v3 to 2023-08-07T10:56:00+00:00, run_after=2023-08-07T10:57:00+00:00
[2023-08-07T10:57:13.063+0000] {processor.py:179} INFO - Processing /home/airflow/.local/lib/python3.7/site-packages/airflow/example_dags/example_branch_python_dop_operator_3.py took 0.063 seconds
[2023-08-07T10:57:43.261+0000] {processor.py:157} INFO - Started process (PID=1679) to work on /home/airflow/.local/lib/python3.7/site-packages/airflow/example_dags/example_branch_python_dop_operator_3.py
[2023-08-07T10:57:43.263+0000] {processor.py:826} INFO - Processing file /home/airflow/.local/lib/python3.7/site-packages/airflow/example_dags/example_branch_python_dop_operator_3.py for tasks to queue
[2023-08-07T10:57:43.264+0000] {logging_mixin.py:150} INFO - [2023-08-07T10:57:43.263+0000] {dagbag.py:541} INFO - Filling up the DagBag from /home/airflow/.local/lib/python3.7/site-packages/airflow/example_dags/example_branch_python_dop_operator_3.py
[2023-08-07T10:57:43.272+0000] {processor.py:836} INFO - DAG(s) dict_keys(['example_branch_dop_operator_v3']) retrieved from /home/airflow/.local/lib/python3.7/site-packages/airflow/example_dags/example_branch_python_dop_operator_3.py
[2023-08-07T10:57:43.292+0000] {logging_mixin.py:150} INFO - [2023-08-07T10:57:43.292+0000] {dag.py:2742} INFO - Sync 1 DAGs
[2023-08-07T10:57:43.308+0000] {logging_mixin.py:150} INFO - [2023-08-07T10:57:43.308+0000] {dag.py:3508} INFO - Setting next_dagrun for example_branch_dop_operator_v3 to 2023-08-07T10:56:00+00:00, run_after=2023-08-07T10:57:00+00:00
[2023-08-07T10:57:43.317+0000] {processor.py:179} INFO - Processing /home/airflow/.local/lib/python3.7/site-packages/airflow/example_dags/example_branch_python_dop_operator_3.py took 0.060 seconds
[2023-08-07T10:58:13.483+0000] {processor.py:157} INFO - Started process (PID=1737) to work on /home/airflow/.local/lib/python3.7/site-packages/airflow/example_dags/example_branch_python_dop_operator_3.py
[2023-08-07T10:58:13.484+0000] {processor.py:826} INFO - Processing file /home/airflow/.local/lib/python3.7/site-packages/airflow/example_dags/example_branch_python_dop_operator_3.py for tasks to queue
[2023-08-07T10:58:13.486+0000] {logging_mixin.py:150} INFO - [2023-08-07T10:58:13.486+0000] {dagbag.py:541} INFO - Filling up the DagBag from /home/airflow/.local/lib/python3.7/site-packages/airflow/example_dags/example_branch_python_dop_operator_3.py
[2023-08-07T10:58:13.496+0000] {processor.py:836} INFO - DAG(s) dict_keys(['example_branch_dop_operator_v3']) retrieved from /home/airflow/.local/lib/python3.7/site-packages/airflow/example_dags/example_branch_python_dop_operator_3.py
[2023-08-07T10:58:13.518+0000] {logging_mixin.py:150} INFO - [2023-08-07T10:58:13.518+0000] {dag.py:2742} INFO - Sync 1 DAGs
[2023-08-07T10:58:13.534+0000] {logging_mixin.py:150} INFO - [2023-08-07T10:58:13.534+0000] {dag.py:3508} INFO - Setting next_dagrun for example_branch_dop_operator_v3 to 2023-08-07T10:57:00+00:00, run_after=2023-08-07T10:58:00+00:00
[2023-08-07T10:58:13.544+0000] {processor.py:179} INFO - Processing /home/airflow/.local/lib/python3.7/site-packages/airflow/example_dags/example_branch_python_dop_operator_3.py took 0.066 seconds
[2023-08-07T10:58:43.819+0000] {processor.py:157} INFO - Started process (PID=1796) to work on /home/airflow/.local/lib/python3.7/site-packages/airflow/example_dags/example_branch_python_dop_operator_3.py
[2023-08-07T10:58:43.820+0000] {processor.py:826} INFO - Processing file /home/airflow/.local/lib/python3.7/site-packages/airflow/example_dags/example_branch_python_dop_operator_3.py for tasks to queue
[2023-08-07T10:58:43.822+0000] {logging_mixin.py:150} INFO - [2023-08-07T10:58:43.821+0000] {dagbag.py:541} INFO - Filling up the DagBag from /home/airflow/.local/lib/python3.7/site-packages/airflow/example_dags/example_branch_python_dop_operator_3.py
[2023-08-07T10:58:43.830+0000] {processor.py:836} INFO - DAG(s) dict_keys(['example_branch_dop_operator_v3']) retrieved from /home/airflow/.local/lib/python3.7/site-packages/airflow/example_dags/example_branch_python_dop_operator_3.py
[2023-08-07T10:58:43.851+0000] {logging_mixin.py:150} INFO - [2023-08-07T10:58:43.851+0000] {dag.py:2742} INFO - Sync 1 DAGs
[2023-08-07T10:58:43.869+0000] {logging_mixin.py:150} INFO - [2023-08-07T10:58:43.869+0000] {dag.py:3508} INFO - Setting next_dagrun for example_branch_dop_operator_v3 to 2023-08-07T10:57:00+00:00, run_after=2023-08-07T10:58:00+00:00
[2023-08-07T10:58:43.879+0000] {processor.py:179} INFO - Processing /home/airflow/.local/lib/python3.7/site-packages/airflow/example_dags/example_branch_python_dop_operator_3.py took 0.064 seconds
[2023-08-07T10:59:14.121+0000] {processor.py:157} INFO - Started process (PID=1854) to work on /home/airflow/.local/lib/python3.7/site-packages/airflow/example_dags/example_branch_python_dop_operator_3.py
[2023-08-07T10:59:14.122+0000] {processor.py:826} INFO - Processing file /home/airflow/.local/lib/python3.7/site-packages/airflow/example_dags/example_branch_python_dop_operator_3.py for tasks to queue
[2023-08-07T10:59:14.124+0000] {logging_mixin.py:150} INFO - [2023-08-07T10:59:14.123+0000] {dagbag.py:541} INFO - Filling up the DagBag from /home/airflow/.local/lib/python3.7/site-packages/airflow/example_dags/example_branch_python_dop_operator_3.py
[2023-08-07T10:59:14.133+0000] {processor.py:836} INFO - DAG(s) dict_keys(['example_branch_dop_operator_v3']) retrieved from /home/airflow/.local/lib/python3.7/site-packages/airflow/example_dags/example_branch_python_dop_operator_3.py
[2023-08-07T10:59:14.155+0000] {logging_mixin.py:150} INFO - [2023-08-07T10:59:14.155+0000] {dag.py:2742} INFO - Sync 1 DAGs
[2023-08-07T10:59:14.171+0000] {logging_mixin.py:150} INFO - [2023-08-07T10:59:14.171+0000] {dag.py:3508} INFO - Setting next_dagrun for example_branch_dop_operator_v3 to 2023-08-07T10:58:00+00:00, run_after=2023-08-07T10:59:00+00:00
[2023-08-07T10:59:14.184+0000] {processor.py:179} INFO - Processing /home/airflow/.local/lib/python3.7/site-packages/airflow/example_dags/example_branch_python_dop_operator_3.py took 0.068 seconds
[2023-08-07T10:59:44.416+0000] {processor.py:157} INFO - Started process (PID=1912) to work on /home/airflow/.local/lib/python3.7/site-packages/airflow/example_dags/example_branch_python_dop_operator_3.py
[2023-08-07T10:59:44.418+0000] {processor.py:826} INFO - Processing file /home/airflow/.local/lib/python3.7/site-packages/airflow/example_dags/example_branch_python_dop_operator_3.py for tasks to queue
[2023-08-07T10:59:44.419+0000] {logging_mixin.py:150} INFO - [2023-08-07T10:59:44.419+0000] {dagbag.py:541} INFO - Filling up the DagBag from /home/airflow/.local/lib/python3.7/site-packages/airflow/example_dags/example_branch_python_dop_operator_3.py
[2023-08-07T10:59:44.428+0000] {processor.py:836} INFO - DAG(s) dict_keys(['example_branch_dop_operator_v3']) retrieved from /home/airflow/.local/lib/python3.7/site-packages/airflow/example_dags/example_branch_python_dop_operator_3.py
[2023-08-07T10:59:44.450+0000] {logging_mixin.py:150} INFO - [2023-08-07T10:59:44.450+0000] {dag.py:2742} INFO - Sync 1 DAGs
[2023-08-07T10:59:44.466+0000] {logging_mixin.py:150} INFO - [2023-08-07T10:59:44.466+0000] {dag.py:3508} INFO - Setting next_dagrun for example_branch_dop_operator_v3 to 2023-08-07T10:58:00+00:00, run_after=2023-08-07T10:59:00+00:00
[2023-08-07T10:59:44.476+0000] {processor.py:179} INFO - Processing /home/airflow/.local/lib/python3.7/site-packages/airflow/example_dags/example_branch_python_dop_operator_3.py took 0.064 seconds
[2023-08-07T11:00:14.663+0000] {processor.py:157} INFO - Started process (PID=1970) to work on /home/airflow/.local/lib/python3.7/site-packages/airflow/example_dags/example_branch_python_dop_operator_3.py
[2023-08-07T11:00:14.665+0000] {processor.py:826} INFO - Processing file /home/airflow/.local/lib/python3.7/site-packages/airflow/example_dags/example_branch_python_dop_operator_3.py for tasks to queue
[2023-08-07T11:00:14.667+0000] {logging_mixin.py:150} INFO - [2023-08-07T11:00:14.666+0000] {dagbag.py:541} INFO - Filling up the DagBag from /home/airflow/.local/lib/python3.7/site-packages/airflow/example_dags/example_branch_python_dop_operator_3.py
[2023-08-07T11:00:14.681+0000] {processor.py:836} INFO - DAG(s) dict_keys(['example_branch_dop_operator_v3']) retrieved from /home/airflow/.local/lib/python3.7/site-packages/airflow/example_dags/example_branch_python_dop_operator_3.py
[2023-08-07T11:00:14.701+0000] {logging_mixin.py:150} INFO - [2023-08-07T11:00:14.700+0000] {dag.py:2742} INFO - Sync 1 DAGs
[2023-08-07T11:00:14.717+0000] {logging_mixin.py:150} INFO - [2023-08-07T11:00:14.717+0000] {dag.py:3508} INFO - Setting next_dagrun for example_branch_dop_operator_v3 to 2023-08-07T10:59:00+00:00, run_after=2023-08-07T11:00:00+00:00
[2023-08-07T11:00:14.726+0000] {processor.py:179} INFO - Processing /home/airflow/.local/lib/python3.7/site-packages/airflow/example_dags/example_branch_python_dop_operator_3.py took 0.068 seconds
[2023-08-07T11:00:44.998+0000] {processor.py:157} INFO - Started process (PID=2028) to work on /home/airflow/.local/lib/python3.7/site-packages/airflow/example_dags/example_branch_python_dop_operator_3.py
[2023-08-07T11:00:45.000+0000] {processor.py:826} INFO - Processing file /home/airflow/.local/lib/python3.7/site-packages/airflow/example_dags/example_branch_python_dop_operator_3.py for tasks to queue
[2023-08-07T11:00:45.001+0000] {logging_mixin.py:150} INFO - [2023-08-07T11:00:45.001+0000] {dagbag.py:541} INFO - Filling up the DagBag from /home/airflow/.local/lib/python3.7/site-packages/airflow/example_dags/example_branch_python_dop_operator_3.py
[2023-08-07T11:00:45.010+0000] {processor.py:836} INFO - DAG(s) dict_keys(['example_branch_dop_operator_v3']) retrieved from /home/airflow/.local/lib/python3.7/site-packages/airflow/example_dags/example_branch_python_dop_operator_3.py
[2023-08-07T11:00:45.033+0000] {logging_mixin.py:150} INFO - [2023-08-07T11:00:45.032+0000] {dag.py:2742} INFO - Sync 1 DAGs
[2023-08-07T11:00:45.049+0000] {logging_mixin.py:150} INFO - [2023-08-07T11:00:45.048+0000] {dag.py:3508} INFO - Setting next_dagrun for example_branch_dop_operator_v3 to 2023-08-07T10:59:00+00:00, run_after=2023-08-07T11:00:00+00:00
[2023-08-07T11:00:45.059+0000] {processor.py:179} INFO - Processing /home/airflow/.local/lib/python3.7/site-packages/airflow/example_dags/example_branch_python_dop_operator_3.py took 0.066 seconds
[2023-08-07T11:01:15.391+0000] {processor.py:157} INFO - Started process (PID=2086) to work on /home/airflow/.local/lib/python3.7/site-packages/airflow/example_dags/example_branch_python_dop_operator_3.py
[2023-08-07T11:01:15.393+0000] {processor.py:826} INFO - Processing file /home/airflow/.local/lib/python3.7/site-packages/airflow/example_dags/example_branch_python_dop_operator_3.py for tasks to queue
[2023-08-07T11:01:15.394+0000] {logging_mixin.py:150} INFO - [2023-08-07T11:01:15.394+0000] {dagbag.py:541} INFO - Filling up the DagBag from /home/airflow/.local/lib/python3.7/site-packages/airflow/example_dags/example_branch_python_dop_operator_3.py
[2023-08-07T11:01:15.404+0000] {processor.py:836} INFO - DAG(s) dict_keys(['example_branch_dop_operator_v3']) retrieved from /home/airflow/.local/lib/python3.7/site-packages/airflow/example_dags/example_branch_python_dop_operator_3.py
[2023-08-07T11:01:15.425+0000] {logging_mixin.py:150} INFO - [2023-08-07T11:01:15.425+0000] {dag.py:2742} INFO - Sync 1 DAGs
[2023-08-07T11:01:15.442+0000] {logging_mixin.py:150} INFO - [2023-08-07T11:01:15.441+0000] {dag.py:3508} INFO - Setting next_dagrun for example_branch_dop_operator_v3 to 2023-08-07T11:00:00+00:00, run_after=2023-08-07T11:01:00+00:00
[2023-08-07T11:01:15.451+0000] {processor.py:179} INFO - Processing /home/airflow/.local/lib/python3.7/site-packages/airflow/example_dags/example_branch_python_dop_operator_3.py took 0.065 seconds
[2023-08-07T11:01:45.737+0000] {processor.py:157} INFO - Started process (PID=2144) to work on /home/airflow/.local/lib/python3.7/site-packages/airflow/example_dags/example_branch_python_dop_operator_3.py
[2023-08-07T11:01:45.739+0000] {processor.py:826} INFO - Processing file /home/airflow/.local/lib/python3.7/site-packages/airflow/example_dags/example_branch_python_dop_operator_3.py for tasks to queue
[2023-08-07T11:01:45.742+0000] {logging_mixin.py:150} INFO - [2023-08-07T11:01:45.741+0000] {dagbag.py:541} INFO - Filling up the DagBag from /home/airflow/.local/lib/python3.7/site-packages/airflow/example_dags/example_branch_python_dop_operator_3.py
[2023-08-07T11:01:45.751+0000] {processor.py:836} INFO - DAG(s) dict_keys(['example_branch_dop_operator_v3']) retrieved from /home/airflow/.local/lib/python3.7/site-packages/airflow/example_dags/example_branch_python_dop_operator_3.py
[2023-08-07T11:01:45.774+0000] {logging_mixin.py:150} INFO - [2023-08-07T11:01:45.774+0000] {dag.py:2742} INFO - Sync 1 DAGs
[2023-08-07T11:01:45.790+0000] {logging_mixin.py:150} INFO - [2023-08-07T11:01:45.790+0000] {dag.py:3508} INFO - Setting next_dagrun for example_branch_dop_operator_v3 to 2023-08-07T11:00:00+00:00, run_after=2023-08-07T11:01:00+00:00
[2023-08-07T11:01:45.800+0000] {processor.py:179} INFO - Processing /home/airflow/.local/lib/python3.7/site-packages/airflow/example_dags/example_branch_python_dop_operator_3.py took 0.068 seconds
[2023-08-07T11:02:15.975+0000] {processor.py:157} INFO - Started process (PID=2202) to work on /home/airflow/.local/lib/python3.7/site-packages/airflow/example_dags/example_branch_python_dop_operator_3.py
[2023-08-07T11:02:15.976+0000] {processor.py:826} INFO - Processing file /home/airflow/.local/lib/python3.7/site-packages/airflow/example_dags/example_branch_python_dop_operator_3.py for tasks to queue
[2023-08-07T11:02:15.978+0000] {logging_mixin.py:150} INFO - [2023-08-07T11:02:15.978+0000] {dagbag.py:541} INFO - Filling up the DagBag from /home/airflow/.local/lib/python3.7/site-packages/airflow/example_dags/example_branch_python_dop_operator_3.py
[2023-08-07T11:02:15.987+0000] {processor.py:836} INFO - DAG(s) dict_keys(['example_branch_dop_operator_v3']) retrieved from /home/airflow/.local/lib/python3.7/site-packages/airflow/example_dags/example_branch_python_dop_operator_3.py
[2023-08-07T11:02:16.008+0000] {logging_mixin.py:150} INFO - [2023-08-07T11:02:16.007+0000] {dag.py:2742} INFO - Sync 1 DAGs
[2023-08-07T11:02:16.024+0000] {logging_mixin.py:150} INFO - [2023-08-07T11:02:16.024+0000] {dag.py:3508} INFO - Setting next_dagrun for example_branch_dop_operator_v3 to 2023-08-07T11:01:00+00:00, run_after=2023-08-07T11:02:00+00:00
[2023-08-07T11:02:16.033+0000] {processor.py:179} INFO - Processing /home/airflow/.local/lib/python3.7/site-packages/airflow/example_dags/example_branch_python_dop_operator_3.py took 0.064 seconds
[2023-08-07T11:02:46.269+0000] {processor.py:157} INFO - Started process (PID=2260) to work on /home/airflow/.local/lib/python3.7/site-packages/airflow/example_dags/example_branch_python_dop_operator_3.py
[2023-08-07T11:02:46.270+0000] {processor.py:826} INFO - Processing file /home/airflow/.local/lib/python3.7/site-packages/airflow/example_dags/example_branch_python_dop_operator_3.py for tasks to queue
[2023-08-07T11:02:46.272+0000] {logging_mixin.py:150} INFO - [2023-08-07T11:02:46.272+0000] {dagbag.py:541} INFO - Filling up the DagBag from /home/airflow/.local/lib/python3.7/site-packages/airflow/example_dags/example_branch_python_dop_operator_3.py
[2023-08-07T11:02:46.281+0000] {processor.py:836} INFO - DAG(s) dict_keys(['example_branch_dop_operator_v3']) retrieved from /home/airflow/.local/lib/python3.7/site-packages/airflow/example_dags/example_branch_python_dop_operator_3.py
[2023-08-07T11:02:46.303+0000] {logging_mixin.py:150} INFO - [2023-08-07T11:02:46.302+0000] {dag.py:2742} INFO - Sync 1 DAGs
[2023-08-07T11:02:46.319+0000] {logging_mixin.py:150} INFO - [2023-08-07T11:02:46.319+0000] {dag.py:3508} INFO - Setting next_dagrun for example_branch_dop_operator_v3 to 2023-08-07T11:01:00+00:00, run_after=2023-08-07T11:02:00+00:00
[2023-08-07T11:02:46.328+0000] {processor.py:179} INFO - Processing /home/airflow/.local/lib/python3.7/site-packages/airflow/example_dags/example_branch_python_dop_operator_3.py took 0.065 seconds
[2023-08-07T11:03:16.542+0000] {processor.py:157} INFO - Started process (PID=2319) to work on /home/airflow/.local/lib/python3.7/site-packages/airflow/example_dags/example_branch_python_dop_operator_3.py
[2023-08-07T11:03:16.544+0000] {processor.py:826} INFO - Processing file /home/airflow/.local/lib/python3.7/site-packages/airflow/example_dags/example_branch_python_dop_operator_3.py for tasks to queue
[2023-08-07T11:03:16.546+0000] {logging_mixin.py:150} INFO - [2023-08-07T11:03:16.545+0000] {dagbag.py:541} INFO - Filling up the DagBag from /home/airflow/.local/lib/python3.7/site-packages/airflow/example_dags/example_branch_python_dop_operator_3.py
[2023-08-07T11:03:16.554+0000] {processor.py:836} INFO - DAG(s) dict_keys(['example_branch_dop_operator_v3']) retrieved from /home/airflow/.local/lib/python3.7/site-packages/airflow/example_dags/example_branch_python_dop_operator_3.py
[2023-08-07T11:03:16.574+0000] {logging_mixin.py:150} INFO - [2023-08-07T11:03:16.574+0000] {dag.py:2742} INFO - Sync 1 DAGs
[2023-08-07T11:03:16.591+0000] {logging_mixin.py:150} INFO - [2023-08-07T11:03:16.591+0000] {dag.py:3508} INFO - Setting next_dagrun for example_branch_dop_operator_v3 to 2023-08-07T11:02:00+00:00, run_after=2023-08-07T11:03:00+00:00
[2023-08-07T11:03:16.600+0000] {processor.py:179} INFO - Processing /home/airflow/.local/lib/python3.7/site-packages/airflow/example_dags/example_branch_python_dop_operator_3.py took 0.063 seconds
[2023-08-07T11:03:46.827+0000] {processor.py:157} INFO - Started process (PID=2377) to work on /home/airflow/.local/lib/python3.7/site-packages/airflow/example_dags/example_branch_python_dop_operator_3.py
[2023-08-07T11:03:46.828+0000] {processor.py:826} INFO - Processing file /home/airflow/.local/lib/python3.7/site-packages/airflow/example_dags/example_branch_python_dop_operator_3.py for tasks to queue
[2023-08-07T11:03:46.830+0000] {logging_mixin.py:150} INFO - [2023-08-07T11:03:46.829+0000] {dagbag.py:541} INFO - Filling up the DagBag from /home/airflow/.local/lib/python3.7/site-packages/airflow/example_dags/example_branch_python_dop_operator_3.py
[2023-08-07T11:03:46.837+0000] {processor.py:836} INFO - DAG(s) dict_keys(['example_branch_dop_operator_v3']) retrieved from /home/airflow/.local/lib/python3.7/site-packages/airflow/example_dags/example_branch_python_dop_operator_3.py
[2023-08-07T11:03:46.857+0000] {logging_mixin.py:150} INFO - [2023-08-07T11:03:46.857+0000] {dag.py:2742} INFO - Sync 1 DAGs
[2023-08-07T11:03:46.873+0000] {logging_mixin.py:150} INFO - [2023-08-07T11:03:46.873+0000] {dag.py:3508} INFO - Setting next_dagrun for example_branch_dop_operator_v3 to 2023-08-07T11:02:00+00:00, run_after=2023-08-07T11:03:00+00:00
[2023-08-07T11:03:46.882+0000] {processor.py:179} INFO - Processing /home/airflow/.local/lib/python3.7/site-packages/airflow/example_dags/example_branch_python_dop_operator_3.py took 0.059 seconds
[2023-08-07T11:04:17.137+0000] {processor.py:157} INFO - Started process (PID=2435) to work on /home/airflow/.local/lib/python3.7/site-packages/airflow/example_dags/example_branch_python_dop_operator_3.py
[2023-08-07T11:04:17.138+0000] {processor.py:826} INFO - Processing file /home/airflow/.local/lib/python3.7/site-packages/airflow/example_dags/example_branch_python_dop_operator_3.py for tasks to queue
[2023-08-07T11:04:17.139+0000] {logging_mixin.py:150} INFO - [2023-08-07T11:04:17.139+0000] {dagbag.py:541} INFO - Filling up the DagBag from /home/airflow/.local/lib/python3.7/site-packages/airflow/example_dags/example_branch_python_dop_operator_3.py
[2023-08-07T11:04:17.144+0000] {processor.py:836} INFO - DAG(s) dict_keys(['example_branch_dop_operator_v3']) retrieved from /home/airflow/.local/lib/python3.7/site-packages/airflow/example_dags/example_branch_python_dop_operator_3.py
[2023-08-07T11:04:17.161+0000] {logging_mixin.py:150} INFO - [2023-08-07T11:04:17.161+0000] {dag.py:2742} INFO - Sync 1 DAGs
[2023-08-07T11:04:17.176+0000] {logging_mixin.py:150} INFO - [2023-08-07T11:04:17.176+0000] {dag.py:3508} INFO - Setting next_dagrun for example_branch_dop_operator_v3 to 2023-08-07T11:03:00+00:00, run_after=2023-08-07T11:04:00+00:00
[2023-08-07T11:04:17.189+0000] {processor.py:179} INFO - Processing /home/airflow/.local/lib/python3.7/site-packages/airflow/example_dags/example_branch_python_dop_operator_3.py took 0.054 seconds
[2023-08-07T11:04:47.570+0000] {processor.py:157} INFO - Started process (PID=2493) to work on /home/airflow/.local/lib/python3.7/site-packages/airflow/example_dags/example_branch_python_dop_operator_3.py
[2023-08-07T11:04:47.571+0000] {processor.py:826} INFO - Processing file /home/airflow/.local/lib/python3.7/site-packages/airflow/example_dags/example_branch_python_dop_operator_3.py for tasks to queue
[2023-08-07T11:04:47.572+0000] {logging_mixin.py:150} INFO - [2023-08-07T11:04:47.571+0000] {dagbag.py:541} INFO - Filling up the DagBag from /home/airflow/.local/lib/python3.7/site-packages/airflow/example_dags/example_branch_python_dop_operator_3.py
[2023-08-07T11:04:47.578+0000] {processor.py:836} INFO - DAG(s) dict_keys(['example_branch_dop_operator_v3']) retrieved from /home/airflow/.local/lib/python3.7/site-packages/airflow/example_dags/example_branch_python_dop_operator_3.py
[2023-08-07T11:04:47.596+0000] {logging_mixin.py:150} INFO - [2023-08-07T11:04:47.596+0000] {dag.py:2742} INFO - Sync 1 DAGs
[2023-08-07T11:04:47.613+0000] {logging_mixin.py:150} INFO - [2023-08-07T11:04:47.613+0000] {dag.py:3508} INFO - Setting next_dagrun for example_branch_dop_operator_v3 to 2023-08-07T11:03:00+00:00, run_after=2023-08-07T11:04:00+00:00
[2023-08-07T11:04:47.624+0000] {processor.py:179} INFO - Processing /home/airflow/.local/lib/python3.7/site-packages/airflow/example_dags/example_branch_python_dop_operator_3.py took 0.058 seconds
[2023-08-07T11:05:17.946+0000] {processor.py:157} INFO - Started process (PID=2551) to work on /home/airflow/.local/lib/python3.7/site-packages/airflow/example_dags/example_branch_python_dop_operator_3.py
[2023-08-07T11:05:17.947+0000] {processor.py:826} INFO - Processing file /home/airflow/.local/lib/python3.7/site-packages/airflow/example_dags/example_branch_python_dop_operator_3.py for tasks to queue
[2023-08-07T11:05:17.948+0000] {logging_mixin.py:150} INFO - [2023-08-07T11:05:17.948+0000] {dagbag.py:541} INFO - Filling up the DagBag from /home/airflow/.local/lib/python3.7/site-packages/airflow/example_dags/example_branch_python_dop_operator_3.py
[2023-08-07T11:05:17.953+0000] {processor.py:836} INFO - DAG(s) dict_keys(['example_branch_dop_operator_v3']) retrieved from /home/airflow/.local/lib/python3.7/site-packages/airflow/example_dags/example_branch_python_dop_operator_3.py
[2023-08-07T11:05:17.972+0000] {logging_mixin.py:150} INFO - [2023-08-07T11:05:17.972+0000] {dag.py:2742} INFO - Sync 1 DAGs
[2023-08-07T11:05:17.989+0000] {logging_mixin.py:150} INFO - [2023-08-07T11:05:17.989+0000] {dag.py:3508} INFO - Setting next_dagrun for example_branch_dop_operator_v3 to 2023-08-07T11:04:00+00:00, run_after=2023-08-07T11:05:00+00:00
[2023-08-07T11:05:17.998+0000] {processor.py:179} INFO - Processing /home/airflow/.local/lib/python3.7/site-packages/airflow/example_dags/example_branch_python_dop_operator_3.py took 0.055 seconds
[2023-08-07T11:05:48.123+0000] {processor.py:157} INFO - Started process (PID=2608) to work on /home/airflow/.local/lib/python3.7/site-packages/airflow/example_dags/example_branch_python_dop_operator_3.py
[2023-08-07T11:05:48.124+0000] {processor.py:826} INFO - Processing file /home/airflow/.local/lib/python3.7/site-packages/airflow/example_dags/example_branch_python_dop_operator_3.py for tasks to queue
[2023-08-07T11:05:48.124+0000] {logging_mixin.py:150} INFO - [2023-08-07T11:05:48.124+0000] {dagbag.py:541} INFO - Filling up the DagBag from /home/airflow/.local/lib/python3.7/site-packages/airflow/example_dags/example_branch_python_dop_operator_3.py
[2023-08-07T11:05:48.130+0000] {processor.py:836} INFO - DAG(s) dict_keys(['example_branch_dop_operator_v3']) retrieved from /home/airflow/.local/lib/python3.7/site-packages/airflow/example_dags/example_branch_python_dop_operator_3.py
[2023-08-07T11:05:48.148+0000] {logging_mixin.py:150} INFO - [2023-08-07T11:05:48.148+0000] {dag.py:2742} INFO - Sync 1 DAGs
[2023-08-07T11:05:48.164+0000] {logging_mixin.py:150} INFO - [2023-08-07T11:05:48.164+0000] {dag.py:3508} INFO - Setting next_dagrun for example_branch_dop_operator_v3 to 2023-08-07T11:04:00+00:00, run_after=2023-08-07T11:05:00+00:00
[2023-08-07T11:05:48.174+0000] {processor.py:179} INFO - Processing /home/airflow/.local/lib/python3.7/site-packages/airflow/example_dags/example_branch_python_dop_operator_3.py took 0.054 seconds
[2023-08-07T11:06:18.609+0000] {processor.py:157} INFO - Started process (PID=2668) to work on /home/airflow/.local/lib/python3.7/site-packages/airflow/example_dags/example_branch_python_dop_operator_3.py
[2023-08-07T11:06:18.610+0000] {processor.py:826} INFO - Processing file /home/airflow/.local/lib/python3.7/site-packages/airflow/example_dags/example_branch_python_dop_operator_3.py for tasks to queue
[2023-08-07T11:06:18.611+0000] {logging_mixin.py:150} INFO - [2023-08-07T11:06:18.610+0000] {dagbag.py:541} INFO - Filling up the DagBag from /home/airflow/.local/lib/python3.7/site-packages/airflow/example_dags/example_branch_python_dop_operator_3.py
[2023-08-07T11:06:18.616+0000] {processor.py:836} INFO - DAG(s) dict_keys(['example_branch_dop_operator_v3']) retrieved from /home/airflow/.local/lib/python3.7/site-packages/airflow/example_dags/example_branch_python_dop_operator_3.py
[2023-08-07T11:06:18.635+0000] {logging_mixin.py:150} INFO - [2023-08-07T11:06:18.635+0000] {dag.py:2742} INFO - Sync 1 DAGs
[2023-08-07T11:06:18.652+0000] {logging_mixin.py:150} INFO - [2023-08-07T11:06:18.651+0000] {dag.py:3508} INFO - Setting next_dagrun for example_branch_dop_operator_v3 to 2023-08-07T11:05:00+00:00, run_after=2023-08-07T11:06:00+00:00
[2023-08-07T11:06:18.662+0000] {processor.py:179} INFO - Processing /home/airflow/.local/lib/python3.7/site-packages/airflow/example_dags/example_branch_python_dop_operator_3.py took 0.056 seconds
[2023-08-07T11:06:48.939+0000] {processor.py:157} INFO - Started process (PID=2726) to work on /home/airflow/.local/lib/python3.7/site-packages/airflow/example_dags/example_branch_python_dop_operator_3.py
[2023-08-07T11:06:48.940+0000] {processor.py:826} INFO - Processing file /home/airflow/.local/lib/python3.7/site-packages/airflow/example_dags/example_branch_python_dop_operator_3.py for tasks to queue
[2023-08-07T11:06:48.941+0000] {logging_mixin.py:150} INFO - [2023-08-07T11:06:48.941+0000] {dagbag.py:541} INFO - Filling up the DagBag from /home/airflow/.local/lib/python3.7/site-packages/airflow/example_dags/example_branch_python_dop_operator_3.py
[2023-08-07T11:06:48.947+0000] {processor.py:836} INFO - DAG(s) dict_keys(['example_branch_dop_operator_v3']) retrieved from /home/airflow/.local/lib/python3.7/site-packages/airflow/example_dags/example_branch_python_dop_operator_3.py
[2023-08-07T11:06:48.965+0000] {logging_mixin.py:150} INFO - [2023-08-07T11:06:48.965+0000] {dag.py:2742} INFO - Sync 1 DAGs
[2023-08-07T11:06:48.982+0000] {logging_mixin.py:150} INFO - [2023-08-07T11:06:48.982+0000] {dag.py:3508} INFO - Setting next_dagrun for example_branch_dop_operator_v3 to 2023-08-07T11:05:00+00:00, run_after=2023-08-07T11:06:00+00:00
[2023-08-07T11:06:48.992+0000] {processor.py:179} INFO - Processing /home/airflow/.local/lib/python3.7/site-packages/airflow/example_dags/example_branch_python_dop_operator_3.py took 0.055 seconds
[2023-08-07T11:07:19.079+0000] {processor.py:157} INFO - Started process (PID=2783) to work on /home/airflow/.local/lib/python3.7/site-packages/airflow/example_dags/example_branch_python_dop_operator_3.py
[2023-08-07T11:07:19.080+0000] {processor.py:826} INFO - Processing file /home/airflow/.local/lib/python3.7/site-packages/airflow/example_dags/example_branch_python_dop_operator_3.py for tasks to queue
[2023-08-07T11:07:19.081+0000] {logging_mixin.py:150} INFO - [2023-08-07T11:07:19.080+0000] {dagbag.py:541} INFO - Filling up the DagBag from /home/airflow/.local/lib/python3.7/site-packages/airflow/example_dags/example_branch_python_dop_operator_3.py
[2023-08-07T11:07:19.086+0000] {processor.py:836} INFO - DAG(s) dict_keys(['example_branch_dop_operator_v3']) retrieved from /home/airflow/.local/lib/python3.7/site-packages/airflow/example_dags/example_branch_python_dop_operator_3.py
[2023-08-07T11:07:19.103+0000] {logging_mixin.py:150} INFO - [2023-08-07T11:07:19.103+0000] {dag.py:2742} INFO - Sync 1 DAGs
[2023-08-07T11:07:19.118+0000] {logging_mixin.py:150} INFO - [2023-08-07T11:07:19.118+0000] {dag.py:3508} INFO - Setting next_dagrun for example_branch_dop_operator_v3 to 2023-08-07T11:06:00+00:00, run_after=2023-08-07T11:07:00+00:00
[2023-08-07T11:07:19.128+0000] {processor.py:179} INFO - Processing /home/airflow/.local/lib/python3.7/site-packages/airflow/example_dags/example_branch_python_dop_operator_3.py took 0.052 seconds
[2023-08-07T11:07:49.310+0000] {processor.py:157} INFO - Started process (PID=2841) to work on /home/airflow/.local/lib/python3.7/site-packages/airflow/example_dags/example_branch_python_dop_operator_3.py
[2023-08-07T11:07:49.312+0000] {processor.py:826} INFO - Processing file /home/airflow/.local/lib/python3.7/site-packages/airflow/example_dags/example_branch_python_dop_operator_3.py for tasks to queue
[2023-08-07T11:07:49.313+0000] {logging_mixin.py:150} INFO - [2023-08-07T11:07:49.312+0000] {dagbag.py:541} INFO - Filling up the DagBag from /home/airflow/.local/lib/python3.7/site-packages/airflow/example_dags/example_branch_python_dop_operator_3.py
[2023-08-07T11:07:49.323+0000] {processor.py:836} INFO - DAG(s) dict_keys(['example_branch_dop_operator_v3']) retrieved from /home/airflow/.local/lib/python3.7/site-packages/airflow/example_dags/example_branch_python_dop_operator_3.py
[2023-08-07T11:07:49.344+0000] {logging_mixin.py:150} INFO - [2023-08-07T11:07:49.344+0000] {dag.py:2742} INFO - Sync 1 DAGs
[2023-08-07T11:07:49.360+0000] {logging_mixin.py:150} INFO - [2023-08-07T11:07:49.360+0000] {dag.py:3508} INFO - Setting next_dagrun for example_branch_dop_operator_v3 to 2023-08-07T11:06:00+00:00, run_after=2023-08-07T11:07:00+00:00
[2023-08-07T11:07:49.369+0000] {processor.py:179} INFO - Processing /home/airflow/.local/lib/python3.7/site-packages/airflow/example_dags/example_branch_python_dop_operator_3.py took 0.064 seconds
[2023-08-07T11:08:19.819+0000] {processor.py:157} INFO - Started process (PID=2900) to work on /home/airflow/.local/lib/python3.7/site-packages/airflow/example_dags/example_branch_python_dop_operator_3.py
[2023-08-07T11:08:19.820+0000] {processor.py:826} INFO - Processing file /home/airflow/.local/lib/python3.7/site-packages/airflow/example_dags/example_branch_python_dop_operator_3.py for tasks to queue
[2023-08-07T11:08:19.821+0000] {logging_mixin.py:150} INFO - [2023-08-07T11:08:19.821+0000] {dagbag.py:541} INFO - Filling up the DagBag from /home/airflow/.local/lib/python3.7/site-packages/airflow/example_dags/example_branch_python_dop_operator_3.py
[2023-08-07T11:08:19.826+0000] {processor.py:836} INFO - DAG(s) dict_keys(['example_branch_dop_operator_v3']) retrieved from /home/airflow/.local/lib/python3.7/site-packages/airflow/example_dags/example_branch_python_dop_operator_3.py
[2023-08-07T11:08:19.845+0000] {logging_mixin.py:150} INFO - [2023-08-07T11:08:19.844+0000] {dag.py:2742} INFO - Sync 1 DAGs
[2023-08-07T11:08:19.861+0000] {logging_mixin.py:150} INFO - [2023-08-07T11:08:19.861+0000] {dag.py:3508} INFO - Setting next_dagrun for example_branch_dop_operator_v3 to 2023-08-07T11:07:00+00:00, run_after=2023-08-07T11:08:00+00:00
[2023-08-07T11:08:19.871+0000] {processor.py:179} INFO - Processing /home/airflow/.local/lib/python3.7/site-packages/airflow/example_dags/example_branch_python_dop_operator_3.py took 0.055 seconds
[2023-08-07T11:10:07.820+0000] {processor.py:157} INFO - Started process (PID=2952) to work on /home/airflow/.local/lib/python3.7/site-packages/airflow/example_dags/example_branch_python_dop_operator_3.py
[2023-08-07T11:10:07.821+0000] {processor.py:826} INFO - Processing file /home/airflow/.local/lib/python3.7/site-packages/airflow/example_dags/example_branch_python_dop_operator_3.py for tasks to queue
[2023-08-07T11:10:07.822+0000] {logging_mixin.py:150} INFO - [2023-08-07T11:10:07.821+0000] {dagbag.py:541} INFO - Filling up the DagBag from /home/airflow/.local/lib/python3.7/site-packages/airflow/example_dags/example_branch_python_dop_operator_3.py
[2023-08-07T11:10:07.828+0000] {processor.py:836} INFO - DAG(s) dict_keys(['example_branch_dop_operator_v3']) retrieved from /home/airflow/.local/lib/python3.7/site-packages/airflow/example_dags/example_branch_python_dop_operator_3.py
[2023-08-07T11:10:07.845+0000] {logging_mixin.py:150} INFO - [2023-08-07T11:10:07.845+0000] {dag.py:2742} INFO - Sync 1 DAGs
[2023-08-07T11:10:07.861+0000] {logging_mixin.py:150} INFO - [2023-08-07T11:10:07.861+0000] {dag.py:3508} INFO - Setting next_dagrun for example_branch_dop_operator_v3 to 2023-08-07T11:09:00+00:00, run_after=2023-08-07T11:10:00+00:00
[2023-08-07T11:10:07.871+0000] {processor.py:179} INFO - Processing /home/airflow/.local/lib/python3.7/site-packages/airflow/example_dags/example_branch_python_dop_operator_3.py took 0.054 seconds
[2023-08-07T11:10:38.022+0000] {processor.py:157} INFO - Started process (PID=3010) to work on /home/airflow/.local/lib/python3.7/site-packages/airflow/example_dags/example_branch_python_dop_operator_3.py
[2023-08-07T11:10:38.023+0000] {processor.py:826} INFO - Processing file /home/airflow/.local/lib/python3.7/site-packages/airflow/example_dags/example_branch_python_dop_operator_3.py for tasks to queue
[2023-08-07T11:10:38.024+0000] {logging_mixin.py:150} INFO - [2023-08-07T11:10:38.024+0000] {dagbag.py:541} INFO - Filling up the DagBag from /home/airflow/.local/lib/python3.7/site-packages/airflow/example_dags/example_branch_python_dop_operator_3.py
[2023-08-07T11:10:38.029+0000] {processor.py:836} INFO - DAG(s) dict_keys(['example_branch_dop_operator_v3']) retrieved from /home/airflow/.local/lib/python3.7/site-packages/airflow/example_dags/example_branch_python_dop_operator_3.py
[2023-08-07T11:10:38.047+0000] {logging_mixin.py:150} INFO - [2023-08-07T11:10:38.047+0000] {dag.py:2742} INFO - Sync 1 DAGs
[2023-08-07T11:10:38.063+0000] {logging_mixin.py:150} INFO - [2023-08-07T11:10:38.063+0000] {dag.py:3508} INFO - Setting next_dagrun for example_branch_dop_operator_v3 to 2023-08-07T11:09:00+00:00, run_after=2023-08-07T11:10:00+00:00
[2023-08-07T11:10:38.072+0000] {processor.py:179} INFO - Processing /home/airflow/.local/lib/python3.7/site-packages/airflow/example_dags/example_branch_python_dop_operator_3.py took 0.052 seconds
[2023-08-07T11:26:04.302+0000] {processor.py:157} INFO - Started process (PID=3068) to work on /home/airflow/.local/lib/python3.7/site-packages/airflow/example_dags/example_branch_python_dop_operator_3.py
[2023-08-07T11:26:04.303+0000] {processor.py:826} INFO - Processing file /home/airflow/.local/lib/python3.7/site-packages/airflow/example_dags/example_branch_python_dop_operator_3.py for tasks to queue
[2023-08-07T11:26:04.304+0000] {logging_mixin.py:150} INFO - [2023-08-07T11:26:04.304+0000] {dagbag.py:541} INFO - Filling up the DagBag from /home/airflow/.local/lib/python3.7/site-packages/airflow/example_dags/example_branch_python_dop_operator_3.py
[2023-08-07T11:26:04.310+0000] {processor.py:836} INFO - DAG(s) dict_keys(['example_branch_dop_operator_v3']) retrieved from /home/airflow/.local/lib/python3.7/site-packages/airflow/example_dags/example_branch_python_dop_operator_3.py
[2023-08-07T11:26:04.327+0000] {logging_mixin.py:150} INFO - [2023-08-07T11:26:04.327+0000] {dag.py:2742} INFO - Sync 1 DAGs
[2023-08-07T11:26:04.344+0000] {logging_mixin.py:150} INFO - [2023-08-07T11:26:04.344+0000] {dag.py:3508} INFO - Setting next_dagrun for example_branch_dop_operator_v3 to 2023-08-07T11:25:00+00:00, run_after=2023-08-07T11:26:00+00:00
[2023-08-07T11:26:04.353+0000] {processor.py:179} INFO - Processing /home/airflow/.local/lib/python3.7/site-packages/airflow/example_dags/example_branch_python_dop_operator_3.py took 0.054 seconds
[2023-08-07T12:49:02.437+0000] {processor.py:157} INFO - Started process (PID=3126) to work on /home/airflow/.local/lib/python3.7/site-packages/airflow/example_dags/example_branch_python_dop_operator_3.py
[2023-08-07T12:49:02.439+0000] {processor.py:826} INFO - Processing file /home/airflow/.local/lib/python3.7/site-packages/airflow/example_dags/example_branch_python_dop_operator_3.py for tasks to queue
[2023-08-07T12:49:02.440+0000] {logging_mixin.py:150} INFO - [2023-08-07T12:49:02.440+0000] {dagbag.py:541} INFO - Filling up the DagBag from /home/airflow/.local/lib/python3.7/site-packages/airflow/example_dags/example_branch_python_dop_operator_3.py
[2023-08-07T12:49:02.447+0000] {processor.py:836} INFO - DAG(s) dict_keys(['example_branch_dop_operator_v3']) retrieved from /home/airflow/.local/lib/python3.7/site-packages/airflow/example_dags/example_branch_python_dop_operator_3.py
[2023-08-07T12:49:02.465+0000] {logging_mixin.py:150} INFO - [2023-08-07T12:49:02.464+0000] {dag.py:2742} INFO - Sync 1 DAGs
[2023-08-07T12:49:02.483+0000] {logging_mixin.py:150} INFO - [2023-08-07T12:49:02.483+0000] {dag.py:3508} INFO - Setting next_dagrun for example_branch_dop_operator_v3 to 2023-08-07T12:48:00+00:00, run_after=2023-08-07T12:49:00+00:00
[2023-08-07T12:49:02.492+0000] {processor.py:179} INFO - Processing /home/airflow/.local/lib/python3.7/site-packages/airflow/example_dags/example_branch_python_dop_operator_3.py took 0.058 seconds
[2023-08-07T13:44:04.087+0000] {processor.py:157} INFO - Started process (PID=3184) to work on /home/airflow/.local/lib/python3.7/site-packages/airflow/example_dags/example_branch_python_dop_operator_3.py
[2023-08-07T13:44:04.088+0000] {processor.py:826} INFO - Processing file /home/airflow/.local/lib/python3.7/site-packages/airflow/example_dags/example_branch_python_dop_operator_3.py for tasks to queue
[2023-08-07T13:44:04.089+0000] {logging_mixin.py:150} INFO - [2023-08-07T13:44:04.089+0000] {dagbag.py:541} INFO - Filling up the DagBag from /home/airflow/.local/lib/python3.7/site-packages/airflow/example_dags/example_branch_python_dop_operator_3.py
[2023-08-07T13:44:04.095+0000] {processor.py:836} INFO - DAG(s) dict_keys(['example_branch_dop_operator_v3']) retrieved from /home/airflow/.local/lib/python3.7/site-packages/airflow/example_dags/example_branch_python_dop_operator_3.py
[2023-08-07T13:44:04.113+0000] {logging_mixin.py:150} INFO - [2023-08-07T13:44:04.113+0000] {dag.py:2742} INFO - Sync 1 DAGs
[2023-08-07T13:44:04.129+0000] {logging_mixin.py:150} INFO - [2023-08-07T13:44:04.129+0000] {dag.py:3508} INFO - Setting next_dagrun for example_branch_dop_operator_v3 to 2023-08-07T13:43:00+00:00, run_after=2023-08-07T13:44:00+00:00
[2023-08-07T13:44:04.138+0000] {processor.py:179} INFO - Processing /home/airflow/.local/lib/python3.7/site-packages/airflow/example_dags/example_branch_python_dop_operator_3.py took 0.054 seconds
[2023-08-07T14:43:29.855+0000] {processor.py:157} INFO - Started process (PID=3242) to work on /home/airflow/.local/lib/python3.7/site-packages/airflow/example_dags/example_branch_python_dop_operator_3.py
[2023-08-07T14:43:29.856+0000] {processor.py:826} INFO - Processing file /home/airflow/.local/lib/python3.7/site-packages/airflow/example_dags/example_branch_python_dop_operator_3.py for tasks to queue
[2023-08-07T14:43:29.857+0000] {logging_mixin.py:150} INFO - [2023-08-07T14:43:29.856+0000] {dagbag.py:541} INFO - Filling up the DagBag from /home/airflow/.local/lib/python3.7/site-packages/airflow/example_dags/example_branch_python_dop_operator_3.py
[2023-08-07T14:43:29.863+0000] {processor.py:836} INFO - DAG(s) dict_keys(['example_branch_dop_operator_v3']) retrieved from /home/airflow/.local/lib/python3.7/site-packages/airflow/example_dags/example_branch_python_dop_operator_3.py
[2023-08-07T14:43:29.880+0000] {logging_mixin.py:150} INFO - [2023-08-07T14:43:29.880+0000] {dag.py:2742} INFO - Sync 1 DAGs
[2023-08-07T14:43:29.897+0000] {logging_mixin.py:150} INFO - [2023-08-07T14:43:29.896+0000] {dag.py:3508} INFO - Setting next_dagrun for example_branch_dop_operator_v3 to 2023-08-07T14:42:00+00:00, run_after=2023-08-07T14:43:00+00:00
[2023-08-07T14:43:29.906+0000] {processor.py:179} INFO - Processing /home/airflow/.local/lib/python3.7/site-packages/airflow/example_dags/example_branch_python_dop_operator_3.py took 0.054 seconds
[2023-08-07T15:52:32.505+0000] {processor.py:157} INFO - Started process (PID=3300) to work on /home/airflow/.local/lib/python3.7/site-packages/airflow/example_dags/example_branch_python_dop_operator_3.py
[2023-08-07T15:52:32.507+0000] {processor.py:826} INFO - Processing file /home/airflow/.local/lib/python3.7/site-packages/airflow/example_dags/example_branch_python_dop_operator_3.py for tasks to queue
[2023-08-07T15:52:32.507+0000] {logging_mixin.py:150} INFO - [2023-08-07T15:52:32.507+0000] {dagbag.py:541} INFO - Filling up the DagBag from /home/airflow/.local/lib/python3.7/site-packages/airflow/example_dags/example_branch_python_dop_operator_3.py
[2023-08-07T15:52:32.514+0000] {processor.py:836} INFO - DAG(s) dict_keys(['example_branch_dop_operator_v3']) retrieved from /home/airflow/.local/lib/python3.7/site-packages/airflow/example_dags/example_branch_python_dop_operator_3.py
[2023-08-07T15:52:32.531+0000] {logging_mixin.py:150} INFO - [2023-08-07T15:52:32.531+0000] {dag.py:2742} INFO - Sync 1 DAGs
[2023-08-07T15:52:32.548+0000] {logging_mixin.py:150} INFO - [2023-08-07T15:52:32.548+0000] {dag.py:3508} INFO - Setting next_dagrun for example_branch_dop_operator_v3 to 2023-08-07T15:51:00+00:00, run_after=2023-08-07T15:52:00+00:00
[2023-08-07T15:52:32.558+0000] {processor.py:179} INFO - Processing /home/airflow/.local/lib/python3.7/site-packages/airflow/example_dags/example_branch_python_dop_operator_3.py took 0.055 seconds
[2023-08-07T17:14:44.119+0000] {processor.py:157} INFO - Started process (PID=3358) to work on /home/airflow/.local/lib/python3.7/site-packages/airflow/example_dags/example_branch_python_dop_operator_3.py
[2023-08-07T17:14:44.120+0000] {processor.py:826} INFO - Processing file /home/airflow/.local/lib/python3.7/site-packages/airflow/example_dags/example_branch_python_dop_operator_3.py for tasks to queue
[2023-08-07T17:14:44.121+0000] {logging_mixin.py:150} INFO - [2023-08-07T17:14:44.121+0000] {dagbag.py:541} INFO - Filling up the DagBag from /home/airflow/.local/lib/python3.7/site-packages/airflow/example_dags/example_branch_python_dop_operator_3.py
[2023-08-07T17:14:44.127+0000] {processor.py:836} INFO - DAG(s) dict_keys(['example_branch_dop_operator_v3']) retrieved from /home/airflow/.local/lib/python3.7/site-packages/airflow/example_dags/example_branch_python_dop_operator_3.py
[2023-08-07T17:14:44.145+0000] {logging_mixin.py:150} INFO - [2023-08-07T17:14:44.145+0000] {dag.py:2742} INFO - Sync 1 DAGs
[2023-08-07T17:14:44.161+0000] {logging_mixin.py:150} INFO - [2023-08-07T17:14:44.161+0000] {dag.py:3508} INFO - Setting next_dagrun for example_branch_dop_operator_v3 to 2023-08-07T17:13:00+00:00, run_after=2023-08-07T17:14:00+00:00
[2023-08-07T17:14:44.171+0000] {processor.py:179} INFO - Processing /home/airflow/.local/lib/python3.7/site-packages/airflow/example_dags/example_branch_python_dop_operator_3.py took 0.054 seconds
[2023-08-07T18:12:51.485+0000] {processor.py:157} INFO - Started process (PID=3416) to work on /home/airflow/.local/lib/python3.7/site-packages/airflow/example_dags/example_branch_python_dop_operator_3.py
[2023-08-07T18:12:51.486+0000] {processor.py:826} INFO - Processing file /home/airflow/.local/lib/python3.7/site-packages/airflow/example_dags/example_branch_python_dop_operator_3.py for tasks to queue
[2023-08-07T18:12:51.487+0000] {logging_mixin.py:150} INFO - [2023-08-07T18:12:51.486+0000] {dagbag.py:541} INFO - Filling up the DagBag from /home/airflow/.local/lib/python3.7/site-packages/airflow/example_dags/example_branch_python_dop_operator_3.py
[2023-08-07T18:12:51.493+0000] {processor.py:836} INFO - DAG(s) dict_keys(['example_branch_dop_operator_v3']) retrieved from /home/airflow/.local/lib/python3.7/site-packages/airflow/example_dags/example_branch_python_dop_operator_3.py
[2023-08-07T18:12:51.512+0000] {logging_mixin.py:150} INFO - [2023-08-07T18:12:51.511+0000] {dag.py:2742} INFO - Sync 1 DAGs
[2023-08-07T18:12:51.528+0000] {logging_mixin.py:150} INFO - [2023-08-07T18:12:51.528+0000] {dag.py:3508} INFO - Setting next_dagrun for example_branch_dop_operator_v3 to 2023-08-07T18:11:00+00:00, run_after=2023-08-07T18:12:00+00:00
[2023-08-07T18:12:51.538+0000] {processor.py:179} INFO - Processing /home/airflow/.local/lib/python3.7/site-packages/airflow/example_dags/example_branch_python_dop_operator_3.py took 0.055 seconds
[2023-08-07T19:18:07.272+0000] {processor.py:157} INFO - Started process (PID=3474) to work on /home/airflow/.local/lib/python3.7/site-packages/airflow/example_dags/example_branch_python_dop_operator_3.py
[2023-08-07T19:18:07.273+0000] {processor.py:826} INFO - Processing file /home/airflow/.local/lib/python3.7/site-packages/airflow/example_dags/example_branch_python_dop_operator_3.py for tasks to queue
[2023-08-07T19:18:07.274+0000] {logging_mixin.py:150} INFO - [2023-08-07T19:18:07.274+0000] {dagbag.py:541} INFO - Filling up the DagBag from /home/airflow/.local/lib/python3.7/site-packages/airflow/example_dags/example_branch_python_dop_operator_3.py
[2023-08-07T19:18:07.280+0000] {processor.py:836} INFO - DAG(s) dict_keys(['example_branch_dop_operator_v3']) retrieved from /home/airflow/.local/lib/python3.7/site-packages/airflow/example_dags/example_branch_python_dop_operator_3.py
[2023-08-07T19:18:07.299+0000] {logging_mixin.py:150} INFO - [2023-08-07T19:18:07.299+0000] {dag.py:2742} INFO - Sync 1 DAGs
[2023-08-07T19:18:07.315+0000] {logging_mixin.py:150} INFO - [2023-08-07T19:18:07.315+0000] {dag.py:3508} INFO - Setting next_dagrun for example_branch_dop_operator_v3 to 2023-08-07T19:17:00+00:00, run_after=2023-08-07T19:18:00+00:00
[2023-08-07T19:18:07.325+0000] {processor.py:179} INFO - Processing /home/airflow/.local/lib/python3.7/site-packages/airflow/example_dags/example_branch_python_dop_operator_3.py took 0.056 seconds
[2023-08-07T20:39:16.852+0000] {processor.py:157} INFO - Started process (PID=3532) to work on /home/airflow/.local/lib/python3.7/site-packages/airflow/example_dags/example_branch_python_dop_operator_3.py
[2023-08-07T20:39:16.853+0000] {processor.py:826} INFO - Processing file /home/airflow/.local/lib/python3.7/site-packages/airflow/example_dags/example_branch_python_dop_operator_3.py for tasks to queue
[2023-08-07T20:39:16.854+0000] {logging_mixin.py:150} INFO - [2023-08-07T20:39:16.854+0000] {dagbag.py:541} INFO - Filling up the DagBag from /home/airflow/.local/lib/python3.7/site-packages/airflow/example_dags/example_branch_python_dop_operator_3.py
[2023-08-07T20:39:16.860+0000] {processor.py:836} INFO - DAG(s) dict_keys(['example_branch_dop_operator_v3']) retrieved from /home/airflow/.local/lib/python3.7/site-packages/airflow/example_dags/example_branch_python_dop_operator_3.py
[2023-08-07T20:39:16.877+0000] {logging_mixin.py:150} INFO - [2023-08-07T20:39:16.877+0000] {dag.py:2742} INFO - Sync 1 DAGs
[2023-08-07T20:39:16.895+0000] {logging_mixin.py:150} INFO - [2023-08-07T20:39:16.895+0000] {dag.py:3508} INFO - Setting next_dagrun for example_branch_dop_operator_v3 to 2023-08-07T20:38:00+00:00, run_after=2023-08-07T20:39:00+00:00
[2023-08-07T20:39:16.906+0000] {processor.py:179} INFO - Processing /home/airflow/.local/lib/python3.7/site-packages/airflow/example_dags/example_branch_python_dop_operator_3.py took 0.057 seconds
[2023-08-07T21:49:02.998+0000] {processor.py:157} INFO - Started process (PID=3590) to work on /home/airflow/.local/lib/python3.7/site-packages/airflow/example_dags/example_branch_python_dop_operator_3.py
[2023-08-07T21:49:02.999+0000] {processor.py:826} INFO - Processing file /home/airflow/.local/lib/python3.7/site-packages/airflow/example_dags/example_branch_python_dop_operator_3.py for tasks to queue
[2023-08-07T21:49:03.000+0000] {logging_mixin.py:150} INFO - [2023-08-07T21:49:03.000+0000] {dagbag.py:541} INFO - Filling up the DagBag from /home/airflow/.local/lib/python3.7/site-packages/airflow/example_dags/example_branch_python_dop_operator_3.py
[2023-08-07T21:49:03.006+0000] {processor.py:836} INFO - DAG(s) dict_keys(['example_branch_dop_operator_v3']) retrieved from /home/airflow/.local/lib/python3.7/site-packages/airflow/example_dags/example_branch_python_dop_operator_3.py
[2023-08-07T21:49:03.023+0000] {logging_mixin.py:150} INFO - [2023-08-07T21:49:03.023+0000] {dag.py:2742} INFO - Sync 1 DAGs
[2023-08-07T21:49:03.040+0000] {logging_mixin.py:150} INFO - [2023-08-07T21:49:03.040+0000] {dag.py:3508} INFO - Setting next_dagrun for example_branch_dop_operator_v3 to 2023-08-07T21:48:00+00:00, run_after=2023-08-07T21:49:00+00:00
[2023-08-07T21:49:03.050+0000] {processor.py:179} INFO - Processing /home/airflow/.local/lib/python3.7/site-packages/airflow/example_dags/example_branch_python_dop_operator_3.py took 0.055 seconds
[2023-08-07T22:56:32.608+0000] {processor.py:157} INFO - Started process (PID=3648) to work on /home/airflow/.local/lib/python3.7/site-packages/airflow/example_dags/example_branch_python_dop_operator_3.py
[2023-08-07T22:56:32.609+0000] {processor.py:826} INFO - Processing file /home/airflow/.local/lib/python3.7/site-packages/airflow/example_dags/example_branch_python_dop_operator_3.py for tasks to queue
[2023-08-07T22:56:32.610+0000] {logging_mixin.py:150} INFO - [2023-08-07T22:56:32.609+0000] {dagbag.py:541} INFO - Filling up the DagBag from /home/airflow/.local/lib/python3.7/site-packages/airflow/example_dags/example_branch_python_dop_operator_3.py
[2023-08-07T22:56:32.616+0000] {processor.py:836} INFO - DAG(s) dict_keys(['example_branch_dop_operator_v3']) retrieved from /home/airflow/.local/lib/python3.7/site-packages/airflow/example_dags/example_branch_python_dop_operator_3.py
[2023-08-07T22:56:32.633+0000] {logging_mixin.py:150} INFO - [2023-08-07T22:56:32.633+0000] {dag.py:2742} INFO - Sync 1 DAGs
[2023-08-07T22:56:32.649+0000] {logging_mixin.py:150} INFO - [2023-08-07T22:56:32.649+0000] {dag.py:3508} INFO - Setting next_dagrun for example_branch_dop_operator_v3 to 2023-08-07T22:55:00+00:00, run_after=2023-08-07T22:56:00+00:00
[2023-08-07T22:56:32.659+0000] {processor.py:179} INFO - Processing /home/airflow/.local/lib/python3.7/site-packages/airflow/example_dags/example_branch_python_dop_operator_3.py took 0.053 seconds
[2023-08-07T23:21:10.781+0000] {processor.py:157} INFO - Started process (PID=3706) to work on /home/airflow/.local/lib/python3.7/site-packages/airflow/example_dags/example_branch_python_dop_operator_3.py
[2023-08-07T23:21:10.782+0000] {processor.py:826} INFO - Processing file /home/airflow/.local/lib/python3.7/site-packages/airflow/example_dags/example_branch_python_dop_operator_3.py for tasks to queue
[2023-08-07T23:21:10.783+0000] {logging_mixin.py:150} INFO - [2023-08-07T23:21:10.783+0000] {dagbag.py:541} INFO - Filling up the DagBag from /home/airflow/.local/lib/python3.7/site-packages/airflow/example_dags/example_branch_python_dop_operator_3.py
[2023-08-07T23:21:10.789+0000] {processor.py:836} INFO - DAG(s) dict_keys(['example_branch_dop_operator_v3']) retrieved from /home/airflow/.local/lib/python3.7/site-packages/airflow/example_dags/example_branch_python_dop_operator_3.py
[2023-08-07T23:21:10.806+0000] {logging_mixin.py:150} INFO - [2023-08-07T23:21:10.806+0000] {dag.py:2742} INFO - Sync 1 DAGs
[2023-08-07T23:21:10.822+0000] {logging_mixin.py:150} INFO - [2023-08-07T23:21:10.822+0000] {dag.py:3508} INFO - Setting next_dagrun for example_branch_dop_operator_v3 to 2023-08-07T23:20:00+00:00, run_after=2023-08-07T23:21:00+00:00
[2023-08-07T23:21:10.832+0000] {processor.py:179} INFO - Processing /home/airflow/.local/lib/python3.7/site-packages/airflow/example_dags/example_branch_python_dop_operator_3.py took 0.053 seconds
[2023-08-07T23:36:59.945+0000] {processor.py:157} INFO - Started process (PID=3764) to work on /home/airflow/.local/lib/python3.7/site-packages/airflow/example_dags/example_branch_python_dop_operator_3.py
[2023-08-07T23:36:59.946+0000] {processor.py:826} INFO - Processing file /home/airflow/.local/lib/python3.7/site-packages/airflow/example_dags/example_branch_python_dop_operator_3.py for tasks to queue
[2023-08-07T23:36:59.947+0000] {logging_mixin.py:150} INFO - [2023-08-07T23:36:59.946+0000] {dagbag.py:541} INFO - Filling up the DagBag from /home/airflow/.local/lib/python3.7/site-packages/airflow/example_dags/example_branch_python_dop_operator_3.py
[2023-08-07T23:36:59.952+0000] {processor.py:836} INFO - DAG(s) dict_keys(['example_branch_dop_operator_v3']) retrieved from /home/airflow/.local/lib/python3.7/site-packages/airflow/example_dags/example_branch_python_dop_operator_3.py
[2023-08-07T23:36:59.970+0000] {logging_mixin.py:150} INFO - [2023-08-07T23:36:59.970+0000] {dag.py:2742} INFO - Sync 1 DAGs
[2023-08-07T23:36:59.986+0000] {logging_mixin.py:150} INFO - [2023-08-07T23:36:59.986+0000] {dag.py:3508} INFO - Setting next_dagrun for example_branch_dop_operator_v3 to 2023-08-07T23:35:00+00:00, run_after=2023-08-07T23:36:00+00:00
[2023-08-07T23:36:59.995+0000] {processor.py:179} INFO - Processing /home/airflow/.local/lib/python3.7/site-packages/airflow/example_dags/example_branch_python_dop_operator_3.py took 0.053 seconds
