[2023-08-07T10:43:34.138+0000] {processor.py:157} INFO - Started process (PID=59) to work on /home/airflow/.local/lib/python3.7/site-packages/airflow/example_dags/example_params_trigger_ui.py
[2023-08-07T10:43:34.140+0000] {processor.py:826} INFO - Processing file /home/airflow/.local/lib/python3.7/site-packages/airflow/example_dags/example_params_trigger_ui.py for tasks to queue
[2023-08-07T10:43:34.141+0000] {logging_mixin.py:150} INFO - [2023-08-07T10:43:34.140+0000] {dagbag.py:541} INFO - Filling up the DagBag from /home/airflow/.local/lib/python3.7/site-packages/airflow/example_dags/example_params_trigger_ui.py
[2023-08-07T10:43:34.161+0000] {processor.py:836} INFO - DAG(s) dict_keys(['example_params_trigger_ui']) retrieved from /home/airflow/.local/lib/python3.7/site-packages/airflow/example_dags/example_params_trigger_ui.py
[2023-08-07T10:43:34.249+0000] {logging_mixin.py:150} INFO - [2023-08-07T10:43:34.249+0000] {manager.py:504} INFO - Created Permission View: can edit on DAG:example_params_trigger_ui
[2023-08-07T10:43:34.255+0000] {logging_mixin.py:150} INFO - [2023-08-07T10:43:34.255+0000] {manager.py:504} INFO - Created Permission View: can delete on DAG:example_params_trigger_ui
[2023-08-07T10:43:34.259+0000] {logging_mixin.py:150} INFO - [2023-08-07T10:43:34.259+0000] {manager.py:504} INFO - Created Permission View: can read on DAG:example_params_trigger_ui
[2023-08-07T10:43:34.267+0000] {logging_mixin.py:150} INFO - [2023-08-07T10:43:34.267+0000] {dag.py:2742} INFO - Sync 1 DAGs
[2023-08-07T10:43:34.274+0000] {logging_mixin.py:150} INFO - [2023-08-07T10:43:34.274+0000] {dag.py:2763} INFO - Creating ORM DAG for example_params_trigger_ui
[2023-08-07T10:43:34.281+0000] {logging_mixin.py:150} INFO - [2023-08-07T10:43:34.281+0000] {dag.py:3508} INFO - Setting next_dagrun for example_params_trigger_ui to None, run_after=None
[2023-08-07T10:43:34.291+0000] {processor.py:179} INFO - Processing /home/airflow/.local/lib/python3.7/site-packages/airflow/example_dags/example_params_trigger_ui.py took 0.156 seconds
[2023-08-07T10:44:04.925+0000] {processor.py:157} INFO - Started process (PID=117) to work on /home/airflow/.local/lib/python3.7/site-packages/airflow/example_dags/example_params_trigger_ui.py
[2023-08-07T10:44:04.926+0000] {processor.py:826} INFO - Processing file /home/airflow/.local/lib/python3.7/site-packages/airflow/example_dags/example_params_trigger_ui.py for tasks to queue
[2023-08-07T10:44:04.927+0000] {logging_mixin.py:150} INFO - [2023-08-07T10:44:04.927+0000] {dagbag.py:541} INFO - Filling up the DagBag from /home/airflow/.local/lib/python3.7/site-packages/airflow/example_dags/example_params_trigger_ui.py
[2023-08-07T10:44:04.940+0000] {processor.py:836} INFO - DAG(s) dict_keys(['example_params_trigger_ui']) retrieved from /home/airflow/.local/lib/python3.7/site-packages/airflow/example_dags/example_params_trigger_ui.py
[2023-08-07T10:44:04.982+0000] {logging_mixin.py:150} INFO - [2023-08-07T10:44:04.982+0000] {dag.py:2742} INFO - Sync 1 DAGs
[2023-08-07T10:44:04.996+0000] {logging_mixin.py:150} INFO - [2023-08-07T10:44:04.996+0000] {dag.py:3508} INFO - Setting next_dagrun for example_params_trigger_ui to None, run_after=None
[2023-08-07T10:44:05.006+0000] {processor.py:179} INFO - Processing /home/airflow/.local/lib/python3.7/site-packages/airflow/example_dags/example_params_trigger_ui.py took 0.082 seconds
[2023-08-07T10:44:35.310+0000] {processor.py:157} INFO - Started process (PID=175) to work on /home/airflow/.local/lib/python3.7/site-packages/airflow/example_dags/example_params_trigger_ui.py
[2023-08-07T10:44:35.311+0000] {processor.py:826} INFO - Processing file /home/airflow/.local/lib/python3.7/site-packages/airflow/example_dags/example_params_trigger_ui.py for tasks to queue
[2023-08-07T10:44:35.312+0000] {logging_mixin.py:150} INFO - [2023-08-07T10:44:35.312+0000] {dagbag.py:541} INFO - Filling up the DagBag from /home/airflow/.local/lib/python3.7/site-packages/airflow/example_dags/example_params_trigger_ui.py
[2023-08-07T10:44:35.325+0000] {processor.py:836} INFO - DAG(s) dict_keys(['example_params_trigger_ui']) retrieved from /home/airflow/.local/lib/python3.7/site-packages/airflow/example_dags/example_params_trigger_ui.py
[2023-08-07T10:44:35.369+0000] {logging_mixin.py:150} INFO - [2023-08-07T10:44:35.369+0000] {dag.py:2742} INFO - Sync 1 DAGs
[2023-08-07T10:44:35.386+0000] {logging_mixin.py:150} INFO - [2023-08-07T10:44:35.386+0000] {dag.py:3508} INFO - Setting next_dagrun for example_params_trigger_ui to None, run_after=None
[2023-08-07T10:44:35.396+0000] {processor.py:179} INFO - Processing /home/airflow/.local/lib/python3.7/site-packages/airflow/example_dags/example_params_trigger_ui.py took 0.088 seconds
[2023-08-07T10:45:05.683+0000] {processor.py:157} INFO - Started process (PID=233) to work on /home/airflow/.local/lib/python3.7/site-packages/airflow/example_dags/example_params_trigger_ui.py
[2023-08-07T10:45:05.684+0000] {processor.py:826} INFO - Processing file /home/airflow/.local/lib/python3.7/site-packages/airflow/example_dags/example_params_trigger_ui.py for tasks to queue
[2023-08-07T10:45:05.685+0000] {logging_mixin.py:150} INFO - [2023-08-07T10:45:05.685+0000] {dagbag.py:541} INFO - Filling up the DagBag from /home/airflow/.local/lib/python3.7/site-packages/airflow/example_dags/example_params_trigger_ui.py
[2023-08-07T10:45:05.698+0000] {processor.py:836} INFO - DAG(s) dict_keys(['example_params_trigger_ui']) retrieved from /home/airflow/.local/lib/python3.7/site-packages/airflow/example_dags/example_params_trigger_ui.py
[2023-08-07T10:45:05.740+0000] {logging_mixin.py:150} INFO - [2023-08-07T10:45:05.740+0000] {dag.py:2742} INFO - Sync 1 DAGs
[2023-08-07T10:45:05.753+0000] {logging_mixin.py:150} INFO - [2023-08-07T10:45:05.753+0000] {dag.py:3508} INFO - Setting next_dagrun for example_params_trigger_ui to None, run_after=None
[2023-08-07T10:45:05.764+0000] {processor.py:179} INFO - Processing /home/airflow/.local/lib/python3.7/site-packages/airflow/example_dags/example_params_trigger_ui.py took 0.083 seconds
[2023-08-07T10:45:35.895+0000] {processor.py:157} INFO - Started process (PID=291) to work on /home/airflow/.local/lib/python3.7/site-packages/airflow/example_dags/example_params_trigger_ui.py
[2023-08-07T10:45:35.896+0000] {processor.py:826} INFO - Processing file /home/airflow/.local/lib/python3.7/site-packages/airflow/example_dags/example_params_trigger_ui.py for tasks to queue
[2023-08-07T10:45:35.897+0000] {logging_mixin.py:150} INFO - [2023-08-07T10:45:35.897+0000] {dagbag.py:541} INFO - Filling up the DagBag from /home/airflow/.local/lib/python3.7/site-packages/airflow/example_dags/example_params_trigger_ui.py
[2023-08-07T10:45:35.910+0000] {processor.py:836} INFO - DAG(s) dict_keys(['example_params_trigger_ui']) retrieved from /home/airflow/.local/lib/python3.7/site-packages/airflow/example_dags/example_params_trigger_ui.py
[2023-08-07T10:45:35.952+0000] {logging_mixin.py:150} INFO - [2023-08-07T10:45:35.952+0000] {dag.py:2742} INFO - Sync 1 DAGs
[2023-08-07T10:45:35.966+0000] {logging_mixin.py:150} INFO - [2023-08-07T10:45:35.966+0000] {dag.py:3508} INFO - Setting next_dagrun for example_params_trigger_ui to None, run_after=None
[2023-08-07T10:45:35.976+0000] {processor.py:179} INFO - Processing /home/airflow/.local/lib/python3.7/site-packages/airflow/example_dags/example_params_trigger_ui.py took 0.084 seconds
[2023-08-07T10:46:06.013+0000] {processor.py:157} INFO - Started process (PID=349) to work on /home/airflow/.local/lib/python3.7/site-packages/airflow/example_dags/example_params_trigger_ui.py
[2023-08-07T10:46:06.014+0000] {processor.py:826} INFO - Processing file /home/airflow/.local/lib/python3.7/site-packages/airflow/example_dags/example_params_trigger_ui.py for tasks to queue
[2023-08-07T10:46:06.015+0000] {logging_mixin.py:150} INFO - [2023-08-07T10:46:06.014+0000] {dagbag.py:541} INFO - Filling up the DagBag from /home/airflow/.local/lib/python3.7/site-packages/airflow/example_dags/example_params_trigger_ui.py
[2023-08-07T10:46:06.028+0000] {processor.py:836} INFO - DAG(s) dict_keys(['example_params_trigger_ui']) retrieved from /home/airflow/.local/lib/python3.7/site-packages/airflow/example_dags/example_params_trigger_ui.py
[2023-08-07T10:46:06.070+0000] {logging_mixin.py:150} INFO - [2023-08-07T10:46:06.070+0000] {dag.py:2742} INFO - Sync 1 DAGs
[2023-08-07T10:46:06.084+0000] {logging_mixin.py:150} INFO - [2023-08-07T10:46:06.084+0000] {dag.py:3508} INFO - Setting next_dagrun for example_params_trigger_ui to None, run_after=None
[2023-08-07T10:46:06.094+0000] {processor.py:179} INFO - Processing /home/airflow/.local/lib/python3.7/site-packages/airflow/example_dags/example_params_trigger_ui.py took 0.083 seconds
[2023-08-07T10:46:36.358+0000] {processor.py:157} INFO - Started process (PID=407) to work on /home/airflow/.local/lib/python3.7/site-packages/airflow/example_dags/example_params_trigger_ui.py
[2023-08-07T10:46:36.359+0000] {processor.py:826} INFO - Processing file /home/airflow/.local/lib/python3.7/site-packages/airflow/example_dags/example_params_trigger_ui.py for tasks to queue
[2023-08-07T10:46:36.360+0000] {logging_mixin.py:150} INFO - [2023-08-07T10:46:36.360+0000] {dagbag.py:541} INFO - Filling up the DagBag from /home/airflow/.local/lib/python3.7/site-packages/airflow/example_dags/example_params_trigger_ui.py
[2023-08-07T10:46:36.372+0000] {processor.py:836} INFO - DAG(s) dict_keys(['example_params_trigger_ui']) retrieved from /home/airflow/.local/lib/python3.7/site-packages/airflow/example_dags/example_params_trigger_ui.py
[2023-08-07T10:46:36.415+0000] {logging_mixin.py:150} INFO - [2023-08-07T10:46:36.415+0000] {dag.py:2742} INFO - Sync 1 DAGs
[2023-08-07T10:46:36.429+0000] {logging_mixin.py:150} INFO - [2023-08-07T10:46:36.429+0000] {dag.py:3508} INFO - Setting next_dagrun for example_params_trigger_ui to None, run_after=None
[2023-08-07T10:46:36.439+0000] {processor.py:179} INFO - Processing /home/airflow/.local/lib/python3.7/site-packages/airflow/example_dags/example_params_trigger_ui.py took 0.083 seconds
[2023-08-07T10:47:06.653+0000] {processor.py:157} INFO - Started process (PID=465) to work on /home/airflow/.local/lib/python3.7/site-packages/airflow/example_dags/example_params_trigger_ui.py
[2023-08-07T10:47:06.654+0000] {processor.py:826} INFO - Processing file /home/airflow/.local/lib/python3.7/site-packages/airflow/example_dags/example_params_trigger_ui.py for tasks to queue
[2023-08-07T10:47:06.655+0000] {logging_mixin.py:150} INFO - [2023-08-07T10:47:06.654+0000] {dagbag.py:541} INFO - Filling up the DagBag from /home/airflow/.local/lib/python3.7/site-packages/airflow/example_dags/example_params_trigger_ui.py
[2023-08-07T10:47:06.669+0000] {processor.py:836} INFO - DAG(s) dict_keys(['example_params_trigger_ui']) retrieved from /home/airflow/.local/lib/python3.7/site-packages/airflow/example_dags/example_params_trigger_ui.py
[2023-08-07T10:47:06.711+0000] {logging_mixin.py:150} INFO - [2023-08-07T10:47:06.711+0000] {dag.py:2742} INFO - Sync 1 DAGs
[2023-08-07T10:47:06.725+0000] {logging_mixin.py:150} INFO - [2023-08-07T10:47:06.725+0000] {dag.py:3508} INFO - Setting next_dagrun for example_params_trigger_ui to None, run_after=None
[2023-08-07T10:47:06.735+0000] {processor.py:179} INFO - Processing /home/airflow/.local/lib/python3.7/site-packages/airflow/example_dags/example_params_trigger_ui.py took 0.085 seconds
[2023-08-07T10:47:37.757+0000] {processor.py:157} INFO - Started process (PID=523) to work on /home/airflow/.local/lib/python3.7/site-packages/airflow/example_dags/example_params_trigger_ui.py
[2023-08-07T10:47:37.758+0000] {processor.py:826} INFO - Processing file /home/airflow/.local/lib/python3.7/site-packages/airflow/example_dags/example_params_trigger_ui.py for tasks to queue
[2023-08-07T10:47:37.759+0000] {logging_mixin.py:150} INFO - [2023-08-07T10:47:37.759+0000] {dagbag.py:541} INFO - Filling up the DagBag from /home/airflow/.local/lib/python3.7/site-packages/airflow/example_dags/example_params_trigger_ui.py
[2023-08-07T10:47:37.771+0000] {processor.py:836} INFO - DAG(s) dict_keys(['example_params_trigger_ui']) retrieved from /home/airflow/.local/lib/python3.7/site-packages/airflow/example_dags/example_params_trigger_ui.py
[2023-08-07T10:47:37.814+0000] {logging_mixin.py:150} INFO - [2023-08-07T10:47:37.813+0000] {dag.py:2742} INFO - Sync 1 DAGs
[2023-08-07T10:47:37.828+0000] {logging_mixin.py:150} INFO - [2023-08-07T10:47:37.828+0000] {dag.py:3508} INFO - Setting next_dagrun for example_params_trigger_ui to None, run_after=None
[2023-08-07T10:47:37.838+0000] {processor.py:179} INFO - Processing /home/airflow/.local/lib/python3.7/site-packages/airflow/example_dags/example_params_trigger_ui.py took 0.083 seconds
[2023-08-07T10:48:07.987+0000] {processor.py:157} INFO - Started process (PID=581) to work on /home/airflow/.local/lib/python3.7/site-packages/airflow/example_dags/example_params_trigger_ui.py
[2023-08-07T10:48:07.989+0000] {processor.py:826} INFO - Processing file /home/airflow/.local/lib/python3.7/site-packages/airflow/example_dags/example_params_trigger_ui.py for tasks to queue
[2023-08-07T10:48:07.989+0000] {logging_mixin.py:150} INFO - [2023-08-07T10:48:07.989+0000] {dagbag.py:541} INFO - Filling up the DagBag from /home/airflow/.local/lib/python3.7/site-packages/airflow/example_dags/example_params_trigger_ui.py
[2023-08-07T10:48:08.003+0000] {processor.py:836} INFO - DAG(s) dict_keys(['example_params_trigger_ui']) retrieved from /home/airflow/.local/lib/python3.7/site-packages/airflow/example_dags/example_params_trigger_ui.py
[2023-08-07T10:48:08.048+0000] {logging_mixin.py:150} INFO - [2023-08-07T10:48:08.048+0000] {dag.py:2742} INFO - Sync 1 DAGs
[2023-08-07T10:48:08.065+0000] {logging_mixin.py:150} INFO - [2023-08-07T10:48:08.064+0000] {dag.py:3508} INFO - Setting next_dagrun for example_params_trigger_ui to None, run_after=None
[2023-08-07T10:48:08.077+0000] {processor.py:179} INFO - Processing /home/airflow/.local/lib/python3.7/site-packages/airflow/example_dags/example_params_trigger_ui.py took 0.092 seconds
[2023-08-07T10:48:38.415+0000] {processor.py:157} INFO - Started process (PID=639) to work on /home/airflow/.local/lib/python3.7/site-packages/airflow/example_dags/example_params_trigger_ui.py
[2023-08-07T10:48:38.416+0000] {processor.py:826} INFO - Processing file /home/airflow/.local/lib/python3.7/site-packages/airflow/example_dags/example_params_trigger_ui.py for tasks to queue
[2023-08-07T10:48:38.416+0000] {logging_mixin.py:150} INFO - [2023-08-07T10:48:38.416+0000] {dagbag.py:541} INFO - Filling up the DagBag from /home/airflow/.local/lib/python3.7/site-packages/airflow/example_dags/example_params_trigger_ui.py
[2023-08-07T10:48:38.430+0000] {processor.py:836} INFO - DAG(s) dict_keys(['example_params_trigger_ui']) retrieved from /home/airflow/.local/lib/python3.7/site-packages/airflow/example_dags/example_params_trigger_ui.py
[2023-08-07T10:48:38.473+0000] {logging_mixin.py:150} INFO - [2023-08-07T10:48:38.473+0000] {dag.py:2742} INFO - Sync 1 DAGs
[2023-08-07T10:48:38.486+0000] {logging_mixin.py:150} INFO - [2023-08-07T10:48:38.486+0000] {dag.py:3508} INFO - Setting next_dagrun for example_params_trigger_ui to None, run_after=None
[2023-08-07T10:48:38.495+0000] {processor.py:179} INFO - Processing /home/airflow/.local/lib/python3.7/site-packages/airflow/example_dags/example_params_trigger_ui.py took 0.083 seconds
