[2023-08-07T10:43:28.457+0000] {processor.py:157} INFO - Started process (PID=50) to work on /home/airflow/.local/lib/python3.7/site-packages/airflow/example_dags/tutorial_dag.py
[2023-08-07T10:43:28.459+0000] {processor.py:826} INFO - Processing file /home/airflow/.local/lib/python3.7/site-packages/airflow/example_dags/tutorial_dag.py for tasks to queue
[2023-08-07T10:43:28.460+0000] {logging_mixin.py:150} INFO - [2023-08-07T10:43:28.460+0000] {dagbag.py:541} INFO - Filling up the DagBag from /home/airflow/.local/lib/python3.7/site-packages/airflow/example_dags/tutorial_dag.py
[2023-08-07T10:43:28.466+0000] {processor.py:836} INFO - DAG(s) dict_keys(['tutorial_dag']) retrieved from /home/airflow/.local/lib/python3.7/site-packages/airflow/example_dags/tutorial_dag.py
[2023-08-07T10:43:28.546+0000] {logging_mixin.py:150} INFO - [2023-08-07T10:43:28.546+0000] {manager.py:504} INFO - Created Permission View: can edit on DAG:tutorial_dag
[2023-08-07T10:43:28.557+0000] {logging_mixin.py:150} INFO - [2023-08-07T10:43:28.557+0000] {manager.py:504} INFO - Created Permission View: can delete on DAG:tutorial_dag
[2023-08-07T10:43:28.564+0000] {logging_mixin.py:150} INFO - [2023-08-07T10:43:28.564+0000] {manager.py:504} INFO - Created Permission View: can read on DAG:tutorial_dag
[2023-08-07T10:43:28.573+0000] {logging_mixin.py:150} INFO - [2023-08-07T10:43:28.573+0000] {dag.py:2742} INFO - Sync 1 DAGs
[2023-08-07T10:43:28.582+0000] {logging_mixin.py:150} INFO - [2023-08-07T10:43:28.582+0000] {dag.py:2763} INFO - Creating ORM DAG for tutorial_dag
[2023-08-07T10:43:28.589+0000] {logging_mixin.py:150} INFO - [2023-08-07T10:43:28.589+0000] {dag.py:3508} INFO - Setting next_dagrun for tutorial_dag to None, run_after=None
[2023-08-07T10:43:28.598+0000] {processor.py:179} INFO - Processing /home/airflow/.local/lib/python3.7/site-packages/airflow/example_dags/tutorial_dag.py took 0.146 seconds
[2023-08-07T10:43:59.385+0000] {processor.py:157} INFO - Started process (PID=108) to work on /home/airflow/.local/lib/python3.7/site-packages/airflow/example_dags/tutorial_dag.py
[2023-08-07T10:43:59.386+0000] {processor.py:826} INFO - Processing file /home/airflow/.local/lib/python3.7/site-packages/airflow/example_dags/tutorial_dag.py for tasks to queue
[2023-08-07T10:43:59.387+0000] {logging_mixin.py:150} INFO - [2023-08-07T10:43:59.387+0000] {dagbag.py:541} INFO - Filling up the DagBag from /home/airflow/.local/lib/python3.7/site-packages/airflow/example_dags/tutorial_dag.py
[2023-08-07T10:43:59.392+0000] {processor.py:836} INFO - DAG(s) dict_keys(['tutorial_dag']) retrieved from /home/airflow/.local/lib/python3.7/site-packages/airflow/example_dags/tutorial_dag.py
[2023-08-07T10:43:59.412+0000] {logging_mixin.py:150} INFO - [2023-08-07T10:43:59.411+0000] {dag.py:2742} INFO - Sync 1 DAGs
[2023-08-07T10:43:59.428+0000] {logging_mixin.py:150} INFO - [2023-08-07T10:43:59.428+0000] {dag.py:3508} INFO - Setting next_dagrun for tutorial_dag to None, run_after=None
[2023-08-07T10:43:59.439+0000] {processor.py:179} INFO - Processing /home/airflow/.local/lib/python3.7/site-packages/airflow/example_dags/tutorial_dag.py took 0.056 seconds
[2023-08-07T10:44:29.607+0000] {processor.py:157} INFO - Started process (PID=165) to work on /home/airflow/.local/lib/python3.7/site-packages/airflow/example_dags/tutorial_dag.py
[2023-08-07T10:44:29.608+0000] {processor.py:826} INFO - Processing file /home/airflow/.local/lib/python3.7/site-packages/airflow/example_dags/tutorial_dag.py for tasks to queue
[2023-08-07T10:44:29.609+0000] {logging_mixin.py:150} INFO - [2023-08-07T10:44:29.609+0000] {dagbag.py:541} INFO - Filling up the DagBag from /home/airflow/.local/lib/python3.7/site-packages/airflow/example_dags/tutorial_dag.py
[2023-08-07T10:44:29.613+0000] {processor.py:836} INFO - DAG(s) dict_keys(['tutorial_dag']) retrieved from /home/airflow/.local/lib/python3.7/site-packages/airflow/example_dags/tutorial_dag.py
[2023-08-07T10:44:29.633+0000] {logging_mixin.py:150} INFO - [2023-08-07T10:44:29.633+0000] {dag.py:2742} INFO - Sync 1 DAGs
[2023-08-07T10:44:29.651+0000] {logging_mixin.py:150} INFO - [2023-08-07T10:44:29.651+0000] {dag.py:3508} INFO - Setting next_dagrun for tutorial_dag to None, run_after=None
[2023-08-07T10:44:29.663+0000] {processor.py:179} INFO - Processing /home/airflow/.local/lib/python3.7/site-packages/airflow/example_dags/tutorial_dag.py took 0.058 seconds
[2023-08-07T10:45:00.175+0000] {processor.py:157} INFO - Started process (PID=224) to work on /home/airflow/.local/lib/python3.7/site-packages/airflow/example_dags/tutorial_dag.py
[2023-08-07T10:45:00.176+0000] {processor.py:826} INFO - Processing file /home/airflow/.local/lib/python3.7/site-packages/airflow/example_dags/tutorial_dag.py for tasks to queue
[2023-08-07T10:45:00.177+0000] {logging_mixin.py:150} INFO - [2023-08-07T10:45:00.177+0000] {dagbag.py:541} INFO - Filling up the DagBag from /home/airflow/.local/lib/python3.7/site-packages/airflow/example_dags/tutorial_dag.py
[2023-08-07T10:45:00.181+0000] {processor.py:836} INFO - DAG(s) dict_keys(['tutorial_dag']) retrieved from /home/airflow/.local/lib/python3.7/site-packages/airflow/example_dags/tutorial_dag.py
[2023-08-07T10:45:00.200+0000] {logging_mixin.py:150} INFO - [2023-08-07T10:45:00.200+0000] {dag.py:2742} INFO - Sync 1 DAGs
[2023-08-07T10:45:00.216+0000] {logging_mixin.py:150} INFO - [2023-08-07T10:45:00.216+0000] {dag.py:3508} INFO - Setting next_dagrun for tutorial_dag to None, run_after=None
[2023-08-07T10:45:00.227+0000] {processor.py:179} INFO - Processing /home/airflow/.local/lib/python3.7/site-packages/airflow/example_dags/tutorial_dag.py took 0.055 seconds
[2023-08-07T10:45:31.280+0000] {processor.py:157} INFO - Started process (PID=282) to work on /home/airflow/.local/lib/python3.7/site-packages/airflow/example_dags/tutorial_dag.py
[2023-08-07T10:45:31.282+0000] {processor.py:826} INFO - Processing file /home/airflow/.local/lib/python3.7/site-packages/airflow/example_dags/tutorial_dag.py for tasks to queue
[2023-08-07T10:45:31.282+0000] {logging_mixin.py:150} INFO - [2023-08-07T10:45:31.282+0000] {dagbag.py:541} INFO - Filling up the DagBag from /home/airflow/.local/lib/python3.7/site-packages/airflow/example_dags/tutorial_dag.py
[2023-08-07T10:45:31.287+0000] {processor.py:836} INFO - DAG(s) dict_keys(['tutorial_dag']) retrieved from /home/airflow/.local/lib/python3.7/site-packages/airflow/example_dags/tutorial_dag.py
[2023-08-07T10:45:31.305+0000] {logging_mixin.py:150} INFO - [2023-08-07T10:45:31.305+0000] {dag.py:2742} INFO - Sync 1 DAGs
[2023-08-07T10:45:31.320+0000] {logging_mixin.py:150} INFO - [2023-08-07T10:45:31.320+0000] {dag.py:3508} INFO - Setting next_dagrun for tutorial_dag to None, run_after=None
[2023-08-07T10:45:31.330+0000] {processor.py:179} INFO - Processing /home/airflow/.local/lib/python3.7/site-packages/airflow/example_dags/tutorial_dag.py took 0.053 seconds
[2023-08-07T10:46:01.614+0000] {processor.py:157} INFO - Started process (PID=340) to work on /home/airflow/.local/lib/python3.7/site-packages/airflow/example_dags/tutorial_dag.py
[2023-08-07T10:46:01.615+0000] {processor.py:826} INFO - Processing file /home/airflow/.local/lib/python3.7/site-packages/airflow/example_dags/tutorial_dag.py for tasks to queue
[2023-08-07T10:46:01.616+0000] {logging_mixin.py:150} INFO - [2023-08-07T10:46:01.616+0000] {dagbag.py:541} INFO - Filling up the DagBag from /home/airflow/.local/lib/python3.7/site-packages/airflow/example_dags/tutorial_dag.py
[2023-08-07T10:46:01.620+0000] {processor.py:836} INFO - DAG(s) dict_keys(['tutorial_dag']) retrieved from /home/airflow/.local/lib/python3.7/site-packages/airflow/example_dags/tutorial_dag.py
[2023-08-07T10:46:01.638+0000] {logging_mixin.py:150} INFO - [2023-08-07T10:46:01.638+0000] {dag.py:2742} INFO - Sync 1 DAGs
[2023-08-07T10:46:01.652+0000] {logging_mixin.py:150} INFO - [2023-08-07T10:46:01.652+0000] {dag.py:3508} INFO - Setting next_dagrun for tutorial_dag to None, run_after=None
[2023-08-07T10:46:01.662+0000] {processor.py:179} INFO - Processing /home/airflow/.local/lib/python3.7/site-packages/airflow/example_dags/tutorial_dag.py took 0.051 seconds
[2023-08-07T10:46:31.877+0000] {processor.py:157} INFO - Started process (PID=398) to work on /home/airflow/.local/lib/python3.7/site-packages/airflow/example_dags/tutorial_dag.py
[2023-08-07T10:46:31.879+0000] {processor.py:826} INFO - Processing file /home/airflow/.local/lib/python3.7/site-packages/airflow/example_dags/tutorial_dag.py for tasks to queue
[2023-08-07T10:46:31.880+0000] {logging_mixin.py:150} INFO - [2023-08-07T10:46:31.880+0000] {dagbag.py:541} INFO - Filling up the DagBag from /home/airflow/.local/lib/python3.7/site-packages/airflow/example_dags/tutorial_dag.py
[2023-08-07T10:46:31.884+0000] {processor.py:836} INFO - DAG(s) dict_keys(['tutorial_dag']) retrieved from /home/airflow/.local/lib/python3.7/site-packages/airflow/example_dags/tutorial_dag.py
[2023-08-07T10:46:31.904+0000] {logging_mixin.py:150} INFO - [2023-08-07T10:46:31.903+0000] {dag.py:2742} INFO - Sync 1 DAGs
[2023-08-07T10:46:31.918+0000] {logging_mixin.py:150} INFO - [2023-08-07T10:46:31.918+0000] {dag.py:3508} INFO - Setting next_dagrun for tutorial_dag to None, run_after=None
[2023-08-07T10:46:31.928+0000] {processor.py:179} INFO - Processing /home/airflow/.local/lib/python3.7/site-packages/airflow/example_dags/tutorial_dag.py took 0.053 seconds
[2023-08-07T10:47:02.006+0000] {processor.py:157} INFO - Started process (PID=455) to work on /home/airflow/.local/lib/python3.7/site-packages/airflow/example_dags/tutorial_dag.py
[2023-08-07T10:47:02.007+0000] {processor.py:826} INFO - Processing file /home/airflow/.local/lib/python3.7/site-packages/airflow/example_dags/tutorial_dag.py for tasks to queue
[2023-08-07T10:47:02.008+0000] {logging_mixin.py:150} INFO - [2023-08-07T10:47:02.008+0000] {dagbag.py:541} INFO - Filling up the DagBag from /home/airflow/.local/lib/python3.7/site-packages/airflow/example_dags/tutorial_dag.py
[2023-08-07T10:47:02.014+0000] {processor.py:836} INFO - DAG(s) dict_keys(['tutorial_dag']) retrieved from /home/airflow/.local/lib/python3.7/site-packages/airflow/example_dags/tutorial_dag.py
[2023-08-07T10:47:02.035+0000] {logging_mixin.py:150} INFO - [2023-08-07T10:47:02.035+0000] {dag.py:2742} INFO - Sync 1 DAGs
[2023-08-07T10:47:02.050+0000] {logging_mixin.py:150} INFO - [2023-08-07T10:47:02.050+0000] {dag.py:3508} INFO - Setting next_dagrun for tutorial_dag to None, run_after=None
[2023-08-07T10:47:02.062+0000] {processor.py:179} INFO - Processing /home/airflow/.local/lib/python3.7/site-packages/airflow/example_dags/tutorial_dag.py took 0.060 seconds
[2023-08-07T10:47:32.147+0000] {processor.py:157} INFO - Started process (PID=513) to work on /home/airflow/.local/lib/python3.7/site-packages/airflow/example_dags/tutorial_dag.py
[2023-08-07T10:47:32.149+0000] {processor.py:826} INFO - Processing file /home/airflow/.local/lib/python3.7/site-packages/airflow/example_dags/tutorial_dag.py for tasks to queue
[2023-08-07T10:47:32.150+0000] {logging_mixin.py:150} INFO - [2023-08-07T10:47:32.150+0000] {dagbag.py:541} INFO - Filling up the DagBag from /home/airflow/.local/lib/python3.7/site-packages/airflow/example_dags/tutorial_dag.py
[2023-08-07T10:47:32.157+0000] {processor.py:836} INFO - DAG(s) dict_keys(['tutorial_dag']) retrieved from /home/airflow/.local/lib/python3.7/site-packages/airflow/example_dags/tutorial_dag.py
[2023-08-07T10:47:32.181+0000] {logging_mixin.py:150} INFO - [2023-08-07T10:47:32.181+0000] {dag.py:2742} INFO - Sync 1 DAGs
[2023-08-07T10:47:32.196+0000] {logging_mixin.py:150} INFO - [2023-08-07T10:47:32.196+0000] {dag.py:3508} INFO - Setting next_dagrun for tutorial_dag to None, run_after=None
[2023-08-07T10:47:32.207+0000] {processor.py:179} INFO - Processing /home/airflow/.local/lib/python3.7/site-packages/airflow/example_dags/tutorial_dag.py took 0.064 seconds
[2023-08-07T10:48:02.383+0000] {processor.py:157} INFO - Started process (PID=571) to work on /home/airflow/.local/lib/python3.7/site-packages/airflow/example_dags/tutorial_dag.py
[2023-08-07T10:48:02.384+0000] {processor.py:826} INFO - Processing file /home/airflow/.local/lib/python3.7/site-packages/airflow/example_dags/tutorial_dag.py for tasks to queue
[2023-08-07T10:48:02.385+0000] {logging_mixin.py:150} INFO - [2023-08-07T10:48:02.385+0000] {dagbag.py:541} INFO - Filling up the DagBag from /home/airflow/.local/lib/python3.7/site-packages/airflow/example_dags/tutorial_dag.py
[2023-08-07T10:48:02.392+0000] {processor.py:836} INFO - DAG(s) dict_keys(['tutorial_dag']) retrieved from /home/airflow/.local/lib/python3.7/site-packages/airflow/example_dags/tutorial_dag.py
[2023-08-07T10:48:02.412+0000] {logging_mixin.py:150} INFO - [2023-08-07T10:48:02.412+0000] {dag.py:2742} INFO - Sync 1 DAGs
[2023-08-07T10:48:02.426+0000] {logging_mixin.py:150} INFO - [2023-08-07T10:48:02.426+0000] {dag.py:3508} INFO - Setting next_dagrun for tutorial_dag to None, run_after=None
[2023-08-07T10:48:02.436+0000] {processor.py:179} INFO - Processing /home/airflow/.local/lib/python3.7/site-packages/airflow/example_dags/tutorial_dag.py took 0.057 seconds
[2023-08-07T10:48:32.801+0000] {processor.py:157} INFO - Started process (PID=629) to work on /home/airflow/.local/lib/python3.7/site-packages/airflow/example_dags/tutorial_dag.py
[2023-08-07T10:48:32.803+0000] {processor.py:826} INFO - Processing file /home/airflow/.local/lib/python3.7/site-packages/airflow/example_dags/tutorial_dag.py for tasks to queue
[2023-08-07T10:48:32.804+0000] {logging_mixin.py:150} INFO - [2023-08-07T10:48:32.804+0000] {dagbag.py:541} INFO - Filling up the DagBag from /home/airflow/.local/lib/python3.7/site-packages/airflow/example_dags/tutorial_dag.py
[2023-08-07T10:48:32.810+0000] {processor.py:836} INFO - DAG(s) dict_keys(['tutorial_dag']) retrieved from /home/airflow/.local/lib/python3.7/site-packages/airflow/example_dags/tutorial_dag.py
[2023-08-07T10:48:32.830+0000] {logging_mixin.py:150} INFO - [2023-08-07T10:48:32.830+0000] {dag.py:2742} INFO - Sync 1 DAGs
[2023-08-07T10:48:32.844+0000] {logging_mixin.py:150} INFO - [2023-08-07T10:48:32.844+0000] {dag.py:3508} INFO - Setting next_dagrun for tutorial_dag to None, run_after=None
[2023-08-07T10:48:32.853+0000] {processor.py:179} INFO - Processing /home/airflow/.local/lib/python3.7/site-packages/airflow/example_dags/tutorial_dag.py took 0.058 seconds
[2023-08-07T10:49:03.044+0000] {processor.py:157} INFO - Started process (PID=688) to work on /home/airflow/.local/lib/python3.7/site-packages/airflow/example_dags/tutorial_dag.py
[2023-08-07T10:49:03.046+0000] {processor.py:826} INFO - Processing file /home/airflow/.local/lib/python3.7/site-packages/airflow/example_dags/tutorial_dag.py for tasks to queue
[2023-08-07T10:49:03.047+0000] {logging_mixin.py:150} INFO - [2023-08-07T10:49:03.047+0000] {dagbag.py:541} INFO - Filling up the DagBag from /home/airflow/.local/lib/python3.7/site-packages/airflow/example_dags/tutorial_dag.py
[2023-08-07T10:49:03.052+0000] {processor.py:836} INFO - DAG(s) dict_keys(['tutorial_dag']) retrieved from /home/airflow/.local/lib/python3.7/site-packages/airflow/example_dags/tutorial_dag.py
[2023-08-07T10:49:03.072+0000] {logging_mixin.py:150} INFO - [2023-08-07T10:49:03.072+0000] {dag.py:2742} INFO - Sync 1 DAGs
[2023-08-07T10:49:03.087+0000] {logging_mixin.py:150} INFO - [2023-08-07T10:49:03.087+0000] {dag.py:3508} INFO - Setting next_dagrun for tutorial_dag to None, run_after=None
[2023-08-07T10:49:03.096+0000] {processor.py:179} INFO - Processing /home/airflow/.local/lib/python3.7/site-packages/airflow/example_dags/tutorial_dag.py took 0.055 seconds
[2023-08-07T10:49:33.257+0000] {processor.py:157} INFO - Started process (PID=746) to work on /home/airflow/.local/lib/python3.7/site-packages/airflow/example_dags/tutorial_dag.py
[2023-08-07T10:49:33.257+0000] {processor.py:826} INFO - Processing file /home/airflow/.local/lib/python3.7/site-packages/airflow/example_dags/tutorial_dag.py for tasks to queue
[2023-08-07T10:49:33.258+0000] {logging_mixin.py:150} INFO - [2023-08-07T10:49:33.258+0000] {dagbag.py:541} INFO - Filling up the DagBag from /home/airflow/.local/lib/python3.7/site-packages/airflow/example_dags/tutorial_dag.py
[2023-08-07T10:49:33.262+0000] {processor.py:836} INFO - DAG(s) dict_keys(['tutorial_dag']) retrieved from /home/airflow/.local/lib/python3.7/site-packages/airflow/example_dags/tutorial_dag.py
[2023-08-07T10:49:33.278+0000] {logging_mixin.py:150} INFO - [2023-08-07T10:49:33.278+0000] {dag.py:2742} INFO - Sync 1 DAGs
[2023-08-07T10:49:33.293+0000] {logging_mixin.py:150} INFO - [2023-08-07T10:49:33.293+0000] {dag.py:3508} INFO - Setting next_dagrun for tutorial_dag to None, run_after=None
[2023-08-07T10:49:33.305+0000] {processor.py:179} INFO - Processing /home/airflow/.local/lib/python3.7/site-packages/airflow/example_dags/tutorial_dag.py took 0.050 seconds
[2023-08-07T10:50:03.561+0000] {processor.py:157} INFO - Started process (PID=804) to work on /home/airflow/.local/lib/python3.7/site-packages/airflow/example_dags/tutorial_dag.py
[2023-08-07T10:50:03.563+0000] {processor.py:826} INFO - Processing file /home/airflow/.local/lib/python3.7/site-packages/airflow/example_dags/tutorial_dag.py for tasks to queue
[2023-08-07T10:50:03.565+0000] {logging_mixin.py:150} INFO - [2023-08-07T10:50:03.564+0000] {dagbag.py:541} INFO - Filling up the DagBag from /home/airflow/.local/lib/python3.7/site-packages/airflow/example_dags/tutorial_dag.py
[2023-08-07T10:50:03.571+0000] {processor.py:836} INFO - DAG(s) dict_keys(['tutorial_dag']) retrieved from /home/airflow/.local/lib/python3.7/site-packages/airflow/example_dags/tutorial_dag.py
[2023-08-07T10:50:03.593+0000] {logging_mixin.py:150} INFO - [2023-08-07T10:50:03.592+0000] {dag.py:2742} INFO - Sync 1 DAGs
[2023-08-07T10:50:03.607+0000] {logging_mixin.py:150} INFO - [2023-08-07T10:50:03.607+0000] {dag.py:3508} INFO - Setting next_dagrun for tutorial_dag to None, run_after=None
[2023-08-07T10:50:03.617+0000] {processor.py:179} INFO - Processing /home/airflow/.local/lib/python3.7/site-packages/airflow/example_dags/tutorial_dag.py took 0.062 seconds
[2023-08-07T10:50:33.860+0000] {processor.py:157} INFO - Started process (PID=861) to work on /home/airflow/.local/lib/python3.7/site-packages/airflow/example_dags/tutorial_dag.py
[2023-08-07T10:50:33.861+0000] {processor.py:826} INFO - Processing file /home/airflow/.local/lib/python3.7/site-packages/airflow/example_dags/tutorial_dag.py for tasks to queue
[2023-08-07T10:50:33.863+0000] {logging_mixin.py:150} INFO - [2023-08-07T10:50:33.862+0000] {dagbag.py:541} INFO - Filling up the DagBag from /home/airflow/.local/lib/python3.7/site-packages/airflow/example_dags/tutorial_dag.py
[2023-08-07T10:50:33.870+0000] {processor.py:836} INFO - DAG(s) dict_keys(['tutorial_dag']) retrieved from /home/airflow/.local/lib/python3.7/site-packages/airflow/example_dags/tutorial_dag.py
[2023-08-07T10:50:33.892+0000] {logging_mixin.py:150} INFO - [2023-08-07T10:50:33.892+0000] {dag.py:2742} INFO - Sync 1 DAGs
[2023-08-07T10:50:33.907+0000] {logging_mixin.py:150} INFO - [2023-08-07T10:50:33.906+0000] {dag.py:3508} INFO - Setting next_dagrun for tutorial_dag to None, run_after=None
[2023-08-07T10:50:33.916+0000] {processor.py:179} INFO - Processing /home/airflow/.local/lib/python3.7/site-packages/airflow/example_dags/tutorial_dag.py took 0.061 seconds
[2023-08-07T10:51:03.976+0000] {processor.py:157} INFO - Started process (PID=919) to work on /home/airflow/.local/lib/python3.7/site-packages/airflow/example_dags/tutorial_dag.py
[2023-08-07T10:51:03.978+0000] {processor.py:826} INFO - Processing file /home/airflow/.local/lib/python3.7/site-packages/airflow/example_dags/tutorial_dag.py for tasks to queue
[2023-08-07T10:51:03.980+0000] {logging_mixin.py:150} INFO - [2023-08-07T10:51:03.980+0000] {dagbag.py:541} INFO - Filling up the DagBag from /home/airflow/.local/lib/python3.7/site-packages/airflow/example_dags/tutorial_dag.py
[2023-08-07T10:51:03.987+0000] {processor.py:836} INFO - DAG(s) dict_keys(['tutorial_dag']) retrieved from /home/airflow/.local/lib/python3.7/site-packages/airflow/example_dags/tutorial_dag.py
[2023-08-07T10:51:04.009+0000] {logging_mixin.py:150} INFO - [2023-08-07T10:51:04.009+0000] {dag.py:2742} INFO - Sync 1 DAGs
[2023-08-07T10:51:04.025+0000] {logging_mixin.py:150} INFO - [2023-08-07T10:51:04.025+0000] {dag.py:3508} INFO - Setting next_dagrun for tutorial_dag to None, run_after=None
[2023-08-07T10:51:04.035+0000] {processor.py:179} INFO - Processing /home/airflow/.local/lib/python3.7/site-packages/airflow/example_dags/tutorial_dag.py took 0.064 seconds
[2023-08-07T10:51:34.292+0000] {processor.py:157} INFO - Started process (PID=977) to work on /home/airflow/.local/lib/python3.7/site-packages/airflow/example_dags/tutorial_dag.py
[2023-08-07T10:51:34.294+0000] {processor.py:826} INFO - Processing file /home/airflow/.local/lib/python3.7/site-packages/airflow/example_dags/tutorial_dag.py for tasks to queue
[2023-08-07T10:51:34.296+0000] {logging_mixin.py:150} INFO - [2023-08-07T10:51:34.295+0000] {dagbag.py:541} INFO - Filling up the DagBag from /home/airflow/.local/lib/python3.7/site-packages/airflow/example_dags/tutorial_dag.py
[2023-08-07T10:51:34.303+0000] {processor.py:836} INFO - DAG(s) dict_keys(['tutorial_dag']) retrieved from /home/airflow/.local/lib/python3.7/site-packages/airflow/example_dags/tutorial_dag.py
[2023-08-07T10:51:34.326+0000] {logging_mixin.py:150} INFO - [2023-08-07T10:51:34.326+0000] {dag.py:2742} INFO - Sync 1 DAGs
[2023-08-07T10:51:34.342+0000] {logging_mixin.py:150} INFO - [2023-08-07T10:51:34.342+0000] {dag.py:3508} INFO - Setting next_dagrun for tutorial_dag to None, run_after=None
[2023-08-07T10:51:34.353+0000] {processor.py:179} INFO - Processing /home/airflow/.local/lib/python3.7/site-packages/airflow/example_dags/tutorial_dag.py took 0.066 seconds
[2023-08-07T10:52:04.547+0000] {processor.py:157} INFO - Started process (PID=1035) to work on /home/airflow/.local/lib/python3.7/site-packages/airflow/example_dags/tutorial_dag.py
[2023-08-07T10:52:04.548+0000] {processor.py:826} INFO - Processing file /home/airflow/.local/lib/python3.7/site-packages/airflow/example_dags/tutorial_dag.py for tasks to queue
[2023-08-07T10:52:04.550+0000] {logging_mixin.py:150} INFO - [2023-08-07T10:52:04.550+0000] {dagbag.py:541} INFO - Filling up the DagBag from /home/airflow/.local/lib/python3.7/site-packages/airflow/example_dags/tutorial_dag.py
[2023-08-07T10:52:04.557+0000] {processor.py:836} INFO - DAG(s) dict_keys(['tutorial_dag']) retrieved from /home/airflow/.local/lib/python3.7/site-packages/airflow/example_dags/tutorial_dag.py
[2023-08-07T10:52:04.579+0000] {logging_mixin.py:150} INFO - [2023-08-07T10:52:04.578+0000] {dag.py:2742} INFO - Sync 1 DAGs
[2023-08-07T10:52:04.593+0000] {logging_mixin.py:150} INFO - [2023-08-07T10:52:04.593+0000] {dag.py:3508} INFO - Setting next_dagrun for tutorial_dag to None, run_after=None
[2023-08-07T10:52:04.603+0000] {processor.py:179} INFO - Processing /home/airflow/.local/lib/python3.7/site-packages/airflow/example_dags/tutorial_dag.py took 0.062 seconds
[2023-08-07T10:52:34.909+0000] {processor.py:157} INFO - Started process (PID=1093) to work on /home/airflow/.local/lib/python3.7/site-packages/airflow/example_dags/tutorial_dag.py
[2023-08-07T10:52:34.910+0000] {processor.py:826} INFO - Processing file /home/airflow/.local/lib/python3.7/site-packages/airflow/example_dags/tutorial_dag.py for tasks to queue
[2023-08-07T10:52:34.912+0000] {logging_mixin.py:150} INFO - [2023-08-07T10:52:34.911+0000] {dagbag.py:541} INFO - Filling up the DagBag from /home/airflow/.local/lib/python3.7/site-packages/airflow/example_dags/tutorial_dag.py
[2023-08-07T10:52:34.918+0000] {processor.py:836} INFO - DAG(s) dict_keys(['tutorial_dag']) retrieved from /home/airflow/.local/lib/python3.7/site-packages/airflow/example_dags/tutorial_dag.py
[2023-08-07T10:52:34.940+0000] {logging_mixin.py:150} INFO - [2023-08-07T10:52:34.940+0000] {dag.py:2742} INFO - Sync 1 DAGs
[2023-08-07T10:52:34.955+0000] {logging_mixin.py:150} INFO - [2023-08-07T10:52:34.955+0000] {dag.py:3508} INFO - Setting next_dagrun for tutorial_dag to None, run_after=None
[2023-08-07T10:52:34.965+0000] {processor.py:179} INFO - Processing /home/airflow/.local/lib/python3.7/site-packages/airflow/example_dags/tutorial_dag.py took 0.061 seconds
[2023-08-07T10:53:05.118+0000] {processor.py:157} INFO - Started process (PID=1151) to work on /home/airflow/.local/lib/python3.7/site-packages/airflow/example_dags/tutorial_dag.py
[2023-08-07T10:53:05.119+0000] {processor.py:826} INFO - Processing file /home/airflow/.local/lib/python3.7/site-packages/airflow/example_dags/tutorial_dag.py for tasks to queue
[2023-08-07T10:53:05.120+0000] {logging_mixin.py:150} INFO - [2023-08-07T10:53:05.120+0000] {dagbag.py:541} INFO - Filling up the DagBag from /home/airflow/.local/lib/python3.7/site-packages/airflow/example_dags/tutorial_dag.py
[2023-08-07T10:53:05.126+0000] {processor.py:836} INFO - DAG(s) dict_keys(['tutorial_dag']) retrieved from /home/airflow/.local/lib/python3.7/site-packages/airflow/example_dags/tutorial_dag.py
[2023-08-07T10:53:05.148+0000] {logging_mixin.py:150} INFO - [2023-08-07T10:53:05.147+0000] {dag.py:2742} INFO - Sync 1 DAGs
[2023-08-07T10:53:05.163+0000] {logging_mixin.py:150} INFO - [2023-08-07T10:53:05.163+0000] {dag.py:3508} INFO - Setting next_dagrun for tutorial_dag to None, run_after=None
[2023-08-07T10:53:05.173+0000] {processor.py:179} INFO - Processing /home/airflow/.local/lib/python3.7/site-packages/airflow/example_dags/tutorial_dag.py took 0.059 seconds
[2023-08-07T10:53:35.390+0000] {processor.py:157} INFO - Started process (PID=1209) to work on /home/airflow/.local/lib/python3.7/site-packages/airflow/example_dags/tutorial_dag.py
[2023-08-07T10:53:35.392+0000] {processor.py:826} INFO - Processing file /home/airflow/.local/lib/python3.7/site-packages/airflow/example_dags/tutorial_dag.py for tasks to queue
[2023-08-07T10:53:35.393+0000] {logging_mixin.py:150} INFO - [2023-08-07T10:53:35.393+0000] {dagbag.py:541} INFO - Filling up the DagBag from /home/airflow/.local/lib/python3.7/site-packages/airflow/example_dags/tutorial_dag.py
[2023-08-07T10:53:35.400+0000] {processor.py:836} INFO - DAG(s) dict_keys(['tutorial_dag']) retrieved from /home/airflow/.local/lib/python3.7/site-packages/airflow/example_dags/tutorial_dag.py
[2023-08-07T10:53:35.421+0000] {logging_mixin.py:150} INFO - [2023-08-07T10:53:35.421+0000] {dag.py:2742} INFO - Sync 1 DAGs
[2023-08-07T10:53:35.435+0000] {logging_mixin.py:150} INFO - [2023-08-07T10:53:35.435+0000] {dag.py:3508} INFO - Setting next_dagrun for tutorial_dag to None, run_after=None
[2023-08-07T10:53:35.446+0000] {processor.py:179} INFO - Processing /home/airflow/.local/lib/python3.7/site-packages/airflow/example_dags/tutorial_dag.py took 0.061 seconds
[2023-08-07T10:54:05.662+0000] {processor.py:157} INFO - Started process (PID=1267) to work on /home/airflow/.local/lib/python3.7/site-packages/airflow/example_dags/tutorial_dag.py
[2023-08-07T10:54:05.663+0000] {processor.py:826} INFO - Processing file /home/airflow/.local/lib/python3.7/site-packages/airflow/example_dags/tutorial_dag.py for tasks to queue
[2023-08-07T10:54:05.665+0000] {logging_mixin.py:150} INFO - [2023-08-07T10:54:05.664+0000] {dagbag.py:541} INFO - Filling up the DagBag from /home/airflow/.local/lib/python3.7/site-packages/airflow/example_dags/tutorial_dag.py
[2023-08-07T10:54:05.670+0000] {processor.py:836} INFO - DAG(s) dict_keys(['tutorial_dag']) retrieved from /home/airflow/.local/lib/python3.7/site-packages/airflow/example_dags/tutorial_dag.py
[2023-08-07T10:54:05.693+0000] {logging_mixin.py:150} INFO - [2023-08-07T10:54:05.692+0000] {dag.py:2742} INFO - Sync 1 DAGs
[2023-08-07T10:54:05.707+0000] {logging_mixin.py:150} INFO - [2023-08-07T10:54:05.707+0000] {dag.py:3508} INFO - Setting next_dagrun for tutorial_dag to None, run_after=None
[2023-08-07T10:54:05.717+0000] {processor.py:179} INFO - Processing /home/airflow/.local/lib/python3.7/site-packages/airflow/example_dags/tutorial_dag.py took 0.060 seconds
[2023-08-07T10:54:35.859+0000] {processor.py:157} INFO - Started process (PID=1325) to work on /home/airflow/.local/lib/python3.7/site-packages/airflow/example_dags/tutorial_dag.py
[2023-08-07T10:54:35.861+0000] {processor.py:826} INFO - Processing file /home/airflow/.local/lib/python3.7/site-packages/airflow/example_dags/tutorial_dag.py for tasks to queue
[2023-08-07T10:54:35.862+0000] {logging_mixin.py:150} INFO - [2023-08-07T10:54:35.862+0000] {dagbag.py:541} INFO - Filling up the DagBag from /home/airflow/.local/lib/python3.7/site-packages/airflow/example_dags/tutorial_dag.py
[2023-08-07T10:54:35.869+0000] {processor.py:836} INFO - DAG(s) dict_keys(['tutorial_dag']) retrieved from /home/airflow/.local/lib/python3.7/site-packages/airflow/example_dags/tutorial_dag.py
[2023-08-07T10:54:35.890+0000] {logging_mixin.py:150} INFO - [2023-08-07T10:54:35.890+0000] {dag.py:2742} INFO - Sync 1 DAGs
[2023-08-07T10:54:35.905+0000] {logging_mixin.py:150} INFO - [2023-08-07T10:54:35.904+0000] {dag.py:3508} INFO - Setting next_dagrun for tutorial_dag to None, run_after=None
[2023-08-07T10:54:35.914+0000] {processor.py:179} INFO - Processing /home/airflow/.local/lib/python3.7/site-packages/airflow/example_dags/tutorial_dag.py took 0.061 seconds
[2023-08-07T10:55:06.189+0000] {processor.py:157} INFO - Started process (PID=1383) to work on /home/airflow/.local/lib/python3.7/site-packages/airflow/example_dags/tutorial_dag.py
[2023-08-07T10:55:06.190+0000] {processor.py:826} INFO - Processing file /home/airflow/.local/lib/python3.7/site-packages/airflow/example_dags/tutorial_dag.py for tasks to queue
[2023-08-07T10:55:06.191+0000] {logging_mixin.py:150} INFO - [2023-08-07T10:55:06.191+0000] {dagbag.py:541} INFO - Filling up the DagBag from /home/airflow/.local/lib/python3.7/site-packages/airflow/example_dags/tutorial_dag.py
[2023-08-07T10:55:06.196+0000] {processor.py:836} INFO - DAG(s) dict_keys(['tutorial_dag']) retrieved from /home/airflow/.local/lib/python3.7/site-packages/airflow/example_dags/tutorial_dag.py
[2023-08-07T10:55:06.214+0000] {logging_mixin.py:150} INFO - [2023-08-07T10:55:06.214+0000] {dag.py:2742} INFO - Sync 1 DAGs
[2023-08-07T10:55:06.228+0000] {logging_mixin.py:150} INFO - [2023-08-07T10:55:06.227+0000] {dag.py:3508} INFO - Setting next_dagrun for tutorial_dag to None, run_after=None
[2023-08-07T10:55:06.237+0000] {processor.py:179} INFO - Processing /home/airflow/.local/lib/python3.7/site-packages/airflow/example_dags/tutorial_dag.py took 0.051 seconds
[2023-08-07T10:55:36.475+0000] {processor.py:157} INFO - Started process (PID=1441) to work on /home/airflow/.local/lib/python3.7/site-packages/airflow/example_dags/tutorial_dag.py
[2023-08-07T10:55:36.477+0000] {processor.py:826} INFO - Processing file /home/airflow/.local/lib/python3.7/site-packages/airflow/example_dags/tutorial_dag.py for tasks to queue
[2023-08-07T10:55:36.479+0000] {logging_mixin.py:150} INFO - [2023-08-07T10:55:36.478+0000] {dagbag.py:541} INFO - Filling up the DagBag from /home/airflow/.local/lib/python3.7/site-packages/airflow/example_dags/tutorial_dag.py
[2023-08-07T10:55:36.485+0000] {processor.py:836} INFO - DAG(s) dict_keys(['tutorial_dag']) retrieved from /home/airflow/.local/lib/python3.7/site-packages/airflow/example_dags/tutorial_dag.py
[2023-08-07T10:55:36.506+0000] {logging_mixin.py:150} INFO - [2023-08-07T10:55:36.506+0000] {dag.py:2742} INFO - Sync 1 DAGs
[2023-08-07T10:55:36.520+0000] {logging_mixin.py:150} INFO - [2023-08-07T10:55:36.520+0000] {dag.py:3508} INFO - Setting next_dagrun for tutorial_dag to None, run_after=None
[2023-08-07T10:55:36.530+0000] {processor.py:179} INFO - Processing /home/airflow/.local/lib/python3.7/site-packages/airflow/example_dags/tutorial_dag.py took 0.061 seconds
[2023-08-07T10:56:06.670+0000] {processor.py:157} INFO - Started process (PID=1499) to work on /home/airflow/.local/lib/python3.7/site-packages/airflow/example_dags/tutorial_dag.py
[2023-08-07T10:56:06.670+0000] {processor.py:826} INFO - Processing file /home/airflow/.local/lib/python3.7/site-packages/airflow/example_dags/tutorial_dag.py for tasks to queue
[2023-08-07T10:56:06.671+0000] {logging_mixin.py:150} INFO - [2023-08-07T10:56:06.671+0000] {dagbag.py:541} INFO - Filling up the DagBag from /home/airflow/.local/lib/python3.7/site-packages/airflow/example_dags/tutorial_dag.py
[2023-08-07T10:56:06.675+0000] {processor.py:836} INFO - DAG(s) dict_keys(['tutorial_dag']) retrieved from /home/airflow/.local/lib/python3.7/site-packages/airflow/example_dags/tutorial_dag.py
[2023-08-07T10:56:06.691+0000] {logging_mixin.py:150} INFO - [2023-08-07T10:56:06.691+0000] {dag.py:2742} INFO - Sync 1 DAGs
[2023-08-07T10:56:06.706+0000] {logging_mixin.py:150} INFO - [2023-08-07T10:56:06.706+0000] {dag.py:3508} INFO - Setting next_dagrun for tutorial_dag to None, run_after=None
[2023-08-07T10:56:06.716+0000] {processor.py:179} INFO - Processing /home/airflow/.local/lib/python3.7/site-packages/airflow/example_dags/tutorial_dag.py took 0.049 seconds
[2023-08-07T10:56:37.026+0000] {processor.py:157} INFO - Started process (PID=1557) to work on /home/airflow/.local/lib/python3.7/site-packages/airflow/example_dags/tutorial_dag.py
[2023-08-07T10:56:37.027+0000] {processor.py:826} INFO - Processing file /home/airflow/.local/lib/python3.7/site-packages/airflow/example_dags/tutorial_dag.py for tasks to queue
[2023-08-07T10:56:37.028+0000] {logging_mixin.py:150} INFO - [2023-08-07T10:56:37.028+0000] {dagbag.py:541} INFO - Filling up the DagBag from /home/airflow/.local/lib/python3.7/site-packages/airflow/example_dags/tutorial_dag.py
[2023-08-07T10:56:37.032+0000] {processor.py:836} INFO - DAG(s) dict_keys(['tutorial_dag']) retrieved from /home/airflow/.local/lib/python3.7/site-packages/airflow/example_dags/tutorial_dag.py
[2023-08-07T10:56:37.050+0000] {logging_mixin.py:150} INFO - [2023-08-07T10:56:37.050+0000] {dag.py:2742} INFO - Sync 1 DAGs
[2023-08-07T10:56:37.064+0000] {logging_mixin.py:150} INFO - [2023-08-07T10:56:37.064+0000] {dag.py:3508} INFO - Setting next_dagrun for tutorial_dag to None, run_after=None
[2023-08-07T10:56:37.074+0000] {processor.py:179} INFO - Processing /home/airflow/.local/lib/python3.7/site-packages/airflow/example_dags/tutorial_dag.py took 0.050 seconds
[2023-08-07T10:57:07.463+0000] {processor.py:157} INFO - Started process (PID=1614) to work on /home/airflow/.local/lib/python3.7/site-packages/airflow/example_dags/tutorial_dag.py
[2023-08-07T10:57:07.465+0000] {processor.py:826} INFO - Processing file /home/airflow/.local/lib/python3.7/site-packages/airflow/example_dags/tutorial_dag.py for tasks to queue
[2023-08-07T10:57:07.466+0000] {logging_mixin.py:150} INFO - [2023-08-07T10:57:07.465+0000] {dagbag.py:541} INFO - Filling up the DagBag from /home/airflow/.local/lib/python3.7/site-packages/airflow/example_dags/tutorial_dag.py
[2023-08-07T10:57:07.471+0000] {processor.py:836} INFO - DAG(s) dict_keys(['tutorial_dag']) retrieved from /home/airflow/.local/lib/python3.7/site-packages/airflow/example_dags/tutorial_dag.py
[2023-08-07T10:57:07.491+0000] {logging_mixin.py:150} INFO - [2023-08-07T10:57:07.491+0000] {dag.py:2742} INFO - Sync 1 DAGs
[2023-08-07T10:57:07.505+0000] {logging_mixin.py:150} INFO - [2023-08-07T10:57:07.505+0000] {dag.py:3508} INFO - Setting next_dagrun for tutorial_dag to None, run_after=None
[2023-08-07T10:57:07.516+0000] {processor.py:179} INFO - Processing /home/airflow/.local/lib/python3.7/site-packages/airflow/example_dags/tutorial_dag.py took 0.056 seconds
[2023-08-07T10:57:37.769+0000] {processor.py:157} INFO - Started process (PID=1672) to work on /home/airflow/.local/lib/python3.7/site-packages/airflow/example_dags/tutorial_dag.py
[2023-08-07T10:57:37.771+0000] {processor.py:826} INFO - Processing file /home/airflow/.local/lib/python3.7/site-packages/airflow/example_dags/tutorial_dag.py for tasks to queue
[2023-08-07T10:57:37.772+0000] {logging_mixin.py:150} INFO - [2023-08-07T10:57:37.772+0000] {dagbag.py:541} INFO - Filling up the DagBag from /home/airflow/.local/lib/python3.7/site-packages/airflow/example_dags/tutorial_dag.py
[2023-08-07T10:57:37.778+0000] {processor.py:836} INFO - DAG(s) dict_keys(['tutorial_dag']) retrieved from /home/airflow/.local/lib/python3.7/site-packages/airflow/example_dags/tutorial_dag.py
[2023-08-07T10:57:37.799+0000] {logging_mixin.py:150} INFO - [2023-08-07T10:57:37.799+0000] {dag.py:2742} INFO - Sync 1 DAGs
[2023-08-07T10:57:37.814+0000] {logging_mixin.py:150} INFO - [2023-08-07T10:57:37.814+0000] {dag.py:3508} INFO - Setting next_dagrun for tutorial_dag to None, run_after=None
[2023-08-07T10:57:37.824+0000] {processor.py:179} INFO - Processing /home/airflow/.local/lib/python3.7/site-packages/airflow/example_dags/tutorial_dag.py took 0.059 seconds
[2023-08-07T10:58:08.126+0000] {processor.py:157} INFO - Started process (PID=1730) to work on /home/airflow/.local/lib/python3.7/site-packages/airflow/example_dags/tutorial_dag.py
[2023-08-07T10:58:08.128+0000] {processor.py:826} INFO - Processing file /home/airflow/.local/lib/python3.7/site-packages/airflow/example_dags/tutorial_dag.py for tasks to queue
[2023-08-07T10:58:08.129+0000] {logging_mixin.py:150} INFO - [2023-08-07T10:58:08.129+0000] {dagbag.py:541} INFO - Filling up the DagBag from /home/airflow/.local/lib/python3.7/site-packages/airflow/example_dags/tutorial_dag.py
[2023-08-07T10:58:08.135+0000] {processor.py:836} INFO - DAG(s) dict_keys(['tutorial_dag']) retrieved from /home/airflow/.local/lib/python3.7/site-packages/airflow/example_dags/tutorial_dag.py
[2023-08-07T10:58:08.156+0000] {logging_mixin.py:150} INFO - [2023-08-07T10:58:08.156+0000] {dag.py:2742} INFO - Sync 1 DAGs
[2023-08-07T10:58:08.171+0000] {logging_mixin.py:150} INFO - [2023-08-07T10:58:08.171+0000] {dag.py:3508} INFO - Setting next_dagrun for tutorial_dag to None, run_after=None
[2023-08-07T10:58:08.182+0000] {processor.py:179} INFO - Processing /home/airflow/.local/lib/python3.7/site-packages/airflow/example_dags/tutorial_dag.py took 0.060 seconds
[2023-08-07T10:58:38.405+0000] {processor.py:157} INFO - Started process (PID=1789) to work on /home/airflow/.local/lib/python3.7/site-packages/airflow/example_dags/tutorial_dag.py
[2023-08-07T10:58:38.407+0000] {processor.py:826} INFO - Processing file /home/airflow/.local/lib/python3.7/site-packages/airflow/example_dags/tutorial_dag.py for tasks to queue
[2023-08-07T10:58:38.408+0000] {logging_mixin.py:150} INFO - [2023-08-07T10:58:38.408+0000] {dagbag.py:541} INFO - Filling up the DagBag from /home/airflow/.local/lib/python3.7/site-packages/airflow/example_dags/tutorial_dag.py
[2023-08-07T10:58:38.415+0000] {processor.py:836} INFO - DAG(s) dict_keys(['tutorial_dag']) retrieved from /home/airflow/.local/lib/python3.7/site-packages/airflow/example_dags/tutorial_dag.py
[2023-08-07T10:58:38.437+0000] {logging_mixin.py:150} INFO - [2023-08-07T10:58:38.437+0000] {dag.py:2742} INFO - Sync 1 DAGs
[2023-08-07T10:58:38.452+0000] {logging_mixin.py:150} INFO - [2023-08-07T10:58:38.452+0000] {dag.py:3508} INFO - Setting next_dagrun for tutorial_dag to None, run_after=None
[2023-08-07T10:58:38.462+0000] {processor.py:179} INFO - Processing /home/airflow/.local/lib/python3.7/site-packages/airflow/example_dags/tutorial_dag.py took 0.061 seconds
[2023-08-07T10:59:08.642+0000] {processor.py:157} INFO - Started process (PID=1847) to work on /home/airflow/.local/lib/python3.7/site-packages/airflow/example_dags/tutorial_dag.py
[2023-08-07T10:59:08.644+0000] {processor.py:826} INFO - Processing file /home/airflow/.local/lib/python3.7/site-packages/airflow/example_dags/tutorial_dag.py for tasks to queue
[2023-08-07T10:59:08.645+0000] {logging_mixin.py:150} INFO - [2023-08-07T10:59:08.645+0000] {dagbag.py:541} INFO - Filling up the DagBag from /home/airflow/.local/lib/python3.7/site-packages/airflow/example_dags/tutorial_dag.py
[2023-08-07T10:59:08.651+0000] {processor.py:836} INFO - DAG(s) dict_keys(['tutorial_dag']) retrieved from /home/airflow/.local/lib/python3.7/site-packages/airflow/example_dags/tutorial_dag.py
[2023-08-07T10:59:08.672+0000] {logging_mixin.py:150} INFO - [2023-08-07T10:59:08.672+0000] {dag.py:2742} INFO - Sync 1 DAGs
[2023-08-07T10:59:08.687+0000] {logging_mixin.py:150} INFO - [2023-08-07T10:59:08.687+0000] {dag.py:3508} INFO - Setting next_dagrun for tutorial_dag to None, run_after=None
[2023-08-07T10:59:08.697+0000] {processor.py:179} INFO - Processing /home/airflow/.local/lib/python3.7/site-packages/airflow/example_dags/tutorial_dag.py took 0.059 seconds
[2023-08-07T10:59:38.902+0000] {processor.py:157} INFO - Started process (PID=1905) to work on /home/airflow/.local/lib/python3.7/site-packages/airflow/example_dags/tutorial_dag.py
[2023-08-07T10:59:38.903+0000] {processor.py:826} INFO - Processing file /home/airflow/.local/lib/python3.7/site-packages/airflow/example_dags/tutorial_dag.py for tasks to queue
[2023-08-07T10:59:38.905+0000] {logging_mixin.py:150} INFO - [2023-08-07T10:59:38.905+0000] {dagbag.py:541} INFO - Filling up the DagBag from /home/airflow/.local/lib/python3.7/site-packages/airflow/example_dags/tutorial_dag.py
[2023-08-07T10:59:38.912+0000] {processor.py:836} INFO - DAG(s) dict_keys(['tutorial_dag']) retrieved from /home/airflow/.local/lib/python3.7/site-packages/airflow/example_dags/tutorial_dag.py
[2023-08-07T10:59:38.937+0000] {logging_mixin.py:150} INFO - [2023-08-07T10:59:38.937+0000] {dag.py:2742} INFO - Sync 1 DAGs
[2023-08-07T10:59:38.953+0000] {logging_mixin.py:150} INFO - [2023-08-07T10:59:38.953+0000] {dag.py:3508} INFO - Setting next_dagrun for tutorial_dag to None, run_after=None
[2023-08-07T10:59:38.963+0000] {processor.py:179} INFO - Processing /home/airflow/.local/lib/python3.7/site-packages/airflow/example_dags/tutorial_dag.py took 0.066 seconds
[2023-08-07T11:00:09.303+0000] {processor.py:157} INFO - Started process (PID=1963) to work on /home/airflow/.local/lib/python3.7/site-packages/airflow/example_dags/tutorial_dag.py
[2023-08-07T11:00:09.305+0000] {processor.py:826} INFO - Processing file /home/airflow/.local/lib/python3.7/site-packages/airflow/example_dags/tutorial_dag.py for tasks to queue
[2023-08-07T11:00:09.307+0000] {logging_mixin.py:150} INFO - [2023-08-07T11:00:09.306+0000] {dagbag.py:541} INFO - Filling up the DagBag from /home/airflow/.local/lib/python3.7/site-packages/airflow/example_dags/tutorial_dag.py
[2023-08-07T11:00:09.313+0000] {processor.py:836} INFO - DAG(s) dict_keys(['tutorial_dag']) retrieved from /home/airflow/.local/lib/python3.7/site-packages/airflow/example_dags/tutorial_dag.py
[2023-08-07T11:00:09.334+0000] {logging_mixin.py:150} INFO - [2023-08-07T11:00:09.334+0000] {dag.py:2742} INFO - Sync 1 DAGs
[2023-08-07T11:00:09.350+0000] {logging_mixin.py:150} INFO - [2023-08-07T11:00:09.350+0000] {dag.py:3508} INFO - Setting next_dagrun for tutorial_dag to None, run_after=None
[2023-08-07T11:00:09.359+0000] {processor.py:179} INFO - Processing /home/airflow/.local/lib/python3.7/site-packages/airflow/example_dags/tutorial_dag.py took 0.061 seconds
[2023-08-07T11:00:39.601+0000] {processor.py:157} INFO - Started process (PID=2021) to work on /home/airflow/.local/lib/python3.7/site-packages/airflow/example_dags/tutorial_dag.py
[2023-08-07T11:00:39.603+0000] {processor.py:826} INFO - Processing file /home/airflow/.local/lib/python3.7/site-packages/airflow/example_dags/tutorial_dag.py for tasks to queue
[2023-08-07T11:00:39.605+0000] {logging_mixin.py:150} INFO - [2023-08-07T11:00:39.604+0000] {dagbag.py:541} INFO - Filling up the DagBag from /home/airflow/.local/lib/python3.7/site-packages/airflow/example_dags/tutorial_dag.py
[2023-08-07T11:00:39.610+0000] {processor.py:836} INFO - DAG(s) dict_keys(['tutorial_dag']) retrieved from /home/airflow/.local/lib/python3.7/site-packages/airflow/example_dags/tutorial_dag.py
[2023-08-07T11:00:39.631+0000] {logging_mixin.py:150} INFO - [2023-08-07T11:00:39.630+0000] {dag.py:2742} INFO - Sync 1 DAGs
[2023-08-07T11:00:39.645+0000] {logging_mixin.py:150} INFO - [2023-08-07T11:00:39.645+0000] {dag.py:3508} INFO - Setting next_dagrun for tutorial_dag to None, run_after=None
[2023-08-07T11:00:39.654+0000] {processor.py:179} INFO - Processing /home/airflow/.local/lib/python3.7/site-packages/airflow/example_dags/tutorial_dag.py took 0.058 seconds
[2023-08-07T11:01:09.808+0000] {processor.py:157} INFO - Started process (PID=2079) to work on /home/airflow/.local/lib/python3.7/site-packages/airflow/example_dags/tutorial_dag.py
[2023-08-07T11:01:09.809+0000] {processor.py:826} INFO - Processing file /home/airflow/.local/lib/python3.7/site-packages/airflow/example_dags/tutorial_dag.py for tasks to queue
[2023-08-07T11:01:09.811+0000] {logging_mixin.py:150} INFO - [2023-08-07T11:01:09.810+0000] {dagbag.py:541} INFO - Filling up the DagBag from /home/airflow/.local/lib/python3.7/site-packages/airflow/example_dags/tutorial_dag.py
[2023-08-07T11:01:09.817+0000] {processor.py:836} INFO - DAG(s) dict_keys(['tutorial_dag']) retrieved from /home/airflow/.local/lib/python3.7/site-packages/airflow/example_dags/tutorial_dag.py
[2023-08-07T11:01:09.838+0000] {logging_mixin.py:150} INFO - [2023-08-07T11:01:09.838+0000] {dag.py:2742} INFO - Sync 1 DAGs
[2023-08-07T11:01:09.853+0000] {logging_mixin.py:150} INFO - [2023-08-07T11:01:09.853+0000] {dag.py:3508} INFO - Setting next_dagrun for tutorial_dag to None, run_after=None
[2023-08-07T11:01:09.864+0000] {processor.py:179} INFO - Processing /home/airflow/.local/lib/python3.7/site-packages/airflow/example_dags/tutorial_dag.py took 0.061 seconds
[2023-08-07T11:01:40.375+0000] {processor.py:157} INFO - Started process (PID=2137) to work on /home/airflow/.local/lib/python3.7/site-packages/airflow/example_dags/tutorial_dag.py
[2023-08-07T11:01:40.376+0000] {processor.py:826} INFO - Processing file /home/airflow/.local/lib/python3.7/site-packages/airflow/example_dags/tutorial_dag.py for tasks to queue
[2023-08-07T11:01:40.378+0000] {logging_mixin.py:150} INFO - [2023-08-07T11:01:40.377+0000] {dagbag.py:541} INFO - Filling up the DagBag from /home/airflow/.local/lib/python3.7/site-packages/airflow/example_dags/tutorial_dag.py
[2023-08-07T11:01:40.384+0000] {processor.py:836} INFO - DAG(s) dict_keys(['tutorial_dag']) retrieved from /home/airflow/.local/lib/python3.7/site-packages/airflow/example_dags/tutorial_dag.py
[2023-08-07T11:01:40.404+0000] {logging_mixin.py:150} INFO - [2023-08-07T11:01:40.404+0000] {dag.py:2742} INFO - Sync 1 DAGs
[2023-08-07T11:01:40.419+0000] {logging_mixin.py:150} INFO - [2023-08-07T11:01:40.419+0000] {dag.py:3508} INFO - Setting next_dagrun for tutorial_dag to None, run_after=None
[2023-08-07T11:01:40.428+0000] {processor.py:179} INFO - Processing /home/airflow/.local/lib/python3.7/site-packages/airflow/example_dags/tutorial_dag.py took 0.056 seconds
[2023-08-07T11:02:10.575+0000] {processor.py:157} INFO - Started process (PID=2195) to work on /home/airflow/.local/lib/python3.7/site-packages/airflow/example_dags/tutorial_dag.py
[2023-08-07T11:02:10.577+0000] {processor.py:826} INFO - Processing file /home/airflow/.local/lib/python3.7/site-packages/airflow/example_dags/tutorial_dag.py for tasks to queue
[2023-08-07T11:02:10.579+0000] {logging_mixin.py:150} INFO - [2023-08-07T11:02:10.578+0000] {dagbag.py:541} INFO - Filling up the DagBag from /home/airflow/.local/lib/python3.7/site-packages/airflow/example_dags/tutorial_dag.py
[2023-08-07T11:02:10.585+0000] {processor.py:836} INFO - DAG(s) dict_keys(['tutorial_dag']) retrieved from /home/airflow/.local/lib/python3.7/site-packages/airflow/example_dags/tutorial_dag.py
[2023-08-07T11:02:10.607+0000] {logging_mixin.py:150} INFO - [2023-08-07T11:02:10.607+0000] {dag.py:2742} INFO - Sync 1 DAGs
[2023-08-07T11:02:10.622+0000] {logging_mixin.py:150} INFO - [2023-08-07T11:02:10.622+0000] {dag.py:3508} INFO - Setting next_dagrun for tutorial_dag to None, run_after=None
[2023-08-07T11:02:10.632+0000] {processor.py:179} INFO - Processing /home/airflow/.local/lib/python3.7/site-packages/airflow/example_dags/tutorial_dag.py took 0.062 seconds
[2023-08-07T11:02:40.833+0000] {processor.py:157} INFO - Started process (PID=2253) to work on /home/airflow/.local/lib/python3.7/site-packages/airflow/example_dags/tutorial_dag.py
[2023-08-07T11:02:40.835+0000] {processor.py:826} INFO - Processing file /home/airflow/.local/lib/python3.7/site-packages/airflow/example_dags/tutorial_dag.py for tasks to queue
[2023-08-07T11:02:40.836+0000] {logging_mixin.py:150} INFO - [2023-08-07T11:02:40.836+0000] {dagbag.py:541} INFO - Filling up the DagBag from /home/airflow/.local/lib/python3.7/site-packages/airflow/example_dags/tutorial_dag.py
[2023-08-07T11:02:40.842+0000] {processor.py:836} INFO - DAG(s) dict_keys(['tutorial_dag']) retrieved from /home/airflow/.local/lib/python3.7/site-packages/airflow/example_dags/tutorial_dag.py
[2023-08-07T11:02:40.864+0000] {logging_mixin.py:150} INFO - [2023-08-07T11:02:40.864+0000] {dag.py:2742} INFO - Sync 1 DAGs
[2023-08-07T11:02:40.880+0000] {logging_mixin.py:150} INFO - [2023-08-07T11:02:40.879+0000] {dag.py:3508} INFO - Setting next_dagrun for tutorial_dag to None, run_after=None
[2023-08-07T11:02:40.890+0000] {processor.py:179} INFO - Processing /home/airflow/.local/lib/python3.7/site-packages/airflow/example_dags/tutorial_dag.py took 0.061 seconds
[2023-08-07T11:03:11.041+0000] {processor.py:157} INFO - Started process (PID=2312) to work on /home/airflow/.local/lib/python3.7/site-packages/airflow/example_dags/tutorial_dag.py
[2023-08-07T11:03:11.043+0000] {processor.py:826} INFO - Processing file /home/airflow/.local/lib/python3.7/site-packages/airflow/example_dags/tutorial_dag.py for tasks to queue
[2023-08-07T11:03:11.044+0000] {logging_mixin.py:150} INFO - [2023-08-07T11:03:11.044+0000] {dagbag.py:541} INFO - Filling up the DagBag from /home/airflow/.local/lib/python3.7/site-packages/airflow/example_dags/tutorial_dag.py
[2023-08-07T11:03:11.050+0000] {processor.py:836} INFO - DAG(s) dict_keys(['tutorial_dag']) retrieved from /home/airflow/.local/lib/python3.7/site-packages/airflow/example_dags/tutorial_dag.py
[2023-08-07T11:03:11.071+0000] {logging_mixin.py:150} INFO - [2023-08-07T11:03:11.071+0000] {dag.py:2742} INFO - Sync 1 DAGs
[2023-08-07T11:03:11.086+0000] {logging_mixin.py:150} INFO - [2023-08-07T11:03:11.085+0000] {dag.py:3508} INFO - Setting next_dagrun for tutorial_dag to None, run_after=None
[2023-08-07T11:03:11.096+0000] {processor.py:179} INFO - Processing /home/airflow/.local/lib/python3.7/site-packages/airflow/example_dags/tutorial_dag.py took 0.059 seconds
[2023-08-07T11:03:41.342+0000] {processor.py:157} INFO - Started process (PID=2370) to work on /home/airflow/.local/lib/python3.7/site-packages/airflow/example_dags/tutorial_dag.py
[2023-08-07T11:03:41.343+0000] {processor.py:826} INFO - Processing file /home/airflow/.local/lib/python3.7/site-packages/airflow/example_dags/tutorial_dag.py for tasks to queue
[2023-08-07T11:03:41.345+0000] {logging_mixin.py:150} INFO - [2023-08-07T11:03:41.345+0000] {dagbag.py:541} INFO - Filling up the DagBag from /home/airflow/.local/lib/python3.7/site-packages/airflow/example_dags/tutorial_dag.py
[2023-08-07T11:03:41.351+0000] {processor.py:836} INFO - DAG(s) dict_keys(['tutorial_dag']) retrieved from /home/airflow/.local/lib/python3.7/site-packages/airflow/example_dags/tutorial_dag.py
[2023-08-07T11:03:41.374+0000] {logging_mixin.py:150} INFO - [2023-08-07T11:03:41.374+0000] {dag.py:2742} INFO - Sync 1 DAGs
[2023-08-07T11:03:41.389+0000] {logging_mixin.py:150} INFO - [2023-08-07T11:03:41.389+0000] {dag.py:3508} INFO - Setting next_dagrun for tutorial_dag to None, run_after=None
[2023-08-07T11:03:41.400+0000] {processor.py:179} INFO - Processing /home/airflow/.local/lib/python3.7/site-packages/airflow/example_dags/tutorial_dag.py took 0.063 seconds
[2023-08-07T11:04:11.727+0000] {processor.py:157} INFO - Started process (PID=2428) to work on /home/airflow/.local/lib/python3.7/site-packages/airflow/example_dags/tutorial_dag.py
[2023-08-07T11:04:11.729+0000] {processor.py:826} INFO - Processing file /home/airflow/.local/lib/python3.7/site-packages/airflow/example_dags/tutorial_dag.py for tasks to queue
[2023-08-07T11:04:11.730+0000] {logging_mixin.py:150} INFO - [2023-08-07T11:04:11.730+0000] {dagbag.py:541} INFO - Filling up the DagBag from /home/airflow/.local/lib/python3.7/site-packages/airflow/example_dags/tutorial_dag.py
[2023-08-07T11:04:11.736+0000] {processor.py:836} INFO - DAG(s) dict_keys(['tutorial_dag']) retrieved from /home/airflow/.local/lib/python3.7/site-packages/airflow/example_dags/tutorial_dag.py
[2023-08-07T11:04:11.758+0000] {logging_mixin.py:150} INFO - [2023-08-07T11:04:11.758+0000] {dag.py:2742} INFO - Sync 1 DAGs
[2023-08-07T11:04:11.773+0000] {logging_mixin.py:150} INFO - [2023-08-07T11:04:11.773+0000] {dag.py:3508} INFO - Setting next_dagrun for tutorial_dag to None, run_after=None
[2023-08-07T11:04:11.784+0000] {processor.py:179} INFO - Processing /home/airflow/.local/lib/python3.7/site-packages/airflow/example_dags/tutorial_dag.py took 0.061 seconds
[2023-08-07T11:04:42.157+0000] {processor.py:157} INFO - Started process (PID=2486) to work on /home/airflow/.local/lib/python3.7/site-packages/airflow/example_dags/tutorial_dag.py
[2023-08-07T11:04:42.159+0000] {processor.py:826} INFO - Processing file /home/airflow/.local/lib/python3.7/site-packages/airflow/example_dags/tutorial_dag.py for tasks to queue
[2023-08-07T11:04:42.160+0000] {logging_mixin.py:150} INFO - [2023-08-07T11:04:42.160+0000] {dagbag.py:541} INFO - Filling up the DagBag from /home/airflow/.local/lib/python3.7/site-packages/airflow/example_dags/tutorial_dag.py
[2023-08-07T11:04:42.166+0000] {processor.py:836} INFO - DAG(s) dict_keys(['tutorial_dag']) retrieved from /home/airflow/.local/lib/python3.7/site-packages/airflow/example_dags/tutorial_dag.py
[2023-08-07T11:04:42.189+0000] {logging_mixin.py:150} INFO - [2023-08-07T11:04:42.188+0000] {dag.py:2742} INFO - Sync 1 DAGs
[2023-08-07T11:04:42.203+0000] {logging_mixin.py:150} INFO - [2023-08-07T11:04:42.203+0000] {dag.py:3508} INFO - Setting next_dagrun for tutorial_dag to None, run_after=None
[2023-08-07T11:04:42.213+0000] {processor.py:179} INFO - Processing /home/airflow/.local/lib/python3.7/site-packages/airflow/example_dags/tutorial_dag.py took 0.061 seconds
[2023-08-07T11:05:12.490+0000] {processor.py:157} INFO - Started process (PID=2544) to work on /home/airflow/.local/lib/python3.7/site-packages/airflow/example_dags/tutorial_dag.py
[2023-08-07T11:05:12.492+0000] {processor.py:826} INFO - Processing file /home/airflow/.local/lib/python3.7/site-packages/airflow/example_dags/tutorial_dag.py for tasks to queue
[2023-08-07T11:05:12.493+0000] {logging_mixin.py:150} INFO - [2023-08-07T11:05:12.493+0000] {dagbag.py:541} INFO - Filling up the DagBag from /home/airflow/.local/lib/python3.7/site-packages/airflow/example_dags/tutorial_dag.py
[2023-08-07T11:05:12.500+0000] {processor.py:836} INFO - DAG(s) dict_keys(['tutorial_dag']) retrieved from /home/airflow/.local/lib/python3.7/site-packages/airflow/example_dags/tutorial_dag.py
[2023-08-07T11:05:12.521+0000] {logging_mixin.py:150} INFO - [2023-08-07T11:05:12.521+0000] {dag.py:2742} INFO - Sync 1 DAGs
[2023-08-07T11:05:12.535+0000] {logging_mixin.py:150} INFO - [2023-08-07T11:05:12.535+0000] {dag.py:3508} INFO - Setting next_dagrun for tutorial_dag to None, run_after=None
[2023-08-07T11:05:12.546+0000] {processor.py:179} INFO - Processing /home/airflow/.local/lib/python3.7/site-packages/airflow/example_dags/tutorial_dag.py took 0.061 seconds
[2023-08-07T11:05:42.746+0000] {processor.py:157} INFO - Started process (PID=2602) to work on /home/airflow/.local/lib/python3.7/site-packages/airflow/example_dags/tutorial_dag.py
[2023-08-07T11:05:42.747+0000] {processor.py:826} INFO - Processing file /home/airflow/.local/lib/python3.7/site-packages/airflow/example_dags/tutorial_dag.py for tasks to queue
[2023-08-07T11:05:42.748+0000] {logging_mixin.py:150} INFO - [2023-08-07T11:05:42.748+0000] {dagbag.py:541} INFO - Filling up the DagBag from /home/airflow/.local/lib/python3.7/site-packages/airflow/example_dags/tutorial_dag.py
[2023-08-07T11:05:42.754+0000] {processor.py:836} INFO - DAG(s) dict_keys(['tutorial_dag']) retrieved from /home/airflow/.local/lib/python3.7/site-packages/airflow/example_dags/tutorial_dag.py
[2023-08-07T11:05:42.774+0000] {logging_mixin.py:150} INFO - [2023-08-07T11:05:42.774+0000] {dag.py:2742} INFO - Sync 1 DAGs
[2023-08-07T11:05:42.788+0000] {logging_mixin.py:150} INFO - [2023-08-07T11:05:42.788+0000] {dag.py:3508} INFO - Setting next_dagrun for tutorial_dag to None, run_after=None
[2023-08-07T11:05:42.798+0000] {processor.py:179} INFO - Processing /home/airflow/.local/lib/python3.7/site-packages/airflow/example_dags/tutorial_dag.py took 0.057 seconds
[2023-08-07T11:06:13.161+0000] {processor.py:157} INFO - Started process (PID=2661) to work on /home/airflow/.local/lib/python3.7/site-packages/airflow/example_dags/tutorial_dag.py
[2023-08-07T11:06:13.161+0000] {processor.py:826} INFO - Processing file /home/airflow/.local/lib/python3.7/site-packages/airflow/example_dags/tutorial_dag.py for tasks to queue
[2023-08-07T11:06:13.162+0000] {logging_mixin.py:150} INFO - [2023-08-07T11:06:13.162+0000] {dagbag.py:541} INFO - Filling up the DagBag from /home/airflow/.local/lib/python3.7/site-packages/airflow/example_dags/tutorial_dag.py
[2023-08-07T11:06:13.166+0000] {processor.py:836} INFO - DAG(s) dict_keys(['tutorial_dag']) retrieved from /home/airflow/.local/lib/python3.7/site-packages/airflow/example_dags/tutorial_dag.py
[2023-08-07T11:06:13.182+0000] {logging_mixin.py:150} INFO - [2023-08-07T11:06:13.182+0000] {dag.py:2742} INFO - Sync 1 DAGs
[2023-08-07T11:06:13.196+0000] {logging_mixin.py:150} INFO - [2023-08-07T11:06:13.196+0000] {dag.py:3508} INFO - Setting next_dagrun for tutorial_dag to None, run_after=None
[2023-08-07T11:06:13.206+0000] {processor.py:179} INFO - Processing /home/airflow/.local/lib/python3.7/site-packages/airflow/example_dags/tutorial_dag.py took 0.048 seconds
[2023-08-07T11:06:43.497+0000] {processor.py:157} INFO - Started process (PID=2719) to work on /home/airflow/.local/lib/python3.7/site-packages/airflow/example_dags/tutorial_dag.py
[2023-08-07T11:06:43.498+0000] {processor.py:826} INFO - Processing file /home/airflow/.local/lib/python3.7/site-packages/airflow/example_dags/tutorial_dag.py for tasks to queue
[2023-08-07T11:06:43.499+0000] {logging_mixin.py:150} INFO - [2023-08-07T11:06:43.499+0000] {dagbag.py:541} INFO - Filling up the DagBag from /home/airflow/.local/lib/python3.7/site-packages/airflow/example_dags/tutorial_dag.py
[2023-08-07T11:06:43.504+0000] {processor.py:836} INFO - DAG(s) dict_keys(['tutorial_dag']) retrieved from /home/airflow/.local/lib/python3.7/site-packages/airflow/example_dags/tutorial_dag.py
[2023-08-07T11:06:43.523+0000] {logging_mixin.py:150} INFO - [2023-08-07T11:06:43.523+0000] {dag.py:2742} INFO - Sync 1 DAGs
[2023-08-07T11:06:43.537+0000] {logging_mixin.py:150} INFO - [2023-08-07T11:06:43.537+0000] {dag.py:3508} INFO - Setting next_dagrun for tutorial_dag to None, run_after=None
[2023-08-07T11:06:43.547+0000] {processor.py:179} INFO - Processing /home/airflow/.local/lib/python3.7/site-packages/airflow/example_dags/tutorial_dag.py took 0.053 seconds
[2023-08-07T11:07:13.642+0000] {processor.py:157} INFO - Started process (PID=2771) to work on /home/airflow/.local/lib/python3.7/site-packages/airflow/example_dags/tutorial_dag.py
[2023-08-07T11:07:13.643+0000] {processor.py:826} INFO - Processing file /home/airflow/.local/lib/python3.7/site-packages/airflow/example_dags/tutorial_dag.py for tasks to queue
[2023-08-07T11:07:13.644+0000] {logging_mixin.py:150} INFO - [2023-08-07T11:07:13.644+0000] {dagbag.py:541} INFO - Filling up the DagBag from /home/airflow/.local/lib/python3.7/site-packages/airflow/example_dags/tutorial_dag.py
[2023-08-07T11:07:13.649+0000] {processor.py:836} INFO - DAG(s) dict_keys(['tutorial_dag']) retrieved from /home/airflow/.local/lib/python3.7/site-packages/airflow/example_dags/tutorial_dag.py
[2023-08-07T11:07:13.666+0000] {logging_mixin.py:150} INFO - [2023-08-07T11:07:13.666+0000] {dag.py:2742} INFO - Sync 1 DAGs
[2023-08-07T11:07:13.680+0000] {logging_mixin.py:150} INFO - [2023-08-07T11:07:13.680+0000] {dag.py:3508} INFO - Setting next_dagrun for tutorial_dag to None, run_after=None
[2023-08-07T11:07:13.690+0000] {processor.py:179} INFO - Processing /home/airflow/.local/lib/python3.7/site-packages/airflow/example_dags/tutorial_dag.py took 0.051 seconds
[2023-08-07T11:07:43.946+0000] {processor.py:157} INFO - Started process (PID=2829) to work on /home/airflow/.local/lib/python3.7/site-packages/airflow/example_dags/tutorial_dag.py
[2023-08-07T11:07:43.948+0000] {processor.py:826} INFO - Processing file /home/airflow/.local/lib/python3.7/site-packages/airflow/example_dags/tutorial_dag.py for tasks to queue
[2023-08-07T11:07:43.949+0000] {logging_mixin.py:150} INFO - [2023-08-07T11:07:43.949+0000] {dagbag.py:541} INFO - Filling up the DagBag from /home/airflow/.local/lib/python3.7/site-packages/airflow/example_dags/tutorial_dag.py
[2023-08-07T11:07:43.956+0000] {processor.py:836} INFO - DAG(s) dict_keys(['tutorial_dag']) retrieved from /home/airflow/.local/lib/python3.7/site-packages/airflow/example_dags/tutorial_dag.py
[2023-08-07T11:07:43.979+0000] {logging_mixin.py:150} INFO - [2023-08-07T11:07:43.979+0000] {dag.py:2742} INFO - Sync 1 DAGs
[2023-08-07T11:07:43.994+0000] {logging_mixin.py:150} INFO - [2023-08-07T11:07:43.994+0000] {dag.py:3508} INFO - Setting next_dagrun for tutorial_dag to None, run_after=None
[2023-08-07T11:07:44.004+0000] {processor.py:179} INFO - Processing /home/airflow/.local/lib/python3.7/site-packages/airflow/example_dags/tutorial_dag.py took 0.062 seconds
[2023-08-07T11:08:14.203+0000] {processor.py:157} INFO - Started process (PID=2887) to work on /home/airflow/.local/lib/python3.7/site-packages/airflow/example_dags/tutorial_dag.py
[2023-08-07T11:08:14.204+0000] {processor.py:826} INFO - Processing file /home/airflow/.local/lib/python3.7/site-packages/airflow/example_dags/tutorial_dag.py for tasks to queue
[2023-08-07T11:08:14.206+0000] {logging_mixin.py:150} INFO - [2023-08-07T11:08:14.205+0000] {dagbag.py:541} INFO - Filling up the DagBag from /home/airflow/.local/lib/python3.7/site-packages/airflow/example_dags/tutorial_dag.py
[2023-08-07T11:08:14.212+0000] {processor.py:836} INFO - DAG(s) dict_keys(['tutorial_dag']) retrieved from /home/airflow/.local/lib/python3.7/site-packages/airflow/example_dags/tutorial_dag.py
[2023-08-07T11:08:14.235+0000] {logging_mixin.py:150} INFO - [2023-08-07T11:08:14.234+0000] {dag.py:2742} INFO - Sync 1 DAGs
[2023-08-07T11:08:14.250+0000] {logging_mixin.py:150} INFO - [2023-08-07T11:08:14.250+0000] {dag.py:3508} INFO - Setting next_dagrun for tutorial_dag to None, run_after=None
[2023-08-07T11:08:14.260+0000] {processor.py:179} INFO - Processing /home/airflow/.local/lib/python3.7/site-packages/airflow/example_dags/tutorial_dag.py took 0.060 seconds
[2023-08-07T11:10:07.491+0000] {processor.py:157} INFO - Started process (PID=2946) to work on /home/airflow/.local/lib/python3.7/site-packages/airflow/example_dags/tutorial_dag.py
[2023-08-07T11:10:07.492+0000] {processor.py:826} INFO - Processing file /home/airflow/.local/lib/python3.7/site-packages/airflow/example_dags/tutorial_dag.py for tasks to queue
[2023-08-07T11:10:07.493+0000] {logging_mixin.py:150} INFO - [2023-08-07T11:10:07.493+0000] {dagbag.py:541} INFO - Filling up the DagBag from /home/airflow/.local/lib/python3.7/site-packages/airflow/example_dags/tutorial_dag.py
[2023-08-07T11:10:07.497+0000] {processor.py:836} INFO - DAG(s) dict_keys(['tutorial_dag']) retrieved from /home/airflow/.local/lib/python3.7/site-packages/airflow/example_dags/tutorial_dag.py
[2023-08-07T11:10:07.516+0000] {logging_mixin.py:150} INFO - [2023-08-07T11:10:07.516+0000] {dag.py:2742} INFO - Sync 1 DAGs
[2023-08-07T11:10:07.532+0000] {logging_mixin.py:150} INFO - [2023-08-07T11:10:07.532+0000] {dag.py:3508} INFO - Setting next_dagrun for tutorial_dag to None, run_after=None
[2023-08-07T11:10:07.543+0000] {processor.py:179} INFO - Processing /home/airflow/.local/lib/python3.7/site-packages/airflow/example_dags/tutorial_dag.py took 0.055 seconds
[2023-08-07T11:10:37.592+0000] {processor.py:157} INFO - Started process (PID=3004) to work on /home/airflow/.local/lib/python3.7/site-packages/airflow/example_dags/tutorial_dag.py
[2023-08-07T11:10:37.594+0000] {processor.py:826} INFO - Processing file /home/airflow/.local/lib/python3.7/site-packages/airflow/example_dags/tutorial_dag.py for tasks to queue
[2023-08-07T11:10:37.595+0000] {logging_mixin.py:150} INFO - [2023-08-07T11:10:37.595+0000] {dagbag.py:541} INFO - Filling up the DagBag from /home/airflow/.local/lib/python3.7/site-packages/airflow/example_dags/tutorial_dag.py
[2023-08-07T11:10:37.599+0000] {processor.py:836} INFO - DAG(s) dict_keys(['tutorial_dag']) retrieved from /home/airflow/.local/lib/python3.7/site-packages/airflow/example_dags/tutorial_dag.py
[2023-08-07T11:10:37.616+0000] {logging_mixin.py:150} INFO - [2023-08-07T11:10:37.616+0000] {dag.py:2742} INFO - Sync 1 DAGs
[2023-08-07T11:10:37.631+0000] {logging_mixin.py:150} INFO - [2023-08-07T11:10:37.631+0000] {dag.py:3508} INFO - Setting next_dagrun for tutorial_dag to None, run_after=None
[2023-08-07T11:10:37.641+0000] {processor.py:179} INFO - Processing /home/airflow/.local/lib/python3.7/site-packages/airflow/example_dags/tutorial_dag.py took 0.051 seconds
[2023-08-07T11:26:04.011+0000] {processor.py:157} INFO - Started process (PID=3062) to work on /home/airflow/.local/lib/python3.7/site-packages/airflow/example_dags/tutorial_dag.py
[2023-08-07T11:26:04.012+0000] {processor.py:826} INFO - Processing file /home/airflow/.local/lib/python3.7/site-packages/airflow/example_dags/tutorial_dag.py for tasks to queue
[2023-08-07T11:26:04.013+0000] {logging_mixin.py:150} INFO - [2023-08-07T11:26:04.013+0000] {dagbag.py:541} INFO - Filling up the DagBag from /home/airflow/.local/lib/python3.7/site-packages/airflow/example_dags/tutorial_dag.py
[2023-08-07T11:26:04.017+0000] {processor.py:836} INFO - DAG(s) dict_keys(['tutorial_dag']) retrieved from /home/airflow/.local/lib/python3.7/site-packages/airflow/example_dags/tutorial_dag.py
[2023-08-07T11:26:04.034+0000] {logging_mixin.py:150} INFO - [2023-08-07T11:26:04.034+0000] {dag.py:2742} INFO - Sync 1 DAGs
[2023-08-07T11:26:04.048+0000] {logging_mixin.py:150} INFO - [2023-08-07T11:26:04.048+0000] {dag.py:3508} INFO - Setting next_dagrun for tutorial_dag to None, run_after=None
[2023-08-07T11:26:04.057+0000] {processor.py:179} INFO - Processing /home/airflow/.local/lib/python3.7/site-packages/airflow/example_dags/tutorial_dag.py took 0.049 seconds
[2023-08-07T12:49:02.067+0000] {processor.py:157} INFO - Started process (PID=3120) to work on /home/airflow/.local/lib/python3.7/site-packages/airflow/example_dags/tutorial_dag.py
[2023-08-07T12:49:02.068+0000] {processor.py:826} INFO - Processing file /home/airflow/.local/lib/python3.7/site-packages/airflow/example_dags/tutorial_dag.py for tasks to queue
[2023-08-07T12:49:02.069+0000] {logging_mixin.py:150} INFO - [2023-08-07T12:49:02.069+0000] {dagbag.py:541} INFO - Filling up the DagBag from /home/airflow/.local/lib/python3.7/site-packages/airflow/example_dags/tutorial_dag.py
[2023-08-07T12:49:02.073+0000] {processor.py:836} INFO - DAG(s) dict_keys(['tutorial_dag']) retrieved from /home/airflow/.local/lib/python3.7/site-packages/airflow/example_dags/tutorial_dag.py
[2023-08-07T12:49:02.091+0000] {logging_mixin.py:150} INFO - [2023-08-07T12:49:02.091+0000] {dag.py:2742} INFO - Sync 1 DAGs
[2023-08-07T12:49:02.106+0000] {logging_mixin.py:150} INFO - [2023-08-07T12:49:02.106+0000] {dag.py:3508} INFO - Setting next_dagrun for tutorial_dag to None, run_after=None
[2023-08-07T12:49:02.117+0000] {processor.py:179} INFO - Processing /home/airflow/.local/lib/python3.7/site-packages/airflow/example_dags/tutorial_dag.py took 0.053 seconds
[2023-08-07T13:44:03.726+0000] {processor.py:157} INFO - Started process (PID=3178) to work on /home/airflow/.local/lib/python3.7/site-packages/airflow/example_dags/tutorial_dag.py
[2023-08-07T13:44:03.727+0000] {processor.py:826} INFO - Processing file /home/airflow/.local/lib/python3.7/site-packages/airflow/example_dags/tutorial_dag.py for tasks to queue
[2023-08-07T13:44:03.727+0000] {logging_mixin.py:150} INFO - [2023-08-07T13:44:03.727+0000] {dagbag.py:541} INFO - Filling up the DagBag from /home/airflow/.local/lib/python3.7/site-packages/airflow/example_dags/tutorial_dag.py
[2023-08-07T13:44:03.731+0000] {processor.py:836} INFO - DAG(s) dict_keys(['tutorial_dag']) retrieved from /home/airflow/.local/lib/python3.7/site-packages/airflow/example_dags/tutorial_dag.py
[2023-08-07T13:44:03.748+0000] {logging_mixin.py:150} INFO - [2023-08-07T13:44:03.748+0000] {dag.py:2742} INFO - Sync 1 DAGs
[2023-08-07T13:44:03.762+0000] {logging_mixin.py:150} INFO - [2023-08-07T13:44:03.762+0000] {dag.py:3508} INFO - Setting next_dagrun for tutorial_dag to None, run_after=None
[2023-08-07T13:44:03.772+0000] {processor.py:179} INFO - Processing /home/airflow/.local/lib/python3.7/site-packages/airflow/example_dags/tutorial_dag.py took 0.049 seconds
[2023-08-07T14:43:29.474+0000] {processor.py:157} INFO - Started process (PID=3236) to work on /home/airflow/.local/lib/python3.7/site-packages/airflow/example_dags/tutorial_dag.py
[2023-08-07T14:43:29.475+0000] {processor.py:826} INFO - Processing file /home/airflow/.local/lib/python3.7/site-packages/airflow/example_dags/tutorial_dag.py for tasks to queue
[2023-08-07T14:43:29.476+0000] {logging_mixin.py:150} INFO - [2023-08-07T14:43:29.476+0000] {dagbag.py:541} INFO - Filling up the DagBag from /home/airflow/.local/lib/python3.7/site-packages/airflow/example_dags/tutorial_dag.py
[2023-08-07T14:43:29.480+0000] {processor.py:836} INFO - DAG(s) dict_keys(['tutorial_dag']) retrieved from /home/airflow/.local/lib/python3.7/site-packages/airflow/example_dags/tutorial_dag.py
[2023-08-07T14:43:29.499+0000] {logging_mixin.py:150} INFO - [2023-08-07T14:43:29.499+0000] {dag.py:2742} INFO - Sync 1 DAGs
[2023-08-07T14:43:29.514+0000] {logging_mixin.py:150} INFO - [2023-08-07T14:43:29.514+0000] {dag.py:3508} INFO - Setting next_dagrun for tutorial_dag to None, run_after=None
[2023-08-07T14:43:29.524+0000] {processor.py:179} INFO - Processing /home/airflow/.local/lib/python3.7/site-packages/airflow/example_dags/tutorial_dag.py took 0.052 seconds
[2023-08-07T15:52:32.127+0000] {processor.py:157} INFO - Started process (PID=3294) to work on /home/airflow/.local/lib/python3.7/site-packages/airflow/example_dags/tutorial_dag.py
[2023-08-07T15:52:32.132+0000] {processor.py:826} INFO - Processing file /home/airflow/.local/lib/python3.7/site-packages/airflow/example_dags/tutorial_dag.py for tasks to queue
[2023-08-07T15:52:32.133+0000] {logging_mixin.py:150} INFO - [2023-08-07T15:52:32.133+0000] {dagbag.py:541} INFO - Filling up the DagBag from /home/airflow/.local/lib/python3.7/site-packages/airflow/example_dags/tutorial_dag.py
[2023-08-07T15:52:32.138+0000] {processor.py:836} INFO - DAG(s) dict_keys(['tutorial_dag']) retrieved from /home/airflow/.local/lib/python3.7/site-packages/airflow/example_dags/tutorial_dag.py
[2023-08-07T15:52:32.160+0000] {logging_mixin.py:150} INFO - [2023-08-07T15:52:32.160+0000] {dag.py:2742} INFO - Sync 1 DAGs
[2023-08-07T15:52:32.175+0000] {logging_mixin.py:150} INFO - [2023-08-07T15:52:32.175+0000] {dag.py:3508} INFO - Setting next_dagrun for tutorial_dag to None, run_after=None
[2023-08-07T15:52:32.186+0000] {processor.py:179} INFO - Processing /home/airflow/.local/lib/python3.7/site-packages/airflow/example_dags/tutorial_dag.py took 0.062 seconds
[2023-08-07T17:14:43.751+0000] {processor.py:157} INFO - Started process (PID=3352) to work on /home/airflow/.local/lib/python3.7/site-packages/airflow/example_dags/tutorial_dag.py
[2023-08-07T17:14:43.752+0000] {processor.py:826} INFO - Processing file /home/airflow/.local/lib/python3.7/site-packages/airflow/example_dags/tutorial_dag.py for tasks to queue
[2023-08-07T17:14:43.753+0000] {logging_mixin.py:150} INFO - [2023-08-07T17:14:43.753+0000] {dagbag.py:541} INFO - Filling up the DagBag from /home/airflow/.local/lib/python3.7/site-packages/airflow/example_dags/tutorial_dag.py
[2023-08-07T17:14:43.757+0000] {processor.py:836} INFO - DAG(s) dict_keys(['tutorial_dag']) retrieved from /home/airflow/.local/lib/python3.7/site-packages/airflow/example_dags/tutorial_dag.py
[2023-08-07T17:14:43.778+0000] {logging_mixin.py:150} INFO - [2023-08-07T17:14:43.778+0000] {dag.py:2742} INFO - Sync 1 DAGs
[2023-08-07T17:14:43.792+0000] {logging_mixin.py:150} INFO - [2023-08-07T17:14:43.792+0000] {dag.py:3508} INFO - Setting next_dagrun for tutorial_dag to None, run_after=None
[2023-08-07T17:14:43.805+0000] {processor.py:179} INFO - Processing /home/airflow/.local/lib/python3.7/site-packages/airflow/example_dags/tutorial_dag.py took 0.056 seconds
[2023-08-07T18:12:51.118+0000] {processor.py:157} INFO - Started process (PID=3410) to work on /home/airflow/.local/lib/python3.7/site-packages/airflow/example_dags/tutorial_dag.py
[2023-08-07T18:12:51.119+0000] {processor.py:826} INFO - Processing file /home/airflow/.local/lib/python3.7/site-packages/airflow/example_dags/tutorial_dag.py for tasks to queue
[2023-08-07T18:12:51.120+0000] {logging_mixin.py:150} INFO - [2023-08-07T18:12:51.120+0000] {dagbag.py:541} INFO - Filling up the DagBag from /home/airflow/.local/lib/python3.7/site-packages/airflow/example_dags/tutorial_dag.py
[2023-08-07T18:12:51.124+0000] {processor.py:836} INFO - DAG(s) dict_keys(['tutorial_dag']) retrieved from /home/airflow/.local/lib/python3.7/site-packages/airflow/example_dags/tutorial_dag.py
[2023-08-07T18:12:51.142+0000] {logging_mixin.py:150} INFO - [2023-08-07T18:12:51.142+0000] {dag.py:2742} INFO - Sync 1 DAGs
[2023-08-07T18:12:51.155+0000] {logging_mixin.py:150} INFO - [2023-08-07T18:12:51.155+0000] {dag.py:3508} INFO - Setting next_dagrun for tutorial_dag to None, run_after=None
[2023-08-07T18:12:51.165+0000] {processor.py:179} INFO - Processing /home/airflow/.local/lib/python3.7/site-packages/airflow/example_dags/tutorial_dag.py took 0.049 seconds
[2023-08-07T19:18:06.711+0000] {processor.py:157} INFO - Started process (PID=3468) to work on /home/airflow/.local/lib/python3.7/site-packages/airflow/example_dags/tutorial_dag.py
[2023-08-07T19:18:06.718+0000] {processor.py:826} INFO - Processing file /home/airflow/.local/lib/python3.7/site-packages/airflow/example_dags/tutorial_dag.py for tasks to queue
[2023-08-07T19:18:06.728+0000] {logging_mixin.py:150} INFO - [2023-08-07T19:18:06.722+0000] {dagbag.py:541} INFO - Filling up the DagBag from /home/airflow/.local/lib/python3.7/site-packages/airflow/example_dags/tutorial_dag.py
[2023-08-07T19:18:06.760+0000] {processor.py:836} INFO - DAG(s) dict_keys(['tutorial_dag']) retrieved from /home/airflow/.local/lib/python3.7/site-packages/airflow/example_dags/tutorial_dag.py
[2023-08-07T19:18:06.879+0000] {logging_mixin.py:150} INFO - [2023-08-07T19:18:06.877+0000] {dag.py:2742} INFO - Sync 1 DAGs
[2023-08-07T19:18:06.895+0000] {logging_mixin.py:150} INFO - [2023-08-07T19:18:06.895+0000] {dag.py:3508} INFO - Setting next_dagrun for tutorial_dag to None, run_after=None
[2023-08-07T19:18:06.907+0000] {processor.py:179} INFO - Processing /home/airflow/.local/lib/python3.7/site-packages/airflow/example_dags/tutorial_dag.py took 0.209 seconds
[2023-08-07T20:39:16.493+0000] {processor.py:157} INFO - Started process (PID=3526) to work on /home/airflow/.local/lib/python3.7/site-packages/airflow/example_dags/tutorial_dag.py
[2023-08-07T20:39:16.494+0000] {processor.py:826} INFO - Processing file /home/airflow/.local/lib/python3.7/site-packages/airflow/example_dags/tutorial_dag.py for tasks to queue
[2023-08-07T20:39:16.495+0000] {logging_mixin.py:150} INFO - [2023-08-07T20:39:16.495+0000] {dagbag.py:541} INFO - Filling up the DagBag from /home/airflow/.local/lib/python3.7/site-packages/airflow/example_dags/tutorial_dag.py
[2023-08-07T20:39:16.499+0000] {processor.py:836} INFO - DAG(s) dict_keys(['tutorial_dag']) retrieved from /home/airflow/.local/lib/python3.7/site-packages/airflow/example_dags/tutorial_dag.py
[2023-08-07T20:39:16.516+0000] {logging_mixin.py:150} INFO - [2023-08-07T20:39:16.516+0000] {dag.py:2742} INFO - Sync 1 DAGs
[2023-08-07T20:39:16.530+0000] {logging_mixin.py:150} INFO - [2023-08-07T20:39:16.530+0000] {dag.py:3508} INFO - Setting next_dagrun for tutorial_dag to None, run_after=None
[2023-08-07T20:39:16.540+0000] {processor.py:179} INFO - Processing /home/airflow/.local/lib/python3.7/site-packages/airflow/example_dags/tutorial_dag.py took 0.050 seconds
[2023-08-07T21:49:02.267+0000] {processor.py:157} INFO - Started process (PID=3584) to work on /home/airflow/.local/lib/python3.7/site-packages/airflow/example_dags/tutorial_dag.py
[2023-08-07T21:49:02.268+0000] {processor.py:826} INFO - Processing file /home/airflow/.local/lib/python3.7/site-packages/airflow/example_dags/tutorial_dag.py for tasks to queue
[2023-08-07T21:49:02.269+0000] {logging_mixin.py:150} INFO - [2023-08-07T21:49:02.269+0000] {dagbag.py:541} INFO - Filling up the DagBag from /home/airflow/.local/lib/python3.7/site-packages/airflow/example_dags/tutorial_dag.py
[2023-08-07T21:49:02.274+0000] {processor.py:836} INFO - DAG(s) dict_keys(['tutorial_dag']) retrieved from /home/airflow/.local/lib/python3.7/site-packages/airflow/example_dags/tutorial_dag.py
[2023-08-07T21:49:02.291+0000] {logging_mixin.py:150} INFO - [2023-08-07T21:49:02.291+0000] {dag.py:2742} INFO - Sync 1 DAGs
[2023-08-07T21:49:02.306+0000] {logging_mixin.py:150} INFO - [2023-08-07T21:49:02.305+0000] {dag.py:3508} INFO - Setting next_dagrun for tutorial_dag to None, run_after=None
[2023-08-07T21:49:02.316+0000] {processor.py:179} INFO - Processing /home/airflow/.local/lib/python3.7/site-packages/airflow/example_dags/tutorial_dag.py took 0.051 seconds
[2023-08-07T22:56:32.254+0000] {processor.py:157} INFO - Started process (PID=3642) to work on /home/airflow/.local/lib/python3.7/site-packages/airflow/example_dags/tutorial_dag.py
[2023-08-07T22:56:32.255+0000] {processor.py:826} INFO - Processing file /home/airflow/.local/lib/python3.7/site-packages/airflow/example_dags/tutorial_dag.py for tasks to queue
[2023-08-07T22:56:32.256+0000] {logging_mixin.py:150} INFO - [2023-08-07T22:56:32.255+0000] {dagbag.py:541} INFO - Filling up the DagBag from /home/airflow/.local/lib/python3.7/site-packages/airflow/example_dags/tutorial_dag.py
[2023-08-07T22:56:32.260+0000] {processor.py:836} INFO - DAG(s) dict_keys(['tutorial_dag']) retrieved from /home/airflow/.local/lib/python3.7/site-packages/airflow/example_dags/tutorial_dag.py
[2023-08-07T22:56:32.277+0000] {logging_mixin.py:150} INFO - [2023-08-07T22:56:32.277+0000] {dag.py:2742} INFO - Sync 1 DAGs
[2023-08-07T22:56:32.291+0000] {logging_mixin.py:150} INFO - [2023-08-07T22:56:32.291+0000] {dag.py:3508} INFO - Setting next_dagrun for tutorial_dag to None, run_after=None
[2023-08-07T22:56:32.301+0000] {processor.py:179} INFO - Processing /home/airflow/.local/lib/python3.7/site-packages/airflow/example_dags/tutorial_dag.py took 0.049 seconds
[2023-08-07T23:21:10.453+0000] {processor.py:157} INFO - Started process (PID=3700) to work on /home/airflow/.local/lib/python3.7/site-packages/airflow/example_dags/tutorial_dag.py
[2023-08-07T23:21:10.455+0000] {processor.py:826} INFO - Processing file /home/airflow/.local/lib/python3.7/site-packages/airflow/example_dags/tutorial_dag.py for tasks to queue
[2023-08-07T23:21:10.456+0000] {logging_mixin.py:150} INFO - [2023-08-07T23:21:10.456+0000] {dagbag.py:541} INFO - Filling up the DagBag from /home/airflow/.local/lib/python3.7/site-packages/airflow/example_dags/tutorial_dag.py
[2023-08-07T23:21:10.460+0000] {processor.py:836} INFO - DAG(s) dict_keys(['tutorial_dag']) retrieved from /home/airflow/.local/lib/python3.7/site-packages/airflow/example_dags/tutorial_dag.py
[2023-08-07T23:21:10.477+0000] {logging_mixin.py:150} INFO - [2023-08-07T23:21:10.477+0000] {dag.py:2742} INFO - Sync 1 DAGs
[2023-08-07T23:21:10.491+0000] {logging_mixin.py:150} INFO - [2023-08-07T23:21:10.491+0000] {dag.py:3508} INFO - Setting next_dagrun for tutorial_dag to None, run_after=None
[2023-08-07T23:21:10.501+0000] {processor.py:179} INFO - Processing /home/airflow/.local/lib/python3.7/site-packages/airflow/example_dags/tutorial_dag.py took 0.050 seconds
[2023-08-07T23:36:59.578+0000] {processor.py:157} INFO - Started process (PID=3758) to work on /home/airflow/.local/lib/python3.7/site-packages/airflow/example_dags/tutorial_dag.py
[2023-08-07T23:36:59.579+0000] {processor.py:826} INFO - Processing file /home/airflow/.local/lib/python3.7/site-packages/airflow/example_dags/tutorial_dag.py for tasks to queue
[2023-08-07T23:36:59.580+0000] {logging_mixin.py:150} INFO - [2023-08-07T23:36:59.580+0000] {dagbag.py:541} INFO - Filling up the DagBag from /home/airflow/.local/lib/python3.7/site-packages/airflow/example_dags/tutorial_dag.py
[2023-08-07T23:36:59.584+0000] {processor.py:836} INFO - DAG(s) dict_keys(['tutorial_dag']) retrieved from /home/airflow/.local/lib/python3.7/site-packages/airflow/example_dags/tutorial_dag.py
[2023-08-07T23:36:59.602+0000] {logging_mixin.py:150} INFO - [2023-08-07T23:36:59.601+0000] {dag.py:2742} INFO - Sync 1 DAGs
[2023-08-07T23:36:59.616+0000] {logging_mixin.py:150} INFO - [2023-08-07T23:36:59.616+0000] {dag.py:3508} INFO - Setting next_dagrun for tutorial_dag to None, run_after=None
[2023-08-07T23:36:59.626+0000] {processor.py:179} INFO - Processing /home/airflow/.local/lib/python3.7/site-packages/airflow/example_dags/tutorial_dag.py took 0.051 seconds
