[2023-08-07T10:43:34.964+0000] {processor.py:157} INFO - Started process (PID=69) to work on /home/airflow/.local/lib/python3.7/site-packages/airflow/example_dags/tutorial_taskflow_api.py
[2023-08-07T10:43:34.965+0000] {processor.py:826} INFO - Processing file /home/airflow/.local/lib/python3.7/site-packages/airflow/example_dags/tutorial_taskflow_api.py for tasks to queue
[2023-08-07T10:43:34.966+0000] {logging_mixin.py:150} INFO - [2023-08-07T10:43:34.965+0000] {dagbag.py:541} INFO - Filling up the DagBag from /home/airflow/.local/lib/python3.7/site-packages/airflow/example_dags/tutorial_taskflow_api.py
[2023-08-07T10:43:34.971+0000] {processor.py:836} INFO - DAG(s) dict_keys(['tutorial_taskflow_api']) retrieved from /home/airflow/.local/lib/python3.7/site-packages/airflow/example_dags/tutorial_taskflow_api.py
[2023-08-07T10:43:35.035+0000] {logging_mixin.py:150} INFO - [2023-08-07T10:43:35.035+0000] {manager.py:504} INFO - Created Permission View: can edit on DAG:tutorial_taskflow_api
[2023-08-07T10:43:35.041+0000] {logging_mixin.py:150} INFO - [2023-08-07T10:43:35.041+0000] {manager.py:504} INFO - Created Permission View: can delete on DAG:tutorial_taskflow_api
[2023-08-07T10:43:35.049+0000] {logging_mixin.py:150} INFO - [2023-08-07T10:43:35.048+0000] {manager.py:504} INFO - Created Permission View: can read on DAG:tutorial_taskflow_api
[2023-08-07T10:43:35.057+0000] {logging_mixin.py:150} INFO - [2023-08-07T10:43:35.057+0000] {dag.py:2742} INFO - Sync 1 DAGs
[2023-08-07T10:43:35.065+0000] {logging_mixin.py:150} INFO - [2023-08-07T10:43:35.065+0000] {dag.py:2763} INFO - Creating ORM DAG for tutorial_taskflow_api
[2023-08-07T10:43:35.071+0000] {logging_mixin.py:150} INFO - [2023-08-07T10:43:35.071+0000] {dag.py:3508} INFO - Setting next_dagrun for tutorial_taskflow_api to None, run_after=None
[2023-08-07T10:43:35.081+0000] {processor.py:179} INFO - Processing /home/airflow/.local/lib/python3.7/site-packages/airflow/example_dags/tutorial_taskflow_api.py took 0.121 seconds
[2023-08-07T10:44:05.311+0000] {processor.py:157} INFO - Started process (PID=127) to work on /home/airflow/.local/lib/python3.7/site-packages/airflow/example_dags/tutorial_taskflow_api.py
[2023-08-07T10:44:05.312+0000] {processor.py:826} INFO - Processing file /home/airflow/.local/lib/python3.7/site-packages/airflow/example_dags/tutorial_taskflow_api.py for tasks to queue
[2023-08-07T10:44:05.313+0000] {logging_mixin.py:150} INFO - [2023-08-07T10:44:05.313+0000] {dagbag.py:541} INFO - Filling up the DagBag from /home/airflow/.local/lib/python3.7/site-packages/airflow/example_dags/tutorial_taskflow_api.py
[2023-08-07T10:44:05.318+0000] {processor.py:836} INFO - DAG(s) dict_keys(['tutorial_taskflow_api']) retrieved from /home/airflow/.local/lib/python3.7/site-packages/airflow/example_dags/tutorial_taskflow_api.py
[2023-08-07T10:44:05.334+0000] {logging_mixin.py:150} INFO - [2023-08-07T10:44:05.334+0000] {dag.py:2742} INFO - Sync 1 DAGs
[2023-08-07T10:44:05.348+0000] {logging_mixin.py:150} INFO - [2023-08-07T10:44:05.348+0000] {dag.py:3508} INFO - Setting next_dagrun for tutorial_taskflow_api to None, run_after=None
[2023-08-07T10:44:05.356+0000] {processor.py:179} INFO - Processing /home/airflow/.local/lib/python3.7/site-packages/airflow/example_dags/tutorial_taskflow_api.py took 0.047 seconds
[2023-08-07T10:44:35.807+0000] {processor.py:157} INFO - Started process (PID=185) to work on /home/airflow/.local/lib/python3.7/site-packages/airflow/example_dags/tutorial_taskflow_api.py
[2023-08-07T10:44:35.808+0000] {processor.py:826} INFO - Processing file /home/airflow/.local/lib/python3.7/site-packages/airflow/example_dags/tutorial_taskflow_api.py for tasks to queue
[2023-08-07T10:44:35.808+0000] {logging_mixin.py:150} INFO - [2023-08-07T10:44:35.808+0000] {dagbag.py:541} INFO - Filling up the DagBag from /home/airflow/.local/lib/python3.7/site-packages/airflow/example_dags/tutorial_taskflow_api.py
[2023-08-07T10:44:35.812+0000] {processor.py:836} INFO - DAG(s) dict_keys(['tutorial_taskflow_api']) retrieved from /home/airflow/.local/lib/python3.7/site-packages/airflow/example_dags/tutorial_taskflow_api.py
[2023-08-07T10:44:35.829+0000] {logging_mixin.py:150} INFO - [2023-08-07T10:44:35.829+0000] {dag.py:2742} INFO - Sync 1 DAGs
[2023-08-07T10:44:35.843+0000] {logging_mixin.py:150} INFO - [2023-08-07T10:44:35.843+0000] {dag.py:3508} INFO - Setting next_dagrun for tutorial_taskflow_api to None, run_after=None
[2023-08-07T10:44:35.854+0000] {processor.py:179} INFO - Processing /home/airflow/.local/lib/python3.7/site-packages/airflow/example_dags/tutorial_taskflow_api.py took 0.049 seconds
[2023-08-07T10:45:06.048+0000] {processor.py:157} INFO - Started process (PID=243) to work on /home/airflow/.local/lib/python3.7/site-packages/airflow/example_dags/tutorial_taskflow_api.py
[2023-08-07T10:45:06.049+0000] {processor.py:826} INFO - Processing file /home/airflow/.local/lib/python3.7/site-packages/airflow/example_dags/tutorial_taskflow_api.py for tasks to queue
[2023-08-07T10:45:06.050+0000] {logging_mixin.py:150} INFO - [2023-08-07T10:45:06.050+0000] {dagbag.py:541} INFO - Filling up the DagBag from /home/airflow/.local/lib/python3.7/site-packages/airflow/example_dags/tutorial_taskflow_api.py
[2023-08-07T10:45:06.055+0000] {processor.py:836} INFO - DAG(s) dict_keys(['tutorial_taskflow_api']) retrieved from /home/airflow/.local/lib/python3.7/site-packages/airflow/example_dags/tutorial_taskflow_api.py
[2023-08-07T10:45:06.072+0000] {logging_mixin.py:150} INFO - [2023-08-07T10:45:06.072+0000] {dag.py:2742} INFO - Sync 1 DAGs
[2023-08-07T10:45:06.086+0000] {logging_mixin.py:150} INFO - [2023-08-07T10:45:06.085+0000] {dag.py:3508} INFO - Setting next_dagrun for tutorial_taskflow_api to None, run_after=None
[2023-08-07T10:45:06.095+0000] {processor.py:179} INFO - Processing /home/airflow/.local/lib/python3.7/site-packages/airflow/example_dags/tutorial_taskflow_api.py took 0.049 seconds
[2023-08-07T10:45:36.333+0000] {processor.py:157} INFO - Started process (PID=301) to work on /home/airflow/.local/lib/python3.7/site-packages/airflow/example_dags/tutorial_taskflow_api.py
[2023-08-07T10:45:36.334+0000] {processor.py:826} INFO - Processing file /home/airflow/.local/lib/python3.7/site-packages/airflow/example_dags/tutorial_taskflow_api.py for tasks to queue
[2023-08-07T10:45:36.335+0000] {logging_mixin.py:150} INFO - [2023-08-07T10:45:36.335+0000] {dagbag.py:541} INFO - Filling up the DagBag from /home/airflow/.local/lib/python3.7/site-packages/airflow/example_dags/tutorial_taskflow_api.py
[2023-08-07T10:45:36.339+0000] {processor.py:836} INFO - DAG(s) dict_keys(['tutorial_taskflow_api']) retrieved from /home/airflow/.local/lib/python3.7/site-packages/airflow/example_dags/tutorial_taskflow_api.py
[2023-08-07T10:45:36.355+0000] {logging_mixin.py:150} INFO - [2023-08-07T10:45:36.355+0000] {dag.py:2742} INFO - Sync 1 DAGs
[2023-08-07T10:45:36.370+0000] {logging_mixin.py:150} INFO - [2023-08-07T10:45:36.369+0000] {dag.py:3508} INFO - Setting next_dagrun for tutorial_taskflow_api to None, run_after=None
[2023-08-07T10:45:36.379+0000] {processor.py:179} INFO - Processing /home/airflow/.local/lib/python3.7/site-packages/airflow/example_dags/tutorial_taskflow_api.py took 0.049 seconds
[2023-08-07T10:46:06.436+0000] {processor.py:157} INFO - Started process (PID=359) to work on /home/airflow/.local/lib/python3.7/site-packages/airflow/example_dags/tutorial_taskflow_api.py
[2023-08-07T10:46:06.437+0000] {processor.py:826} INFO - Processing file /home/airflow/.local/lib/python3.7/site-packages/airflow/example_dags/tutorial_taskflow_api.py for tasks to queue
[2023-08-07T10:46:06.437+0000] {logging_mixin.py:150} INFO - [2023-08-07T10:46:06.437+0000] {dagbag.py:541} INFO - Filling up the DagBag from /home/airflow/.local/lib/python3.7/site-packages/airflow/example_dags/tutorial_taskflow_api.py
[2023-08-07T10:46:06.441+0000] {processor.py:836} INFO - DAG(s) dict_keys(['tutorial_taskflow_api']) retrieved from /home/airflow/.local/lib/python3.7/site-packages/airflow/example_dags/tutorial_taskflow_api.py
[2023-08-07T10:46:06.458+0000] {logging_mixin.py:150} INFO - [2023-08-07T10:46:06.458+0000] {dag.py:2742} INFO - Sync 1 DAGs
[2023-08-07T10:46:06.472+0000] {logging_mixin.py:150} INFO - [2023-08-07T10:46:06.472+0000] {dag.py:3508} INFO - Setting next_dagrun for tutorial_taskflow_api to None, run_after=None
[2023-08-07T10:46:06.483+0000] {processor.py:179} INFO - Processing /home/airflow/.local/lib/python3.7/site-packages/airflow/example_dags/tutorial_taskflow_api.py took 0.049 seconds
[2023-08-07T10:46:36.803+0000] {processor.py:157} INFO - Started process (PID=416) to work on /home/airflow/.local/lib/python3.7/site-packages/airflow/example_dags/tutorial_taskflow_api.py
[2023-08-07T10:46:36.804+0000] {processor.py:826} INFO - Processing file /home/airflow/.local/lib/python3.7/site-packages/airflow/example_dags/tutorial_taskflow_api.py for tasks to queue
[2023-08-07T10:46:36.805+0000] {logging_mixin.py:150} INFO - [2023-08-07T10:46:36.805+0000] {dagbag.py:541} INFO - Filling up the DagBag from /home/airflow/.local/lib/python3.7/site-packages/airflow/example_dags/tutorial_taskflow_api.py
[2023-08-07T10:46:36.810+0000] {processor.py:836} INFO - DAG(s) dict_keys(['tutorial_taskflow_api']) retrieved from /home/airflow/.local/lib/python3.7/site-packages/airflow/example_dags/tutorial_taskflow_api.py
[2023-08-07T10:46:36.826+0000] {logging_mixin.py:150} INFO - [2023-08-07T10:46:36.826+0000] {dag.py:2742} INFO - Sync 1 DAGs
[2023-08-07T10:46:36.840+0000] {logging_mixin.py:150} INFO - [2023-08-07T10:46:36.840+0000] {dag.py:3508} INFO - Setting next_dagrun for tutorial_taskflow_api to None, run_after=None
[2023-08-07T10:46:36.849+0000] {processor.py:179} INFO - Processing /home/airflow/.local/lib/python3.7/site-packages/airflow/example_dags/tutorial_taskflow_api.py took 0.048 seconds
[2023-08-07T10:47:07.027+0000] {processor.py:157} INFO - Started process (PID=474) to work on /home/airflow/.local/lib/python3.7/site-packages/airflow/example_dags/tutorial_taskflow_api.py
[2023-08-07T10:47:07.028+0000] {processor.py:826} INFO - Processing file /home/airflow/.local/lib/python3.7/site-packages/airflow/example_dags/tutorial_taskflow_api.py for tasks to queue
[2023-08-07T10:47:07.029+0000] {logging_mixin.py:150} INFO - [2023-08-07T10:47:07.029+0000] {dagbag.py:541} INFO - Filling up the DagBag from /home/airflow/.local/lib/python3.7/site-packages/airflow/example_dags/tutorial_taskflow_api.py
[2023-08-07T10:47:07.034+0000] {processor.py:836} INFO - DAG(s) dict_keys(['tutorial_taskflow_api']) retrieved from /home/airflow/.local/lib/python3.7/site-packages/airflow/example_dags/tutorial_taskflow_api.py
[2023-08-07T10:47:07.052+0000] {logging_mixin.py:150} INFO - [2023-08-07T10:47:07.051+0000] {dag.py:2742} INFO - Sync 1 DAGs
[2023-08-07T10:47:07.066+0000] {logging_mixin.py:150} INFO - [2023-08-07T10:47:07.066+0000] {dag.py:3508} INFO - Setting next_dagrun for tutorial_taskflow_api to None, run_after=None
[2023-08-07T10:47:07.077+0000] {processor.py:179} INFO - Processing /home/airflow/.local/lib/python3.7/site-packages/airflow/example_dags/tutorial_taskflow_api.py took 0.052 seconds
[2023-08-07T10:47:38.142+0000] {processor.py:157} INFO - Started process (PID=533) to work on /home/airflow/.local/lib/python3.7/site-packages/airflow/example_dags/tutorial_taskflow_api.py
[2023-08-07T10:47:38.143+0000] {processor.py:826} INFO - Processing file /home/airflow/.local/lib/python3.7/site-packages/airflow/example_dags/tutorial_taskflow_api.py for tasks to queue
[2023-08-07T10:47:38.144+0000] {logging_mixin.py:150} INFO - [2023-08-07T10:47:38.144+0000] {dagbag.py:541} INFO - Filling up the DagBag from /home/airflow/.local/lib/python3.7/site-packages/airflow/example_dags/tutorial_taskflow_api.py
[2023-08-07T10:47:38.148+0000] {processor.py:836} INFO - DAG(s) dict_keys(['tutorial_taskflow_api']) retrieved from /home/airflow/.local/lib/python3.7/site-packages/airflow/example_dags/tutorial_taskflow_api.py
[2023-08-07T10:47:38.165+0000] {logging_mixin.py:150} INFO - [2023-08-07T10:47:38.165+0000] {dag.py:2742} INFO - Sync 1 DAGs
[2023-08-07T10:47:38.178+0000] {logging_mixin.py:150} INFO - [2023-08-07T10:47:38.178+0000] {dag.py:3508} INFO - Setting next_dagrun for tutorial_taskflow_api to None, run_after=None
[2023-08-07T10:47:38.188+0000] {processor.py:179} INFO - Processing /home/airflow/.local/lib/python3.7/site-packages/airflow/example_dags/tutorial_taskflow_api.py took 0.048 seconds
[2023-08-07T10:48:08.470+0000] {processor.py:157} INFO - Started process (PID=591) to work on /home/airflow/.local/lib/python3.7/site-packages/airflow/example_dags/tutorial_taskflow_api.py
[2023-08-07T10:48:08.471+0000] {processor.py:826} INFO - Processing file /home/airflow/.local/lib/python3.7/site-packages/airflow/example_dags/tutorial_taskflow_api.py for tasks to queue
[2023-08-07T10:48:08.472+0000] {logging_mixin.py:150} INFO - [2023-08-07T10:48:08.472+0000] {dagbag.py:541} INFO - Filling up the DagBag from /home/airflow/.local/lib/python3.7/site-packages/airflow/example_dags/tutorial_taskflow_api.py
[2023-08-07T10:48:08.476+0000] {processor.py:836} INFO - DAG(s) dict_keys(['tutorial_taskflow_api']) retrieved from /home/airflow/.local/lib/python3.7/site-packages/airflow/example_dags/tutorial_taskflow_api.py
[2023-08-07T10:48:08.494+0000] {logging_mixin.py:150} INFO - [2023-08-07T10:48:08.494+0000] {dag.py:2742} INFO - Sync 1 DAGs
[2023-08-07T10:48:08.507+0000] {logging_mixin.py:150} INFO - [2023-08-07T10:48:08.507+0000] {dag.py:3508} INFO - Setting next_dagrun for tutorial_taskflow_api to None, run_after=None
[2023-08-07T10:48:08.517+0000] {processor.py:179} INFO - Processing /home/airflow/.local/lib/python3.7/site-packages/airflow/example_dags/tutorial_taskflow_api.py took 0.050 seconds
[2023-08-07T10:48:38.798+0000] {processor.py:157} INFO - Started process (PID=649) to work on /home/airflow/.local/lib/python3.7/site-packages/airflow/example_dags/tutorial_taskflow_api.py
[2023-08-07T10:48:38.799+0000] {processor.py:826} INFO - Processing file /home/airflow/.local/lib/python3.7/site-packages/airflow/example_dags/tutorial_taskflow_api.py for tasks to queue
[2023-08-07T10:48:38.800+0000] {logging_mixin.py:150} INFO - [2023-08-07T10:48:38.800+0000] {dagbag.py:541} INFO - Filling up the DagBag from /home/airflow/.local/lib/python3.7/site-packages/airflow/example_dags/tutorial_taskflow_api.py
[2023-08-07T10:48:38.805+0000] {processor.py:836} INFO - DAG(s) dict_keys(['tutorial_taskflow_api']) retrieved from /home/airflow/.local/lib/python3.7/site-packages/airflow/example_dags/tutorial_taskflow_api.py
[2023-08-07T10:48:38.823+0000] {logging_mixin.py:150} INFO - [2023-08-07T10:48:38.823+0000] {dag.py:2742} INFO - Sync 1 DAGs
[2023-08-07T10:48:38.838+0000] {logging_mixin.py:150} INFO - [2023-08-07T10:48:38.838+0000] {dag.py:3508} INFO - Setting next_dagrun for tutorial_taskflow_api to None, run_after=None
[2023-08-07T10:48:38.849+0000] {processor.py:179} INFO - Processing /home/airflow/.local/lib/python3.7/site-packages/airflow/example_dags/tutorial_taskflow_api.py took 0.054 seconds
