[2023-08-09T12:03:25.226+0000] {processor.py:157} INFO - Started process (PID=75) to work on /home/airflow/.local/lib/python3.7/site-packages/airflow/example_dags/plugins/event_listener.py
[2023-08-09T12:03:25.227+0000] {processor.py:826} INFO - Processing file /home/airflow/.local/lib/python3.7/site-packages/airflow/example_dags/plugins/event_listener.py for tasks to queue
[2023-08-09T12:03:25.228+0000] {logging_mixin.py:150} INFO - [2023-08-09T12:03:25.228+0000] {dagbag.py:541} INFO - Filling up the DagBag from /home/airflow/.local/lib/python3.7/site-packages/airflow/example_dags/plugins/event_listener.py
[2023-08-09T12:03:25.230+0000] {processor.py:838} WARNING - No viable dags retrieved from /home/airflow/.local/lib/python3.7/site-packages/airflow/example_dags/plugins/event_listener.py
[2023-08-09T12:03:25.248+0000] {processor.py:179} INFO - Processing /home/airflow/.local/lib/python3.7/site-packages/airflow/example_dags/plugins/event_listener.py took 0.024 seconds
[2023-08-09T12:03:55.650+0000] {processor.py:157} INFO - Started process (PID=134) to work on /home/airflow/.local/lib/python3.7/site-packages/airflow/example_dags/plugins/event_listener.py
[2023-08-09T12:03:55.651+0000] {processor.py:826} INFO - Processing file /home/airflow/.local/lib/python3.7/site-packages/airflow/example_dags/plugins/event_listener.py for tasks to queue
[2023-08-09T12:03:55.652+0000] {logging_mixin.py:150} INFO - [2023-08-09T12:03:55.652+0000] {dagbag.py:541} INFO - Filling up the DagBag from /home/airflow/.local/lib/python3.7/site-packages/airflow/example_dags/plugins/event_listener.py
[2023-08-09T12:03:55.654+0000] {processor.py:838} WARNING - No viable dags retrieved from /home/airflow/.local/lib/python3.7/site-packages/airflow/example_dags/plugins/event_listener.py
[2023-08-09T12:03:55.664+0000] {processor.py:179} INFO - Processing /home/airflow/.local/lib/python3.7/site-packages/airflow/example_dags/plugins/event_listener.py took 0.017 seconds
[2023-08-09T12:04:25.987+0000] {processor.py:157} INFO - Started process (PID=193) to work on /home/airflow/.local/lib/python3.7/site-packages/airflow/example_dags/plugins/event_listener.py
[2023-08-09T12:04:25.989+0000] {processor.py:826} INFO - Processing file /home/airflow/.local/lib/python3.7/site-packages/airflow/example_dags/plugins/event_listener.py for tasks to queue
[2023-08-09T12:04:25.990+0000] {logging_mixin.py:150} INFO - [2023-08-09T12:04:25.989+0000] {dagbag.py:541} INFO - Filling up the DagBag from /home/airflow/.local/lib/python3.7/site-packages/airflow/example_dags/plugins/event_listener.py
[2023-08-09T12:04:25.992+0000] {processor.py:838} WARNING - No viable dags retrieved from /home/airflow/.local/lib/python3.7/site-packages/airflow/example_dags/plugins/event_listener.py
[2023-08-09T12:04:26.003+0000] {processor.py:179} INFO - Processing /home/airflow/.local/lib/python3.7/site-packages/airflow/example_dags/plugins/event_listener.py took 0.018 seconds
[2023-08-09T12:04:56.182+0000] {processor.py:157} INFO - Started process (PID=252) to work on /home/airflow/.local/lib/python3.7/site-packages/airflow/example_dags/plugins/event_listener.py
[2023-08-09T12:04:56.183+0000] {processor.py:826} INFO - Processing file /home/airflow/.local/lib/python3.7/site-packages/airflow/example_dags/plugins/event_listener.py for tasks to queue
[2023-08-09T12:04:56.184+0000] {logging_mixin.py:150} INFO - [2023-08-09T12:04:56.184+0000] {dagbag.py:541} INFO - Filling up the DagBag from /home/airflow/.local/lib/python3.7/site-packages/airflow/example_dags/plugins/event_listener.py
[2023-08-09T12:04:56.186+0000] {processor.py:838} WARNING - No viable dags retrieved from /home/airflow/.local/lib/python3.7/site-packages/airflow/example_dags/plugins/event_listener.py
[2023-08-09T12:04:56.197+0000] {processor.py:179} INFO - Processing /home/airflow/.local/lib/python3.7/site-packages/airflow/example_dags/plugins/event_listener.py took 0.017 seconds
[2023-08-09T12:05:26.503+0000] {processor.py:157} INFO - Started process (PID=311) to work on /home/airflow/.local/lib/python3.7/site-packages/airflow/example_dags/plugins/event_listener.py
[2023-08-09T12:05:26.504+0000] {processor.py:826} INFO - Processing file /home/airflow/.local/lib/python3.7/site-packages/airflow/example_dags/plugins/event_listener.py for tasks to queue
[2023-08-09T12:05:26.505+0000] {logging_mixin.py:150} INFO - [2023-08-09T12:05:26.505+0000] {dagbag.py:541} INFO - Filling up the DagBag from /home/airflow/.local/lib/python3.7/site-packages/airflow/example_dags/plugins/event_listener.py
[2023-08-09T12:05:26.507+0000] {processor.py:838} WARNING - No viable dags retrieved from /home/airflow/.local/lib/python3.7/site-packages/airflow/example_dags/plugins/event_listener.py
[2023-08-09T12:05:26.518+0000] {processor.py:179} INFO - Processing /home/airflow/.local/lib/python3.7/site-packages/airflow/example_dags/plugins/event_listener.py took 0.017 seconds
[2023-08-09T12:05:56.705+0000] {processor.py:157} INFO - Started process (PID=370) to work on /home/airflow/.local/lib/python3.7/site-packages/airflow/example_dags/plugins/event_listener.py
[2023-08-09T12:05:56.706+0000] {processor.py:826} INFO - Processing file /home/airflow/.local/lib/python3.7/site-packages/airflow/example_dags/plugins/event_listener.py for tasks to queue
[2023-08-09T12:05:56.707+0000] {logging_mixin.py:150} INFO - [2023-08-09T12:05:56.707+0000] {dagbag.py:541} INFO - Filling up the DagBag from /home/airflow/.local/lib/python3.7/site-packages/airflow/example_dags/plugins/event_listener.py
[2023-08-09T12:05:56.709+0000] {processor.py:838} WARNING - No viable dags retrieved from /home/airflow/.local/lib/python3.7/site-packages/airflow/example_dags/plugins/event_listener.py
[2023-08-09T12:05:56.720+0000] {processor.py:179} INFO - Processing /home/airflow/.local/lib/python3.7/site-packages/airflow/example_dags/plugins/event_listener.py took 0.017 seconds
[2023-08-09T12:06:27.029+0000] {processor.py:157} INFO - Started process (PID=429) to work on /home/airflow/.local/lib/python3.7/site-packages/airflow/example_dags/plugins/event_listener.py
[2023-08-09T12:06:27.030+0000] {processor.py:826} INFO - Processing file /home/airflow/.local/lib/python3.7/site-packages/airflow/example_dags/plugins/event_listener.py for tasks to queue
[2023-08-09T12:06:27.031+0000] {logging_mixin.py:150} INFO - [2023-08-09T12:06:27.030+0000] {dagbag.py:541} INFO - Filling up the DagBag from /home/airflow/.local/lib/python3.7/site-packages/airflow/example_dags/plugins/event_listener.py
[2023-08-09T12:06:27.033+0000] {processor.py:838} WARNING - No viable dags retrieved from /home/airflow/.local/lib/python3.7/site-packages/airflow/example_dags/plugins/event_listener.py
[2023-08-09T12:06:27.043+0000] {processor.py:179} INFO - Processing /home/airflow/.local/lib/python3.7/site-packages/airflow/example_dags/plugins/event_listener.py took 0.017 seconds
[2023-08-09T12:06:57.371+0000] {processor.py:157} INFO - Started process (PID=488) to work on /home/airflow/.local/lib/python3.7/site-packages/airflow/example_dags/plugins/event_listener.py
[2023-08-09T12:06:57.373+0000] {processor.py:826} INFO - Processing file /home/airflow/.local/lib/python3.7/site-packages/airflow/example_dags/plugins/event_listener.py for tasks to queue
[2023-08-09T12:06:57.374+0000] {logging_mixin.py:150} INFO - [2023-08-09T12:06:57.373+0000] {dagbag.py:541} INFO - Filling up the DagBag from /home/airflow/.local/lib/python3.7/site-packages/airflow/example_dags/plugins/event_listener.py
[2023-08-09T12:06:57.376+0000] {processor.py:838} WARNING - No viable dags retrieved from /home/airflow/.local/lib/python3.7/site-packages/airflow/example_dags/plugins/event_listener.py
[2023-08-09T12:06:57.386+0000] {processor.py:179} INFO - Processing /home/airflow/.local/lib/python3.7/site-packages/airflow/example_dags/plugins/event_listener.py took 0.017 seconds
[2023-08-09T12:07:28.675+0000] {processor.py:157} INFO - Started process (PID=547) to work on /home/airflow/.local/lib/python3.7/site-packages/airflow/example_dags/plugins/event_listener.py
[2023-08-09T12:07:28.676+0000] {processor.py:826} INFO - Processing file /home/airflow/.local/lib/python3.7/site-packages/airflow/example_dags/plugins/event_listener.py for tasks to queue
[2023-08-09T12:07:28.677+0000] {logging_mixin.py:150} INFO - [2023-08-09T12:07:28.677+0000] {dagbag.py:541} INFO - Filling up the DagBag from /home/airflow/.local/lib/python3.7/site-packages/airflow/example_dags/plugins/event_listener.py
[2023-08-09T12:07:28.679+0000] {processor.py:838} WARNING - No viable dags retrieved from /home/airflow/.local/lib/python3.7/site-packages/airflow/example_dags/plugins/event_listener.py
[2023-08-09T12:07:28.689+0000] {processor.py:179} INFO - Processing /home/airflow/.local/lib/python3.7/site-packages/airflow/example_dags/plugins/event_listener.py took 0.017 seconds
[2023-08-09T12:16:44.867+0000] {processor.py:157} INFO - Started process (PID=608) to work on /home/airflow/.local/lib/python3.7/site-packages/airflow/example_dags/plugins/event_listener.py
[2023-08-09T12:16:44.868+0000] {processor.py:826} INFO - Processing file /home/airflow/.local/lib/python3.7/site-packages/airflow/example_dags/plugins/event_listener.py for tasks to queue
[2023-08-09T12:16:44.869+0000] {logging_mixin.py:150} INFO - [2023-08-09T12:16:44.869+0000] {dagbag.py:541} INFO - Filling up the DagBag from /home/airflow/.local/lib/python3.7/site-packages/airflow/example_dags/plugins/event_listener.py
[2023-08-09T12:16:44.871+0000] {processor.py:838} WARNING - No viable dags retrieved from /home/airflow/.local/lib/python3.7/site-packages/airflow/example_dags/plugins/event_listener.py
[2023-08-09T12:16:44.882+0000] {processor.py:179} INFO - Processing /home/airflow/.local/lib/python3.7/site-packages/airflow/example_dags/plugins/event_listener.py took 0.017 seconds
[2023-08-09T12:17:15.722+0000] {processor.py:157} INFO - Started process (PID=667) to work on /home/airflow/.local/lib/python3.7/site-packages/airflow/example_dags/plugins/event_listener.py
[2023-08-09T12:17:15.723+0000] {processor.py:826} INFO - Processing file /home/airflow/.local/lib/python3.7/site-packages/airflow/example_dags/plugins/event_listener.py for tasks to queue
[2023-08-09T12:17:15.724+0000] {logging_mixin.py:150} INFO - [2023-08-09T12:17:15.724+0000] {dagbag.py:541} INFO - Filling up the DagBag from /home/airflow/.local/lib/python3.7/site-packages/airflow/example_dags/plugins/event_listener.py
[2023-08-09T12:17:15.726+0000] {processor.py:838} WARNING - No viable dags retrieved from /home/airflow/.local/lib/python3.7/site-packages/airflow/example_dags/plugins/event_listener.py
[2023-08-09T12:17:15.737+0000] {processor.py:179} INFO - Processing /home/airflow/.local/lib/python3.7/site-packages/airflow/example_dags/plugins/event_listener.py took 0.017 seconds
[2023-08-09T12:33:47.350+0000] {processor.py:157} INFO - Started process (PID=726) to work on /home/airflow/.local/lib/python3.7/site-packages/airflow/example_dags/plugins/event_listener.py
[2023-08-09T12:33:47.351+0000] {processor.py:826} INFO - Processing file /home/airflow/.local/lib/python3.7/site-packages/airflow/example_dags/plugins/event_listener.py for tasks to queue
[2023-08-09T12:33:47.352+0000] {logging_mixin.py:150} INFO - [2023-08-09T12:33:47.351+0000] {dagbag.py:541} INFO - Filling up the DagBag from /home/airflow/.local/lib/python3.7/site-packages/airflow/example_dags/plugins/event_listener.py
[2023-08-09T12:33:47.354+0000] {processor.py:838} WARNING - No viable dags retrieved from /home/airflow/.local/lib/python3.7/site-packages/airflow/example_dags/plugins/event_listener.py
[2023-08-09T12:33:47.364+0000] {processor.py:179} INFO - Processing /home/airflow/.local/lib/python3.7/site-packages/airflow/example_dags/plugins/event_listener.py took 0.016 seconds
[2023-08-09T13:56:52.508+0000] {processor.py:157} INFO - Started process (PID=785) to work on /home/airflow/.local/lib/python3.7/site-packages/airflow/example_dags/plugins/event_listener.py
[2023-08-09T13:56:52.509+0000] {processor.py:826} INFO - Processing file /home/airflow/.local/lib/python3.7/site-packages/airflow/example_dags/plugins/event_listener.py for tasks to queue
[2023-08-09T13:56:52.510+0000] {logging_mixin.py:150} INFO - [2023-08-09T13:56:52.510+0000] {dagbag.py:541} INFO - Filling up the DagBag from /home/airflow/.local/lib/python3.7/site-packages/airflow/example_dags/plugins/event_listener.py
[2023-08-09T13:56:52.512+0000] {processor.py:838} WARNING - No viable dags retrieved from /home/airflow/.local/lib/python3.7/site-packages/airflow/example_dags/plugins/event_listener.py
[2023-08-09T13:56:52.523+0000] {processor.py:179} INFO - Processing /home/airflow/.local/lib/python3.7/site-packages/airflow/example_dags/plugins/event_listener.py took 0.017 seconds
[2023-08-09T14:58:26.701+0000] {processor.py:157} INFO - Started process (PID=844) to work on /home/airflow/.local/lib/python3.7/site-packages/airflow/example_dags/plugins/event_listener.py
[2023-08-09T14:58:26.702+0000] {processor.py:826} INFO - Processing file /home/airflow/.local/lib/python3.7/site-packages/airflow/example_dags/plugins/event_listener.py for tasks to queue
[2023-08-09T14:58:26.703+0000] {logging_mixin.py:150} INFO - [2023-08-09T14:58:26.702+0000] {dagbag.py:541} INFO - Filling up the DagBag from /home/airflow/.local/lib/python3.7/site-packages/airflow/example_dags/plugins/event_listener.py
[2023-08-09T14:58:26.704+0000] {processor.py:838} WARNING - No viable dags retrieved from /home/airflow/.local/lib/python3.7/site-packages/airflow/example_dags/plugins/event_listener.py
[2023-08-09T14:58:26.714+0000] {processor.py:179} INFO - Processing /home/airflow/.local/lib/python3.7/site-packages/airflow/example_dags/plugins/event_listener.py took 0.016 seconds
[2023-08-09T14:58:59.778+0000] {processor.py:157} INFO - Started process (PID=904) to work on /home/airflow/.local/lib/python3.7/site-packages/airflow/example_dags/plugins/event_listener.py
[2023-08-09T14:58:59.779+0000] {processor.py:826} INFO - Processing file /home/airflow/.local/lib/python3.7/site-packages/airflow/example_dags/plugins/event_listener.py for tasks to queue
[2023-08-09T14:58:59.780+0000] {logging_mixin.py:150} INFO - [2023-08-09T14:58:59.780+0000] {dagbag.py:541} INFO - Filling up the DagBag from /home/airflow/.local/lib/python3.7/site-packages/airflow/example_dags/plugins/event_listener.py
[2023-08-09T14:58:59.782+0000] {processor.py:838} WARNING - No viable dags retrieved from /home/airflow/.local/lib/python3.7/site-packages/airflow/example_dags/plugins/event_listener.py
[2023-08-09T14:58:59.792+0000] {processor.py:179} INFO - Processing /home/airflow/.local/lib/python3.7/site-packages/airflow/example_dags/plugins/event_listener.py took 0.017 seconds
[2023-08-09T16:16:43.974+0000] {processor.py:157} INFO - Started process (PID=963) to work on /home/airflow/.local/lib/python3.7/site-packages/airflow/example_dags/plugins/event_listener.py
[2023-08-09T16:16:43.976+0000] {processor.py:826} INFO - Processing file /home/airflow/.local/lib/python3.7/site-packages/airflow/example_dags/plugins/event_listener.py for tasks to queue
[2023-08-09T16:16:43.977+0000] {logging_mixin.py:150} INFO - [2023-08-09T16:16:43.977+0000] {dagbag.py:541} INFO - Filling up the DagBag from /home/airflow/.local/lib/python3.7/site-packages/airflow/example_dags/plugins/event_listener.py
[2023-08-09T16:16:43.979+0000] {processor.py:838} WARNING - No viable dags retrieved from /home/airflow/.local/lib/python3.7/site-packages/airflow/example_dags/plugins/event_listener.py
[2023-08-09T16:16:43.991+0000] {processor.py:179} INFO - Processing /home/airflow/.local/lib/python3.7/site-packages/airflow/example_dags/plugins/event_listener.py took 0.020 seconds
[2023-08-09T17:36:42.558+0000] {processor.py:157} INFO - Started process (PID=1022) to work on /home/airflow/.local/lib/python3.7/site-packages/airflow/example_dags/plugins/event_listener.py
[2023-08-09T17:36:42.559+0000] {processor.py:826} INFO - Processing file /home/airflow/.local/lib/python3.7/site-packages/airflow/example_dags/plugins/event_listener.py for tasks to queue
[2023-08-09T17:36:42.560+0000] {logging_mixin.py:150} INFO - [2023-08-09T17:36:42.560+0000] {dagbag.py:541} INFO - Filling up the DagBag from /home/airflow/.local/lib/python3.7/site-packages/airflow/example_dags/plugins/event_listener.py
[2023-08-09T17:36:42.562+0000] {processor.py:838} WARNING - No viable dags retrieved from /home/airflow/.local/lib/python3.7/site-packages/airflow/example_dags/plugins/event_listener.py
[2023-08-09T17:36:42.573+0000] {processor.py:179} INFO - Processing /home/airflow/.local/lib/python3.7/site-packages/airflow/example_dags/plugins/event_listener.py took 0.017 seconds
[2023-08-09T18:58:24.706+0000] {processor.py:157} INFO - Started process (PID=1081) to work on /home/airflow/.local/lib/python3.7/site-packages/airflow/example_dags/plugins/event_listener.py
[2023-08-09T18:58:24.708+0000] {processor.py:826} INFO - Processing file /home/airflow/.local/lib/python3.7/site-packages/airflow/example_dags/plugins/event_listener.py for tasks to queue
[2023-08-09T18:58:24.709+0000] {logging_mixin.py:150} INFO - [2023-08-09T18:58:24.708+0000] {dagbag.py:541} INFO - Filling up the DagBag from /home/airflow/.local/lib/python3.7/site-packages/airflow/example_dags/plugins/event_listener.py
[2023-08-09T18:58:24.710+0000] {processor.py:838} WARNING - No viable dags retrieved from /home/airflow/.local/lib/python3.7/site-packages/airflow/example_dags/plugins/event_listener.py
[2023-08-09T18:58:24.721+0000] {processor.py:179} INFO - Processing /home/airflow/.local/lib/python3.7/site-packages/airflow/example_dags/plugins/event_listener.py took 0.017 seconds
[2023-08-09T20:21:04.488+0000] {processor.py:157} INFO - Started process (PID=1140) to work on /home/airflow/.local/lib/python3.7/site-packages/airflow/example_dags/plugins/event_listener.py
[2023-08-09T20:21:04.490+0000] {processor.py:826} INFO - Processing file /home/airflow/.local/lib/python3.7/site-packages/airflow/example_dags/plugins/event_listener.py for tasks to queue
[2023-08-09T20:21:04.490+0000] {logging_mixin.py:150} INFO - [2023-08-09T20:21:04.490+0000] {dagbag.py:541} INFO - Filling up the DagBag from /home/airflow/.local/lib/python3.7/site-packages/airflow/example_dags/plugins/event_listener.py
[2023-08-09T20:21:04.492+0000] {processor.py:838} WARNING - No viable dags retrieved from /home/airflow/.local/lib/python3.7/site-packages/airflow/example_dags/plugins/event_listener.py
[2023-08-09T20:21:04.503+0000] {processor.py:179} INFO - Processing /home/airflow/.local/lib/python3.7/site-packages/airflow/example_dags/plugins/event_listener.py took 0.017 seconds
[2023-08-09T21:44:57.229+0000] {processor.py:157} INFO - Started process (PID=1199) to work on /home/airflow/.local/lib/python3.7/site-packages/airflow/example_dags/plugins/event_listener.py
[2023-08-09T21:44:57.230+0000] {processor.py:826} INFO - Processing file /home/airflow/.local/lib/python3.7/site-packages/airflow/example_dags/plugins/event_listener.py for tasks to queue
[2023-08-09T21:44:57.231+0000] {logging_mixin.py:150} INFO - [2023-08-09T21:44:57.231+0000] {dagbag.py:541} INFO - Filling up the DagBag from /home/airflow/.local/lib/python3.7/site-packages/airflow/example_dags/plugins/event_listener.py
[2023-08-09T21:44:57.233+0000] {processor.py:838} WARNING - No viable dags retrieved from /home/airflow/.local/lib/python3.7/site-packages/airflow/example_dags/plugins/event_listener.py
[2023-08-09T21:44:57.244+0000] {processor.py:179} INFO - Processing /home/airflow/.local/lib/python3.7/site-packages/airflow/example_dags/plugins/event_listener.py took 0.018 seconds
[2023-08-09T22:36:37.743+0000] {processor.py:157} INFO - Started process (PID=1258) to work on /home/airflow/.local/lib/python3.7/site-packages/airflow/example_dags/plugins/event_listener.py
[2023-08-09T22:36:37.744+0000] {processor.py:826} INFO - Processing file /home/airflow/.local/lib/python3.7/site-packages/airflow/example_dags/plugins/event_listener.py for tasks to queue
[2023-08-09T22:36:37.745+0000] {logging_mixin.py:150} INFO - [2023-08-09T22:36:37.745+0000] {dagbag.py:541} INFO - Filling up the DagBag from /home/airflow/.local/lib/python3.7/site-packages/airflow/example_dags/plugins/event_listener.py
[2023-08-09T22:36:37.747+0000] {processor.py:838} WARNING - No viable dags retrieved from /home/airflow/.local/lib/python3.7/site-packages/airflow/example_dags/plugins/event_listener.py
[2023-08-09T22:36:37.758+0000] {processor.py:179} INFO - Processing /home/airflow/.local/lib/python3.7/site-packages/airflow/example_dags/plugins/event_listener.py took 0.018 seconds
[2023-08-09T22:37:07.987+0000] {processor.py:157} INFO - Started process (PID=1317) to work on /home/airflow/.local/lib/python3.7/site-packages/airflow/example_dags/plugins/event_listener.py
[2023-08-09T22:37:07.988+0000] {processor.py:826} INFO - Processing file /home/airflow/.local/lib/python3.7/site-packages/airflow/example_dags/plugins/event_listener.py for tasks to queue
[2023-08-09T22:37:07.989+0000] {logging_mixin.py:150} INFO - [2023-08-09T22:37:07.989+0000] {dagbag.py:541} INFO - Filling up the DagBag from /home/airflow/.local/lib/python3.7/site-packages/airflow/example_dags/plugins/event_listener.py
[2023-08-09T22:37:07.991+0000] {processor.py:838} WARNING - No viable dags retrieved from /home/airflow/.local/lib/python3.7/site-packages/airflow/example_dags/plugins/event_listener.py
[2023-08-09T22:37:08.002+0000] {processor.py:179} INFO - Processing /home/airflow/.local/lib/python3.7/site-packages/airflow/example_dags/plugins/event_listener.py took 0.017 seconds
[2023-08-09T22:37:38.157+0000] {processor.py:157} INFO - Started process (PID=1376) to work on /home/airflow/.local/lib/python3.7/site-packages/airflow/example_dags/plugins/event_listener.py
[2023-08-09T22:37:38.158+0000] {processor.py:826} INFO - Processing file /home/airflow/.local/lib/python3.7/site-packages/airflow/example_dags/plugins/event_listener.py for tasks to queue
[2023-08-09T22:37:38.159+0000] {logging_mixin.py:150} INFO - [2023-08-09T22:37:38.159+0000] {dagbag.py:541} INFO - Filling up the DagBag from /home/airflow/.local/lib/python3.7/site-packages/airflow/example_dags/plugins/event_listener.py
[2023-08-09T22:37:38.161+0000] {processor.py:838} WARNING - No viable dags retrieved from /home/airflow/.local/lib/python3.7/site-packages/airflow/example_dags/plugins/event_listener.py
[2023-08-09T22:37:38.172+0000] {processor.py:179} INFO - Processing /home/airflow/.local/lib/python3.7/site-packages/airflow/example_dags/plugins/event_listener.py took 0.017 seconds
[2023-08-09T23:31:53.644+0000] {processor.py:157} INFO - Started process (PID=1435) to work on /home/airflow/.local/lib/python3.7/site-packages/airflow/example_dags/plugins/event_listener.py
[2023-08-09T23:31:53.645+0000] {processor.py:826} INFO - Processing file /home/airflow/.local/lib/python3.7/site-packages/airflow/example_dags/plugins/event_listener.py for tasks to queue
[2023-08-09T23:31:53.646+0000] {logging_mixin.py:150} INFO - [2023-08-09T23:31:53.645+0000] {dagbag.py:541} INFO - Filling up the DagBag from /home/airflow/.local/lib/python3.7/site-packages/airflow/example_dags/plugins/event_listener.py
[2023-08-09T23:31:53.648+0000] {processor.py:838} WARNING - No viable dags retrieved from /home/airflow/.local/lib/python3.7/site-packages/airflow/example_dags/plugins/event_listener.py
[2023-08-09T23:31:53.658+0000] {processor.py:179} INFO - Processing /home/airflow/.local/lib/python3.7/site-packages/airflow/example_dags/plugins/event_listener.py took 0.017 seconds
