[2023-08-09T12:03:21.997+0000] {processor.py:157} INFO - Started process (PID=42) to work on /home/airflow/.local/lib/python3.7/site-packages/airflow/example_dags/example_dynamic_task_mapping_with_no_taskflow_operators.py
[2023-08-09T12:03:22.000+0000] {processor.py:826} INFO - Processing file /home/airflow/.local/lib/python3.7/site-packages/airflow/example_dags/example_dynamic_task_mapping_with_no_taskflow_operators.py for tasks to queue
[2023-08-09T12:03:22.002+0000] {logging_mixin.py:150} INFO - [2023-08-09T12:03:22.001+0000] {dagbag.py:541} INFO - Filling up the DagBag from /home/airflow/.local/lib/python3.7/site-packages/airflow/example_dags/example_dynamic_task_mapping_with_no_taskflow_operators.py
[2023-08-09T12:03:22.011+0000] {processor.py:836} INFO - DAG(s) dict_keys(['example_dynamic_task_mapping_with_no_taskflow_operators']) retrieved from /home/airflow/.local/lib/python3.7/site-packages/airflow/example_dags/example_dynamic_task_mapping_with_no_taskflow_operators.py
[2023-08-09T12:03:22.044+0000] {logging_mixin.py:150} INFO - [2023-08-09T12:03:22.044+0000] {dag.py:2742} INFO - Sync 1 DAGs
[2023-08-09T12:03:22.062+0000] {logging_mixin.py:150} INFO - [2023-08-09T12:03:22.062+0000] {dag.py:3508} INFO - Setting next_dagrun for example_dynamic_task_mapping_with_no_taskflow_operators to 2023-08-08T12:03:22.062059+00:00, run_after=2023-08-09T12:03:22.062059+00:00
[2023-08-09T12:03:22.093+0000] {processor.py:179} INFO - Processing /home/airflow/.local/lib/python3.7/site-packages/airflow/example_dags/example_dynamic_task_mapping_with_no_taskflow_operators.py took 0.099 seconds
[2023-08-09T12:03:52.989+0000] {processor.py:157} INFO - Started process (PID=101) to work on /home/airflow/.local/lib/python3.7/site-packages/airflow/example_dags/example_dynamic_task_mapping_with_no_taskflow_operators.py
[2023-08-09T12:03:52.990+0000] {processor.py:826} INFO - Processing file /home/airflow/.local/lib/python3.7/site-packages/airflow/example_dags/example_dynamic_task_mapping_with_no_taskflow_operators.py for tasks to queue
[2023-08-09T12:03:52.991+0000] {logging_mixin.py:150} INFO - [2023-08-09T12:03:52.991+0000] {dagbag.py:541} INFO - Filling up the DagBag from /home/airflow/.local/lib/python3.7/site-packages/airflow/example_dags/example_dynamic_task_mapping_with_no_taskflow_operators.py
[2023-08-09T12:03:52.997+0000] {processor.py:836} INFO - DAG(s) dict_keys(['example_dynamic_task_mapping_with_no_taskflow_operators']) retrieved from /home/airflow/.local/lib/python3.7/site-packages/airflow/example_dags/example_dynamic_task_mapping_with_no_taskflow_operators.py
[2023-08-09T12:03:53.013+0000] {logging_mixin.py:150} INFO - [2023-08-09T12:03:53.013+0000] {dag.py:2742} INFO - Sync 1 DAGs
[2023-08-09T12:03:53.028+0000] {logging_mixin.py:150} INFO - [2023-08-09T12:03:53.028+0000] {dag.py:3508} INFO - Setting next_dagrun for example_dynamic_task_mapping_with_no_taskflow_operators to 2023-08-08T12:03:53.028269+00:00, run_after=2023-08-09T12:03:53.028269+00:00
[2023-08-09T12:03:53.038+0000] {processor.py:179} INFO - Processing /home/airflow/.local/lib/python3.7/site-packages/airflow/example_dags/example_dynamic_task_mapping_with_no_taskflow_operators.py took 0.052 seconds
[2023-08-09T12:04:23.514+0000] {processor.py:157} INFO - Started process (PID=160) to work on /home/airflow/.local/lib/python3.7/site-packages/airflow/example_dags/example_dynamic_task_mapping_with_no_taskflow_operators.py
[2023-08-09T12:04:23.515+0000] {processor.py:826} INFO - Processing file /home/airflow/.local/lib/python3.7/site-packages/airflow/example_dags/example_dynamic_task_mapping_with_no_taskflow_operators.py for tasks to queue
[2023-08-09T12:04:23.516+0000] {logging_mixin.py:150} INFO - [2023-08-09T12:04:23.516+0000] {dagbag.py:541} INFO - Filling up the DagBag from /home/airflow/.local/lib/python3.7/site-packages/airflow/example_dags/example_dynamic_task_mapping_with_no_taskflow_operators.py
[2023-08-09T12:04:23.522+0000] {processor.py:836} INFO - DAG(s) dict_keys(['example_dynamic_task_mapping_with_no_taskflow_operators']) retrieved from /home/airflow/.local/lib/python3.7/site-packages/airflow/example_dags/example_dynamic_task_mapping_with_no_taskflow_operators.py
[2023-08-09T12:04:23.538+0000] {logging_mixin.py:150} INFO - [2023-08-09T12:04:23.538+0000] {dag.py:2742} INFO - Sync 1 DAGs
[2023-08-09T12:04:23.552+0000] {logging_mixin.py:150} INFO - [2023-08-09T12:04:23.552+0000] {dag.py:3508} INFO - Setting next_dagrun for example_dynamic_task_mapping_with_no_taskflow_operators to 2023-08-08T12:04:23.552344+00:00, run_after=2023-08-09T12:04:23.552344+00:00
[2023-08-09T12:04:23.562+0000] {processor.py:179} INFO - Processing /home/airflow/.local/lib/python3.7/site-packages/airflow/example_dags/example_dynamic_task_mapping_with_no_taskflow_operators.py took 0.050 seconds
[2023-08-09T12:04:53.756+0000] {processor.py:157} INFO - Started process (PID=219) to work on /home/airflow/.local/lib/python3.7/site-packages/airflow/example_dags/example_dynamic_task_mapping_with_no_taskflow_operators.py
[2023-08-09T12:04:53.757+0000] {processor.py:826} INFO - Processing file /home/airflow/.local/lib/python3.7/site-packages/airflow/example_dags/example_dynamic_task_mapping_with_no_taskflow_operators.py for tasks to queue
[2023-08-09T12:04:53.757+0000] {logging_mixin.py:150} INFO - [2023-08-09T12:04:53.757+0000] {dagbag.py:541} INFO - Filling up the DagBag from /home/airflow/.local/lib/python3.7/site-packages/airflow/example_dags/example_dynamic_task_mapping_with_no_taskflow_operators.py
[2023-08-09T12:04:53.762+0000] {processor.py:836} INFO - DAG(s) dict_keys(['example_dynamic_task_mapping_with_no_taskflow_operators']) retrieved from /home/airflow/.local/lib/python3.7/site-packages/airflow/example_dags/example_dynamic_task_mapping_with_no_taskflow_operators.py
[2023-08-09T12:04:53.779+0000] {logging_mixin.py:150} INFO - [2023-08-09T12:04:53.779+0000] {dag.py:2742} INFO - Sync 1 DAGs
[2023-08-09T12:04:53.794+0000] {logging_mixin.py:150} INFO - [2023-08-09T12:04:53.794+0000] {dag.py:3508} INFO - Setting next_dagrun for example_dynamic_task_mapping_with_no_taskflow_operators to 2023-08-08T12:04:53.793940+00:00, run_after=2023-08-09T12:04:53.793940+00:00
[2023-08-09T12:04:53.803+0000] {processor.py:179} INFO - Processing /home/airflow/.local/lib/python3.7/site-packages/airflow/example_dags/example_dynamic_task_mapping_with_no_taskflow_operators.py took 0.050 seconds
[2023-08-09T12:05:23.989+0000] {processor.py:157} INFO - Started process (PID=278) to work on /home/airflow/.local/lib/python3.7/site-packages/airflow/example_dags/example_dynamic_task_mapping_with_no_taskflow_operators.py
[2023-08-09T12:05:23.990+0000] {processor.py:826} INFO - Processing file /home/airflow/.local/lib/python3.7/site-packages/airflow/example_dags/example_dynamic_task_mapping_with_no_taskflow_operators.py for tasks to queue
[2023-08-09T12:05:23.991+0000] {logging_mixin.py:150} INFO - [2023-08-09T12:05:23.990+0000] {dagbag.py:541} INFO - Filling up the DagBag from /home/airflow/.local/lib/python3.7/site-packages/airflow/example_dags/example_dynamic_task_mapping_with_no_taskflow_operators.py
[2023-08-09T12:05:23.996+0000] {processor.py:836} INFO - DAG(s) dict_keys(['example_dynamic_task_mapping_with_no_taskflow_operators']) retrieved from /home/airflow/.local/lib/python3.7/site-packages/airflow/example_dags/example_dynamic_task_mapping_with_no_taskflow_operators.py
[2023-08-09T12:05:24.012+0000] {logging_mixin.py:150} INFO - [2023-08-09T12:05:24.012+0000] {dag.py:2742} INFO - Sync 1 DAGs
[2023-08-09T12:05:24.026+0000] {logging_mixin.py:150} INFO - [2023-08-09T12:05:24.026+0000] {dag.py:3508} INFO - Setting next_dagrun for example_dynamic_task_mapping_with_no_taskflow_operators to 2023-08-08T12:05:24.025916+00:00, run_after=2023-08-09T12:05:24.025916+00:00
[2023-08-09T12:05:24.035+0000] {processor.py:179} INFO - Processing /home/airflow/.local/lib/python3.7/site-packages/airflow/example_dags/example_dynamic_task_mapping_with_no_taskflow_operators.py took 0.049 seconds
[2023-08-09T12:05:54.283+0000] {processor.py:157} INFO - Started process (PID=337) to work on /home/airflow/.local/lib/python3.7/site-packages/airflow/example_dags/example_dynamic_task_mapping_with_no_taskflow_operators.py
[2023-08-09T12:05:54.285+0000] {processor.py:826} INFO - Processing file /home/airflow/.local/lib/python3.7/site-packages/airflow/example_dags/example_dynamic_task_mapping_with_no_taskflow_operators.py for tasks to queue
[2023-08-09T12:05:54.286+0000] {logging_mixin.py:150} INFO - [2023-08-09T12:05:54.285+0000] {dagbag.py:541} INFO - Filling up the DagBag from /home/airflow/.local/lib/python3.7/site-packages/airflow/example_dags/example_dynamic_task_mapping_with_no_taskflow_operators.py
[2023-08-09T12:05:54.291+0000] {processor.py:836} INFO - DAG(s) dict_keys(['example_dynamic_task_mapping_with_no_taskflow_operators']) retrieved from /home/airflow/.local/lib/python3.7/site-packages/airflow/example_dags/example_dynamic_task_mapping_with_no_taskflow_operators.py
[2023-08-09T12:05:54.307+0000] {logging_mixin.py:150} INFO - [2023-08-09T12:05:54.307+0000] {dag.py:2742} INFO - Sync 1 DAGs
[2023-08-09T12:05:54.321+0000] {logging_mixin.py:150} INFO - [2023-08-09T12:05:54.321+0000] {dag.py:3508} INFO - Setting next_dagrun for example_dynamic_task_mapping_with_no_taskflow_operators to 2023-08-08T12:05:54.320911+00:00, run_after=2023-08-09T12:05:54.320911+00:00
[2023-08-09T12:05:54.330+0000] {processor.py:179} INFO - Processing /home/airflow/.local/lib/python3.7/site-packages/airflow/example_dags/example_dynamic_task_mapping_with_no_taskflow_operators.py took 0.050 seconds
[2023-08-09T12:06:24.485+0000] {processor.py:157} INFO - Started process (PID=396) to work on /home/airflow/.local/lib/python3.7/site-packages/airflow/example_dags/example_dynamic_task_mapping_with_no_taskflow_operators.py
[2023-08-09T12:06:24.486+0000] {processor.py:826} INFO - Processing file /home/airflow/.local/lib/python3.7/site-packages/airflow/example_dags/example_dynamic_task_mapping_with_no_taskflow_operators.py for tasks to queue
[2023-08-09T12:06:24.487+0000] {logging_mixin.py:150} INFO - [2023-08-09T12:06:24.487+0000] {dagbag.py:541} INFO - Filling up the DagBag from /home/airflow/.local/lib/python3.7/site-packages/airflow/example_dags/example_dynamic_task_mapping_with_no_taskflow_operators.py
[2023-08-09T12:06:24.492+0000] {processor.py:836} INFO - DAG(s) dict_keys(['example_dynamic_task_mapping_with_no_taskflow_operators']) retrieved from /home/airflow/.local/lib/python3.7/site-packages/airflow/example_dags/example_dynamic_task_mapping_with_no_taskflow_operators.py
[2023-08-09T12:06:24.508+0000] {logging_mixin.py:150} INFO - [2023-08-09T12:06:24.508+0000] {dag.py:2742} INFO - Sync 1 DAGs
[2023-08-09T12:06:24.522+0000] {logging_mixin.py:150} INFO - [2023-08-09T12:06:24.522+0000] {dag.py:3508} INFO - Setting next_dagrun for example_dynamic_task_mapping_with_no_taskflow_operators to 2023-08-08T12:06:24.522724+00:00, run_after=2023-08-09T12:06:24.522724+00:00
[2023-08-09T12:06:24.531+0000] {processor.py:179} INFO - Processing /home/airflow/.local/lib/python3.7/site-packages/airflow/example_dags/example_dynamic_task_mapping_with_no_taskflow_operators.py took 0.049 seconds
[2023-08-09T12:06:54.831+0000] {processor.py:157} INFO - Started process (PID=455) to work on /home/airflow/.local/lib/python3.7/site-packages/airflow/example_dags/example_dynamic_task_mapping_with_no_taskflow_operators.py
[2023-08-09T12:06:54.832+0000] {processor.py:826} INFO - Processing file /home/airflow/.local/lib/python3.7/site-packages/airflow/example_dags/example_dynamic_task_mapping_with_no_taskflow_operators.py for tasks to queue
[2023-08-09T12:06:54.832+0000] {logging_mixin.py:150} INFO - [2023-08-09T12:06:54.832+0000] {dagbag.py:541} INFO - Filling up the DagBag from /home/airflow/.local/lib/python3.7/site-packages/airflow/example_dags/example_dynamic_task_mapping_with_no_taskflow_operators.py
[2023-08-09T12:06:54.838+0000] {processor.py:836} INFO - DAG(s) dict_keys(['example_dynamic_task_mapping_with_no_taskflow_operators']) retrieved from /home/airflow/.local/lib/python3.7/site-packages/airflow/example_dags/example_dynamic_task_mapping_with_no_taskflow_operators.py
[2023-08-09T12:06:54.857+0000] {logging_mixin.py:150} INFO - [2023-08-09T12:06:54.857+0000] {dag.py:2742} INFO - Sync 1 DAGs
[2023-08-09T12:06:54.871+0000] {logging_mixin.py:150} INFO - [2023-08-09T12:06:54.871+0000] {dag.py:3508} INFO - Setting next_dagrun for example_dynamic_task_mapping_with_no_taskflow_operators to 2023-08-08T12:06:54.871266+00:00, run_after=2023-08-09T12:06:54.871266+00:00
[2023-08-09T12:06:54.881+0000] {processor.py:179} INFO - Processing /home/airflow/.local/lib/python3.7/site-packages/airflow/example_dags/example_dynamic_task_mapping_with_no_taskflow_operators.py took 0.053 seconds
[2023-08-09T12:07:27.293+0000] {processor.py:157} INFO - Started process (PID=514) to work on /home/airflow/.local/lib/python3.7/site-packages/airflow/example_dags/example_dynamic_task_mapping_with_no_taskflow_operators.py
[2023-08-09T12:07:27.294+0000] {processor.py:826} INFO - Processing file /home/airflow/.local/lib/python3.7/site-packages/airflow/example_dags/example_dynamic_task_mapping_with_no_taskflow_operators.py for tasks to queue
[2023-08-09T12:07:27.294+0000] {logging_mixin.py:150} INFO - [2023-08-09T12:07:27.294+0000] {dagbag.py:541} INFO - Filling up the DagBag from /home/airflow/.local/lib/python3.7/site-packages/airflow/example_dags/example_dynamic_task_mapping_with_no_taskflow_operators.py
[2023-08-09T12:07:27.300+0000] {processor.py:836} INFO - DAG(s) dict_keys(['example_dynamic_task_mapping_with_no_taskflow_operators']) retrieved from /home/airflow/.local/lib/python3.7/site-packages/airflow/example_dags/example_dynamic_task_mapping_with_no_taskflow_operators.py
[2023-08-09T12:07:27.317+0000] {logging_mixin.py:150} INFO - [2023-08-09T12:07:27.317+0000] {dag.py:2742} INFO - Sync 1 DAGs
[2023-08-09T12:07:27.331+0000] {logging_mixin.py:150} INFO - [2023-08-09T12:07:27.331+0000] {dag.py:3508} INFO - Setting next_dagrun for example_dynamic_task_mapping_with_no_taskflow_operators to 2023-08-08T12:07:27.331362+00:00, run_after=2023-08-09T12:07:27.331362+00:00
[2023-08-09T12:07:27.340+0000] {processor.py:179} INFO - Processing /home/airflow/.local/lib/python3.7/site-packages/airflow/example_dags/example_dynamic_task_mapping_with_no_taskflow_operators.py took 0.050 seconds
[2023-08-09T12:16:42.487+0000] {processor.py:157} INFO - Started process (PID=575) to work on /home/airflow/.local/lib/python3.7/site-packages/airflow/example_dags/example_dynamic_task_mapping_with_no_taskflow_operators.py
[2023-08-09T12:16:42.488+0000] {processor.py:826} INFO - Processing file /home/airflow/.local/lib/python3.7/site-packages/airflow/example_dags/example_dynamic_task_mapping_with_no_taskflow_operators.py for tasks to queue
[2023-08-09T12:16:42.489+0000] {logging_mixin.py:150} INFO - [2023-08-09T12:16:42.489+0000] {dagbag.py:541} INFO - Filling up the DagBag from /home/airflow/.local/lib/python3.7/site-packages/airflow/example_dags/example_dynamic_task_mapping_with_no_taskflow_operators.py
[2023-08-09T12:16:42.494+0000] {processor.py:836} INFO - DAG(s) dict_keys(['example_dynamic_task_mapping_with_no_taskflow_operators']) retrieved from /home/airflow/.local/lib/python3.7/site-packages/airflow/example_dags/example_dynamic_task_mapping_with_no_taskflow_operators.py
[2023-08-09T12:16:42.510+0000] {logging_mixin.py:150} INFO - [2023-08-09T12:16:42.510+0000] {dag.py:2742} INFO - Sync 1 DAGs
[2023-08-09T12:16:42.523+0000] {logging_mixin.py:150} INFO - [2023-08-09T12:16:42.523+0000] {dag.py:3508} INFO - Setting next_dagrun for example_dynamic_task_mapping_with_no_taskflow_operators to 2023-08-08T12:16:42.523633+00:00, run_after=2023-08-09T12:16:42.523633+00:00
[2023-08-09T12:16:42.532+0000] {processor.py:179} INFO - Processing /home/airflow/.local/lib/python3.7/site-packages/airflow/example_dags/example_dynamic_task_mapping_with_no_taskflow_operators.py took 0.048 seconds
[2023-08-09T12:17:13.298+0000] {processor.py:157} INFO - Started process (PID=634) to work on /home/airflow/.local/lib/python3.7/site-packages/airflow/example_dags/example_dynamic_task_mapping_with_no_taskflow_operators.py
[2023-08-09T12:17:13.299+0000] {processor.py:826} INFO - Processing file /home/airflow/.local/lib/python3.7/site-packages/airflow/example_dags/example_dynamic_task_mapping_with_no_taskflow_operators.py for tasks to queue
[2023-08-09T12:17:13.300+0000] {logging_mixin.py:150} INFO - [2023-08-09T12:17:13.300+0000] {dagbag.py:541} INFO - Filling up the DagBag from /home/airflow/.local/lib/python3.7/site-packages/airflow/example_dags/example_dynamic_task_mapping_with_no_taskflow_operators.py
[2023-08-09T12:17:13.305+0000] {processor.py:836} INFO - DAG(s) dict_keys(['example_dynamic_task_mapping_with_no_taskflow_operators']) retrieved from /home/airflow/.local/lib/python3.7/site-packages/airflow/example_dags/example_dynamic_task_mapping_with_no_taskflow_operators.py
[2023-08-09T12:17:13.321+0000] {logging_mixin.py:150} INFO - [2023-08-09T12:17:13.321+0000] {dag.py:2742} INFO - Sync 1 DAGs
[2023-08-09T12:17:13.335+0000] {logging_mixin.py:150} INFO - [2023-08-09T12:17:13.335+0000] {dag.py:3508} INFO - Setting next_dagrun for example_dynamic_task_mapping_with_no_taskflow_operators to 2023-08-08T12:17:13.334818+00:00, run_after=2023-08-09T12:17:13.334818+00:00
[2023-08-09T12:17:13.344+0000] {processor.py:179} INFO - Processing /home/airflow/.local/lib/python3.7/site-packages/airflow/example_dags/example_dynamic_task_mapping_with_no_taskflow_operators.py took 0.049 seconds
[2023-08-09T12:33:45.775+0000] {processor.py:157} INFO - Started process (PID=693) to work on /home/airflow/.local/lib/python3.7/site-packages/airflow/example_dags/example_dynamic_task_mapping_with_no_taskflow_operators.py
[2023-08-09T12:33:45.776+0000] {processor.py:826} INFO - Processing file /home/airflow/.local/lib/python3.7/site-packages/airflow/example_dags/example_dynamic_task_mapping_with_no_taskflow_operators.py for tasks to queue
[2023-08-09T12:33:45.777+0000] {logging_mixin.py:150} INFO - [2023-08-09T12:33:45.777+0000] {dagbag.py:541} INFO - Filling up the DagBag from /home/airflow/.local/lib/python3.7/site-packages/airflow/example_dags/example_dynamic_task_mapping_with_no_taskflow_operators.py
[2023-08-09T12:33:45.786+0000] {processor.py:836} INFO - DAG(s) dict_keys(['example_dynamic_task_mapping_with_no_taskflow_operators']) retrieved from /home/airflow/.local/lib/python3.7/site-packages/airflow/example_dags/example_dynamic_task_mapping_with_no_taskflow_operators.py
[2023-08-09T12:33:45.806+0000] {logging_mixin.py:150} INFO - [2023-08-09T12:33:45.806+0000] {dag.py:2742} INFO - Sync 1 DAGs
[2023-08-09T12:33:45.827+0000] {logging_mixin.py:150} INFO - [2023-08-09T12:33:45.827+0000] {dag.py:3508} INFO - Setting next_dagrun for example_dynamic_task_mapping_with_no_taskflow_operators to 2023-08-08T12:33:45.827305+00:00, run_after=2023-08-09T12:33:45.827305+00:00
[2023-08-09T12:33:45.838+0000] {processor.py:179} INFO - Processing /home/airflow/.local/lib/python3.7/site-packages/airflow/example_dags/example_dynamic_task_mapping_with_no_taskflow_operators.py took 0.068 seconds
[2023-08-09T13:56:50.932+0000] {processor.py:157} INFO - Started process (PID=752) to work on /home/airflow/.local/lib/python3.7/site-packages/airflow/example_dags/example_dynamic_task_mapping_with_no_taskflow_operators.py
[2023-08-09T13:56:50.933+0000] {processor.py:826} INFO - Processing file /home/airflow/.local/lib/python3.7/site-packages/airflow/example_dags/example_dynamic_task_mapping_with_no_taskflow_operators.py for tasks to queue
[2023-08-09T13:56:50.934+0000] {logging_mixin.py:150} INFO - [2023-08-09T13:56:50.933+0000] {dagbag.py:541} INFO - Filling up the DagBag from /home/airflow/.local/lib/python3.7/site-packages/airflow/example_dags/example_dynamic_task_mapping_with_no_taskflow_operators.py
[2023-08-09T13:56:50.939+0000] {processor.py:836} INFO - DAG(s) dict_keys(['example_dynamic_task_mapping_with_no_taskflow_operators']) retrieved from /home/airflow/.local/lib/python3.7/site-packages/airflow/example_dags/example_dynamic_task_mapping_with_no_taskflow_operators.py
[2023-08-09T13:56:50.957+0000] {logging_mixin.py:150} INFO - [2023-08-09T13:56:50.957+0000] {dag.py:2742} INFO - Sync 1 DAGs
[2023-08-09T13:56:50.971+0000] {logging_mixin.py:150} INFO - [2023-08-09T13:56:50.971+0000] {dag.py:3508} INFO - Setting next_dagrun for example_dynamic_task_mapping_with_no_taskflow_operators to 2023-08-08T13:56:50.971525+00:00, run_after=2023-08-09T13:56:50.971525+00:00
[2023-08-09T13:56:50.982+0000] {processor.py:179} INFO - Processing /home/airflow/.local/lib/python3.7/site-packages/airflow/example_dags/example_dynamic_task_mapping_with_no_taskflow_operators.py took 0.053 seconds
[2023-08-09T14:58:25.364+0000] {processor.py:157} INFO - Started process (PID=811) to work on /home/airflow/.local/lib/python3.7/site-packages/airflow/example_dags/example_dynamic_task_mapping_with_no_taskflow_operators.py
[2023-08-09T14:58:25.366+0000] {processor.py:826} INFO - Processing file /home/airflow/.local/lib/python3.7/site-packages/airflow/example_dags/example_dynamic_task_mapping_with_no_taskflow_operators.py for tasks to queue
[2023-08-09T14:58:25.367+0000] {logging_mixin.py:150} INFO - [2023-08-09T14:58:25.366+0000] {dagbag.py:541} INFO - Filling up the DagBag from /home/airflow/.local/lib/python3.7/site-packages/airflow/example_dags/example_dynamic_task_mapping_with_no_taskflow_operators.py
[2023-08-09T14:58:25.373+0000] {processor.py:836} INFO - DAG(s) dict_keys(['example_dynamic_task_mapping_with_no_taskflow_operators']) retrieved from /home/airflow/.local/lib/python3.7/site-packages/airflow/example_dags/example_dynamic_task_mapping_with_no_taskflow_operators.py
[2023-08-09T14:58:25.389+0000] {logging_mixin.py:150} INFO - [2023-08-09T14:58:25.389+0000] {dag.py:2742} INFO - Sync 1 DAGs
[2023-08-09T14:58:25.403+0000] {logging_mixin.py:150} INFO - [2023-08-09T14:58:25.403+0000] {dag.py:3508} INFO - Setting next_dagrun for example_dynamic_task_mapping_with_no_taskflow_operators to 2023-08-08T14:58:25.403636+00:00, run_after=2023-08-09T14:58:25.403636+00:00
[2023-08-09T14:58:25.413+0000] {processor.py:179} INFO - Processing /home/airflow/.local/lib/python3.7/site-packages/airflow/example_dags/example_dynamic_task_mapping_with_no_taskflow_operators.py took 0.052 seconds
[2023-08-09T14:58:58.065+0000] {processor.py:157} INFO - Started process (PID=871) to work on /home/airflow/.local/lib/python3.7/site-packages/airflow/example_dags/example_dynamic_task_mapping_with_no_taskflow_operators.py
[2023-08-09T14:58:58.066+0000] {processor.py:826} INFO - Processing file /home/airflow/.local/lib/python3.7/site-packages/airflow/example_dags/example_dynamic_task_mapping_with_no_taskflow_operators.py for tasks to queue
[2023-08-09T14:58:58.067+0000] {logging_mixin.py:150} INFO - [2023-08-09T14:58:58.067+0000] {dagbag.py:541} INFO - Filling up the DagBag from /home/airflow/.local/lib/python3.7/site-packages/airflow/example_dags/example_dynamic_task_mapping_with_no_taskflow_operators.py
[2023-08-09T14:58:58.072+0000] {processor.py:836} INFO - DAG(s) dict_keys(['example_dynamic_task_mapping_with_no_taskflow_operators']) retrieved from /home/airflow/.local/lib/python3.7/site-packages/airflow/example_dags/example_dynamic_task_mapping_with_no_taskflow_operators.py
[2023-08-09T14:58:58.089+0000] {logging_mixin.py:150} INFO - [2023-08-09T14:58:58.089+0000] {dag.py:2742} INFO - Sync 1 DAGs
[2023-08-09T14:58:58.105+0000] {logging_mixin.py:150} INFO - [2023-08-09T14:58:58.105+0000] {dag.py:3508} INFO - Setting next_dagrun for example_dynamic_task_mapping_with_no_taskflow_operators to 2023-08-08T14:58:58.104814+00:00, run_after=2023-08-09T14:58:58.104814+00:00
[2023-08-09T14:58:58.117+0000] {processor.py:179} INFO - Processing /home/airflow/.local/lib/python3.7/site-packages/airflow/example_dags/example_dynamic_task_mapping_with_no_taskflow_operators.py took 0.054 seconds
[2023-08-09T16:16:42.546+0000] {processor.py:157} INFO - Started process (PID=930) to work on /home/airflow/.local/lib/python3.7/site-packages/airflow/example_dags/example_dynamic_task_mapping_with_no_taskflow_operators.py
[2023-08-09T16:16:42.547+0000] {processor.py:826} INFO - Processing file /home/airflow/.local/lib/python3.7/site-packages/airflow/example_dags/example_dynamic_task_mapping_with_no_taskflow_operators.py for tasks to queue
[2023-08-09T16:16:42.548+0000] {logging_mixin.py:150} INFO - [2023-08-09T16:16:42.548+0000] {dagbag.py:541} INFO - Filling up the DagBag from /home/airflow/.local/lib/python3.7/site-packages/airflow/example_dags/example_dynamic_task_mapping_with_no_taskflow_operators.py
[2023-08-09T16:16:42.554+0000] {processor.py:836} INFO - DAG(s) dict_keys(['example_dynamic_task_mapping_with_no_taskflow_operators']) retrieved from /home/airflow/.local/lib/python3.7/site-packages/airflow/example_dags/example_dynamic_task_mapping_with_no_taskflow_operators.py
[2023-08-09T16:16:42.570+0000] {logging_mixin.py:150} INFO - [2023-08-09T16:16:42.570+0000] {dag.py:2742} INFO - Sync 1 DAGs
[2023-08-09T16:16:42.584+0000] {logging_mixin.py:150} INFO - [2023-08-09T16:16:42.584+0000] {dag.py:3508} INFO - Setting next_dagrun for example_dynamic_task_mapping_with_no_taskflow_operators to 2023-08-08T16:16:42.584586+00:00, run_after=2023-08-09T16:16:42.584586+00:00
[2023-08-09T16:16:42.594+0000] {processor.py:179} INFO - Processing /home/airflow/.local/lib/python3.7/site-packages/airflow/example_dags/example_dynamic_task_mapping_with_no_taskflow_operators.py took 0.050 seconds
[2023-08-09T17:36:40.585+0000] {processor.py:157} INFO - Started process (PID=989) to work on /home/airflow/.local/lib/python3.7/site-packages/airflow/example_dags/example_dynamic_task_mapping_with_no_taskflow_operators.py
[2023-08-09T17:36:40.590+0000] {processor.py:826} INFO - Processing file /home/airflow/.local/lib/python3.7/site-packages/airflow/example_dags/example_dynamic_task_mapping_with_no_taskflow_operators.py for tasks to queue
[2023-08-09T17:36:40.591+0000] {logging_mixin.py:150} INFO - [2023-08-09T17:36:40.591+0000] {dagbag.py:541} INFO - Filling up the DagBag from /home/airflow/.local/lib/python3.7/site-packages/airflow/example_dags/example_dynamic_task_mapping_with_no_taskflow_operators.py
[2023-08-09T17:36:40.604+0000] {processor.py:836} INFO - DAG(s) dict_keys(['example_dynamic_task_mapping_with_no_taskflow_operators']) retrieved from /home/airflow/.local/lib/python3.7/site-packages/airflow/example_dags/example_dynamic_task_mapping_with_no_taskflow_operators.py
[2023-08-09T17:36:40.637+0000] {logging_mixin.py:150} INFO - [2023-08-09T17:36:40.637+0000] {dag.py:2742} INFO - Sync 1 DAGs
[2023-08-09T17:36:40.657+0000] {logging_mixin.py:150} INFO - [2023-08-09T17:36:40.657+0000] {dag.py:3508} INFO - Setting next_dagrun for example_dynamic_task_mapping_with_no_taskflow_operators to 2023-08-08T17:36:40.657434+00:00, run_after=2023-08-09T17:36:40.657434+00:00
[2023-08-09T17:36:40.670+0000] {processor.py:179} INFO - Processing /home/airflow/.local/lib/python3.7/site-packages/airflow/example_dags/example_dynamic_task_mapping_with_no_taskflow_operators.py took 0.091 seconds
[2023-08-09T18:58:23.292+0000] {processor.py:157} INFO - Started process (PID=1048) to work on /home/airflow/.local/lib/python3.7/site-packages/airflow/example_dags/example_dynamic_task_mapping_with_no_taskflow_operators.py
[2023-08-09T18:58:23.293+0000] {processor.py:826} INFO - Processing file /home/airflow/.local/lib/python3.7/site-packages/airflow/example_dags/example_dynamic_task_mapping_with_no_taskflow_operators.py for tasks to queue
[2023-08-09T18:58:23.294+0000] {logging_mixin.py:150} INFO - [2023-08-09T18:58:23.294+0000] {dagbag.py:541} INFO - Filling up the DagBag from /home/airflow/.local/lib/python3.7/site-packages/airflow/example_dags/example_dynamic_task_mapping_with_no_taskflow_operators.py
[2023-08-09T18:58:23.301+0000] {processor.py:836} INFO - DAG(s) dict_keys(['example_dynamic_task_mapping_with_no_taskflow_operators']) retrieved from /home/airflow/.local/lib/python3.7/site-packages/airflow/example_dags/example_dynamic_task_mapping_with_no_taskflow_operators.py
[2023-08-09T18:58:23.317+0000] {logging_mixin.py:150} INFO - [2023-08-09T18:58:23.317+0000] {dag.py:2742} INFO - Sync 1 DAGs
[2023-08-09T18:58:23.331+0000] {logging_mixin.py:150} INFO - [2023-08-09T18:58:23.331+0000] {dag.py:3508} INFO - Setting next_dagrun for example_dynamic_task_mapping_with_no_taskflow_operators to 2023-08-08T18:58:23.331374+00:00, run_after=2023-08-09T18:58:23.331374+00:00
[2023-08-09T18:58:23.341+0000] {processor.py:179} INFO - Processing /home/airflow/.local/lib/python3.7/site-packages/airflow/example_dags/example_dynamic_task_mapping_with_no_taskflow_operators.py took 0.051 seconds
[2023-08-09T20:21:02.246+0000] {processor.py:157} INFO - Started process (PID=1107) to work on /home/airflow/.local/lib/python3.7/site-packages/airflow/example_dags/example_dynamic_task_mapping_with_no_taskflow_operators.py
[2023-08-09T20:21:02.248+0000] {processor.py:826} INFO - Processing file /home/airflow/.local/lib/python3.7/site-packages/airflow/example_dags/example_dynamic_task_mapping_with_no_taskflow_operators.py for tasks to queue
[2023-08-09T20:21:02.248+0000] {logging_mixin.py:150} INFO - [2023-08-09T20:21:02.248+0000] {dagbag.py:541} INFO - Filling up the DagBag from /home/airflow/.local/lib/python3.7/site-packages/airflow/example_dags/example_dynamic_task_mapping_with_no_taskflow_operators.py
[2023-08-09T20:21:02.254+0000] {processor.py:836} INFO - DAG(s) dict_keys(['example_dynamic_task_mapping_with_no_taskflow_operators']) retrieved from /home/airflow/.local/lib/python3.7/site-packages/airflow/example_dags/example_dynamic_task_mapping_with_no_taskflow_operators.py
[2023-08-09T20:21:02.269+0000] {logging_mixin.py:150} INFO - [2023-08-09T20:21:02.269+0000] {dag.py:2742} INFO - Sync 1 DAGs
[2023-08-09T20:21:02.291+0000] {logging_mixin.py:150} INFO - [2023-08-09T20:21:02.291+0000] {dag.py:3508} INFO - Setting next_dagrun for example_dynamic_task_mapping_with_no_taskflow_operators to 2023-08-08T20:21:02.290737+00:00, run_after=2023-08-09T20:21:02.290737+00:00
[2023-08-09T20:21:02.306+0000] {processor.py:179} INFO - Processing /home/airflow/.local/lib/python3.7/site-packages/airflow/example_dags/example_dynamic_task_mapping_with_no_taskflow_operators.py took 0.062 seconds
[2023-08-09T21:44:55.732+0000] {processor.py:157} INFO - Started process (PID=1166) to work on /home/airflow/.local/lib/python3.7/site-packages/airflow/example_dags/example_dynamic_task_mapping_with_no_taskflow_operators.py
[2023-08-09T21:44:55.733+0000] {processor.py:826} INFO - Processing file /home/airflow/.local/lib/python3.7/site-packages/airflow/example_dags/example_dynamic_task_mapping_with_no_taskflow_operators.py for tasks to queue
[2023-08-09T21:44:55.734+0000] {logging_mixin.py:150} INFO - [2023-08-09T21:44:55.734+0000] {dagbag.py:541} INFO - Filling up the DagBag from /home/airflow/.local/lib/python3.7/site-packages/airflow/example_dags/example_dynamic_task_mapping_with_no_taskflow_operators.py
[2023-08-09T21:44:55.740+0000] {processor.py:836} INFO - DAG(s) dict_keys(['example_dynamic_task_mapping_with_no_taskflow_operators']) retrieved from /home/airflow/.local/lib/python3.7/site-packages/airflow/example_dags/example_dynamic_task_mapping_with_no_taskflow_operators.py
[2023-08-09T21:44:55.757+0000] {logging_mixin.py:150} INFO - [2023-08-09T21:44:55.757+0000] {dag.py:2742} INFO - Sync 1 DAGs
[2023-08-09T21:44:55.771+0000] {logging_mixin.py:150} INFO - [2023-08-09T21:44:55.771+0000] {dag.py:3508} INFO - Setting next_dagrun for example_dynamic_task_mapping_with_no_taskflow_operators to 2023-08-08T21:44:55.771012+00:00, run_after=2023-08-09T21:44:55.771012+00:00
[2023-08-09T21:44:55.779+0000] {processor.py:179} INFO - Processing /home/airflow/.local/lib/python3.7/site-packages/airflow/example_dags/example_dynamic_task_mapping_with_no_taskflow_operators.py took 0.050 seconds
[2023-08-09T22:36:36.168+0000] {processor.py:157} INFO - Started process (PID=1225) to work on /home/airflow/.local/lib/python3.7/site-packages/airflow/example_dags/example_dynamic_task_mapping_with_no_taskflow_operators.py
[2023-08-09T22:36:36.170+0000] {processor.py:826} INFO - Processing file /home/airflow/.local/lib/python3.7/site-packages/airflow/example_dags/example_dynamic_task_mapping_with_no_taskflow_operators.py for tasks to queue
[2023-08-09T22:36:36.171+0000] {logging_mixin.py:150} INFO - [2023-08-09T22:36:36.170+0000] {dagbag.py:541} INFO - Filling up the DagBag from /home/airflow/.local/lib/python3.7/site-packages/airflow/example_dags/example_dynamic_task_mapping_with_no_taskflow_operators.py
[2023-08-09T22:36:36.177+0000] {processor.py:836} INFO - DAG(s) dict_keys(['example_dynamic_task_mapping_with_no_taskflow_operators']) retrieved from /home/airflow/.local/lib/python3.7/site-packages/airflow/example_dags/example_dynamic_task_mapping_with_no_taskflow_operators.py
[2023-08-09T22:36:36.193+0000] {logging_mixin.py:150} INFO - [2023-08-09T22:36:36.193+0000] {dag.py:2742} INFO - Sync 1 DAGs
[2023-08-09T22:36:36.206+0000] {logging_mixin.py:150} INFO - [2023-08-09T22:36:36.206+0000] {dag.py:3508} INFO - Setting next_dagrun for example_dynamic_task_mapping_with_no_taskflow_operators to 2023-08-08T22:36:36.206196+00:00, run_after=2023-08-09T22:36:36.206196+00:00
[2023-08-09T22:36:36.215+0000] {processor.py:179} INFO - Processing /home/airflow/.local/lib/python3.7/site-packages/airflow/example_dags/example_dynamic_task_mapping_with_no_taskflow_operators.py took 0.049 seconds
[2023-08-09T22:37:06.613+0000] {processor.py:157} INFO - Started process (PID=1284) to work on /home/airflow/.local/lib/python3.7/site-packages/airflow/example_dags/example_dynamic_task_mapping_with_no_taskflow_operators.py
[2023-08-09T22:37:06.614+0000] {processor.py:826} INFO - Processing file /home/airflow/.local/lib/python3.7/site-packages/airflow/example_dags/example_dynamic_task_mapping_with_no_taskflow_operators.py for tasks to queue
[2023-08-09T22:37:06.615+0000] {logging_mixin.py:150} INFO - [2023-08-09T22:37:06.615+0000] {dagbag.py:541} INFO - Filling up the DagBag from /home/airflow/.local/lib/python3.7/site-packages/airflow/example_dags/example_dynamic_task_mapping_with_no_taskflow_operators.py
[2023-08-09T22:37:06.620+0000] {processor.py:836} INFO - DAG(s) dict_keys(['example_dynamic_task_mapping_with_no_taskflow_operators']) retrieved from /home/airflow/.local/lib/python3.7/site-packages/airflow/example_dags/example_dynamic_task_mapping_with_no_taskflow_operators.py
[2023-08-09T22:37:06.636+0000] {logging_mixin.py:150} INFO - [2023-08-09T22:37:06.636+0000] {dag.py:2742} INFO - Sync 1 DAGs
[2023-08-09T22:37:06.650+0000] {logging_mixin.py:150} INFO - [2023-08-09T22:37:06.650+0000] {dag.py:3508} INFO - Setting next_dagrun for example_dynamic_task_mapping_with_no_taskflow_operators to 2023-08-08T22:37:06.650089+00:00, run_after=2023-08-09T22:37:06.650089+00:00
[2023-08-09T22:37:06.659+0000] {processor.py:179} INFO - Processing /home/airflow/.local/lib/python3.7/site-packages/airflow/example_dags/example_dynamic_task_mapping_with_no_taskflow_operators.py took 0.049 seconds
[2023-08-09T22:37:36.851+0000] {processor.py:157} INFO - Started process (PID=1343) to work on /home/airflow/.local/lib/python3.7/site-packages/airflow/example_dags/example_dynamic_task_mapping_with_no_taskflow_operators.py
[2023-08-09T22:37:36.851+0000] {processor.py:826} INFO - Processing file /home/airflow/.local/lib/python3.7/site-packages/airflow/example_dags/example_dynamic_task_mapping_with_no_taskflow_operators.py for tasks to queue
[2023-08-09T22:37:36.852+0000] {logging_mixin.py:150} INFO - [2023-08-09T22:37:36.852+0000] {dagbag.py:541} INFO - Filling up the DagBag from /home/airflow/.local/lib/python3.7/site-packages/airflow/example_dags/example_dynamic_task_mapping_with_no_taskflow_operators.py
[2023-08-09T22:37:36.858+0000] {processor.py:836} INFO - DAG(s) dict_keys(['example_dynamic_task_mapping_with_no_taskflow_operators']) retrieved from /home/airflow/.local/lib/python3.7/site-packages/airflow/example_dags/example_dynamic_task_mapping_with_no_taskflow_operators.py
[2023-08-09T22:37:36.874+0000] {logging_mixin.py:150} INFO - [2023-08-09T22:37:36.874+0000] {dag.py:2742} INFO - Sync 1 DAGs
[2023-08-09T22:37:36.887+0000] {logging_mixin.py:150} INFO - [2023-08-09T22:37:36.887+0000] {dag.py:3508} INFO - Setting next_dagrun for example_dynamic_task_mapping_with_no_taskflow_operators to 2023-08-08T22:37:36.887233+00:00, run_after=2023-08-09T22:37:36.887233+00:00
[2023-08-09T22:37:36.896+0000] {processor.py:179} INFO - Processing /home/airflow/.local/lib/python3.7/site-packages/airflow/example_dags/example_dynamic_task_mapping_with_no_taskflow_operators.py took 0.048 seconds
[2023-08-09T23:31:52.112+0000] {processor.py:157} INFO - Started process (PID=1402) to work on /home/airflow/.local/lib/python3.7/site-packages/airflow/example_dags/example_dynamic_task_mapping_with_no_taskflow_operators.py
[2023-08-09T23:31:52.113+0000] {processor.py:826} INFO - Processing file /home/airflow/.local/lib/python3.7/site-packages/airflow/example_dags/example_dynamic_task_mapping_with_no_taskflow_operators.py for tasks to queue
[2023-08-09T23:31:52.115+0000] {logging_mixin.py:150} INFO - [2023-08-09T23:31:52.114+0000] {dagbag.py:541} INFO - Filling up the DagBag from /home/airflow/.local/lib/python3.7/site-packages/airflow/example_dags/example_dynamic_task_mapping_with_no_taskflow_operators.py
[2023-08-09T23:31:52.123+0000] {processor.py:836} INFO - DAG(s) dict_keys(['example_dynamic_task_mapping_with_no_taskflow_operators']) retrieved from /home/airflow/.local/lib/python3.7/site-packages/airflow/example_dags/example_dynamic_task_mapping_with_no_taskflow_operators.py
[2023-08-09T23:31:52.156+0000] {logging_mixin.py:150} INFO - [2023-08-09T23:31:52.156+0000] {dag.py:2742} INFO - Sync 1 DAGs
[2023-08-09T23:31:52.182+0000] {logging_mixin.py:150} INFO - [2023-08-09T23:31:52.182+0000] {dag.py:3508} INFO - Setting next_dagrun for example_dynamic_task_mapping_with_no_taskflow_operators to 2023-08-08T23:31:52.181483+00:00, run_after=2023-08-09T23:31:52.181483+00:00
[2023-08-09T23:31:52.205+0000] {processor.py:179} INFO - Processing /home/airflow/.local/lib/python3.7/site-packages/airflow/example_dags/example_dynamic_task_mapping_with_no_taskflow_operators.py took 0.098 seconds
