[2023-08-09T12:03:21.894+0000] {processor.py:157} INFO - Started process (PID=40) to work on /home/airflow/.local/lib/python3.7/site-packages/airflow/example_dags/example_task_group_decorator.py
[2023-08-09T12:03:21.896+0000] {processor.py:826} INFO - Processing file /home/airflow/.local/lib/python3.7/site-packages/airflow/example_dags/example_task_group_decorator.py for tasks to queue
[2023-08-09T12:03:21.897+0000] {logging_mixin.py:150} INFO - [2023-08-09T12:03:21.897+0000] {dagbag.py:541} INFO - Filling up the DagBag from /home/airflow/.local/lib/python3.7/site-packages/airflow/example_dags/example_task_group_decorator.py
[2023-08-09T12:03:21.909+0000] {processor.py:836} INFO - DAG(s) dict_keys(['example_task_group_decorator']) retrieved from /home/airflow/.local/lib/python3.7/site-packages/airflow/example_dags/example_task_group_decorator.py
[2023-08-09T12:03:21.925+0000] {logging_mixin.py:150} INFO - [2023-08-09T12:03:21.925+0000] {dag.py:2742} INFO - Sync 1 DAGs
[2023-08-09T12:03:21.947+0000] {logging_mixin.py:150} INFO - [2023-08-09T12:03:21.947+0000] {dag.py:3508} INFO - Setting next_dagrun for example_task_group_decorator to 2023-08-08T12:03:21.947357+00:00, run_after=2023-08-09T12:03:21.947357+00:00
[2023-08-09T12:03:21.960+0000] {processor.py:179} INFO - Processing /home/airflow/.local/lib/python3.7/site-packages/airflow/example_dags/example_task_group_decorator.py took 0.069 seconds
[2023-08-09T12:03:52.910+0000] {processor.py:157} INFO - Started process (PID=99) to work on /home/airflow/.local/lib/python3.7/site-packages/airflow/example_dags/example_task_group_decorator.py
[2023-08-09T12:03:52.911+0000] {processor.py:826} INFO - Processing file /home/airflow/.local/lib/python3.7/site-packages/airflow/example_dags/example_task_group_decorator.py for tasks to queue
[2023-08-09T12:03:52.912+0000] {logging_mixin.py:150} INFO - [2023-08-09T12:03:52.912+0000] {dagbag.py:541} INFO - Filling up the DagBag from /home/airflow/.local/lib/python3.7/site-packages/airflow/example_dags/example_task_group_decorator.py
[2023-08-09T12:03:52.922+0000] {processor.py:836} INFO - DAG(s) dict_keys(['example_task_group_decorator']) retrieved from /home/airflow/.local/lib/python3.7/site-packages/airflow/example_dags/example_task_group_decorator.py
[2023-08-09T12:03:52.941+0000] {logging_mixin.py:150} INFO - [2023-08-09T12:03:52.941+0000] {dag.py:2742} INFO - Sync 1 DAGs
[2023-08-09T12:03:52.956+0000] {logging_mixin.py:150} INFO - [2023-08-09T12:03:52.956+0000] {dag.py:3508} INFO - Setting next_dagrun for example_task_group_decorator to 2023-08-08T12:03:52.956353+00:00, run_after=2023-08-09T12:03:52.956353+00:00
[2023-08-09T12:03:52.967+0000] {processor.py:179} INFO - Processing /home/airflow/.local/lib/python3.7/site-packages/airflow/example_dags/example_task_group_decorator.py took 0.060 seconds
[2023-08-09T12:04:23.440+0000] {processor.py:157} INFO - Started process (PID=158) to work on /home/airflow/.local/lib/python3.7/site-packages/airflow/example_dags/example_task_group_decorator.py
[2023-08-09T12:04:23.441+0000] {processor.py:826} INFO - Processing file /home/airflow/.local/lib/python3.7/site-packages/airflow/example_dags/example_task_group_decorator.py for tasks to queue
[2023-08-09T12:04:23.441+0000] {logging_mixin.py:150} INFO - [2023-08-09T12:04:23.441+0000] {dagbag.py:541} INFO - Filling up the DagBag from /home/airflow/.local/lib/python3.7/site-packages/airflow/example_dags/example_task_group_decorator.py
[2023-08-09T12:04:23.451+0000] {processor.py:836} INFO - DAG(s) dict_keys(['example_task_group_decorator']) retrieved from /home/airflow/.local/lib/python3.7/site-packages/airflow/example_dags/example_task_group_decorator.py
[2023-08-09T12:04:23.469+0000] {logging_mixin.py:150} INFO - [2023-08-09T12:04:23.469+0000] {dag.py:2742} INFO - Sync 1 DAGs
[2023-08-09T12:04:23.483+0000] {logging_mixin.py:150} INFO - [2023-08-09T12:04:23.483+0000] {dag.py:3508} INFO - Setting next_dagrun for example_task_group_decorator to 2023-08-08T12:04:23.483428+00:00, run_after=2023-08-09T12:04:23.483428+00:00
[2023-08-09T12:04:23.493+0000] {processor.py:179} INFO - Processing /home/airflow/.local/lib/python3.7/site-packages/airflow/example_dags/example_task_group_decorator.py took 0.056 seconds
[2023-08-09T12:04:53.680+0000] {processor.py:157} INFO - Started process (PID=217) to work on /home/airflow/.local/lib/python3.7/site-packages/airflow/example_dags/example_task_group_decorator.py
[2023-08-09T12:04:53.682+0000] {processor.py:826} INFO - Processing file /home/airflow/.local/lib/python3.7/site-packages/airflow/example_dags/example_task_group_decorator.py for tasks to queue
[2023-08-09T12:04:53.682+0000] {logging_mixin.py:150} INFO - [2023-08-09T12:04:53.682+0000] {dagbag.py:541} INFO - Filling up the DagBag from /home/airflow/.local/lib/python3.7/site-packages/airflow/example_dags/example_task_group_decorator.py
[2023-08-09T12:04:53.691+0000] {processor.py:836} INFO - DAG(s) dict_keys(['example_task_group_decorator']) retrieved from /home/airflow/.local/lib/python3.7/site-packages/airflow/example_dags/example_task_group_decorator.py
[2023-08-09T12:04:53.710+0000] {logging_mixin.py:150} INFO - [2023-08-09T12:04:53.710+0000] {dag.py:2742} INFO - Sync 1 DAGs
[2023-08-09T12:04:53.724+0000] {logging_mixin.py:150} INFO - [2023-08-09T12:04:53.724+0000] {dag.py:3508} INFO - Setting next_dagrun for example_task_group_decorator to 2023-08-08T12:04:53.724574+00:00, run_after=2023-08-09T12:04:53.724574+00:00
[2023-08-09T12:04:53.734+0000] {processor.py:179} INFO - Processing /home/airflow/.local/lib/python3.7/site-packages/airflow/example_dags/example_task_group_decorator.py took 0.056 seconds
[2023-08-09T12:05:23.920+0000] {processor.py:157} INFO - Started process (PID=276) to work on /home/airflow/.local/lib/python3.7/site-packages/airflow/example_dags/example_task_group_decorator.py
[2023-08-09T12:05:23.921+0000] {processor.py:826} INFO - Processing file /home/airflow/.local/lib/python3.7/site-packages/airflow/example_dags/example_task_group_decorator.py for tasks to queue
[2023-08-09T12:05:23.922+0000] {logging_mixin.py:150} INFO - [2023-08-09T12:05:23.922+0000] {dagbag.py:541} INFO - Filling up the DagBag from /home/airflow/.local/lib/python3.7/site-packages/airflow/example_dags/example_task_group_decorator.py
[2023-08-09T12:05:23.931+0000] {processor.py:836} INFO - DAG(s) dict_keys(['example_task_group_decorator']) retrieved from /home/airflow/.local/lib/python3.7/site-packages/airflow/example_dags/example_task_group_decorator.py
[2023-08-09T12:05:23.949+0000] {logging_mixin.py:150} INFO - [2023-08-09T12:05:23.949+0000] {dag.py:2742} INFO - Sync 1 DAGs
[2023-08-09T12:05:23.963+0000] {logging_mixin.py:150} INFO - [2023-08-09T12:05:23.963+0000] {dag.py:3508} INFO - Setting next_dagrun for example_task_group_decorator to 2023-08-08T12:05:23.963304+00:00, run_after=2023-08-09T12:05:23.963304+00:00
[2023-08-09T12:05:23.972+0000] {processor.py:179} INFO - Processing /home/airflow/.local/lib/python3.7/site-packages/airflow/example_dags/example_task_group_decorator.py took 0.055 seconds
[2023-08-09T12:05:54.213+0000] {processor.py:157} INFO - Started process (PID=335) to work on /home/airflow/.local/lib/python3.7/site-packages/airflow/example_dags/example_task_group_decorator.py
[2023-08-09T12:05:54.214+0000] {processor.py:826} INFO - Processing file /home/airflow/.local/lib/python3.7/site-packages/airflow/example_dags/example_task_group_decorator.py for tasks to queue
[2023-08-09T12:05:54.215+0000] {logging_mixin.py:150} INFO - [2023-08-09T12:05:54.215+0000] {dagbag.py:541} INFO - Filling up the DagBag from /home/airflow/.local/lib/python3.7/site-packages/airflow/example_dags/example_task_group_decorator.py
[2023-08-09T12:05:54.224+0000] {processor.py:836} INFO - DAG(s) dict_keys(['example_task_group_decorator']) retrieved from /home/airflow/.local/lib/python3.7/site-packages/airflow/example_dags/example_task_group_decorator.py
[2023-08-09T12:05:54.242+0000] {logging_mixin.py:150} INFO - [2023-08-09T12:05:54.242+0000] {dag.py:2742} INFO - Sync 1 DAGs
[2023-08-09T12:05:54.255+0000] {logging_mixin.py:150} INFO - [2023-08-09T12:05:54.255+0000] {dag.py:3508} INFO - Setting next_dagrun for example_task_group_decorator to 2023-08-08T12:05:54.255710+00:00, run_after=2023-08-09T12:05:54.255710+00:00
[2023-08-09T12:05:54.266+0000] {processor.py:179} INFO - Processing /home/airflow/.local/lib/python3.7/site-packages/airflow/example_dags/example_task_group_decorator.py took 0.055 seconds
[2023-08-09T12:06:24.415+0000] {processor.py:157} INFO - Started process (PID=394) to work on /home/airflow/.local/lib/python3.7/site-packages/airflow/example_dags/example_task_group_decorator.py
[2023-08-09T12:06:24.416+0000] {processor.py:826} INFO - Processing file /home/airflow/.local/lib/python3.7/site-packages/airflow/example_dags/example_task_group_decorator.py for tasks to queue
[2023-08-09T12:06:24.417+0000] {logging_mixin.py:150} INFO - [2023-08-09T12:06:24.417+0000] {dagbag.py:541} INFO - Filling up the DagBag from /home/airflow/.local/lib/python3.7/site-packages/airflow/example_dags/example_task_group_decorator.py
[2023-08-09T12:06:24.426+0000] {processor.py:836} INFO - DAG(s) dict_keys(['example_task_group_decorator']) retrieved from /home/airflow/.local/lib/python3.7/site-packages/airflow/example_dags/example_task_group_decorator.py
[2023-08-09T12:06:24.444+0000] {logging_mixin.py:150} INFO - [2023-08-09T12:06:24.444+0000] {dag.py:2742} INFO - Sync 1 DAGs
[2023-08-09T12:06:24.457+0000] {logging_mixin.py:150} INFO - [2023-08-09T12:06:24.457+0000] {dag.py:3508} INFO - Setting next_dagrun for example_task_group_decorator to 2023-08-08T12:06:24.457193+00:00, run_after=2023-08-09T12:06:24.457193+00:00
[2023-08-09T12:06:24.466+0000] {processor.py:179} INFO - Processing /home/airflow/.local/lib/python3.7/site-packages/airflow/example_dags/example_task_group_decorator.py took 0.054 seconds
[2023-08-09T12:06:54.762+0000] {processor.py:157} INFO - Started process (PID=453) to work on /home/airflow/.local/lib/python3.7/site-packages/airflow/example_dags/example_task_group_decorator.py
[2023-08-09T12:06:54.763+0000] {processor.py:826} INFO - Processing file /home/airflow/.local/lib/python3.7/site-packages/airflow/example_dags/example_task_group_decorator.py for tasks to queue
[2023-08-09T12:06:54.764+0000] {logging_mixin.py:150} INFO - [2023-08-09T12:06:54.764+0000] {dagbag.py:541} INFO - Filling up the DagBag from /home/airflow/.local/lib/python3.7/site-packages/airflow/example_dags/example_task_group_decorator.py
[2023-08-09T12:06:54.773+0000] {processor.py:836} INFO - DAG(s) dict_keys(['example_task_group_decorator']) retrieved from /home/airflow/.local/lib/python3.7/site-packages/airflow/example_dags/example_task_group_decorator.py
[2023-08-09T12:06:54.791+0000] {logging_mixin.py:150} INFO - [2023-08-09T12:06:54.791+0000] {dag.py:2742} INFO - Sync 1 DAGs
[2023-08-09T12:06:54.804+0000] {logging_mixin.py:150} INFO - [2023-08-09T12:06:54.804+0000] {dag.py:3508} INFO - Setting next_dagrun for example_task_group_decorator to 2023-08-08T12:06:54.803974+00:00, run_after=2023-08-09T12:06:54.803974+00:00
[2023-08-09T12:06:54.814+0000] {processor.py:179} INFO - Processing /home/airflow/.local/lib/python3.7/site-packages/airflow/example_dags/example_task_group_decorator.py took 0.055 seconds
[2023-08-09T12:07:27.222+0000] {processor.py:157} INFO - Started process (PID=512) to work on /home/airflow/.local/lib/python3.7/site-packages/airflow/example_dags/example_task_group_decorator.py
[2023-08-09T12:07:27.223+0000] {processor.py:826} INFO - Processing file /home/airflow/.local/lib/python3.7/site-packages/airflow/example_dags/example_task_group_decorator.py for tasks to queue
[2023-08-09T12:07:27.224+0000] {logging_mixin.py:150} INFO - [2023-08-09T12:07:27.224+0000] {dagbag.py:541} INFO - Filling up the DagBag from /home/airflow/.local/lib/python3.7/site-packages/airflow/example_dags/example_task_group_decorator.py
[2023-08-09T12:07:27.233+0000] {processor.py:836} INFO - DAG(s) dict_keys(['example_task_group_decorator']) retrieved from /home/airflow/.local/lib/python3.7/site-packages/airflow/example_dags/example_task_group_decorator.py
[2023-08-09T12:07:27.252+0000] {logging_mixin.py:150} INFO - [2023-08-09T12:07:27.252+0000] {dag.py:2742} INFO - Sync 1 DAGs
[2023-08-09T12:07:27.266+0000] {logging_mixin.py:150} INFO - [2023-08-09T12:07:27.266+0000] {dag.py:3508} INFO - Setting next_dagrun for example_task_group_decorator to 2023-08-08T12:07:27.266009+00:00, run_after=2023-08-09T12:07:27.266009+00:00
[2023-08-09T12:07:27.275+0000] {processor.py:179} INFO - Processing /home/airflow/.local/lib/python3.7/site-packages/airflow/example_dags/example_task_group_decorator.py took 0.056 seconds
[2023-08-09T12:16:42.417+0000] {processor.py:157} INFO - Started process (PID=573) to work on /home/airflow/.local/lib/python3.7/site-packages/airflow/example_dags/example_task_group_decorator.py
[2023-08-09T12:16:42.418+0000] {processor.py:826} INFO - Processing file /home/airflow/.local/lib/python3.7/site-packages/airflow/example_dags/example_task_group_decorator.py for tasks to queue
[2023-08-09T12:16:42.419+0000] {logging_mixin.py:150} INFO - [2023-08-09T12:16:42.418+0000] {dagbag.py:541} INFO - Filling up the DagBag from /home/airflow/.local/lib/python3.7/site-packages/airflow/example_dags/example_task_group_decorator.py
[2023-08-09T12:16:42.428+0000] {processor.py:836} INFO - DAG(s) dict_keys(['example_task_group_decorator']) retrieved from /home/airflow/.local/lib/python3.7/site-packages/airflow/example_dags/example_task_group_decorator.py
[2023-08-09T12:16:42.446+0000] {logging_mixin.py:150} INFO - [2023-08-09T12:16:42.446+0000] {dag.py:2742} INFO - Sync 1 DAGs
[2023-08-09T12:16:42.459+0000] {logging_mixin.py:150} INFO - [2023-08-09T12:16:42.459+0000] {dag.py:3508} INFO - Setting next_dagrun for example_task_group_decorator to 2023-08-08T12:16:42.459403+00:00, run_after=2023-08-09T12:16:42.459403+00:00
[2023-08-09T12:16:42.468+0000] {processor.py:179} INFO - Processing /home/airflow/.local/lib/python3.7/site-packages/airflow/example_dags/example_task_group_decorator.py took 0.054 seconds
[2023-08-09T12:17:13.225+0000] {processor.py:157} INFO - Started process (PID=632) to work on /home/airflow/.local/lib/python3.7/site-packages/airflow/example_dags/example_task_group_decorator.py
[2023-08-09T12:17:13.226+0000] {processor.py:826} INFO - Processing file /home/airflow/.local/lib/python3.7/site-packages/airflow/example_dags/example_task_group_decorator.py for tasks to queue
[2023-08-09T12:17:13.227+0000] {logging_mixin.py:150} INFO - [2023-08-09T12:17:13.227+0000] {dagbag.py:541} INFO - Filling up the DagBag from /home/airflow/.local/lib/python3.7/site-packages/airflow/example_dags/example_task_group_decorator.py
[2023-08-09T12:17:13.237+0000] {processor.py:836} INFO - DAG(s) dict_keys(['example_task_group_decorator']) retrieved from /home/airflow/.local/lib/python3.7/site-packages/airflow/example_dags/example_task_group_decorator.py
[2023-08-09T12:17:13.255+0000] {logging_mixin.py:150} INFO - [2023-08-09T12:17:13.255+0000] {dag.py:2742} INFO - Sync 1 DAGs
[2023-08-09T12:17:13.269+0000] {logging_mixin.py:150} INFO - [2023-08-09T12:17:13.269+0000] {dag.py:3508} INFO - Setting next_dagrun for example_task_group_decorator to 2023-08-08T12:17:13.269416+00:00, run_after=2023-08-09T12:17:13.269416+00:00
[2023-08-09T12:17:13.278+0000] {processor.py:179} INFO - Processing /home/airflow/.local/lib/python3.7/site-packages/airflow/example_dags/example_task_group_decorator.py took 0.056 seconds
[2023-08-09T12:33:45.102+0000] {processor.py:157} INFO - Started process (PID=691) to work on /home/airflow/.local/lib/python3.7/site-packages/airflow/example_dags/example_task_group_decorator.py
[2023-08-09T12:33:45.107+0000] {processor.py:826} INFO - Processing file /home/airflow/.local/lib/python3.7/site-packages/airflow/example_dags/example_task_group_decorator.py for tasks to queue
[2023-08-09T12:33:45.113+0000] {logging_mixin.py:150} INFO - [2023-08-09T12:33:45.112+0000] {dagbag.py:541} INFO - Filling up the DagBag from /home/airflow/.local/lib/python3.7/site-packages/airflow/example_dags/example_task_group_decorator.py
[2023-08-09T12:33:45.168+0000] {processor.py:836} INFO - DAG(s) dict_keys(['example_task_group_decorator']) retrieved from /home/airflow/.local/lib/python3.7/site-packages/airflow/example_dags/example_task_group_decorator.py
[2023-08-09T12:33:45.699+0000] {logging_mixin.py:150} INFO - [2023-08-09T12:33:45.698+0000] {dag.py:2742} INFO - Sync 1 DAGs
[2023-08-09T12:33:45.721+0000] {logging_mixin.py:150} INFO - [2023-08-09T12:33:45.721+0000] {dag.py:3508} INFO - Setting next_dagrun for example_task_group_decorator to 2023-08-08T12:33:45.720676+00:00, run_after=2023-08-09T12:33:45.720676+00:00
[2023-08-09T12:33:45.734+0000] {processor.py:179} INFO - Processing /home/airflow/.local/lib/python3.7/site-packages/airflow/example_dags/example_task_group_decorator.py took 0.641 seconds
[2023-08-09T13:56:50.840+0000] {processor.py:157} INFO - Started process (PID=750) to work on /home/airflow/.local/lib/python3.7/site-packages/airflow/example_dags/example_task_group_decorator.py
[2023-08-09T13:56:50.841+0000] {processor.py:826} INFO - Processing file /home/airflow/.local/lib/python3.7/site-packages/airflow/example_dags/example_task_group_decorator.py for tasks to queue
[2023-08-09T13:56:50.842+0000] {logging_mixin.py:150} INFO - [2023-08-09T13:56:50.842+0000] {dagbag.py:541} INFO - Filling up the DagBag from /home/airflow/.local/lib/python3.7/site-packages/airflow/example_dags/example_task_group_decorator.py
[2023-08-09T13:56:50.855+0000] {processor.py:836} INFO - DAG(s) dict_keys(['example_task_group_decorator']) retrieved from /home/airflow/.local/lib/python3.7/site-packages/airflow/example_dags/example_task_group_decorator.py
[2023-08-09T13:56:50.879+0000] {logging_mixin.py:150} INFO - [2023-08-09T13:56:50.879+0000] {dag.py:2742} INFO - Sync 1 DAGs
[2023-08-09T13:56:50.897+0000] {logging_mixin.py:150} INFO - [2023-08-09T13:56:50.896+0000] {dag.py:3508} INFO - Setting next_dagrun for example_task_group_decorator to 2023-08-08T13:56:50.896701+00:00, run_after=2023-08-09T13:56:50.896701+00:00
[2023-08-09T13:56:50.909+0000] {processor.py:179} INFO - Processing /home/airflow/.local/lib/python3.7/site-packages/airflow/example_dags/example_task_group_decorator.py took 0.072 seconds
[2023-08-09T14:58:25.286+0000] {processor.py:157} INFO - Started process (PID=809) to work on /home/airflow/.local/lib/python3.7/site-packages/airflow/example_dags/example_task_group_decorator.py
[2023-08-09T14:58:25.287+0000] {processor.py:826} INFO - Processing file /home/airflow/.local/lib/python3.7/site-packages/airflow/example_dags/example_task_group_decorator.py for tasks to queue
[2023-08-09T14:58:25.288+0000] {logging_mixin.py:150} INFO - [2023-08-09T14:58:25.288+0000] {dagbag.py:541} INFO - Filling up the DagBag from /home/airflow/.local/lib/python3.7/site-packages/airflow/example_dags/example_task_group_decorator.py
[2023-08-09T14:58:25.298+0000] {processor.py:836} INFO - DAG(s) dict_keys(['example_task_group_decorator']) retrieved from /home/airflow/.local/lib/python3.7/site-packages/airflow/example_dags/example_task_group_decorator.py
[2023-08-09T14:58:25.317+0000] {logging_mixin.py:150} INFO - [2023-08-09T14:58:25.317+0000] {dag.py:2742} INFO - Sync 1 DAGs
[2023-08-09T14:58:25.332+0000] {logging_mixin.py:150} INFO - [2023-08-09T14:58:25.332+0000] {dag.py:3508} INFO - Setting next_dagrun for example_task_group_decorator to 2023-08-08T14:58:25.332611+00:00, run_after=2023-08-09T14:58:25.332611+00:00
[2023-08-09T14:58:25.342+0000] {processor.py:179} INFO - Processing /home/airflow/.local/lib/python3.7/site-packages/airflow/example_dags/example_task_group_decorator.py took 0.058 seconds
[2023-08-09T14:58:57.991+0000] {processor.py:157} INFO - Started process (PID=869) to work on /home/airflow/.local/lib/python3.7/site-packages/airflow/example_dags/example_task_group_decorator.py
[2023-08-09T14:58:57.992+0000] {processor.py:826} INFO - Processing file /home/airflow/.local/lib/python3.7/site-packages/airflow/example_dags/example_task_group_decorator.py for tasks to queue
[2023-08-09T14:58:57.993+0000] {logging_mixin.py:150} INFO - [2023-08-09T14:58:57.992+0000] {dagbag.py:541} INFO - Filling up the DagBag from /home/airflow/.local/lib/python3.7/site-packages/airflow/example_dags/example_task_group_decorator.py
[2023-08-09T14:58:58.002+0000] {processor.py:836} INFO - DAG(s) dict_keys(['example_task_group_decorator']) retrieved from /home/airflow/.local/lib/python3.7/site-packages/airflow/example_dags/example_task_group_decorator.py
[2023-08-09T14:58:58.021+0000] {logging_mixin.py:150} INFO - [2023-08-09T14:58:58.021+0000] {dag.py:2742} INFO - Sync 1 DAGs
[2023-08-09T14:58:58.035+0000] {logging_mixin.py:150} INFO - [2023-08-09T14:58:58.035+0000] {dag.py:3508} INFO - Setting next_dagrun for example_task_group_decorator to 2023-08-08T14:58:58.035341+00:00, run_after=2023-08-09T14:58:58.035341+00:00
[2023-08-09T14:58:58.044+0000] {processor.py:179} INFO - Processing /home/airflow/.local/lib/python3.7/site-packages/airflow/example_dags/example_task_group_decorator.py took 0.056 seconds
[2023-08-09T16:16:42.473+0000] {processor.py:157} INFO - Started process (PID=928) to work on /home/airflow/.local/lib/python3.7/site-packages/airflow/example_dags/example_task_group_decorator.py
[2023-08-09T16:16:42.474+0000] {processor.py:826} INFO - Processing file /home/airflow/.local/lib/python3.7/site-packages/airflow/example_dags/example_task_group_decorator.py for tasks to queue
[2023-08-09T16:16:42.475+0000] {logging_mixin.py:150} INFO - [2023-08-09T16:16:42.474+0000] {dagbag.py:541} INFO - Filling up the DagBag from /home/airflow/.local/lib/python3.7/site-packages/airflow/example_dags/example_task_group_decorator.py
[2023-08-09T16:16:42.484+0000] {processor.py:836} INFO - DAG(s) dict_keys(['example_task_group_decorator']) retrieved from /home/airflow/.local/lib/python3.7/site-packages/airflow/example_dags/example_task_group_decorator.py
[2023-08-09T16:16:42.502+0000] {logging_mixin.py:150} INFO - [2023-08-09T16:16:42.502+0000] {dag.py:2742} INFO - Sync 1 DAGs
[2023-08-09T16:16:42.517+0000] {logging_mixin.py:150} INFO - [2023-08-09T16:16:42.517+0000] {dag.py:3508} INFO - Setting next_dagrun for example_task_group_decorator to 2023-08-08T16:16:42.517180+00:00, run_after=2023-08-09T16:16:42.517180+00:00
[2023-08-09T16:16:42.526+0000] {processor.py:179} INFO - Processing /home/airflow/.local/lib/python3.7/site-packages/airflow/example_dags/example_task_group_decorator.py took 0.056 seconds
[2023-08-09T17:36:40.366+0000] {processor.py:157} INFO - Started process (PID=987) to work on /home/airflow/.local/lib/python3.7/site-packages/airflow/example_dags/example_task_group_decorator.py
[2023-08-09T17:36:40.369+0000] {processor.py:826} INFO - Processing file /home/airflow/.local/lib/python3.7/site-packages/airflow/example_dags/example_task_group_decorator.py for tasks to queue
[2023-08-09T17:36:40.377+0000] {logging_mixin.py:150} INFO - [2023-08-09T17:36:40.376+0000] {dagbag.py:541} INFO - Filling up the DagBag from /home/airflow/.local/lib/python3.7/site-packages/airflow/example_dags/example_task_group_decorator.py
[2023-08-09T17:36:40.407+0000] {processor.py:836} INFO - DAG(s) dict_keys(['example_task_group_decorator']) retrieved from /home/airflow/.local/lib/python3.7/site-packages/airflow/example_dags/example_task_group_decorator.py
[2023-08-09T17:36:40.469+0000] {logging_mixin.py:150} INFO - [2023-08-09T17:36:40.469+0000] {dag.py:2742} INFO - Sync 1 DAGs
[2023-08-09T17:36:40.510+0000] {logging_mixin.py:150} INFO - [2023-08-09T17:36:40.509+0000] {dag.py:3508} INFO - Setting next_dagrun for example_task_group_decorator to 2023-08-08T17:36:40.508757+00:00, run_after=2023-08-09T17:36:40.508757+00:00
[2023-08-09T17:36:40.534+0000] {processor.py:179} INFO - Processing /home/airflow/.local/lib/python3.7/site-packages/airflow/example_dags/example_task_group_decorator.py took 0.175 seconds
[2023-08-09T18:58:23.217+0000] {processor.py:157} INFO - Started process (PID=1046) to work on /home/airflow/.local/lib/python3.7/site-packages/airflow/example_dags/example_task_group_decorator.py
[2023-08-09T18:58:23.218+0000] {processor.py:826} INFO - Processing file /home/airflow/.local/lib/python3.7/site-packages/airflow/example_dags/example_task_group_decorator.py for tasks to queue
[2023-08-09T18:58:23.219+0000] {logging_mixin.py:150} INFO - [2023-08-09T18:58:23.219+0000] {dagbag.py:541} INFO - Filling up the DagBag from /home/airflow/.local/lib/python3.7/site-packages/airflow/example_dags/example_task_group_decorator.py
[2023-08-09T18:58:23.229+0000] {processor.py:836} INFO - DAG(s) dict_keys(['example_task_group_decorator']) retrieved from /home/airflow/.local/lib/python3.7/site-packages/airflow/example_dags/example_task_group_decorator.py
[2023-08-09T18:58:23.248+0000] {logging_mixin.py:150} INFO - [2023-08-09T18:58:23.248+0000] {dag.py:2742} INFO - Sync 1 DAGs
[2023-08-09T18:58:23.262+0000] {logging_mixin.py:150} INFO - [2023-08-09T18:58:23.262+0000] {dag.py:3508} INFO - Setting next_dagrun for example_task_group_decorator to 2023-08-08T18:58:23.262241+00:00, run_after=2023-08-09T18:58:23.262241+00:00
[2023-08-09T18:58:23.272+0000] {processor.py:179} INFO - Processing /home/airflow/.local/lib/python3.7/site-packages/airflow/example_dags/example_task_group_decorator.py took 0.058 seconds
[2023-08-09T20:21:02.171+0000] {processor.py:157} INFO - Started process (PID=1105) to work on /home/airflow/.local/lib/python3.7/site-packages/airflow/example_dags/example_task_group_decorator.py
[2023-08-09T20:21:02.172+0000] {processor.py:826} INFO - Processing file /home/airflow/.local/lib/python3.7/site-packages/airflow/example_dags/example_task_group_decorator.py for tasks to queue
[2023-08-09T20:21:02.173+0000] {logging_mixin.py:150} INFO - [2023-08-09T20:21:02.172+0000] {dagbag.py:541} INFO - Filling up the DagBag from /home/airflow/.local/lib/python3.7/site-packages/airflow/example_dags/example_task_group_decorator.py
[2023-08-09T20:21:02.182+0000] {processor.py:836} INFO - DAG(s) dict_keys(['example_task_group_decorator']) retrieved from /home/airflow/.local/lib/python3.7/site-packages/airflow/example_dags/example_task_group_decorator.py
[2023-08-09T20:21:02.201+0000] {logging_mixin.py:150} INFO - [2023-08-09T20:21:02.200+0000] {dag.py:2742} INFO - Sync 1 DAGs
[2023-08-09T20:21:02.215+0000] {logging_mixin.py:150} INFO - [2023-08-09T20:21:02.215+0000] {dag.py:3508} INFO - Setting next_dagrun for example_task_group_decorator to 2023-08-08T20:21:02.215507+00:00, run_after=2023-08-09T20:21:02.215507+00:00
[2023-08-09T20:21:02.226+0000] {processor.py:179} INFO - Processing /home/airflow/.local/lib/python3.7/site-packages/airflow/example_dags/example_task_group_decorator.py took 0.058 seconds
[2023-08-09T21:44:55.348+0000] {processor.py:157} INFO - Started process (PID=1164) to work on /home/airflow/.local/lib/python3.7/site-packages/airflow/example_dags/example_task_group_decorator.py
[2023-08-09T21:44:55.351+0000] {processor.py:826} INFO - Processing file /home/airflow/.local/lib/python3.7/site-packages/airflow/example_dags/example_task_group_decorator.py for tasks to queue
[2023-08-09T21:44:55.352+0000] {logging_mixin.py:150} INFO - [2023-08-09T21:44:55.352+0000] {dagbag.py:541} INFO - Filling up the DagBag from /home/airflow/.local/lib/python3.7/site-packages/airflow/example_dags/example_task_group_decorator.py
[2023-08-09T21:44:55.422+0000] {processor.py:836} INFO - DAG(s) dict_keys(['example_task_group_decorator']) retrieved from /home/airflow/.local/lib/python3.7/site-packages/airflow/example_dags/example_task_group_decorator.py
[2023-08-09T21:44:55.679+0000] {logging_mixin.py:150} INFO - [2023-08-09T21:44:55.679+0000] {dag.py:2742} INFO - Sync 1 DAGs
[2023-08-09T21:44:55.697+0000] {logging_mixin.py:150} INFO - [2023-08-09T21:44:55.696+0000] {dag.py:3508} INFO - Setting next_dagrun for example_task_group_decorator to 2023-08-08T21:44:55.696601+00:00, run_after=2023-08-09T21:44:55.696601+00:00
[2023-08-09T21:44:55.707+0000] {processor.py:179} INFO - Processing /home/airflow/.local/lib/python3.7/site-packages/airflow/example_dags/example_task_group_decorator.py took 0.372 seconds
[2023-08-09T22:36:36.090+0000] {processor.py:157} INFO - Started process (PID=1223) to work on /home/airflow/.local/lib/python3.7/site-packages/airflow/example_dags/example_task_group_decorator.py
[2023-08-09T22:36:36.091+0000] {processor.py:826} INFO - Processing file /home/airflow/.local/lib/python3.7/site-packages/airflow/example_dags/example_task_group_decorator.py for tasks to queue
[2023-08-09T22:36:36.092+0000] {logging_mixin.py:150} INFO - [2023-08-09T22:36:36.092+0000] {dagbag.py:541} INFO - Filling up the DagBag from /home/airflow/.local/lib/python3.7/site-packages/airflow/example_dags/example_task_group_decorator.py
[2023-08-09T22:36:36.102+0000] {processor.py:836} INFO - DAG(s) dict_keys(['example_task_group_decorator']) retrieved from /home/airflow/.local/lib/python3.7/site-packages/airflow/example_dags/example_task_group_decorator.py
[2023-08-09T22:36:36.121+0000] {logging_mixin.py:150} INFO - [2023-08-09T22:36:36.121+0000] {dag.py:2742} INFO - Sync 1 DAGs
[2023-08-09T22:36:36.136+0000] {logging_mixin.py:150} INFO - [2023-08-09T22:36:36.136+0000] {dag.py:3508} INFO - Setting next_dagrun for example_task_group_decorator to 2023-08-08T22:36:36.135956+00:00, run_after=2023-08-09T22:36:36.135956+00:00
[2023-08-09T22:36:36.146+0000] {processor.py:179} INFO - Processing /home/airflow/.local/lib/python3.7/site-packages/airflow/example_dags/example_task_group_decorator.py took 0.059 seconds
[2023-08-09T22:37:06.542+0000] {processor.py:157} INFO - Started process (PID=1282) to work on /home/airflow/.local/lib/python3.7/site-packages/airflow/example_dags/example_task_group_decorator.py
[2023-08-09T22:37:06.543+0000] {processor.py:826} INFO - Processing file /home/airflow/.local/lib/python3.7/site-packages/airflow/example_dags/example_task_group_decorator.py for tasks to queue
[2023-08-09T22:37:06.543+0000] {logging_mixin.py:150} INFO - [2023-08-09T22:37:06.543+0000] {dagbag.py:541} INFO - Filling up the DagBag from /home/airflow/.local/lib/python3.7/site-packages/airflow/example_dags/example_task_group_decorator.py
[2023-08-09T22:37:06.552+0000] {processor.py:836} INFO - DAG(s) dict_keys(['example_task_group_decorator']) retrieved from /home/airflow/.local/lib/python3.7/site-packages/airflow/example_dags/example_task_group_decorator.py
[2023-08-09T22:37:06.569+0000] {logging_mixin.py:150} INFO - [2023-08-09T22:37:06.569+0000] {dag.py:2742} INFO - Sync 1 DAGs
[2023-08-09T22:37:06.583+0000] {logging_mixin.py:150} INFO - [2023-08-09T22:37:06.583+0000] {dag.py:3508} INFO - Setting next_dagrun for example_task_group_decorator to 2023-08-08T22:37:06.583334+00:00, run_after=2023-08-09T22:37:06.583334+00:00
[2023-08-09T22:37:06.593+0000] {processor.py:179} INFO - Processing /home/airflow/.local/lib/python3.7/site-packages/airflow/example_dags/example_task_group_decorator.py took 0.054 seconds
[2023-08-09T22:37:36.783+0000] {processor.py:157} INFO - Started process (PID=1341) to work on /home/airflow/.local/lib/python3.7/site-packages/airflow/example_dags/example_task_group_decorator.py
[2023-08-09T22:37:36.784+0000] {processor.py:826} INFO - Processing file /home/airflow/.local/lib/python3.7/site-packages/airflow/example_dags/example_task_group_decorator.py for tasks to queue
[2023-08-09T22:37:36.785+0000] {logging_mixin.py:150} INFO - [2023-08-09T22:37:36.785+0000] {dagbag.py:541} INFO - Filling up the DagBag from /home/airflow/.local/lib/python3.7/site-packages/airflow/example_dags/example_task_group_decorator.py
[2023-08-09T22:37:36.794+0000] {processor.py:836} INFO - DAG(s) dict_keys(['example_task_group_decorator']) retrieved from /home/airflow/.local/lib/python3.7/site-packages/airflow/example_dags/example_task_group_decorator.py
[2023-08-09T22:37:36.812+0000] {logging_mixin.py:150} INFO - [2023-08-09T22:37:36.812+0000] {dag.py:2742} INFO - Sync 1 DAGs
[2023-08-09T22:37:36.825+0000] {logging_mixin.py:150} INFO - [2023-08-09T22:37:36.825+0000] {dag.py:3508} INFO - Setting next_dagrun for example_task_group_decorator to 2023-08-08T22:37:36.824886+00:00, run_after=2023-08-09T22:37:36.824886+00:00
[2023-08-09T22:37:36.834+0000] {processor.py:179} INFO - Processing /home/airflow/.local/lib/python3.7/site-packages/airflow/example_dags/example_task_group_decorator.py took 0.053 seconds
[2023-08-09T23:31:51.930+0000] {processor.py:157} INFO - Started process (PID=1400) to work on /home/airflow/.local/lib/python3.7/site-packages/airflow/example_dags/example_task_group_decorator.py
[2023-08-09T23:31:51.953+0000] {processor.py:826} INFO - Processing file /home/airflow/.local/lib/python3.7/site-packages/airflow/example_dags/example_task_group_decorator.py for tasks to queue
[2023-08-09T23:31:51.956+0000] {logging_mixin.py:150} INFO - [2023-08-09T23:31:51.955+0000] {dagbag.py:541} INFO - Filling up the DagBag from /home/airflow/.local/lib/python3.7/site-packages/airflow/example_dags/example_task_group_decorator.py
[2023-08-09T23:31:51.988+0000] {processor.py:836} INFO - DAG(s) dict_keys(['example_task_group_decorator']) retrieved from /home/airflow/.local/lib/python3.7/site-packages/airflow/example_dags/example_task_group_decorator.py
[2023-08-09T23:31:52.033+0000] {logging_mixin.py:150} INFO - [2023-08-09T23:31:52.033+0000] {dag.py:2742} INFO - Sync 1 DAGs
[2023-08-09T23:31:52.061+0000] {logging_mixin.py:150} INFO - [2023-08-09T23:31:52.061+0000] {dag.py:3508} INFO - Setting next_dagrun for example_task_group_decorator to 2023-08-08T23:31:52.060760+00:00, run_after=2023-08-09T23:31:52.060760+00:00
[2023-08-09T23:31:52.074+0000] {processor.py:179} INFO - Processing /home/airflow/.local/lib/python3.7/site-packages/airflow/example_dags/example_task_group_decorator.py took 0.156 seconds
