[2023-08-09T12:03:21.785+0000] {processor.py:157} INFO - Started process (PID=37) to work on /home/airflow/.local/lib/python3.7/site-packages/airflow/example_dags/example_dag_decorator.py
[2023-08-09T12:03:21.786+0000] {processor.py:826} INFO - Processing file /home/airflow/.local/lib/python3.7/site-packages/airflow/example_dags/example_dag_decorator.py for tasks to queue
[2023-08-09T12:03:21.787+0000] {logging_mixin.py:150} INFO - [2023-08-09T12:03:21.787+0000] {dagbag.py:541} INFO - Filling up the DagBag from /home/airflow/.local/lib/python3.7/site-packages/airflow/example_dags/example_dag_decorator.py
[2023-08-09T12:03:21.801+0000] {processor.py:836} INFO - DAG(s) dict_keys(['example_dag_decorator']) retrieved from /home/airflow/.local/lib/python3.7/site-packages/airflow/example_dags/example_dag_decorator.py
[2023-08-09T12:03:21.812+0000] {logging_mixin.py:150} INFO - [2023-08-09T12:03:21.812+0000] {dag.py:2742} INFO - Sync 1 DAGs
[2023-08-09T12:03:21.827+0000] {logging_mixin.py:150} INFO - [2023-08-09T12:03:21.827+0000] {dag.py:3508} INFO - Setting next_dagrun for example_dag_decorator to None, run_after=None
[2023-08-09T12:03:21.842+0000] {processor.py:179} INFO - Processing /home/airflow/.local/lib/python3.7/site-packages/airflow/example_dags/example_dag_decorator.py took 0.059 seconds
[2023-08-09T12:03:52.749+0000] {processor.py:157} INFO - Started process (PID=96) to work on /home/airflow/.local/lib/python3.7/site-packages/airflow/example_dags/example_dag_decorator.py
[2023-08-09T12:03:52.750+0000] {processor.py:826} INFO - Processing file /home/airflow/.local/lib/python3.7/site-packages/airflow/example_dags/example_dag_decorator.py for tasks to queue
[2023-08-09T12:03:52.751+0000] {logging_mixin.py:150} INFO - [2023-08-09T12:03:52.751+0000] {dagbag.py:541} INFO - Filling up the DagBag from /home/airflow/.local/lib/python3.7/site-packages/airflow/example_dags/example_dag_decorator.py
[2023-08-09T12:03:52.762+0000] {processor.py:836} INFO - DAG(s) dict_keys(['example_dag_decorator']) retrieved from /home/airflow/.local/lib/python3.7/site-packages/airflow/example_dags/example_dag_decorator.py
[2023-08-09T12:03:52.859+0000] {logging_mixin.py:150} INFO - [2023-08-09T12:03:52.859+0000] {dag.py:2742} INFO - Sync 1 DAGs
[2023-08-09T12:03:52.874+0000] {logging_mixin.py:150} INFO - [2023-08-09T12:03:52.874+0000] {dag.py:3508} INFO - Setting next_dagrun for example_dag_decorator to None, run_after=None
[2023-08-09T12:03:52.885+0000] {processor.py:179} INFO - Processing /home/airflow/.local/lib/python3.7/site-packages/airflow/example_dags/example_dag_decorator.py took 0.139 seconds
[2023-08-09T12:04:23.294+0000] {processor.py:157} INFO - Started process (PID=155) to work on /home/airflow/.local/lib/python3.7/site-packages/airflow/example_dags/example_dag_decorator.py
[2023-08-09T12:04:23.295+0000] {processor.py:826} INFO - Processing file /home/airflow/.local/lib/python3.7/site-packages/airflow/example_dags/example_dag_decorator.py for tasks to queue
[2023-08-09T12:04:23.296+0000] {logging_mixin.py:150} INFO - [2023-08-09T12:04:23.296+0000] {dagbag.py:541} INFO - Filling up the DagBag from /home/airflow/.local/lib/python3.7/site-packages/airflow/example_dags/example_dag_decorator.py
[2023-08-09T12:04:23.307+0000] {processor.py:836} INFO - DAG(s) dict_keys(['example_dag_decorator']) retrieved from /home/airflow/.local/lib/python3.7/site-packages/airflow/example_dags/example_dag_decorator.py
[2023-08-09T12:04:23.394+0000] {logging_mixin.py:150} INFO - [2023-08-09T12:04:23.394+0000] {dag.py:2742} INFO - Sync 1 DAGs
[2023-08-09T12:04:23.406+0000] {logging_mixin.py:150} INFO - [2023-08-09T12:04:23.406+0000] {dag.py:3508} INFO - Setting next_dagrun for example_dag_decorator to None, run_after=None
[2023-08-09T12:04:23.418+0000] {processor.py:179} INFO - Processing /home/airflow/.local/lib/python3.7/site-packages/airflow/example_dags/example_dag_decorator.py took 0.126 seconds
[2023-08-09T12:04:53.544+0000] {processor.py:157} INFO - Started process (PID=214) to work on /home/airflow/.local/lib/python3.7/site-packages/airflow/example_dags/example_dag_decorator.py
[2023-08-09T12:04:53.546+0000] {processor.py:826} INFO - Processing file /home/airflow/.local/lib/python3.7/site-packages/airflow/example_dags/example_dag_decorator.py for tasks to queue
[2023-08-09T12:04:53.546+0000] {logging_mixin.py:150} INFO - [2023-08-09T12:04:53.546+0000] {dagbag.py:541} INFO - Filling up the DagBag from /home/airflow/.local/lib/python3.7/site-packages/airflow/example_dags/example_dag_decorator.py
[2023-08-09T12:04:53.556+0000] {processor.py:836} INFO - DAG(s) dict_keys(['example_dag_decorator']) retrieved from /home/airflow/.local/lib/python3.7/site-packages/airflow/example_dags/example_dag_decorator.py
[2023-08-09T12:04:53.625+0000] {logging_mixin.py:150} INFO - [2023-08-09T12:04:53.625+0000] {dag.py:2742} INFO - Sync 1 DAGs
[2023-08-09T12:04:53.637+0000] {logging_mixin.py:150} INFO - [2023-08-09T12:04:53.637+0000] {dag.py:3508} INFO - Setting next_dagrun for example_dag_decorator to None, run_after=None
[2023-08-09T12:04:53.647+0000] {processor.py:179} INFO - Processing /home/airflow/.local/lib/python3.7/site-packages/airflow/example_dags/example_dag_decorator.py took 0.105 seconds
[2023-08-09T12:05:23.730+0000] {processor.py:157} INFO - Started process (PID=273) to work on /home/airflow/.local/lib/python3.7/site-packages/airflow/example_dags/example_dag_decorator.py
[2023-08-09T12:05:23.731+0000] {processor.py:826} INFO - Processing file /home/airflow/.local/lib/python3.7/site-packages/airflow/example_dags/example_dag_decorator.py for tasks to queue
[2023-08-09T12:05:23.732+0000] {logging_mixin.py:150} INFO - [2023-08-09T12:05:23.731+0000] {dagbag.py:541} INFO - Filling up the DagBag from /home/airflow/.local/lib/python3.7/site-packages/airflow/example_dags/example_dag_decorator.py
[2023-08-09T12:05:23.742+0000] {processor.py:836} INFO - DAG(s) dict_keys(['example_dag_decorator']) retrieved from /home/airflow/.local/lib/python3.7/site-packages/airflow/example_dags/example_dag_decorator.py
[2023-08-09T12:05:23.813+0000] {logging_mixin.py:150} INFO - [2023-08-09T12:05:23.813+0000] {dag.py:2742} INFO - Sync 1 DAGs
[2023-08-09T12:05:23.826+0000] {logging_mixin.py:150} INFO - [2023-08-09T12:05:23.826+0000] {dag.py:3508} INFO - Setting next_dagrun for example_dag_decorator to None, run_after=None
[2023-08-09T12:05:23.836+0000] {processor.py:179} INFO - Processing /home/airflow/.local/lib/python3.7/site-packages/airflow/example_dags/example_dag_decorator.py took 0.108 seconds
[2023-08-09T12:05:54.016+0000] {processor.py:157} INFO - Started process (PID=332) to work on /home/airflow/.local/lib/python3.7/site-packages/airflow/example_dags/example_dag_decorator.py
[2023-08-09T12:05:54.017+0000] {processor.py:826} INFO - Processing file /home/airflow/.local/lib/python3.7/site-packages/airflow/example_dags/example_dag_decorator.py for tasks to queue
[2023-08-09T12:05:54.018+0000] {logging_mixin.py:150} INFO - [2023-08-09T12:05:54.017+0000] {dagbag.py:541} INFO - Filling up the DagBag from /home/airflow/.local/lib/python3.7/site-packages/airflow/example_dags/example_dag_decorator.py
[2023-08-09T12:05:54.027+0000] {processor.py:836} INFO - DAG(s) dict_keys(['example_dag_decorator']) retrieved from /home/airflow/.local/lib/python3.7/site-packages/airflow/example_dags/example_dag_decorator.py
[2023-08-09T12:05:54.096+0000] {logging_mixin.py:150} INFO - [2023-08-09T12:05:54.096+0000] {dag.py:2742} INFO - Sync 1 DAGs
[2023-08-09T12:05:54.110+0000] {logging_mixin.py:150} INFO - [2023-08-09T12:05:54.110+0000] {dag.py:3508} INFO - Setting next_dagrun for example_dag_decorator to None, run_after=None
[2023-08-09T12:05:54.121+0000] {processor.py:179} INFO - Processing /home/airflow/.local/lib/python3.7/site-packages/airflow/example_dags/example_dag_decorator.py took 0.108 seconds
[2023-08-09T12:06:24.228+0000] {processor.py:157} INFO - Started process (PID=391) to work on /home/airflow/.local/lib/python3.7/site-packages/airflow/example_dags/example_dag_decorator.py
[2023-08-09T12:06:24.229+0000] {processor.py:826} INFO - Processing file /home/airflow/.local/lib/python3.7/site-packages/airflow/example_dags/example_dag_decorator.py for tasks to queue
[2023-08-09T12:06:24.230+0000] {logging_mixin.py:150} INFO - [2023-08-09T12:06:24.230+0000] {dagbag.py:541} INFO - Filling up the DagBag from /home/airflow/.local/lib/python3.7/site-packages/airflow/example_dags/example_dag_decorator.py
[2023-08-09T12:06:24.239+0000] {processor.py:836} INFO - DAG(s) dict_keys(['example_dag_decorator']) retrieved from /home/airflow/.local/lib/python3.7/site-packages/airflow/example_dags/example_dag_decorator.py
[2023-08-09T12:06:24.308+0000] {logging_mixin.py:150} INFO - [2023-08-09T12:06:24.307+0000] {dag.py:2742} INFO - Sync 1 DAGs
[2023-08-09T12:06:24.319+0000] {logging_mixin.py:150} INFO - [2023-08-09T12:06:24.319+0000] {dag.py:3508} INFO - Setting next_dagrun for example_dag_decorator to None, run_after=None
[2023-08-09T12:06:24.329+0000] {processor.py:179} INFO - Processing /home/airflow/.local/lib/python3.7/site-packages/airflow/example_dags/example_dag_decorator.py took 0.104 seconds
[2023-08-09T12:06:54.560+0000] {processor.py:157} INFO - Started process (PID=450) to work on /home/airflow/.local/lib/python3.7/site-packages/airflow/example_dags/example_dag_decorator.py
[2023-08-09T12:06:54.561+0000] {processor.py:826} INFO - Processing file /home/airflow/.local/lib/python3.7/site-packages/airflow/example_dags/example_dag_decorator.py for tasks to queue
[2023-08-09T12:06:54.561+0000] {logging_mixin.py:150} INFO - [2023-08-09T12:06:54.561+0000] {dagbag.py:541} INFO - Filling up the DagBag from /home/airflow/.local/lib/python3.7/site-packages/airflow/example_dags/example_dag_decorator.py
[2023-08-09T12:06:54.571+0000] {processor.py:836} INFO - DAG(s) dict_keys(['example_dag_decorator']) retrieved from /home/airflow/.local/lib/python3.7/site-packages/airflow/example_dags/example_dag_decorator.py
[2023-08-09T12:06:54.648+0000] {logging_mixin.py:150} INFO - [2023-08-09T12:06:54.648+0000] {dag.py:2742} INFO - Sync 1 DAGs
[2023-08-09T12:06:54.663+0000] {logging_mixin.py:150} INFO - [2023-08-09T12:06:54.662+0000] {dag.py:3508} INFO - Setting next_dagrun for example_dag_decorator to None, run_after=None
[2023-08-09T12:06:54.675+0000] {processor.py:179} INFO - Processing /home/airflow/.local/lib/python3.7/site-packages/airflow/example_dags/example_dag_decorator.py took 0.118 seconds
[2023-08-09T12:07:27.030+0000] {processor.py:157} INFO - Started process (PID=509) to work on /home/airflow/.local/lib/python3.7/site-packages/airflow/example_dags/example_dag_decorator.py
[2023-08-09T12:07:27.031+0000] {processor.py:826} INFO - Processing file /home/airflow/.local/lib/python3.7/site-packages/airflow/example_dags/example_dag_decorator.py for tasks to queue
[2023-08-09T12:07:27.032+0000] {logging_mixin.py:150} INFO - [2023-08-09T12:07:27.032+0000] {dagbag.py:541} INFO - Filling up the DagBag from /home/airflow/.local/lib/python3.7/site-packages/airflow/example_dags/example_dag_decorator.py
[2023-08-09T12:07:27.042+0000] {processor.py:836} INFO - DAG(s) dict_keys(['example_dag_decorator']) retrieved from /home/airflow/.local/lib/python3.7/site-packages/airflow/example_dags/example_dag_decorator.py
[2023-08-09T12:07:27.113+0000] {logging_mixin.py:150} INFO - [2023-08-09T12:07:27.113+0000] {dag.py:2742} INFO - Sync 1 DAGs
[2023-08-09T12:07:27.125+0000] {logging_mixin.py:150} INFO - [2023-08-09T12:07:27.125+0000] {dag.py:3508} INFO - Setting next_dagrun for example_dag_decorator to None, run_after=None
[2023-08-09T12:07:27.135+0000] {processor.py:179} INFO - Processing /home/airflow/.local/lib/python3.7/site-packages/airflow/example_dags/example_dag_decorator.py took 0.108 seconds
[2023-08-09T12:16:42.295+0000] {processor.py:157} INFO - Started process (PID=570) to work on /home/airflow/.local/lib/python3.7/site-packages/airflow/example_dags/example_dag_decorator.py
[2023-08-09T12:16:42.297+0000] {processor.py:826} INFO - Processing file /home/airflow/.local/lib/python3.7/site-packages/airflow/example_dags/example_dag_decorator.py for tasks to queue
[2023-08-09T12:16:42.298+0000] {logging_mixin.py:150} INFO - [2023-08-09T12:16:42.297+0000] {dagbag.py:541} INFO - Filling up the DagBag from /home/airflow/.local/lib/python3.7/site-packages/airflow/example_dags/example_dag_decorator.py
[2023-08-09T12:16:42.307+0000] {processor.py:836} INFO - DAG(s) dict_keys(['example_dag_decorator']) retrieved from /home/airflow/.local/lib/python3.7/site-packages/airflow/example_dags/example_dag_decorator.py
[2023-08-09T12:16:42.373+0000] {logging_mixin.py:150} INFO - [2023-08-09T12:16:42.373+0000] {dag.py:2742} INFO - Sync 1 DAGs
[2023-08-09T12:16:42.385+0000] {logging_mixin.py:150} INFO - [2023-08-09T12:16:42.385+0000] {dag.py:3508} INFO - Setting next_dagrun for example_dag_decorator to None, run_after=None
[2023-08-09T12:16:42.396+0000] {processor.py:179} INFO - Processing /home/airflow/.local/lib/python3.7/site-packages/airflow/example_dags/example_dag_decorator.py took 0.103 seconds
[2023-08-09T12:17:13.086+0000] {processor.py:157} INFO - Started process (PID=629) to work on /home/airflow/.local/lib/python3.7/site-packages/airflow/example_dags/example_dag_decorator.py
[2023-08-09T12:17:13.087+0000] {processor.py:826} INFO - Processing file /home/airflow/.local/lib/python3.7/site-packages/airflow/example_dags/example_dag_decorator.py for tasks to queue
[2023-08-09T12:17:13.088+0000] {logging_mixin.py:150} INFO - [2023-08-09T12:17:13.088+0000] {dagbag.py:541} INFO - Filling up the DagBag from /home/airflow/.local/lib/python3.7/site-packages/airflow/example_dags/example_dag_decorator.py
[2023-08-09T12:17:13.099+0000] {processor.py:836} INFO - DAG(s) dict_keys(['example_dag_decorator']) retrieved from /home/airflow/.local/lib/python3.7/site-packages/airflow/example_dags/example_dag_decorator.py
[2023-08-09T12:17:13.182+0000] {logging_mixin.py:150} INFO - [2023-08-09T12:17:13.182+0000] {dag.py:2742} INFO - Sync 1 DAGs
[2023-08-09T12:17:13.194+0000] {logging_mixin.py:150} INFO - [2023-08-09T12:17:13.194+0000] {dag.py:3508} INFO - Setting next_dagrun for example_dag_decorator to None, run_after=None
[2023-08-09T12:17:13.204+0000] {processor.py:179} INFO - Processing /home/airflow/.local/lib/python3.7/site-packages/airflow/example_dags/example_dag_decorator.py took 0.120 seconds
[2023-08-09T12:33:44.750+0000] {processor.py:157} INFO - Started process (PID=688) to work on /home/airflow/.local/lib/python3.7/site-packages/airflow/example_dags/example_dag_decorator.py
[2023-08-09T12:33:44.754+0000] {processor.py:826} INFO - Processing file /home/airflow/.local/lib/python3.7/site-packages/airflow/example_dags/example_dag_decorator.py for tasks to queue
[2023-08-09T12:33:44.755+0000] {logging_mixin.py:150} INFO - [2023-08-09T12:33:44.755+0000] {dagbag.py:541} INFO - Filling up the DagBag from /home/airflow/.local/lib/python3.7/site-packages/airflow/example_dags/example_dag_decorator.py
[2023-08-09T12:33:44.777+0000] {processor.py:836} INFO - DAG(s) dict_keys(['example_dag_decorator']) retrieved from /home/airflow/.local/lib/python3.7/site-packages/airflow/example_dags/example_dag_decorator.py
[2023-08-09T12:33:44.979+0000] {logging_mixin.py:150} INFO - [2023-08-09T12:33:44.979+0000] {dag.py:2742} INFO - Sync 1 DAGs
[2023-08-09T12:33:45.007+0000] {logging_mixin.py:150} INFO - [2023-08-09T12:33:45.007+0000] {dag.py:3508} INFO - Setting next_dagrun for example_dag_decorator to None, run_after=None
[2023-08-09T12:33:45.053+0000] {processor.py:179} INFO - Processing /home/airflow/.local/lib/python3.7/site-packages/airflow/example_dags/example_dag_decorator.py took 0.307 seconds
[2023-08-09T13:56:50.688+0000] {processor.py:157} INFO - Started process (PID=747) to work on /home/airflow/.local/lib/python3.7/site-packages/airflow/example_dags/example_dag_decorator.py
[2023-08-09T13:56:50.689+0000] {processor.py:826} INFO - Processing file /home/airflow/.local/lib/python3.7/site-packages/airflow/example_dags/example_dag_decorator.py for tasks to queue
[2023-08-09T13:56:50.690+0000] {logging_mixin.py:150} INFO - [2023-08-09T13:56:50.690+0000] {dagbag.py:541} INFO - Filling up the DagBag from /home/airflow/.local/lib/python3.7/site-packages/airflow/example_dags/example_dag_decorator.py
[2023-08-09T13:56:50.700+0000] {processor.py:836} INFO - DAG(s) dict_keys(['example_dag_decorator']) retrieved from /home/airflow/.local/lib/python3.7/site-packages/airflow/example_dags/example_dag_decorator.py
[2023-08-09T13:56:50.790+0000] {logging_mixin.py:150} INFO - [2023-08-09T13:56:50.790+0000] {dag.py:2742} INFO - Sync 1 DAGs
[2023-08-09T13:56:50.803+0000] {logging_mixin.py:150} INFO - [2023-08-09T13:56:50.803+0000] {dag.py:3508} INFO - Setting next_dagrun for example_dag_decorator to None, run_after=None
[2023-08-09T13:56:50.813+0000] {processor.py:179} INFO - Processing /home/airflow/.local/lib/python3.7/site-packages/airflow/example_dags/example_dag_decorator.py took 0.128 seconds
[2023-08-09T14:58:25.159+0000] {processor.py:157} INFO - Started process (PID=806) to work on /home/airflow/.local/lib/python3.7/site-packages/airflow/example_dags/example_dag_decorator.py
[2023-08-09T14:58:25.160+0000] {processor.py:826} INFO - Processing file /home/airflow/.local/lib/python3.7/site-packages/airflow/example_dags/example_dag_decorator.py for tasks to queue
[2023-08-09T14:58:25.161+0000] {logging_mixin.py:150} INFO - [2023-08-09T14:58:25.161+0000] {dagbag.py:541} INFO - Filling up the DagBag from /home/airflow/.local/lib/python3.7/site-packages/airflow/example_dags/example_dag_decorator.py
[2023-08-09T14:58:25.172+0000] {processor.py:836} INFO - DAG(s) dict_keys(['example_dag_decorator']) retrieved from /home/airflow/.local/lib/python3.7/site-packages/airflow/example_dags/example_dag_decorator.py
[2023-08-09T14:58:25.241+0000] {logging_mixin.py:150} INFO - [2023-08-09T14:58:25.241+0000] {dag.py:2742} INFO - Sync 1 DAGs
[2023-08-09T14:58:25.254+0000] {logging_mixin.py:150} INFO - [2023-08-09T14:58:25.254+0000] {dag.py:3508} INFO - Setting next_dagrun for example_dag_decorator to None, run_after=None
[2023-08-09T14:58:25.264+0000] {processor.py:179} INFO - Processing /home/airflow/.local/lib/python3.7/site-packages/airflow/example_dags/example_dag_decorator.py took 0.108 seconds
[2023-08-09T14:58:57.868+0000] {processor.py:157} INFO - Started process (PID=866) to work on /home/airflow/.local/lib/python3.7/site-packages/airflow/example_dags/example_dag_decorator.py
[2023-08-09T14:58:57.869+0000] {processor.py:826} INFO - Processing file /home/airflow/.local/lib/python3.7/site-packages/airflow/example_dags/example_dag_decorator.py for tasks to queue
[2023-08-09T14:58:57.870+0000] {logging_mixin.py:150} INFO - [2023-08-09T14:58:57.870+0000] {dagbag.py:541} INFO - Filling up the DagBag from /home/airflow/.local/lib/python3.7/site-packages/airflow/example_dags/example_dag_decorator.py
[2023-08-09T14:58:57.880+0000] {processor.py:836} INFO - DAG(s) dict_keys(['example_dag_decorator']) retrieved from /home/airflow/.local/lib/python3.7/site-packages/airflow/example_dags/example_dag_decorator.py
[2023-08-09T14:58:57.948+0000] {logging_mixin.py:150} INFO - [2023-08-09T14:58:57.947+0000] {dag.py:2742} INFO - Sync 1 DAGs
[2023-08-09T14:58:57.960+0000] {logging_mixin.py:150} INFO - [2023-08-09T14:58:57.960+0000] {dag.py:3508} INFO - Setting next_dagrun for example_dag_decorator to None, run_after=None
[2023-08-09T14:58:57.969+0000] {processor.py:179} INFO - Processing /home/airflow/.local/lib/python3.7/site-packages/airflow/example_dags/example_dag_decorator.py took 0.104 seconds
[2023-08-09T16:16:42.342+0000] {processor.py:157} INFO - Started process (PID=925) to work on /home/airflow/.local/lib/python3.7/site-packages/airflow/example_dags/example_dag_decorator.py
[2023-08-09T16:16:42.343+0000] {processor.py:826} INFO - Processing file /home/airflow/.local/lib/python3.7/site-packages/airflow/example_dags/example_dag_decorator.py for tasks to queue
[2023-08-09T16:16:42.344+0000] {logging_mixin.py:150} INFO - [2023-08-09T16:16:42.344+0000] {dagbag.py:541} INFO - Filling up the DagBag from /home/airflow/.local/lib/python3.7/site-packages/airflow/example_dags/example_dag_decorator.py
[2023-08-09T16:16:42.355+0000] {processor.py:836} INFO - DAG(s) dict_keys(['example_dag_decorator']) retrieved from /home/airflow/.local/lib/python3.7/site-packages/airflow/example_dags/example_dag_decorator.py
[2023-08-09T16:16:42.425+0000] {logging_mixin.py:150} INFO - [2023-08-09T16:16:42.425+0000] {dag.py:2742} INFO - Sync 1 DAGs
[2023-08-09T16:16:42.438+0000] {logging_mixin.py:150} INFO - [2023-08-09T16:16:42.438+0000] {dag.py:3508} INFO - Setting next_dagrun for example_dag_decorator to None, run_after=None
[2023-08-09T16:16:42.451+0000] {processor.py:179} INFO - Processing /home/airflow/.local/lib/python3.7/site-packages/airflow/example_dags/example_dag_decorator.py took 0.112 seconds
[2023-08-09T17:36:39.861+0000] {processor.py:157} INFO - Started process (PID=984) to work on /home/airflow/.local/lib/python3.7/site-packages/airflow/example_dags/example_dag_decorator.py
[2023-08-09T17:36:39.864+0000] {processor.py:826} INFO - Processing file /home/airflow/.local/lib/python3.7/site-packages/airflow/example_dags/example_dag_decorator.py for tasks to queue
[2023-08-09T17:36:39.869+0000] {logging_mixin.py:150} INFO - [2023-08-09T17:36:39.868+0000] {dagbag.py:541} INFO - Filling up the DagBag from /home/airflow/.local/lib/python3.7/site-packages/airflow/example_dags/example_dag_decorator.py
[2023-08-09T17:36:39.935+0000] {processor.py:836} INFO - DAG(s) dict_keys(['example_dag_decorator']) retrieved from /home/airflow/.local/lib/python3.7/site-packages/airflow/example_dags/example_dag_decorator.py
[2023-08-09T17:36:40.218+0000] {logging_mixin.py:150} INFO - [2023-08-09T17:36:40.218+0000] {dag.py:2742} INFO - Sync 1 DAGs
[2023-08-09T17:36:40.251+0000] {logging_mixin.py:150} INFO - [2023-08-09T17:36:40.251+0000] {dag.py:3508} INFO - Setting next_dagrun for example_dag_decorator to None, run_after=None
[2023-08-09T17:36:40.301+0000] {processor.py:179} INFO - Processing /home/airflow/.local/lib/python3.7/site-packages/airflow/example_dags/example_dag_decorator.py took 0.449 seconds
[2023-08-09T18:58:23.063+0000] {processor.py:157} INFO - Started process (PID=1043) to work on /home/airflow/.local/lib/python3.7/site-packages/airflow/example_dags/example_dag_decorator.py
[2023-08-09T18:58:23.064+0000] {processor.py:826} INFO - Processing file /home/airflow/.local/lib/python3.7/site-packages/airflow/example_dags/example_dag_decorator.py for tasks to queue
[2023-08-09T18:58:23.065+0000] {logging_mixin.py:150} INFO - [2023-08-09T18:58:23.065+0000] {dagbag.py:541} INFO - Filling up the DagBag from /home/airflow/.local/lib/python3.7/site-packages/airflow/example_dags/example_dag_decorator.py
[2023-08-09T18:58:23.077+0000] {processor.py:836} INFO - DAG(s) dict_keys(['example_dag_decorator']) retrieved from /home/airflow/.local/lib/python3.7/site-packages/airflow/example_dags/example_dag_decorator.py
[2023-08-09T18:58:23.173+0000] {logging_mixin.py:150} INFO - [2023-08-09T18:58:23.172+0000] {dag.py:2742} INFO - Sync 1 DAGs
[2023-08-09T18:58:23.185+0000] {logging_mixin.py:150} INFO - [2023-08-09T18:58:23.185+0000] {dag.py:3508} INFO - Setting next_dagrun for example_dag_decorator to None, run_after=None
[2023-08-09T18:58:23.195+0000] {processor.py:179} INFO - Processing /home/airflow/.local/lib/python3.7/site-packages/airflow/example_dags/example_dag_decorator.py took 0.135 seconds
[2023-08-09T20:21:02.034+0000] {processor.py:157} INFO - Started process (PID=1102) to work on /home/airflow/.local/lib/python3.7/site-packages/airflow/example_dags/example_dag_decorator.py
[2023-08-09T20:21:02.035+0000] {processor.py:826} INFO - Processing file /home/airflow/.local/lib/python3.7/site-packages/airflow/example_dags/example_dag_decorator.py for tasks to queue
[2023-08-09T20:21:02.036+0000] {logging_mixin.py:150} INFO - [2023-08-09T20:21:02.036+0000] {dagbag.py:541} INFO - Filling up the DagBag from /home/airflow/.local/lib/python3.7/site-packages/airflow/example_dags/example_dag_decorator.py
[2023-08-09T20:21:02.047+0000] {processor.py:836} INFO - DAG(s) dict_keys(['example_dag_decorator']) retrieved from /home/airflow/.local/lib/python3.7/site-packages/airflow/example_dags/example_dag_decorator.py
[2023-08-09T20:21:02.123+0000] {logging_mixin.py:150} INFO - [2023-08-09T20:21:02.123+0000] {dag.py:2742} INFO - Sync 1 DAGs
[2023-08-09T20:21:02.138+0000] {logging_mixin.py:150} INFO - [2023-08-09T20:21:02.138+0000] {dag.py:3508} INFO - Setting next_dagrun for example_dag_decorator to None, run_after=None
[2023-08-09T20:21:02.148+0000] {processor.py:179} INFO - Processing /home/airflow/.local/lib/python3.7/site-packages/airflow/example_dags/example_dag_decorator.py took 0.116 seconds
[2023-08-09T21:44:55.004+0000] {processor.py:157} INFO - Started process (PID=1161) to work on /home/airflow/.local/lib/python3.7/site-packages/airflow/example_dags/example_dag_decorator.py
[2023-08-09T21:44:55.010+0000] {processor.py:826} INFO - Processing file /home/airflow/.local/lib/python3.7/site-packages/airflow/example_dags/example_dag_decorator.py for tasks to queue
[2023-08-09T21:44:55.012+0000] {logging_mixin.py:150} INFO - [2023-08-09T21:44:55.011+0000] {dagbag.py:541} INFO - Filling up the DagBag from /home/airflow/.local/lib/python3.7/site-packages/airflow/example_dags/example_dag_decorator.py
[2023-08-09T21:44:55.027+0000] {processor.py:836} INFO - DAG(s) dict_keys(['example_dag_decorator']) retrieved from /home/airflow/.local/lib/python3.7/site-packages/airflow/example_dags/example_dag_decorator.py
[2023-08-09T21:44:55.211+0000] {logging_mixin.py:150} INFO - [2023-08-09T21:44:55.211+0000] {dag.py:2742} INFO - Sync 1 DAGs
[2023-08-09T21:44:55.228+0000] {logging_mixin.py:150} INFO - [2023-08-09T21:44:55.228+0000] {dag.py:3508} INFO - Setting next_dagrun for example_dag_decorator to None, run_after=None
[2023-08-09T21:44:55.287+0000] {processor.py:179} INFO - Processing /home/airflow/.local/lib/python3.7/site-packages/airflow/example_dags/example_dag_decorator.py took 0.287 seconds
[2023-08-09T22:36:35.521+0000] {processor.py:157} INFO - Started process (PID=1220) to work on /home/airflow/.local/lib/python3.7/site-packages/airflow/example_dags/example_dag_decorator.py
[2023-08-09T22:36:35.532+0000] {processor.py:826} INFO - Processing file /home/airflow/.local/lib/python3.7/site-packages/airflow/example_dags/example_dag_decorator.py for tasks to queue
[2023-08-09T22:36:35.536+0000] {logging_mixin.py:150} INFO - [2023-08-09T22:36:35.536+0000] {dagbag.py:541} INFO - Filling up the DagBag from /home/airflow/.local/lib/python3.7/site-packages/airflow/example_dags/example_dag_decorator.py
[2023-08-09T22:36:35.560+0000] {processor.py:836} INFO - DAG(s) dict_keys(['example_dag_decorator']) retrieved from /home/airflow/.local/lib/python3.7/site-packages/airflow/example_dags/example_dag_decorator.py
[2023-08-09T22:36:36.031+0000] {logging_mixin.py:150} INFO - [2023-08-09T22:36:36.031+0000] {dag.py:2742} INFO - Sync 1 DAGs
[2023-08-09T22:36:36.048+0000] {logging_mixin.py:150} INFO - [2023-08-09T22:36:36.048+0000] {dag.py:3508} INFO - Setting next_dagrun for example_dag_decorator to None, run_after=None
[2023-08-09T22:36:36.063+0000] {processor.py:179} INFO - Processing /home/airflow/.local/lib/python3.7/site-packages/airflow/example_dags/example_dag_decorator.py took 0.545 seconds
[2023-08-09T22:37:06.402+0000] {processor.py:157} INFO - Started process (PID=1279) to work on /home/airflow/.local/lib/python3.7/site-packages/airflow/example_dags/example_dag_decorator.py
[2023-08-09T22:37:06.403+0000] {processor.py:826} INFO - Processing file /home/airflow/.local/lib/python3.7/site-packages/airflow/example_dags/example_dag_decorator.py for tasks to queue
[2023-08-09T22:37:06.404+0000] {logging_mixin.py:150} INFO - [2023-08-09T22:37:06.403+0000] {dagbag.py:541} INFO - Filling up the DagBag from /home/airflow/.local/lib/python3.7/site-packages/airflow/example_dags/example_dag_decorator.py
[2023-08-09T22:37:06.413+0000] {processor.py:836} INFO - DAG(s) dict_keys(['example_dag_decorator']) retrieved from /home/airflow/.local/lib/python3.7/site-packages/airflow/example_dags/example_dag_decorator.py
[2023-08-09T22:37:06.498+0000] {logging_mixin.py:150} INFO - [2023-08-09T22:37:06.498+0000] {dag.py:2742} INFO - Sync 1 DAGs
[2023-08-09T22:37:06.510+0000] {logging_mixin.py:150} INFO - [2023-08-09T22:37:06.510+0000] {dag.py:3508} INFO - Setting next_dagrun for example_dag_decorator to None, run_after=None
[2023-08-09T22:37:06.521+0000] {processor.py:179} INFO - Processing /home/airflow/.local/lib/python3.7/site-packages/airflow/example_dags/example_dag_decorator.py took 0.121 seconds
[2023-08-09T22:37:36.598+0000] {processor.py:157} INFO - Started process (PID=1338) to work on /home/airflow/.local/lib/python3.7/site-packages/airflow/example_dags/example_dag_decorator.py
[2023-08-09T22:37:36.599+0000] {processor.py:826} INFO - Processing file /home/airflow/.local/lib/python3.7/site-packages/airflow/example_dags/example_dag_decorator.py for tasks to queue
[2023-08-09T22:37:36.600+0000] {logging_mixin.py:150} INFO - [2023-08-09T22:37:36.599+0000] {dagbag.py:541} INFO - Filling up the DagBag from /home/airflow/.local/lib/python3.7/site-packages/airflow/example_dags/example_dag_decorator.py
[2023-08-09T22:37:36.609+0000] {processor.py:836} INFO - DAG(s) dict_keys(['example_dag_decorator']) retrieved from /home/airflow/.local/lib/python3.7/site-packages/airflow/example_dags/example_dag_decorator.py
[2023-08-09T22:37:36.675+0000] {logging_mixin.py:150} INFO - [2023-08-09T22:37:36.675+0000] {dag.py:2742} INFO - Sync 1 DAGs
[2023-08-09T22:37:36.687+0000] {logging_mixin.py:150} INFO - [2023-08-09T22:37:36.687+0000] {dag.py:3508} INFO - Setting next_dagrun for example_dag_decorator to None, run_after=None
[2023-08-09T22:37:36.698+0000] {processor.py:179} INFO - Processing /home/airflow/.local/lib/python3.7/site-packages/airflow/example_dags/example_dag_decorator.py took 0.102 seconds
[2023-08-09T23:31:51.290+0000] {processor.py:157} INFO - Started process (PID=1397) to work on /home/airflow/.local/lib/python3.7/site-packages/airflow/example_dags/example_dag_decorator.py
[2023-08-09T23:31:51.291+0000] {processor.py:826} INFO - Processing file /home/airflow/.local/lib/python3.7/site-packages/airflow/example_dags/example_dag_decorator.py for tasks to queue
[2023-08-09T23:31:51.294+0000] {logging_mixin.py:150} INFO - [2023-08-09T23:31:51.293+0000] {dagbag.py:541} INFO - Filling up the DagBag from /home/airflow/.local/lib/python3.7/site-packages/airflow/example_dags/example_dag_decorator.py
[2023-08-09T23:31:51.307+0000] {processor.py:836} INFO - DAG(s) dict_keys(['example_dag_decorator']) retrieved from /home/airflow/.local/lib/python3.7/site-packages/airflow/example_dags/example_dag_decorator.py
[2023-08-09T23:31:51.456+0000] {logging_mixin.py:150} INFO - [2023-08-09T23:31:51.456+0000] {dag.py:2742} INFO - Sync 1 DAGs
[2023-08-09T23:31:51.478+0000] {logging_mixin.py:150} INFO - [2023-08-09T23:31:51.478+0000] {dag.py:3508} INFO - Setting next_dagrun for example_dag_decorator to None, run_after=None
[2023-08-09T23:31:51.500+0000] {processor.py:179} INFO - Processing /home/airflow/.local/lib/python3.7/site-packages/airflow/example_dags/example_dag_decorator.py took 0.213 seconds
