[2023-08-09T12:03:22.433+0000] {processor.py:157} INFO - Started process (PID=51) to work on /home/airflow/.local/lib/python3.7/site-packages/airflow/example_dags/example_xcom.py
[2023-08-09T12:03:22.434+0000] {processor.py:826} INFO - Processing file /home/airflow/.local/lib/python3.7/site-packages/airflow/example_dags/example_xcom.py for tasks to queue
[2023-08-09T12:03:22.435+0000] {logging_mixin.py:150} INFO - [2023-08-09T12:03:22.434+0000] {dagbag.py:541} INFO - Filling up the DagBag from /home/airflow/.local/lib/python3.7/site-packages/airflow/example_dags/example_xcom.py
[2023-08-09T12:03:22.442+0000] {processor.py:836} INFO - DAG(s) dict_keys(['example_xcom']) retrieved from /home/airflow/.local/lib/python3.7/site-packages/airflow/example_dags/example_xcom.py
[2023-08-09T12:03:22.452+0000] {logging_mixin.py:150} INFO - [2023-08-09T12:03:22.452+0000] {dag.py:2742} INFO - Sync 1 DAGs
[2023-08-09T12:03:22.467+0000] {logging_mixin.py:150} INFO - [2023-08-09T12:03:22.467+0000] {dag.py:3508} INFO - Setting next_dagrun for example_xcom to 2021-01-01T00:00:00+00:00, run_after=2021-01-01T00:00:00+00:00
[2023-08-09T12:03:22.478+0000] {processor.py:179} INFO - Processing /home/airflow/.local/lib/python3.7/site-packages/airflow/example_dags/example_xcom.py took 0.048 seconds
[2023-08-09T12:03:53.313+0000] {processor.py:157} INFO - Started process (PID=109) to work on /home/airflow/.local/lib/python3.7/site-packages/airflow/example_dags/example_xcom.py
[2023-08-09T12:03:53.314+0000] {processor.py:826} INFO - Processing file /home/airflow/.local/lib/python3.7/site-packages/airflow/example_dags/example_xcom.py for tasks to queue
[2023-08-09T12:03:53.315+0000] {logging_mixin.py:150} INFO - [2023-08-09T12:03:53.315+0000] {dagbag.py:541} INFO - Filling up the DagBag from /home/airflow/.local/lib/python3.7/site-packages/airflow/example_dags/example_xcom.py
[2023-08-09T12:03:53.320+0000] {processor.py:836} INFO - DAG(s) dict_keys(['example_xcom']) retrieved from /home/airflow/.local/lib/python3.7/site-packages/airflow/example_dags/example_xcom.py
[2023-08-09T12:03:53.336+0000] {logging_mixin.py:150} INFO - [2023-08-09T12:03:53.336+0000] {dag.py:2742} INFO - Sync 1 DAGs
[2023-08-09T12:03:53.351+0000] {logging_mixin.py:150} INFO - [2023-08-09T12:03:53.350+0000] {dag.py:3508} INFO - Setting next_dagrun for example_xcom to 2021-01-01T00:00:00+00:00, run_after=2021-01-01T00:00:00+00:00
[2023-08-09T12:03:53.361+0000] {processor.py:179} INFO - Processing /home/airflow/.local/lib/python3.7/site-packages/airflow/example_dags/example_xcom.py took 0.050 seconds
[2023-08-09T12:04:23.789+0000] {processor.py:157} INFO - Started process (PID=168) to work on /home/airflow/.local/lib/python3.7/site-packages/airflow/example_dags/example_xcom.py
[2023-08-09T12:04:23.790+0000] {processor.py:826} INFO - Processing file /home/airflow/.local/lib/python3.7/site-packages/airflow/example_dags/example_xcom.py for tasks to queue
[2023-08-09T12:04:23.791+0000] {logging_mixin.py:150} INFO - [2023-08-09T12:04:23.791+0000] {dagbag.py:541} INFO - Filling up the DagBag from /home/airflow/.local/lib/python3.7/site-packages/airflow/example_dags/example_xcom.py
[2023-08-09T12:04:23.796+0000] {processor.py:836} INFO - DAG(s) dict_keys(['example_xcom']) retrieved from /home/airflow/.local/lib/python3.7/site-packages/airflow/example_dags/example_xcom.py
[2023-08-09T12:04:23.814+0000] {logging_mixin.py:150} INFO - [2023-08-09T12:04:23.814+0000] {dag.py:2742} INFO - Sync 1 DAGs
[2023-08-09T12:04:23.828+0000] {logging_mixin.py:150} INFO - [2023-08-09T12:04:23.828+0000] {dag.py:3508} INFO - Setting next_dagrun for example_xcom to 2021-01-01T00:00:00+00:00, run_after=2021-01-01T00:00:00+00:00
[2023-08-09T12:04:23.838+0000] {processor.py:179} INFO - Processing /home/airflow/.local/lib/python3.7/site-packages/airflow/example_dags/example_xcom.py took 0.051 seconds
[2023-08-09T12:04:54.035+0000] {processor.py:157} INFO - Started process (PID=227) to work on /home/airflow/.local/lib/python3.7/site-packages/airflow/example_dags/example_xcom.py
[2023-08-09T12:04:54.036+0000] {processor.py:826} INFO - Processing file /home/airflow/.local/lib/python3.7/site-packages/airflow/example_dags/example_xcom.py for tasks to queue
[2023-08-09T12:04:54.037+0000] {logging_mixin.py:150} INFO - [2023-08-09T12:04:54.037+0000] {dagbag.py:541} INFO - Filling up the DagBag from /home/airflow/.local/lib/python3.7/site-packages/airflow/example_dags/example_xcom.py
[2023-08-09T12:04:54.043+0000] {processor.py:836} INFO - DAG(s) dict_keys(['example_xcom']) retrieved from /home/airflow/.local/lib/python3.7/site-packages/airflow/example_dags/example_xcom.py
[2023-08-09T12:04:54.063+0000] {logging_mixin.py:150} INFO - [2023-08-09T12:04:54.063+0000] {dag.py:2742} INFO - Sync 1 DAGs
[2023-08-09T12:04:54.079+0000] {logging_mixin.py:150} INFO - [2023-08-09T12:04:54.079+0000] {dag.py:3508} INFO - Setting next_dagrun for example_xcom to 2021-01-01T00:00:00+00:00, run_after=2021-01-01T00:00:00+00:00
[2023-08-09T12:04:54.091+0000] {processor.py:179} INFO - Processing /home/airflow/.local/lib/python3.7/site-packages/airflow/example_dags/example_xcom.py took 0.059 seconds
[2023-08-09T12:05:24.291+0000] {processor.py:157} INFO - Started process (PID=286) to work on /home/airflow/.local/lib/python3.7/site-packages/airflow/example_dags/example_xcom.py
[2023-08-09T12:05:24.292+0000] {processor.py:826} INFO - Processing file /home/airflow/.local/lib/python3.7/site-packages/airflow/example_dags/example_xcom.py for tasks to queue
[2023-08-09T12:05:24.293+0000] {logging_mixin.py:150} INFO - [2023-08-09T12:05:24.292+0000] {dagbag.py:541} INFO - Filling up the DagBag from /home/airflow/.local/lib/python3.7/site-packages/airflow/example_dags/example_xcom.py
[2023-08-09T12:05:24.298+0000] {processor.py:836} INFO - DAG(s) dict_keys(['example_xcom']) retrieved from /home/airflow/.local/lib/python3.7/site-packages/airflow/example_dags/example_xcom.py
[2023-08-09T12:05:24.315+0000] {logging_mixin.py:150} INFO - [2023-08-09T12:05:24.315+0000] {dag.py:2742} INFO - Sync 1 DAGs
[2023-08-09T12:05:24.330+0000] {logging_mixin.py:150} INFO - [2023-08-09T12:05:24.330+0000] {dag.py:3508} INFO - Setting next_dagrun for example_xcom to 2021-01-01T00:00:00+00:00, run_after=2021-01-01T00:00:00+00:00
[2023-08-09T12:05:24.339+0000] {processor.py:179} INFO - Processing /home/airflow/.local/lib/python3.7/site-packages/airflow/example_dags/example_xcom.py took 0.051 seconds
[2023-08-09T12:05:54.594+0000] {processor.py:157} INFO - Started process (PID=345) to work on /home/airflow/.local/lib/python3.7/site-packages/airflow/example_dags/example_xcom.py
[2023-08-09T12:05:54.595+0000] {processor.py:826} INFO - Processing file /home/airflow/.local/lib/python3.7/site-packages/airflow/example_dags/example_xcom.py for tasks to queue
[2023-08-09T12:05:54.595+0000] {logging_mixin.py:150} INFO - [2023-08-09T12:05:54.595+0000] {dagbag.py:541} INFO - Filling up the DagBag from /home/airflow/.local/lib/python3.7/site-packages/airflow/example_dags/example_xcom.py
[2023-08-09T12:05:54.601+0000] {processor.py:836} INFO - DAG(s) dict_keys(['example_xcom']) retrieved from /home/airflow/.local/lib/python3.7/site-packages/airflow/example_dags/example_xcom.py
[2023-08-09T12:05:54.618+0000] {logging_mixin.py:150} INFO - [2023-08-09T12:05:54.618+0000] {dag.py:2742} INFO - Sync 1 DAGs
[2023-08-09T12:05:54.633+0000] {logging_mixin.py:150} INFO - [2023-08-09T12:05:54.632+0000] {dag.py:3508} INFO - Setting next_dagrun for example_xcom to 2021-01-01T00:00:00+00:00, run_after=2021-01-01T00:00:00+00:00
[2023-08-09T12:05:54.643+0000] {processor.py:179} INFO - Processing /home/airflow/.local/lib/python3.7/site-packages/airflow/example_dags/example_xcom.py took 0.052 seconds
[2023-08-09T12:06:24.856+0000] {processor.py:157} INFO - Started process (PID=404) to work on /home/airflow/.local/lib/python3.7/site-packages/airflow/example_dags/example_xcom.py
[2023-08-09T12:06:24.857+0000] {processor.py:826} INFO - Processing file /home/airflow/.local/lib/python3.7/site-packages/airflow/example_dags/example_xcom.py for tasks to queue
[2023-08-09T12:06:24.858+0000] {logging_mixin.py:150} INFO - [2023-08-09T12:06:24.857+0000] {dagbag.py:541} INFO - Filling up the DagBag from /home/airflow/.local/lib/python3.7/site-packages/airflow/example_dags/example_xcom.py
[2023-08-09T12:06:24.863+0000] {processor.py:836} INFO - DAG(s) dict_keys(['example_xcom']) retrieved from /home/airflow/.local/lib/python3.7/site-packages/airflow/example_dags/example_xcom.py
[2023-08-09T12:06:24.881+0000] {logging_mixin.py:150} INFO - [2023-08-09T12:06:24.881+0000] {dag.py:2742} INFO - Sync 1 DAGs
[2023-08-09T12:06:24.895+0000] {logging_mixin.py:150} INFO - [2023-08-09T12:06:24.895+0000] {dag.py:3508} INFO - Setting next_dagrun for example_xcom to 2021-01-01T00:00:00+00:00, run_after=2021-01-01T00:00:00+00:00
[2023-08-09T12:06:24.905+0000] {processor.py:179} INFO - Processing /home/airflow/.local/lib/python3.7/site-packages/airflow/example_dags/example_xcom.py took 0.052 seconds
[2023-08-09T12:06:55.156+0000] {processor.py:157} INFO - Started process (PID=463) to work on /home/airflow/.local/lib/python3.7/site-packages/airflow/example_dags/example_xcom.py
[2023-08-09T12:06:55.157+0000] {processor.py:826} INFO - Processing file /home/airflow/.local/lib/python3.7/site-packages/airflow/example_dags/example_xcom.py for tasks to queue
[2023-08-09T12:06:55.158+0000] {logging_mixin.py:150} INFO - [2023-08-09T12:06:55.158+0000] {dagbag.py:541} INFO - Filling up the DagBag from /home/airflow/.local/lib/python3.7/site-packages/airflow/example_dags/example_xcom.py
[2023-08-09T12:06:55.163+0000] {processor.py:836} INFO - DAG(s) dict_keys(['example_xcom']) retrieved from /home/airflow/.local/lib/python3.7/site-packages/airflow/example_dags/example_xcom.py
[2023-08-09T12:06:55.181+0000] {logging_mixin.py:150} INFO - [2023-08-09T12:06:55.181+0000] {dag.py:2742} INFO - Sync 1 DAGs
[2023-08-09T12:06:55.196+0000] {logging_mixin.py:150} INFO - [2023-08-09T12:06:55.196+0000] {dag.py:3508} INFO - Setting next_dagrun for example_xcom to 2021-01-01T00:00:00+00:00, run_after=2021-01-01T00:00:00+00:00
[2023-08-09T12:06:55.206+0000] {processor.py:179} INFO - Processing /home/airflow/.local/lib/python3.7/site-packages/airflow/example_dags/example_xcom.py took 0.052 seconds
[2023-08-09T12:07:27.744+0000] {processor.py:157} INFO - Started process (PID=523) to work on /home/airflow/.local/lib/python3.7/site-packages/airflow/example_dags/example_xcom.py
[2023-08-09T12:07:27.745+0000] {processor.py:826} INFO - Processing file /home/airflow/.local/lib/python3.7/site-packages/airflow/example_dags/example_xcom.py for tasks to queue
[2023-08-09T12:07:27.746+0000] {logging_mixin.py:150} INFO - [2023-08-09T12:07:27.746+0000] {dagbag.py:541} INFO - Filling up the DagBag from /home/airflow/.local/lib/python3.7/site-packages/airflow/example_dags/example_xcom.py
[2023-08-09T12:07:27.752+0000] {processor.py:836} INFO - DAG(s) dict_keys(['example_xcom']) retrieved from /home/airflow/.local/lib/python3.7/site-packages/airflow/example_dags/example_xcom.py
[2023-08-09T12:07:27.769+0000] {logging_mixin.py:150} INFO - [2023-08-09T12:07:27.769+0000] {dag.py:2742} INFO - Sync 1 DAGs
[2023-08-09T12:07:27.783+0000] {logging_mixin.py:150} INFO - [2023-08-09T12:07:27.783+0000] {dag.py:3508} INFO - Setting next_dagrun for example_xcom to 2021-01-01T00:00:00+00:00, run_after=2021-01-01T00:00:00+00:00
[2023-08-09T12:07:27.793+0000] {processor.py:179} INFO - Processing /home/airflow/.local/lib/python3.7/site-packages/airflow/example_dags/example_xcom.py took 0.052 seconds
[2023-08-09T12:16:43.542+0000] {processor.py:157} INFO - Started process (PID=584) to work on /home/airflow/.local/lib/python3.7/site-packages/airflow/example_dags/example_xcom.py
[2023-08-09T12:16:43.545+0000] {processor.py:826} INFO - Processing file /home/airflow/.local/lib/python3.7/site-packages/airflow/example_dags/example_xcom.py for tasks to queue
[2023-08-09T12:16:43.548+0000] {logging_mixin.py:150} INFO - [2023-08-09T12:16:43.548+0000] {dagbag.py:541} INFO - Filling up the DagBag from /home/airflow/.local/lib/python3.7/site-packages/airflow/example_dags/example_xcom.py
[2023-08-09T12:16:43.557+0000] {processor.py:836} INFO - DAG(s) dict_keys(['example_xcom']) retrieved from /home/airflow/.local/lib/python3.7/site-packages/airflow/example_dags/example_xcom.py
[2023-08-09T12:16:43.588+0000] {logging_mixin.py:150} INFO - [2023-08-09T12:16:43.586+0000] {dag.py:2742} INFO - Sync 1 DAGs
[2023-08-09T12:16:43.607+0000] {logging_mixin.py:150} INFO - [2023-08-09T12:16:43.606+0000] {dag.py:3508} INFO - Setting next_dagrun for example_xcom to 2021-01-01T00:00:00+00:00, run_after=2021-01-01T00:00:00+00:00
[2023-08-09T12:16:43.621+0000] {processor.py:179} INFO - Processing /home/airflow/.local/lib/python3.7/site-packages/airflow/example_dags/example_xcom.py took 0.082 seconds
[2023-08-09T12:17:13.719+0000] {processor.py:157} INFO - Started process (PID=643) to work on /home/airflow/.local/lib/python3.7/site-packages/airflow/example_dags/example_xcom.py
[2023-08-09T12:17:13.720+0000] {processor.py:826} INFO - Processing file /home/airflow/.local/lib/python3.7/site-packages/airflow/example_dags/example_xcom.py for tasks to queue
[2023-08-09T12:17:13.721+0000] {logging_mixin.py:150} INFO - [2023-08-09T12:17:13.721+0000] {dagbag.py:541} INFO - Filling up the DagBag from /home/airflow/.local/lib/python3.7/site-packages/airflow/example_dags/example_xcom.py
[2023-08-09T12:17:13.727+0000] {processor.py:836} INFO - DAG(s) dict_keys(['example_xcom']) retrieved from /home/airflow/.local/lib/python3.7/site-packages/airflow/example_dags/example_xcom.py
[2023-08-09T12:17:13.746+0000] {logging_mixin.py:150} INFO - [2023-08-09T12:17:13.746+0000] {dag.py:2742} INFO - Sync 1 DAGs
[2023-08-09T12:17:13.761+0000] {logging_mixin.py:150} INFO - [2023-08-09T12:17:13.761+0000] {dag.py:3508} INFO - Setting next_dagrun for example_xcom to 2021-01-01T00:00:00+00:00, run_after=2021-01-01T00:00:00+00:00
[2023-08-09T12:17:13.770+0000] {processor.py:179} INFO - Processing /home/airflow/.local/lib/python3.7/site-packages/airflow/example_dags/example_xcom.py took 0.054 seconds
[2023-08-09T12:33:46.312+0000] {processor.py:157} INFO - Started process (PID=702) to work on /home/airflow/.local/lib/python3.7/site-packages/airflow/example_dags/example_xcom.py
[2023-08-09T12:33:46.313+0000] {processor.py:826} INFO - Processing file /home/airflow/.local/lib/python3.7/site-packages/airflow/example_dags/example_xcom.py for tasks to queue
[2023-08-09T12:33:46.314+0000] {logging_mixin.py:150} INFO - [2023-08-09T12:33:46.313+0000] {dagbag.py:541} INFO - Filling up the DagBag from /home/airflow/.local/lib/python3.7/site-packages/airflow/example_dags/example_xcom.py
[2023-08-09T12:33:46.320+0000] {processor.py:836} INFO - DAG(s) dict_keys(['example_xcom']) retrieved from /home/airflow/.local/lib/python3.7/site-packages/airflow/example_dags/example_xcom.py
[2023-08-09T12:33:46.340+0000] {logging_mixin.py:150} INFO - [2023-08-09T12:33:46.340+0000] {dag.py:2742} INFO - Sync 1 DAGs
[2023-08-09T12:33:46.353+0000] {logging_mixin.py:150} INFO - [2023-08-09T12:33:46.353+0000] {dag.py:3508} INFO - Setting next_dagrun for example_xcom to 2021-01-01T00:00:00+00:00, run_after=2021-01-01T00:00:00+00:00
[2023-08-09T12:33:46.363+0000] {processor.py:179} INFO - Processing /home/airflow/.local/lib/python3.7/site-packages/airflow/example_dags/example_xcom.py took 0.054 seconds
[2023-08-09T13:56:51.495+0000] {processor.py:157} INFO - Started process (PID=761) to work on /home/airflow/.local/lib/python3.7/site-packages/airflow/example_dags/example_xcom.py
[2023-08-09T13:56:51.532+0000] {processor.py:826} INFO - Processing file /home/airflow/.local/lib/python3.7/site-packages/airflow/example_dags/example_xcom.py for tasks to queue
[2023-08-09T13:56:51.533+0000] {logging_mixin.py:150} INFO - [2023-08-09T13:56:51.533+0000] {dagbag.py:541} INFO - Filling up the DagBag from /home/airflow/.local/lib/python3.7/site-packages/airflow/example_dags/example_xcom.py
[2023-08-09T13:56:51.540+0000] {processor.py:836} INFO - DAG(s) dict_keys(['example_xcom']) retrieved from /home/airflow/.local/lib/python3.7/site-packages/airflow/example_dags/example_xcom.py
[2023-08-09T13:56:51.559+0000] {logging_mixin.py:150} INFO - [2023-08-09T13:56:51.559+0000] {dag.py:2742} INFO - Sync 1 DAGs
[2023-08-09T13:56:51.575+0000] {logging_mixin.py:150} INFO - [2023-08-09T13:56:51.575+0000] {dag.py:3508} INFO - Setting next_dagrun for example_xcom to 2021-01-01T00:00:00+00:00, run_after=2021-01-01T00:00:00+00:00
[2023-08-09T13:56:51.585+0000] {processor.py:179} INFO - Processing /home/airflow/.local/lib/python3.7/site-packages/airflow/example_dags/example_xcom.py took 0.094 seconds
[2023-08-09T14:58:25.731+0000] {processor.py:157} INFO - Started process (PID=820) to work on /home/airflow/.local/lib/python3.7/site-packages/airflow/example_dags/example_xcom.py
[2023-08-09T14:58:25.732+0000] {processor.py:826} INFO - Processing file /home/airflow/.local/lib/python3.7/site-packages/airflow/example_dags/example_xcom.py for tasks to queue
[2023-08-09T14:58:25.733+0000] {logging_mixin.py:150} INFO - [2023-08-09T14:58:25.733+0000] {dagbag.py:541} INFO - Filling up the DagBag from /home/airflow/.local/lib/python3.7/site-packages/airflow/example_dags/example_xcom.py
[2023-08-09T14:58:25.739+0000] {processor.py:836} INFO - DAG(s) dict_keys(['example_xcom']) retrieved from /home/airflow/.local/lib/python3.7/site-packages/airflow/example_dags/example_xcom.py
[2023-08-09T14:58:25.757+0000] {logging_mixin.py:150} INFO - [2023-08-09T14:58:25.756+0000] {dag.py:2742} INFO - Sync 1 DAGs
[2023-08-09T14:58:25.771+0000] {logging_mixin.py:150} INFO - [2023-08-09T14:58:25.771+0000] {dag.py:3508} INFO - Setting next_dagrun for example_xcom to 2021-01-01T00:00:00+00:00, run_after=2021-01-01T00:00:00+00:00
[2023-08-09T14:58:25.781+0000] {processor.py:179} INFO - Processing /home/airflow/.local/lib/python3.7/site-packages/airflow/example_dags/example_xcom.py took 0.052 seconds
[2023-08-09T14:58:58.431+0000] {processor.py:157} INFO - Started process (PID=880) to work on /home/airflow/.local/lib/python3.7/site-packages/airflow/example_dags/example_xcom.py
[2023-08-09T14:58:58.432+0000] {processor.py:826} INFO - Processing file /home/airflow/.local/lib/python3.7/site-packages/airflow/example_dags/example_xcom.py for tasks to queue
[2023-08-09T14:58:58.433+0000] {logging_mixin.py:150} INFO - [2023-08-09T14:58:58.433+0000] {dagbag.py:541} INFO - Filling up the DagBag from /home/airflow/.local/lib/python3.7/site-packages/airflow/example_dags/example_xcom.py
[2023-08-09T14:58:58.439+0000] {processor.py:836} INFO - DAG(s) dict_keys(['example_xcom']) retrieved from /home/airflow/.local/lib/python3.7/site-packages/airflow/example_dags/example_xcom.py
[2023-08-09T14:58:58.458+0000] {logging_mixin.py:150} INFO - [2023-08-09T14:58:58.458+0000] {dag.py:2742} INFO - Sync 1 DAGs
[2023-08-09T14:58:58.472+0000] {logging_mixin.py:150} INFO - [2023-08-09T14:58:58.472+0000] {dag.py:3508} INFO - Setting next_dagrun for example_xcom to 2021-01-01T00:00:00+00:00, run_after=2021-01-01T00:00:00+00:00
[2023-08-09T14:58:58.835+0000] {processor.py:179} INFO - Processing /home/airflow/.local/lib/python3.7/site-packages/airflow/example_dags/example_xcom.py took 0.407 seconds
[2023-08-09T16:16:43.008+0000] {processor.py:157} INFO - Started process (PID=939) to work on /home/airflow/.local/lib/python3.7/site-packages/airflow/example_dags/example_xcom.py
[2023-08-09T16:16:43.008+0000] {processor.py:826} INFO - Processing file /home/airflow/.local/lib/python3.7/site-packages/airflow/example_dags/example_xcom.py for tasks to queue
[2023-08-09T16:16:43.009+0000] {logging_mixin.py:150} INFO - [2023-08-09T16:16:43.009+0000] {dagbag.py:541} INFO - Filling up the DagBag from /home/airflow/.local/lib/python3.7/site-packages/airflow/example_dags/example_xcom.py
[2023-08-09T16:16:43.015+0000] {processor.py:836} INFO - DAG(s) dict_keys(['example_xcom']) retrieved from /home/airflow/.local/lib/python3.7/site-packages/airflow/example_dags/example_xcom.py
[2023-08-09T16:16:43.032+0000] {logging_mixin.py:150} INFO - [2023-08-09T16:16:43.032+0000] {dag.py:2742} INFO - Sync 1 DAGs
[2023-08-09T16:16:43.047+0000] {logging_mixin.py:150} INFO - [2023-08-09T16:16:43.046+0000] {dag.py:3508} INFO - Setting next_dagrun for example_xcom to 2021-01-01T00:00:00+00:00, run_after=2021-01-01T00:00:00+00:00
[2023-08-09T16:16:43.057+0000] {processor.py:179} INFO - Processing /home/airflow/.local/lib/python3.7/site-packages/airflow/example_dags/example_xcom.py took 0.052 seconds
[2023-08-09T17:36:41.060+0000] {processor.py:157} INFO - Started process (PID=998) to work on /home/airflow/.local/lib/python3.7/site-packages/airflow/example_dags/example_xcom.py
[2023-08-09T17:36:41.061+0000] {processor.py:826} INFO - Processing file /home/airflow/.local/lib/python3.7/site-packages/airflow/example_dags/example_xcom.py for tasks to queue
[2023-08-09T17:36:41.062+0000] {logging_mixin.py:150} INFO - [2023-08-09T17:36:41.062+0000] {dagbag.py:541} INFO - Filling up the DagBag from /home/airflow/.local/lib/python3.7/site-packages/airflow/example_dags/example_xcom.py
[2023-08-09T17:36:41.068+0000] {processor.py:836} INFO - DAG(s) dict_keys(['example_xcom']) retrieved from /home/airflow/.local/lib/python3.7/site-packages/airflow/example_dags/example_xcom.py
[2023-08-09T17:36:41.087+0000] {logging_mixin.py:150} INFO - [2023-08-09T17:36:41.086+0000] {dag.py:2742} INFO - Sync 1 DAGs
[2023-08-09T17:36:41.101+0000] {logging_mixin.py:150} INFO - [2023-08-09T17:36:41.101+0000] {dag.py:3508} INFO - Setting next_dagrun for example_xcom to 2021-01-01T00:00:00+00:00, run_after=2021-01-01T00:00:00+00:00
[2023-08-09T17:36:41.112+0000] {processor.py:179} INFO - Processing /home/airflow/.local/lib/python3.7/site-packages/airflow/example_dags/example_xcom.py took 0.054 seconds
[2023-08-09T18:58:23.640+0000] {processor.py:157} INFO - Started process (PID=1057) to work on /home/airflow/.local/lib/python3.7/site-packages/airflow/example_dags/example_xcom.py
[2023-08-09T18:58:23.641+0000] {processor.py:826} INFO - Processing file /home/airflow/.local/lib/python3.7/site-packages/airflow/example_dags/example_xcom.py for tasks to queue
[2023-08-09T18:58:23.642+0000] {logging_mixin.py:150} INFO - [2023-08-09T18:58:23.642+0000] {dagbag.py:541} INFO - Filling up the DagBag from /home/airflow/.local/lib/python3.7/site-packages/airflow/example_dags/example_xcom.py
[2023-08-09T18:58:23.648+0000] {processor.py:836} INFO - DAG(s) dict_keys(['example_xcom']) retrieved from /home/airflow/.local/lib/python3.7/site-packages/airflow/example_dags/example_xcom.py
[2023-08-09T18:58:23.665+0000] {logging_mixin.py:150} INFO - [2023-08-09T18:58:23.665+0000] {dag.py:2742} INFO - Sync 1 DAGs
[2023-08-09T18:58:23.680+0000] {logging_mixin.py:150} INFO - [2023-08-09T18:58:23.680+0000] {dag.py:3508} INFO - Setting next_dagrun for example_xcom to 2021-01-01T00:00:00+00:00, run_after=2021-01-01T00:00:00+00:00
[2023-08-09T18:58:23.689+0000] {processor.py:179} INFO - Processing /home/airflow/.local/lib/python3.7/site-packages/airflow/example_dags/example_xcom.py took 0.052 seconds
[2023-08-09T20:21:03.125+0000] {processor.py:157} INFO - Started process (PID=1116) to work on /home/airflow/.local/lib/python3.7/site-packages/airflow/example_dags/example_xcom.py
[2023-08-09T20:21:03.127+0000] {processor.py:826} INFO - Processing file /home/airflow/.local/lib/python3.7/site-packages/airflow/example_dags/example_xcom.py for tasks to queue
[2023-08-09T20:21:03.128+0000] {logging_mixin.py:150} INFO - [2023-08-09T20:21:03.128+0000] {dagbag.py:541} INFO - Filling up the DagBag from /home/airflow/.local/lib/python3.7/site-packages/airflow/example_dags/example_xcom.py
[2023-08-09T20:21:03.137+0000] {processor.py:836} INFO - DAG(s) dict_keys(['example_xcom']) retrieved from /home/airflow/.local/lib/python3.7/site-packages/airflow/example_dags/example_xcom.py
[2023-08-09T20:21:03.241+0000] {logging_mixin.py:150} INFO - [2023-08-09T20:21:03.240+0000] {dag.py:2742} INFO - Sync 1 DAGs
[2023-08-09T20:21:03.283+0000] {logging_mixin.py:150} INFO - [2023-08-09T20:21:03.282+0000] {dag.py:3508} INFO - Setting next_dagrun for example_xcom to 2021-01-01T00:00:00+00:00, run_after=2021-01-01T00:00:00+00:00
[2023-08-09T20:21:03.301+0000] {processor.py:179} INFO - Processing /home/airflow/.local/lib/python3.7/site-packages/airflow/example_dags/example_xcom.py took 0.179 seconds
[2023-08-09T21:44:56.091+0000] {processor.py:157} INFO - Started process (PID=1175) to work on /home/airflow/.local/lib/python3.7/site-packages/airflow/example_dags/example_xcom.py
[2023-08-09T21:44:56.092+0000] {processor.py:826} INFO - Processing file /home/airflow/.local/lib/python3.7/site-packages/airflow/example_dags/example_xcom.py for tasks to queue
[2023-08-09T21:44:56.093+0000] {logging_mixin.py:150} INFO - [2023-08-09T21:44:56.093+0000] {dagbag.py:541} INFO - Filling up the DagBag from /home/airflow/.local/lib/python3.7/site-packages/airflow/example_dags/example_xcom.py
[2023-08-09T21:44:56.099+0000] {processor.py:836} INFO - DAG(s) dict_keys(['example_xcom']) retrieved from /home/airflow/.local/lib/python3.7/site-packages/airflow/example_dags/example_xcom.py
[2023-08-09T21:44:56.117+0000] {logging_mixin.py:150} INFO - [2023-08-09T21:44:56.117+0000] {dag.py:2742} INFO - Sync 1 DAGs
[2023-08-09T21:44:56.131+0000] {logging_mixin.py:150} INFO - [2023-08-09T21:44:56.131+0000] {dag.py:3508} INFO - Setting next_dagrun for example_xcom to 2021-01-01T00:00:00+00:00, run_after=2021-01-01T00:00:00+00:00
[2023-08-09T21:44:56.141+0000] {processor.py:179} INFO - Processing /home/airflow/.local/lib/python3.7/site-packages/airflow/example_dags/example_xcom.py took 0.052 seconds
[2023-08-09T22:36:36.621+0000] {processor.py:157} INFO - Started process (PID=1234) to work on /home/airflow/.local/lib/python3.7/site-packages/airflow/example_dags/example_xcom.py
[2023-08-09T22:36:36.622+0000] {processor.py:826} INFO - Processing file /home/airflow/.local/lib/python3.7/site-packages/airflow/example_dags/example_xcom.py for tasks to queue
[2023-08-09T22:36:36.623+0000] {logging_mixin.py:150} INFO - [2023-08-09T22:36:36.622+0000] {dagbag.py:541} INFO - Filling up the DagBag from /home/airflow/.local/lib/python3.7/site-packages/airflow/example_dags/example_xcom.py
[2023-08-09T22:36:36.628+0000] {processor.py:836} INFO - DAG(s) dict_keys(['example_xcom']) retrieved from /home/airflow/.local/lib/python3.7/site-packages/airflow/example_dags/example_xcom.py
[2023-08-09T22:36:36.646+0000] {logging_mixin.py:150} INFO - [2023-08-09T22:36:36.646+0000] {dag.py:2742} INFO - Sync 1 DAGs
[2023-08-09T22:36:36.659+0000] {logging_mixin.py:150} INFO - [2023-08-09T22:36:36.659+0000] {dag.py:3508} INFO - Setting next_dagrun for example_xcom to 2021-01-01T00:00:00+00:00, run_after=2021-01-01T00:00:00+00:00
[2023-08-09T22:36:36.669+0000] {processor.py:179} INFO - Processing /home/airflow/.local/lib/python3.7/site-packages/airflow/example_dags/example_xcom.py took 0.050 seconds
[2023-08-09T22:37:06.953+0000] {processor.py:157} INFO - Started process (PID=1293) to work on /home/airflow/.local/lib/python3.7/site-packages/airflow/example_dags/example_xcom.py
[2023-08-09T22:37:06.954+0000] {processor.py:826} INFO - Processing file /home/airflow/.local/lib/python3.7/site-packages/airflow/example_dags/example_xcom.py for tasks to queue
[2023-08-09T22:37:06.954+0000] {logging_mixin.py:150} INFO - [2023-08-09T22:37:06.954+0000] {dagbag.py:541} INFO - Filling up the DagBag from /home/airflow/.local/lib/python3.7/site-packages/airflow/example_dags/example_xcom.py
[2023-08-09T22:37:06.960+0000] {processor.py:836} INFO - DAG(s) dict_keys(['example_xcom']) retrieved from /home/airflow/.local/lib/python3.7/site-packages/airflow/example_dags/example_xcom.py
[2023-08-09T22:37:06.980+0000] {logging_mixin.py:150} INFO - [2023-08-09T22:37:06.980+0000] {dag.py:2742} INFO - Sync 1 DAGs
[2023-08-09T22:37:06.995+0000] {logging_mixin.py:150} INFO - [2023-08-09T22:37:06.994+0000] {dag.py:3508} INFO - Setting next_dagrun for example_xcom to 2021-01-01T00:00:00+00:00, run_after=2021-01-01T00:00:00+00:00
[2023-08-09T22:37:07.005+0000] {processor.py:179} INFO - Processing /home/airflow/.local/lib/python3.7/site-packages/airflow/example_dags/example_xcom.py took 0.056 seconds
[2023-08-09T22:37:37.197+0000] {processor.py:157} INFO - Started process (PID=1352) to work on /home/airflow/.local/lib/python3.7/site-packages/airflow/example_dags/example_xcom.py
[2023-08-09T22:37:37.197+0000] {processor.py:826} INFO - Processing file /home/airflow/.local/lib/python3.7/site-packages/airflow/example_dags/example_xcom.py for tasks to queue
[2023-08-09T22:37:37.199+0000] {logging_mixin.py:150} INFO - [2023-08-09T22:37:37.198+0000] {dagbag.py:541} INFO - Filling up the DagBag from /home/airflow/.local/lib/python3.7/site-packages/airflow/example_dags/example_xcom.py
[2023-08-09T22:37:37.204+0000] {processor.py:836} INFO - DAG(s) dict_keys(['example_xcom']) retrieved from /home/airflow/.local/lib/python3.7/site-packages/airflow/example_dags/example_xcom.py
[2023-08-09T22:37:37.220+0000] {logging_mixin.py:150} INFO - [2023-08-09T22:37:37.220+0000] {dag.py:2742} INFO - Sync 1 DAGs
[2023-08-09T22:37:37.233+0000] {logging_mixin.py:150} INFO - [2023-08-09T22:37:37.233+0000] {dag.py:3508} INFO - Setting next_dagrun for example_xcom to 2021-01-01T00:00:00+00:00, run_after=2021-01-01T00:00:00+00:00
[2023-08-09T22:37:37.243+0000] {processor.py:179} INFO - Processing /home/airflow/.local/lib/python3.7/site-packages/airflow/example_dags/example_xcom.py took 0.049 seconds
[2023-08-09T23:31:52.551+0000] {processor.py:157} INFO - Started process (PID=1411) to work on /home/airflow/.local/lib/python3.7/site-packages/airflow/example_dags/example_xcom.py
[2023-08-09T23:31:52.552+0000] {processor.py:826} INFO - Processing file /home/airflow/.local/lib/python3.7/site-packages/airflow/example_dags/example_xcom.py for tasks to queue
[2023-08-09T23:31:52.553+0000] {logging_mixin.py:150} INFO - [2023-08-09T23:31:52.553+0000] {dagbag.py:541} INFO - Filling up the DagBag from /home/airflow/.local/lib/python3.7/site-packages/airflow/example_dags/example_xcom.py
[2023-08-09T23:31:52.559+0000] {processor.py:836} INFO - DAG(s) dict_keys(['example_xcom']) retrieved from /home/airflow/.local/lib/python3.7/site-packages/airflow/example_dags/example_xcom.py
[2023-08-09T23:31:52.578+0000] {logging_mixin.py:150} INFO - [2023-08-09T23:31:52.578+0000] {dag.py:2742} INFO - Sync 1 DAGs
[2023-08-09T23:31:52.593+0000] {logging_mixin.py:150} INFO - [2023-08-09T23:31:52.593+0000] {dag.py:3508} INFO - Setting next_dagrun for example_xcom to 2021-01-01T00:00:00+00:00, run_after=2021-01-01T00:00:00+00:00
[2023-08-09T23:31:52.604+0000] {processor.py:179} INFO - Processing /home/airflow/.local/lib/python3.7/site-packages/airflow/example_dags/example_xcom.py took 0.056 seconds
