[2023-08-09T12:03:23.904+0000] {processor.py:157} INFO - Started process (PID=67) to work on /home/airflow/.local/lib/python3.7/site-packages/airflow/example_dags/example_branch_operator.py
[2023-08-09T12:03:23.905+0000] {processor.py:826} INFO - Processing file /home/airflow/.local/lib/python3.7/site-packages/airflow/example_dags/example_branch_operator.py for tasks to queue
[2023-08-09T12:03:23.906+0000] {logging_mixin.py:150} INFO - [2023-08-09T12:03:23.906+0000] {dagbag.py:541} INFO - Filling up the DagBag from /home/airflow/.local/lib/python3.7/site-packages/airflow/example_dags/example_branch_operator.py
[2023-08-09T12:03:23.939+0000] {processor.py:836} INFO - DAG(s) dict_keys(['example_branch_operator']) retrieved from /home/airflow/.local/lib/python3.7/site-packages/airflow/example_dags/example_branch_operator.py
[2023-08-09T12:03:23.995+0000] {logging_mixin.py:150} INFO - [2023-08-09T12:03:23.995+0000] {dag.py:2742} INFO - Sync 1 DAGs
[2023-08-09T12:03:24.024+0000] {logging_mixin.py:150} INFO - [2023-08-09T12:03:24.024+0000] {dag.py:3508} INFO - Setting next_dagrun for example_branch_operator to 2023-08-08T00:00:00+00:00, run_after=2023-08-09T00:00:00+00:00
[2023-08-09T12:03:24.622+0000] {processor.py:179} INFO - Processing /home/airflow/.local/lib/python3.7/site-packages/airflow/example_dags/example_branch_operator.py took 0.722 seconds
[2023-08-09T12:03:55.308+0000] {processor.py:157} INFO - Started process (PID=126) to work on /home/airflow/.local/lib/python3.7/site-packages/airflow/example_dags/example_branch_operator.py
[2023-08-09T12:03:55.311+0000] {processor.py:826} INFO - Processing file /home/airflow/.local/lib/python3.7/site-packages/airflow/example_dags/example_branch_operator.py for tasks to queue
[2023-08-09T12:03:55.313+0000] {logging_mixin.py:150} INFO - [2023-08-09T12:03:55.312+0000] {dagbag.py:541} INFO - Filling up the DagBag from /home/airflow/.local/lib/python3.7/site-packages/airflow/example_dags/example_branch_operator.py
[2023-08-09T12:03:55.326+0000] {processor.py:836} INFO - DAG(s) dict_keys(['example_branch_operator']) retrieved from /home/airflow/.local/lib/python3.7/site-packages/airflow/example_dags/example_branch_operator.py
[2023-08-09T12:03:55.349+0000] {logging_mixin.py:150} INFO - [2023-08-09T12:03:55.349+0000] {dag.py:2742} INFO - Sync 1 DAGs
[2023-08-09T12:03:55.366+0000] {logging_mixin.py:150} INFO - [2023-08-09T12:03:55.366+0000] {dag.py:3508} INFO - Setting next_dagrun for example_branch_operator to 2023-08-08T00:00:00+00:00, run_after=2023-08-09T00:00:00+00:00
[2023-08-09T12:03:55.375+0000] {processor.py:179} INFO - Processing /home/airflow/.local/lib/python3.7/site-packages/airflow/example_dags/example_branch_operator.py took 0.074 seconds
[2023-08-09T12:04:25.583+0000] {processor.py:157} INFO - Started process (PID=185) to work on /home/airflow/.local/lib/python3.7/site-packages/airflow/example_dags/example_branch_operator.py
[2023-08-09T12:04:25.584+0000] {processor.py:826} INFO - Processing file /home/airflow/.local/lib/python3.7/site-packages/airflow/example_dags/example_branch_operator.py for tasks to queue
[2023-08-09T12:04:25.586+0000] {logging_mixin.py:150} INFO - [2023-08-09T12:04:25.585+0000] {dagbag.py:541} INFO - Filling up the DagBag from /home/airflow/.local/lib/python3.7/site-packages/airflow/example_dags/example_branch_operator.py
[2023-08-09T12:04:25.593+0000] {processor.py:836} INFO - DAG(s) dict_keys(['example_branch_operator']) retrieved from /home/airflow/.local/lib/python3.7/site-packages/airflow/example_dags/example_branch_operator.py
[2023-08-09T12:04:25.614+0000] {logging_mixin.py:150} INFO - [2023-08-09T12:04:25.614+0000] {dag.py:2742} INFO - Sync 1 DAGs
[2023-08-09T12:04:25.633+0000] {logging_mixin.py:150} INFO - [2023-08-09T12:04:25.632+0000] {dag.py:3508} INFO - Setting next_dagrun for example_branch_operator to 2023-08-08T00:00:00+00:00, run_after=2023-08-09T00:00:00+00:00
[2023-08-09T12:04:25.655+0000] {processor.py:179} INFO - Processing /home/airflow/.local/lib/python3.7/site-packages/airflow/example_dags/example_branch_operator.py took 0.075 seconds
[2023-08-09T12:04:55.844+0000] {processor.py:157} INFO - Started process (PID=244) to work on /home/airflow/.local/lib/python3.7/site-packages/airflow/example_dags/example_branch_operator.py
[2023-08-09T12:04:55.848+0000] {processor.py:826} INFO - Processing file /home/airflow/.local/lib/python3.7/site-packages/airflow/example_dags/example_branch_operator.py for tasks to queue
[2023-08-09T12:04:55.849+0000] {logging_mixin.py:150} INFO - [2023-08-09T12:04:55.849+0000] {dagbag.py:541} INFO - Filling up the DagBag from /home/airflow/.local/lib/python3.7/site-packages/airflow/example_dags/example_branch_operator.py
[2023-08-09T12:04:55.862+0000] {processor.py:836} INFO - DAG(s) dict_keys(['example_branch_operator']) retrieved from /home/airflow/.local/lib/python3.7/site-packages/airflow/example_dags/example_branch_operator.py
[2023-08-09T12:04:55.885+0000] {logging_mixin.py:150} INFO - [2023-08-09T12:04:55.885+0000] {dag.py:2742} INFO - Sync 1 DAGs
[2023-08-09T12:04:55.900+0000] {logging_mixin.py:150} INFO - [2023-08-09T12:04:55.900+0000] {dag.py:3508} INFO - Setting next_dagrun for example_branch_operator to 2023-08-08T00:00:00+00:00, run_after=2023-08-09T00:00:00+00:00
[2023-08-09T12:04:55.910+0000] {processor.py:179} INFO - Processing /home/airflow/.local/lib/python3.7/site-packages/airflow/example_dags/example_branch_operator.py took 0.073 seconds
[2023-08-09T12:05:26.173+0000] {processor.py:157} INFO - Started process (PID=303) to work on /home/airflow/.local/lib/python3.7/site-packages/airflow/example_dags/example_branch_operator.py
[2023-08-09T12:05:26.176+0000] {processor.py:826} INFO - Processing file /home/airflow/.local/lib/python3.7/site-packages/airflow/example_dags/example_branch_operator.py for tasks to queue
[2023-08-09T12:05:26.177+0000] {logging_mixin.py:150} INFO - [2023-08-09T12:05:26.177+0000] {dagbag.py:541} INFO - Filling up the DagBag from /home/airflow/.local/lib/python3.7/site-packages/airflow/example_dags/example_branch_operator.py
[2023-08-09T12:05:26.189+0000] {processor.py:836} INFO - DAG(s) dict_keys(['example_branch_operator']) retrieved from /home/airflow/.local/lib/python3.7/site-packages/airflow/example_dags/example_branch_operator.py
[2023-08-09T12:05:26.212+0000] {logging_mixin.py:150} INFO - [2023-08-09T12:05:26.212+0000] {dag.py:2742} INFO - Sync 1 DAGs
[2023-08-09T12:05:26.227+0000] {logging_mixin.py:150} INFO - [2023-08-09T12:05:26.227+0000] {dag.py:3508} INFO - Setting next_dagrun for example_branch_operator to 2023-08-08T00:00:00+00:00, run_after=2023-08-09T00:00:00+00:00
[2023-08-09T12:05:26.236+0000] {processor.py:179} INFO - Processing /home/airflow/.local/lib/python3.7/site-packages/airflow/example_dags/example_branch_operator.py took 0.070 seconds
[2023-08-09T12:05:56.369+0000] {processor.py:157} INFO - Started process (PID=362) to work on /home/airflow/.local/lib/python3.7/site-packages/airflow/example_dags/example_branch_operator.py
[2023-08-09T12:05:56.371+0000] {processor.py:826} INFO - Processing file /home/airflow/.local/lib/python3.7/site-packages/airflow/example_dags/example_branch_operator.py for tasks to queue
[2023-08-09T12:05:56.373+0000] {logging_mixin.py:150} INFO - [2023-08-09T12:05:56.372+0000] {dagbag.py:541} INFO - Filling up the DagBag from /home/airflow/.local/lib/python3.7/site-packages/airflow/example_dags/example_branch_operator.py
[2023-08-09T12:05:56.385+0000] {processor.py:836} INFO - DAG(s) dict_keys(['example_branch_operator']) retrieved from /home/airflow/.local/lib/python3.7/site-packages/airflow/example_dags/example_branch_operator.py
[2023-08-09T12:05:56.409+0000] {logging_mixin.py:150} INFO - [2023-08-09T12:05:56.409+0000] {dag.py:2742} INFO - Sync 1 DAGs
[2023-08-09T12:05:56.425+0000] {logging_mixin.py:150} INFO - [2023-08-09T12:05:56.425+0000] {dag.py:3508} INFO - Setting next_dagrun for example_branch_operator to 2023-08-08T00:00:00+00:00, run_after=2023-08-09T00:00:00+00:00
[2023-08-09T12:05:56.436+0000] {processor.py:179} INFO - Processing /home/airflow/.local/lib/python3.7/site-packages/airflow/example_dags/example_branch_operator.py took 0.074 seconds
[2023-08-09T12:06:26.697+0000] {processor.py:157} INFO - Started process (PID=421) to work on /home/airflow/.local/lib/python3.7/site-packages/airflow/example_dags/example_branch_operator.py
[2023-08-09T12:06:26.700+0000] {processor.py:826} INFO - Processing file /home/airflow/.local/lib/python3.7/site-packages/airflow/example_dags/example_branch_operator.py for tasks to queue
[2023-08-09T12:06:26.702+0000] {logging_mixin.py:150} INFO - [2023-08-09T12:06:26.701+0000] {dagbag.py:541} INFO - Filling up the DagBag from /home/airflow/.local/lib/python3.7/site-packages/airflow/example_dags/example_branch_operator.py
[2023-08-09T12:06:26.714+0000] {processor.py:836} INFO - DAG(s) dict_keys(['example_branch_operator']) retrieved from /home/airflow/.local/lib/python3.7/site-packages/airflow/example_dags/example_branch_operator.py
[2023-08-09T12:06:26.737+0000] {logging_mixin.py:150} INFO - [2023-08-09T12:06:26.737+0000] {dag.py:2742} INFO - Sync 1 DAGs
[2023-08-09T12:06:26.752+0000] {logging_mixin.py:150} INFO - [2023-08-09T12:06:26.752+0000] {dag.py:3508} INFO - Setting next_dagrun for example_branch_operator to 2023-08-08T00:00:00+00:00, run_after=2023-08-09T00:00:00+00:00
[2023-08-09T12:06:26.761+0000] {processor.py:179} INFO - Processing /home/airflow/.local/lib/python3.7/site-packages/airflow/example_dags/example_branch_operator.py took 0.072 seconds
[2023-08-09T12:06:57.027+0000] {processor.py:157} INFO - Started process (PID=480) to work on /home/airflow/.local/lib/python3.7/site-packages/airflow/example_dags/example_branch_operator.py
[2023-08-09T12:06:57.030+0000] {processor.py:826} INFO - Processing file /home/airflow/.local/lib/python3.7/site-packages/airflow/example_dags/example_branch_operator.py for tasks to queue
[2023-08-09T12:06:57.032+0000] {logging_mixin.py:150} INFO - [2023-08-09T12:06:57.032+0000] {dagbag.py:541} INFO - Filling up the DagBag from /home/airflow/.local/lib/python3.7/site-packages/airflow/example_dags/example_branch_operator.py
[2023-08-09T12:06:57.047+0000] {processor.py:836} INFO - DAG(s) dict_keys(['example_branch_operator']) retrieved from /home/airflow/.local/lib/python3.7/site-packages/airflow/example_dags/example_branch_operator.py
[2023-08-09T12:06:57.071+0000] {logging_mixin.py:150} INFO - [2023-08-09T12:06:57.071+0000] {dag.py:2742} INFO - Sync 1 DAGs
[2023-08-09T12:06:57.088+0000] {logging_mixin.py:150} INFO - [2023-08-09T12:06:57.088+0000] {dag.py:3508} INFO - Setting next_dagrun for example_branch_operator to 2023-08-08T00:00:00+00:00, run_after=2023-08-09T00:00:00+00:00
[2023-08-09T12:06:57.098+0000] {processor.py:179} INFO - Processing /home/airflow/.local/lib/python3.7/site-packages/airflow/example_dags/example_branch_operator.py took 0.078 seconds
[2023-08-09T12:07:28.371+0000] {processor.py:157} INFO - Started process (PID=539) to work on /home/airflow/.local/lib/python3.7/site-packages/airflow/example_dags/example_branch_operator.py
[2023-08-09T12:07:28.372+0000] {processor.py:826} INFO - Processing file /home/airflow/.local/lib/python3.7/site-packages/airflow/example_dags/example_branch_operator.py for tasks to queue
[2023-08-09T12:07:28.373+0000] {logging_mixin.py:150} INFO - [2023-08-09T12:07:28.373+0000] {dagbag.py:541} INFO - Filling up the DagBag from /home/airflow/.local/lib/python3.7/site-packages/airflow/example_dags/example_branch_operator.py
[2023-08-09T12:07:28.380+0000] {processor.py:836} INFO - DAG(s) dict_keys(['example_branch_operator']) retrieved from /home/airflow/.local/lib/python3.7/site-packages/airflow/example_dags/example_branch_operator.py
[2023-08-09T12:07:28.399+0000] {logging_mixin.py:150} INFO - [2023-08-09T12:07:28.399+0000] {dag.py:2742} INFO - Sync 1 DAGs
[2023-08-09T12:07:28.414+0000] {logging_mixin.py:150} INFO - [2023-08-09T12:07:28.414+0000] {dag.py:3508} INFO - Setting next_dagrun for example_branch_operator to 2023-08-08T00:00:00+00:00, run_after=2023-08-09T00:00:00+00:00
[2023-08-09T12:07:28.427+0000] {processor.py:179} INFO - Processing /home/airflow/.local/lib/python3.7/site-packages/airflow/example_dags/example_branch_operator.py took 0.059 seconds
[2023-08-09T12:16:44.531+0000] {processor.py:157} INFO - Started process (PID=600) to work on /home/airflow/.local/lib/python3.7/site-packages/airflow/example_dags/example_branch_operator.py
[2023-08-09T12:16:44.532+0000] {processor.py:826} INFO - Processing file /home/airflow/.local/lib/python3.7/site-packages/airflow/example_dags/example_branch_operator.py for tasks to queue
[2023-08-09T12:16:44.533+0000] {logging_mixin.py:150} INFO - [2023-08-09T12:16:44.533+0000] {dagbag.py:541} INFO - Filling up the DagBag from /home/airflow/.local/lib/python3.7/site-packages/airflow/example_dags/example_branch_operator.py
[2023-08-09T12:16:44.540+0000] {processor.py:836} INFO - DAG(s) dict_keys(['example_branch_operator']) retrieved from /home/airflow/.local/lib/python3.7/site-packages/airflow/example_dags/example_branch_operator.py
[2023-08-09T12:16:44.558+0000] {logging_mixin.py:150} INFO - [2023-08-09T12:16:44.558+0000] {dag.py:2742} INFO - Sync 1 DAGs
[2023-08-09T12:16:44.573+0000] {logging_mixin.py:150} INFO - [2023-08-09T12:16:44.573+0000] {dag.py:3508} INFO - Setting next_dagrun for example_branch_operator to 2023-08-08T00:00:00+00:00, run_after=2023-08-09T00:00:00+00:00
[2023-08-09T12:16:44.584+0000] {processor.py:179} INFO - Processing /home/airflow/.local/lib/python3.7/site-packages/airflow/example_dags/example_branch_operator.py took 0.055 seconds
[2023-08-09T12:17:15.465+0000] {processor.py:157} INFO - Started process (PID=659) to work on /home/airflow/.local/lib/python3.7/site-packages/airflow/example_dags/example_branch_operator.py
[2023-08-09T12:17:15.466+0000] {processor.py:826} INFO - Processing file /home/airflow/.local/lib/python3.7/site-packages/airflow/example_dags/example_branch_operator.py for tasks to queue
[2023-08-09T12:17:15.467+0000] {logging_mixin.py:150} INFO - [2023-08-09T12:17:15.467+0000] {dagbag.py:541} INFO - Filling up the DagBag from /home/airflow/.local/lib/python3.7/site-packages/airflow/example_dags/example_branch_operator.py
[2023-08-09T12:17:15.473+0000] {processor.py:836} INFO - DAG(s) dict_keys(['example_branch_operator']) retrieved from /home/airflow/.local/lib/python3.7/site-packages/airflow/example_dags/example_branch_operator.py
[2023-08-09T12:17:15.491+0000] {logging_mixin.py:150} INFO - [2023-08-09T12:17:15.490+0000] {dag.py:2742} INFO - Sync 1 DAGs
[2023-08-09T12:17:15.506+0000] {logging_mixin.py:150} INFO - [2023-08-09T12:17:15.505+0000] {dag.py:3508} INFO - Setting next_dagrun for example_branch_operator to 2023-08-08T00:00:00+00:00, run_after=2023-08-09T00:00:00+00:00
[2023-08-09T12:17:15.515+0000] {processor.py:179} INFO - Processing /home/airflow/.local/lib/python3.7/site-packages/airflow/example_dags/example_branch_operator.py took 0.053 seconds
[2023-08-09T12:33:47.063+0000] {processor.py:157} INFO - Started process (PID=718) to work on /home/airflow/.local/lib/python3.7/site-packages/airflow/example_dags/example_branch_operator.py
[2023-08-09T12:33:47.064+0000] {processor.py:826} INFO - Processing file /home/airflow/.local/lib/python3.7/site-packages/airflow/example_dags/example_branch_operator.py for tasks to queue
[2023-08-09T12:33:47.065+0000] {logging_mixin.py:150} INFO - [2023-08-09T12:33:47.065+0000] {dagbag.py:541} INFO - Filling up the DagBag from /home/airflow/.local/lib/python3.7/site-packages/airflow/example_dags/example_branch_operator.py
[2023-08-09T12:33:47.071+0000] {processor.py:836} INFO - DAG(s) dict_keys(['example_branch_operator']) retrieved from /home/airflow/.local/lib/python3.7/site-packages/airflow/example_dags/example_branch_operator.py
[2023-08-09T12:33:47.089+0000] {logging_mixin.py:150} INFO - [2023-08-09T12:33:47.089+0000] {dag.py:2742} INFO - Sync 1 DAGs
[2023-08-09T12:33:47.104+0000] {logging_mixin.py:150} INFO - [2023-08-09T12:33:47.104+0000] {dag.py:3508} INFO - Setting next_dagrun for example_branch_operator to 2023-08-08T00:00:00+00:00, run_after=2023-08-09T00:00:00+00:00
[2023-08-09T12:33:47.113+0000] {processor.py:179} INFO - Processing /home/airflow/.local/lib/python3.7/site-packages/airflow/example_dags/example_branch_operator.py took 0.053 seconds
[2023-08-09T13:56:52.202+0000] {processor.py:157} INFO - Started process (PID=777) to work on /home/airflow/.local/lib/python3.7/site-packages/airflow/example_dags/example_branch_operator.py
[2023-08-09T13:56:52.203+0000] {processor.py:826} INFO - Processing file /home/airflow/.local/lib/python3.7/site-packages/airflow/example_dags/example_branch_operator.py for tasks to queue
[2023-08-09T13:56:52.204+0000] {logging_mixin.py:150} INFO - [2023-08-09T13:56:52.204+0000] {dagbag.py:541} INFO - Filling up the DagBag from /home/airflow/.local/lib/python3.7/site-packages/airflow/example_dags/example_branch_operator.py
[2023-08-09T13:56:52.210+0000] {processor.py:836} INFO - DAG(s) dict_keys(['example_branch_operator']) retrieved from /home/airflow/.local/lib/python3.7/site-packages/airflow/example_dags/example_branch_operator.py
[2023-08-09T13:56:52.229+0000] {logging_mixin.py:150} INFO - [2023-08-09T13:56:52.229+0000] {dag.py:2742} INFO - Sync 1 DAGs
[2023-08-09T13:56:52.243+0000] {logging_mixin.py:150} INFO - [2023-08-09T13:56:52.243+0000] {dag.py:3508} INFO - Setting next_dagrun for example_branch_operator to 2023-08-08T00:00:00+00:00, run_after=2023-08-09T00:00:00+00:00
[2023-08-09T13:56:52.254+0000] {processor.py:179} INFO - Processing /home/airflow/.local/lib/python3.7/site-packages/airflow/example_dags/example_branch_operator.py took 0.054 seconds
[2023-08-09T14:58:26.420+0000] {processor.py:157} INFO - Started process (PID=836) to work on /home/airflow/.local/lib/python3.7/site-packages/airflow/example_dags/example_branch_operator.py
[2023-08-09T14:58:26.421+0000] {processor.py:826} INFO - Processing file /home/airflow/.local/lib/python3.7/site-packages/airflow/example_dags/example_branch_operator.py for tasks to queue
[2023-08-09T14:58:26.422+0000] {logging_mixin.py:150} INFO - [2023-08-09T14:58:26.422+0000] {dagbag.py:541} INFO - Filling up the DagBag from /home/airflow/.local/lib/python3.7/site-packages/airflow/example_dags/example_branch_operator.py
[2023-08-09T14:58:26.429+0000] {processor.py:836} INFO - DAG(s) dict_keys(['example_branch_operator']) retrieved from /home/airflow/.local/lib/python3.7/site-packages/airflow/example_dags/example_branch_operator.py
[2023-08-09T14:58:26.447+0000] {logging_mixin.py:150} INFO - [2023-08-09T14:58:26.447+0000] {dag.py:2742} INFO - Sync 1 DAGs
[2023-08-09T14:58:26.462+0000] {logging_mixin.py:150} INFO - [2023-08-09T14:58:26.462+0000] {dag.py:3508} INFO - Setting next_dagrun for example_branch_operator to 2023-08-08T00:00:00+00:00, run_after=2023-08-09T00:00:00+00:00
[2023-08-09T14:58:26.472+0000] {processor.py:179} INFO - Processing /home/airflow/.local/lib/python3.7/site-packages/airflow/example_dags/example_branch_operator.py took 0.055 seconds
[2023-08-09T14:58:59.452+0000] {processor.py:157} INFO - Started process (PID=896) to work on /home/airflow/.local/lib/python3.7/site-packages/airflow/example_dags/example_branch_operator.py
[2023-08-09T14:58:59.453+0000] {processor.py:826} INFO - Processing file /home/airflow/.local/lib/python3.7/site-packages/airflow/example_dags/example_branch_operator.py for tasks to queue
[2023-08-09T14:58:59.454+0000] {logging_mixin.py:150} INFO - [2023-08-09T14:58:59.453+0000] {dagbag.py:541} INFO - Filling up the DagBag from /home/airflow/.local/lib/python3.7/site-packages/airflow/example_dags/example_branch_operator.py
[2023-08-09T14:58:59.460+0000] {processor.py:836} INFO - DAG(s) dict_keys(['example_branch_operator']) retrieved from /home/airflow/.local/lib/python3.7/site-packages/airflow/example_dags/example_branch_operator.py
[2023-08-09T14:58:59.478+0000] {logging_mixin.py:150} INFO - [2023-08-09T14:58:59.478+0000] {dag.py:2742} INFO - Sync 1 DAGs
[2023-08-09T14:58:59.492+0000] {logging_mixin.py:150} INFO - [2023-08-09T14:58:59.492+0000] {dag.py:3508} INFO - Setting next_dagrun for example_branch_operator to 2023-08-08T00:00:00+00:00, run_after=2023-08-09T00:00:00+00:00
[2023-08-09T14:58:59.502+0000] {processor.py:179} INFO - Processing /home/airflow/.local/lib/python3.7/site-packages/airflow/example_dags/example_branch_operator.py took 0.053 seconds
[2023-08-09T16:16:43.675+0000] {processor.py:157} INFO - Started process (PID=955) to work on /home/airflow/.local/lib/python3.7/site-packages/airflow/example_dags/example_branch_operator.py
[2023-08-09T16:16:43.676+0000] {processor.py:826} INFO - Processing file /home/airflow/.local/lib/python3.7/site-packages/airflow/example_dags/example_branch_operator.py for tasks to queue
[2023-08-09T16:16:43.677+0000] {logging_mixin.py:150} INFO - [2023-08-09T16:16:43.676+0000] {dagbag.py:541} INFO - Filling up the DagBag from /home/airflow/.local/lib/python3.7/site-packages/airflow/example_dags/example_branch_operator.py
[2023-08-09T16:16:43.683+0000] {processor.py:836} INFO - DAG(s) dict_keys(['example_branch_operator']) retrieved from /home/airflow/.local/lib/python3.7/site-packages/airflow/example_dags/example_branch_operator.py
[2023-08-09T16:16:43.701+0000] {logging_mixin.py:150} INFO - [2023-08-09T16:16:43.701+0000] {dag.py:2742} INFO - Sync 1 DAGs
[2023-08-09T16:16:43.716+0000] {logging_mixin.py:150} INFO - [2023-08-09T16:16:43.715+0000] {dag.py:3508} INFO - Setting next_dagrun for example_branch_operator to 2023-08-08T00:00:00+00:00, run_after=2023-08-09T00:00:00+00:00
[2023-08-09T16:16:43.726+0000] {processor.py:179} INFO - Processing /home/airflow/.local/lib/python3.7/site-packages/airflow/example_dags/example_branch_operator.py took 0.054 seconds
[2023-08-09T17:36:41.881+0000] {processor.py:157} INFO - Started process (PID=1014) to work on /home/airflow/.local/lib/python3.7/site-packages/airflow/example_dags/example_branch_operator.py
[2023-08-09T17:36:41.882+0000] {processor.py:826} INFO - Processing file /home/airflow/.local/lib/python3.7/site-packages/airflow/example_dags/example_branch_operator.py for tasks to queue
[2023-08-09T17:36:41.883+0000] {logging_mixin.py:150} INFO - [2023-08-09T17:36:41.882+0000] {dagbag.py:541} INFO - Filling up the DagBag from /home/airflow/.local/lib/python3.7/site-packages/airflow/example_dags/example_branch_operator.py
[2023-08-09T17:36:41.889+0000] {processor.py:836} INFO - DAG(s) dict_keys(['example_branch_operator']) retrieved from /home/airflow/.local/lib/python3.7/site-packages/airflow/example_dags/example_branch_operator.py
[2023-08-09T17:36:41.907+0000] {logging_mixin.py:150} INFO - [2023-08-09T17:36:41.907+0000] {dag.py:2742} INFO - Sync 1 DAGs
[2023-08-09T17:36:41.929+0000] {logging_mixin.py:150} INFO - [2023-08-09T17:36:41.929+0000] {dag.py:3508} INFO - Setting next_dagrun for example_branch_operator to 2023-08-08T00:00:00+00:00, run_after=2023-08-09T00:00:00+00:00
[2023-08-09T17:36:41.942+0000] {processor.py:179} INFO - Processing /home/airflow/.local/lib/python3.7/site-packages/airflow/example_dags/example_branch_operator.py took 0.063 seconds
[2023-08-09T18:58:24.397+0000] {processor.py:157} INFO - Started process (PID=1073) to work on /home/airflow/.local/lib/python3.7/site-packages/airflow/example_dags/example_branch_operator.py
[2023-08-09T18:58:24.398+0000] {processor.py:826} INFO - Processing file /home/airflow/.local/lib/python3.7/site-packages/airflow/example_dags/example_branch_operator.py for tasks to queue
[2023-08-09T18:58:24.399+0000] {logging_mixin.py:150} INFO - [2023-08-09T18:58:24.399+0000] {dagbag.py:541} INFO - Filling up the DagBag from /home/airflow/.local/lib/python3.7/site-packages/airflow/example_dags/example_branch_operator.py
[2023-08-09T18:58:24.405+0000] {processor.py:836} INFO - DAG(s) dict_keys(['example_branch_operator']) retrieved from /home/airflow/.local/lib/python3.7/site-packages/airflow/example_dags/example_branch_operator.py
[2023-08-09T18:58:24.423+0000] {logging_mixin.py:150} INFO - [2023-08-09T18:58:24.423+0000] {dag.py:2742} INFO - Sync 1 DAGs
[2023-08-09T18:58:24.438+0000] {logging_mixin.py:150} INFO - [2023-08-09T18:58:24.437+0000] {dag.py:3508} INFO - Setting next_dagrun for example_branch_operator to 2023-08-08T00:00:00+00:00, run_after=2023-08-09T00:00:00+00:00
[2023-08-09T18:58:24.448+0000] {processor.py:179} INFO - Processing /home/airflow/.local/lib/python3.7/site-packages/airflow/example_dags/example_branch_operator.py took 0.053 seconds
[2023-08-09T20:21:04.146+0000] {processor.py:157} INFO - Started process (PID=1132) to work on /home/airflow/.local/lib/python3.7/site-packages/airflow/example_dags/example_branch_operator.py
[2023-08-09T20:21:04.147+0000] {processor.py:826} INFO - Processing file /home/airflow/.local/lib/python3.7/site-packages/airflow/example_dags/example_branch_operator.py for tasks to queue
[2023-08-09T20:21:04.148+0000] {logging_mixin.py:150} INFO - [2023-08-09T20:21:04.148+0000] {dagbag.py:541} INFO - Filling up the DagBag from /home/airflow/.local/lib/python3.7/site-packages/airflow/example_dags/example_branch_operator.py
[2023-08-09T20:21:04.155+0000] {processor.py:836} INFO - DAG(s) dict_keys(['example_branch_operator']) retrieved from /home/airflow/.local/lib/python3.7/site-packages/airflow/example_dags/example_branch_operator.py
[2023-08-09T20:21:04.176+0000] {logging_mixin.py:150} INFO - [2023-08-09T20:21:04.176+0000] {dag.py:2742} INFO - Sync 1 DAGs
[2023-08-09T20:21:04.190+0000] {logging_mixin.py:150} INFO - [2023-08-09T20:21:04.190+0000] {dag.py:3508} INFO - Setting next_dagrun for example_branch_operator to 2023-08-08T00:00:00+00:00, run_after=2023-08-09T00:00:00+00:00
[2023-08-09T20:21:04.200+0000] {processor.py:179} INFO - Processing /home/airflow/.local/lib/python3.7/site-packages/airflow/example_dags/example_branch_operator.py took 0.057 seconds
[2023-08-09T21:44:56.901+0000] {processor.py:157} INFO - Started process (PID=1191) to work on /home/airflow/.local/lib/python3.7/site-packages/airflow/example_dags/example_branch_operator.py
[2023-08-09T21:44:56.902+0000] {processor.py:826} INFO - Processing file /home/airflow/.local/lib/python3.7/site-packages/airflow/example_dags/example_branch_operator.py for tasks to queue
[2023-08-09T21:44:56.903+0000] {logging_mixin.py:150} INFO - [2023-08-09T21:44:56.903+0000] {dagbag.py:541} INFO - Filling up the DagBag from /home/airflow/.local/lib/python3.7/site-packages/airflow/example_dags/example_branch_operator.py
[2023-08-09T21:44:56.910+0000] {processor.py:836} INFO - DAG(s) dict_keys(['example_branch_operator']) retrieved from /home/airflow/.local/lib/python3.7/site-packages/airflow/example_dags/example_branch_operator.py
[2023-08-09T21:44:56.928+0000] {logging_mixin.py:150} INFO - [2023-08-09T21:44:56.928+0000] {dag.py:2742} INFO - Sync 1 DAGs
[2023-08-09T21:44:56.943+0000] {logging_mixin.py:150} INFO - [2023-08-09T21:44:56.943+0000] {dag.py:3508} INFO - Setting next_dagrun for example_branch_operator to 2023-08-08T00:00:00+00:00, run_after=2023-08-09T00:00:00+00:00
[2023-08-09T21:44:56.953+0000] {processor.py:179} INFO - Processing /home/airflow/.local/lib/python3.7/site-packages/airflow/example_dags/example_branch_operator.py took 0.055 seconds
[2023-08-09T22:36:37.433+0000] {processor.py:157} INFO - Started process (PID=1250) to work on /home/airflow/.local/lib/python3.7/site-packages/airflow/example_dags/example_branch_operator.py
[2023-08-09T22:36:37.434+0000] {processor.py:826} INFO - Processing file /home/airflow/.local/lib/python3.7/site-packages/airflow/example_dags/example_branch_operator.py for tasks to queue
[2023-08-09T22:36:37.435+0000] {logging_mixin.py:150} INFO - [2023-08-09T22:36:37.435+0000] {dagbag.py:541} INFO - Filling up the DagBag from /home/airflow/.local/lib/python3.7/site-packages/airflow/example_dags/example_branch_operator.py
[2023-08-09T22:36:37.443+0000] {processor.py:836} INFO - DAG(s) dict_keys(['example_branch_operator']) retrieved from /home/airflow/.local/lib/python3.7/site-packages/airflow/example_dags/example_branch_operator.py
[2023-08-09T22:36:37.461+0000] {logging_mixin.py:150} INFO - [2023-08-09T22:36:37.461+0000] {dag.py:2742} INFO - Sync 1 DAGs
[2023-08-09T22:36:37.476+0000] {logging_mixin.py:150} INFO - [2023-08-09T22:36:37.476+0000] {dag.py:3508} INFO - Setting next_dagrun for example_branch_operator to 2023-08-08T00:00:00+00:00, run_after=2023-08-09T00:00:00+00:00
[2023-08-09T22:36:37.486+0000] {processor.py:179} INFO - Processing /home/airflow/.local/lib/python3.7/site-packages/airflow/example_dags/example_branch_operator.py took 0.057 seconds
[2023-08-09T22:37:07.665+0000] {processor.py:157} INFO - Started process (PID=1309) to work on /home/airflow/.local/lib/python3.7/site-packages/airflow/example_dags/example_branch_operator.py
[2023-08-09T22:37:07.666+0000] {processor.py:826} INFO - Processing file /home/airflow/.local/lib/python3.7/site-packages/airflow/example_dags/example_branch_operator.py for tasks to queue
[2023-08-09T22:37:07.667+0000] {logging_mixin.py:150} INFO - [2023-08-09T22:37:07.667+0000] {dagbag.py:541} INFO - Filling up the DagBag from /home/airflow/.local/lib/python3.7/site-packages/airflow/example_dags/example_branch_operator.py
[2023-08-09T22:37:07.674+0000] {processor.py:836} INFO - DAG(s) dict_keys(['example_branch_operator']) retrieved from /home/airflow/.local/lib/python3.7/site-packages/airflow/example_dags/example_branch_operator.py
[2023-08-09T22:37:07.693+0000] {logging_mixin.py:150} INFO - [2023-08-09T22:37:07.693+0000] {dag.py:2742} INFO - Sync 1 DAGs
[2023-08-09T22:37:07.708+0000] {logging_mixin.py:150} INFO - [2023-08-09T22:37:07.708+0000] {dag.py:3508} INFO - Setting next_dagrun for example_branch_operator to 2023-08-08T00:00:00+00:00, run_after=2023-08-09T00:00:00+00:00
[2023-08-09T22:37:07.718+0000] {processor.py:179} INFO - Processing /home/airflow/.local/lib/python3.7/site-packages/airflow/example_dags/example_branch_operator.py took 0.055 seconds
[2023-08-09T22:37:37.849+0000] {processor.py:157} INFO - Started process (PID=1368) to work on /home/airflow/.local/lib/python3.7/site-packages/airflow/example_dags/example_branch_operator.py
[2023-08-09T22:37:37.850+0000] {processor.py:826} INFO - Processing file /home/airflow/.local/lib/python3.7/site-packages/airflow/example_dags/example_branch_operator.py for tasks to queue
[2023-08-09T22:37:37.851+0000] {logging_mixin.py:150} INFO - [2023-08-09T22:37:37.850+0000] {dagbag.py:541} INFO - Filling up the DagBag from /home/airflow/.local/lib/python3.7/site-packages/airflow/example_dags/example_branch_operator.py
[2023-08-09T22:37:37.857+0000] {processor.py:836} INFO - DAG(s) dict_keys(['example_branch_operator']) retrieved from /home/airflow/.local/lib/python3.7/site-packages/airflow/example_dags/example_branch_operator.py
[2023-08-09T22:37:37.875+0000] {logging_mixin.py:150} INFO - [2023-08-09T22:37:37.874+0000] {dag.py:2742} INFO - Sync 1 DAGs
[2023-08-09T22:37:37.889+0000] {logging_mixin.py:150} INFO - [2023-08-09T22:37:37.889+0000] {dag.py:3508} INFO - Setting next_dagrun for example_branch_operator to 2023-08-08T00:00:00+00:00, run_after=2023-08-09T00:00:00+00:00
[2023-08-09T22:37:37.898+0000] {processor.py:179} INFO - Processing /home/airflow/.local/lib/python3.7/site-packages/airflow/example_dags/example_branch_operator.py took 0.052 seconds
[2023-08-09T23:31:53.332+0000] {processor.py:157} INFO - Started process (PID=1427) to work on /home/airflow/.local/lib/python3.7/site-packages/airflow/example_dags/example_branch_operator.py
[2023-08-09T23:31:53.333+0000] {processor.py:826} INFO - Processing file /home/airflow/.local/lib/python3.7/site-packages/airflow/example_dags/example_branch_operator.py for tasks to queue
[2023-08-09T23:31:53.333+0000] {logging_mixin.py:150} INFO - [2023-08-09T23:31:53.333+0000] {dagbag.py:541} INFO - Filling up the DagBag from /home/airflow/.local/lib/python3.7/site-packages/airflow/example_dags/example_branch_operator.py
[2023-08-09T23:31:53.339+0000] {processor.py:836} INFO - DAG(s) dict_keys(['example_branch_operator']) retrieved from /home/airflow/.local/lib/python3.7/site-packages/airflow/example_dags/example_branch_operator.py
[2023-08-09T23:31:53.358+0000] {logging_mixin.py:150} INFO - [2023-08-09T23:31:53.358+0000] {dag.py:2742} INFO - Sync 1 DAGs
[2023-08-09T23:31:53.372+0000] {logging_mixin.py:150} INFO - [2023-08-09T23:31:53.372+0000] {dag.py:3508} INFO - Setting next_dagrun for example_branch_operator to 2023-08-08T00:00:00+00:00, run_after=2023-08-09T00:00:00+00:00
[2023-08-09T23:31:53.381+0000] {processor.py:179} INFO - Processing /home/airflow/.local/lib/python3.7/site-packages/airflow/example_dags/example_branch_operator.py took 0.052 seconds
