[2023-08-09T12:03:21.871+0000] {processor.py:157} INFO - Started process (PID=39) to work on /home/airflow/.local/lib/python3.7/site-packages/airflow/example_dags/example_sensor_decorator.py
[2023-08-09T12:03:21.873+0000] {processor.py:826} INFO - Processing file /home/airflow/.local/lib/python3.7/site-packages/airflow/example_dags/example_sensor_decorator.py for tasks to queue
[2023-08-09T12:03:21.875+0000] {logging_mixin.py:150} INFO - [2023-08-09T12:03:21.874+0000] {dagbag.py:541} INFO - Filling up the DagBag from /home/airflow/.local/lib/python3.7/site-packages/airflow/example_dags/example_sensor_decorator.py
[2023-08-09T12:03:21.881+0000] {processor.py:836} INFO - DAG(s) dict_keys(['example_sensor_decorator']) retrieved from /home/airflow/.local/lib/python3.7/site-packages/airflow/example_dags/example_sensor_decorator.py
[2023-08-09T12:03:21.896+0000] {logging_mixin.py:150} INFO - [2023-08-09T12:03:21.896+0000] {dag.py:2742} INFO - Sync 1 DAGs
[2023-08-09T12:03:21.915+0000] {logging_mixin.py:150} INFO - [2023-08-09T12:03:21.915+0000] {dag.py:3508} INFO - Setting next_dagrun for example_sensor_decorator to None, run_after=None
[2023-08-09T12:03:21.934+0000] {processor.py:179} INFO - Processing /home/airflow/.local/lib/python3.7/site-packages/airflow/example_dags/example_sensor_decorator.py took 0.067 seconds
[2023-08-09T12:03:52.894+0000] {processor.py:157} INFO - Started process (PID=98) to work on /home/airflow/.local/lib/python3.7/site-packages/airflow/example_dags/example_sensor_decorator.py
[2023-08-09T12:03:52.895+0000] {processor.py:826} INFO - Processing file /home/airflow/.local/lib/python3.7/site-packages/airflow/example_dags/example_sensor_decorator.py for tasks to queue
[2023-08-09T12:03:52.896+0000] {logging_mixin.py:150} INFO - [2023-08-09T12:03:52.896+0000] {dagbag.py:541} INFO - Filling up the DagBag from /home/airflow/.local/lib/python3.7/site-packages/airflow/example_dags/example_sensor_decorator.py
[2023-08-09T12:03:52.901+0000] {processor.py:836} INFO - DAG(s) dict_keys(['example_sensor_decorator']) retrieved from /home/airflow/.local/lib/python3.7/site-packages/airflow/example_dags/example_sensor_decorator.py
[2023-08-09T12:03:52.919+0000] {logging_mixin.py:150} INFO - [2023-08-09T12:03:52.919+0000] {dag.py:2742} INFO - Sync 1 DAGs
[2023-08-09T12:03:52.934+0000] {logging_mixin.py:150} INFO - [2023-08-09T12:03:52.934+0000] {dag.py:3508} INFO - Setting next_dagrun for example_sensor_decorator to None, run_after=None
[2023-08-09T12:03:52.945+0000] {processor.py:179} INFO - Processing /home/airflow/.local/lib/python3.7/site-packages/airflow/example_dags/example_sensor_decorator.py took 0.054 seconds
[2023-08-09T12:04:23.429+0000] {processor.py:157} INFO - Started process (PID=157) to work on /home/airflow/.local/lib/python3.7/site-packages/airflow/example_dags/example_sensor_decorator.py
[2023-08-09T12:04:23.430+0000] {processor.py:826} INFO - Processing file /home/airflow/.local/lib/python3.7/site-packages/airflow/example_dags/example_sensor_decorator.py for tasks to queue
[2023-08-09T12:04:23.431+0000] {logging_mixin.py:150} INFO - [2023-08-09T12:04:23.431+0000] {dagbag.py:541} INFO - Filling up the DagBag from /home/airflow/.local/lib/python3.7/site-packages/airflow/example_dags/example_sensor_decorator.py
[2023-08-09T12:04:23.436+0000] {processor.py:836} INFO - DAG(s) dict_keys(['example_sensor_decorator']) retrieved from /home/airflow/.local/lib/python3.7/site-packages/airflow/example_dags/example_sensor_decorator.py
[2023-08-09T12:04:23.452+0000] {logging_mixin.py:150} INFO - [2023-08-09T12:04:23.452+0000] {dag.py:2742} INFO - Sync 1 DAGs
[2023-08-09T12:04:23.465+0000] {logging_mixin.py:150} INFO - [2023-08-09T12:04:23.465+0000] {dag.py:3508} INFO - Setting next_dagrun for example_sensor_decorator to None, run_after=None
[2023-08-09T12:04:23.474+0000] {processor.py:179} INFO - Processing /home/airflow/.local/lib/python3.7/site-packages/airflow/example_dags/example_sensor_decorator.py took 0.048 seconds
[2023-08-09T12:04:53.669+0000] {processor.py:157} INFO - Started process (PID=216) to work on /home/airflow/.local/lib/python3.7/site-packages/airflow/example_dags/example_sensor_decorator.py
[2023-08-09T12:04:53.670+0000] {processor.py:826} INFO - Processing file /home/airflow/.local/lib/python3.7/site-packages/airflow/example_dags/example_sensor_decorator.py for tasks to queue
[2023-08-09T12:04:53.671+0000] {logging_mixin.py:150} INFO - [2023-08-09T12:04:53.670+0000] {dagbag.py:541} INFO - Filling up the DagBag from /home/airflow/.local/lib/python3.7/site-packages/airflow/example_dags/example_sensor_decorator.py
[2023-08-09T12:04:53.675+0000] {processor.py:836} INFO - DAG(s) dict_keys(['example_sensor_decorator']) retrieved from /home/airflow/.local/lib/python3.7/site-packages/airflow/example_dags/example_sensor_decorator.py
[2023-08-09T12:04:53.692+0000] {logging_mixin.py:150} INFO - [2023-08-09T12:04:53.692+0000] {dag.py:2742} INFO - Sync 1 DAGs
[2023-08-09T12:04:53.706+0000] {logging_mixin.py:150} INFO - [2023-08-09T12:04:53.706+0000] {dag.py:3508} INFO - Setting next_dagrun for example_sensor_decorator to None, run_after=None
[2023-08-09T12:04:53.715+0000] {processor.py:179} INFO - Processing /home/airflow/.local/lib/python3.7/site-packages/airflow/example_dags/example_sensor_decorator.py took 0.049 seconds
[2023-08-09T12:05:23.857+0000] {processor.py:157} INFO - Started process (PID=275) to work on /home/airflow/.local/lib/python3.7/site-packages/airflow/example_dags/example_sensor_decorator.py
[2023-08-09T12:05:23.858+0000] {processor.py:826} INFO - Processing file /home/airflow/.local/lib/python3.7/site-packages/airflow/example_dags/example_sensor_decorator.py for tasks to queue
[2023-08-09T12:05:23.859+0000] {logging_mixin.py:150} INFO - [2023-08-09T12:05:23.859+0000] {dagbag.py:541} INFO - Filling up the DagBag from /home/airflow/.local/lib/python3.7/site-packages/airflow/example_dags/example_sensor_decorator.py
[2023-08-09T12:05:23.863+0000] {processor.py:836} INFO - DAG(s) dict_keys(['example_sensor_decorator']) retrieved from /home/airflow/.local/lib/python3.7/site-packages/airflow/example_dags/example_sensor_decorator.py
[2023-08-09T12:05:23.880+0000] {logging_mixin.py:150} INFO - [2023-08-09T12:05:23.879+0000] {dag.py:2742} INFO - Sync 1 DAGs
[2023-08-09T12:05:23.893+0000] {logging_mixin.py:150} INFO - [2023-08-09T12:05:23.893+0000] {dag.py:3508} INFO - Setting next_dagrun for example_sensor_decorator to None, run_after=None
[2023-08-09T12:05:23.902+0000] {processor.py:179} INFO - Processing /home/airflow/.local/lib/python3.7/site-packages/airflow/example_dags/example_sensor_decorator.py took 0.047 seconds
[2023-08-09T12:05:54.145+0000] {processor.py:157} INFO - Started process (PID=334) to work on /home/airflow/.local/lib/python3.7/site-packages/airflow/example_dags/example_sensor_decorator.py
[2023-08-09T12:05:54.146+0000] {processor.py:826} INFO - Processing file /home/airflow/.local/lib/python3.7/site-packages/airflow/example_dags/example_sensor_decorator.py for tasks to queue
[2023-08-09T12:05:54.147+0000] {logging_mixin.py:150} INFO - [2023-08-09T12:05:54.147+0000] {dagbag.py:541} INFO - Filling up the DagBag from /home/airflow/.local/lib/python3.7/site-packages/airflow/example_dags/example_sensor_decorator.py
[2023-08-09T12:05:54.152+0000] {processor.py:836} INFO - DAG(s) dict_keys(['example_sensor_decorator']) retrieved from /home/airflow/.local/lib/python3.7/site-packages/airflow/example_dags/example_sensor_decorator.py
[2023-08-09T12:05:54.170+0000] {logging_mixin.py:150} INFO - [2023-08-09T12:05:54.170+0000] {dag.py:2742} INFO - Sync 1 DAGs
[2023-08-09T12:05:54.184+0000] {logging_mixin.py:150} INFO - [2023-08-09T12:05:54.184+0000] {dag.py:3508} INFO - Setting next_dagrun for example_sensor_decorator to None, run_after=None
[2023-08-09T12:05:54.193+0000] {processor.py:179} INFO - Processing /home/airflow/.local/lib/python3.7/site-packages/airflow/example_dags/example_sensor_decorator.py took 0.051 seconds
[2023-08-09T12:06:24.350+0000] {processor.py:157} INFO - Started process (PID=393) to work on /home/airflow/.local/lib/python3.7/site-packages/airflow/example_dags/example_sensor_decorator.py
[2023-08-09T12:06:24.351+0000] {processor.py:826} INFO - Processing file /home/airflow/.local/lib/python3.7/site-packages/airflow/example_dags/example_sensor_decorator.py for tasks to queue
[2023-08-09T12:06:24.352+0000] {logging_mixin.py:150} INFO - [2023-08-09T12:06:24.351+0000] {dagbag.py:541} INFO - Filling up the DagBag from /home/airflow/.local/lib/python3.7/site-packages/airflow/example_dags/example_sensor_decorator.py
[2023-08-09T12:06:24.356+0000] {processor.py:836} INFO - DAG(s) dict_keys(['example_sensor_decorator']) retrieved from /home/airflow/.local/lib/python3.7/site-packages/airflow/example_dags/example_sensor_decorator.py
[2023-08-09T12:06:24.373+0000] {logging_mixin.py:150} INFO - [2023-08-09T12:06:24.373+0000] {dag.py:2742} INFO - Sync 1 DAGs
[2023-08-09T12:06:24.386+0000] {logging_mixin.py:150} INFO - [2023-08-09T12:06:24.386+0000] {dag.py:3508} INFO - Setting next_dagrun for example_sensor_decorator to None, run_after=None
[2023-08-09T12:06:24.396+0000] {processor.py:179} INFO - Processing /home/airflow/.local/lib/python3.7/site-packages/airflow/example_dags/example_sensor_decorator.py took 0.049 seconds
[2023-08-09T12:06:54.696+0000] {processor.py:157} INFO - Started process (PID=452) to work on /home/airflow/.local/lib/python3.7/site-packages/airflow/example_dags/example_sensor_decorator.py
[2023-08-09T12:06:54.697+0000] {processor.py:826} INFO - Processing file /home/airflow/.local/lib/python3.7/site-packages/airflow/example_dags/example_sensor_decorator.py for tasks to queue
[2023-08-09T12:06:54.698+0000] {logging_mixin.py:150} INFO - [2023-08-09T12:06:54.697+0000] {dagbag.py:541} INFO - Filling up the DagBag from /home/airflow/.local/lib/python3.7/site-packages/airflow/example_dags/example_sensor_decorator.py
[2023-08-09T12:06:54.702+0000] {processor.py:836} INFO - DAG(s) dict_keys(['example_sensor_decorator']) retrieved from /home/airflow/.local/lib/python3.7/site-packages/airflow/example_dags/example_sensor_decorator.py
[2023-08-09T12:06:54.719+0000] {logging_mixin.py:150} INFO - [2023-08-09T12:06:54.719+0000] {dag.py:2742} INFO - Sync 1 DAGs
[2023-08-09T12:06:54.733+0000] {logging_mixin.py:150} INFO - [2023-08-09T12:06:54.733+0000] {dag.py:3508} INFO - Setting next_dagrun for example_sensor_decorator to None, run_after=None
[2023-08-09T12:06:54.743+0000] {processor.py:179} INFO - Processing /home/airflow/.local/lib/python3.7/site-packages/airflow/example_dags/example_sensor_decorator.py took 0.050 seconds
[2023-08-09T12:07:27.156+0000] {processor.py:157} INFO - Started process (PID=511) to work on /home/airflow/.local/lib/python3.7/site-packages/airflow/example_dags/example_sensor_decorator.py
[2023-08-09T12:07:27.157+0000] {processor.py:826} INFO - Processing file /home/airflow/.local/lib/python3.7/site-packages/airflow/example_dags/example_sensor_decorator.py for tasks to queue
[2023-08-09T12:07:27.158+0000] {logging_mixin.py:150} INFO - [2023-08-09T12:07:27.158+0000] {dagbag.py:541} INFO - Filling up the DagBag from /home/airflow/.local/lib/python3.7/site-packages/airflow/example_dags/example_sensor_decorator.py
[2023-08-09T12:07:27.163+0000] {processor.py:836} INFO - DAG(s) dict_keys(['example_sensor_decorator']) retrieved from /home/airflow/.local/lib/python3.7/site-packages/airflow/example_dags/example_sensor_decorator.py
[2023-08-09T12:07:27.180+0000] {logging_mixin.py:150} INFO - [2023-08-09T12:07:27.180+0000] {dag.py:2742} INFO - Sync 1 DAGs
[2023-08-09T12:07:27.194+0000] {logging_mixin.py:150} INFO - [2023-08-09T12:07:27.194+0000] {dag.py:3508} INFO - Setting next_dagrun for example_sensor_decorator to None, run_after=None
[2023-08-09T12:07:27.203+0000] {processor.py:179} INFO - Processing /home/airflow/.local/lib/python3.7/site-packages/airflow/example_dags/example_sensor_decorator.py took 0.050 seconds
[2023-08-09T12:16:42.391+0000] {processor.py:157} INFO - Started process (PID=572) to work on /home/airflow/.local/lib/python3.7/site-packages/airflow/example_dags/example_sensor_decorator.py
[2023-08-09T12:16:42.392+0000] {processor.py:826} INFO - Processing file /home/airflow/.local/lib/python3.7/site-packages/airflow/example_dags/example_sensor_decorator.py for tasks to queue
[2023-08-09T12:16:42.393+0000] {logging_mixin.py:150} INFO - [2023-08-09T12:16:42.393+0000] {dagbag.py:541} INFO - Filling up the DagBag from /home/airflow/.local/lib/python3.7/site-packages/airflow/example_dags/example_sensor_decorator.py
[2023-08-09T12:16:42.398+0000] {processor.py:836} INFO - DAG(s) dict_keys(['example_sensor_decorator']) retrieved from /home/airflow/.local/lib/python3.7/site-packages/airflow/example_dags/example_sensor_decorator.py
[2023-08-09T12:16:42.415+0000] {logging_mixin.py:150} INFO - [2023-08-09T12:16:42.415+0000] {dag.py:2742} INFO - Sync 1 DAGs
[2023-08-09T12:16:42.429+0000] {logging_mixin.py:150} INFO - [2023-08-09T12:16:42.429+0000] {dag.py:3508} INFO - Setting next_dagrun for example_sensor_decorator to None, run_after=None
[2023-08-09T12:16:42.439+0000] {processor.py:179} INFO - Processing /home/airflow/.local/lib/python3.7/site-packages/airflow/example_dags/example_sensor_decorator.py took 0.051 seconds
[2023-08-09T12:17:13.179+0000] {processor.py:157} INFO - Started process (PID=631) to work on /home/airflow/.local/lib/python3.7/site-packages/airflow/example_dags/example_sensor_decorator.py
[2023-08-09T12:17:13.180+0000] {processor.py:826} INFO - Processing file /home/airflow/.local/lib/python3.7/site-packages/airflow/example_dags/example_sensor_decorator.py for tasks to queue
[2023-08-09T12:17:13.181+0000] {logging_mixin.py:150} INFO - [2023-08-09T12:17:13.181+0000] {dagbag.py:541} INFO - Filling up the DagBag from /home/airflow/.local/lib/python3.7/site-packages/airflow/example_dags/example_sensor_decorator.py
[2023-08-09T12:17:13.186+0000] {processor.py:836} INFO - DAG(s) dict_keys(['example_sensor_decorator']) retrieved from /home/airflow/.local/lib/python3.7/site-packages/airflow/example_dags/example_sensor_decorator.py
[2023-08-09T12:17:13.202+0000] {logging_mixin.py:150} INFO - [2023-08-09T12:17:13.202+0000] {dag.py:2742} INFO - Sync 1 DAGs
[2023-08-09T12:17:13.215+0000] {logging_mixin.py:150} INFO - [2023-08-09T12:17:13.215+0000] {dag.py:3508} INFO - Setting next_dagrun for example_sensor_decorator to None, run_after=None
[2023-08-09T12:17:13.225+0000] {processor.py:179} INFO - Processing /home/airflow/.local/lib/python3.7/site-packages/airflow/example_dags/example_sensor_decorator.py took 0.048 seconds
[2023-08-09T12:33:45.017+0000] {processor.py:157} INFO - Started process (PID=690) to work on /home/airflow/.local/lib/python3.7/site-packages/airflow/example_dags/example_sensor_decorator.py
[2023-08-09T12:33:45.020+0000] {processor.py:826} INFO - Processing file /home/airflow/.local/lib/python3.7/site-packages/airflow/example_dags/example_sensor_decorator.py for tasks to queue
[2023-08-09T12:33:45.022+0000] {logging_mixin.py:150} INFO - [2023-08-09T12:33:45.021+0000] {dagbag.py:541} INFO - Filling up the DagBag from /home/airflow/.local/lib/python3.7/site-packages/airflow/example_dags/example_sensor_decorator.py
[2023-08-09T12:33:45.033+0000] {processor.py:836} INFO - DAG(s) dict_keys(['example_sensor_decorator']) retrieved from /home/airflow/.local/lib/python3.7/site-packages/airflow/example_dags/example_sensor_decorator.py
[2023-08-09T12:33:45.071+0000] {logging_mixin.py:150} INFO - [2023-08-09T12:33:45.071+0000] {dag.py:2742} INFO - Sync 1 DAGs
[2023-08-09T12:33:45.149+0000] {logging_mixin.py:150} INFO - [2023-08-09T12:33:45.148+0000] {dag.py:3508} INFO - Setting next_dagrun for example_sensor_decorator to None, run_after=None
[2023-08-09T12:33:45.618+0000] {processor.py:179} INFO - Processing /home/airflow/.local/lib/python3.7/site-packages/airflow/example_dags/example_sensor_decorator.py took 0.608 seconds
[2023-08-09T13:56:50.785+0000] {processor.py:157} INFO - Started process (PID=749) to work on /home/airflow/.local/lib/python3.7/site-packages/airflow/example_dags/example_sensor_decorator.py
[2023-08-09T13:56:50.787+0000] {processor.py:826} INFO - Processing file /home/airflow/.local/lib/python3.7/site-packages/airflow/example_dags/example_sensor_decorator.py for tasks to queue
[2023-08-09T13:56:50.788+0000] {logging_mixin.py:150} INFO - [2023-08-09T13:56:50.787+0000] {dagbag.py:541} INFO - Filling up the DagBag from /home/airflow/.local/lib/python3.7/site-packages/airflow/example_dags/example_sensor_decorator.py
[2023-08-09T13:56:50.792+0000] {processor.py:836} INFO - DAG(s) dict_keys(['example_sensor_decorator']) retrieved from /home/airflow/.local/lib/python3.7/site-packages/airflow/example_dags/example_sensor_decorator.py
[2023-08-09T13:56:50.810+0000] {logging_mixin.py:150} INFO - [2023-08-09T13:56:50.810+0000] {dag.py:2742} INFO - Sync 1 DAGs
[2023-08-09T13:56:50.824+0000] {logging_mixin.py:150} INFO - [2023-08-09T13:56:50.824+0000] {dag.py:3508} INFO - Setting next_dagrun for example_sensor_decorator to None, run_after=None
[2023-08-09T13:56:50.835+0000] {processor.py:179} INFO - Processing /home/airflow/.local/lib/python3.7/site-packages/airflow/example_dags/example_sensor_decorator.py took 0.052 seconds
[2023-08-09T14:58:25.251+0000] {processor.py:157} INFO - Started process (PID=808) to work on /home/airflow/.local/lib/python3.7/site-packages/airflow/example_dags/example_sensor_decorator.py
[2023-08-09T14:58:25.252+0000] {processor.py:826} INFO - Processing file /home/airflow/.local/lib/python3.7/site-packages/airflow/example_dags/example_sensor_decorator.py for tasks to queue
[2023-08-09T14:58:25.253+0000] {logging_mixin.py:150} INFO - [2023-08-09T14:58:25.253+0000] {dagbag.py:541} INFO - Filling up the DagBag from /home/airflow/.local/lib/python3.7/site-packages/airflow/example_dags/example_sensor_decorator.py
[2023-08-09T14:58:25.258+0000] {processor.py:836} INFO - DAG(s) dict_keys(['example_sensor_decorator']) retrieved from /home/airflow/.local/lib/python3.7/site-packages/airflow/example_dags/example_sensor_decorator.py
[2023-08-09T14:58:25.276+0000] {logging_mixin.py:150} INFO - [2023-08-09T14:58:25.275+0000] {dag.py:2742} INFO - Sync 1 DAGs
[2023-08-09T14:58:25.290+0000] {logging_mixin.py:150} INFO - [2023-08-09T14:58:25.290+0000] {dag.py:3508} INFO - Setting next_dagrun for example_sensor_decorator to None, run_after=None
[2023-08-09T14:58:25.300+0000] {processor.py:179} INFO - Processing /home/airflow/.local/lib/python3.7/site-packages/airflow/example_dags/example_sensor_decorator.py took 0.051 seconds
[2023-08-09T14:58:57.959+0000] {processor.py:157} INFO - Started process (PID=868) to work on /home/airflow/.local/lib/python3.7/site-packages/airflow/example_dags/example_sensor_decorator.py
[2023-08-09T14:58:57.960+0000] {processor.py:826} INFO - Processing file /home/airflow/.local/lib/python3.7/site-packages/airflow/example_dags/example_sensor_decorator.py for tasks to queue
[2023-08-09T14:58:57.961+0000] {logging_mixin.py:150} INFO - [2023-08-09T14:58:57.960+0000] {dagbag.py:541} INFO - Filling up the DagBag from /home/airflow/.local/lib/python3.7/site-packages/airflow/example_dags/example_sensor_decorator.py
[2023-08-09T14:58:57.965+0000] {processor.py:836} INFO - DAG(s) dict_keys(['example_sensor_decorator']) retrieved from /home/airflow/.local/lib/python3.7/site-packages/airflow/example_dags/example_sensor_decorator.py
[2023-08-09T14:58:57.982+0000] {logging_mixin.py:150} INFO - [2023-08-09T14:58:57.981+0000] {dag.py:2742} INFO - Sync 1 DAGs
[2023-08-09T14:58:57.996+0000] {logging_mixin.py:150} INFO - [2023-08-09T14:58:57.996+0000] {dag.py:3508} INFO - Setting next_dagrun for example_sensor_decorator to None, run_after=None
[2023-08-09T14:58:58.005+0000] {processor.py:179} INFO - Processing /home/airflow/.local/lib/python3.7/site-packages/airflow/example_dags/example_sensor_decorator.py took 0.049 seconds
[2023-08-09T16:16:42.444+0000] {processor.py:157} INFO - Started process (PID=927) to work on /home/airflow/.local/lib/python3.7/site-packages/airflow/example_dags/example_sensor_decorator.py
[2023-08-09T16:16:42.445+0000] {processor.py:826} INFO - Processing file /home/airflow/.local/lib/python3.7/site-packages/airflow/example_dags/example_sensor_decorator.py for tasks to queue
[2023-08-09T16:16:42.446+0000] {logging_mixin.py:150} INFO - [2023-08-09T16:16:42.446+0000] {dagbag.py:541} INFO - Filling up the DagBag from /home/airflow/.local/lib/python3.7/site-packages/airflow/example_dags/example_sensor_decorator.py
[2023-08-09T16:16:42.451+0000] {processor.py:836} INFO - DAG(s) dict_keys(['example_sensor_decorator']) retrieved from /home/airflow/.local/lib/python3.7/site-packages/airflow/example_dags/example_sensor_decorator.py
[2023-08-09T16:16:42.469+0000] {logging_mixin.py:150} INFO - [2023-08-09T16:16:42.468+0000] {dag.py:2742} INFO - Sync 1 DAGs
[2023-08-09T16:16:42.483+0000] {logging_mixin.py:150} INFO - [2023-08-09T16:16:42.483+0000] {dag.py:3508} INFO - Setting next_dagrun for example_sensor_decorator to None, run_after=None
[2023-08-09T16:16:42.492+0000] {processor.py:179} INFO - Processing /home/airflow/.local/lib/python3.7/site-packages/airflow/example_dags/example_sensor_decorator.py took 0.051 seconds
[2023-08-09T17:36:40.340+0000] {processor.py:157} INFO - Started process (PID=986) to work on /home/airflow/.local/lib/python3.7/site-packages/airflow/example_dags/example_sensor_decorator.py
[2023-08-09T17:36:40.341+0000] {processor.py:826} INFO - Processing file /home/airflow/.local/lib/python3.7/site-packages/airflow/example_dags/example_sensor_decorator.py for tasks to queue
[2023-08-09T17:36:40.343+0000] {logging_mixin.py:150} INFO - [2023-08-09T17:36:40.342+0000] {dagbag.py:541} INFO - Filling up the DagBag from /home/airflow/.local/lib/python3.7/site-packages/airflow/example_dags/example_sensor_decorator.py
[2023-08-09T17:36:40.353+0000] {processor.py:836} INFO - DAG(s) dict_keys(['example_sensor_decorator']) retrieved from /home/airflow/.local/lib/python3.7/site-packages/airflow/example_dags/example_sensor_decorator.py
[2023-08-09T17:36:40.401+0000] {logging_mixin.py:150} INFO - [2023-08-09T17:36:40.401+0000] {dag.py:2742} INFO - Sync 1 DAGs
[2023-08-09T17:36:40.437+0000] {logging_mixin.py:150} INFO - [2023-08-09T17:36:40.437+0000] {dag.py:3508} INFO - Setting next_dagrun for example_sensor_decorator to None, run_after=None
[2023-08-09T17:36:40.455+0000] {processor.py:179} INFO - Processing /home/airflow/.local/lib/python3.7/site-packages/airflow/example_dags/example_sensor_decorator.py took 0.119 seconds
[2023-08-09T18:58:23.174+0000] {processor.py:157} INFO - Started process (PID=1045) to work on /home/airflow/.local/lib/python3.7/site-packages/airflow/example_dags/example_sensor_decorator.py
[2023-08-09T18:58:23.175+0000] {processor.py:826} INFO - Processing file /home/airflow/.local/lib/python3.7/site-packages/airflow/example_dags/example_sensor_decorator.py for tasks to queue
[2023-08-09T18:58:23.176+0000] {logging_mixin.py:150} INFO - [2023-08-09T18:58:23.175+0000] {dagbag.py:541} INFO - Filling up the DagBag from /home/airflow/.local/lib/python3.7/site-packages/airflow/example_dags/example_sensor_decorator.py
[2023-08-09T18:58:23.180+0000] {processor.py:836} INFO - DAG(s) dict_keys(['example_sensor_decorator']) retrieved from /home/airflow/.local/lib/python3.7/site-packages/airflow/example_dags/example_sensor_decorator.py
[2023-08-09T18:58:23.198+0000] {logging_mixin.py:150} INFO - [2023-08-09T18:58:23.198+0000] {dag.py:2742} INFO - Sync 1 DAGs
[2023-08-09T18:58:23.211+0000] {logging_mixin.py:150} INFO - [2023-08-09T18:58:23.211+0000] {dag.py:3508} INFO - Setting next_dagrun for example_sensor_decorator to None, run_after=None
[2023-08-09T18:58:23.222+0000] {processor.py:179} INFO - Processing /home/airflow/.local/lib/python3.7/site-packages/airflow/example_dags/example_sensor_decorator.py took 0.051 seconds
[2023-08-09T20:21:02.154+0000] {processor.py:157} INFO - Started process (PID=1104) to work on /home/airflow/.local/lib/python3.7/site-packages/airflow/example_dags/example_sensor_decorator.py
[2023-08-09T20:21:02.155+0000] {processor.py:826} INFO - Processing file /home/airflow/.local/lib/python3.7/site-packages/airflow/example_dags/example_sensor_decorator.py for tasks to queue
[2023-08-09T20:21:02.156+0000] {logging_mixin.py:150} INFO - [2023-08-09T20:21:02.155+0000] {dagbag.py:541} INFO - Filling up the DagBag from /home/airflow/.local/lib/python3.7/site-packages/airflow/example_dags/example_sensor_decorator.py
[2023-08-09T20:21:02.161+0000] {processor.py:836} INFO - DAG(s) dict_keys(['example_sensor_decorator']) retrieved from /home/airflow/.local/lib/python3.7/site-packages/airflow/example_dags/example_sensor_decorator.py
[2023-08-09T20:21:02.178+0000] {logging_mixin.py:150} INFO - [2023-08-09T20:21:02.178+0000] {dag.py:2742} INFO - Sync 1 DAGs
[2023-08-09T20:21:02.192+0000] {logging_mixin.py:150} INFO - [2023-08-09T20:21:02.192+0000] {dag.py:3508} INFO - Setting next_dagrun for example_sensor_decorator to None, run_after=None
[2023-08-09T20:21:02.202+0000] {processor.py:179} INFO - Processing /home/airflow/.local/lib/python3.7/site-packages/airflow/example_dags/example_sensor_decorator.py took 0.051 seconds
[2023-08-09T21:44:55.237+0000] {processor.py:157} INFO - Started process (PID=1163) to work on /home/airflow/.local/lib/python3.7/site-packages/airflow/example_dags/example_sensor_decorator.py
[2023-08-09T21:44:55.243+0000] {processor.py:826} INFO - Processing file /home/airflow/.local/lib/python3.7/site-packages/airflow/example_dags/example_sensor_decorator.py for tasks to queue
[2023-08-09T21:44:55.244+0000] {logging_mixin.py:150} INFO - [2023-08-09T21:44:55.244+0000] {dagbag.py:541} INFO - Filling up the DagBag from /home/airflow/.local/lib/python3.7/site-packages/airflow/example_dags/example_sensor_decorator.py
[2023-08-09T21:44:55.260+0000] {processor.py:836} INFO - DAG(s) dict_keys(['example_sensor_decorator']) retrieved from /home/airflow/.local/lib/python3.7/site-packages/airflow/example_dags/example_sensor_decorator.py
[2023-08-09T21:44:55.368+0000] {logging_mixin.py:150} INFO - [2023-08-09T21:44:55.368+0000] {dag.py:2742} INFO - Sync 1 DAGs
[2023-08-09T21:44:55.637+0000] {logging_mixin.py:150} INFO - [2023-08-09T21:44:55.634+0000] {dag.py:3508} INFO - Setting next_dagrun for example_sensor_decorator to None, run_after=None
[2023-08-09T21:44:55.659+0000] {processor.py:179} INFO - Processing /home/airflow/.local/lib/python3.7/site-packages/airflow/example_dags/example_sensor_decorator.py took 0.428 seconds
[2023-08-09T22:36:35.790+0000] {processor.py:157} INFO - Started process (PID=1222) to work on /home/airflow/.local/lib/python3.7/site-packages/airflow/example_dags/example_sensor_decorator.py
[2023-08-09T22:36:35.801+0000] {processor.py:826} INFO - Processing file /home/airflow/.local/lib/python3.7/site-packages/airflow/example_dags/example_sensor_decorator.py for tasks to queue
[2023-08-09T22:36:35.808+0000] {logging_mixin.py:150} INFO - [2023-08-09T22:36:35.802+0000] {dagbag.py:541} INFO - Filling up the DagBag from /home/airflow/.local/lib/python3.7/site-packages/airflow/example_dags/example_sensor_decorator.py
[2023-08-09T22:36:35.977+0000] {processor.py:836} INFO - DAG(s) dict_keys(['example_sensor_decorator']) retrieved from /home/airflow/.local/lib/python3.7/site-packages/airflow/example_dags/example_sensor_decorator.py
[2023-08-09T22:36:36.046+0000] {logging_mixin.py:150} INFO - [2023-08-09T22:36:36.046+0000] {dag.py:2742} INFO - Sync 1 DAGs
[2023-08-09T22:36:36.062+0000] {logging_mixin.py:150} INFO - [2023-08-09T22:36:36.062+0000] {dag.py:3508} INFO - Setting next_dagrun for example_sensor_decorator to None, run_after=None
[2023-08-09T22:36:36.073+0000] {processor.py:179} INFO - Processing /home/airflow/.local/lib/python3.7/site-packages/airflow/example_dags/example_sensor_decorator.py took 0.302 seconds
[2023-08-09T22:37:06.526+0000] {processor.py:157} INFO - Started process (PID=1281) to work on /home/airflow/.local/lib/python3.7/site-packages/airflow/example_dags/example_sensor_decorator.py
[2023-08-09T22:37:06.527+0000] {processor.py:826} INFO - Processing file /home/airflow/.local/lib/python3.7/site-packages/airflow/example_dags/example_sensor_decorator.py for tasks to queue
[2023-08-09T22:37:06.528+0000] {logging_mixin.py:150} INFO - [2023-08-09T22:37:06.527+0000] {dagbag.py:541} INFO - Filling up the DagBag from /home/airflow/.local/lib/python3.7/site-packages/airflow/example_dags/example_sensor_decorator.py
[2023-08-09T22:37:06.532+0000] {processor.py:836} INFO - DAG(s) dict_keys(['example_sensor_decorator']) retrieved from /home/airflow/.local/lib/python3.7/site-packages/airflow/example_dags/example_sensor_decorator.py
[2023-08-09T22:37:06.549+0000] {logging_mixin.py:150} INFO - [2023-08-09T22:37:06.549+0000] {dag.py:2742} INFO - Sync 1 DAGs
[2023-08-09T22:37:06.563+0000] {logging_mixin.py:150} INFO - [2023-08-09T22:37:06.563+0000] {dag.py:3508} INFO - Setting next_dagrun for example_sensor_decorator to None, run_after=None
[2023-08-09T22:37:06.572+0000] {processor.py:179} INFO - Processing /home/airflow/.local/lib/python3.7/site-packages/airflow/example_dags/example_sensor_decorator.py took 0.049 seconds
[2023-08-09T22:37:36.719+0000] {processor.py:157} INFO - Started process (PID=1340) to work on /home/airflow/.local/lib/python3.7/site-packages/airflow/example_dags/example_sensor_decorator.py
[2023-08-09T22:37:36.720+0000] {processor.py:826} INFO - Processing file /home/airflow/.local/lib/python3.7/site-packages/airflow/example_dags/example_sensor_decorator.py for tasks to queue
[2023-08-09T22:37:36.721+0000] {logging_mixin.py:150} INFO - [2023-08-09T22:37:36.720+0000] {dagbag.py:541} INFO - Filling up the DagBag from /home/airflow/.local/lib/python3.7/site-packages/airflow/example_dags/example_sensor_decorator.py
[2023-08-09T22:37:36.725+0000] {processor.py:836} INFO - DAG(s) dict_keys(['example_sensor_decorator']) retrieved from /home/airflow/.local/lib/python3.7/site-packages/airflow/example_dags/example_sensor_decorator.py
[2023-08-09T22:37:36.741+0000] {logging_mixin.py:150} INFO - [2023-08-09T22:37:36.741+0000] {dag.py:2742} INFO - Sync 1 DAGs
[2023-08-09T22:37:36.755+0000] {logging_mixin.py:150} INFO - [2023-08-09T22:37:36.755+0000] {dag.py:3508} INFO - Setting next_dagrun for example_sensor_decorator to None, run_after=None
[2023-08-09T22:37:36.765+0000] {processor.py:179} INFO - Processing /home/airflow/.local/lib/python3.7/site-packages/airflow/example_dags/example_sensor_decorator.py took 0.048 seconds
[2023-08-09T23:31:51.561+0000] {processor.py:157} INFO - Started process (PID=1399) to work on /home/airflow/.local/lib/python3.7/site-packages/airflow/example_dags/example_sensor_decorator.py
[2023-08-09T23:31:51.564+0000] {processor.py:826} INFO - Processing file /home/airflow/.local/lib/python3.7/site-packages/airflow/example_dags/example_sensor_decorator.py for tasks to queue
[2023-08-09T23:31:51.566+0000] {logging_mixin.py:150} INFO - [2023-08-09T23:31:51.566+0000] {dagbag.py:541} INFO - Filling up the DagBag from /home/airflow/.local/lib/python3.7/site-packages/airflow/example_dags/example_sensor_decorator.py
[2023-08-09T23:31:51.579+0000] {processor.py:836} INFO - DAG(s) dict_keys(['example_sensor_decorator']) retrieved from /home/airflow/.local/lib/python3.7/site-packages/airflow/example_dags/example_sensor_decorator.py
[2023-08-09T23:31:51.991+0000] {logging_mixin.py:150} INFO - [2023-08-09T23:31:51.991+0000] {dag.py:2742} INFO - Sync 1 DAGs
[2023-08-09T23:31:52.018+0000] {logging_mixin.py:150} INFO - [2023-08-09T23:31:52.018+0000] {dag.py:3508} INFO - Setting next_dagrun for example_sensor_decorator to None, run_after=None
[2023-08-09T23:31:52.032+0000] {processor.py:179} INFO - Processing /home/airflow/.local/lib/python3.7/site-packages/airflow/example_dags/example_sensor_decorator.py took 0.482 seconds
