[2023-08-09T12:03:22.143+0000] {processor.py:157} INFO - Started process (PID=45) to work on /home/airflow/.local/lib/python3.7/site-packages/airflow/example_dags/example_skip_dag.py
[2023-08-09T12:03:22.144+0000] {processor.py:826} INFO - Processing file /home/airflow/.local/lib/python3.7/site-packages/airflow/example_dags/example_skip_dag.py for tasks to queue
[2023-08-09T12:03:22.145+0000] {logging_mixin.py:150} INFO - [2023-08-09T12:03:22.145+0000] {dagbag.py:541} INFO - Filling up the DagBag from /home/airflow/.local/lib/python3.7/site-packages/airflow/example_dags/example_skip_dag.py
[2023-08-09T12:03:22.152+0000] {processor.py:836} INFO - DAG(s) dict_keys(['example_skip_dag']) retrieved from /home/airflow/.local/lib/python3.7/site-packages/airflow/example_dags/example_skip_dag.py
[2023-08-09T12:03:22.174+0000] {logging_mixin.py:150} INFO - [2023-08-09T12:03:22.174+0000] {dag.py:2742} INFO - Sync 1 DAGs
[2023-08-09T12:03:22.195+0000] {logging_mixin.py:150} INFO - [2023-08-09T12:03:22.195+0000] {dag.py:3508} INFO - Setting next_dagrun for example_skip_dag to 2023-08-08T12:03:22.195143+00:00, run_after=2023-08-09T12:03:22.195143+00:00
[2023-08-09T12:03:22.212+0000] {processor.py:179} INFO - Processing /home/airflow/.local/lib/python3.7/site-packages/airflow/example_dags/example_skip_dag.py took 0.072 seconds
[2023-08-09T12:03:53.129+0000] {processor.py:157} INFO - Started process (PID=104) to work on /home/airflow/.local/lib/python3.7/site-packages/airflow/example_dags/example_skip_dag.py
[2023-08-09T12:03:53.130+0000] {processor.py:826} INFO - Processing file /home/airflow/.local/lib/python3.7/site-packages/airflow/example_dags/example_skip_dag.py for tasks to queue
[2023-08-09T12:03:53.131+0000] {logging_mixin.py:150} INFO - [2023-08-09T12:03:53.131+0000] {dagbag.py:541} INFO - Filling up the DagBag from /home/airflow/.local/lib/python3.7/site-packages/airflow/example_dags/example_skip_dag.py
[2023-08-09T12:03:53.137+0000] {processor.py:836} INFO - DAG(s) dict_keys(['example_skip_dag']) retrieved from /home/airflow/.local/lib/python3.7/site-packages/airflow/example_dags/example_skip_dag.py
[2023-08-09T12:03:53.155+0000] {logging_mixin.py:150} INFO - [2023-08-09T12:03:53.155+0000] {dag.py:2742} INFO - Sync 1 DAGs
[2023-08-09T12:03:53.170+0000] {logging_mixin.py:150} INFO - [2023-08-09T12:03:53.170+0000] {dag.py:3508} INFO - Setting next_dagrun for example_skip_dag to 2023-08-08T12:03:53.170360+00:00, run_after=2023-08-09T12:03:53.170360+00:00
[2023-08-09T12:03:53.180+0000] {processor.py:179} INFO - Processing /home/airflow/.local/lib/python3.7/site-packages/airflow/example_dags/example_skip_dag.py took 0.054 seconds
[2023-08-09T12:04:23.634+0000] {processor.py:157} INFO - Started process (PID=163) to work on /home/airflow/.local/lib/python3.7/site-packages/airflow/example_dags/example_skip_dag.py
[2023-08-09T12:04:23.635+0000] {processor.py:826} INFO - Processing file /home/airflow/.local/lib/python3.7/site-packages/airflow/example_dags/example_skip_dag.py for tasks to queue
[2023-08-09T12:04:23.636+0000] {logging_mixin.py:150} INFO - [2023-08-09T12:04:23.635+0000] {dagbag.py:541} INFO - Filling up the DagBag from /home/airflow/.local/lib/python3.7/site-packages/airflow/example_dags/example_skip_dag.py
[2023-08-09T12:04:23.641+0000] {processor.py:836} INFO - DAG(s) dict_keys(['example_skip_dag']) retrieved from /home/airflow/.local/lib/python3.7/site-packages/airflow/example_dags/example_skip_dag.py
[2023-08-09T12:04:23.658+0000] {logging_mixin.py:150} INFO - [2023-08-09T12:04:23.658+0000] {dag.py:2742} INFO - Sync 1 DAGs
[2023-08-09T12:04:23.672+0000] {logging_mixin.py:150} INFO - [2023-08-09T12:04:23.671+0000] {dag.py:3508} INFO - Setting next_dagrun for example_skip_dag to 2023-08-08T12:04:23.671730+00:00, run_after=2023-08-09T12:04:23.671730+00:00
[2023-08-09T12:04:23.681+0000] {processor.py:179} INFO - Processing /home/airflow/.local/lib/python3.7/site-packages/airflow/example_dags/example_skip_dag.py took 0.050 seconds
[2023-08-09T12:04:53.875+0000] {processor.py:157} INFO - Started process (PID=222) to work on /home/airflow/.local/lib/python3.7/site-packages/airflow/example_dags/example_skip_dag.py
[2023-08-09T12:04:53.877+0000] {processor.py:826} INFO - Processing file /home/airflow/.local/lib/python3.7/site-packages/airflow/example_dags/example_skip_dag.py for tasks to queue
[2023-08-09T12:04:53.878+0000] {logging_mixin.py:150} INFO - [2023-08-09T12:04:53.877+0000] {dagbag.py:541} INFO - Filling up the DagBag from /home/airflow/.local/lib/python3.7/site-packages/airflow/example_dags/example_skip_dag.py
[2023-08-09T12:04:53.883+0000] {processor.py:836} INFO - DAG(s) dict_keys(['example_skip_dag']) retrieved from /home/airflow/.local/lib/python3.7/site-packages/airflow/example_dags/example_skip_dag.py
[2023-08-09T12:04:53.900+0000] {logging_mixin.py:150} INFO - [2023-08-09T12:04:53.900+0000] {dag.py:2742} INFO - Sync 1 DAGs
[2023-08-09T12:04:53.914+0000] {logging_mixin.py:150} INFO - [2023-08-09T12:04:53.914+0000] {dag.py:3508} INFO - Setting next_dagrun for example_skip_dag to 2023-08-08T12:04:53.914624+00:00, run_after=2023-08-09T12:04:53.914624+00:00
[2023-08-09T12:04:53.924+0000] {processor.py:179} INFO - Processing /home/airflow/.local/lib/python3.7/site-packages/airflow/example_dags/example_skip_dag.py took 0.052 seconds
[2023-08-09T12:05:24.124+0000] {processor.py:157} INFO - Started process (PID=281) to work on /home/airflow/.local/lib/python3.7/site-packages/airflow/example_dags/example_skip_dag.py
[2023-08-09T12:05:24.125+0000] {processor.py:826} INFO - Processing file /home/airflow/.local/lib/python3.7/site-packages/airflow/example_dags/example_skip_dag.py for tasks to queue
[2023-08-09T12:05:24.126+0000] {logging_mixin.py:150} INFO - [2023-08-09T12:05:24.125+0000] {dagbag.py:541} INFO - Filling up the DagBag from /home/airflow/.local/lib/python3.7/site-packages/airflow/example_dags/example_skip_dag.py
[2023-08-09T12:05:24.131+0000] {processor.py:836} INFO - DAG(s) dict_keys(['example_skip_dag']) retrieved from /home/airflow/.local/lib/python3.7/site-packages/airflow/example_dags/example_skip_dag.py
[2023-08-09T12:05:24.147+0000] {logging_mixin.py:150} INFO - [2023-08-09T12:05:24.147+0000] {dag.py:2742} INFO - Sync 1 DAGs
[2023-08-09T12:05:24.161+0000] {logging_mixin.py:150} INFO - [2023-08-09T12:05:24.161+0000] {dag.py:3508} INFO - Setting next_dagrun for example_skip_dag to 2023-08-08T12:05:24.161021+00:00, run_after=2023-08-09T12:05:24.161021+00:00
[2023-08-09T12:05:24.170+0000] {processor.py:179} INFO - Processing /home/airflow/.local/lib/python3.7/site-packages/airflow/example_dags/example_skip_dag.py took 0.049 seconds
[2023-08-09T12:05:54.420+0000] {processor.py:157} INFO - Started process (PID=340) to work on /home/airflow/.local/lib/python3.7/site-packages/airflow/example_dags/example_skip_dag.py
[2023-08-09T12:05:54.422+0000] {processor.py:826} INFO - Processing file /home/airflow/.local/lib/python3.7/site-packages/airflow/example_dags/example_skip_dag.py for tasks to queue
[2023-08-09T12:05:54.422+0000] {logging_mixin.py:150} INFO - [2023-08-09T12:05:54.422+0000] {dagbag.py:541} INFO - Filling up the DagBag from /home/airflow/.local/lib/python3.7/site-packages/airflow/example_dags/example_skip_dag.py
[2023-08-09T12:05:54.428+0000] {processor.py:836} INFO - DAG(s) dict_keys(['example_skip_dag']) retrieved from /home/airflow/.local/lib/python3.7/site-packages/airflow/example_dags/example_skip_dag.py
[2023-08-09T12:05:54.445+0000] {logging_mixin.py:150} INFO - [2023-08-09T12:05:54.445+0000] {dag.py:2742} INFO - Sync 1 DAGs
[2023-08-09T12:05:54.459+0000] {logging_mixin.py:150} INFO - [2023-08-09T12:05:54.459+0000] {dag.py:3508} INFO - Setting next_dagrun for example_skip_dag to 2023-08-08T12:05:54.459222+00:00, run_after=2023-08-09T12:05:54.459222+00:00
[2023-08-09T12:05:54.469+0000] {processor.py:179} INFO - Processing /home/airflow/.local/lib/python3.7/site-packages/airflow/example_dags/example_skip_dag.py took 0.052 seconds
[2023-08-09T12:06:24.622+0000] {processor.py:157} INFO - Started process (PID=399) to work on /home/airflow/.local/lib/python3.7/site-packages/airflow/example_dags/example_skip_dag.py
[2023-08-09T12:06:24.623+0000] {processor.py:826} INFO - Processing file /home/airflow/.local/lib/python3.7/site-packages/airflow/example_dags/example_skip_dag.py for tasks to queue
[2023-08-09T12:06:24.624+0000] {logging_mixin.py:150} INFO - [2023-08-09T12:06:24.624+0000] {dagbag.py:541} INFO - Filling up the DagBag from /home/airflow/.local/lib/python3.7/site-packages/airflow/example_dags/example_skip_dag.py
[2023-08-09T12:06:24.629+0000] {processor.py:836} INFO - DAG(s) dict_keys(['example_skip_dag']) retrieved from /home/airflow/.local/lib/python3.7/site-packages/airflow/example_dags/example_skip_dag.py
[2023-08-09T12:06:24.647+0000] {logging_mixin.py:150} INFO - [2023-08-09T12:06:24.646+0000] {dag.py:2742} INFO - Sync 1 DAGs
[2023-08-09T12:06:24.661+0000] {logging_mixin.py:150} INFO - [2023-08-09T12:06:24.661+0000] {dag.py:3508} INFO - Setting next_dagrun for example_skip_dag to 2023-08-08T12:06:24.660852+00:00, run_after=2023-08-09T12:06:24.660852+00:00
[2023-08-09T12:06:24.671+0000] {processor.py:179} INFO - Processing /home/airflow/.local/lib/python3.7/site-packages/airflow/example_dags/example_skip_dag.py took 0.051 seconds
[2023-08-09T12:06:54.977+0000] {processor.py:157} INFO - Started process (PID=458) to work on /home/airflow/.local/lib/python3.7/site-packages/airflow/example_dags/example_skip_dag.py
[2023-08-09T12:06:54.978+0000] {processor.py:826} INFO - Processing file /home/airflow/.local/lib/python3.7/site-packages/airflow/example_dags/example_skip_dag.py for tasks to queue
[2023-08-09T12:06:54.979+0000] {logging_mixin.py:150} INFO - [2023-08-09T12:06:54.979+0000] {dagbag.py:541} INFO - Filling up the DagBag from /home/airflow/.local/lib/python3.7/site-packages/airflow/example_dags/example_skip_dag.py
[2023-08-09T12:06:54.985+0000] {processor.py:836} INFO - DAG(s) dict_keys(['example_skip_dag']) retrieved from /home/airflow/.local/lib/python3.7/site-packages/airflow/example_dags/example_skip_dag.py
[2023-08-09T12:06:55.002+0000] {logging_mixin.py:150} INFO - [2023-08-09T12:06:55.002+0000] {dag.py:2742} INFO - Sync 1 DAGs
[2023-08-09T12:06:55.016+0000] {logging_mixin.py:150} INFO - [2023-08-09T12:06:55.016+0000] {dag.py:3508} INFO - Setting next_dagrun for example_skip_dag to 2023-08-08T12:06:55.016555+00:00, run_after=2023-08-09T12:06:55.016555+00:00
[2023-08-09T12:06:55.026+0000] {processor.py:179} INFO - Processing /home/airflow/.local/lib/python3.7/site-packages/airflow/example_dags/example_skip_dag.py took 0.051 seconds
[2023-08-09T12:07:27.430+0000] {processor.py:157} INFO - Started process (PID=517) to work on /home/airflow/.local/lib/python3.7/site-packages/airflow/example_dags/example_skip_dag.py
[2023-08-09T12:07:27.432+0000] {processor.py:826} INFO - Processing file /home/airflow/.local/lib/python3.7/site-packages/airflow/example_dags/example_skip_dag.py for tasks to queue
[2023-08-09T12:07:27.433+0000] {logging_mixin.py:150} INFO - [2023-08-09T12:07:27.433+0000] {dagbag.py:541} INFO - Filling up the DagBag from /home/airflow/.local/lib/python3.7/site-packages/airflow/example_dags/example_skip_dag.py
[2023-08-09T12:07:27.438+0000] {processor.py:836} INFO - DAG(s) dict_keys(['example_skip_dag']) retrieved from /home/airflow/.local/lib/python3.7/site-packages/airflow/example_dags/example_skip_dag.py
[2023-08-09T12:07:27.456+0000] {logging_mixin.py:150} INFO - [2023-08-09T12:07:27.456+0000] {dag.py:2742} INFO - Sync 1 DAGs
[2023-08-09T12:07:27.471+0000] {logging_mixin.py:150} INFO - [2023-08-09T12:07:27.471+0000] {dag.py:3508} INFO - Setting next_dagrun for example_skip_dag to 2023-08-08T12:07:27.471409+00:00, run_after=2023-08-09T12:07:27.471409+00:00
[2023-08-09T12:07:27.481+0000] {processor.py:179} INFO - Processing /home/airflow/.local/lib/python3.7/site-packages/airflow/example_dags/example_skip_dag.py took 0.053 seconds
[2023-08-09T12:16:42.595+0000] {processor.py:157} INFO - Started process (PID=578) to work on /home/airflow/.local/lib/python3.7/site-packages/airflow/example_dags/example_skip_dag.py
[2023-08-09T12:16:42.596+0000] {processor.py:826} INFO - Processing file /home/airflow/.local/lib/python3.7/site-packages/airflow/example_dags/example_skip_dag.py for tasks to queue
[2023-08-09T12:16:42.597+0000] {logging_mixin.py:150} INFO - [2023-08-09T12:16:42.597+0000] {dagbag.py:541} INFO - Filling up the DagBag from /home/airflow/.local/lib/python3.7/site-packages/airflow/example_dags/example_skip_dag.py
[2023-08-09T12:16:42.603+0000] {processor.py:836} INFO - DAG(s) dict_keys(['example_skip_dag']) retrieved from /home/airflow/.local/lib/python3.7/site-packages/airflow/example_dags/example_skip_dag.py
[2023-08-09T12:16:42.621+0000] {logging_mixin.py:150} INFO - [2023-08-09T12:16:42.621+0000] {dag.py:2742} INFO - Sync 1 DAGs
[2023-08-09T12:16:42.635+0000] {logging_mixin.py:150} INFO - [2023-08-09T12:16:42.635+0000] {dag.py:3508} INFO - Setting next_dagrun for example_skip_dag to 2023-08-08T12:16:42.635173+00:00, run_after=2023-08-09T12:16:42.635173+00:00
[2023-08-09T12:16:42.646+0000] {processor.py:179} INFO - Processing /home/airflow/.local/lib/python3.7/site-packages/airflow/example_dags/example_skip_dag.py took 0.053 seconds
[2023-08-09T12:17:13.379+0000] {processor.py:157} INFO - Started process (PID=637) to work on /home/airflow/.local/lib/python3.7/site-packages/airflow/example_dags/example_skip_dag.py
[2023-08-09T12:17:13.380+0000] {processor.py:826} INFO - Processing file /home/airflow/.local/lib/python3.7/site-packages/airflow/example_dags/example_skip_dag.py for tasks to queue
[2023-08-09T12:17:13.381+0000] {logging_mixin.py:150} INFO - [2023-08-09T12:17:13.380+0000] {dagbag.py:541} INFO - Filling up the DagBag from /home/airflow/.local/lib/python3.7/site-packages/airflow/example_dags/example_skip_dag.py
[2023-08-09T12:17:13.386+0000] {processor.py:836} INFO - DAG(s) dict_keys(['example_skip_dag']) retrieved from /home/airflow/.local/lib/python3.7/site-packages/airflow/example_dags/example_skip_dag.py
[2023-08-09T12:17:13.402+0000] {logging_mixin.py:150} INFO - [2023-08-09T12:17:13.402+0000] {dag.py:2742} INFO - Sync 1 DAGs
[2023-08-09T12:17:13.416+0000] {logging_mixin.py:150} INFO - [2023-08-09T12:17:13.416+0000] {dag.py:3508} INFO - Setting next_dagrun for example_skip_dag to 2023-08-08T12:17:13.415918+00:00, run_after=2023-08-09T12:17:13.415918+00:00
[2023-08-09T12:17:13.425+0000] {processor.py:179} INFO - Processing /home/airflow/.local/lib/python3.7/site-packages/airflow/example_dags/example_skip_dag.py took 0.049 seconds
[2023-08-09T12:33:45.910+0000] {processor.py:157} INFO - Started process (PID=696) to work on /home/airflow/.local/lib/python3.7/site-packages/airflow/example_dags/example_skip_dag.py
[2023-08-09T12:33:45.912+0000] {processor.py:826} INFO - Processing file /home/airflow/.local/lib/python3.7/site-packages/airflow/example_dags/example_skip_dag.py for tasks to queue
[2023-08-09T12:33:45.913+0000] {logging_mixin.py:150} INFO - [2023-08-09T12:33:45.913+0000] {dagbag.py:541} INFO - Filling up the DagBag from /home/airflow/.local/lib/python3.7/site-packages/airflow/example_dags/example_skip_dag.py
[2023-08-09T12:33:45.925+0000] {processor.py:836} INFO - DAG(s) dict_keys(['example_skip_dag']) retrieved from /home/airflow/.local/lib/python3.7/site-packages/airflow/example_dags/example_skip_dag.py
[2023-08-09T12:33:45.952+0000] {logging_mixin.py:150} INFO - [2023-08-09T12:33:45.952+0000] {dag.py:2742} INFO - Sync 1 DAGs
[2023-08-09T12:33:45.987+0000] {logging_mixin.py:150} INFO - [2023-08-09T12:33:45.987+0000] {dag.py:3508} INFO - Setting next_dagrun for example_skip_dag to 2023-08-08T12:33:45.986814+00:00, run_after=2023-08-09T12:33:45.986814+00:00
[2023-08-09T12:33:46.004+0000] {processor.py:179} INFO - Processing /home/airflow/.local/lib/python3.7/site-packages/airflow/example_dags/example_skip_dag.py took 0.099 seconds
[2023-08-09T13:56:51.027+0000] {processor.py:157} INFO - Started process (PID=755) to work on /home/airflow/.local/lib/python3.7/site-packages/airflow/example_dags/example_skip_dag.py
[2023-08-09T13:56:51.028+0000] {processor.py:826} INFO - Processing file /home/airflow/.local/lib/python3.7/site-packages/airflow/example_dags/example_skip_dag.py for tasks to queue
[2023-08-09T13:56:51.029+0000] {logging_mixin.py:150} INFO - [2023-08-09T13:56:51.029+0000] {dagbag.py:541} INFO - Filling up the DagBag from /home/airflow/.local/lib/python3.7/site-packages/airflow/example_dags/example_skip_dag.py
[2023-08-09T13:56:51.034+0000] {processor.py:836} INFO - DAG(s) dict_keys(['example_skip_dag']) retrieved from /home/airflow/.local/lib/python3.7/site-packages/airflow/example_dags/example_skip_dag.py
[2023-08-09T13:56:51.054+0000] {logging_mixin.py:150} INFO - [2023-08-09T13:56:51.054+0000] {dag.py:2742} INFO - Sync 1 DAGs
[2023-08-09T13:56:51.071+0000] {logging_mixin.py:150} INFO - [2023-08-09T13:56:51.071+0000] {dag.py:3508} INFO - Setting next_dagrun for example_skip_dag to 2023-08-08T13:56:51.071546+00:00, run_after=2023-08-09T13:56:51.071546+00:00
[2023-08-09T13:56:51.082+0000] {processor.py:179} INFO - Processing /home/airflow/.local/lib/python3.7/site-packages/airflow/example_dags/example_skip_dag.py took 0.058 seconds
[2023-08-09T14:58:25.463+0000] {processor.py:157} INFO - Started process (PID=814) to work on /home/airflow/.local/lib/python3.7/site-packages/airflow/example_dags/example_skip_dag.py
[2023-08-09T14:58:25.464+0000] {processor.py:826} INFO - Processing file /home/airflow/.local/lib/python3.7/site-packages/airflow/example_dags/example_skip_dag.py for tasks to queue
[2023-08-09T14:58:25.465+0000] {logging_mixin.py:150} INFO - [2023-08-09T14:58:25.464+0000] {dagbag.py:541} INFO - Filling up the DagBag from /home/airflow/.local/lib/python3.7/site-packages/airflow/example_dags/example_skip_dag.py
[2023-08-09T14:58:25.470+0000] {processor.py:836} INFO - DAG(s) dict_keys(['example_skip_dag']) retrieved from /home/airflow/.local/lib/python3.7/site-packages/airflow/example_dags/example_skip_dag.py
[2023-08-09T14:58:25.490+0000] {logging_mixin.py:150} INFO - [2023-08-09T14:58:25.490+0000] {dag.py:2742} INFO - Sync 1 DAGs
[2023-08-09T14:58:25.505+0000] {logging_mixin.py:150} INFO - [2023-08-09T14:58:25.505+0000] {dag.py:3508} INFO - Setting next_dagrun for example_skip_dag to 2023-08-08T14:58:25.504936+00:00, run_after=2023-08-09T14:58:25.504936+00:00
[2023-08-09T14:58:25.515+0000] {processor.py:179} INFO - Processing /home/airflow/.local/lib/python3.7/site-packages/airflow/example_dags/example_skip_dag.py took 0.055 seconds
[2023-08-09T14:58:58.171+0000] {processor.py:157} INFO - Started process (PID=874) to work on /home/airflow/.local/lib/python3.7/site-packages/airflow/example_dags/example_skip_dag.py
[2023-08-09T14:58:58.172+0000] {processor.py:826} INFO - Processing file /home/airflow/.local/lib/python3.7/site-packages/airflow/example_dags/example_skip_dag.py for tasks to queue
[2023-08-09T14:58:58.172+0000] {logging_mixin.py:150} INFO - [2023-08-09T14:58:58.172+0000] {dagbag.py:541} INFO - Filling up the DagBag from /home/airflow/.local/lib/python3.7/site-packages/airflow/example_dags/example_skip_dag.py
[2023-08-09T14:58:58.178+0000] {processor.py:836} INFO - DAG(s) dict_keys(['example_skip_dag']) retrieved from /home/airflow/.local/lib/python3.7/site-packages/airflow/example_dags/example_skip_dag.py
[2023-08-09T14:58:58.195+0000] {logging_mixin.py:150} INFO - [2023-08-09T14:58:58.195+0000] {dag.py:2742} INFO - Sync 1 DAGs
[2023-08-09T14:58:58.209+0000] {logging_mixin.py:150} INFO - [2023-08-09T14:58:58.209+0000] {dag.py:3508} INFO - Setting next_dagrun for example_skip_dag to 2023-08-08T14:58:58.209616+00:00, run_after=2023-08-09T14:58:58.209616+00:00
[2023-08-09T14:58:58.219+0000] {processor.py:179} INFO - Processing /home/airflow/.local/lib/python3.7/site-packages/airflow/example_dags/example_skip_dag.py took 0.052 seconds
[2023-08-09T16:16:42.653+0000] {processor.py:157} INFO - Started process (PID=933) to work on /home/airflow/.local/lib/python3.7/site-packages/airflow/example_dags/example_skip_dag.py
[2023-08-09T16:16:42.654+0000] {processor.py:826} INFO - Processing file /home/airflow/.local/lib/python3.7/site-packages/airflow/example_dags/example_skip_dag.py for tasks to queue
[2023-08-09T16:16:42.655+0000] {logging_mixin.py:150} INFO - [2023-08-09T16:16:42.654+0000] {dagbag.py:541} INFO - Filling up the DagBag from /home/airflow/.local/lib/python3.7/site-packages/airflow/example_dags/example_skip_dag.py
[2023-08-09T16:16:42.660+0000] {processor.py:836} INFO - DAG(s) dict_keys(['example_skip_dag']) retrieved from /home/airflow/.local/lib/python3.7/site-packages/airflow/example_dags/example_skip_dag.py
[2023-08-09T16:16:42.677+0000] {logging_mixin.py:150} INFO - [2023-08-09T16:16:42.677+0000] {dag.py:2742} INFO - Sync 1 DAGs
[2023-08-09T16:16:42.692+0000] {logging_mixin.py:150} INFO - [2023-08-09T16:16:42.692+0000] {dag.py:3508} INFO - Setting next_dagrun for example_skip_dag to 2023-08-08T16:16:42.692152+00:00, run_after=2023-08-09T16:16:42.692152+00:00
[2023-08-09T16:16:42.701+0000] {processor.py:179} INFO - Processing /home/airflow/.local/lib/python3.7/site-packages/airflow/example_dags/example_skip_dag.py took 0.051 seconds
[2023-08-09T17:36:40.808+0000] {processor.py:157} INFO - Started process (PID=992) to work on /home/airflow/.local/lib/python3.7/site-packages/airflow/example_dags/example_skip_dag.py
[2023-08-09T17:36:40.809+0000] {processor.py:826} INFO - Processing file /home/airflow/.local/lib/python3.7/site-packages/airflow/example_dags/example_skip_dag.py for tasks to queue
[2023-08-09T17:36:40.810+0000] {logging_mixin.py:150} INFO - [2023-08-09T17:36:40.809+0000] {dagbag.py:541} INFO - Filling up the DagBag from /home/airflow/.local/lib/python3.7/site-packages/airflow/example_dags/example_skip_dag.py
[2023-08-09T17:36:40.817+0000] {processor.py:836} INFO - DAG(s) dict_keys(['example_skip_dag']) retrieved from /home/airflow/.local/lib/python3.7/site-packages/airflow/example_dags/example_skip_dag.py
[2023-08-09T17:36:40.836+0000] {logging_mixin.py:150} INFO - [2023-08-09T17:36:40.836+0000] {dag.py:2742} INFO - Sync 1 DAGs
[2023-08-09T17:36:40.851+0000] {logging_mixin.py:150} INFO - [2023-08-09T17:36:40.851+0000] {dag.py:3508} INFO - Setting next_dagrun for example_skip_dag to 2023-08-08T17:36:40.851525+00:00, run_after=2023-08-09T17:36:40.851525+00:00
[2023-08-09T17:36:40.862+0000] {processor.py:179} INFO - Processing /home/airflow/.local/lib/python3.7/site-packages/airflow/example_dags/example_skip_dag.py took 0.057 seconds
[2023-08-09T18:58:23.383+0000] {processor.py:157} INFO - Started process (PID=1051) to work on /home/airflow/.local/lib/python3.7/site-packages/airflow/example_dags/example_skip_dag.py
[2023-08-09T18:58:23.384+0000] {processor.py:826} INFO - Processing file /home/airflow/.local/lib/python3.7/site-packages/airflow/example_dags/example_skip_dag.py for tasks to queue
[2023-08-09T18:58:23.385+0000] {logging_mixin.py:150} INFO - [2023-08-09T18:58:23.385+0000] {dagbag.py:541} INFO - Filling up the DagBag from /home/airflow/.local/lib/python3.7/site-packages/airflow/example_dags/example_skip_dag.py
[2023-08-09T18:58:23.391+0000] {processor.py:836} INFO - DAG(s) dict_keys(['example_skip_dag']) retrieved from /home/airflow/.local/lib/python3.7/site-packages/airflow/example_dags/example_skip_dag.py
[2023-08-09T18:58:23.408+0000] {logging_mixin.py:150} INFO - [2023-08-09T18:58:23.408+0000] {dag.py:2742} INFO - Sync 1 DAGs
[2023-08-09T18:58:23.422+0000] {logging_mixin.py:150} INFO - [2023-08-09T18:58:23.422+0000] {dag.py:3508} INFO - Setting next_dagrun for example_skip_dag to 2023-08-08T18:58:23.422268+00:00, run_after=2023-08-09T18:58:23.422268+00:00
[2023-08-09T18:58:23.432+0000] {processor.py:179} INFO - Processing /home/airflow/.local/lib/python3.7/site-packages/airflow/example_dags/example_skip_dag.py took 0.052 seconds
[2023-08-09T20:21:02.477+0000] {processor.py:157} INFO - Started process (PID=1110) to work on /home/airflow/.local/lib/python3.7/site-packages/airflow/example_dags/example_skip_dag.py
[2023-08-09T20:21:02.480+0000] {processor.py:826} INFO - Processing file /home/airflow/.local/lib/python3.7/site-packages/airflow/example_dags/example_skip_dag.py for tasks to queue
[2023-08-09T20:21:02.482+0000] {logging_mixin.py:150} INFO - [2023-08-09T20:21:02.481+0000] {dagbag.py:541} INFO - Filling up the DagBag from /home/airflow/.local/lib/python3.7/site-packages/airflow/example_dags/example_skip_dag.py
[2023-08-09T20:21:02.501+0000] {processor.py:836} INFO - DAG(s) dict_keys(['example_skip_dag']) retrieved from /home/airflow/.local/lib/python3.7/site-packages/airflow/example_dags/example_skip_dag.py
[2023-08-09T20:21:02.524+0000] {logging_mixin.py:150} INFO - [2023-08-09T20:21:02.524+0000] {dag.py:2742} INFO - Sync 1 DAGs
[2023-08-09T20:21:02.542+0000] {logging_mixin.py:150} INFO - [2023-08-09T20:21:02.542+0000] {dag.py:3508} INFO - Setting next_dagrun for example_skip_dag to 2023-08-08T20:21:02.541764+00:00, run_after=2023-08-09T20:21:02.541764+00:00
[2023-08-09T20:21:02.555+0000] {processor.py:179} INFO - Processing /home/airflow/.local/lib/python3.7/site-packages/airflow/example_dags/example_skip_dag.py took 0.084 seconds
[2023-08-09T21:44:55.834+0000] {processor.py:157} INFO - Started process (PID=1169) to work on /home/airflow/.local/lib/python3.7/site-packages/airflow/example_dags/example_skip_dag.py
[2023-08-09T21:44:55.836+0000] {processor.py:826} INFO - Processing file /home/airflow/.local/lib/python3.7/site-packages/airflow/example_dags/example_skip_dag.py for tasks to queue
[2023-08-09T21:44:55.836+0000] {logging_mixin.py:150} INFO - [2023-08-09T21:44:55.836+0000] {dagbag.py:541} INFO - Filling up the DagBag from /home/airflow/.local/lib/python3.7/site-packages/airflow/example_dags/example_skip_dag.py
[2023-08-09T21:44:55.842+0000] {processor.py:836} INFO - DAG(s) dict_keys(['example_skip_dag']) retrieved from /home/airflow/.local/lib/python3.7/site-packages/airflow/example_dags/example_skip_dag.py
[2023-08-09T21:44:55.860+0000] {logging_mixin.py:150} INFO - [2023-08-09T21:44:55.859+0000] {dag.py:2742} INFO - Sync 1 DAGs
[2023-08-09T21:44:55.874+0000] {logging_mixin.py:150} INFO - [2023-08-09T21:44:55.873+0000] {dag.py:3508} INFO - Setting next_dagrun for example_skip_dag to 2023-08-08T21:44:55.873741+00:00, run_after=2023-08-09T21:44:55.873741+00:00
[2023-08-09T21:44:55.883+0000] {processor.py:179} INFO - Processing /home/airflow/.local/lib/python3.7/site-packages/airflow/example_dags/example_skip_dag.py took 0.051 seconds
[2023-08-09T22:36:36.308+0000] {processor.py:157} INFO - Started process (PID=1228) to work on /home/airflow/.local/lib/python3.7/site-packages/airflow/example_dags/example_skip_dag.py
[2023-08-09T22:36:36.309+0000] {processor.py:826} INFO - Processing file /home/airflow/.local/lib/python3.7/site-packages/airflow/example_dags/example_skip_dag.py for tasks to queue
[2023-08-09T22:36:36.310+0000] {logging_mixin.py:150} INFO - [2023-08-09T22:36:36.310+0000] {dagbag.py:541} INFO - Filling up the DagBag from /home/airflow/.local/lib/python3.7/site-packages/airflow/example_dags/example_skip_dag.py
[2023-08-09T22:36:36.316+0000] {processor.py:836} INFO - DAG(s) dict_keys(['example_skip_dag']) retrieved from /home/airflow/.local/lib/python3.7/site-packages/airflow/example_dags/example_skip_dag.py
[2023-08-09T22:36:36.332+0000] {logging_mixin.py:150} INFO - [2023-08-09T22:36:36.332+0000] {dag.py:2742} INFO - Sync 1 DAGs
[2023-08-09T22:36:36.346+0000] {logging_mixin.py:150} INFO - [2023-08-09T22:36:36.346+0000] {dag.py:3508} INFO - Setting next_dagrun for example_skip_dag to 2023-08-08T22:36:36.345860+00:00, run_after=2023-08-09T22:36:36.345860+00:00
[2023-08-09T22:36:36.355+0000] {processor.py:179} INFO - Processing /home/airflow/.local/lib/python3.7/site-packages/airflow/example_dags/example_skip_dag.py took 0.049 seconds
[2023-08-09T22:37:06.730+0000] {processor.py:157} INFO - Started process (PID=1287) to work on /home/airflow/.local/lib/python3.7/site-packages/airflow/example_dags/example_skip_dag.py
[2023-08-09T22:37:06.731+0000] {processor.py:826} INFO - Processing file /home/airflow/.local/lib/python3.7/site-packages/airflow/example_dags/example_skip_dag.py for tasks to queue
[2023-08-09T22:37:06.732+0000] {logging_mixin.py:150} INFO - [2023-08-09T22:37:06.731+0000] {dagbag.py:541} INFO - Filling up the DagBag from /home/airflow/.local/lib/python3.7/site-packages/airflow/example_dags/example_skip_dag.py
[2023-08-09T22:37:06.737+0000] {processor.py:836} INFO - DAG(s) dict_keys(['example_skip_dag']) retrieved from /home/airflow/.local/lib/python3.7/site-packages/airflow/example_dags/example_skip_dag.py
[2023-08-09T22:37:06.754+0000] {logging_mixin.py:150} INFO - [2023-08-09T22:37:06.753+0000] {dag.py:2742} INFO - Sync 1 DAGs
[2023-08-09T22:37:06.768+0000] {logging_mixin.py:150} INFO - [2023-08-09T22:37:06.768+0000] {dag.py:3508} INFO - Setting next_dagrun for example_skip_dag to 2023-08-08T22:37:06.768049+00:00, run_after=2023-08-09T22:37:06.768049+00:00
[2023-08-09T22:37:06.778+0000] {processor.py:179} INFO - Processing /home/airflow/.local/lib/python3.7/site-packages/airflow/example_dags/example_skip_dag.py took 0.051 seconds
[2023-08-09T22:37:36.986+0000] {processor.py:157} INFO - Started process (PID=1346) to work on /home/airflow/.local/lib/python3.7/site-packages/airflow/example_dags/example_skip_dag.py
[2023-08-09T22:37:36.987+0000] {processor.py:826} INFO - Processing file /home/airflow/.local/lib/python3.7/site-packages/airflow/example_dags/example_skip_dag.py for tasks to queue
[2023-08-09T22:37:36.988+0000] {logging_mixin.py:150} INFO - [2023-08-09T22:37:36.987+0000] {dagbag.py:541} INFO - Filling up the DagBag from /home/airflow/.local/lib/python3.7/site-packages/airflow/example_dags/example_skip_dag.py
[2023-08-09T22:37:36.993+0000] {processor.py:836} INFO - DAG(s) dict_keys(['example_skip_dag']) retrieved from /home/airflow/.local/lib/python3.7/site-packages/airflow/example_dags/example_skip_dag.py
[2023-08-09T22:37:37.011+0000] {logging_mixin.py:150} INFO - [2023-08-09T22:37:37.011+0000] {dag.py:2742} INFO - Sync 1 DAGs
[2023-08-09T22:37:37.025+0000] {logging_mixin.py:150} INFO - [2023-08-09T22:37:37.025+0000] {dag.py:3508} INFO - Setting next_dagrun for example_skip_dag to 2023-08-08T22:37:37.025150+00:00, run_after=2023-08-09T22:37:37.025150+00:00
[2023-08-09T22:37:37.035+0000] {processor.py:179} INFO - Processing /home/airflow/.local/lib/python3.7/site-packages/airflow/example_dags/example_skip_dag.py took 0.052 seconds
[2023-08-09T23:31:52.294+0000] {processor.py:157} INFO - Started process (PID=1405) to work on /home/airflow/.local/lib/python3.7/site-packages/airflow/example_dags/example_skip_dag.py
[2023-08-09T23:31:52.295+0000] {processor.py:826} INFO - Processing file /home/airflow/.local/lib/python3.7/site-packages/airflow/example_dags/example_skip_dag.py for tasks to queue
[2023-08-09T23:31:52.296+0000] {logging_mixin.py:150} INFO - [2023-08-09T23:31:52.296+0000] {dagbag.py:541} INFO - Filling up the DagBag from /home/airflow/.local/lib/python3.7/site-packages/airflow/example_dags/example_skip_dag.py
[2023-08-09T23:31:52.302+0000] {processor.py:836} INFO - DAG(s) dict_keys(['example_skip_dag']) retrieved from /home/airflow/.local/lib/python3.7/site-packages/airflow/example_dags/example_skip_dag.py
[2023-08-09T23:31:52.320+0000] {logging_mixin.py:150} INFO - [2023-08-09T23:31:52.320+0000] {dag.py:2742} INFO - Sync 1 DAGs
[2023-08-09T23:31:52.335+0000] {logging_mixin.py:150} INFO - [2023-08-09T23:31:52.335+0000] {dag.py:3508} INFO - Setting next_dagrun for example_skip_dag to 2023-08-08T23:31:52.335105+00:00, run_after=2023-08-09T23:31:52.335105+00:00
[2023-08-09T23:31:52.345+0000] {processor.py:179} INFO - Processing /home/airflow/.local/lib/python3.7/site-packages/airflow/example_dags/example_skip_dag.py took 0.054 seconds
