[2023-08-09T12:03:21.727+0000] {processor.py:157} INFO - Started process (PID=36) to work on /home/airflow/.local/lib/python3.7/site-packages/airflow/example_dags/example_complex.py
[2023-08-09T12:03:21.728+0000] {processor.py:826} INFO - Processing file /home/airflow/.local/lib/python3.7/site-packages/airflow/example_dags/example_complex.py for tasks to queue
[2023-08-09T12:03:21.729+0000] {logging_mixin.py:150} INFO - [2023-08-09T12:03:21.729+0000] {dagbag.py:541} INFO - Filling up the DagBag from /home/airflow/.local/lib/python3.7/site-packages/airflow/example_dags/example_complex.py
[2023-08-09T12:03:21.738+0000] {processor.py:836} INFO - DAG(s) dict_keys(['example_complex']) retrieved from /home/airflow/.local/lib/python3.7/site-packages/airflow/example_dags/example_complex.py
[2023-08-09T12:03:21.749+0000] {logging_mixin.py:150} INFO - [2023-08-09T12:03:21.749+0000] {dag.py:2742} INFO - Sync 1 DAGs
[2023-08-09T12:03:21.765+0000] {logging_mixin.py:150} INFO - [2023-08-09T12:03:21.765+0000] {dag.py:3508} INFO - Setting next_dagrun for example_complex to None, run_after=None
[2023-08-09T12:03:21.778+0000] {processor.py:179} INFO - Processing /home/airflow/.local/lib/python3.7/site-packages/airflow/example_dags/example_complex.py took 0.053 seconds
[2023-08-09T12:03:52.733+0000] {processor.py:157} INFO - Started process (PID=95) to work on /home/airflow/.local/lib/python3.7/site-packages/airflow/example_dags/example_complex.py
[2023-08-09T12:03:52.734+0000] {processor.py:826} INFO - Processing file /home/airflow/.local/lib/python3.7/site-packages/airflow/example_dags/example_complex.py for tasks to queue
[2023-08-09T12:03:52.735+0000] {logging_mixin.py:150} INFO - [2023-08-09T12:03:52.735+0000] {dagbag.py:541} INFO - Filling up the DagBag from /home/airflow/.local/lib/python3.7/site-packages/airflow/example_dags/example_complex.py
[2023-08-09T12:03:52.743+0000] {processor.py:836} INFO - DAG(s) dict_keys(['example_complex']) retrieved from /home/airflow/.local/lib/python3.7/site-packages/airflow/example_dags/example_complex.py
[2023-08-09T12:03:52.766+0000] {logging_mixin.py:150} INFO - [2023-08-09T12:03:52.765+0000] {dag.py:2742} INFO - Sync 1 DAGs
[2023-08-09T12:03:52.781+0000] {logging_mixin.py:150} INFO - [2023-08-09T12:03:52.781+0000] {dag.py:3508} INFO - Setting next_dagrun for example_complex to None, run_after=None
[2023-08-09T12:03:52.791+0000] {processor.py:179} INFO - Processing /home/airflow/.local/lib/python3.7/site-packages/airflow/example_dags/example_complex.py took 0.061 seconds
[2023-08-09T12:04:23.280+0000] {processor.py:157} INFO - Started process (PID=154) to work on /home/airflow/.local/lib/python3.7/site-packages/airflow/example_dags/example_complex.py
[2023-08-09T12:04:23.281+0000] {processor.py:826} INFO - Processing file /home/airflow/.local/lib/python3.7/site-packages/airflow/example_dags/example_complex.py for tasks to queue
[2023-08-09T12:04:23.282+0000] {logging_mixin.py:150} INFO - [2023-08-09T12:04:23.282+0000] {dagbag.py:541} INFO - Filling up the DagBag from /home/airflow/.local/lib/python3.7/site-packages/airflow/example_dags/example_complex.py
[2023-08-09T12:04:23.290+0000] {processor.py:836} INFO - DAG(s) dict_keys(['example_complex']) retrieved from /home/airflow/.local/lib/python3.7/site-packages/airflow/example_dags/example_complex.py
[2023-08-09T12:04:23.313+0000] {logging_mixin.py:150} INFO - [2023-08-09T12:04:23.312+0000] {dag.py:2742} INFO - Sync 1 DAGs
[2023-08-09T12:04:23.327+0000] {logging_mixin.py:150} INFO - [2023-08-09T12:04:23.327+0000] {dag.py:3508} INFO - Setting next_dagrun for example_complex to None, run_after=None
[2023-08-09T12:04:23.337+0000] {processor.py:179} INFO - Processing /home/airflow/.local/lib/python3.7/site-packages/airflow/example_dags/example_complex.py took 0.060 seconds
[2023-08-09T12:04:53.535+0000] {processor.py:157} INFO - Started process (PID=213) to work on /home/airflow/.local/lib/python3.7/site-packages/airflow/example_dags/example_complex.py
[2023-08-09T12:04:53.536+0000] {processor.py:826} INFO - Processing file /home/airflow/.local/lib/python3.7/site-packages/airflow/example_dags/example_complex.py for tasks to queue
[2023-08-09T12:04:53.537+0000] {logging_mixin.py:150} INFO - [2023-08-09T12:04:53.537+0000] {dagbag.py:541} INFO - Filling up the DagBag from /home/airflow/.local/lib/python3.7/site-packages/airflow/example_dags/example_complex.py
[2023-08-09T12:04:53.544+0000] {processor.py:836} INFO - DAG(s) dict_keys(['example_complex']) retrieved from /home/airflow/.local/lib/python3.7/site-packages/airflow/example_dags/example_complex.py
[2023-08-09T12:04:53.566+0000] {logging_mixin.py:150} INFO - [2023-08-09T12:04:53.566+0000] {dag.py:2742} INFO - Sync 1 DAGs
[2023-08-09T12:04:53.580+0000] {logging_mixin.py:150} INFO - [2023-08-09T12:04:53.580+0000] {dag.py:3508} INFO - Setting next_dagrun for example_complex to None, run_after=None
[2023-08-09T12:04:53.589+0000] {processor.py:179} INFO - Processing /home/airflow/.local/lib/python3.7/site-packages/airflow/example_dags/example_complex.py took 0.057 seconds
[2023-08-09T12:05:23.712+0000] {processor.py:157} INFO - Started process (PID=272) to work on /home/airflow/.local/lib/python3.7/site-packages/airflow/example_dags/example_complex.py
[2023-08-09T12:05:23.713+0000] {processor.py:826} INFO - Processing file /home/airflow/.local/lib/python3.7/site-packages/airflow/example_dags/example_complex.py for tasks to queue
[2023-08-09T12:05:23.714+0000] {logging_mixin.py:150} INFO - [2023-08-09T12:05:23.714+0000] {dagbag.py:541} INFO - Filling up the DagBag from /home/airflow/.local/lib/python3.7/site-packages/airflow/example_dags/example_complex.py
[2023-08-09T12:05:23.722+0000] {processor.py:836} INFO - DAG(s) dict_keys(['example_complex']) retrieved from /home/airflow/.local/lib/python3.7/site-packages/airflow/example_dags/example_complex.py
[2023-08-09T12:05:23.744+0000] {logging_mixin.py:150} INFO - [2023-08-09T12:05:23.744+0000] {dag.py:2742} INFO - Sync 1 DAGs
[2023-08-09T12:05:23.759+0000] {logging_mixin.py:150} INFO - [2023-08-09T12:05:23.759+0000] {dag.py:3508} INFO - Setting next_dagrun for example_complex to None, run_after=None
[2023-08-09T12:05:23.770+0000] {processor.py:179} INFO - Processing /home/airflow/.local/lib/python3.7/site-packages/airflow/example_dags/example_complex.py took 0.060 seconds
[2023-08-09T12:05:53.994+0000] {processor.py:157} INFO - Started process (PID=331) to work on /home/airflow/.local/lib/python3.7/site-packages/airflow/example_dags/example_complex.py
[2023-08-09T12:05:53.995+0000] {processor.py:826} INFO - Processing file /home/airflow/.local/lib/python3.7/site-packages/airflow/example_dags/example_complex.py for tasks to queue
[2023-08-09T12:05:53.996+0000] {logging_mixin.py:150} INFO - [2023-08-09T12:05:53.996+0000] {dagbag.py:541} INFO - Filling up the DagBag from /home/airflow/.local/lib/python3.7/site-packages/airflow/example_dags/example_complex.py
[2023-08-09T12:05:54.003+0000] {processor.py:836} INFO - DAG(s) dict_keys(['example_complex']) retrieved from /home/airflow/.local/lib/python3.7/site-packages/airflow/example_dags/example_complex.py
[2023-08-09T12:05:54.026+0000] {logging_mixin.py:150} INFO - [2023-08-09T12:05:54.026+0000] {dag.py:2742} INFO - Sync 1 DAGs
[2023-08-09T12:05:54.040+0000] {logging_mixin.py:150} INFO - [2023-08-09T12:05:54.040+0000] {dag.py:3508} INFO - Setting next_dagrun for example_complex to None, run_after=None
[2023-08-09T12:05:54.049+0000] {processor.py:179} INFO - Processing /home/airflow/.local/lib/python3.7/site-packages/airflow/example_dags/example_complex.py took 0.058 seconds
[2023-08-09T12:06:24.210+0000] {processor.py:157} INFO - Started process (PID=390) to work on /home/airflow/.local/lib/python3.7/site-packages/airflow/example_dags/example_complex.py
[2023-08-09T12:06:24.211+0000] {processor.py:826} INFO - Processing file /home/airflow/.local/lib/python3.7/site-packages/airflow/example_dags/example_complex.py for tasks to queue
[2023-08-09T12:06:24.212+0000] {logging_mixin.py:150} INFO - [2023-08-09T12:06:24.212+0000] {dagbag.py:541} INFO - Filling up the DagBag from /home/airflow/.local/lib/python3.7/site-packages/airflow/example_dags/example_complex.py
[2023-08-09T12:06:24.219+0000] {processor.py:836} INFO - DAG(s) dict_keys(['example_complex']) retrieved from /home/airflow/.local/lib/python3.7/site-packages/airflow/example_dags/example_complex.py
[2023-08-09T12:06:24.241+0000] {logging_mixin.py:150} INFO - [2023-08-09T12:06:24.241+0000] {dag.py:2742} INFO - Sync 1 DAGs
[2023-08-09T12:06:24.255+0000] {logging_mixin.py:150} INFO - [2023-08-09T12:06:24.255+0000] {dag.py:3508} INFO - Setting next_dagrun for example_complex to None, run_after=None
[2023-08-09T12:06:24.264+0000] {processor.py:179} INFO - Processing /home/airflow/.local/lib/python3.7/site-packages/airflow/example_dags/example_complex.py took 0.057 seconds
[2023-08-09T12:06:54.540+0000] {processor.py:157} INFO - Started process (PID=449) to work on /home/airflow/.local/lib/python3.7/site-packages/airflow/example_dags/example_complex.py
[2023-08-09T12:06:54.541+0000] {processor.py:826} INFO - Processing file /home/airflow/.local/lib/python3.7/site-packages/airflow/example_dags/example_complex.py for tasks to queue
[2023-08-09T12:06:54.542+0000] {logging_mixin.py:150} INFO - [2023-08-09T12:06:54.542+0000] {dagbag.py:541} INFO - Filling up the DagBag from /home/airflow/.local/lib/python3.7/site-packages/airflow/example_dags/example_complex.py
[2023-08-09T12:06:54.550+0000] {processor.py:836} INFO - DAG(s) dict_keys(['example_complex']) retrieved from /home/airflow/.local/lib/python3.7/site-packages/airflow/example_dags/example_complex.py
[2023-08-09T12:06:54.571+0000] {logging_mixin.py:150} INFO - [2023-08-09T12:06:54.571+0000] {dag.py:2742} INFO - Sync 1 DAGs
[2023-08-09T12:06:54.587+0000] {logging_mixin.py:150} INFO - [2023-08-09T12:06:54.586+0000] {dag.py:3508} INFO - Setting next_dagrun for example_complex to None, run_after=None
[2023-08-09T12:06:54.599+0000] {processor.py:179} INFO - Processing /home/airflow/.local/lib/python3.7/site-packages/airflow/example_dags/example_complex.py took 0.061 seconds
[2023-08-09T12:07:27.011+0000] {processor.py:157} INFO - Started process (PID=508) to work on /home/airflow/.local/lib/python3.7/site-packages/airflow/example_dags/example_complex.py
[2023-08-09T12:07:27.012+0000] {processor.py:826} INFO - Processing file /home/airflow/.local/lib/python3.7/site-packages/airflow/example_dags/example_complex.py for tasks to queue
[2023-08-09T12:07:27.013+0000] {logging_mixin.py:150} INFO - [2023-08-09T12:07:27.013+0000] {dagbag.py:541} INFO - Filling up the DagBag from /home/airflow/.local/lib/python3.7/site-packages/airflow/example_dags/example_complex.py
[2023-08-09T12:07:27.020+0000] {processor.py:836} INFO - DAG(s) dict_keys(['example_complex']) retrieved from /home/airflow/.local/lib/python3.7/site-packages/airflow/example_dags/example_complex.py
[2023-08-09T12:07:27.041+0000] {logging_mixin.py:150} INFO - [2023-08-09T12:07:27.041+0000] {dag.py:2742} INFO - Sync 1 DAGs
[2023-08-09T12:07:27.056+0000] {logging_mixin.py:150} INFO - [2023-08-09T12:07:27.056+0000] {dag.py:3508} INFO - Setting next_dagrun for example_complex to None, run_after=None
[2023-08-09T12:07:27.066+0000] {processor.py:179} INFO - Processing /home/airflow/.local/lib/python3.7/site-packages/airflow/example_dags/example_complex.py took 0.058 seconds
[2023-08-09T12:16:42.247+0000] {processor.py:157} INFO - Started process (PID=569) to work on /home/airflow/.local/lib/python3.7/site-packages/airflow/example_dags/example_complex.py
[2023-08-09T12:16:42.248+0000] {processor.py:826} INFO - Processing file /home/airflow/.local/lib/python3.7/site-packages/airflow/example_dags/example_complex.py for tasks to queue
[2023-08-09T12:16:42.249+0000] {logging_mixin.py:150} INFO - [2023-08-09T12:16:42.248+0000] {dagbag.py:541} INFO - Filling up the DagBag from /home/airflow/.local/lib/python3.7/site-packages/airflow/example_dags/example_complex.py
[2023-08-09T12:16:42.255+0000] {processor.py:836} INFO - DAG(s) dict_keys(['example_complex']) retrieved from /home/airflow/.local/lib/python3.7/site-packages/airflow/example_dags/example_complex.py
[2023-08-09T12:16:42.277+0000] {logging_mixin.py:150} INFO - [2023-08-09T12:16:42.277+0000] {dag.py:2742} INFO - Sync 1 DAGs
[2023-08-09T12:16:42.292+0000] {logging_mixin.py:150} INFO - [2023-08-09T12:16:42.292+0000] {dag.py:3508} INFO - Setting next_dagrun for example_complex to None, run_after=None
[2023-08-09T12:16:42.301+0000] {processor.py:179} INFO - Processing /home/airflow/.local/lib/python3.7/site-packages/airflow/example_dags/example_complex.py took 0.057 seconds
[2023-08-09T12:17:13.036+0000] {processor.py:157} INFO - Started process (PID=628) to work on /home/airflow/.local/lib/python3.7/site-packages/airflow/example_dags/example_complex.py
[2023-08-09T12:17:13.037+0000] {processor.py:826} INFO - Processing file /home/airflow/.local/lib/python3.7/site-packages/airflow/example_dags/example_complex.py for tasks to queue
[2023-08-09T12:17:13.038+0000] {logging_mixin.py:150} INFO - [2023-08-09T12:17:13.038+0000] {dagbag.py:541} INFO - Filling up the DagBag from /home/airflow/.local/lib/python3.7/site-packages/airflow/example_dags/example_complex.py
[2023-08-09T12:17:13.045+0000] {processor.py:836} INFO - DAG(s) dict_keys(['example_complex']) retrieved from /home/airflow/.local/lib/python3.7/site-packages/airflow/example_dags/example_complex.py
[2023-08-09T12:17:13.067+0000] {logging_mixin.py:150} INFO - [2023-08-09T12:17:13.067+0000] {dag.py:2742} INFO - Sync 1 DAGs
[2023-08-09T12:17:13.081+0000] {logging_mixin.py:150} INFO - [2023-08-09T12:17:13.081+0000] {dag.py:3508} INFO - Setting next_dagrun for example_complex to None, run_after=None
[2023-08-09T12:17:13.091+0000] {processor.py:179} INFO - Processing /home/airflow/.local/lib/python3.7/site-packages/airflow/example_dags/example_complex.py took 0.057 seconds
[2023-08-09T12:33:44.680+0000] {processor.py:157} INFO - Started process (PID=687) to work on /home/airflow/.local/lib/python3.7/site-packages/airflow/example_dags/example_complex.py
[2023-08-09T12:33:44.687+0000] {processor.py:826} INFO - Processing file /home/airflow/.local/lib/python3.7/site-packages/airflow/example_dags/example_complex.py for tasks to queue
[2023-08-09T12:33:44.691+0000] {logging_mixin.py:150} INFO - [2023-08-09T12:33:44.691+0000] {dagbag.py:541} INFO - Filling up the DagBag from /home/airflow/.local/lib/python3.7/site-packages/airflow/example_dags/example_complex.py
[2023-08-09T12:33:44.702+0000] {processor.py:836} INFO - DAG(s) dict_keys(['example_complex']) retrieved from /home/airflow/.local/lib/python3.7/site-packages/airflow/example_dags/example_complex.py
[2023-08-09T12:33:44.752+0000] {logging_mixin.py:150} INFO - [2023-08-09T12:33:44.752+0000] {dag.py:2742} INFO - Sync 1 DAGs
[2023-08-09T12:33:44.775+0000] {logging_mixin.py:150} INFO - [2023-08-09T12:33:44.774+0000] {dag.py:3508} INFO - Setting next_dagrun for example_complex to None, run_after=None
[2023-08-09T12:33:44.817+0000] {processor.py:179} INFO - Processing /home/airflow/.local/lib/python3.7/site-packages/airflow/example_dags/example_complex.py took 0.140 seconds
[2023-08-09T13:56:50.632+0000] {processor.py:157} INFO - Started process (PID=746) to work on /home/airflow/.local/lib/python3.7/site-packages/airflow/example_dags/example_complex.py
[2023-08-09T13:56:50.633+0000] {processor.py:826} INFO - Processing file /home/airflow/.local/lib/python3.7/site-packages/airflow/example_dags/example_complex.py for tasks to queue
[2023-08-09T13:56:50.634+0000] {logging_mixin.py:150} INFO - [2023-08-09T13:56:50.633+0000] {dagbag.py:541} INFO - Filling up the DagBag from /home/airflow/.local/lib/python3.7/site-packages/airflow/example_dags/example_complex.py
[2023-08-09T13:56:50.641+0000] {processor.py:836} INFO - DAG(s) dict_keys(['example_complex']) retrieved from /home/airflow/.local/lib/python3.7/site-packages/airflow/example_dags/example_complex.py
[2023-08-09T13:56:50.665+0000] {logging_mixin.py:150} INFO - [2023-08-09T13:56:50.665+0000] {dag.py:2742} INFO - Sync 1 DAGs
[2023-08-09T13:56:50.679+0000] {logging_mixin.py:150} INFO - [2023-08-09T13:56:50.679+0000] {dag.py:3508} INFO - Setting next_dagrun for example_complex to None, run_after=None
[2023-08-09T13:56:50.691+0000] {processor.py:179} INFO - Processing /home/airflow/.local/lib/python3.7/site-packages/airflow/example_dags/example_complex.py took 0.062 seconds
[2023-08-09T14:58:25.103+0000] {processor.py:157} INFO - Started process (PID=805) to work on /home/airflow/.local/lib/python3.7/site-packages/airflow/example_dags/example_complex.py
[2023-08-09T14:58:25.104+0000] {processor.py:826} INFO - Processing file /home/airflow/.local/lib/python3.7/site-packages/airflow/example_dags/example_complex.py for tasks to queue
[2023-08-09T14:58:25.105+0000] {logging_mixin.py:150} INFO - [2023-08-09T14:58:25.105+0000] {dagbag.py:541} INFO - Filling up the DagBag from /home/airflow/.local/lib/python3.7/site-packages/airflow/example_dags/example_complex.py
[2023-08-09T14:58:25.112+0000] {processor.py:836} INFO - DAG(s) dict_keys(['example_complex']) retrieved from /home/airflow/.local/lib/python3.7/site-packages/airflow/example_dags/example_complex.py
[2023-08-09T14:58:25.134+0000] {logging_mixin.py:150} INFO - [2023-08-09T14:58:25.134+0000] {dag.py:2742} INFO - Sync 1 DAGs
[2023-08-09T14:58:25.148+0000] {logging_mixin.py:150} INFO - [2023-08-09T14:58:25.148+0000] {dag.py:3508} INFO - Setting next_dagrun for example_complex to None, run_after=None
[2023-08-09T14:58:25.158+0000] {processor.py:179} INFO - Processing /home/airflow/.local/lib/python3.7/site-packages/airflow/example_dags/example_complex.py took 0.058 seconds
[2023-08-09T14:58:57.815+0000] {processor.py:157} INFO - Started process (PID=865) to work on /home/airflow/.local/lib/python3.7/site-packages/airflow/example_dags/example_complex.py
[2023-08-09T14:58:57.816+0000] {processor.py:826} INFO - Processing file /home/airflow/.local/lib/python3.7/site-packages/airflow/example_dags/example_complex.py for tasks to queue
[2023-08-09T14:58:57.817+0000] {logging_mixin.py:150} INFO - [2023-08-09T14:58:57.817+0000] {dagbag.py:541} INFO - Filling up the DagBag from /home/airflow/.local/lib/python3.7/site-packages/airflow/example_dags/example_complex.py
[2023-08-09T14:58:57.824+0000] {processor.py:836} INFO - DAG(s) dict_keys(['example_complex']) retrieved from /home/airflow/.local/lib/python3.7/site-packages/airflow/example_dags/example_complex.py
[2023-08-09T14:58:57.845+0000] {logging_mixin.py:150} INFO - [2023-08-09T14:58:57.844+0000] {dag.py:2742} INFO - Sync 1 DAGs
[2023-08-09T14:58:57.858+0000] {logging_mixin.py:150} INFO - [2023-08-09T14:58:57.858+0000] {dag.py:3508} INFO - Setting next_dagrun for example_complex to None, run_after=None
[2023-08-09T14:58:57.868+0000] {processor.py:179} INFO - Processing /home/airflow/.local/lib/python3.7/site-packages/airflow/example_dags/example_complex.py took 0.056 seconds
[2023-08-09T16:16:42.294+0000] {processor.py:157} INFO - Started process (PID=924) to work on /home/airflow/.local/lib/python3.7/site-packages/airflow/example_dags/example_complex.py
[2023-08-09T16:16:42.295+0000] {processor.py:826} INFO - Processing file /home/airflow/.local/lib/python3.7/site-packages/airflow/example_dags/example_complex.py for tasks to queue
[2023-08-09T16:16:42.295+0000] {logging_mixin.py:150} INFO - [2023-08-09T16:16:42.295+0000] {dagbag.py:541} INFO - Filling up the DagBag from /home/airflow/.local/lib/python3.7/site-packages/airflow/example_dags/example_complex.py
[2023-08-09T16:16:42.303+0000] {processor.py:836} INFO - DAG(s) dict_keys(['example_complex']) retrieved from /home/airflow/.local/lib/python3.7/site-packages/airflow/example_dags/example_complex.py
[2023-08-09T16:16:42.325+0000] {logging_mixin.py:150} INFO - [2023-08-09T16:16:42.325+0000] {dag.py:2742} INFO - Sync 1 DAGs
[2023-08-09T16:16:42.340+0000] {logging_mixin.py:150} INFO - [2023-08-09T16:16:42.340+0000] {dag.py:3508} INFO - Setting next_dagrun for example_complex to None, run_after=None
[2023-08-09T16:16:42.350+0000] {processor.py:179} INFO - Processing /home/airflow/.local/lib/python3.7/site-packages/airflow/example_dags/example_complex.py took 0.059 seconds
[2023-08-09T17:36:39.722+0000] {processor.py:157} INFO - Started process (PID=983) to work on /home/airflow/.local/lib/python3.7/site-packages/airflow/example_dags/example_complex.py
[2023-08-09T17:36:39.724+0000] {processor.py:826} INFO - Processing file /home/airflow/.local/lib/python3.7/site-packages/airflow/example_dags/example_complex.py for tasks to queue
[2023-08-09T17:36:39.725+0000] {logging_mixin.py:150} INFO - [2023-08-09T17:36:39.725+0000] {dagbag.py:541} INFO - Filling up the DagBag from /home/airflow/.local/lib/python3.7/site-packages/airflow/example_dags/example_complex.py
[2023-08-09T17:36:39.733+0000] {processor.py:836} INFO - DAG(s) dict_keys(['example_complex']) retrieved from /home/airflow/.local/lib/python3.7/site-packages/airflow/example_dags/example_complex.py
[2023-08-09T17:36:39.796+0000] {logging_mixin.py:150} INFO - [2023-08-09T17:36:39.796+0000] {dag.py:2742} INFO - Sync 1 DAGs
[2023-08-09T17:36:39.860+0000] {logging_mixin.py:150} INFO - [2023-08-09T17:36:39.859+0000] {dag.py:3508} INFO - Setting next_dagrun for example_complex to None, run_after=None
[2023-08-09T17:36:39.947+0000] {processor.py:179} INFO - Processing /home/airflow/.local/lib/python3.7/site-packages/airflow/example_dags/example_complex.py took 0.227 seconds
[2023-08-09T18:58:23.025+0000] {processor.py:157} INFO - Started process (PID=1042) to work on /home/airflow/.local/lib/python3.7/site-packages/airflow/example_dags/example_complex.py
[2023-08-09T18:58:23.026+0000] {processor.py:826} INFO - Processing file /home/airflow/.local/lib/python3.7/site-packages/airflow/example_dags/example_complex.py for tasks to queue
[2023-08-09T18:58:23.027+0000] {logging_mixin.py:150} INFO - [2023-08-09T18:58:23.027+0000] {dagbag.py:541} INFO - Filling up the DagBag from /home/airflow/.local/lib/python3.7/site-packages/airflow/example_dags/example_complex.py
[2023-08-09T18:58:23.034+0000] {processor.py:836} INFO - DAG(s) dict_keys(['example_complex']) retrieved from /home/airflow/.local/lib/python3.7/site-packages/airflow/example_dags/example_complex.py
[2023-08-09T18:58:23.057+0000] {logging_mixin.py:150} INFO - [2023-08-09T18:58:23.057+0000] {dag.py:2742} INFO - Sync 1 DAGs
[2023-08-09T18:58:23.071+0000] {logging_mixin.py:150} INFO - [2023-08-09T18:58:23.071+0000] {dag.py:3508} INFO - Setting next_dagrun for example_complex to None, run_after=None
[2023-08-09T18:58:23.081+0000] {processor.py:179} INFO - Processing /home/airflow/.local/lib/python3.7/site-packages/airflow/example_dags/example_complex.py took 0.058 seconds
[2023-08-09T20:21:01.990+0000] {processor.py:157} INFO - Started process (PID=1101) to work on /home/airflow/.local/lib/python3.7/site-packages/airflow/example_dags/example_complex.py
[2023-08-09T20:21:01.992+0000] {processor.py:826} INFO - Processing file /home/airflow/.local/lib/python3.7/site-packages/airflow/example_dags/example_complex.py for tasks to queue
[2023-08-09T20:21:01.993+0000] {logging_mixin.py:150} INFO - [2023-08-09T20:21:01.992+0000] {dagbag.py:541} INFO - Filling up the DagBag from /home/airflow/.local/lib/python3.7/site-packages/airflow/example_dags/example_complex.py
[2023-08-09T20:21:01.999+0000] {processor.py:836} INFO - DAG(s) dict_keys(['example_complex']) retrieved from /home/airflow/.local/lib/python3.7/site-packages/airflow/example_dags/example_complex.py
[2023-08-09T20:21:02.021+0000] {logging_mixin.py:150} INFO - [2023-08-09T20:21:02.021+0000] {dag.py:2742} INFO - Sync 1 DAGs
[2023-08-09T20:21:02.035+0000] {logging_mixin.py:150} INFO - [2023-08-09T20:21:02.035+0000] {dag.py:3508} INFO - Setting next_dagrun for example_complex to None, run_after=None
[2023-08-09T20:21:02.046+0000] {processor.py:179} INFO - Processing /home/airflow/.local/lib/python3.7/site-packages/airflow/example_dags/example_complex.py took 0.058 seconds
[2023-08-09T21:44:54.902+0000] {processor.py:157} INFO - Started process (PID=1160) to work on /home/airflow/.local/lib/python3.7/site-packages/airflow/example_dags/example_complex.py
[2023-08-09T21:44:54.905+0000] {processor.py:826} INFO - Processing file /home/airflow/.local/lib/python3.7/site-packages/airflow/example_dags/example_complex.py for tasks to queue
[2023-08-09T21:44:54.907+0000] {logging_mixin.py:150} INFO - [2023-08-09T21:44:54.906+0000] {dagbag.py:541} INFO - Filling up the DagBag from /home/airflow/.local/lib/python3.7/site-packages/airflow/example_dags/example_complex.py
[2023-08-09T21:44:54.918+0000] {processor.py:836} INFO - DAG(s) dict_keys(['example_complex']) retrieved from /home/airflow/.local/lib/python3.7/site-packages/airflow/example_dags/example_complex.py
[2023-08-09T21:44:54.953+0000] {logging_mixin.py:150} INFO - [2023-08-09T21:44:54.953+0000] {dag.py:2742} INFO - Sync 1 DAGs
[2023-08-09T21:44:54.979+0000] {logging_mixin.py:150} INFO - [2023-08-09T21:44:54.979+0000] {dag.py:3508} INFO - Setting next_dagrun for example_complex to None, run_after=None
[2023-08-09T21:44:54.991+0000] {processor.py:179} INFO - Processing /home/airflow/.local/lib/python3.7/site-packages/airflow/example_dags/example_complex.py took 0.092 seconds
[2023-08-09T22:36:35.409+0000] {processor.py:157} INFO - Started process (PID=1219) to work on /home/airflow/.local/lib/python3.7/site-packages/airflow/example_dags/example_complex.py
[2023-08-09T22:36:35.414+0000] {processor.py:826} INFO - Processing file /home/airflow/.local/lib/python3.7/site-packages/airflow/example_dags/example_complex.py for tasks to queue
[2023-08-09T22:36:35.415+0000] {logging_mixin.py:150} INFO - [2023-08-09T22:36:35.415+0000] {dagbag.py:541} INFO - Filling up the DagBag from /home/airflow/.local/lib/python3.7/site-packages/airflow/example_dags/example_complex.py
[2023-08-09T22:36:35.427+0000] {processor.py:836} INFO - DAG(s) dict_keys(['example_complex']) retrieved from /home/airflow/.local/lib/python3.7/site-packages/airflow/example_dags/example_complex.py
[2023-08-09T22:36:35.467+0000] {logging_mixin.py:150} INFO - [2023-08-09T22:36:35.467+0000] {dag.py:2742} INFO - Sync 1 DAGs
[2023-08-09T22:36:35.489+0000] {logging_mixin.py:150} INFO - [2023-08-09T22:36:35.489+0000] {dag.py:3508} INFO - Setting next_dagrun for example_complex to None, run_after=None
[2023-08-09T22:36:35.517+0000] {processor.py:179} INFO - Processing /home/airflow/.local/lib/python3.7/site-packages/airflow/example_dags/example_complex.py took 0.112 seconds
[2023-08-09T22:37:06.380+0000] {processor.py:157} INFO - Started process (PID=1278) to work on /home/airflow/.local/lib/python3.7/site-packages/airflow/example_dags/example_complex.py
[2023-08-09T22:37:06.381+0000] {processor.py:826} INFO - Processing file /home/airflow/.local/lib/python3.7/site-packages/airflow/example_dags/example_complex.py for tasks to queue
[2023-08-09T22:37:06.382+0000] {logging_mixin.py:150} INFO - [2023-08-09T22:37:06.382+0000] {dagbag.py:541} INFO - Filling up the DagBag from /home/airflow/.local/lib/python3.7/site-packages/airflow/example_dags/example_complex.py
[2023-08-09T22:37:06.390+0000] {processor.py:836} INFO - DAG(s) dict_keys(['example_complex']) retrieved from /home/airflow/.local/lib/python3.7/site-packages/airflow/example_dags/example_complex.py
[2023-08-09T22:37:06.412+0000] {logging_mixin.py:150} INFO - [2023-08-09T22:37:06.412+0000] {dag.py:2742} INFO - Sync 1 DAGs
[2023-08-09T22:37:06.426+0000] {logging_mixin.py:150} INFO - [2023-08-09T22:37:06.426+0000] {dag.py:3508} INFO - Setting next_dagrun for example_complex to None, run_after=None
[2023-08-09T22:37:06.436+0000] {processor.py:179} INFO - Processing /home/airflow/.local/lib/python3.7/site-packages/airflow/example_dags/example_complex.py took 0.058 seconds
[2023-08-09T22:37:36.579+0000] {processor.py:157} INFO - Started process (PID=1337) to work on /home/airflow/.local/lib/python3.7/site-packages/airflow/example_dags/example_complex.py
[2023-08-09T22:37:36.580+0000] {processor.py:826} INFO - Processing file /home/airflow/.local/lib/python3.7/site-packages/airflow/example_dags/example_complex.py for tasks to queue
[2023-08-09T22:37:36.581+0000] {logging_mixin.py:150} INFO - [2023-08-09T22:37:36.581+0000] {dagbag.py:541} INFO - Filling up the DagBag from /home/airflow/.local/lib/python3.7/site-packages/airflow/example_dags/example_complex.py
[2023-08-09T22:37:36.588+0000] {processor.py:836} INFO - DAG(s) dict_keys(['example_complex']) retrieved from /home/airflow/.local/lib/python3.7/site-packages/airflow/example_dags/example_complex.py
[2023-08-09T22:37:36.610+0000] {logging_mixin.py:150} INFO - [2023-08-09T22:37:36.610+0000] {dag.py:2742} INFO - Sync 1 DAGs
[2023-08-09T22:37:36.623+0000] {logging_mixin.py:150} INFO - [2023-08-09T22:37:36.623+0000] {dag.py:3508} INFO - Setting next_dagrun for example_complex to None, run_after=None
[2023-08-09T22:37:36.632+0000] {processor.py:179} INFO - Processing /home/airflow/.local/lib/python3.7/site-packages/airflow/example_dags/example_complex.py took 0.056 seconds
[2023-08-09T23:31:51.225+0000] {processor.py:157} INFO - Started process (PID=1396) to work on /home/airflow/.local/lib/python3.7/site-packages/airflow/example_dags/example_complex.py
[2023-08-09T23:31:51.227+0000] {processor.py:826} INFO - Processing file /home/airflow/.local/lib/python3.7/site-packages/airflow/example_dags/example_complex.py for tasks to queue
[2023-08-09T23:31:51.228+0000] {logging_mixin.py:150} INFO - [2023-08-09T23:31:51.227+0000] {dagbag.py:541} INFO - Filling up the DagBag from /home/airflow/.local/lib/python3.7/site-packages/airflow/example_dags/example_complex.py
[2023-08-09T23:31:51.238+0000] {processor.py:836} INFO - DAG(s) dict_keys(['example_complex']) retrieved from /home/airflow/.local/lib/python3.7/site-packages/airflow/example_dags/example_complex.py
[2023-08-09T23:31:51.274+0000] {logging_mixin.py:150} INFO - [2023-08-09T23:31:51.274+0000] {dag.py:2742} INFO - Sync 1 DAGs
[2023-08-09T23:31:51.304+0000] {logging_mixin.py:150} INFO - [2023-08-09T23:31:51.304+0000] {dag.py:3508} INFO - Setting next_dagrun for example_complex to None, run_after=None
[2023-08-09T23:31:51.357+0000] {processor.py:179} INFO - Processing /home/airflow/.local/lib/python3.7/site-packages/airflow/example_dags/example_complex.py took 0.136 seconds
