[2023-08-09T12:03:22.063+0000] {processor.py:157} INFO - Started process (PID=43) to work on /home/airflow/.local/lib/python3.7/site-packages/airflow/example_dags/example_python_operator.py
[2023-08-09T12:03:22.064+0000] {processor.py:826} INFO - Processing file /home/airflow/.local/lib/python3.7/site-packages/airflow/example_dags/example_python_operator.py for tasks to queue
[2023-08-09T12:03:22.065+0000] {logging_mixin.py:150} INFO - [2023-08-09T12:03:22.065+0000] {dagbag.py:541} INFO - Filling up the DagBag from /home/airflow/.local/lib/python3.7/site-packages/airflow/example_dags/example_python_operator.py
[2023-08-09T12:03:22.074+0000] {processor.py:836} INFO - DAG(s) dict_keys(['example_python_operator']) retrieved from /home/airflow/.local/lib/python3.7/site-packages/airflow/example_dags/example_python_operator.py
[2023-08-09T12:03:22.087+0000] {logging_mixin.py:150} INFO - [2023-08-09T12:03:22.087+0000] {dag.py:2742} INFO - Sync 1 DAGs
[2023-08-09T12:03:22.105+0000] {logging_mixin.py:150} INFO - [2023-08-09T12:03:22.105+0000] {dag.py:3508} INFO - Setting next_dagrun for example_python_operator to None, run_after=None
[2023-08-09T12:03:22.117+0000] {processor.py:179} INFO - Processing /home/airflow/.local/lib/python3.7/site-packages/airflow/example_dags/example_python_operator.py took 0.057 seconds
[2023-08-09T12:03:53.038+0000] {processor.py:157} INFO - Started process (PID=102) to work on /home/airflow/.local/lib/python3.7/site-packages/airflow/example_dags/example_python_operator.py
[2023-08-09T12:03:53.039+0000] {processor.py:826} INFO - Processing file /home/airflow/.local/lib/python3.7/site-packages/airflow/example_dags/example_python_operator.py for tasks to queue
[2023-08-09T12:03:53.040+0000] {logging_mixin.py:150} INFO - [2023-08-09T12:03:53.039+0000] {dagbag.py:541} INFO - Filling up the DagBag from /home/airflow/.local/lib/python3.7/site-packages/airflow/example_dags/example_python_operator.py
[2023-08-09T12:03:53.047+0000] {processor.py:836} INFO - DAG(s) dict_keys(['example_python_operator']) retrieved from /home/airflow/.local/lib/python3.7/site-packages/airflow/example_dags/example_python_operator.py
[2023-08-09T12:03:53.115+0000] {logging_mixin.py:150} INFO - [2023-08-09T12:03:53.114+0000] {dag.py:2742} INFO - Sync 1 DAGs
[2023-08-09T12:03:53.128+0000] {logging_mixin.py:150} INFO - [2023-08-09T12:03:53.127+0000] {dag.py:3508} INFO - Setting next_dagrun for example_python_operator to None, run_after=None
[2023-08-09T12:03:53.137+0000] {processor.py:179} INFO - Processing /home/airflow/.local/lib/python3.7/site-packages/airflow/example_dags/example_python_operator.py took 0.102 seconds
[2023-08-09T12:04:23.562+0000] {processor.py:157} INFO - Started process (PID=161) to work on /home/airflow/.local/lib/python3.7/site-packages/airflow/example_dags/example_python_operator.py
[2023-08-09T12:04:23.563+0000] {processor.py:826} INFO - Processing file /home/airflow/.local/lib/python3.7/site-packages/airflow/example_dags/example_python_operator.py for tasks to queue
[2023-08-09T12:04:23.564+0000] {logging_mixin.py:150} INFO - [2023-08-09T12:04:23.564+0000] {dagbag.py:541} INFO - Filling up the DagBag from /home/airflow/.local/lib/python3.7/site-packages/airflow/example_dags/example_python_operator.py
[2023-08-09T12:04:23.572+0000] {processor.py:836} INFO - DAG(s) dict_keys(['example_python_operator']) retrieved from /home/airflow/.local/lib/python3.7/site-packages/airflow/example_dags/example_python_operator.py
[2023-08-09T12:04:23.590+0000] {logging_mixin.py:150} INFO - [2023-08-09T12:04:23.590+0000] {dag.py:2742} INFO - Sync 1 DAGs
[2023-08-09T12:04:23.604+0000] {logging_mixin.py:150} INFO - [2023-08-09T12:04:23.604+0000] {dag.py:3508} INFO - Setting next_dagrun for example_python_operator to None, run_after=None
[2023-08-09T12:04:23.613+0000] {processor.py:179} INFO - Processing /home/airflow/.local/lib/python3.7/site-packages/airflow/example_dags/example_python_operator.py took 0.054 seconds
[2023-08-09T12:04:53.803+0000] {processor.py:157} INFO - Started process (PID=220) to work on /home/airflow/.local/lib/python3.7/site-packages/airflow/example_dags/example_python_operator.py
[2023-08-09T12:04:53.805+0000] {processor.py:826} INFO - Processing file /home/airflow/.local/lib/python3.7/site-packages/airflow/example_dags/example_python_operator.py for tasks to queue
[2023-08-09T12:04:53.805+0000] {logging_mixin.py:150} INFO - [2023-08-09T12:04:53.805+0000] {dagbag.py:541} INFO - Filling up the DagBag from /home/airflow/.local/lib/python3.7/site-packages/airflow/example_dags/example_python_operator.py
[2023-08-09T12:04:53.813+0000] {processor.py:836} INFO - DAG(s) dict_keys(['example_python_operator']) retrieved from /home/airflow/.local/lib/python3.7/site-packages/airflow/example_dags/example_python_operator.py
[2023-08-09T12:04:53.831+0000] {logging_mixin.py:150} INFO - [2023-08-09T12:04:53.831+0000] {dag.py:2742} INFO - Sync 1 DAGs
[2023-08-09T12:04:53.845+0000] {logging_mixin.py:150} INFO - [2023-08-09T12:04:53.845+0000] {dag.py:3508} INFO - Setting next_dagrun for example_python_operator to None, run_after=None
[2023-08-09T12:04:53.855+0000] {processor.py:179} INFO - Processing /home/airflow/.local/lib/python3.7/site-packages/airflow/example_dags/example_python_operator.py took 0.054 seconds
[2023-08-09T12:05:24.056+0000] {processor.py:157} INFO - Started process (PID=279) to work on /home/airflow/.local/lib/python3.7/site-packages/airflow/example_dags/example_python_operator.py
[2023-08-09T12:05:24.057+0000] {processor.py:826} INFO - Processing file /home/airflow/.local/lib/python3.7/site-packages/airflow/example_dags/example_python_operator.py for tasks to queue
[2023-08-09T12:05:24.057+0000] {logging_mixin.py:150} INFO - [2023-08-09T12:05:24.057+0000] {dagbag.py:541} INFO - Filling up the DagBag from /home/airflow/.local/lib/python3.7/site-packages/airflow/example_dags/example_python_operator.py
[2023-08-09T12:05:24.064+0000] {processor.py:836} INFO - DAG(s) dict_keys(['example_python_operator']) retrieved from /home/airflow/.local/lib/python3.7/site-packages/airflow/example_dags/example_python_operator.py
[2023-08-09T12:05:24.083+0000] {logging_mixin.py:150} INFO - [2023-08-09T12:05:24.082+0000] {dag.py:2742} INFO - Sync 1 DAGs
[2023-08-09T12:05:24.096+0000] {logging_mixin.py:150} INFO - [2023-08-09T12:05:24.096+0000] {dag.py:3508} INFO - Setting next_dagrun for example_python_operator to None, run_after=None
[2023-08-09T12:05:24.105+0000] {processor.py:179} INFO - Processing /home/airflow/.local/lib/python3.7/site-packages/airflow/example_dags/example_python_operator.py took 0.053 seconds
[2023-08-09T12:05:54.349+0000] {processor.py:157} INFO - Started process (PID=338) to work on /home/airflow/.local/lib/python3.7/site-packages/airflow/example_dags/example_python_operator.py
[2023-08-09T12:05:54.350+0000] {processor.py:826} INFO - Processing file /home/airflow/.local/lib/python3.7/site-packages/airflow/example_dags/example_python_operator.py for tasks to queue
[2023-08-09T12:05:54.351+0000] {logging_mixin.py:150} INFO - [2023-08-09T12:05:54.350+0000] {dagbag.py:541} INFO - Filling up the DagBag from /home/airflow/.local/lib/python3.7/site-packages/airflow/example_dags/example_python_operator.py
[2023-08-09T12:05:54.357+0000] {processor.py:836} INFO - DAG(s) dict_keys(['example_python_operator']) retrieved from /home/airflow/.local/lib/python3.7/site-packages/airflow/example_dags/example_python_operator.py
[2023-08-09T12:05:54.377+0000] {logging_mixin.py:150} INFO - [2023-08-09T12:05:54.376+0000] {dag.py:2742} INFO - Sync 1 DAGs
[2023-08-09T12:05:54.390+0000] {logging_mixin.py:150} INFO - [2023-08-09T12:05:54.390+0000] {dag.py:3508} INFO - Setting next_dagrun for example_python_operator to None, run_after=None
[2023-08-09T12:05:54.400+0000] {processor.py:179} INFO - Processing /home/airflow/.local/lib/python3.7/site-packages/airflow/example_dags/example_python_operator.py took 0.055 seconds
[2023-08-09T12:06:24.551+0000] {processor.py:157} INFO - Started process (PID=397) to work on /home/airflow/.local/lib/python3.7/site-packages/airflow/example_dags/example_python_operator.py
[2023-08-09T12:06:24.552+0000] {processor.py:826} INFO - Processing file /home/airflow/.local/lib/python3.7/site-packages/airflow/example_dags/example_python_operator.py for tasks to queue
[2023-08-09T12:06:24.553+0000] {logging_mixin.py:150} INFO - [2023-08-09T12:06:24.553+0000] {dagbag.py:541} INFO - Filling up the DagBag from /home/airflow/.local/lib/python3.7/site-packages/airflow/example_dags/example_python_operator.py
[2023-08-09T12:06:24.560+0000] {processor.py:836} INFO - DAG(s) dict_keys(['example_python_operator']) retrieved from /home/airflow/.local/lib/python3.7/site-packages/airflow/example_dags/example_python_operator.py
[2023-08-09T12:06:24.579+0000] {logging_mixin.py:150} INFO - [2023-08-09T12:06:24.579+0000] {dag.py:2742} INFO - Sync 1 DAGs
[2023-08-09T12:06:24.592+0000] {logging_mixin.py:150} INFO - [2023-08-09T12:06:24.592+0000] {dag.py:3508} INFO - Setting next_dagrun for example_python_operator to None, run_after=None
[2023-08-09T12:06:24.601+0000] {processor.py:179} INFO - Processing /home/airflow/.local/lib/python3.7/site-packages/airflow/example_dags/example_python_operator.py took 0.054 seconds
[2023-08-09T12:06:54.901+0000] {processor.py:157} INFO - Started process (PID=456) to work on /home/airflow/.local/lib/python3.7/site-packages/airflow/example_dags/example_python_operator.py
[2023-08-09T12:06:54.902+0000] {processor.py:826} INFO - Processing file /home/airflow/.local/lib/python3.7/site-packages/airflow/example_dags/example_python_operator.py for tasks to queue
[2023-08-09T12:06:54.903+0000] {logging_mixin.py:150} INFO - [2023-08-09T12:06:54.903+0000] {dagbag.py:541} INFO - Filling up the DagBag from /home/airflow/.local/lib/python3.7/site-packages/airflow/example_dags/example_python_operator.py
[2023-08-09T12:06:54.910+0000] {processor.py:836} INFO - DAG(s) dict_keys(['example_python_operator']) retrieved from /home/airflow/.local/lib/python3.7/site-packages/airflow/example_dags/example_python_operator.py
[2023-08-09T12:06:54.929+0000] {logging_mixin.py:150} INFO - [2023-08-09T12:06:54.928+0000] {dag.py:2742} INFO - Sync 1 DAGs
[2023-08-09T12:06:54.944+0000] {logging_mixin.py:150} INFO - [2023-08-09T12:06:54.944+0000] {dag.py:3508} INFO - Setting next_dagrun for example_python_operator to None, run_after=None
[2023-08-09T12:06:54.956+0000] {processor.py:179} INFO - Processing /home/airflow/.local/lib/python3.7/site-packages/airflow/example_dags/example_python_operator.py took 0.057 seconds
[2023-08-09T12:07:27.361+0000] {processor.py:157} INFO - Started process (PID=515) to work on /home/airflow/.local/lib/python3.7/site-packages/airflow/example_dags/example_python_operator.py
[2023-08-09T12:07:27.362+0000] {processor.py:826} INFO - Processing file /home/airflow/.local/lib/python3.7/site-packages/airflow/example_dags/example_python_operator.py for tasks to queue
[2023-08-09T12:07:27.362+0000] {logging_mixin.py:150} INFO - [2023-08-09T12:07:27.362+0000] {dagbag.py:541} INFO - Filling up the DagBag from /home/airflow/.local/lib/python3.7/site-packages/airflow/example_dags/example_python_operator.py
[2023-08-09T12:07:27.369+0000] {processor.py:836} INFO - DAG(s) dict_keys(['example_python_operator']) retrieved from /home/airflow/.local/lib/python3.7/site-packages/airflow/example_dags/example_python_operator.py
[2023-08-09T12:07:27.388+0000] {logging_mixin.py:150} INFO - [2023-08-09T12:07:27.388+0000] {dag.py:2742} INFO - Sync 1 DAGs
[2023-08-09T12:07:27.401+0000] {logging_mixin.py:150} INFO - [2023-08-09T12:07:27.401+0000] {dag.py:3508} INFO - Setting next_dagrun for example_python_operator to None, run_after=None
[2023-08-09T12:07:27.411+0000] {processor.py:179} INFO - Processing /home/airflow/.local/lib/python3.7/site-packages/airflow/example_dags/example_python_operator.py took 0.053 seconds
[2023-08-09T12:16:42.524+0000] {processor.py:157} INFO - Started process (PID=576) to work on /home/airflow/.local/lib/python3.7/site-packages/airflow/example_dags/example_python_operator.py
[2023-08-09T12:16:42.525+0000] {processor.py:826} INFO - Processing file /home/airflow/.local/lib/python3.7/site-packages/airflow/example_dags/example_python_operator.py for tasks to queue
[2023-08-09T12:16:42.526+0000] {logging_mixin.py:150} INFO - [2023-08-09T12:16:42.526+0000] {dagbag.py:541} INFO - Filling up the DagBag from /home/airflow/.local/lib/python3.7/site-packages/airflow/example_dags/example_python_operator.py
[2023-08-09T12:16:42.532+0000] {processor.py:836} INFO - DAG(s) dict_keys(['example_python_operator']) retrieved from /home/airflow/.local/lib/python3.7/site-packages/airflow/example_dags/example_python_operator.py
[2023-08-09T12:16:42.552+0000] {logging_mixin.py:150} INFO - [2023-08-09T12:16:42.551+0000] {dag.py:2742} INFO - Sync 1 DAGs
[2023-08-09T12:16:42.566+0000] {logging_mixin.py:150} INFO - [2023-08-09T12:16:42.566+0000] {dag.py:3508} INFO - Setting next_dagrun for example_python_operator to None, run_after=None
[2023-08-09T12:16:42.576+0000] {processor.py:179} INFO - Processing /home/airflow/.local/lib/python3.7/site-packages/airflow/example_dags/example_python_operator.py took 0.055 seconds
[2023-08-09T12:17:13.310+0000] {processor.py:157} INFO - Started process (PID=635) to work on /home/airflow/.local/lib/python3.7/site-packages/airflow/example_dags/example_python_operator.py
[2023-08-09T12:17:13.311+0000] {processor.py:826} INFO - Processing file /home/airflow/.local/lib/python3.7/site-packages/airflow/example_dags/example_python_operator.py for tasks to queue
[2023-08-09T12:17:13.312+0000] {logging_mixin.py:150} INFO - [2023-08-09T12:17:13.312+0000] {dagbag.py:541} INFO - Filling up the DagBag from /home/airflow/.local/lib/python3.7/site-packages/airflow/example_dags/example_python_operator.py
[2023-08-09T12:17:13.318+0000] {processor.py:836} INFO - DAG(s) dict_keys(['example_python_operator']) retrieved from /home/airflow/.local/lib/python3.7/site-packages/airflow/example_dags/example_python_operator.py
[2023-08-09T12:17:13.336+0000] {logging_mixin.py:150} INFO - [2023-08-09T12:17:13.336+0000] {dag.py:2742} INFO - Sync 1 DAGs
[2023-08-09T12:17:13.349+0000] {logging_mixin.py:150} INFO - [2023-08-09T12:17:13.349+0000] {dag.py:3508} INFO - Setting next_dagrun for example_python_operator to None, run_after=None
[2023-08-09T12:17:13.358+0000] {processor.py:179} INFO - Processing /home/airflow/.local/lib/python3.7/site-packages/airflow/example_dags/example_python_operator.py took 0.050 seconds
[2023-08-09T12:33:45.802+0000] {processor.py:157} INFO - Started process (PID=694) to work on /home/airflow/.local/lib/python3.7/site-packages/airflow/example_dags/example_python_operator.py
[2023-08-09T12:33:45.803+0000] {processor.py:826} INFO - Processing file /home/airflow/.local/lib/python3.7/site-packages/airflow/example_dags/example_python_operator.py for tasks to queue
[2023-08-09T12:33:45.804+0000] {logging_mixin.py:150} INFO - [2023-08-09T12:33:45.804+0000] {dagbag.py:541} INFO - Filling up the DagBag from /home/airflow/.local/lib/python3.7/site-packages/airflow/example_dags/example_python_operator.py
[2023-08-09T12:33:45.818+0000] {processor.py:836} INFO - DAG(s) dict_keys(['example_python_operator']) retrieved from /home/airflow/.local/lib/python3.7/site-packages/airflow/example_dags/example_python_operator.py
[2023-08-09T12:33:45.848+0000] {logging_mixin.py:150} INFO - [2023-08-09T12:33:45.848+0000] {dag.py:2742} INFO - Sync 1 DAGs
[2023-08-09T12:33:45.866+0000] {logging_mixin.py:150} INFO - [2023-08-09T12:33:45.865+0000] {dag.py:3508} INFO - Setting next_dagrun for example_python_operator to None, run_after=None
[2023-08-09T12:33:45.877+0000] {processor.py:179} INFO - Processing /home/airflow/.local/lib/python3.7/site-packages/airflow/example_dags/example_python_operator.py took 0.080 seconds
[2023-08-09T13:56:50.946+0000] {processor.py:157} INFO - Started process (PID=753) to work on /home/airflow/.local/lib/python3.7/site-packages/airflow/example_dags/example_python_operator.py
[2023-08-09T13:56:50.947+0000] {processor.py:826} INFO - Processing file /home/airflow/.local/lib/python3.7/site-packages/airflow/example_dags/example_python_operator.py for tasks to queue
[2023-08-09T13:56:50.948+0000] {logging_mixin.py:150} INFO - [2023-08-09T13:56:50.948+0000] {dagbag.py:541} INFO - Filling up the DagBag from /home/airflow/.local/lib/python3.7/site-packages/airflow/example_dags/example_python_operator.py
[2023-08-09T13:56:50.955+0000] {processor.py:836} INFO - DAG(s) dict_keys(['example_python_operator']) retrieved from /home/airflow/.local/lib/python3.7/site-packages/airflow/example_dags/example_python_operator.py
[2023-08-09T13:56:50.974+0000] {logging_mixin.py:150} INFO - [2023-08-09T13:56:50.974+0000] {dag.py:2742} INFO - Sync 1 DAGs
[2023-08-09T13:56:50.988+0000] {logging_mixin.py:150} INFO - [2023-08-09T13:56:50.988+0000] {dag.py:3508} INFO - Setting next_dagrun for example_python_operator to None, run_after=None
[2023-08-09T13:56:51.000+0000] {processor.py:179} INFO - Processing /home/airflow/.local/lib/python3.7/site-packages/airflow/example_dags/example_python_operator.py took 0.057 seconds
[2023-08-09T14:58:25.390+0000] {processor.py:157} INFO - Started process (PID=812) to work on /home/airflow/.local/lib/python3.7/site-packages/airflow/example_dags/example_python_operator.py
[2023-08-09T14:58:25.391+0000] {processor.py:826} INFO - Processing file /home/airflow/.local/lib/python3.7/site-packages/airflow/example_dags/example_python_operator.py for tasks to queue
[2023-08-09T14:58:25.392+0000] {logging_mixin.py:150} INFO - [2023-08-09T14:58:25.391+0000] {dagbag.py:541} INFO - Filling up the DagBag from /home/airflow/.local/lib/python3.7/site-packages/airflow/example_dags/example_python_operator.py
[2023-08-09T14:58:25.398+0000] {processor.py:836} INFO - DAG(s) dict_keys(['example_python_operator']) retrieved from /home/airflow/.local/lib/python3.7/site-packages/airflow/example_dags/example_python_operator.py
[2023-08-09T14:58:25.418+0000] {logging_mixin.py:150} INFO - [2023-08-09T14:58:25.418+0000] {dag.py:2742} INFO - Sync 1 DAGs
[2023-08-09T14:58:25.433+0000] {logging_mixin.py:150} INFO - [2023-08-09T14:58:25.433+0000] {dag.py:3508} INFO - Setting next_dagrun for example_python_operator to None, run_after=None
[2023-08-09T14:58:25.443+0000] {processor.py:179} INFO - Processing /home/airflow/.local/lib/python3.7/site-packages/airflow/example_dags/example_python_operator.py took 0.056 seconds
[2023-08-09T14:58:58.092+0000] {processor.py:157} INFO - Started process (PID=872) to work on /home/airflow/.local/lib/python3.7/site-packages/airflow/example_dags/example_python_operator.py
[2023-08-09T14:58:58.093+0000] {processor.py:826} INFO - Processing file /home/airflow/.local/lib/python3.7/site-packages/airflow/example_dags/example_python_operator.py for tasks to queue
[2023-08-09T14:58:58.094+0000] {logging_mixin.py:150} INFO - [2023-08-09T14:58:58.094+0000] {dagbag.py:541} INFO - Filling up the DagBag from /home/airflow/.local/lib/python3.7/site-packages/airflow/example_dags/example_python_operator.py
[2023-08-09T14:58:58.101+0000] {processor.py:836} INFO - DAG(s) dict_keys(['example_python_operator']) retrieved from /home/airflow/.local/lib/python3.7/site-packages/airflow/example_dags/example_python_operator.py
[2023-08-09T14:58:58.122+0000] {logging_mixin.py:150} INFO - [2023-08-09T14:58:58.122+0000] {dag.py:2742} INFO - Sync 1 DAGs
[2023-08-09T14:58:58.138+0000] {logging_mixin.py:150} INFO - [2023-08-09T14:58:58.138+0000] {dag.py:3508} INFO - Setting next_dagrun for example_python_operator to None, run_after=None
[2023-08-09T14:58:58.149+0000] {processor.py:179} INFO - Processing /home/airflow/.local/lib/python3.7/site-packages/airflow/example_dags/example_python_operator.py took 0.060 seconds
[2023-08-09T16:16:42.579+0000] {processor.py:157} INFO - Started process (PID=931) to work on /home/airflow/.local/lib/python3.7/site-packages/airflow/example_dags/example_python_operator.py
[2023-08-09T16:16:42.580+0000] {processor.py:826} INFO - Processing file /home/airflow/.local/lib/python3.7/site-packages/airflow/example_dags/example_python_operator.py for tasks to queue
[2023-08-09T16:16:42.581+0000] {logging_mixin.py:150} INFO - [2023-08-09T16:16:42.581+0000] {dagbag.py:541} INFO - Filling up the DagBag from /home/airflow/.local/lib/python3.7/site-packages/airflow/example_dags/example_python_operator.py
[2023-08-09T16:16:42.588+0000] {processor.py:836} INFO - DAG(s) dict_keys(['example_python_operator']) retrieved from /home/airflow/.local/lib/python3.7/site-packages/airflow/example_dags/example_python_operator.py
[2023-08-09T16:16:42.609+0000] {logging_mixin.py:150} INFO - [2023-08-09T16:16:42.608+0000] {dag.py:2742} INFO - Sync 1 DAGs
[2023-08-09T16:16:42.623+0000] {logging_mixin.py:150} INFO - [2023-08-09T16:16:42.623+0000] {dag.py:3508} INFO - Setting next_dagrun for example_python_operator to None, run_after=None
[2023-08-09T16:16:42.632+0000] {processor.py:179} INFO - Processing /home/airflow/.local/lib/python3.7/site-packages/airflow/example_dags/example_python_operator.py took 0.055 seconds
[2023-08-09T17:36:40.673+0000] {processor.py:157} INFO - Started process (PID=990) to work on /home/airflow/.local/lib/python3.7/site-packages/airflow/example_dags/example_python_operator.py
[2023-08-09T17:36:40.676+0000] {processor.py:826} INFO - Processing file /home/airflow/.local/lib/python3.7/site-packages/airflow/example_dags/example_python_operator.py for tasks to queue
[2023-08-09T17:36:40.677+0000] {logging_mixin.py:150} INFO - [2023-08-09T17:36:40.677+0000] {dagbag.py:541} INFO - Filling up the DagBag from /home/airflow/.local/lib/python3.7/site-packages/airflow/example_dags/example_python_operator.py
[2023-08-09T17:36:40.696+0000] {processor.py:836} INFO - DAG(s) dict_keys(['example_python_operator']) retrieved from /home/airflow/.local/lib/python3.7/site-packages/airflow/example_dags/example_python_operator.py
[2023-08-09T17:36:40.734+0000] {logging_mixin.py:150} INFO - [2023-08-09T17:36:40.734+0000] {dag.py:2742} INFO - Sync 1 DAGs
[2023-08-09T17:36:40.763+0000] {logging_mixin.py:150} INFO - [2023-08-09T17:36:40.763+0000] {dag.py:3508} INFO - Setting next_dagrun for example_python_operator to None, run_after=None
[2023-08-09T17:36:40.779+0000] {processor.py:179} INFO - Processing /home/airflow/.local/lib/python3.7/site-packages/airflow/example_dags/example_python_operator.py took 0.110 seconds
[2023-08-09T18:58:23.311+0000] {processor.py:157} INFO - Started process (PID=1049) to work on /home/airflow/.local/lib/python3.7/site-packages/airflow/example_dags/example_python_operator.py
[2023-08-09T18:58:23.312+0000] {processor.py:826} INFO - Processing file /home/airflow/.local/lib/python3.7/site-packages/airflow/example_dags/example_python_operator.py for tasks to queue
[2023-08-09T18:58:23.313+0000] {logging_mixin.py:150} INFO - [2023-08-09T18:58:23.313+0000] {dagbag.py:541} INFO - Filling up the DagBag from /home/airflow/.local/lib/python3.7/site-packages/airflow/example_dags/example_python_operator.py
[2023-08-09T18:58:23.320+0000] {processor.py:836} INFO - DAG(s) dict_keys(['example_python_operator']) retrieved from /home/airflow/.local/lib/python3.7/site-packages/airflow/example_dags/example_python_operator.py
[2023-08-09T18:58:23.338+0000] {logging_mixin.py:150} INFO - [2023-08-09T18:58:23.338+0000] {dag.py:2742} INFO - Sync 1 DAGs
[2023-08-09T18:58:23.352+0000] {logging_mixin.py:150} INFO - [2023-08-09T18:58:23.352+0000] {dag.py:3508} INFO - Setting next_dagrun for example_python_operator to None, run_after=None
[2023-08-09T18:58:23.362+0000] {processor.py:179} INFO - Processing /home/airflow/.local/lib/python3.7/site-packages/airflow/example_dags/example_python_operator.py took 0.053 seconds
[2023-08-09T20:21:02.302+0000] {processor.py:157} INFO - Started process (PID=1108) to work on /home/airflow/.local/lib/python3.7/site-packages/airflow/example_dags/example_python_operator.py
[2023-08-09T20:21:02.303+0000] {processor.py:826} INFO - Processing file /home/airflow/.local/lib/python3.7/site-packages/airflow/example_dags/example_python_operator.py for tasks to queue
[2023-08-09T20:21:02.305+0000] {logging_mixin.py:150} INFO - [2023-08-09T20:21:02.304+0000] {dagbag.py:541} INFO - Filling up the DagBag from /home/airflow/.local/lib/python3.7/site-packages/airflow/example_dags/example_python_operator.py
[2023-08-09T20:21:02.315+0000] {processor.py:836} INFO - DAG(s) dict_keys(['example_python_operator']) retrieved from /home/airflow/.local/lib/python3.7/site-packages/airflow/example_dags/example_python_operator.py
[2023-08-09T20:21:02.375+0000] {logging_mixin.py:150} INFO - [2023-08-09T20:21:02.375+0000] {dag.py:2742} INFO - Sync 1 DAGs
[2023-08-09T20:21:02.424+0000] {logging_mixin.py:150} INFO - [2023-08-09T20:21:02.424+0000] {dag.py:3508} INFO - Setting next_dagrun for example_python_operator to None, run_after=None
[2023-08-09T20:21:02.440+0000] {processor.py:179} INFO - Processing /home/airflow/.local/lib/python3.7/site-packages/airflow/example_dags/example_python_operator.py took 0.143 seconds
[2023-08-09T21:44:55.760+0000] {processor.py:157} INFO - Started process (PID=1167) to work on /home/airflow/.local/lib/python3.7/site-packages/airflow/example_dags/example_python_operator.py
[2023-08-09T21:44:55.761+0000] {processor.py:826} INFO - Processing file /home/airflow/.local/lib/python3.7/site-packages/airflow/example_dags/example_python_operator.py for tasks to queue
[2023-08-09T21:44:55.762+0000] {logging_mixin.py:150} INFO - [2023-08-09T21:44:55.762+0000] {dagbag.py:541} INFO - Filling up the DagBag from /home/airflow/.local/lib/python3.7/site-packages/airflow/example_dags/example_python_operator.py
[2023-08-09T21:44:55.770+0000] {processor.py:836} INFO - DAG(s) dict_keys(['example_python_operator']) retrieved from /home/airflow/.local/lib/python3.7/site-packages/airflow/example_dags/example_python_operator.py
[2023-08-09T21:44:55.789+0000] {logging_mixin.py:150} INFO - [2023-08-09T21:44:55.789+0000] {dag.py:2742} INFO - Sync 1 DAGs
[2023-08-09T21:44:55.803+0000] {logging_mixin.py:150} INFO - [2023-08-09T21:44:55.803+0000] {dag.py:3508} INFO - Setting next_dagrun for example_python_operator to None, run_after=None
[2023-08-09T21:44:55.814+0000] {processor.py:179} INFO - Processing /home/airflow/.local/lib/python3.7/site-packages/airflow/example_dags/example_python_operator.py took 0.057 seconds
[2023-08-09T22:36:36.234+0000] {processor.py:157} INFO - Started process (PID=1226) to work on /home/airflow/.local/lib/python3.7/site-packages/airflow/example_dags/example_python_operator.py
[2023-08-09T22:36:36.235+0000] {processor.py:826} INFO - Processing file /home/airflow/.local/lib/python3.7/site-packages/airflow/example_dags/example_python_operator.py for tasks to queue
[2023-08-09T22:36:36.236+0000] {logging_mixin.py:150} INFO - [2023-08-09T22:36:36.236+0000] {dagbag.py:541} INFO - Filling up the DagBag from /home/airflow/.local/lib/python3.7/site-packages/airflow/example_dags/example_python_operator.py
[2023-08-09T22:36:36.245+0000] {processor.py:836} INFO - DAG(s) dict_keys(['example_python_operator']) retrieved from /home/airflow/.local/lib/python3.7/site-packages/airflow/example_dags/example_python_operator.py
[2023-08-09T22:36:36.263+0000] {logging_mixin.py:150} INFO - [2023-08-09T22:36:36.263+0000] {dag.py:2742} INFO - Sync 1 DAGs
[2023-08-09T22:36:36.276+0000] {logging_mixin.py:150} INFO - [2023-08-09T22:36:36.276+0000] {dag.py:3508} INFO - Setting next_dagrun for example_python_operator to None, run_after=None
[2023-08-09T22:36:36.286+0000] {processor.py:179} INFO - Processing /home/airflow/.local/lib/python3.7/site-packages/airflow/example_dags/example_python_operator.py took 0.054 seconds
[2023-08-09T22:37:06.658+0000] {processor.py:157} INFO - Started process (PID=1285) to work on /home/airflow/.local/lib/python3.7/site-packages/airflow/example_dags/example_python_operator.py
[2023-08-09T22:37:06.659+0000] {processor.py:826} INFO - Processing file /home/airflow/.local/lib/python3.7/site-packages/airflow/example_dags/example_python_operator.py for tasks to queue
[2023-08-09T22:37:06.660+0000] {logging_mixin.py:150} INFO - [2023-08-09T22:37:06.660+0000] {dagbag.py:541} INFO - Filling up the DagBag from /home/airflow/.local/lib/python3.7/site-packages/airflow/example_dags/example_python_operator.py
[2023-08-09T22:37:06.667+0000] {processor.py:836} INFO - DAG(s) dict_keys(['example_python_operator']) retrieved from /home/airflow/.local/lib/python3.7/site-packages/airflow/example_dags/example_python_operator.py
[2023-08-09T22:37:06.686+0000] {logging_mixin.py:150} INFO - [2023-08-09T22:37:06.686+0000] {dag.py:2742} INFO - Sync 1 DAGs
[2023-08-09T22:37:06.700+0000] {logging_mixin.py:150} INFO - [2023-08-09T22:37:06.700+0000] {dag.py:3508} INFO - Setting next_dagrun for example_python_operator to None, run_after=None
[2023-08-09T22:37:06.710+0000] {processor.py:179} INFO - Processing /home/airflow/.local/lib/python3.7/site-packages/airflow/example_dags/example_python_operator.py took 0.054 seconds
[2023-08-09T22:37:36.916+0000] {processor.py:157} INFO - Started process (PID=1344) to work on /home/airflow/.local/lib/python3.7/site-packages/airflow/example_dags/example_python_operator.py
[2023-08-09T22:37:36.917+0000] {processor.py:826} INFO - Processing file /home/airflow/.local/lib/python3.7/site-packages/airflow/example_dags/example_python_operator.py for tasks to queue
[2023-08-09T22:37:36.918+0000] {logging_mixin.py:150} INFO - [2023-08-09T22:37:36.917+0000] {dagbag.py:541} INFO - Filling up the DagBag from /home/airflow/.local/lib/python3.7/site-packages/airflow/example_dags/example_python_operator.py
[2023-08-09T22:37:36.924+0000] {processor.py:836} INFO - DAG(s) dict_keys(['example_python_operator']) retrieved from /home/airflow/.local/lib/python3.7/site-packages/airflow/example_dags/example_python_operator.py
[2023-08-09T22:37:36.943+0000] {logging_mixin.py:150} INFO - [2023-08-09T22:37:36.943+0000] {dag.py:2742} INFO - Sync 1 DAGs
[2023-08-09T22:37:36.956+0000] {logging_mixin.py:150} INFO - [2023-08-09T22:37:36.956+0000] {dag.py:3508} INFO - Setting next_dagrun for example_python_operator to None, run_after=None
[2023-08-09T22:37:36.966+0000] {processor.py:179} INFO - Processing /home/airflow/.local/lib/python3.7/site-packages/airflow/example_dags/example_python_operator.py took 0.054 seconds
[2023-08-09T23:31:52.186+0000] {processor.py:157} INFO - Started process (PID=1403) to work on /home/airflow/.local/lib/python3.7/site-packages/airflow/example_dags/example_python_operator.py
[2023-08-09T23:31:52.188+0000] {processor.py:826} INFO - Processing file /home/airflow/.local/lib/python3.7/site-packages/airflow/example_dags/example_python_operator.py for tasks to queue
[2023-08-09T23:31:52.190+0000] {logging_mixin.py:150} INFO - [2023-08-09T23:31:52.189+0000] {dagbag.py:541} INFO - Filling up the DagBag from /home/airflow/.local/lib/python3.7/site-packages/airflow/example_dags/example_python_operator.py
[2023-08-09T23:31:52.208+0000] {processor.py:836} INFO - DAG(s) dict_keys(['example_python_operator']) retrieved from /home/airflow/.local/lib/python3.7/site-packages/airflow/example_dags/example_python_operator.py
[2023-08-09T23:31:52.242+0000] {logging_mixin.py:150} INFO - [2023-08-09T23:31:52.240+0000] {dag.py:2742} INFO - Sync 1 DAGs
[2023-08-09T23:31:52.261+0000] {logging_mixin.py:150} INFO - [2023-08-09T23:31:52.261+0000] {dag.py:3508} INFO - Setting next_dagrun for example_python_operator to None, run_after=None
[2023-08-09T23:31:52.273+0000] {processor.py:179} INFO - Processing /home/airflow/.local/lib/python3.7/site-packages/airflow/example_dags/example_python_operator.py took 0.094 seconds
