[2023-08-09T12:03:25.043+0000] {processor.py:157} INFO - Started process (PID=72) to work on /home/airflow/.local/lib/python3.7/site-packages/airflow/example_dags/example_branch_datetime_operator.py
[2023-08-09T12:03:25.045+0000] {processor.py:826} INFO - Processing file /home/airflow/.local/lib/python3.7/site-packages/airflow/example_dags/example_branch_datetime_operator.py for tasks to queue
[2023-08-09T12:03:25.046+0000] {logging_mixin.py:150} INFO - [2023-08-09T12:03:25.045+0000] {dagbag.py:541} INFO - Filling up the DagBag from /home/airflow/.local/lib/python3.7/site-packages/airflow/example_dags/example_branch_datetime_operator.py
[2023-08-09T12:03:25.058+0000] {processor.py:836} INFO - DAG(s) dict_keys(['example_branch_datetime_operator', 'example_branch_datetime_operator_2', 'example_branch_datetime_operator_3']) retrieved from /home/airflow/.local/lib/python3.7/site-packages/airflow/example_dags/example_branch_datetime_operator.py
[2023-08-09T12:03:25.086+0000] {logging_mixin.py:150} INFO - [2023-08-09T12:03:25.086+0000] {dag.py:2742} INFO - Sync 3 DAGs
[2023-08-09T12:03:25.117+0000] {logging_mixin.py:150} INFO - [2023-08-09T12:03:25.117+0000] {dag.py:3508} INFO - Setting next_dagrun for example_branch_datetime_operator to 2023-08-08T00:00:00+00:00, run_after=2023-08-09T00:00:00+00:00
[2023-08-09T12:03:25.122+0000] {logging_mixin.py:150} INFO - [2023-08-09T12:03:25.122+0000] {dag.py:3508} INFO - Setting next_dagrun for example_branch_datetime_operator_2 to 2023-08-08T00:00:00+00:00, run_after=2023-08-09T00:00:00+00:00
[2023-08-09T12:03:25.124+0000] {logging_mixin.py:150} INFO - [2023-08-09T12:03:25.124+0000] {dag.py:3508} INFO - Setting next_dagrun for example_branch_datetime_operator_3 to 2023-08-08T00:00:00+00:00, run_after=2023-08-09T00:00:00+00:00
[2023-08-09T12:03:25.142+0000] {processor.py:179} INFO - Processing /home/airflow/.local/lib/python3.7/site-packages/airflow/example_dags/example_branch_datetime_operator.py took 0.102 seconds
[2023-08-09T12:03:55.538+0000] {processor.py:157} INFO - Started process (PID=131) to work on /home/airflow/.local/lib/python3.7/site-packages/airflow/example_dags/example_branch_datetime_operator.py
[2023-08-09T12:03:55.539+0000] {processor.py:826} INFO - Processing file /home/airflow/.local/lib/python3.7/site-packages/airflow/example_dags/example_branch_datetime_operator.py for tasks to queue
[2023-08-09T12:03:55.540+0000] {logging_mixin.py:150} INFO - [2023-08-09T12:03:55.540+0000] {dagbag.py:541} INFO - Filling up the DagBag from /home/airflow/.local/lib/python3.7/site-packages/airflow/example_dags/example_branch_datetime_operator.py
[2023-08-09T12:03:55.546+0000] {processor.py:836} INFO - DAG(s) dict_keys(['example_branch_datetime_operator_2', 'example_branch_datetime_operator_3', 'example_branch_datetime_operator']) retrieved from /home/airflow/.local/lib/python3.7/site-packages/airflow/example_dags/example_branch_datetime_operator.py
[2023-08-09T12:03:55.567+0000] {logging_mixin.py:150} INFO - [2023-08-09T12:03:55.567+0000] {dag.py:2742} INFO - Sync 3 DAGs
[2023-08-09T12:03:55.582+0000] {logging_mixin.py:150} INFO - [2023-08-09T12:03:55.581+0000] {dag.py:3508} INFO - Setting next_dagrun for example_branch_datetime_operator to 2023-08-08T00:00:00+00:00, run_after=2023-08-09T00:00:00+00:00
[2023-08-09T12:03:55.584+0000] {logging_mixin.py:150} INFO - [2023-08-09T12:03:55.584+0000] {dag.py:3508} INFO - Setting next_dagrun for example_branch_datetime_operator_2 to 2023-08-08T00:00:00+00:00, run_after=2023-08-09T00:00:00+00:00
[2023-08-09T12:03:55.586+0000] {logging_mixin.py:150} INFO - [2023-08-09T12:03:55.586+0000] {dag.py:3508} INFO - Setting next_dagrun for example_branch_datetime_operator_3 to 2023-08-08T00:00:00+00:00, run_after=2023-08-09T00:00:00+00:00
[2023-08-09T12:03:55.594+0000] {processor.py:179} INFO - Processing /home/airflow/.local/lib/python3.7/site-packages/airflow/example_dags/example_branch_datetime_operator.py took 0.059 seconds
[2023-08-09T12:04:25.864+0000] {processor.py:157} INFO - Started process (PID=190) to work on /home/airflow/.local/lib/python3.7/site-packages/airflow/example_dags/example_branch_datetime_operator.py
[2023-08-09T12:04:25.865+0000] {processor.py:826} INFO - Processing file /home/airflow/.local/lib/python3.7/site-packages/airflow/example_dags/example_branch_datetime_operator.py for tasks to queue
[2023-08-09T12:04:25.866+0000] {logging_mixin.py:150} INFO - [2023-08-09T12:04:25.866+0000] {dagbag.py:541} INFO - Filling up the DagBag from /home/airflow/.local/lib/python3.7/site-packages/airflow/example_dags/example_branch_datetime_operator.py
[2023-08-09T12:04:25.872+0000] {processor.py:836} INFO - DAG(s) dict_keys(['example_branch_datetime_operator_3', 'example_branch_datetime_operator', 'example_branch_datetime_operator_2']) retrieved from /home/airflow/.local/lib/python3.7/site-packages/airflow/example_dags/example_branch_datetime_operator.py
[2023-08-09T12:04:25.895+0000] {logging_mixin.py:150} INFO - [2023-08-09T12:04:25.895+0000] {dag.py:2742} INFO - Sync 3 DAGs
[2023-08-09T12:04:25.911+0000] {logging_mixin.py:150} INFO - [2023-08-09T12:04:25.911+0000] {dag.py:3508} INFO - Setting next_dagrun for example_branch_datetime_operator to 2023-08-08T00:00:00+00:00, run_after=2023-08-09T00:00:00+00:00
[2023-08-09T12:04:25.914+0000] {logging_mixin.py:150} INFO - [2023-08-09T12:04:25.914+0000] {dag.py:3508} INFO - Setting next_dagrun for example_branch_datetime_operator_2 to 2023-08-08T00:00:00+00:00, run_after=2023-08-09T00:00:00+00:00
[2023-08-09T12:04:25.916+0000] {logging_mixin.py:150} INFO - [2023-08-09T12:04:25.916+0000] {dag.py:3508} INFO - Setting next_dagrun for example_branch_datetime_operator_3 to 2023-08-08T00:00:00+00:00, run_after=2023-08-09T00:00:00+00:00
[2023-08-09T12:04:25.925+0000] {processor.py:179} INFO - Processing /home/airflow/.local/lib/python3.7/site-packages/airflow/example_dags/example_branch_datetime_operator.py took 0.064 seconds
[2023-08-09T12:04:56.071+0000] {processor.py:157} INFO - Started process (PID=249) to work on /home/airflow/.local/lib/python3.7/site-packages/airflow/example_dags/example_branch_datetime_operator.py
[2023-08-09T12:04:56.072+0000] {processor.py:826} INFO - Processing file /home/airflow/.local/lib/python3.7/site-packages/airflow/example_dags/example_branch_datetime_operator.py for tasks to queue
[2023-08-09T12:04:56.073+0000] {logging_mixin.py:150} INFO - [2023-08-09T12:04:56.073+0000] {dagbag.py:541} INFO - Filling up the DagBag from /home/airflow/.local/lib/python3.7/site-packages/airflow/example_dags/example_branch_datetime_operator.py
[2023-08-09T12:04:56.079+0000] {processor.py:836} INFO - DAG(s) dict_keys(['example_branch_datetime_operator_3', 'example_branch_datetime_operator_2', 'example_branch_datetime_operator']) retrieved from /home/airflow/.local/lib/python3.7/site-packages/airflow/example_dags/example_branch_datetime_operator.py
[2023-08-09T12:04:56.100+0000] {logging_mixin.py:150} INFO - [2023-08-09T12:04:56.100+0000] {dag.py:2742} INFO - Sync 3 DAGs
[2023-08-09T12:04:56.114+0000] {logging_mixin.py:150} INFO - [2023-08-09T12:04:56.114+0000] {dag.py:3508} INFO - Setting next_dagrun for example_branch_datetime_operator to 2023-08-08T00:00:00+00:00, run_after=2023-08-09T00:00:00+00:00
[2023-08-09T12:04:56.117+0000] {logging_mixin.py:150} INFO - [2023-08-09T12:04:56.117+0000] {dag.py:3508} INFO - Setting next_dagrun for example_branch_datetime_operator_2 to 2023-08-08T00:00:00+00:00, run_after=2023-08-09T00:00:00+00:00
[2023-08-09T12:04:56.119+0000] {logging_mixin.py:150} INFO - [2023-08-09T12:04:56.118+0000] {dag.py:3508} INFO - Setting next_dagrun for example_branch_datetime_operator_3 to 2023-08-08T00:00:00+00:00, run_after=2023-08-09T00:00:00+00:00
[2023-08-09T12:04:56.127+0000] {processor.py:179} INFO - Processing /home/airflow/.local/lib/python3.7/site-packages/airflow/example_dags/example_branch_datetime_operator.py took 0.059 seconds
[2023-08-09T12:05:26.392+0000] {processor.py:157} INFO - Started process (PID=308) to work on /home/airflow/.local/lib/python3.7/site-packages/airflow/example_dags/example_branch_datetime_operator.py
[2023-08-09T12:05:26.393+0000] {processor.py:826} INFO - Processing file /home/airflow/.local/lib/python3.7/site-packages/airflow/example_dags/example_branch_datetime_operator.py for tasks to queue
[2023-08-09T12:05:26.394+0000] {logging_mixin.py:150} INFO - [2023-08-09T12:05:26.394+0000] {dagbag.py:541} INFO - Filling up the DagBag from /home/airflow/.local/lib/python3.7/site-packages/airflow/example_dags/example_branch_datetime_operator.py
[2023-08-09T12:05:26.400+0000] {processor.py:836} INFO - DAG(s) dict_keys(['example_branch_datetime_operator', 'example_branch_datetime_operator_3', 'example_branch_datetime_operator_2']) retrieved from /home/airflow/.local/lib/python3.7/site-packages/airflow/example_dags/example_branch_datetime_operator.py
[2023-08-09T12:05:26.422+0000] {logging_mixin.py:150} INFO - [2023-08-09T12:05:26.422+0000] {dag.py:2742} INFO - Sync 3 DAGs
[2023-08-09T12:05:26.436+0000] {logging_mixin.py:150} INFO - [2023-08-09T12:05:26.436+0000] {dag.py:3508} INFO - Setting next_dagrun for example_branch_datetime_operator to 2023-08-08T00:00:00+00:00, run_after=2023-08-09T00:00:00+00:00
[2023-08-09T12:05:26.439+0000] {logging_mixin.py:150} INFO - [2023-08-09T12:05:26.439+0000] {dag.py:3508} INFO - Setting next_dagrun for example_branch_datetime_operator_2 to 2023-08-08T00:00:00+00:00, run_after=2023-08-09T00:00:00+00:00
[2023-08-09T12:05:26.440+0000] {logging_mixin.py:150} INFO - [2023-08-09T12:05:26.440+0000] {dag.py:3508} INFO - Setting next_dagrun for example_branch_datetime_operator_3 to 2023-08-08T00:00:00+00:00, run_after=2023-08-09T00:00:00+00:00
[2023-08-09T12:05:26.449+0000] {processor.py:179} INFO - Processing /home/airflow/.local/lib/python3.7/site-packages/airflow/example_dags/example_branch_datetime_operator.py took 0.060 seconds
[2023-08-09T12:05:56.600+0000] {processor.py:157} INFO - Started process (PID=367) to work on /home/airflow/.local/lib/python3.7/site-packages/airflow/example_dags/example_branch_datetime_operator.py
[2023-08-09T12:05:56.601+0000] {processor.py:826} INFO - Processing file /home/airflow/.local/lib/python3.7/site-packages/airflow/example_dags/example_branch_datetime_operator.py for tasks to queue
[2023-08-09T12:05:56.601+0000] {logging_mixin.py:150} INFO - [2023-08-09T12:05:56.601+0000] {dagbag.py:541} INFO - Filling up the DagBag from /home/airflow/.local/lib/python3.7/site-packages/airflow/example_dags/example_branch_datetime_operator.py
[2023-08-09T12:05:56.607+0000] {processor.py:836} INFO - DAG(s) dict_keys(['example_branch_datetime_operator_2', 'example_branch_datetime_operator', 'example_branch_datetime_operator_3']) retrieved from /home/airflow/.local/lib/python3.7/site-packages/airflow/example_dags/example_branch_datetime_operator.py
[2023-08-09T12:05:56.626+0000] {logging_mixin.py:150} INFO - [2023-08-09T12:05:56.626+0000] {dag.py:2742} INFO - Sync 3 DAGs
[2023-08-09T12:05:56.641+0000] {logging_mixin.py:150} INFO - [2023-08-09T12:05:56.641+0000] {dag.py:3508} INFO - Setting next_dagrun for example_branch_datetime_operator to 2023-08-08T00:00:00+00:00, run_after=2023-08-09T00:00:00+00:00
[2023-08-09T12:05:56.644+0000] {logging_mixin.py:150} INFO - [2023-08-09T12:05:56.643+0000] {dag.py:3508} INFO - Setting next_dagrun for example_branch_datetime_operator_2 to 2023-08-08T00:00:00+00:00, run_after=2023-08-09T00:00:00+00:00
[2023-08-09T12:05:56.645+0000] {logging_mixin.py:150} INFO - [2023-08-09T12:05:56.645+0000] {dag.py:3508} INFO - Setting next_dagrun for example_branch_datetime_operator_3 to 2023-08-08T00:00:00+00:00, run_after=2023-08-09T00:00:00+00:00
[2023-08-09T12:05:56.654+0000] {processor.py:179} INFO - Processing /home/airflow/.local/lib/python3.7/site-packages/airflow/example_dags/example_branch_datetime_operator.py took 0.057 seconds
[2023-08-09T12:06:26.919+0000] {processor.py:157} INFO - Started process (PID=426) to work on /home/airflow/.local/lib/python3.7/site-packages/airflow/example_dags/example_branch_datetime_operator.py
[2023-08-09T12:06:26.921+0000] {processor.py:826} INFO - Processing file /home/airflow/.local/lib/python3.7/site-packages/airflow/example_dags/example_branch_datetime_operator.py for tasks to queue
[2023-08-09T12:06:26.922+0000] {logging_mixin.py:150} INFO - [2023-08-09T12:06:26.921+0000] {dagbag.py:541} INFO - Filling up the DagBag from /home/airflow/.local/lib/python3.7/site-packages/airflow/example_dags/example_branch_datetime_operator.py
[2023-08-09T12:06:26.927+0000] {processor.py:836} INFO - DAG(s) dict_keys(['example_branch_datetime_operator_3', 'example_branch_datetime_operator_2', 'example_branch_datetime_operator']) retrieved from /home/airflow/.local/lib/python3.7/site-packages/airflow/example_dags/example_branch_datetime_operator.py
[2023-08-09T12:06:26.947+0000] {logging_mixin.py:150} INFO - [2023-08-09T12:06:26.947+0000] {dag.py:2742} INFO - Sync 3 DAGs
[2023-08-09T12:06:26.962+0000] {logging_mixin.py:150} INFO - [2023-08-09T12:06:26.962+0000] {dag.py:3508} INFO - Setting next_dagrun for example_branch_datetime_operator to 2023-08-08T00:00:00+00:00, run_after=2023-08-09T00:00:00+00:00
[2023-08-09T12:06:26.964+0000] {logging_mixin.py:150} INFO - [2023-08-09T12:06:26.964+0000] {dag.py:3508} INFO - Setting next_dagrun for example_branch_datetime_operator_2 to 2023-08-08T00:00:00+00:00, run_after=2023-08-09T00:00:00+00:00
[2023-08-09T12:06:26.966+0000] {logging_mixin.py:150} INFO - [2023-08-09T12:06:26.966+0000] {dag.py:3508} INFO - Setting next_dagrun for example_branch_datetime_operator_3 to 2023-08-08T00:00:00+00:00, run_after=2023-08-09T00:00:00+00:00
[2023-08-09T12:06:26.975+0000] {processor.py:179} INFO - Processing /home/airflow/.local/lib/python3.7/site-packages/airflow/example_dags/example_branch_datetime_operator.py took 0.058 seconds
[2023-08-09T12:06:57.260+0000] {processor.py:157} INFO - Started process (PID=485) to work on /home/airflow/.local/lib/python3.7/site-packages/airflow/example_dags/example_branch_datetime_operator.py
[2023-08-09T12:06:57.261+0000] {processor.py:826} INFO - Processing file /home/airflow/.local/lib/python3.7/site-packages/airflow/example_dags/example_branch_datetime_operator.py for tasks to queue
[2023-08-09T12:06:57.262+0000] {logging_mixin.py:150} INFO - [2023-08-09T12:06:57.262+0000] {dagbag.py:541} INFO - Filling up the DagBag from /home/airflow/.local/lib/python3.7/site-packages/airflow/example_dags/example_branch_datetime_operator.py
[2023-08-09T12:06:57.268+0000] {processor.py:836} INFO - DAG(s) dict_keys(['example_branch_datetime_operator', 'example_branch_datetime_operator_3', 'example_branch_datetime_operator_2']) retrieved from /home/airflow/.local/lib/python3.7/site-packages/airflow/example_dags/example_branch_datetime_operator.py
[2023-08-09T12:06:57.289+0000] {logging_mixin.py:150} INFO - [2023-08-09T12:06:57.289+0000] {dag.py:2742} INFO - Sync 3 DAGs
[2023-08-09T12:06:57.303+0000] {logging_mixin.py:150} INFO - [2023-08-09T12:06:57.303+0000] {dag.py:3508} INFO - Setting next_dagrun for example_branch_datetime_operator to 2023-08-08T00:00:00+00:00, run_after=2023-08-09T00:00:00+00:00
[2023-08-09T12:06:57.306+0000] {logging_mixin.py:150} INFO - [2023-08-09T12:06:57.306+0000] {dag.py:3508} INFO - Setting next_dagrun for example_branch_datetime_operator_2 to 2023-08-08T00:00:00+00:00, run_after=2023-08-09T00:00:00+00:00
[2023-08-09T12:06:57.308+0000] {logging_mixin.py:150} INFO - [2023-08-09T12:06:57.308+0000] {dag.py:3508} INFO - Setting next_dagrun for example_branch_datetime_operator_3 to 2023-08-08T00:00:00+00:00, run_after=2023-08-09T00:00:00+00:00
[2023-08-09T12:06:57.316+0000] {processor.py:179} INFO - Processing /home/airflow/.local/lib/python3.7/site-packages/airflow/example_dags/example_branch_datetime_operator.py took 0.059 seconds
[2023-08-09T12:07:28.584+0000] {processor.py:157} INFO - Started process (PID=544) to work on /home/airflow/.local/lib/python3.7/site-packages/airflow/example_dags/example_branch_datetime_operator.py
[2023-08-09T12:07:28.585+0000] {processor.py:826} INFO - Processing file /home/airflow/.local/lib/python3.7/site-packages/airflow/example_dags/example_branch_datetime_operator.py for tasks to queue
[2023-08-09T12:07:28.586+0000] {logging_mixin.py:150} INFO - [2023-08-09T12:07:28.586+0000] {dagbag.py:541} INFO - Filling up the DagBag from /home/airflow/.local/lib/python3.7/site-packages/airflow/example_dags/example_branch_datetime_operator.py
[2023-08-09T12:07:28.593+0000] {processor.py:836} INFO - DAG(s) dict_keys(['example_branch_datetime_operator_2', 'example_branch_datetime_operator', 'example_branch_datetime_operator_3']) retrieved from /home/airflow/.local/lib/python3.7/site-packages/airflow/example_dags/example_branch_datetime_operator.py
[2023-08-09T12:07:28.615+0000] {logging_mixin.py:150} INFO - [2023-08-09T12:07:28.615+0000] {dag.py:2742} INFO - Sync 3 DAGs
[2023-08-09T12:07:28.632+0000] {logging_mixin.py:150} INFO - [2023-08-09T12:07:28.632+0000] {dag.py:3508} INFO - Setting next_dagrun for example_branch_datetime_operator to 2023-08-08T00:00:00+00:00, run_after=2023-08-09T00:00:00+00:00
[2023-08-09T12:07:28.635+0000] {logging_mixin.py:150} INFO - [2023-08-09T12:07:28.635+0000] {dag.py:3508} INFO - Setting next_dagrun for example_branch_datetime_operator_2 to 2023-08-08T00:00:00+00:00, run_after=2023-08-09T00:00:00+00:00
[2023-08-09T12:07:28.636+0000] {logging_mixin.py:150} INFO - [2023-08-09T12:07:28.636+0000] {dag.py:3508} INFO - Setting next_dagrun for example_branch_datetime_operator_3 to 2023-08-08T00:00:00+00:00, run_after=2023-08-09T00:00:00+00:00
[2023-08-09T12:07:28.645+0000] {processor.py:179} INFO - Processing /home/airflow/.local/lib/python3.7/site-packages/airflow/example_dags/example_branch_datetime_operator.py took 0.066 seconds
[2023-08-09T12:16:44.754+0000] {processor.py:157} INFO - Started process (PID=605) to work on /home/airflow/.local/lib/python3.7/site-packages/airflow/example_dags/example_branch_datetime_operator.py
[2023-08-09T12:16:44.755+0000] {processor.py:826} INFO - Processing file /home/airflow/.local/lib/python3.7/site-packages/airflow/example_dags/example_branch_datetime_operator.py for tasks to queue
[2023-08-09T12:16:44.756+0000] {logging_mixin.py:150} INFO - [2023-08-09T12:16:44.756+0000] {dagbag.py:541} INFO - Filling up the DagBag from /home/airflow/.local/lib/python3.7/site-packages/airflow/example_dags/example_branch_datetime_operator.py
[2023-08-09T12:16:44.762+0000] {processor.py:836} INFO - DAG(s) dict_keys(['example_branch_datetime_operator', 'example_branch_datetime_operator_3', 'example_branch_datetime_operator_2']) retrieved from /home/airflow/.local/lib/python3.7/site-packages/airflow/example_dags/example_branch_datetime_operator.py
[2023-08-09T12:16:44.783+0000] {logging_mixin.py:150} INFO - [2023-08-09T12:16:44.783+0000] {dag.py:2742} INFO - Sync 3 DAGs
[2023-08-09T12:16:44.798+0000] {logging_mixin.py:150} INFO - [2023-08-09T12:16:44.797+0000] {dag.py:3508} INFO - Setting next_dagrun for example_branch_datetime_operator to 2023-08-08T00:00:00+00:00, run_after=2023-08-09T00:00:00+00:00
[2023-08-09T12:16:44.800+0000] {logging_mixin.py:150} INFO - [2023-08-09T12:16:44.800+0000] {dag.py:3508} INFO - Setting next_dagrun for example_branch_datetime_operator_2 to 2023-08-08T00:00:00+00:00, run_after=2023-08-09T00:00:00+00:00
[2023-08-09T12:16:44.802+0000] {logging_mixin.py:150} INFO - [2023-08-09T12:16:44.802+0000] {dag.py:3508} INFO - Setting next_dagrun for example_branch_datetime_operator_3 to 2023-08-08T00:00:00+00:00, run_after=2023-08-09T00:00:00+00:00
[2023-08-09T12:16:44.810+0000] {processor.py:179} INFO - Processing /home/airflow/.local/lib/python3.7/site-packages/airflow/example_dags/example_branch_datetime_operator.py took 0.059 seconds
[2023-08-09T12:17:15.642+0000] {processor.py:157} INFO - Started process (PID=664) to work on /home/airflow/.local/lib/python3.7/site-packages/airflow/example_dags/example_branch_datetime_operator.py
[2023-08-09T12:17:15.643+0000] {processor.py:826} INFO - Processing file /home/airflow/.local/lib/python3.7/site-packages/airflow/example_dags/example_branch_datetime_operator.py for tasks to queue
[2023-08-09T12:17:15.644+0000] {logging_mixin.py:150} INFO - [2023-08-09T12:17:15.644+0000] {dagbag.py:541} INFO - Filling up the DagBag from /home/airflow/.local/lib/python3.7/site-packages/airflow/example_dags/example_branch_datetime_operator.py
[2023-08-09T12:17:15.651+0000] {processor.py:836} INFO - DAG(s) dict_keys(['example_branch_datetime_operator', 'example_branch_datetime_operator_2', 'example_branch_datetime_operator_3']) retrieved from /home/airflow/.local/lib/python3.7/site-packages/airflow/example_dags/example_branch_datetime_operator.py
[2023-08-09T12:17:15.671+0000] {logging_mixin.py:150} INFO - [2023-08-09T12:17:15.671+0000] {dag.py:2742} INFO - Sync 3 DAGs
[2023-08-09T12:17:15.686+0000] {logging_mixin.py:150} INFO - [2023-08-09T12:17:15.686+0000] {dag.py:3508} INFO - Setting next_dagrun for example_branch_datetime_operator to 2023-08-08T00:00:00+00:00, run_after=2023-08-09T00:00:00+00:00
[2023-08-09T12:17:15.689+0000] {logging_mixin.py:150} INFO - [2023-08-09T12:17:15.689+0000] {dag.py:3508} INFO - Setting next_dagrun for example_branch_datetime_operator_2 to 2023-08-08T00:00:00+00:00, run_after=2023-08-09T00:00:00+00:00
[2023-08-09T12:17:15.690+0000] {logging_mixin.py:150} INFO - [2023-08-09T12:17:15.690+0000] {dag.py:3508} INFO - Setting next_dagrun for example_branch_datetime_operator_3 to 2023-08-08T00:00:00+00:00, run_after=2023-08-09T00:00:00+00:00
[2023-08-09T12:17:15.700+0000] {processor.py:179} INFO - Processing /home/airflow/.local/lib/python3.7/site-packages/airflow/example_dags/example_branch_datetime_operator.py took 0.060 seconds
[2023-08-09T12:33:47.259+0000] {processor.py:157} INFO - Started process (PID=723) to work on /home/airflow/.local/lib/python3.7/site-packages/airflow/example_dags/example_branch_datetime_operator.py
[2023-08-09T12:33:47.260+0000] {processor.py:826} INFO - Processing file /home/airflow/.local/lib/python3.7/site-packages/airflow/example_dags/example_branch_datetime_operator.py for tasks to queue
[2023-08-09T12:33:47.261+0000] {logging_mixin.py:150} INFO - [2023-08-09T12:33:47.261+0000] {dagbag.py:541} INFO - Filling up the DagBag from /home/airflow/.local/lib/python3.7/site-packages/airflow/example_dags/example_branch_datetime_operator.py
[2023-08-09T12:33:47.268+0000] {processor.py:836} INFO - DAG(s) dict_keys(['example_branch_datetime_operator_3', 'example_branch_datetime_operator_2', 'example_branch_datetime_operator']) retrieved from /home/airflow/.local/lib/python3.7/site-packages/airflow/example_dags/example_branch_datetime_operator.py
[2023-08-09T12:33:47.289+0000] {logging_mixin.py:150} INFO - [2023-08-09T12:33:47.289+0000] {dag.py:2742} INFO - Sync 3 DAGs
[2023-08-09T12:33:47.304+0000] {logging_mixin.py:150} INFO - [2023-08-09T12:33:47.304+0000] {dag.py:3508} INFO - Setting next_dagrun for example_branch_datetime_operator to 2023-08-08T00:00:00+00:00, run_after=2023-08-09T00:00:00+00:00
[2023-08-09T12:33:47.307+0000] {logging_mixin.py:150} INFO - [2023-08-09T12:33:47.307+0000] {dag.py:3508} INFO - Setting next_dagrun for example_branch_datetime_operator_2 to 2023-08-08T00:00:00+00:00, run_after=2023-08-09T00:00:00+00:00
[2023-08-09T12:33:47.308+0000] {logging_mixin.py:150} INFO - [2023-08-09T12:33:47.308+0000] {dag.py:3508} INFO - Setting next_dagrun for example_branch_datetime_operator_3 to 2023-08-08T00:00:00+00:00, run_after=2023-08-09T00:00:00+00:00
[2023-08-09T12:33:47.317+0000] {processor.py:179} INFO - Processing /home/airflow/.local/lib/python3.7/site-packages/airflow/example_dags/example_branch_datetime_operator.py took 0.060 seconds
[2023-08-09T13:56:52.399+0000] {processor.py:157} INFO - Started process (PID=782) to work on /home/airflow/.local/lib/python3.7/site-packages/airflow/example_dags/example_branch_datetime_operator.py
[2023-08-09T13:56:52.400+0000] {processor.py:826} INFO - Processing file /home/airflow/.local/lib/python3.7/site-packages/airflow/example_dags/example_branch_datetime_operator.py for tasks to queue
[2023-08-09T13:56:52.401+0000] {logging_mixin.py:150} INFO - [2023-08-09T13:56:52.401+0000] {dagbag.py:541} INFO - Filling up the DagBag from /home/airflow/.local/lib/python3.7/site-packages/airflow/example_dags/example_branch_datetime_operator.py
[2023-08-09T13:56:52.407+0000] {processor.py:836} INFO - DAG(s) dict_keys(['example_branch_datetime_operator', 'example_branch_datetime_operator_2', 'example_branch_datetime_operator_3']) retrieved from /home/airflow/.local/lib/python3.7/site-packages/airflow/example_dags/example_branch_datetime_operator.py
[2023-08-09T13:56:52.429+0000] {logging_mixin.py:150} INFO - [2023-08-09T13:56:52.429+0000] {dag.py:2742} INFO - Sync 3 DAGs
[2023-08-09T13:56:52.444+0000] {logging_mixin.py:150} INFO - [2023-08-09T13:56:52.444+0000] {dag.py:3508} INFO - Setting next_dagrun for example_branch_datetime_operator to 2023-08-08T00:00:00+00:00, run_after=2023-08-09T00:00:00+00:00
[2023-08-09T13:56:52.447+0000] {logging_mixin.py:150} INFO - [2023-08-09T13:56:52.447+0000] {dag.py:3508} INFO - Setting next_dagrun for example_branch_datetime_operator_2 to 2023-08-08T00:00:00+00:00, run_after=2023-08-09T00:00:00+00:00
[2023-08-09T13:56:52.448+0000] {logging_mixin.py:150} INFO - [2023-08-09T13:56:52.448+0000] {dag.py:3508} INFO - Setting next_dagrun for example_branch_datetime_operator_3 to 2023-08-08T00:00:00+00:00, run_after=2023-08-09T00:00:00+00:00
[2023-08-09T13:56:52.457+0000] {processor.py:179} INFO - Processing /home/airflow/.local/lib/python3.7/site-packages/airflow/example_dags/example_branch_datetime_operator.py took 0.060 seconds
[2023-08-09T14:58:26.613+0000] {processor.py:157} INFO - Started process (PID=841) to work on /home/airflow/.local/lib/python3.7/site-packages/airflow/example_dags/example_branch_datetime_operator.py
[2023-08-09T14:58:26.614+0000] {processor.py:826} INFO - Processing file /home/airflow/.local/lib/python3.7/site-packages/airflow/example_dags/example_branch_datetime_operator.py for tasks to queue
[2023-08-09T14:58:26.615+0000] {logging_mixin.py:150} INFO - [2023-08-09T14:58:26.614+0000] {dagbag.py:541} INFO - Filling up the DagBag from /home/airflow/.local/lib/python3.7/site-packages/airflow/example_dags/example_branch_datetime_operator.py
[2023-08-09T14:58:26.621+0000] {processor.py:836} INFO - DAG(s) dict_keys(['example_branch_datetime_operator', 'example_branch_datetime_operator_2', 'example_branch_datetime_operator_3']) retrieved from /home/airflow/.local/lib/python3.7/site-packages/airflow/example_dags/example_branch_datetime_operator.py
[2023-08-09T14:58:26.641+0000] {logging_mixin.py:150} INFO - [2023-08-09T14:58:26.641+0000] {dag.py:2742} INFO - Sync 3 DAGs
[2023-08-09T14:58:26.656+0000] {logging_mixin.py:150} INFO - [2023-08-09T14:58:26.656+0000] {dag.py:3508} INFO - Setting next_dagrun for example_branch_datetime_operator to 2023-08-08T00:00:00+00:00, run_after=2023-08-09T00:00:00+00:00
[2023-08-09T14:58:26.659+0000] {logging_mixin.py:150} INFO - [2023-08-09T14:58:26.659+0000] {dag.py:3508} INFO - Setting next_dagrun for example_branch_datetime_operator_2 to 2023-08-08T00:00:00+00:00, run_after=2023-08-09T00:00:00+00:00
[2023-08-09T14:58:26.660+0000] {logging_mixin.py:150} INFO - [2023-08-09T14:58:26.660+0000] {dag.py:3508} INFO - Setting next_dagrun for example_branch_datetime_operator_3 to 2023-08-08T00:00:00+00:00, run_after=2023-08-09T00:00:00+00:00
[2023-08-09T14:58:26.669+0000] {processor.py:179} INFO - Processing /home/airflow/.local/lib/python3.7/site-packages/airflow/example_dags/example_branch_datetime_operator.py took 0.059 seconds
[2023-08-09T14:58:59.662+0000] {processor.py:157} INFO - Started process (PID=901) to work on /home/airflow/.local/lib/python3.7/site-packages/airflow/example_dags/example_branch_datetime_operator.py
[2023-08-09T14:58:59.663+0000] {processor.py:826} INFO - Processing file /home/airflow/.local/lib/python3.7/site-packages/airflow/example_dags/example_branch_datetime_operator.py for tasks to queue
[2023-08-09T14:58:59.664+0000] {logging_mixin.py:150} INFO - [2023-08-09T14:58:59.664+0000] {dagbag.py:541} INFO - Filling up the DagBag from /home/airflow/.local/lib/python3.7/site-packages/airflow/example_dags/example_branch_datetime_operator.py
[2023-08-09T14:58:59.671+0000] {processor.py:836} INFO - DAG(s) dict_keys(['example_branch_datetime_operator_2', 'example_branch_datetime_operator', 'example_branch_datetime_operator_3']) retrieved from /home/airflow/.local/lib/python3.7/site-packages/airflow/example_dags/example_branch_datetime_operator.py
[2023-08-09T14:58:59.692+0000] {logging_mixin.py:150} INFO - [2023-08-09T14:58:59.692+0000] {dag.py:2742} INFO - Sync 3 DAGs
[2023-08-09T14:58:59.707+0000] {logging_mixin.py:150} INFO - [2023-08-09T14:58:59.707+0000] {dag.py:3508} INFO - Setting next_dagrun for example_branch_datetime_operator to 2023-08-08T00:00:00+00:00, run_after=2023-08-09T00:00:00+00:00
[2023-08-09T14:58:59.709+0000] {logging_mixin.py:150} INFO - [2023-08-09T14:58:59.709+0000] {dag.py:3508} INFO - Setting next_dagrun for example_branch_datetime_operator_2 to 2023-08-08T00:00:00+00:00, run_after=2023-08-09T00:00:00+00:00
[2023-08-09T14:58:59.711+0000] {logging_mixin.py:150} INFO - [2023-08-09T14:58:59.711+0000] {dag.py:3508} INFO - Setting next_dagrun for example_branch_datetime_operator_3 to 2023-08-08T00:00:00+00:00, run_after=2023-08-09T00:00:00+00:00
[2023-08-09T14:58:59.720+0000] {processor.py:179} INFO - Processing /home/airflow/.local/lib/python3.7/site-packages/airflow/example_dags/example_branch_datetime_operator.py took 0.060 seconds
[2023-08-09T16:16:43.875+0000] {processor.py:157} INFO - Started process (PID=960) to work on /home/airflow/.local/lib/python3.7/site-packages/airflow/example_dags/example_branch_datetime_operator.py
[2023-08-09T16:16:43.877+0000] {processor.py:826} INFO - Processing file /home/airflow/.local/lib/python3.7/site-packages/airflow/example_dags/example_branch_datetime_operator.py for tasks to queue
[2023-08-09T16:16:43.878+0000] {logging_mixin.py:150} INFO - [2023-08-09T16:16:43.877+0000] {dagbag.py:541} INFO - Filling up the DagBag from /home/airflow/.local/lib/python3.7/site-packages/airflow/example_dags/example_branch_datetime_operator.py
[2023-08-09T16:16:43.884+0000] {processor.py:836} INFO - DAG(s) dict_keys(['example_branch_datetime_operator_3', 'example_branch_datetime_operator_2', 'example_branch_datetime_operator']) retrieved from /home/airflow/.local/lib/python3.7/site-packages/airflow/example_dags/example_branch_datetime_operator.py
[2023-08-09T16:16:43.909+0000] {logging_mixin.py:150} INFO - [2023-08-09T16:16:43.909+0000] {dag.py:2742} INFO - Sync 3 DAGs
[2023-08-09T16:16:43.923+0000] {logging_mixin.py:150} INFO - [2023-08-09T16:16:43.923+0000] {dag.py:3508} INFO - Setting next_dagrun for example_branch_datetime_operator to 2023-08-08T00:00:00+00:00, run_after=2023-08-09T00:00:00+00:00
[2023-08-09T16:16:43.929+0000] {logging_mixin.py:150} INFO - [2023-08-09T16:16:43.929+0000] {dag.py:3508} INFO - Setting next_dagrun for example_branch_datetime_operator_2 to 2023-08-08T00:00:00+00:00, run_after=2023-08-09T00:00:00+00:00
[2023-08-09T16:16:43.931+0000] {logging_mixin.py:150} INFO - [2023-08-09T16:16:43.931+0000] {dag.py:3508} INFO - Setting next_dagrun for example_branch_datetime_operator_3 to 2023-08-08T00:00:00+00:00, run_after=2023-08-09T00:00:00+00:00
[2023-08-09T16:16:43.940+0000] {processor.py:179} INFO - Processing /home/airflow/.local/lib/python3.7/site-packages/airflow/example_dags/example_branch_datetime_operator.py took 0.068 seconds
[2023-08-09T17:36:42.446+0000] {processor.py:157} INFO - Started process (PID=1019) to work on /home/airflow/.local/lib/python3.7/site-packages/airflow/example_dags/example_branch_datetime_operator.py
[2023-08-09T17:36:42.447+0000] {processor.py:826} INFO - Processing file /home/airflow/.local/lib/python3.7/site-packages/airflow/example_dags/example_branch_datetime_operator.py for tasks to queue
[2023-08-09T17:36:42.448+0000] {logging_mixin.py:150} INFO - [2023-08-09T17:36:42.448+0000] {dagbag.py:541} INFO - Filling up the DagBag from /home/airflow/.local/lib/python3.7/site-packages/airflow/example_dags/example_branch_datetime_operator.py
[2023-08-09T17:36:42.454+0000] {processor.py:836} INFO - DAG(s) dict_keys(['example_branch_datetime_operator_2', 'example_branch_datetime_operator', 'example_branch_datetime_operator_3']) retrieved from /home/airflow/.local/lib/python3.7/site-packages/airflow/example_dags/example_branch_datetime_operator.py
[2023-08-09T17:36:42.475+0000] {logging_mixin.py:150} INFO - [2023-08-09T17:36:42.475+0000] {dag.py:2742} INFO - Sync 3 DAGs
[2023-08-09T17:36:42.490+0000] {logging_mixin.py:150} INFO - [2023-08-09T17:36:42.490+0000] {dag.py:3508} INFO - Setting next_dagrun for example_branch_datetime_operator to 2023-08-08T00:00:00+00:00, run_after=2023-08-09T00:00:00+00:00
[2023-08-09T17:36:42.493+0000] {logging_mixin.py:150} INFO - [2023-08-09T17:36:42.493+0000] {dag.py:3508} INFO - Setting next_dagrun for example_branch_datetime_operator_2 to 2023-08-08T00:00:00+00:00, run_after=2023-08-09T00:00:00+00:00
[2023-08-09T17:36:42.495+0000] {logging_mixin.py:150} INFO - [2023-08-09T17:36:42.495+0000] {dag.py:3508} INFO - Setting next_dagrun for example_branch_datetime_operator_3 to 2023-08-08T00:00:00+00:00, run_after=2023-08-09T00:00:00+00:00
[2023-08-09T17:36:42.504+0000] {processor.py:179} INFO - Processing /home/airflow/.local/lib/python3.7/site-packages/airflow/example_dags/example_branch_datetime_operator.py took 0.061 seconds
[2023-08-09T18:58:24.599+0000] {processor.py:157} INFO - Started process (PID=1078) to work on /home/airflow/.local/lib/python3.7/site-packages/airflow/example_dags/example_branch_datetime_operator.py
[2023-08-09T18:58:24.600+0000] {processor.py:826} INFO - Processing file /home/airflow/.local/lib/python3.7/site-packages/airflow/example_dags/example_branch_datetime_operator.py for tasks to queue
[2023-08-09T18:58:24.600+0000] {logging_mixin.py:150} INFO - [2023-08-09T18:58:24.600+0000] {dagbag.py:541} INFO - Filling up the DagBag from /home/airflow/.local/lib/python3.7/site-packages/airflow/example_dags/example_branch_datetime_operator.py
[2023-08-09T18:58:24.607+0000] {processor.py:836} INFO - DAG(s) dict_keys(['example_branch_datetime_operator_2', 'example_branch_datetime_operator_3', 'example_branch_datetime_operator']) retrieved from /home/airflow/.local/lib/python3.7/site-packages/airflow/example_dags/example_branch_datetime_operator.py
[2023-08-09T18:58:24.627+0000] {logging_mixin.py:150} INFO - [2023-08-09T18:58:24.627+0000] {dag.py:2742} INFO - Sync 3 DAGs
[2023-08-09T18:58:24.641+0000] {logging_mixin.py:150} INFO - [2023-08-09T18:58:24.641+0000] {dag.py:3508} INFO - Setting next_dagrun for example_branch_datetime_operator to 2023-08-08T00:00:00+00:00, run_after=2023-08-09T00:00:00+00:00
[2023-08-09T18:58:24.643+0000] {logging_mixin.py:150} INFO - [2023-08-09T18:58:24.643+0000] {dag.py:3508} INFO - Setting next_dagrun for example_branch_datetime_operator_2 to 2023-08-08T00:00:00+00:00, run_after=2023-08-09T00:00:00+00:00
[2023-08-09T18:58:24.645+0000] {logging_mixin.py:150} INFO - [2023-08-09T18:58:24.645+0000] {dag.py:3508} INFO - Setting next_dagrun for example_branch_datetime_operator_3 to 2023-08-08T00:00:00+00:00, run_after=2023-08-09T00:00:00+00:00
[2023-08-09T18:58:24.654+0000] {processor.py:179} INFO - Processing /home/airflow/.local/lib/python3.7/site-packages/airflow/example_dags/example_branch_datetime_operator.py took 0.057 seconds
[2023-08-09T20:21:04.373+0000] {processor.py:157} INFO - Started process (PID=1137) to work on /home/airflow/.local/lib/python3.7/site-packages/airflow/example_dags/example_branch_datetime_operator.py
[2023-08-09T20:21:04.374+0000] {processor.py:826} INFO - Processing file /home/airflow/.local/lib/python3.7/site-packages/airflow/example_dags/example_branch_datetime_operator.py for tasks to queue
[2023-08-09T20:21:04.375+0000] {logging_mixin.py:150} INFO - [2023-08-09T20:21:04.375+0000] {dagbag.py:541} INFO - Filling up the DagBag from /home/airflow/.local/lib/python3.7/site-packages/airflow/example_dags/example_branch_datetime_operator.py
[2023-08-09T20:21:04.381+0000] {processor.py:836} INFO - DAG(s) dict_keys(['example_branch_datetime_operator_2', 'example_branch_datetime_operator_3', 'example_branch_datetime_operator']) retrieved from /home/airflow/.local/lib/python3.7/site-packages/airflow/example_dags/example_branch_datetime_operator.py
[2023-08-09T20:21:04.402+0000] {logging_mixin.py:150} INFO - [2023-08-09T20:21:04.402+0000] {dag.py:2742} INFO - Sync 3 DAGs
[2023-08-09T20:21:04.416+0000] {logging_mixin.py:150} INFO - [2023-08-09T20:21:04.416+0000] {dag.py:3508} INFO - Setting next_dagrun for example_branch_datetime_operator to 2023-08-08T00:00:00+00:00, run_after=2023-08-09T00:00:00+00:00
[2023-08-09T20:21:04.419+0000] {logging_mixin.py:150} INFO - [2023-08-09T20:21:04.419+0000] {dag.py:3508} INFO - Setting next_dagrun for example_branch_datetime_operator_2 to 2023-08-08T00:00:00+00:00, run_after=2023-08-09T00:00:00+00:00
[2023-08-09T20:21:04.421+0000] {logging_mixin.py:150} INFO - [2023-08-09T20:21:04.421+0000] {dag.py:3508} INFO - Setting next_dagrun for example_branch_datetime_operator_3 to 2023-08-08T00:00:00+00:00, run_after=2023-08-09T00:00:00+00:00
[2023-08-09T20:21:04.429+0000] {processor.py:179} INFO - Processing /home/airflow/.local/lib/python3.7/site-packages/airflow/example_dags/example_branch_datetime_operator.py took 0.058 seconds
[2023-08-09T21:44:57.118+0000] {processor.py:157} INFO - Started process (PID=1196) to work on /home/airflow/.local/lib/python3.7/site-packages/airflow/example_dags/example_branch_datetime_operator.py
[2023-08-09T21:44:57.119+0000] {processor.py:826} INFO - Processing file /home/airflow/.local/lib/python3.7/site-packages/airflow/example_dags/example_branch_datetime_operator.py for tasks to queue
[2023-08-09T21:44:57.119+0000] {logging_mixin.py:150} INFO - [2023-08-09T21:44:57.119+0000] {dagbag.py:541} INFO - Filling up the DagBag from /home/airflow/.local/lib/python3.7/site-packages/airflow/example_dags/example_branch_datetime_operator.py
[2023-08-09T21:44:57.126+0000] {processor.py:836} INFO - DAG(s) dict_keys(['example_branch_datetime_operator', 'example_branch_datetime_operator_2', 'example_branch_datetime_operator_3']) retrieved from /home/airflow/.local/lib/python3.7/site-packages/airflow/example_dags/example_branch_datetime_operator.py
[2023-08-09T21:44:57.146+0000] {logging_mixin.py:150} INFO - [2023-08-09T21:44:57.146+0000] {dag.py:2742} INFO - Sync 3 DAGs
[2023-08-09T21:44:57.161+0000] {logging_mixin.py:150} INFO - [2023-08-09T21:44:57.160+0000] {dag.py:3508} INFO - Setting next_dagrun for example_branch_datetime_operator to 2023-08-08T00:00:00+00:00, run_after=2023-08-09T00:00:00+00:00
[2023-08-09T21:44:57.163+0000] {logging_mixin.py:150} INFO - [2023-08-09T21:44:57.163+0000] {dag.py:3508} INFO - Setting next_dagrun for example_branch_datetime_operator_2 to 2023-08-08T00:00:00+00:00, run_after=2023-08-09T00:00:00+00:00
[2023-08-09T21:44:57.165+0000] {logging_mixin.py:150} INFO - [2023-08-09T21:44:57.165+0000] {dag.py:3508} INFO - Setting next_dagrun for example_branch_datetime_operator_3 to 2023-08-08T00:00:00+00:00, run_after=2023-08-09T00:00:00+00:00
[2023-08-09T21:44:57.173+0000] {processor.py:179} INFO - Processing /home/airflow/.local/lib/python3.7/site-packages/airflow/example_dags/example_branch_datetime_operator.py took 0.058 seconds
[2023-08-09T22:36:37.637+0000] {processor.py:157} INFO - Started process (PID=1255) to work on /home/airflow/.local/lib/python3.7/site-packages/airflow/example_dags/example_branch_datetime_operator.py
[2023-08-09T22:36:37.638+0000] {processor.py:826} INFO - Processing file /home/airflow/.local/lib/python3.7/site-packages/airflow/example_dags/example_branch_datetime_operator.py for tasks to queue
[2023-08-09T22:36:37.639+0000] {logging_mixin.py:150} INFO - [2023-08-09T22:36:37.639+0000] {dagbag.py:541} INFO - Filling up the DagBag from /home/airflow/.local/lib/python3.7/site-packages/airflow/example_dags/example_branch_datetime_operator.py
[2023-08-09T22:36:37.646+0000] {processor.py:836} INFO - DAG(s) dict_keys(['example_branch_datetime_operator_3', 'example_branch_datetime_operator', 'example_branch_datetime_operator_2']) retrieved from /home/airflow/.local/lib/python3.7/site-packages/airflow/example_dags/example_branch_datetime_operator.py
[2023-08-09T22:36:37.666+0000] {logging_mixin.py:150} INFO - [2023-08-09T22:36:37.665+0000] {dag.py:2742} INFO - Sync 3 DAGs
[2023-08-09T22:36:37.680+0000] {logging_mixin.py:150} INFO - [2023-08-09T22:36:37.680+0000] {dag.py:3508} INFO - Setting next_dagrun for example_branch_datetime_operator to 2023-08-08T00:00:00+00:00, run_after=2023-08-09T00:00:00+00:00
[2023-08-09T22:36:37.683+0000] {logging_mixin.py:150} INFO - [2023-08-09T22:36:37.683+0000] {dag.py:3508} INFO - Setting next_dagrun for example_branch_datetime_operator_2 to 2023-08-08T00:00:00+00:00, run_after=2023-08-09T00:00:00+00:00
[2023-08-09T22:36:37.685+0000] {logging_mixin.py:150} INFO - [2023-08-09T22:36:37.685+0000] {dag.py:3508} INFO - Setting next_dagrun for example_branch_datetime_operator_3 to 2023-08-08T00:00:00+00:00, run_after=2023-08-09T00:00:00+00:00
[2023-08-09T22:36:37.693+0000] {processor.py:179} INFO - Processing /home/airflow/.local/lib/python3.7/site-packages/airflow/example_dags/example_branch_datetime_operator.py took 0.058 seconds
[2023-08-09T22:37:07.876+0000] {processor.py:157} INFO - Started process (PID=1314) to work on /home/airflow/.local/lib/python3.7/site-packages/airflow/example_dags/example_branch_datetime_operator.py
[2023-08-09T22:37:07.877+0000] {processor.py:826} INFO - Processing file /home/airflow/.local/lib/python3.7/site-packages/airflow/example_dags/example_branch_datetime_operator.py for tasks to queue
[2023-08-09T22:37:07.878+0000] {logging_mixin.py:150} INFO - [2023-08-09T22:37:07.878+0000] {dagbag.py:541} INFO - Filling up the DagBag from /home/airflow/.local/lib/python3.7/site-packages/airflow/example_dags/example_branch_datetime_operator.py
[2023-08-09T22:37:07.884+0000] {processor.py:836} INFO - DAG(s) dict_keys(['example_branch_datetime_operator', 'example_branch_datetime_operator_3', 'example_branch_datetime_operator_2']) retrieved from /home/airflow/.local/lib/python3.7/site-packages/airflow/example_dags/example_branch_datetime_operator.py
[2023-08-09T22:37:07.905+0000] {logging_mixin.py:150} INFO - [2023-08-09T22:37:07.905+0000] {dag.py:2742} INFO - Sync 3 DAGs
[2023-08-09T22:37:07.919+0000] {logging_mixin.py:150} INFO - [2023-08-09T22:37:07.919+0000] {dag.py:3508} INFO - Setting next_dagrun for example_branch_datetime_operator to 2023-08-08T00:00:00+00:00, run_after=2023-08-09T00:00:00+00:00
[2023-08-09T22:37:07.922+0000] {logging_mixin.py:150} INFO - [2023-08-09T22:37:07.922+0000] {dag.py:3508} INFO - Setting next_dagrun for example_branch_datetime_operator_2 to 2023-08-08T00:00:00+00:00, run_after=2023-08-09T00:00:00+00:00
[2023-08-09T22:37:07.923+0000] {logging_mixin.py:150} INFO - [2023-08-09T22:37:07.923+0000] {dag.py:3508} INFO - Setting next_dagrun for example_branch_datetime_operator_3 to 2023-08-08T00:00:00+00:00, run_after=2023-08-09T00:00:00+00:00
[2023-08-09T22:37:07.931+0000] {processor.py:179} INFO - Processing /home/airflow/.local/lib/python3.7/site-packages/airflow/example_dags/example_branch_datetime_operator.py took 0.057 seconds
[2023-08-09T22:37:38.047+0000] {processor.py:157} INFO - Started process (PID=1373) to work on /home/airflow/.local/lib/python3.7/site-packages/airflow/example_dags/example_branch_datetime_operator.py
[2023-08-09T22:37:38.048+0000] {processor.py:826} INFO - Processing file /home/airflow/.local/lib/python3.7/site-packages/airflow/example_dags/example_branch_datetime_operator.py for tasks to queue
[2023-08-09T22:37:38.049+0000] {logging_mixin.py:150} INFO - [2023-08-09T22:37:38.048+0000] {dagbag.py:541} INFO - Filling up the DagBag from /home/airflow/.local/lib/python3.7/site-packages/airflow/example_dags/example_branch_datetime_operator.py
[2023-08-09T22:37:38.055+0000] {processor.py:836} INFO - DAG(s) dict_keys(['example_branch_datetime_operator_2', 'example_branch_datetime_operator_3', 'example_branch_datetime_operator']) retrieved from /home/airflow/.local/lib/python3.7/site-packages/airflow/example_dags/example_branch_datetime_operator.py
[2023-08-09T22:37:38.075+0000] {logging_mixin.py:150} INFO - [2023-08-09T22:37:38.075+0000] {dag.py:2742} INFO - Sync 3 DAGs
[2023-08-09T22:37:38.089+0000] {logging_mixin.py:150} INFO - [2023-08-09T22:37:38.089+0000] {dag.py:3508} INFO - Setting next_dagrun for example_branch_datetime_operator to 2023-08-08T00:00:00+00:00, run_after=2023-08-09T00:00:00+00:00
[2023-08-09T22:37:38.092+0000] {logging_mixin.py:150} INFO - [2023-08-09T22:37:38.092+0000] {dag.py:3508} INFO - Setting next_dagrun for example_branch_datetime_operator_2 to 2023-08-08T00:00:00+00:00, run_after=2023-08-09T00:00:00+00:00
[2023-08-09T22:37:38.094+0000] {logging_mixin.py:150} INFO - [2023-08-09T22:37:38.094+0000] {dag.py:3508} INFO - Setting next_dagrun for example_branch_datetime_operator_3 to 2023-08-08T00:00:00+00:00, run_after=2023-08-09T00:00:00+00:00
[2023-08-09T22:37:38.102+0000] {processor.py:179} INFO - Processing /home/airflow/.local/lib/python3.7/site-packages/airflow/example_dags/example_branch_datetime_operator.py took 0.058 seconds
[2023-08-09T23:31:53.534+0000] {processor.py:157} INFO - Started process (PID=1432) to work on /home/airflow/.local/lib/python3.7/site-packages/airflow/example_dags/example_branch_datetime_operator.py
[2023-08-09T23:31:53.535+0000] {processor.py:826} INFO - Processing file /home/airflow/.local/lib/python3.7/site-packages/airflow/example_dags/example_branch_datetime_operator.py for tasks to queue
[2023-08-09T23:31:53.535+0000] {logging_mixin.py:150} INFO - [2023-08-09T23:31:53.535+0000] {dagbag.py:541} INFO - Filling up the DagBag from /home/airflow/.local/lib/python3.7/site-packages/airflow/example_dags/example_branch_datetime_operator.py
[2023-08-09T23:31:53.541+0000] {processor.py:836} INFO - DAG(s) dict_keys(['example_branch_datetime_operator', 'example_branch_datetime_operator_2', 'example_branch_datetime_operator_3']) retrieved from /home/airflow/.local/lib/python3.7/site-packages/airflow/example_dags/example_branch_datetime_operator.py
[2023-08-09T23:31:53.562+0000] {logging_mixin.py:150} INFO - [2023-08-09T23:31:53.562+0000] {dag.py:2742} INFO - Sync 3 DAGs
[2023-08-09T23:31:53.576+0000] {logging_mixin.py:150} INFO - [2023-08-09T23:31:53.576+0000] {dag.py:3508} INFO - Setting next_dagrun for example_branch_datetime_operator to 2023-08-08T00:00:00+00:00, run_after=2023-08-09T00:00:00+00:00
[2023-08-09T23:31:53.579+0000] {logging_mixin.py:150} INFO - [2023-08-09T23:31:53.579+0000] {dag.py:3508} INFO - Setting next_dagrun for example_branch_datetime_operator_2 to 2023-08-08T00:00:00+00:00, run_after=2023-08-09T00:00:00+00:00
[2023-08-09T23:31:53.580+0000] {logging_mixin.py:150} INFO - [2023-08-09T23:31:53.580+0000] {dag.py:3508} INFO - Setting next_dagrun for example_branch_datetime_operator_3 to 2023-08-08T00:00:00+00:00, run_after=2023-08-09T00:00:00+00:00
[2023-08-09T23:31:53.588+0000] {processor.py:179} INFO - Processing /home/airflow/.local/lib/python3.7/site-packages/airflow/example_dags/example_branch_datetime_operator.py took 0.057 seconds
