[2023-08-09T12:03:23.246+0000] {processor.py:157} INFO - Started process (PID=58) to work on /home/airflow/.local/lib/python3.7/site-packages/airflow/example_dags/example_branch_python_dop_operator_3.py
[2023-08-09T12:03:23.247+0000] {processor.py:826} INFO - Processing file /home/airflow/.local/lib/python3.7/site-packages/airflow/example_dags/example_branch_python_dop_operator_3.py for tasks to queue
[2023-08-09T12:03:23.248+0000] {logging_mixin.py:150} INFO - [2023-08-09T12:03:23.248+0000] {dagbag.py:541} INFO - Filling up the DagBag from /home/airflow/.local/lib/python3.7/site-packages/airflow/example_dags/example_branch_python_dop_operator_3.py
[2023-08-09T12:03:23.256+0000] {processor.py:836} INFO - DAG(s) dict_keys(['example_branch_dop_operator_v3']) retrieved from /home/airflow/.local/lib/python3.7/site-packages/airflow/example_dags/example_branch_python_dop_operator_3.py
[2023-08-09T12:03:23.281+0000] {logging_mixin.py:150} INFO - [2023-08-09T12:03:23.281+0000] {dag.py:2742} INFO - Sync 1 DAGs
[2023-08-09T12:03:23.321+0000] {logging_mixin.py:150} INFO - [2023-08-09T12:03:23.321+0000] {dag.py:3508} INFO - Setting next_dagrun for example_branch_dop_operator_v3 to 2023-08-09T12:02:00+00:00, run_after=2023-08-09T12:03:00+00:00
[2023-08-09T12:03:23.339+0000] {processor.py:179} INFO - Processing /home/airflow/.local/lib/python3.7/site-packages/airflow/example_dags/example_branch_python_dop_operator_3.py took 0.097 seconds
[2023-08-09T12:03:53.930+0000] {processor.py:157} INFO - Started process (PID=117) to work on /home/airflow/.local/lib/python3.7/site-packages/airflow/example_dags/example_branch_python_dop_operator_3.py
[2023-08-09T12:03:53.931+0000] {processor.py:826} INFO - Processing file /home/airflow/.local/lib/python3.7/site-packages/airflow/example_dags/example_branch_python_dop_operator_3.py for tasks to queue
[2023-08-09T12:03:53.932+0000] {logging_mixin.py:150} INFO - [2023-08-09T12:03:53.932+0000] {dagbag.py:541} INFO - Filling up the DagBag from /home/airflow/.local/lib/python3.7/site-packages/airflow/example_dags/example_branch_python_dop_operator_3.py
[2023-08-09T12:03:53.938+0000] {processor.py:836} INFO - DAG(s) dict_keys(['example_branch_dop_operator_v3']) retrieved from /home/airflow/.local/lib/python3.7/site-packages/airflow/example_dags/example_branch_python_dop_operator_3.py
[2023-08-09T12:03:53.955+0000] {logging_mixin.py:150} INFO - [2023-08-09T12:03:53.955+0000] {dag.py:2742} INFO - Sync 1 DAGs
[2023-08-09T12:03:53.972+0000] {logging_mixin.py:150} INFO - [2023-08-09T12:03:53.972+0000] {dag.py:3508} INFO - Setting next_dagrun for example_branch_dop_operator_v3 to 2023-08-09T12:02:00+00:00, run_after=2023-08-09T12:03:00+00:00
[2023-08-09T12:03:53.981+0000] {processor.py:179} INFO - Processing /home/airflow/.local/lib/python3.7/site-packages/airflow/example_dags/example_branch_python_dop_operator_3.py took 0.054 seconds
[2023-08-09T12:04:24.176+0000] {processor.py:157} INFO - Started process (PID=176) to work on /home/airflow/.local/lib/python3.7/site-packages/airflow/example_dags/example_branch_python_dop_operator_3.py
[2023-08-09T12:04:24.177+0000] {processor.py:826} INFO - Processing file /home/airflow/.local/lib/python3.7/site-packages/airflow/example_dags/example_branch_python_dop_operator_3.py for tasks to queue
[2023-08-09T12:04:24.178+0000] {logging_mixin.py:150} INFO - [2023-08-09T12:04:24.178+0000] {dagbag.py:541} INFO - Filling up the DagBag from /home/airflow/.local/lib/python3.7/site-packages/airflow/example_dags/example_branch_python_dop_operator_3.py
[2023-08-09T12:04:24.184+0000] {processor.py:836} INFO - DAG(s) dict_keys(['example_branch_dop_operator_v3']) retrieved from /home/airflow/.local/lib/python3.7/site-packages/airflow/example_dags/example_branch_python_dop_operator_3.py
[2023-08-09T12:04:24.202+0000] {logging_mixin.py:150} INFO - [2023-08-09T12:04:24.202+0000] {dag.py:2742} INFO - Sync 1 DAGs
[2023-08-09T12:04:24.218+0000] {logging_mixin.py:150} INFO - [2023-08-09T12:04:24.218+0000] {dag.py:3508} INFO - Setting next_dagrun for example_branch_dop_operator_v3 to 2023-08-09T12:03:00+00:00, run_after=2023-08-09T12:04:00+00:00
[2023-08-09T12:04:24.229+0000] {processor.py:179} INFO - Processing /home/airflow/.local/lib/python3.7/site-packages/airflow/example_dags/example_branch_python_dop_operator_3.py took 0.055 seconds
[2023-08-09T12:04:54.447+0000] {processor.py:157} INFO - Started process (PID=235) to work on /home/airflow/.local/lib/python3.7/site-packages/airflow/example_dags/example_branch_python_dop_operator_3.py
[2023-08-09T12:04:54.449+0000] {processor.py:826} INFO - Processing file /home/airflow/.local/lib/python3.7/site-packages/airflow/example_dags/example_branch_python_dop_operator_3.py for tasks to queue
[2023-08-09T12:04:54.450+0000] {logging_mixin.py:150} INFO - [2023-08-09T12:04:54.449+0000] {dagbag.py:541} INFO - Filling up the DagBag from /home/airflow/.local/lib/python3.7/site-packages/airflow/example_dags/example_branch_python_dop_operator_3.py
[2023-08-09T12:04:54.455+0000] {processor.py:836} INFO - DAG(s) dict_keys(['example_branch_dop_operator_v3']) retrieved from /home/airflow/.local/lib/python3.7/site-packages/airflow/example_dags/example_branch_python_dop_operator_3.py
[2023-08-09T12:04:54.473+0000] {logging_mixin.py:150} INFO - [2023-08-09T12:04:54.473+0000] {dag.py:2742} INFO - Sync 1 DAGs
[2023-08-09T12:04:54.489+0000] {logging_mixin.py:150} INFO - [2023-08-09T12:04:54.489+0000] {dag.py:3508} INFO - Setting next_dagrun for example_branch_dop_operator_v3 to 2023-08-09T12:03:00+00:00, run_after=2023-08-09T12:04:00+00:00
[2023-08-09T12:04:54.500+0000] {processor.py:179} INFO - Processing /home/airflow/.local/lib/python3.7/site-packages/airflow/example_dags/example_branch_python_dop_operator_3.py took 0.055 seconds
[2023-08-09T12:05:24.776+0000] {processor.py:157} INFO - Started process (PID=294) to work on /home/airflow/.local/lib/python3.7/site-packages/airflow/example_dags/example_branch_python_dop_operator_3.py
[2023-08-09T12:05:24.777+0000] {processor.py:826} INFO - Processing file /home/airflow/.local/lib/python3.7/site-packages/airflow/example_dags/example_branch_python_dop_operator_3.py for tasks to queue
[2023-08-09T12:05:24.778+0000] {logging_mixin.py:150} INFO - [2023-08-09T12:05:24.778+0000] {dagbag.py:541} INFO - Filling up the DagBag from /home/airflow/.local/lib/python3.7/site-packages/airflow/example_dags/example_branch_python_dop_operator_3.py
[2023-08-09T12:05:24.784+0000] {processor.py:836} INFO - DAG(s) dict_keys(['example_branch_dop_operator_v3']) retrieved from /home/airflow/.local/lib/python3.7/site-packages/airflow/example_dags/example_branch_python_dop_operator_3.py
[2023-08-09T12:05:24.802+0000] {logging_mixin.py:150} INFO - [2023-08-09T12:05:24.802+0000] {dag.py:2742} INFO - Sync 1 DAGs
[2023-08-09T12:05:24.818+0000] {logging_mixin.py:150} INFO - [2023-08-09T12:05:24.818+0000] {dag.py:3508} INFO - Setting next_dagrun for example_branch_dop_operator_v3 to 2023-08-09T12:04:00+00:00, run_after=2023-08-09T12:05:00+00:00
[2023-08-09T12:05:24.827+0000] {processor.py:179} INFO - Processing /home/airflow/.local/lib/python3.7/site-packages/airflow/example_dags/example_branch_python_dop_operator_3.py took 0.055 seconds
[2023-08-09T12:05:54.985+0000] {processor.py:157} INFO - Started process (PID=353) to work on /home/airflow/.local/lib/python3.7/site-packages/airflow/example_dags/example_branch_python_dop_operator_3.py
[2023-08-09T12:05:54.986+0000] {processor.py:826} INFO - Processing file /home/airflow/.local/lib/python3.7/site-packages/airflow/example_dags/example_branch_python_dop_operator_3.py for tasks to queue
[2023-08-09T12:05:54.987+0000] {logging_mixin.py:150} INFO - [2023-08-09T12:05:54.987+0000] {dagbag.py:541} INFO - Filling up the DagBag from /home/airflow/.local/lib/python3.7/site-packages/airflow/example_dags/example_branch_python_dop_operator_3.py
[2023-08-09T12:05:54.993+0000] {processor.py:836} INFO - DAG(s) dict_keys(['example_branch_dop_operator_v3']) retrieved from /home/airflow/.local/lib/python3.7/site-packages/airflow/example_dags/example_branch_python_dop_operator_3.py
[2023-08-09T12:05:55.012+0000] {logging_mixin.py:150} INFO - [2023-08-09T12:05:55.012+0000] {dag.py:2742} INFO - Sync 1 DAGs
[2023-08-09T12:05:55.029+0000] {logging_mixin.py:150} INFO - [2023-08-09T12:05:55.029+0000] {dag.py:3508} INFO - Setting next_dagrun for example_branch_dop_operator_v3 to 2023-08-09T12:04:00+00:00, run_after=2023-08-09T12:05:00+00:00
[2023-08-09T12:05:55.040+0000] {processor.py:179} INFO - Processing /home/airflow/.local/lib/python3.7/site-packages/airflow/example_dags/example_branch_python_dop_operator_3.py took 0.056 seconds
[2023-08-09T12:06:25.323+0000] {processor.py:157} INFO - Started process (PID=412) to work on /home/airflow/.local/lib/python3.7/site-packages/airflow/example_dags/example_branch_python_dop_operator_3.py
[2023-08-09T12:06:25.324+0000] {processor.py:826} INFO - Processing file /home/airflow/.local/lib/python3.7/site-packages/airflow/example_dags/example_branch_python_dop_operator_3.py for tasks to queue
[2023-08-09T12:06:25.324+0000] {logging_mixin.py:150} INFO - [2023-08-09T12:06:25.324+0000] {dagbag.py:541} INFO - Filling up the DagBag from /home/airflow/.local/lib/python3.7/site-packages/airflow/example_dags/example_branch_python_dop_operator_3.py
[2023-08-09T12:06:25.330+0000] {processor.py:836} INFO - DAG(s) dict_keys(['example_branch_dop_operator_v3']) retrieved from /home/airflow/.local/lib/python3.7/site-packages/airflow/example_dags/example_branch_python_dop_operator_3.py
[2023-08-09T12:06:25.347+0000] {logging_mixin.py:150} INFO - [2023-08-09T12:06:25.347+0000] {dag.py:2742} INFO - Sync 1 DAGs
[2023-08-09T12:06:25.363+0000] {logging_mixin.py:150} INFO - [2023-08-09T12:06:25.363+0000] {dag.py:3508} INFO - Setting next_dagrun for example_branch_dop_operator_v3 to 2023-08-09T12:05:00+00:00, run_after=2023-08-09T12:06:00+00:00
[2023-08-09T12:06:25.372+0000] {processor.py:179} INFO - Processing /home/airflow/.local/lib/python3.7/site-packages/airflow/example_dags/example_branch_python_dop_operator_3.py took 0.052 seconds
[2023-08-09T12:06:55.621+0000] {processor.py:157} INFO - Started process (PID=471) to work on /home/airflow/.local/lib/python3.7/site-packages/airflow/example_dags/example_branch_python_dop_operator_3.py
[2023-08-09T12:06:55.624+0000] {processor.py:826} INFO - Processing file /home/airflow/.local/lib/python3.7/site-packages/airflow/example_dags/example_branch_python_dop_operator_3.py for tasks to queue
[2023-08-09T12:06:55.624+0000] {logging_mixin.py:150} INFO - [2023-08-09T12:06:55.624+0000] {dagbag.py:541} INFO - Filling up the DagBag from /home/airflow/.local/lib/python3.7/site-packages/airflow/example_dags/example_branch_python_dop_operator_3.py
[2023-08-09T12:06:55.630+0000] {processor.py:836} INFO - DAG(s) dict_keys(['example_branch_dop_operator_v3']) retrieved from /home/airflow/.local/lib/python3.7/site-packages/airflow/example_dags/example_branch_python_dop_operator_3.py
[2023-08-09T12:06:55.647+0000] {logging_mixin.py:150} INFO - [2023-08-09T12:06:55.647+0000] {dag.py:2742} INFO - Sync 1 DAGs
[2023-08-09T12:06:55.662+0000] {logging_mixin.py:150} INFO - [2023-08-09T12:06:55.662+0000] {dag.py:3508} INFO - Setting next_dagrun for example_branch_dop_operator_v3 to 2023-08-09T12:05:00+00:00, run_after=2023-08-09T12:06:00+00:00
[2023-08-09T12:06:55.672+0000] {processor.py:179} INFO - Processing /home/airflow/.local/lib/python3.7/site-packages/airflow/example_dags/example_branch_python_dop_operator_3.py took 0.054 seconds
[2023-08-09T12:07:28.043+0000] {processor.py:157} INFO - Started process (PID=530) to work on /home/airflow/.local/lib/python3.7/site-packages/airflow/example_dags/example_branch_python_dop_operator_3.py
[2023-08-09T12:07:28.044+0000] {processor.py:826} INFO - Processing file /home/airflow/.local/lib/python3.7/site-packages/airflow/example_dags/example_branch_python_dop_operator_3.py for tasks to queue
[2023-08-09T12:07:28.045+0000] {logging_mixin.py:150} INFO - [2023-08-09T12:07:28.045+0000] {dagbag.py:541} INFO - Filling up the DagBag from /home/airflow/.local/lib/python3.7/site-packages/airflow/example_dags/example_branch_python_dop_operator_3.py
[2023-08-09T12:07:28.051+0000] {processor.py:836} INFO - DAG(s) dict_keys(['example_branch_dop_operator_v3']) retrieved from /home/airflow/.local/lib/python3.7/site-packages/airflow/example_dags/example_branch_python_dop_operator_3.py
[2023-08-09T12:07:28.068+0000] {logging_mixin.py:150} INFO - [2023-08-09T12:07:28.068+0000] {dag.py:2742} INFO - Sync 1 DAGs
[2023-08-09T12:07:28.084+0000] {logging_mixin.py:150} INFO - [2023-08-09T12:07:28.084+0000] {dag.py:3508} INFO - Setting next_dagrun for example_branch_dop_operator_v3 to 2023-08-09T12:06:00+00:00, run_after=2023-08-09T12:07:00+00:00
[2023-08-09T12:07:28.094+0000] {processor.py:179} INFO - Processing /home/airflow/.local/lib/python3.7/site-packages/airflow/example_dags/example_branch_python_dop_operator_3.py took 0.054 seconds
[2023-08-09T12:16:44.127+0000] {processor.py:157} INFO - Started process (PID=591) to work on /home/airflow/.local/lib/python3.7/site-packages/airflow/example_dags/example_branch_python_dop_operator_3.py
[2023-08-09T12:16:44.128+0000] {processor.py:826} INFO - Processing file /home/airflow/.local/lib/python3.7/site-packages/airflow/example_dags/example_branch_python_dop_operator_3.py for tasks to queue
[2023-08-09T12:16:44.129+0000] {logging_mixin.py:150} INFO - [2023-08-09T12:16:44.129+0000] {dagbag.py:541} INFO - Filling up the DagBag from /home/airflow/.local/lib/python3.7/site-packages/airflow/example_dags/example_branch_python_dop_operator_3.py
[2023-08-09T12:16:44.135+0000] {processor.py:836} INFO - DAG(s) dict_keys(['example_branch_dop_operator_v3']) retrieved from /home/airflow/.local/lib/python3.7/site-packages/airflow/example_dags/example_branch_python_dop_operator_3.py
[2023-08-09T12:16:44.154+0000] {logging_mixin.py:150} INFO - [2023-08-09T12:16:44.154+0000] {dag.py:2742} INFO - Sync 1 DAGs
[2023-08-09T12:16:44.170+0000] {logging_mixin.py:150} INFO - [2023-08-09T12:16:44.170+0000] {dag.py:3508} INFO - Setting next_dagrun for example_branch_dop_operator_v3 to 2023-08-09T12:15:00+00:00, run_after=2023-08-09T12:16:00+00:00
[2023-08-09T12:16:44.181+0000] {processor.py:179} INFO - Processing /home/airflow/.local/lib/python3.7/site-packages/airflow/example_dags/example_branch_python_dop_operator_3.py took 0.057 seconds
[2023-08-09T12:17:15.086+0000] {processor.py:157} INFO - Started process (PID=650) to work on /home/airflow/.local/lib/python3.7/site-packages/airflow/example_dags/example_branch_python_dop_operator_3.py
[2023-08-09T12:17:15.087+0000] {processor.py:826} INFO - Processing file /home/airflow/.local/lib/python3.7/site-packages/airflow/example_dags/example_branch_python_dop_operator_3.py for tasks to queue
[2023-08-09T12:17:15.088+0000] {logging_mixin.py:150} INFO - [2023-08-09T12:17:15.088+0000] {dagbag.py:541} INFO - Filling up the DagBag from /home/airflow/.local/lib/python3.7/site-packages/airflow/example_dags/example_branch_python_dop_operator_3.py
[2023-08-09T12:17:15.094+0000] {processor.py:836} INFO - DAG(s) dict_keys(['example_branch_dop_operator_v3']) retrieved from /home/airflow/.local/lib/python3.7/site-packages/airflow/example_dags/example_branch_python_dop_operator_3.py
[2023-08-09T12:17:15.111+0000] {logging_mixin.py:150} INFO - [2023-08-09T12:17:15.111+0000] {dag.py:2742} INFO - Sync 1 DAGs
[2023-08-09T12:17:15.128+0000] {logging_mixin.py:150} INFO - [2023-08-09T12:17:15.128+0000] {dag.py:3508} INFO - Setting next_dagrun for example_branch_dop_operator_v3 to 2023-08-09T12:16:00+00:00, run_after=2023-08-09T12:17:00+00:00
[2023-08-09T12:17:15.137+0000] {processor.py:179} INFO - Processing /home/airflow/.local/lib/python3.7/site-packages/airflow/example_dags/example_branch_python_dop_operator_3.py took 0.053 seconds
[2023-08-09T12:33:46.704+0000] {processor.py:157} INFO - Started process (PID=709) to work on /home/airflow/.local/lib/python3.7/site-packages/airflow/example_dags/example_branch_python_dop_operator_3.py
[2023-08-09T12:33:46.705+0000] {processor.py:826} INFO - Processing file /home/airflow/.local/lib/python3.7/site-packages/airflow/example_dags/example_branch_python_dop_operator_3.py for tasks to queue
[2023-08-09T12:33:46.706+0000] {logging_mixin.py:150} INFO - [2023-08-09T12:33:46.706+0000] {dagbag.py:541} INFO - Filling up the DagBag from /home/airflow/.local/lib/python3.7/site-packages/airflow/example_dags/example_branch_python_dop_operator_3.py
[2023-08-09T12:33:46.712+0000] {processor.py:836} INFO - DAG(s) dict_keys(['example_branch_dop_operator_v3']) retrieved from /home/airflow/.local/lib/python3.7/site-packages/airflow/example_dags/example_branch_python_dop_operator_3.py
[2023-08-09T12:33:46.729+0000] {logging_mixin.py:150} INFO - [2023-08-09T12:33:46.729+0000] {dag.py:2742} INFO - Sync 1 DAGs
[2023-08-09T12:33:46.745+0000] {logging_mixin.py:150} INFO - [2023-08-09T12:33:46.745+0000] {dag.py:3508} INFO - Setting next_dagrun for example_branch_dop_operator_v3 to 2023-08-09T12:32:00+00:00, run_after=2023-08-09T12:33:00+00:00
[2023-08-09T12:33:46.754+0000] {processor.py:179} INFO - Processing /home/airflow/.local/lib/python3.7/site-packages/airflow/example_dags/example_branch_python_dop_operator_3.py took 0.052 seconds
[2023-08-09T13:56:51.850+0000] {processor.py:157} INFO - Started process (PID=768) to work on /home/airflow/.local/lib/python3.7/site-packages/airflow/example_dags/example_branch_python_dop_operator_3.py
[2023-08-09T13:56:51.851+0000] {processor.py:826} INFO - Processing file /home/airflow/.local/lib/python3.7/site-packages/airflow/example_dags/example_branch_python_dop_operator_3.py for tasks to queue
[2023-08-09T13:56:51.852+0000] {logging_mixin.py:150} INFO - [2023-08-09T13:56:51.852+0000] {dagbag.py:541} INFO - Filling up the DagBag from /home/airflow/.local/lib/python3.7/site-packages/airflow/example_dags/example_branch_python_dop_operator_3.py
[2023-08-09T13:56:51.858+0000] {processor.py:836} INFO - DAG(s) dict_keys(['example_branch_dop_operator_v3']) retrieved from /home/airflow/.local/lib/python3.7/site-packages/airflow/example_dags/example_branch_python_dop_operator_3.py
[2023-08-09T13:56:51.874+0000] {logging_mixin.py:150} INFO - [2023-08-09T13:56:51.874+0000] {dag.py:2742} INFO - Sync 1 DAGs
[2023-08-09T13:56:51.890+0000] {logging_mixin.py:150} INFO - [2023-08-09T13:56:51.890+0000] {dag.py:3508} INFO - Setting next_dagrun for example_branch_dop_operator_v3 to 2023-08-09T13:55:00+00:00, run_after=2023-08-09T13:56:00+00:00
[2023-08-09T13:56:51.899+0000] {processor.py:179} INFO - Processing /home/airflow/.local/lib/python3.7/site-packages/airflow/example_dags/example_branch_python_dop_operator_3.py took 0.051 seconds
[2023-08-09T14:58:26.051+0000] {processor.py:157} INFO - Started process (PID=827) to work on /home/airflow/.local/lib/python3.7/site-packages/airflow/example_dags/example_branch_python_dop_operator_3.py
[2023-08-09T14:58:26.052+0000] {processor.py:826} INFO - Processing file /home/airflow/.local/lib/python3.7/site-packages/airflow/example_dags/example_branch_python_dop_operator_3.py for tasks to queue
[2023-08-09T14:58:26.053+0000] {logging_mixin.py:150} INFO - [2023-08-09T14:58:26.053+0000] {dagbag.py:541} INFO - Filling up the DagBag from /home/airflow/.local/lib/python3.7/site-packages/airflow/example_dags/example_branch_python_dop_operator_3.py
[2023-08-09T14:58:26.059+0000] {processor.py:836} INFO - DAG(s) dict_keys(['example_branch_dop_operator_v3']) retrieved from /home/airflow/.local/lib/python3.7/site-packages/airflow/example_dags/example_branch_python_dop_operator_3.py
[2023-08-09T14:58:26.076+0000] {logging_mixin.py:150} INFO - [2023-08-09T14:58:26.075+0000] {dag.py:2742} INFO - Sync 1 DAGs
[2023-08-09T14:58:26.091+0000] {logging_mixin.py:150} INFO - [2023-08-09T14:58:26.091+0000] {dag.py:3508} INFO - Setting next_dagrun for example_branch_dop_operator_v3 to 2023-08-09T14:57:00+00:00, run_after=2023-08-09T14:58:00+00:00
[2023-08-09T14:58:26.105+0000] {processor.py:179} INFO - Processing /home/airflow/.local/lib/python3.7/site-packages/airflow/example_dags/example_branch_python_dop_operator_3.py took 0.056 seconds
[2023-08-09T14:58:59.109+0000] {processor.py:157} INFO - Started process (PID=887) to work on /home/airflow/.local/lib/python3.7/site-packages/airflow/example_dags/example_branch_python_dop_operator_3.py
[2023-08-09T14:58:59.110+0000] {processor.py:826} INFO - Processing file /home/airflow/.local/lib/python3.7/site-packages/airflow/example_dags/example_branch_python_dop_operator_3.py for tasks to queue
[2023-08-09T14:58:59.111+0000] {logging_mixin.py:150} INFO - [2023-08-09T14:58:59.111+0000] {dagbag.py:541} INFO - Filling up the DagBag from /home/airflow/.local/lib/python3.7/site-packages/airflow/example_dags/example_branch_python_dop_operator_3.py
[2023-08-09T14:58:59.118+0000] {processor.py:836} INFO - DAG(s) dict_keys(['example_branch_dop_operator_v3']) retrieved from /home/airflow/.local/lib/python3.7/site-packages/airflow/example_dags/example_branch_python_dop_operator_3.py
[2023-08-09T14:58:59.135+0000] {logging_mixin.py:150} INFO - [2023-08-09T14:58:59.135+0000] {dag.py:2742} INFO - Sync 1 DAGs
[2023-08-09T14:58:59.151+0000] {logging_mixin.py:150} INFO - [2023-08-09T14:58:59.151+0000] {dag.py:3508} INFO - Setting next_dagrun for example_branch_dop_operator_v3 to 2023-08-09T14:57:00+00:00, run_after=2023-08-09T14:58:00+00:00
[2023-08-09T14:58:59.161+0000] {processor.py:179} INFO - Processing /home/airflow/.local/lib/python3.7/site-packages/airflow/example_dags/example_branch_python_dop_operator_3.py took 0.054 seconds
[2023-08-09T16:16:43.327+0000] {processor.py:157} INFO - Started process (PID=946) to work on /home/airflow/.local/lib/python3.7/site-packages/airflow/example_dags/example_branch_python_dop_operator_3.py
[2023-08-09T16:16:43.328+0000] {processor.py:826} INFO - Processing file /home/airflow/.local/lib/python3.7/site-packages/airflow/example_dags/example_branch_python_dop_operator_3.py for tasks to queue
[2023-08-09T16:16:43.329+0000] {logging_mixin.py:150} INFO - [2023-08-09T16:16:43.329+0000] {dagbag.py:541} INFO - Filling up the DagBag from /home/airflow/.local/lib/python3.7/site-packages/airflow/example_dags/example_branch_python_dop_operator_3.py
[2023-08-09T16:16:43.335+0000] {processor.py:836} INFO - DAG(s) dict_keys(['example_branch_dop_operator_v3']) retrieved from /home/airflow/.local/lib/python3.7/site-packages/airflow/example_dags/example_branch_python_dop_operator_3.py
[2023-08-09T16:16:43.352+0000] {logging_mixin.py:150} INFO - [2023-08-09T16:16:43.352+0000] {dag.py:2742} INFO - Sync 1 DAGs
[2023-08-09T16:16:43.369+0000] {logging_mixin.py:150} INFO - [2023-08-09T16:16:43.369+0000] {dag.py:3508} INFO - Setting next_dagrun for example_branch_dop_operator_v3 to 2023-08-09T16:15:00+00:00, run_after=2023-08-09T16:16:00+00:00
[2023-08-09T16:16:43.379+0000] {processor.py:179} INFO - Processing /home/airflow/.local/lib/python3.7/site-packages/airflow/example_dags/example_branch_python_dop_operator_3.py took 0.054 seconds
[2023-08-09T17:36:41.498+0000] {processor.py:157} INFO - Started process (PID=1005) to work on /home/airflow/.local/lib/python3.7/site-packages/airflow/example_dags/example_branch_python_dop_operator_3.py
[2023-08-09T17:36:41.499+0000] {processor.py:826} INFO - Processing file /home/airflow/.local/lib/python3.7/site-packages/airflow/example_dags/example_branch_python_dop_operator_3.py for tasks to queue
[2023-08-09T17:36:41.500+0000] {logging_mixin.py:150} INFO - [2023-08-09T17:36:41.499+0000] {dagbag.py:541} INFO - Filling up the DagBag from /home/airflow/.local/lib/python3.7/site-packages/airflow/example_dags/example_branch_python_dop_operator_3.py
[2023-08-09T17:36:41.507+0000] {processor.py:836} INFO - DAG(s) dict_keys(['example_branch_dop_operator_v3']) retrieved from /home/airflow/.local/lib/python3.7/site-packages/airflow/example_dags/example_branch_python_dop_operator_3.py
[2023-08-09T17:36:41.527+0000] {logging_mixin.py:150} INFO - [2023-08-09T17:36:41.527+0000] {dag.py:2742} INFO - Sync 1 DAGs
[2023-08-09T17:36:41.547+0000] {logging_mixin.py:150} INFO - [2023-08-09T17:36:41.547+0000] {dag.py:3508} INFO - Setting next_dagrun for example_branch_dop_operator_v3 to 2023-08-09T17:35:00+00:00, run_after=2023-08-09T17:36:00+00:00
[2023-08-09T17:36:41.560+0000] {processor.py:179} INFO - Processing /home/airflow/.local/lib/python3.7/site-packages/airflow/example_dags/example_branch_python_dop_operator_3.py took 0.065 seconds
[2023-08-09T18:58:24.037+0000] {processor.py:157} INFO - Started process (PID=1064) to work on /home/airflow/.local/lib/python3.7/site-packages/airflow/example_dags/example_branch_python_dop_operator_3.py
[2023-08-09T18:58:24.039+0000] {processor.py:826} INFO - Processing file /home/airflow/.local/lib/python3.7/site-packages/airflow/example_dags/example_branch_python_dop_operator_3.py for tasks to queue
[2023-08-09T18:58:24.039+0000] {logging_mixin.py:150} INFO - [2023-08-09T18:58:24.039+0000] {dagbag.py:541} INFO - Filling up the DagBag from /home/airflow/.local/lib/python3.7/site-packages/airflow/example_dags/example_branch_python_dop_operator_3.py
[2023-08-09T18:58:24.046+0000] {processor.py:836} INFO - DAG(s) dict_keys(['example_branch_dop_operator_v3']) retrieved from /home/airflow/.local/lib/python3.7/site-packages/airflow/example_dags/example_branch_python_dop_operator_3.py
[2023-08-09T18:58:24.063+0000] {logging_mixin.py:150} INFO - [2023-08-09T18:58:24.063+0000] {dag.py:2742} INFO - Sync 1 DAGs
[2023-08-09T18:58:24.080+0000] {logging_mixin.py:150} INFO - [2023-08-09T18:58:24.080+0000] {dag.py:3508} INFO - Setting next_dagrun for example_branch_dop_operator_v3 to 2023-08-09T18:57:00+00:00, run_after=2023-08-09T18:58:00+00:00
[2023-08-09T18:58:24.089+0000] {processor.py:179} INFO - Processing /home/airflow/.local/lib/python3.7/site-packages/airflow/example_dags/example_branch_python_dop_operator_3.py took 0.055 seconds
[2023-08-09T20:21:03.717+0000] {processor.py:157} INFO - Started process (PID=1123) to work on /home/airflow/.local/lib/python3.7/site-packages/airflow/example_dags/example_branch_python_dop_operator_3.py
[2023-08-09T20:21:03.718+0000] {processor.py:826} INFO - Processing file /home/airflow/.local/lib/python3.7/site-packages/airflow/example_dags/example_branch_python_dop_operator_3.py for tasks to queue
[2023-08-09T20:21:03.719+0000] {logging_mixin.py:150} INFO - [2023-08-09T20:21:03.719+0000] {dagbag.py:541} INFO - Filling up the DagBag from /home/airflow/.local/lib/python3.7/site-packages/airflow/example_dags/example_branch_python_dop_operator_3.py
[2023-08-09T20:21:03.725+0000] {processor.py:836} INFO - DAG(s) dict_keys(['example_branch_dop_operator_v3']) retrieved from /home/airflow/.local/lib/python3.7/site-packages/airflow/example_dags/example_branch_python_dop_operator_3.py
[2023-08-09T20:21:03.743+0000] {logging_mixin.py:150} INFO - [2023-08-09T20:21:03.743+0000] {dag.py:2742} INFO - Sync 1 DAGs
[2023-08-09T20:21:03.759+0000] {logging_mixin.py:150} INFO - [2023-08-09T20:21:03.759+0000] {dag.py:3508} INFO - Setting next_dagrun for example_branch_dop_operator_v3 to 2023-08-09T20:20:00+00:00, run_after=2023-08-09T20:21:00+00:00
[2023-08-09T20:21:03.769+0000] {processor.py:179} INFO - Processing /home/airflow/.local/lib/python3.7/site-packages/airflow/example_dags/example_branch_python_dop_operator_3.py took 0.055 seconds
[2023-08-09T21:44:56.473+0000] {processor.py:157} INFO - Started process (PID=1182) to work on /home/airflow/.local/lib/python3.7/site-packages/airflow/example_dags/example_branch_python_dop_operator_3.py
[2023-08-09T21:44:56.474+0000] {processor.py:826} INFO - Processing file /home/airflow/.local/lib/python3.7/site-packages/airflow/example_dags/example_branch_python_dop_operator_3.py for tasks to queue
[2023-08-09T21:44:56.475+0000] {logging_mixin.py:150} INFO - [2023-08-09T21:44:56.474+0000] {dagbag.py:541} INFO - Filling up the DagBag from /home/airflow/.local/lib/python3.7/site-packages/airflow/example_dags/example_branch_python_dop_operator_3.py
[2023-08-09T21:44:56.481+0000] {processor.py:836} INFO - DAG(s) dict_keys(['example_branch_dop_operator_v3']) retrieved from /home/airflow/.local/lib/python3.7/site-packages/airflow/example_dags/example_branch_python_dop_operator_3.py
[2023-08-09T21:44:56.497+0000] {logging_mixin.py:150} INFO - [2023-08-09T21:44:56.497+0000] {dag.py:2742} INFO - Sync 1 DAGs
[2023-08-09T21:44:56.514+0000] {logging_mixin.py:150} INFO - [2023-08-09T21:44:56.513+0000] {dag.py:3508} INFO - Setting next_dagrun for example_branch_dop_operator_v3 to 2023-08-09T21:43:00+00:00, run_after=2023-08-09T21:44:00+00:00
[2023-08-09T21:44:56.524+0000] {processor.py:179} INFO - Processing /home/airflow/.local/lib/python3.7/site-packages/airflow/example_dags/example_branch_python_dop_operator_3.py took 0.054 seconds
[2023-08-09T22:36:37.072+0000] {processor.py:157} INFO - Started process (PID=1241) to work on /home/airflow/.local/lib/python3.7/site-packages/airflow/example_dags/example_branch_python_dop_operator_3.py
[2023-08-09T22:36:37.073+0000] {processor.py:826} INFO - Processing file /home/airflow/.local/lib/python3.7/site-packages/airflow/example_dags/example_branch_python_dop_operator_3.py for tasks to queue
[2023-08-09T22:36:37.074+0000] {logging_mixin.py:150} INFO - [2023-08-09T22:36:37.074+0000] {dagbag.py:541} INFO - Filling up the DagBag from /home/airflow/.local/lib/python3.7/site-packages/airflow/example_dags/example_branch_python_dop_operator_3.py
[2023-08-09T22:36:37.080+0000] {processor.py:836} INFO - DAG(s) dict_keys(['example_branch_dop_operator_v3']) retrieved from /home/airflow/.local/lib/python3.7/site-packages/airflow/example_dags/example_branch_python_dop_operator_3.py
[2023-08-09T22:36:37.097+0000] {logging_mixin.py:150} INFO - [2023-08-09T22:36:37.097+0000] {dag.py:2742} INFO - Sync 1 DAGs
[2023-08-09T22:36:37.113+0000] {logging_mixin.py:150} INFO - [2023-08-09T22:36:37.113+0000] {dag.py:3508} INFO - Setting next_dagrun for example_branch_dop_operator_v3 to 2023-08-09T22:35:00+00:00, run_after=2023-08-09T22:36:00+00:00
[2023-08-09T22:36:37.124+0000] {processor.py:179} INFO - Processing /home/airflow/.local/lib/python3.7/site-packages/airflow/example_dags/example_branch_python_dop_operator_3.py took 0.054 seconds
[2023-08-09T22:37:07.280+0000] {processor.py:157} INFO - Started process (PID=1300) to work on /home/airflow/.local/lib/python3.7/site-packages/airflow/example_dags/example_branch_python_dop_operator_3.py
[2023-08-09T22:37:07.281+0000] {processor.py:826} INFO - Processing file /home/airflow/.local/lib/python3.7/site-packages/airflow/example_dags/example_branch_python_dop_operator_3.py for tasks to queue
[2023-08-09T22:37:07.282+0000] {logging_mixin.py:150} INFO - [2023-08-09T22:37:07.282+0000] {dagbag.py:541} INFO - Filling up the DagBag from /home/airflow/.local/lib/python3.7/site-packages/airflow/example_dags/example_branch_python_dop_operator_3.py
[2023-08-09T22:37:07.288+0000] {processor.py:836} INFO - DAG(s) dict_keys(['example_branch_dop_operator_v3']) retrieved from /home/airflow/.local/lib/python3.7/site-packages/airflow/example_dags/example_branch_python_dop_operator_3.py
[2023-08-09T22:37:07.305+0000] {logging_mixin.py:150} INFO - [2023-08-09T22:37:07.305+0000] {dag.py:2742} INFO - Sync 1 DAGs
[2023-08-09T22:37:07.321+0000] {logging_mixin.py:150} INFO - [2023-08-09T22:37:07.321+0000] {dag.py:3508} INFO - Setting next_dagrun for example_branch_dop_operator_v3 to 2023-08-09T22:36:00+00:00, run_after=2023-08-09T22:37:00+00:00
[2023-08-09T22:37:07.330+0000] {processor.py:179} INFO - Processing /home/airflow/.local/lib/python3.7/site-packages/airflow/example_dags/example_branch_python_dop_operator_3.py took 0.053 seconds
[2023-08-09T22:37:37.516+0000] {processor.py:157} INFO - Started process (PID=1359) to work on /home/airflow/.local/lib/python3.7/site-packages/airflow/example_dags/example_branch_python_dop_operator_3.py
[2023-08-09T22:37:37.517+0000] {processor.py:826} INFO - Processing file /home/airflow/.local/lib/python3.7/site-packages/airflow/example_dags/example_branch_python_dop_operator_3.py for tasks to queue
[2023-08-09T22:37:37.518+0000] {logging_mixin.py:150} INFO - [2023-08-09T22:37:37.518+0000] {dagbag.py:541} INFO - Filling up the DagBag from /home/airflow/.local/lib/python3.7/site-packages/airflow/example_dags/example_branch_python_dop_operator_3.py
[2023-08-09T22:37:37.524+0000] {processor.py:836} INFO - DAG(s) dict_keys(['example_branch_dop_operator_v3']) retrieved from /home/airflow/.local/lib/python3.7/site-packages/airflow/example_dags/example_branch_python_dop_operator_3.py
[2023-08-09T22:37:37.542+0000] {logging_mixin.py:150} INFO - [2023-08-09T22:37:37.542+0000] {dag.py:2742} INFO - Sync 1 DAGs
[2023-08-09T22:37:37.558+0000] {logging_mixin.py:150} INFO - [2023-08-09T22:37:37.558+0000] {dag.py:3508} INFO - Setting next_dagrun for example_branch_dop_operator_v3 to 2023-08-09T22:36:00+00:00, run_after=2023-08-09T22:37:00+00:00
[2023-08-09T22:37:37.568+0000] {processor.py:179} INFO - Processing /home/airflow/.local/lib/python3.7/site-packages/airflow/example_dags/example_branch_python_dop_operator_3.py took 0.054 seconds
[2023-08-09T23:31:52.947+0000] {processor.py:157} INFO - Started process (PID=1418) to work on /home/airflow/.local/lib/python3.7/site-packages/airflow/example_dags/example_branch_python_dop_operator_3.py
[2023-08-09T23:31:52.948+0000] {processor.py:826} INFO - Processing file /home/airflow/.local/lib/python3.7/site-packages/airflow/example_dags/example_branch_python_dop_operator_3.py for tasks to queue
[2023-08-09T23:31:52.948+0000] {logging_mixin.py:150} INFO - [2023-08-09T23:31:52.948+0000] {dagbag.py:541} INFO - Filling up the DagBag from /home/airflow/.local/lib/python3.7/site-packages/airflow/example_dags/example_branch_python_dop_operator_3.py
[2023-08-09T23:31:52.954+0000] {processor.py:836} INFO - DAG(s) dict_keys(['example_branch_dop_operator_v3']) retrieved from /home/airflow/.local/lib/python3.7/site-packages/airflow/example_dags/example_branch_python_dop_operator_3.py
[2023-08-09T23:31:52.971+0000] {logging_mixin.py:150} INFO - [2023-08-09T23:31:52.971+0000] {dag.py:2742} INFO - Sync 1 DAGs
[2023-08-09T23:31:52.986+0000] {logging_mixin.py:150} INFO - [2023-08-09T23:31:52.986+0000] {dag.py:3508} INFO - Setting next_dagrun for example_branch_dop_operator_v3 to 2023-08-09T23:30:00+00:00, run_after=2023-08-09T23:31:00+00:00
[2023-08-09T23:31:52.995+0000] {processor.py:179} INFO - Processing /home/airflow/.local/lib/python3.7/site-packages/airflow/example_dags/example_branch_python_dop_operator_3.py took 0.051 seconds
