[2023-08-09T12:03:23.571+0000] {processor.py:157} INFO - Started process (PID=63) to work on /home/airflow/.local/lib/python3.7/site-packages/airflow/example_dags/example_short_circuit_decorator.py
[2023-08-09T12:03:23.573+0000] {processor.py:826} INFO - Processing file /home/airflow/.local/lib/python3.7/site-packages/airflow/example_dags/example_short_circuit_decorator.py for tasks to queue
[2023-08-09T12:03:23.576+0000] {logging_mixin.py:150} INFO - [2023-08-09T12:03:23.576+0000] {dagbag.py:541} INFO - Filling up the DagBag from /home/airflow/.local/lib/python3.7/site-packages/airflow/example_dags/example_short_circuit_decorator.py
[2023-08-09T12:03:23.587+0000] {processor.py:836} INFO - DAG(s) dict_keys(['example_short_circuit_decorator']) retrieved from /home/airflow/.local/lib/python3.7/site-packages/airflow/example_dags/example_short_circuit_decorator.py
[2023-08-09T12:03:23.601+0000] {logging_mixin.py:150} INFO - [2023-08-09T12:03:23.601+0000] {dag.py:2742} INFO - Sync 1 DAGs
[2023-08-09T12:03:23.620+0000] {logging_mixin.py:150} INFO - [2023-08-09T12:03:23.620+0000] {dag.py:3508} INFO - Setting next_dagrun for example_short_circuit_decorator to 2023-08-08T12:03:23.620003+00:00, run_after=2023-08-09T12:03:23.620003+00:00
[2023-08-09T12:03:23.632+0000] {processor.py:179} INFO - Processing /home/airflow/.local/lib/python3.7/site-packages/airflow/example_dags/example_short_circuit_decorator.py took 0.064 seconds
[2023-08-09T12:03:54.134+0000] {processor.py:157} INFO - Started process (PID=122) to work on /home/airflow/.local/lib/python3.7/site-packages/airflow/example_dags/example_short_circuit_decorator.py
[2023-08-09T12:03:54.136+0000] {processor.py:826} INFO - Processing file /home/airflow/.local/lib/python3.7/site-packages/airflow/example_dags/example_short_circuit_decorator.py for tasks to queue
[2023-08-09T12:03:54.137+0000] {logging_mixin.py:150} INFO - [2023-08-09T12:03:54.136+0000] {dagbag.py:541} INFO - Filling up the DagBag from /home/airflow/.local/lib/python3.7/site-packages/airflow/example_dags/example_short_circuit_decorator.py
[2023-08-09T12:03:54.143+0000] {processor.py:836} INFO - DAG(s) dict_keys(['example_short_circuit_decorator']) retrieved from /home/airflow/.local/lib/python3.7/site-packages/airflow/example_dags/example_short_circuit_decorator.py
[2023-08-09T12:03:54.161+0000] {logging_mixin.py:150} INFO - [2023-08-09T12:03:54.161+0000] {dag.py:2742} INFO - Sync 1 DAGs
[2023-08-09T12:03:54.175+0000] {logging_mixin.py:150} INFO - [2023-08-09T12:03:54.175+0000] {dag.py:3508} INFO - Setting next_dagrun for example_short_circuit_decorator to 2023-08-08T12:03:54.174993+00:00, run_after=2023-08-09T12:03:54.174993+00:00
[2023-08-09T12:03:54.184+0000] {processor.py:179} INFO - Processing /home/airflow/.local/lib/python3.7/site-packages/airflow/example_dags/example_short_circuit_decorator.py took 0.053 seconds
[2023-08-09T12:04:24.394+0000] {processor.py:157} INFO - Started process (PID=181) to work on /home/airflow/.local/lib/python3.7/site-packages/airflow/example_dags/example_short_circuit_decorator.py
[2023-08-09T12:04:24.395+0000] {processor.py:826} INFO - Processing file /home/airflow/.local/lib/python3.7/site-packages/airflow/example_dags/example_short_circuit_decorator.py for tasks to queue
[2023-08-09T12:04:24.396+0000] {logging_mixin.py:150} INFO - [2023-08-09T12:04:24.396+0000] {dagbag.py:541} INFO - Filling up the DagBag from /home/airflow/.local/lib/python3.7/site-packages/airflow/example_dags/example_short_circuit_decorator.py
[2023-08-09T12:04:24.403+0000] {processor.py:836} INFO - DAG(s) dict_keys(['example_short_circuit_decorator']) retrieved from /home/airflow/.local/lib/python3.7/site-packages/airflow/example_dags/example_short_circuit_decorator.py
[2023-08-09T12:04:24.422+0000] {logging_mixin.py:150} INFO - [2023-08-09T12:04:24.422+0000] {dag.py:2742} INFO - Sync 1 DAGs
[2023-08-09T12:04:24.437+0000] {logging_mixin.py:150} INFO - [2023-08-09T12:04:24.437+0000] {dag.py:3508} INFO - Setting next_dagrun for example_short_circuit_decorator to 2023-08-08T12:04:24.437560+00:00, run_after=2023-08-09T12:04:24.437560+00:00
[2023-08-09T12:04:24.449+0000] {processor.py:179} INFO - Processing /home/airflow/.local/lib/python3.7/site-packages/airflow/example_dags/example_short_circuit_decorator.py took 0.057 seconds
[2023-08-09T12:04:54.668+0000] {processor.py:157} INFO - Started process (PID=240) to work on /home/airflow/.local/lib/python3.7/site-packages/airflow/example_dags/example_short_circuit_decorator.py
[2023-08-09T12:04:54.669+0000] {processor.py:826} INFO - Processing file /home/airflow/.local/lib/python3.7/site-packages/airflow/example_dags/example_short_circuit_decorator.py for tasks to queue
[2023-08-09T12:04:54.670+0000] {logging_mixin.py:150} INFO - [2023-08-09T12:04:54.670+0000] {dagbag.py:541} INFO - Filling up the DagBag from /home/airflow/.local/lib/python3.7/site-packages/airflow/example_dags/example_short_circuit_decorator.py
[2023-08-09T12:04:54.677+0000] {processor.py:836} INFO - DAG(s) dict_keys(['example_short_circuit_decorator']) retrieved from /home/airflow/.local/lib/python3.7/site-packages/airflow/example_dags/example_short_circuit_decorator.py
[2023-08-09T12:04:54.694+0000] {logging_mixin.py:150} INFO - [2023-08-09T12:04:54.694+0000] {dag.py:2742} INFO - Sync 1 DAGs
[2023-08-09T12:04:54.708+0000] {logging_mixin.py:150} INFO - [2023-08-09T12:04:54.708+0000] {dag.py:3508} INFO - Setting next_dagrun for example_short_circuit_decorator to 2023-08-08T12:04:54.708112+00:00, run_after=2023-08-09T12:04:54.708112+00:00
[2023-08-09T12:04:54.717+0000] {processor.py:179} INFO - Processing /home/airflow/.local/lib/python3.7/site-packages/airflow/example_dags/example_short_circuit_decorator.py took 0.051 seconds
[2023-08-09T12:05:24.993+0000] {processor.py:157} INFO - Started process (PID=299) to work on /home/airflow/.local/lib/python3.7/site-packages/airflow/example_dags/example_short_circuit_decorator.py
[2023-08-09T12:05:24.994+0000] {processor.py:826} INFO - Processing file /home/airflow/.local/lib/python3.7/site-packages/airflow/example_dags/example_short_circuit_decorator.py for tasks to queue
[2023-08-09T12:05:24.995+0000] {logging_mixin.py:150} INFO - [2023-08-09T12:05:24.995+0000] {dagbag.py:541} INFO - Filling up the DagBag from /home/airflow/.local/lib/python3.7/site-packages/airflow/example_dags/example_short_circuit_decorator.py
[2023-08-09T12:05:25.002+0000] {processor.py:836} INFO - DAG(s) dict_keys(['example_short_circuit_decorator']) retrieved from /home/airflow/.local/lib/python3.7/site-packages/airflow/example_dags/example_short_circuit_decorator.py
[2023-08-09T12:05:25.020+0000] {logging_mixin.py:150} INFO - [2023-08-09T12:05:25.020+0000] {dag.py:2742} INFO - Sync 1 DAGs
[2023-08-09T12:05:25.034+0000] {logging_mixin.py:150} INFO - [2023-08-09T12:05:25.034+0000] {dag.py:3508} INFO - Setting next_dagrun for example_short_circuit_decorator to 2023-08-08T12:05:25.034708+00:00, run_after=2023-08-09T12:05:25.034708+00:00
[2023-08-09T12:05:25.045+0000] {processor.py:179} INFO - Processing /home/airflow/.local/lib/python3.7/site-packages/airflow/example_dags/example_short_circuit_decorator.py took 0.054 seconds
[2023-08-09T12:05:55.194+0000] {processor.py:157} INFO - Started process (PID=358) to work on /home/airflow/.local/lib/python3.7/site-packages/airflow/example_dags/example_short_circuit_decorator.py
[2023-08-09T12:05:55.195+0000] {processor.py:826} INFO - Processing file /home/airflow/.local/lib/python3.7/site-packages/airflow/example_dags/example_short_circuit_decorator.py for tasks to queue
[2023-08-09T12:05:55.196+0000] {logging_mixin.py:150} INFO - [2023-08-09T12:05:55.196+0000] {dagbag.py:541} INFO - Filling up the DagBag from /home/airflow/.local/lib/python3.7/site-packages/airflow/example_dags/example_short_circuit_decorator.py
[2023-08-09T12:05:55.202+0000] {processor.py:836} INFO - DAG(s) dict_keys(['example_short_circuit_decorator']) retrieved from /home/airflow/.local/lib/python3.7/site-packages/airflow/example_dags/example_short_circuit_decorator.py
[2023-08-09T12:05:55.220+0000] {logging_mixin.py:150} INFO - [2023-08-09T12:05:55.220+0000] {dag.py:2742} INFO - Sync 1 DAGs
[2023-08-09T12:05:55.235+0000] {logging_mixin.py:150} INFO - [2023-08-09T12:05:55.235+0000] {dag.py:3508} INFO - Setting next_dagrun for example_short_circuit_decorator to 2023-08-08T12:05:55.234931+00:00, run_after=2023-08-09T12:05:55.234931+00:00
[2023-08-09T12:05:55.245+0000] {processor.py:179} INFO - Processing /home/airflow/.local/lib/python3.7/site-packages/airflow/example_dags/example_short_circuit_decorator.py took 0.053 seconds
[2023-08-09T12:06:25.516+0000] {processor.py:157} INFO - Started process (PID=417) to work on /home/airflow/.local/lib/python3.7/site-packages/airflow/example_dags/example_short_circuit_decorator.py
[2023-08-09T12:06:25.518+0000] {processor.py:826} INFO - Processing file /home/airflow/.local/lib/python3.7/site-packages/airflow/example_dags/example_short_circuit_decorator.py for tasks to queue
[2023-08-09T12:06:25.519+0000] {logging_mixin.py:150} INFO - [2023-08-09T12:06:25.518+0000] {dagbag.py:541} INFO - Filling up the DagBag from /home/airflow/.local/lib/python3.7/site-packages/airflow/example_dags/example_short_circuit_decorator.py
[2023-08-09T12:06:25.526+0000] {processor.py:836} INFO - DAG(s) dict_keys(['example_short_circuit_decorator']) retrieved from /home/airflow/.local/lib/python3.7/site-packages/airflow/example_dags/example_short_circuit_decorator.py
[2023-08-09T12:06:25.544+0000] {logging_mixin.py:150} INFO - [2023-08-09T12:06:25.544+0000] {dag.py:2742} INFO - Sync 1 DAGs
[2023-08-09T12:06:25.559+0000] {logging_mixin.py:150} INFO - [2023-08-09T12:06:25.559+0000] {dag.py:3508} INFO - Setting next_dagrun for example_short_circuit_decorator to 2023-08-08T12:06:25.559022+00:00, run_after=2023-08-09T12:06:25.559022+00:00
[2023-08-09T12:06:25.568+0000] {processor.py:179} INFO - Processing /home/airflow/.local/lib/python3.7/site-packages/airflow/example_dags/example_short_circuit_decorator.py took 0.055 seconds
[2023-08-09T12:06:55.841+0000] {processor.py:157} INFO - Started process (PID=476) to work on /home/airflow/.local/lib/python3.7/site-packages/airflow/example_dags/example_short_circuit_decorator.py
[2023-08-09T12:06:55.842+0000] {processor.py:826} INFO - Processing file /home/airflow/.local/lib/python3.7/site-packages/airflow/example_dags/example_short_circuit_decorator.py for tasks to queue
[2023-08-09T12:06:55.843+0000] {logging_mixin.py:150} INFO - [2023-08-09T12:06:55.842+0000] {dagbag.py:541} INFO - Filling up the DagBag from /home/airflow/.local/lib/python3.7/site-packages/airflow/example_dags/example_short_circuit_decorator.py
[2023-08-09T12:06:55.849+0000] {processor.py:836} INFO - DAG(s) dict_keys(['example_short_circuit_decorator']) retrieved from /home/airflow/.local/lib/python3.7/site-packages/airflow/example_dags/example_short_circuit_decorator.py
[2023-08-09T12:06:55.866+0000] {logging_mixin.py:150} INFO - [2023-08-09T12:06:55.866+0000] {dag.py:2742} INFO - Sync 1 DAGs
[2023-08-09T12:06:55.880+0000] {logging_mixin.py:150} INFO - [2023-08-09T12:06:55.880+0000] {dag.py:3508} INFO - Setting next_dagrun for example_short_circuit_decorator to 2023-08-08T12:06:55.880609+00:00, run_after=2023-08-09T12:06:55.880609+00:00
[2023-08-09T12:06:55.890+0000] {processor.py:179} INFO - Processing /home/airflow/.local/lib/python3.7/site-packages/airflow/example_dags/example_short_circuit_decorator.py took 0.052 seconds
[2023-08-09T12:07:28.222+0000] {processor.py:157} INFO - Started process (PID=535) to work on /home/airflow/.local/lib/python3.7/site-packages/airflow/example_dags/example_short_circuit_decorator.py
[2023-08-09T12:07:28.223+0000] {processor.py:826} INFO - Processing file /home/airflow/.local/lib/python3.7/site-packages/airflow/example_dags/example_short_circuit_decorator.py for tasks to queue
[2023-08-09T12:07:28.224+0000] {logging_mixin.py:150} INFO - [2023-08-09T12:07:28.224+0000] {dagbag.py:541} INFO - Filling up the DagBag from /home/airflow/.local/lib/python3.7/site-packages/airflow/example_dags/example_short_circuit_decorator.py
[2023-08-09T12:07:28.230+0000] {processor.py:836} INFO - DAG(s) dict_keys(['example_short_circuit_decorator']) retrieved from /home/airflow/.local/lib/python3.7/site-packages/airflow/example_dags/example_short_circuit_decorator.py
[2023-08-09T12:07:28.248+0000] {logging_mixin.py:150} INFO - [2023-08-09T12:07:28.248+0000] {dag.py:2742} INFO - Sync 1 DAGs
[2023-08-09T12:07:28.263+0000] {logging_mixin.py:150} INFO - [2023-08-09T12:07:28.263+0000] {dag.py:3508} INFO - Setting next_dagrun for example_short_circuit_decorator to 2023-08-08T12:07:28.263134+00:00, run_after=2023-08-09T12:07:28.263134+00:00
[2023-08-09T12:07:28.274+0000] {processor.py:179} INFO - Processing /home/airflow/.local/lib/python3.7/site-packages/airflow/example_dags/example_short_circuit_decorator.py took 0.054 seconds
[2023-08-09T12:16:44.318+0000] {processor.py:157} INFO - Started process (PID=596) to work on /home/airflow/.local/lib/python3.7/site-packages/airflow/example_dags/example_short_circuit_decorator.py
[2023-08-09T12:16:44.319+0000] {processor.py:826} INFO - Processing file /home/airflow/.local/lib/python3.7/site-packages/airflow/example_dags/example_short_circuit_decorator.py for tasks to queue
[2023-08-09T12:16:44.320+0000] {logging_mixin.py:150} INFO - [2023-08-09T12:16:44.320+0000] {dagbag.py:541} INFO - Filling up the DagBag from /home/airflow/.local/lib/python3.7/site-packages/airflow/example_dags/example_short_circuit_decorator.py
[2023-08-09T12:16:44.327+0000] {processor.py:836} INFO - DAG(s) dict_keys(['example_short_circuit_decorator']) retrieved from /home/airflow/.local/lib/python3.7/site-packages/airflow/example_dags/example_short_circuit_decorator.py
[2023-08-09T12:16:44.346+0000] {logging_mixin.py:150} INFO - [2023-08-09T12:16:44.346+0000] {dag.py:2742} INFO - Sync 1 DAGs
[2023-08-09T12:16:44.362+0000] {logging_mixin.py:150} INFO - [2023-08-09T12:16:44.362+0000] {dag.py:3508} INFO - Setting next_dagrun for example_short_circuit_decorator to 2023-08-08T12:16:44.362519+00:00, run_after=2023-08-09T12:16:44.362519+00:00
[2023-08-09T12:16:44.372+0000] {processor.py:179} INFO - Processing /home/airflow/.local/lib/python3.7/site-packages/airflow/example_dags/example_short_circuit_decorator.py took 0.057 seconds
[2023-08-09T12:17:15.297+0000] {processor.py:157} INFO - Started process (PID=655) to work on /home/airflow/.local/lib/python3.7/site-packages/airflow/example_dags/example_short_circuit_decorator.py
[2023-08-09T12:17:15.298+0000] {processor.py:826} INFO - Processing file /home/airflow/.local/lib/python3.7/site-packages/airflow/example_dags/example_short_circuit_decorator.py for tasks to queue
[2023-08-09T12:17:15.298+0000] {logging_mixin.py:150} INFO - [2023-08-09T12:17:15.298+0000] {dagbag.py:541} INFO - Filling up the DagBag from /home/airflow/.local/lib/python3.7/site-packages/airflow/example_dags/example_short_circuit_decorator.py
[2023-08-09T12:17:15.305+0000] {processor.py:836} INFO - DAG(s) dict_keys(['example_short_circuit_decorator']) retrieved from /home/airflow/.local/lib/python3.7/site-packages/airflow/example_dags/example_short_circuit_decorator.py
[2023-08-09T12:17:15.323+0000] {logging_mixin.py:150} INFO - [2023-08-09T12:17:15.323+0000] {dag.py:2742} INFO - Sync 1 DAGs
[2023-08-09T12:17:15.336+0000] {logging_mixin.py:150} INFO - [2023-08-09T12:17:15.336+0000] {dag.py:3508} INFO - Setting next_dagrun for example_short_circuit_decorator to 2023-08-08T12:17:15.336581+00:00, run_after=2023-08-09T12:17:15.336581+00:00
[2023-08-09T12:17:15.346+0000] {processor.py:179} INFO - Processing /home/airflow/.local/lib/python3.7/site-packages/airflow/example_dags/example_short_circuit_decorator.py took 0.052 seconds
[2023-08-09T12:33:46.925+0000] {processor.py:157} INFO - Started process (PID=714) to work on /home/airflow/.local/lib/python3.7/site-packages/airflow/example_dags/example_short_circuit_decorator.py
[2023-08-09T12:33:46.926+0000] {processor.py:826} INFO - Processing file /home/airflow/.local/lib/python3.7/site-packages/airflow/example_dags/example_short_circuit_decorator.py for tasks to queue
[2023-08-09T12:33:46.927+0000] {logging_mixin.py:150} INFO - [2023-08-09T12:33:46.927+0000] {dagbag.py:541} INFO - Filling up the DagBag from /home/airflow/.local/lib/python3.7/site-packages/airflow/example_dags/example_short_circuit_decorator.py
[2023-08-09T12:33:46.934+0000] {processor.py:836} INFO - DAG(s) dict_keys(['example_short_circuit_decorator']) retrieved from /home/airflow/.local/lib/python3.7/site-packages/airflow/example_dags/example_short_circuit_decorator.py
[2023-08-09T12:33:46.952+0000] {logging_mixin.py:150} INFO - [2023-08-09T12:33:46.952+0000] {dag.py:2742} INFO - Sync 1 DAGs
[2023-08-09T12:33:46.966+0000] {logging_mixin.py:150} INFO - [2023-08-09T12:33:46.966+0000] {dag.py:3508} INFO - Setting next_dagrun for example_short_circuit_decorator to 2023-08-08T12:33:46.966328+00:00, run_after=2023-08-09T12:33:46.966328+00:00
[2023-08-09T12:33:46.976+0000] {processor.py:179} INFO - Processing /home/airflow/.local/lib/python3.7/site-packages/airflow/example_dags/example_short_circuit_decorator.py took 0.054 seconds
[2023-08-09T13:56:52.065+0000] {processor.py:157} INFO - Started process (PID=773) to work on /home/airflow/.local/lib/python3.7/site-packages/airflow/example_dags/example_short_circuit_decorator.py
[2023-08-09T13:56:52.066+0000] {processor.py:826} INFO - Processing file /home/airflow/.local/lib/python3.7/site-packages/airflow/example_dags/example_short_circuit_decorator.py for tasks to queue
[2023-08-09T13:56:52.067+0000] {logging_mixin.py:150} INFO - [2023-08-09T13:56:52.066+0000] {dagbag.py:541} INFO - Filling up the DagBag from /home/airflow/.local/lib/python3.7/site-packages/airflow/example_dags/example_short_circuit_decorator.py
[2023-08-09T13:56:52.073+0000] {processor.py:836} INFO - DAG(s) dict_keys(['example_short_circuit_decorator']) retrieved from /home/airflow/.local/lib/python3.7/site-packages/airflow/example_dags/example_short_circuit_decorator.py
[2023-08-09T13:56:52.091+0000] {logging_mixin.py:150} INFO - [2023-08-09T13:56:52.090+0000] {dag.py:2742} INFO - Sync 1 DAGs
[2023-08-09T13:56:52.105+0000] {logging_mixin.py:150} INFO - [2023-08-09T13:56:52.105+0000] {dag.py:3508} INFO - Setting next_dagrun for example_short_circuit_decorator to 2023-08-08T13:56:52.104963+00:00, run_after=2023-08-09T13:56:52.104963+00:00
[2023-08-09T13:56:52.114+0000] {processor.py:179} INFO - Processing /home/airflow/.local/lib/python3.7/site-packages/airflow/example_dags/example_short_circuit_decorator.py took 0.052 seconds
[2023-08-09T14:58:26.281+0000] {processor.py:157} INFO - Started process (PID=832) to work on /home/airflow/.local/lib/python3.7/site-packages/airflow/example_dags/example_short_circuit_decorator.py
[2023-08-09T14:58:26.282+0000] {processor.py:826} INFO - Processing file /home/airflow/.local/lib/python3.7/site-packages/airflow/example_dags/example_short_circuit_decorator.py for tasks to queue
[2023-08-09T14:58:26.283+0000] {logging_mixin.py:150} INFO - [2023-08-09T14:58:26.282+0000] {dagbag.py:541} INFO - Filling up the DagBag from /home/airflow/.local/lib/python3.7/site-packages/airflow/example_dags/example_short_circuit_decorator.py
[2023-08-09T14:58:26.289+0000] {processor.py:836} INFO - DAG(s) dict_keys(['example_short_circuit_decorator']) retrieved from /home/airflow/.local/lib/python3.7/site-packages/airflow/example_dags/example_short_circuit_decorator.py
[2023-08-09T14:58:26.306+0000] {logging_mixin.py:150} INFO - [2023-08-09T14:58:26.306+0000] {dag.py:2742} INFO - Sync 1 DAGs
[2023-08-09T14:58:26.321+0000] {logging_mixin.py:150} INFO - [2023-08-09T14:58:26.321+0000] {dag.py:3508} INFO - Setting next_dagrun for example_short_circuit_decorator to 2023-08-08T14:58:26.320820+00:00, run_after=2023-08-09T14:58:26.320820+00:00
[2023-08-09T14:58:26.331+0000] {processor.py:179} INFO - Processing /home/airflow/.local/lib/python3.7/site-packages/airflow/example_dags/example_short_circuit_decorator.py took 0.053 seconds
[2023-08-09T14:58:59.304+0000] {processor.py:157} INFO - Started process (PID=892) to work on /home/airflow/.local/lib/python3.7/site-packages/airflow/example_dags/example_short_circuit_decorator.py
[2023-08-09T14:58:59.305+0000] {processor.py:826} INFO - Processing file /home/airflow/.local/lib/python3.7/site-packages/airflow/example_dags/example_short_circuit_decorator.py for tasks to queue
[2023-08-09T14:58:59.307+0000] {logging_mixin.py:150} INFO - [2023-08-09T14:58:59.306+0000] {dagbag.py:541} INFO - Filling up the DagBag from /home/airflow/.local/lib/python3.7/site-packages/airflow/example_dags/example_short_circuit_decorator.py
[2023-08-09T14:58:59.314+0000] {processor.py:836} INFO - DAG(s) dict_keys(['example_short_circuit_decorator']) retrieved from /home/airflow/.local/lib/python3.7/site-packages/airflow/example_dags/example_short_circuit_decorator.py
[2023-08-09T14:58:59.332+0000] {logging_mixin.py:150} INFO - [2023-08-09T14:58:59.332+0000] {dag.py:2742} INFO - Sync 1 DAGs
[2023-08-09T14:58:59.347+0000] {logging_mixin.py:150} INFO - [2023-08-09T14:58:59.347+0000] {dag.py:3508} INFO - Setting next_dagrun for example_short_circuit_decorator to 2023-08-08T14:58:59.346939+00:00, run_after=2023-08-09T14:58:59.346939+00:00
[2023-08-09T14:58:59.357+0000] {processor.py:179} INFO - Processing /home/airflow/.local/lib/python3.7/site-packages/airflow/example_dags/example_short_circuit_decorator.py took 0.055 seconds
[2023-08-09T16:16:43.535+0000] {processor.py:157} INFO - Started process (PID=951) to work on /home/airflow/.local/lib/python3.7/site-packages/airflow/example_dags/example_short_circuit_decorator.py
[2023-08-09T16:16:43.536+0000] {processor.py:826} INFO - Processing file /home/airflow/.local/lib/python3.7/site-packages/airflow/example_dags/example_short_circuit_decorator.py for tasks to queue
[2023-08-09T16:16:43.537+0000] {logging_mixin.py:150} INFO - [2023-08-09T16:16:43.537+0000] {dagbag.py:541} INFO - Filling up the DagBag from /home/airflow/.local/lib/python3.7/site-packages/airflow/example_dags/example_short_circuit_decorator.py
[2023-08-09T16:16:43.544+0000] {processor.py:836} INFO - DAG(s) dict_keys(['example_short_circuit_decorator']) retrieved from /home/airflow/.local/lib/python3.7/site-packages/airflow/example_dags/example_short_circuit_decorator.py
[2023-08-09T16:16:43.562+0000] {logging_mixin.py:150} INFO - [2023-08-09T16:16:43.562+0000] {dag.py:2742} INFO - Sync 1 DAGs
[2023-08-09T16:16:43.576+0000] {logging_mixin.py:150} INFO - [2023-08-09T16:16:43.576+0000] {dag.py:3508} INFO - Setting next_dagrun for example_short_circuit_decorator to 2023-08-08T16:16:43.576716+00:00, run_after=2023-08-09T16:16:43.576716+00:00
[2023-08-09T16:16:43.587+0000] {processor.py:179} INFO - Processing /home/airflow/.local/lib/python3.7/site-packages/airflow/example_dags/example_short_circuit_decorator.py took 0.054 seconds
[2023-08-09T17:36:41.738+0000] {processor.py:157} INFO - Started process (PID=1010) to work on /home/airflow/.local/lib/python3.7/site-packages/airflow/example_dags/example_short_circuit_decorator.py
[2023-08-09T17:36:41.740+0000] {processor.py:826} INFO - Processing file /home/airflow/.local/lib/python3.7/site-packages/airflow/example_dags/example_short_circuit_decorator.py for tasks to queue
[2023-08-09T17:36:41.741+0000] {logging_mixin.py:150} INFO - [2023-08-09T17:36:41.740+0000] {dagbag.py:541} INFO - Filling up the DagBag from /home/airflow/.local/lib/python3.7/site-packages/airflow/example_dags/example_short_circuit_decorator.py
[2023-08-09T17:36:41.749+0000] {processor.py:836} INFO - DAG(s) dict_keys(['example_short_circuit_decorator']) retrieved from /home/airflow/.local/lib/python3.7/site-packages/airflow/example_dags/example_short_circuit_decorator.py
[2023-08-09T17:36:41.767+0000] {logging_mixin.py:150} INFO - [2023-08-09T17:36:41.767+0000] {dag.py:2742} INFO - Sync 1 DAGs
[2023-08-09T17:36:41.781+0000] {logging_mixin.py:150} INFO - [2023-08-09T17:36:41.781+0000] {dag.py:3508} INFO - Setting next_dagrun for example_short_circuit_decorator to 2023-08-08T17:36:41.781393+00:00, run_after=2023-08-09T17:36:41.781393+00:00
[2023-08-09T17:36:41.790+0000] {processor.py:179} INFO - Processing /home/airflow/.local/lib/python3.7/site-packages/airflow/example_dags/example_short_circuit_decorator.py took 0.056 seconds
[2023-08-09T18:58:24.256+0000] {processor.py:157} INFO - Started process (PID=1069) to work on /home/airflow/.local/lib/python3.7/site-packages/airflow/example_dags/example_short_circuit_decorator.py
[2023-08-09T18:58:24.257+0000] {processor.py:826} INFO - Processing file /home/airflow/.local/lib/python3.7/site-packages/airflow/example_dags/example_short_circuit_decorator.py for tasks to queue
[2023-08-09T18:58:24.258+0000] {logging_mixin.py:150} INFO - [2023-08-09T18:58:24.258+0000] {dagbag.py:541} INFO - Filling up the DagBag from /home/airflow/.local/lib/python3.7/site-packages/airflow/example_dags/example_short_circuit_decorator.py
[2023-08-09T18:58:24.266+0000] {processor.py:836} INFO - DAG(s) dict_keys(['example_short_circuit_decorator']) retrieved from /home/airflow/.local/lib/python3.7/site-packages/airflow/example_dags/example_short_circuit_decorator.py
[2023-08-09T18:58:24.284+0000] {logging_mixin.py:150} INFO - [2023-08-09T18:58:24.284+0000] {dag.py:2742} INFO - Sync 1 DAGs
[2023-08-09T18:58:24.298+0000] {logging_mixin.py:150} INFO - [2023-08-09T18:58:24.298+0000] {dag.py:3508} INFO - Setting next_dagrun for example_short_circuit_decorator to 2023-08-08T18:58:24.298284+00:00, run_after=2023-08-09T18:58:24.298284+00:00
[2023-08-09T18:58:24.308+0000] {processor.py:179} INFO - Processing /home/airflow/.local/lib/python3.7/site-packages/airflow/example_dags/example_short_circuit_decorator.py took 0.054 seconds
[2023-08-09T20:21:03.938+0000] {processor.py:157} INFO - Started process (PID=1128) to work on /home/airflow/.local/lib/python3.7/site-packages/airflow/example_dags/example_short_circuit_decorator.py
[2023-08-09T20:21:03.940+0000] {processor.py:826} INFO - Processing file /home/airflow/.local/lib/python3.7/site-packages/airflow/example_dags/example_short_circuit_decorator.py for tasks to queue
[2023-08-09T20:21:03.940+0000] {logging_mixin.py:150} INFO - [2023-08-09T20:21:03.940+0000] {dagbag.py:541} INFO - Filling up the DagBag from /home/airflow/.local/lib/python3.7/site-packages/airflow/example_dags/example_short_circuit_decorator.py
[2023-08-09T20:21:03.947+0000] {processor.py:836} INFO - DAG(s) dict_keys(['example_short_circuit_decorator']) retrieved from /home/airflow/.local/lib/python3.7/site-packages/airflow/example_dags/example_short_circuit_decorator.py
[2023-08-09T20:21:03.967+0000] {logging_mixin.py:150} INFO - [2023-08-09T20:21:03.967+0000] {dag.py:2742} INFO - Sync 1 DAGs
[2023-08-09T20:21:03.981+0000] {logging_mixin.py:150} INFO - [2023-08-09T20:21:03.981+0000] {dag.py:3508} INFO - Setting next_dagrun for example_short_circuit_decorator to 2023-08-08T20:21:03.981593+00:00, run_after=2023-08-09T20:21:03.981593+00:00
[2023-08-09T20:21:03.991+0000] {processor.py:179} INFO - Processing /home/airflow/.local/lib/python3.7/site-packages/airflow/example_dags/example_short_circuit_decorator.py took 0.056 seconds
[2023-08-09T21:44:56.695+0000] {processor.py:157} INFO - Started process (PID=1187) to work on /home/airflow/.local/lib/python3.7/site-packages/airflow/example_dags/example_short_circuit_decorator.py
[2023-08-09T21:44:56.697+0000] {processor.py:826} INFO - Processing file /home/airflow/.local/lib/python3.7/site-packages/airflow/example_dags/example_short_circuit_decorator.py for tasks to queue
[2023-08-09T21:44:56.698+0000] {logging_mixin.py:150} INFO - [2023-08-09T21:44:56.697+0000] {dagbag.py:541} INFO - Filling up the DagBag from /home/airflow/.local/lib/python3.7/site-packages/airflow/example_dags/example_short_circuit_decorator.py
[2023-08-09T21:44:56.705+0000] {processor.py:836} INFO - DAG(s) dict_keys(['example_short_circuit_decorator']) retrieved from /home/airflow/.local/lib/python3.7/site-packages/airflow/example_dags/example_short_circuit_decorator.py
[2023-08-09T21:44:56.723+0000] {logging_mixin.py:150} INFO - [2023-08-09T21:44:56.722+0000] {dag.py:2742} INFO - Sync 1 DAGs
[2023-08-09T21:44:56.738+0000] {logging_mixin.py:150} INFO - [2023-08-09T21:44:56.738+0000] {dag.py:3508} INFO - Setting next_dagrun for example_short_circuit_decorator to 2023-08-08T21:44:56.737820+00:00, run_after=2023-08-09T21:44:56.737820+00:00
[2023-08-09T21:44:56.747+0000] {processor.py:179} INFO - Processing /home/airflow/.local/lib/python3.7/site-packages/airflow/example_dags/example_short_circuit_decorator.py took 0.055 seconds
[2023-08-09T22:36:37.291+0000] {processor.py:157} INFO - Started process (PID=1246) to work on /home/airflow/.local/lib/python3.7/site-packages/airflow/example_dags/example_short_circuit_decorator.py
[2023-08-09T22:36:37.292+0000] {processor.py:826} INFO - Processing file /home/airflow/.local/lib/python3.7/site-packages/airflow/example_dags/example_short_circuit_decorator.py for tasks to queue
[2023-08-09T22:36:37.293+0000] {logging_mixin.py:150} INFO - [2023-08-09T22:36:37.293+0000] {dagbag.py:541} INFO - Filling up the DagBag from /home/airflow/.local/lib/python3.7/site-packages/airflow/example_dags/example_short_circuit_decorator.py
[2023-08-09T22:36:37.300+0000] {processor.py:836} INFO - DAG(s) dict_keys(['example_short_circuit_decorator']) retrieved from /home/airflow/.local/lib/python3.7/site-packages/airflow/example_dags/example_short_circuit_decorator.py
[2023-08-09T22:36:37.318+0000] {logging_mixin.py:150} INFO - [2023-08-09T22:36:37.318+0000] {dag.py:2742} INFO - Sync 1 DAGs
[2023-08-09T22:36:37.333+0000] {logging_mixin.py:150} INFO - [2023-08-09T22:36:37.332+0000] {dag.py:3508} INFO - Setting next_dagrun for example_short_circuit_decorator to 2023-08-08T22:36:37.332680+00:00, run_after=2023-08-09T22:36:37.332680+00:00
[2023-08-09T22:36:37.342+0000] {processor.py:179} INFO - Processing /home/airflow/.local/lib/python3.7/site-packages/airflow/example_dags/example_short_circuit_decorator.py took 0.053 seconds
[2023-08-09T22:37:07.468+0000] {processor.py:157} INFO - Started process (PID=1305) to work on /home/airflow/.local/lib/python3.7/site-packages/airflow/example_dags/example_short_circuit_decorator.py
[2023-08-09T22:37:07.469+0000] {processor.py:826} INFO - Processing file /home/airflow/.local/lib/python3.7/site-packages/airflow/example_dags/example_short_circuit_decorator.py for tasks to queue
[2023-08-09T22:37:07.470+0000] {logging_mixin.py:150} INFO - [2023-08-09T22:37:07.470+0000] {dagbag.py:541} INFO - Filling up the DagBag from /home/airflow/.local/lib/python3.7/site-packages/airflow/example_dags/example_short_circuit_decorator.py
[2023-08-09T22:37:07.477+0000] {processor.py:836} INFO - DAG(s) dict_keys(['example_short_circuit_decorator']) retrieved from /home/airflow/.local/lib/python3.7/site-packages/airflow/example_dags/example_short_circuit_decorator.py
[2023-08-09T22:37:07.495+0000] {logging_mixin.py:150} INFO - [2023-08-09T22:37:07.495+0000] {dag.py:2742} INFO - Sync 1 DAGs
[2023-08-09T22:37:07.509+0000] {logging_mixin.py:150} INFO - [2023-08-09T22:37:07.509+0000] {dag.py:3508} INFO - Setting next_dagrun for example_short_circuit_decorator to 2023-08-08T22:37:07.508949+00:00, run_after=2023-08-09T22:37:07.508949+00:00
[2023-08-09T22:37:07.518+0000] {processor.py:179} INFO - Processing /home/airflow/.local/lib/python3.7/site-packages/airflow/example_dags/example_short_circuit_decorator.py took 0.053 seconds
[2023-08-09T22:37:37.712+0000] {processor.py:157} INFO - Started process (PID=1364) to work on /home/airflow/.local/lib/python3.7/site-packages/airflow/example_dags/example_short_circuit_decorator.py
[2023-08-09T22:37:37.713+0000] {processor.py:826} INFO - Processing file /home/airflow/.local/lib/python3.7/site-packages/airflow/example_dags/example_short_circuit_decorator.py for tasks to queue
[2023-08-09T22:37:37.714+0000] {logging_mixin.py:150} INFO - [2023-08-09T22:37:37.714+0000] {dagbag.py:541} INFO - Filling up the DagBag from /home/airflow/.local/lib/python3.7/site-packages/airflow/example_dags/example_short_circuit_decorator.py
[2023-08-09T22:37:37.721+0000] {processor.py:836} INFO - DAG(s) dict_keys(['example_short_circuit_decorator']) retrieved from /home/airflow/.local/lib/python3.7/site-packages/airflow/example_dags/example_short_circuit_decorator.py
[2023-08-09T22:37:37.739+0000] {logging_mixin.py:150} INFO - [2023-08-09T22:37:37.739+0000] {dag.py:2742} INFO - Sync 1 DAGs
[2023-08-09T22:37:37.753+0000] {logging_mixin.py:150} INFO - [2023-08-09T22:37:37.753+0000] {dag.py:3508} INFO - Setting next_dagrun for example_short_circuit_decorator to 2023-08-08T22:37:37.753177+00:00, run_after=2023-08-09T22:37:37.753177+00:00
[2023-08-09T22:37:37.763+0000] {processor.py:179} INFO - Processing /home/airflow/.local/lib/python3.7/site-packages/airflow/example_dags/example_short_circuit_decorator.py took 0.053 seconds
[2023-08-09T23:31:53.185+0000] {processor.py:157} INFO - Started process (PID=1423) to work on /home/airflow/.local/lib/python3.7/site-packages/airflow/example_dags/example_short_circuit_decorator.py
[2023-08-09T23:31:53.186+0000] {processor.py:826} INFO - Processing file /home/airflow/.local/lib/python3.7/site-packages/airflow/example_dags/example_short_circuit_decorator.py for tasks to queue
[2023-08-09T23:31:53.186+0000] {logging_mixin.py:150} INFO - [2023-08-09T23:31:53.186+0000] {dagbag.py:541} INFO - Filling up the DagBag from /home/airflow/.local/lib/python3.7/site-packages/airflow/example_dags/example_short_circuit_decorator.py
[2023-08-09T23:31:53.193+0000] {processor.py:836} INFO - DAG(s) dict_keys(['example_short_circuit_decorator']) retrieved from /home/airflow/.local/lib/python3.7/site-packages/airflow/example_dags/example_short_circuit_decorator.py
[2023-08-09T23:31:53.211+0000] {logging_mixin.py:150} INFO - [2023-08-09T23:31:53.211+0000] {dag.py:2742} INFO - Sync 1 DAGs
[2023-08-09T23:31:53.226+0000] {logging_mixin.py:150} INFO - [2023-08-09T23:31:53.225+0000] {dag.py:3508} INFO - Setting next_dagrun for example_short_circuit_decorator to 2023-08-08T23:31:53.225779+00:00, run_after=2023-08-09T23:31:53.225779+00:00
[2023-08-09T23:31:53.235+0000] {processor.py:179} INFO - Processing /home/airflow/.local/lib/python3.7/site-packages/airflow/example_dags/example_short_circuit_decorator.py took 0.053 seconds
