[2023-08-09T12:03:23.405+0000] {processor.py:157} INFO - Started process (PID=61) to work on /home/airflow/.local/lib/python3.7/site-packages/airflow/example_dags/example_params_trigger_ui.py
[2023-08-09T12:03:23.408+0000] {processor.py:826} INFO - Processing file /home/airflow/.local/lib/python3.7/site-packages/airflow/example_dags/example_params_trigger_ui.py for tasks to queue
[2023-08-09T12:03:23.410+0000] {logging_mixin.py:150} INFO - [2023-08-09T12:03:23.409+0000] {dagbag.py:541} INFO - Filling up the DagBag from /home/airflow/.local/lib/python3.7/site-packages/airflow/example_dags/example_params_trigger_ui.py
[2023-08-09T12:03:23.437+0000] {processor.py:836} INFO - DAG(s) dict_keys(['example_params_trigger_ui']) retrieved from /home/airflow/.local/lib/python3.7/site-packages/airflow/example_dags/example_params_trigger_ui.py
[2023-08-09T12:03:23.467+0000] {logging_mixin.py:150} INFO - [2023-08-09T12:03:23.467+0000] {dag.py:2742} INFO - Sync 1 DAGs
[2023-08-09T12:03:23.492+0000] {logging_mixin.py:150} INFO - [2023-08-09T12:03:23.492+0000] {dag.py:3508} INFO - Setting next_dagrun for example_params_trigger_ui to None, run_after=None
[2023-08-09T12:03:23.518+0000] {processor.py:179} INFO - Processing /home/airflow/.local/lib/python3.7/site-packages/airflow/example_dags/example_params_trigger_ui.py took 0.125 seconds
[2023-08-09T12:03:54.034+0000] {processor.py:157} INFO - Started process (PID=120) to work on /home/airflow/.local/lib/python3.7/site-packages/airflow/example_dags/example_params_trigger_ui.py
[2023-08-09T12:03:54.035+0000] {processor.py:826} INFO - Processing file /home/airflow/.local/lib/python3.7/site-packages/airflow/example_dags/example_params_trigger_ui.py for tasks to queue
[2023-08-09T12:03:54.036+0000] {logging_mixin.py:150} INFO - [2023-08-09T12:03:54.035+0000] {dagbag.py:541} INFO - Filling up the DagBag from /home/airflow/.local/lib/python3.7/site-packages/airflow/example_dags/example_params_trigger_ui.py
[2023-08-09T12:03:54.048+0000] {processor.py:836} INFO - DAG(s) dict_keys(['example_params_trigger_ui']) retrieved from /home/airflow/.local/lib/python3.7/site-packages/airflow/example_dags/example_params_trigger_ui.py
[2023-08-09T12:03:54.092+0000] {logging_mixin.py:150} INFO - [2023-08-09T12:03:54.092+0000] {dag.py:2742} INFO - Sync 1 DAGs
[2023-08-09T12:03:54.105+0000] {logging_mixin.py:150} INFO - [2023-08-09T12:03:54.105+0000] {dag.py:3508} INFO - Setting next_dagrun for example_params_trigger_ui to None, run_after=None
[2023-08-09T12:03:54.114+0000] {processor.py:179} INFO - Processing /home/airflow/.local/lib/python3.7/site-packages/airflow/example_dags/example_params_trigger_ui.py took 0.083 seconds
[2023-08-09T12:04:24.290+0000] {processor.py:157} INFO - Started process (PID=179) to work on /home/airflow/.local/lib/python3.7/site-packages/airflow/example_dags/example_params_trigger_ui.py
[2023-08-09T12:04:24.291+0000] {processor.py:826} INFO - Processing file /home/airflow/.local/lib/python3.7/site-packages/airflow/example_dags/example_params_trigger_ui.py for tasks to queue
[2023-08-09T12:04:24.292+0000] {logging_mixin.py:150} INFO - [2023-08-09T12:04:24.292+0000] {dagbag.py:541} INFO - Filling up the DagBag from /home/airflow/.local/lib/python3.7/site-packages/airflow/example_dags/example_params_trigger_ui.py
[2023-08-09T12:04:24.306+0000] {processor.py:836} INFO - DAG(s) dict_keys(['example_params_trigger_ui']) retrieved from /home/airflow/.local/lib/python3.7/site-packages/airflow/example_dags/example_params_trigger_ui.py
[2023-08-09T12:04:24.349+0000] {logging_mixin.py:150} INFO - [2023-08-09T12:04:24.349+0000] {dag.py:2742} INFO - Sync 1 DAGs
[2023-08-09T12:04:24.363+0000] {logging_mixin.py:150} INFO - [2023-08-09T12:04:24.362+0000] {dag.py:3508} INFO - Setting next_dagrun for example_params_trigger_ui to None, run_after=None
[2023-08-09T12:04:24.373+0000] {processor.py:179} INFO - Processing /home/airflow/.local/lib/python3.7/site-packages/airflow/example_dags/example_params_trigger_ui.py took 0.085 seconds
[2023-08-09T12:04:54.574+0000] {processor.py:157} INFO - Started process (PID=238) to work on /home/airflow/.local/lib/python3.7/site-packages/airflow/example_dags/example_params_trigger_ui.py
[2023-08-09T12:04:54.575+0000] {processor.py:826} INFO - Processing file /home/airflow/.local/lib/python3.7/site-packages/airflow/example_dags/example_params_trigger_ui.py for tasks to queue
[2023-08-09T12:04:54.576+0000] {logging_mixin.py:150} INFO - [2023-08-09T12:04:54.576+0000] {dagbag.py:541} INFO - Filling up the DagBag from /home/airflow/.local/lib/python3.7/site-packages/airflow/example_dags/example_params_trigger_ui.py
[2023-08-09T12:04:54.590+0000] {processor.py:836} INFO - DAG(s) dict_keys(['example_params_trigger_ui']) retrieved from /home/airflow/.local/lib/python3.7/site-packages/airflow/example_dags/example_params_trigger_ui.py
[2023-08-09T12:04:54.632+0000] {logging_mixin.py:150} INFO - [2023-08-09T12:04:54.632+0000] {dag.py:2742} INFO - Sync 1 DAGs
[2023-08-09T12:04:54.645+0000] {logging_mixin.py:150} INFO - [2023-08-09T12:04:54.645+0000] {dag.py:3508} INFO - Setting next_dagrun for example_params_trigger_ui to None, run_after=None
[2023-08-09T12:04:54.655+0000] {processor.py:179} INFO - Processing /home/airflow/.local/lib/python3.7/site-packages/airflow/example_dags/example_params_trigger_ui.py took 0.083 seconds
[2023-08-09T12:05:24.915+0000] {processor.py:157} INFO - Started process (PID=297) to work on /home/airflow/.local/lib/python3.7/site-packages/airflow/example_dags/example_params_trigger_ui.py
[2023-08-09T12:05:24.916+0000] {processor.py:826} INFO - Processing file /home/airflow/.local/lib/python3.7/site-packages/airflow/example_dags/example_params_trigger_ui.py for tasks to queue
[2023-08-09T12:05:24.917+0000] {logging_mixin.py:150} INFO - [2023-08-09T12:05:24.916+0000] {dagbag.py:541} INFO - Filling up the DagBag from /home/airflow/.local/lib/python3.7/site-packages/airflow/example_dags/example_params_trigger_ui.py
[2023-08-09T12:05:24.930+0000] {processor.py:836} INFO - DAG(s) dict_keys(['example_params_trigger_ui']) retrieved from /home/airflow/.local/lib/python3.7/site-packages/airflow/example_dags/example_params_trigger_ui.py
[2023-08-09T12:05:24.972+0000] {logging_mixin.py:150} INFO - [2023-08-09T12:05:24.972+0000] {dag.py:2742} INFO - Sync 1 DAGs
[2023-08-09T12:05:24.986+0000] {logging_mixin.py:150} INFO - [2023-08-09T12:05:24.986+0000] {dag.py:3508} INFO - Setting next_dagrun for example_params_trigger_ui to None, run_after=None
[2023-08-09T12:05:24.995+0000] {processor.py:179} INFO - Processing /home/airflow/.local/lib/python3.7/site-packages/airflow/example_dags/example_params_trigger_ui.py took 0.083 seconds
[2023-08-09T12:05:55.090+0000] {processor.py:157} INFO - Started process (PID=356) to work on /home/airflow/.local/lib/python3.7/site-packages/airflow/example_dags/example_params_trigger_ui.py
[2023-08-09T12:05:55.092+0000] {processor.py:826} INFO - Processing file /home/airflow/.local/lib/python3.7/site-packages/airflow/example_dags/example_params_trigger_ui.py for tasks to queue
[2023-08-09T12:05:55.092+0000] {logging_mixin.py:150} INFO - [2023-08-09T12:05:55.092+0000] {dagbag.py:541} INFO - Filling up the DagBag from /home/airflow/.local/lib/python3.7/site-packages/airflow/example_dags/example_params_trigger_ui.py
[2023-08-09T12:05:55.106+0000] {processor.py:836} INFO - DAG(s) dict_keys(['example_params_trigger_ui']) retrieved from /home/airflow/.local/lib/python3.7/site-packages/airflow/example_dags/example_params_trigger_ui.py
[2023-08-09T12:05:55.150+0000] {logging_mixin.py:150} INFO - [2023-08-09T12:05:55.150+0000] {dag.py:2742} INFO - Sync 1 DAGs
[2023-08-09T12:05:55.164+0000] {logging_mixin.py:150} INFO - [2023-08-09T12:05:55.164+0000] {dag.py:3508} INFO - Setting next_dagrun for example_params_trigger_ui to None, run_after=None
[2023-08-09T12:05:55.174+0000] {processor.py:179} INFO - Processing /home/airflow/.local/lib/python3.7/site-packages/airflow/example_dags/example_params_trigger_ui.py took 0.086 seconds
[2023-08-09T12:06:25.406+0000] {processor.py:157} INFO - Started process (PID=415) to work on /home/airflow/.local/lib/python3.7/site-packages/airflow/example_dags/example_params_trigger_ui.py
[2023-08-09T12:06:25.408+0000] {processor.py:826} INFO - Processing file /home/airflow/.local/lib/python3.7/site-packages/airflow/example_dags/example_params_trigger_ui.py for tasks to queue
[2023-08-09T12:06:25.409+0000] {logging_mixin.py:150} INFO - [2023-08-09T12:06:25.408+0000] {dagbag.py:541} INFO - Filling up the DagBag from /home/airflow/.local/lib/python3.7/site-packages/airflow/example_dags/example_params_trigger_ui.py
[2023-08-09T12:06:25.422+0000] {processor.py:836} INFO - DAG(s) dict_keys(['example_params_trigger_ui']) retrieved from /home/airflow/.local/lib/python3.7/site-packages/airflow/example_dags/example_params_trigger_ui.py
[2023-08-09T12:06:25.471+0000] {logging_mixin.py:150} INFO - [2023-08-09T12:06:25.470+0000] {dag.py:2742} INFO - Sync 1 DAGs
[2023-08-09T12:06:25.486+0000] {logging_mixin.py:150} INFO - [2023-08-09T12:06:25.486+0000] {dag.py:3508} INFO - Setting next_dagrun for example_params_trigger_ui to None, run_after=None
[2023-08-09T12:06:25.495+0000] {processor.py:179} INFO - Processing /home/airflow/.local/lib/python3.7/site-packages/airflow/example_dags/example_params_trigger_ui.py took 0.092 seconds
[2023-08-09T12:06:55.768+0000] {processor.py:157} INFO - Started process (PID=474) to work on /home/airflow/.local/lib/python3.7/site-packages/airflow/example_dags/example_params_trigger_ui.py
[2023-08-09T12:06:55.769+0000] {processor.py:826} INFO - Processing file /home/airflow/.local/lib/python3.7/site-packages/airflow/example_dags/example_params_trigger_ui.py for tasks to queue
[2023-08-09T12:06:55.770+0000] {logging_mixin.py:150} INFO - [2023-08-09T12:06:55.770+0000] {dagbag.py:541} INFO - Filling up the DagBag from /home/airflow/.local/lib/python3.7/site-packages/airflow/example_dags/example_params_trigger_ui.py
[2023-08-09T12:06:55.784+0000] {processor.py:836} INFO - DAG(s) dict_keys(['example_params_trigger_ui']) retrieved from /home/airflow/.local/lib/python3.7/site-packages/airflow/example_dags/example_params_trigger_ui.py
[2023-08-09T12:06:55.827+0000] {logging_mixin.py:150} INFO - [2023-08-09T12:06:55.827+0000] {dag.py:2742} INFO - Sync 1 DAGs
[2023-08-09T12:06:55.843+0000] {logging_mixin.py:150} INFO - [2023-08-09T12:06:55.843+0000] {dag.py:3508} INFO - Setting next_dagrun for example_params_trigger_ui to None, run_after=None
[2023-08-09T12:06:55.852+0000] {processor.py:179} INFO - Processing /home/airflow/.local/lib/python3.7/site-packages/airflow/example_dags/example_params_trigger_ui.py took 0.087 seconds
[2023-08-09T12:07:28.121+0000] {processor.py:157} INFO - Started process (PID=533) to work on /home/airflow/.local/lib/python3.7/site-packages/airflow/example_dags/example_params_trigger_ui.py
[2023-08-09T12:07:28.122+0000] {processor.py:826} INFO - Processing file /home/airflow/.local/lib/python3.7/site-packages/airflow/example_dags/example_params_trigger_ui.py for tasks to queue
[2023-08-09T12:07:28.123+0000] {logging_mixin.py:150} INFO - [2023-08-09T12:07:28.123+0000] {dagbag.py:541} INFO - Filling up the DagBag from /home/airflow/.local/lib/python3.7/site-packages/airflow/example_dags/example_params_trigger_ui.py
[2023-08-09T12:07:28.136+0000] {processor.py:836} INFO - DAG(s) dict_keys(['example_params_trigger_ui']) retrieved from /home/airflow/.local/lib/python3.7/site-packages/airflow/example_dags/example_params_trigger_ui.py
[2023-08-09T12:07:28.178+0000] {logging_mixin.py:150} INFO - [2023-08-09T12:07:28.178+0000] {dag.py:2742} INFO - Sync 1 DAGs
[2023-08-09T12:07:28.192+0000] {logging_mixin.py:150} INFO - [2023-08-09T12:07:28.192+0000] {dag.py:3508} INFO - Setting next_dagrun for example_params_trigger_ui to None, run_after=None
[2023-08-09T12:07:28.202+0000] {processor.py:179} INFO - Processing /home/airflow/.local/lib/python3.7/site-packages/airflow/example_dags/example_params_trigger_ui.py took 0.083 seconds
[2023-08-09T12:16:44.213+0000] {processor.py:157} INFO - Started process (PID=594) to work on /home/airflow/.local/lib/python3.7/site-packages/airflow/example_dags/example_params_trigger_ui.py
[2023-08-09T12:16:44.214+0000] {processor.py:826} INFO - Processing file /home/airflow/.local/lib/python3.7/site-packages/airflow/example_dags/example_params_trigger_ui.py for tasks to queue
[2023-08-09T12:16:44.215+0000] {logging_mixin.py:150} INFO - [2023-08-09T12:16:44.215+0000] {dagbag.py:541} INFO - Filling up the DagBag from /home/airflow/.local/lib/python3.7/site-packages/airflow/example_dags/example_params_trigger_ui.py
[2023-08-09T12:16:44.229+0000] {processor.py:836} INFO - DAG(s) dict_keys(['example_params_trigger_ui']) retrieved from /home/airflow/.local/lib/python3.7/site-packages/airflow/example_dags/example_params_trigger_ui.py
[2023-08-09T12:16:44.272+0000] {logging_mixin.py:150} INFO - [2023-08-09T12:16:44.272+0000] {dag.py:2742} INFO - Sync 1 DAGs
[2023-08-09T12:16:44.286+0000] {logging_mixin.py:150} INFO - [2023-08-09T12:16:44.286+0000] {dag.py:3508} INFO - Setting next_dagrun for example_params_trigger_ui to None, run_after=None
[2023-08-09T12:16:44.296+0000] {processor.py:179} INFO - Processing /home/airflow/.local/lib/python3.7/site-packages/airflow/example_dags/example_params_trigger_ui.py took 0.086 seconds
[2023-08-09T12:17:15.195+0000] {processor.py:157} INFO - Started process (PID=653) to work on /home/airflow/.local/lib/python3.7/site-packages/airflow/example_dags/example_params_trigger_ui.py
[2023-08-09T12:17:15.196+0000] {processor.py:826} INFO - Processing file /home/airflow/.local/lib/python3.7/site-packages/airflow/example_dags/example_params_trigger_ui.py for tasks to queue
[2023-08-09T12:17:15.197+0000] {logging_mixin.py:150} INFO - [2023-08-09T12:17:15.196+0000] {dagbag.py:541} INFO - Filling up the DagBag from /home/airflow/.local/lib/python3.7/site-packages/airflow/example_dags/example_params_trigger_ui.py
[2023-08-09T12:17:15.210+0000] {processor.py:836} INFO - DAG(s) dict_keys(['example_params_trigger_ui']) retrieved from /home/airflow/.local/lib/python3.7/site-packages/airflow/example_dags/example_params_trigger_ui.py
[2023-08-09T12:17:15.254+0000] {logging_mixin.py:150} INFO - [2023-08-09T12:17:15.254+0000] {dag.py:2742} INFO - Sync 1 DAGs
[2023-08-09T12:17:15.268+0000] {logging_mixin.py:150} INFO - [2023-08-09T12:17:15.268+0000] {dag.py:3508} INFO - Setting next_dagrun for example_params_trigger_ui to None, run_after=None
[2023-08-09T12:17:15.278+0000] {processor.py:179} INFO - Processing /home/airflow/.local/lib/python3.7/site-packages/airflow/example_dags/example_params_trigger_ui.py took 0.086 seconds
[2023-08-09T12:33:46.835+0000] {processor.py:157} INFO - Started process (PID=712) to work on /home/airflow/.local/lib/python3.7/site-packages/airflow/example_dags/example_params_trigger_ui.py
[2023-08-09T12:33:46.836+0000] {processor.py:826} INFO - Processing file /home/airflow/.local/lib/python3.7/site-packages/airflow/example_dags/example_params_trigger_ui.py for tasks to queue
[2023-08-09T12:33:46.837+0000] {logging_mixin.py:150} INFO - [2023-08-09T12:33:46.837+0000] {dagbag.py:541} INFO - Filling up the DagBag from /home/airflow/.local/lib/python3.7/site-packages/airflow/example_dags/example_params_trigger_ui.py
[2023-08-09T12:33:46.851+0000] {processor.py:836} INFO - DAG(s) dict_keys(['example_params_trigger_ui']) retrieved from /home/airflow/.local/lib/python3.7/site-packages/airflow/example_dags/example_params_trigger_ui.py
[2023-08-09T12:33:46.893+0000] {logging_mixin.py:150} INFO - [2023-08-09T12:33:46.893+0000] {dag.py:2742} INFO - Sync 1 DAGs
[2023-08-09T12:33:46.907+0000] {logging_mixin.py:150} INFO - [2023-08-09T12:33:46.907+0000] {dag.py:3508} INFO - Setting next_dagrun for example_params_trigger_ui to None, run_after=None
[2023-08-09T12:33:46.916+0000] {processor.py:179} INFO - Processing /home/airflow/.local/lib/python3.7/site-packages/airflow/example_dags/example_params_trigger_ui.py took 0.084 seconds
[2023-08-09T13:56:51.980+0000] {processor.py:157} INFO - Started process (PID=771) to work on /home/airflow/.local/lib/python3.7/site-packages/airflow/example_dags/example_params_trigger_ui.py
[2023-08-09T13:56:51.981+0000] {processor.py:826} INFO - Processing file /home/airflow/.local/lib/python3.7/site-packages/airflow/example_dags/example_params_trigger_ui.py for tasks to queue
[2023-08-09T13:56:51.982+0000] {logging_mixin.py:150} INFO - [2023-08-09T13:56:51.982+0000] {dagbag.py:541} INFO - Filling up the DagBag from /home/airflow/.local/lib/python3.7/site-packages/airflow/example_dags/example_params_trigger_ui.py
[2023-08-09T13:56:51.995+0000] {processor.py:836} INFO - DAG(s) dict_keys(['example_params_trigger_ui']) retrieved from /home/airflow/.local/lib/python3.7/site-packages/airflow/example_dags/example_params_trigger_ui.py
[2023-08-09T13:56:52.037+0000] {logging_mixin.py:150} INFO - [2023-08-09T13:56:52.037+0000] {dag.py:2742} INFO - Sync 1 DAGs
[2023-08-09T13:56:52.050+0000] {logging_mixin.py:150} INFO - [2023-08-09T13:56:52.050+0000] {dag.py:3508} INFO - Setting next_dagrun for example_params_trigger_ui to None, run_after=None
[2023-08-09T13:56:52.060+0000] {processor.py:179} INFO - Processing /home/airflow/.local/lib/python3.7/site-packages/airflow/example_dags/example_params_trigger_ui.py took 0.083 seconds
[2023-08-09T14:58:26.185+0000] {processor.py:157} INFO - Started process (PID=830) to work on /home/airflow/.local/lib/python3.7/site-packages/airflow/example_dags/example_params_trigger_ui.py
[2023-08-09T14:58:26.186+0000] {processor.py:826} INFO - Processing file /home/airflow/.local/lib/python3.7/site-packages/airflow/example_dags/example_params_trigger_ui.py for tasks to queue
[2023-08-09T14:58:26.187+0000] {logging_mixin.py:150} INFO - [2023-08-09T14:58:26.187+0000] {dagbag.py:541} INFO - Filling up the DagBag from /home/airflow/.local/lib/python3.7/site-packages/airflow/example_dags/example_params_trigger_ui.py
[2023-08-09T14:58:26.201+0000] {processor.py:836} INFO - DAG(s) dict_keys(['example_params_trigger_ui']) retrieved from /home/airflow/.local/lib/python3.7/site-packages/airflow/example_dags/example_params_trigger_ui.py
[2023-08-09T14:58:26.246+0000] {logging_mixin.py:150} INFO - [2023-08-09T14:58:26.246+0000] {dag.py:2742} INFO - Sync 1 DAGs
[2023-08-09T14:58:26.260+0000] {logging_mixin.py:150} INFO - [2023-08-09T14:58:26.260+0000] {dag.py:3508} INFO - Setting next_dagrun for example_params_trigger_ui to None, run_after=None
[2023-08-09T14:58:26.270+0000] {processor.py:179} INFO - Processing /home/airflow/.local/lib/python3.7/site-packages/airflow/example_dags/example_params_trigger_ui.py took 0.087 seconds
[2023-08-09T14:58:59.195+0000] {processor.py:157} INFO - Started process (PID=890) to work on /home/airflow/.local/lib/python3.7/site-packages/airflow/example_dags/example_params_trigger_ui.py
[2023-08-09T14:58:59.197+0000] {processor.py:826} INFO - Processing file /home/airflow/.local/lib/python3.7/site-packages/airflow/example_dags/example_params_trigger_ui.py for tasks to queue
[2023-08-09T14:58:59.197+0000] {logging_mixin.py:150} INFO - [2023-08-09T14:58:59.197+0000] {dagbag.py:541} INFO - Filling up the DagBag from /home/airflow/.local/lib/python3.7/site-packages/airflow/example_dags/example_params_trigger_ui.py
[2023-08-09T14:58:59.211+0000] {processor.py:836} INFO - DAG(s) dict_keys(['example_params_trigger_ui']) retrieved from /home/airflow/.local/lib/python3.7/site-packages/airflow/example_dags/example_params_trigger_ui.py
[2023-08-09T14:58:59.259+0000] {logging_mixin.py:150} INFO - [2023-08-09T14:58:59.258+0000] {dag.py:2742} INFO - Sync 1 DAGs
[2023-08-09T14:58:59.273+0000] {logging_mixin.py:150} INFO - [2023-08-09T14:58:59.273+0000] {dag.py:3508} INFO - Setting next_dagrun for example_params_trigger_ui to None, run_after=None
[2023-08-09T14:58:59.283+0000] {processor.py:179} INFO - Processing /home/airflow/.local/lib/python3.7/site-packages/airflow/example_dags/example_params_trigger_ui.py took 0.091 seconds
[2023-08-09T16:16:43.427+0000] {processor.py:157} INFO - Started process (PID=949) to work on /home/airflow/.local/lib/python3.7/site-packages/airflow/example_dags/example_params_trigger_ui.py
[2023-08-09T16:16:43.429+0000] {processor.py:826} INFO - Processing file /home/airflow/.local/lib/python3.7/site-packages/airflow/example_dags/example_params_trigger_ui.py for tasks to queue
[2023-08-09T16:16:43.430+0000] {logging_mixin.py:150} INFO - [2023-08-09T16:16:43.429+0000] {dagbag.py:541} INFO - Filling up the DagBag from /home/airflow/.local/lib/python3.7/site-packages/airflow/example_dags/example_params_trigger_ui.py
[2023-08-09T16:16:43.443+0000] {processor.py:836} INFO - DAG(s) dict_keys(['example_params_trigger_ui']) retrieved from /home/airflow/.local/lib/python3.7/site-packages/airflow/example_dags/example_params_trigger_ui.py
[2023-08-09T16:16:43.490+0000] {logging_mixin.py:150} INFO - [2023-08-09T16:16:43.490+0000] {dag.py:2742} INFO - Sync 1 DAGs
[2023-08-09T16:16:43.504+0000] {logging_mixin.py:150} INFO - [2023-08-09T16:16:43.504+0000] {dag.py:3508} INFO - Setting next_dagrun for example_params_trigger_ui to None, run_after=None
[2023-08-09T16:16:43.514+0000] {processor.py:179} INFO - Processing /home/airflow/.local/lib/python3.7/site-packages/airflow/example_dags/example_params_trigger_ui.py took 0.089 seconds
[2023-08-09T17:36:41.652+0000] {processor.py:157} INFO - Started process (PID=1008) to work on /home/airflow/.local/lib/python3.7/site-packages/airflow/example_dags/example_params_trigger_ui.py
[2023-08-09T17:36:41.653+0000] {processor.py:826} INFO - Processing file /home/airflow/.local/lib/python3.7/site-packages/airflow/example_dags/example_params_trigger_ui.py for tasks to queue
[2023-08-09T17:36:41.654+0000] {logging_mixin.py:150} INFO - [2023-08-09T17:36:41.654+0000] {dagbag.py:541} INFO - Filling up the DagBag from /home/airflow/.local/lib/python3.7/site-packages/airflow/example_dags/example_params_trigger_ui.py
[2023-08-09T17:36:41.669+0000] {processor.py:836} INFO - DAG(s) dict_keys(['example_params_trigger_ui']) retrieved from /home/airflow/.local/lib/python3.7/site-packages/airflow/example_dags/example_params_trigger_ui.py
[2023-08-09T17:36:41.712+0000] {logging_mixin.py:150} INFO - [2023-08-09T17:36:41.712+0000] {dag.py:2742} INFO - Sync 1 DAGs
[2023-08-09T17:36:41.726+0000] {logging_mixin.py:150} INFO - [2023-08-09T17:36:41.725+0000] {dag.py:3508} INFO - Setting next_dagrun for example_params_trigger_ui to None, run_after=None
[2023-08-09T17:36:41.737+0000] {processor.py:179} INFO - Processing /home/airflow/.local/lib/python3.7/site-packages/airflow/example_dags/example_params_trigger_ui.py took 0.088 seconds
[2023-08-09T18:58:24.175+0000] {processor.py:157} INFO - Started process (PID=1067) to work on /home/airflow/.local/lib/python3.7/site-packages/airflow/example_dags/example_params_trigger_ui.py
[2023-08-09T18:58:24.176+0000] {processor.py:826} INFO - Processing file /home/airflow/.local/lib/python3.7/site-packages/airflow/example_dags/example_params_trigger_ui.py for tasks to queue
[2023-08-09T18:58:24.177+0000] {logging_mixin.py:150} INFO - [2023-08-09T18:58:24.177+0000] {dagbag.py:541} INFO - Filling up the DagBag from /home/airflow/.local/lib/python3.7/site-packages/airflow/example_dags/example_params_trigger_ui.py
[2023-08-09T18:58:24.191+0000] {processor.py:836} INFO - DAG(s) dict_keys(['example_params_trigger_ui']) retrieved from /home/airflow/.local/lib/python3.7/site-packages/airflow/example_dags/example_params_trigger_ui.py
[2023-08-09T18:58:24.233+0000] {logging_mixin.py:150} INFO - [2023-08-09T18:58:24.233+0000] {dag.py:2742} INFO - Sync 1 DAGs
[2023-08-09T18:58:24.247+0000] {logging_mixin.py:150} INFO - [2023-08-09T18:58:24.247+0000] {dag.py:3508} INFO - Setting next_dagrun for example_params_trigger_ui to None, run_after=None
[2023-08-09T18:58:24.256+0000] {processor.py:179} INFO - Processing /home/airflow/.local/lib/python3.7/site-packages/airflow/example_dags/example_params_trigger_ui.py took 0.084 seconds
[2023-08-09T20:21:03.864+0000] {processor.py:157} INFO - Started process (PID=1126) to work on /home/airflow/.local/lib/python3.7/site-packages/airflow/example_dags/example_params_trigger_ui.py
[2023-08-09T20:21:03.865+0000] {processor.py:826} INFO - Processing file /home/airflow/.local/lib/python3.7/site-packages/airflow/example_dags/example_params_trigger_ui.py for tasks to queue
[2023-08-09T20:21:03.866+0000] {logging_mixin.py:150} INFO - [2023-08-09T20:21:03.866+0000] {dagbag.py:541} INFO - Filling up the DagBag from /home/airflow/.local/lib/python3.7/site-packages/airflow/example_dags/example_params_trigger_ui.py
[2023-08-09T20:21:03.881+0000] {processor.py:836} INFO - DAG(s) dict_keys(['example_params_trigger_ui']) retrieved from /home/airflow/.local/lib/python3.7/site-packages/airflow/example_dags/example_params_trigger_ui.py
[2023-08-09T20:21:03.924+0000] {logging_mixin.py:150} INFO - [2023-08-09T20:21:03.924+0000] {dag.py:2742} INFO - Sync 1 DAGs
[2023-08-09T20:21:03.938+0000] {logging_mixin.py:150} INFO - [2023-08-09T20:21:03.938+0000] {dag.py:3508} INFO - Setting next_dagrun for example_params_trigger_ui to None, run_after=None
[2023-08-09T20:21:03.947+0000] {processor.py:179} INFO - Processing /home/airflow/.local/lib/python3.7/site-packages/airflow/example_dags/example_params_trigger_ui.py took 0.086 seconds
[2023-08-09T21:44:56.622+0000] {processor.py:157} INFO - Started process (PID=1185) to work on /home/airflow/.local/lib/python3.7/site-packages/airflow/example_dags/example_params_trigger_ui.py
[2023-08-09T21:44:56.623+0000] {processor.py:826} INFO - Processing file /home/airflow/.local/lib/python3.7/site-packages/airflow/example_dags/example_params_trigger_ui.py for tasks to queue
[2023-08-09T21:44:56.624+0000] {logging_mixin.py:150} INFO - [2023-08-09T21:44:56.624+0000] {dagbag.py:541} INFO - Filling up the DagBag from /home/airflow/.local/lib/python3.7/site-packages/airflow/example_dags/example_params_trigger_ui.py
[2023-08-09T21:44:56.638+0000] {processor.py:836} INFO - DAG(s) dict_keys(['example_params_trigger_ui']) retrieved from /home/airflow/.local/lib/python3.7/site-packages/airflow/example_dags/example_params_trigger_ui.py
[2023-08-09T21:44:56.681+0000] {logging_mixin.py:150} INFO - [2023-08-09T21:44:56.681+0000] {dag.py:2742} INFO - Sync 1 DAGs
[2023-08-09T21:44:56.695+0000] {logging_mixin.py:150} INFO - [2023-08-09T21:44:56.695+0000] {dag.py:3508} INFO - Setting next_dagrun for example_params_trigger_ui to None, run_after=None
[2023-08-09T21:44:56.705+0000] {processor.py:179} INFO - Processing /home/airflow/.local/lib/python3.7/site-packages/airflow/example_dags/example_params_trigger_ui.py took 0.086 seconds
[2023-08-09T22:36:37.208+0000] {processor.py:157} INFO - Started process (PID=1244) to work on /home/airflow/.local/lib/python3.7/site-packages/airflow/example_dags/example_params_trigger_ui.py
[2023-08-09T22:36:37.209+0000] {processor.py:826} INFO - Processing file /home/airflow/.local/lib/python3.7/site-packages/airflow/example_dags/example_params_trigger_ui.py for tasks to queue
[2023-08-09T22:36:37.210+0000] {logging_mixin.py:150} INFO - [2023-08-09T22:36:37.210+0000] {dagbag.py:541} INFO - Filling up the DagBag from /home/airflow/.local/lib/python3.7/site-packages/airflow/example_dags/example_params_trigger_ui.py
[2023-08-09T22:36:37.224+0000] {processor.py:836} INFO - DAG(s) dict_keys(['example_params_trigger_ui']) retrieved from /home/airflow/.local/lib/python3.7/site-packages/airflow/example_dags/example_params_trigger_ui.py
[2023-08-09T22:36:37.268+0000] {logging_mixin.py:150} INFO - [2023-08-09T22:36:37.268+0000] {dag.py:2742} INFO - Sync 1 DAGs
[2023-08-09T22:36:37.282+0000] {logging_mixin.py:150} INFO - [2023-08-09T22:36:37.282+0000] {dag.py:3508} INFO - Setting next_dagrun for example_params_trigger_ui to None, run_after=None
[2023-08-09T22:36:37.291+0000] {processor.py:179} INFO - Processing /home/airflow/.local/lib/python3.7/site-packages/airflow/example_dags/example_params_trigger_ui.py took 0.086 seconds
[2023-08-09T22:37:07.364+0000] {processor.py:157} INFO - Started process (PID=1303) to work on /home/airflow/.local/lib/python3.7/site-packages/airflow/example_dags/example_params_trigger_ui.py
[2023-08-09T22:37:07.365+0000] {processor.py:826} INFO - Processing file /home/airflow/.local/lib/python3.7/site-packages/airflow/example_dags/example_params_trigger_ui.py for tasks to queue
[2023-08-09T22:37:07.366+0000] {logging_mixin.py:150} INFO - [2023-08-09T22:37:07.366+0000] {dagbag.py:541} INFO - Filling up the DagBag from /home/airflow/.local/lib/python3.7/site-packages/airflow/example_dags/example_params_trigger_ui.py
[2023-08-09T22:37:07.380+0000] {processor.py:836} INFO - DAG(s) dict_keys(['example_params_trigger_ui']) retrieved from /home/airflow/.local/lib/python3.7/site-packages/airflow/example_dags/example_params_trigger_ui.py
[2023-08-09T22:37:07.424+0000] {logging_mixin.py:150} INFO - [2023-08-09T22:37:07.424+0000] {dag.py:2742} INFO - Sync 1 DAGs
[2023-08-09T22:37:07.438+0000] {logging_mixin.py:150} INFO - [2023-08-09T22:37:07.438+0000] {dag.py:3508} INFO - Setting next_dagrun for example_params_trigger_ui to None, run_after=None
[2023-08-09T22:37:07.447+0000] {processor.py:179} INFO - Processing /home/airflow/.local/lib/python3.7/site-packages/airflow/example_dags/example_params_trigger_ui.py took 0.085 seconds
[2023-08-09T22:37:37.610+0000] {processor.py:157} INFO - Started process (PID=1362) to work on /home/airflow/.local/lib/python3.7/site-packages/airflow/example_dags/example_params_trigger_ui.py
[2023-08-09T22:37:37.611+0000] {processor.py:826} INFO - Processing file /home/airflow/.local/lib/python3.7/site-packages/airflow/example_dags/example_params_trigger_ui.py for tasks to queue
[2023-08-09T22:37:37.612+0000] {logging_mixin.py:150} INFO - [2023-08-09T22:37:37.612+0000] {dagbag.py:541} INFO - Filling up the DagBag from /home/airflow/.local/lib/python3.7/site-packages/airflow/example_dags/example_params_trigger_ui.py
[2023-08-09T22:37:37.625+0000] {processor.py:836} INFO - DAG(s) dict_keys(['example_params_trigger_ui']) retrieved from /home/airflow/.local/lib/python3.7/site-packages/airflow/example_dags/example_params_trigger_ui.py
[2023-08-09T22:37:37.669+0000] {logging_mixin.py:150} INFO - [2023-08-09T22:37:37.669+0000] {dag.py:2742} INFO - Sync 1 DAGs
[2023-08-09T22:37:37.683+0000] {logging_mixin.py:150} INFO - [2023-08-09T22:37:37.683+0000] {dag.py:3508} INFO - Setting next_dagrun for example_params_trigger_ui to None, run_after=None
[2023-08-09T22:37:37.693+0000] {processor.py:179} INFO - Processing /home/airflow/.local/lib/python3.7/site-packages/airflow/example_dags/example_params_trigger_ui.py took 0.085 seconds
[2023-08-09T23:31:53.082+0000] {processor.py:157} INFO - Started process (PID=1421) to work on /home/airflow/.local/lib/python3.7/site-packages/airflow/example_dags/example_params_trigger_ui.py
[2023-08-09T23:31:53.083+0000] {processor.py:826} INFO - Processing file /home/airflow/.local/lib/python3.7/site-packages/airflow/example_dags/example_params_trigger_ui.py for tasks to queue
[2023-08-09T23:31:53.083+0000] {logging_mixin.py:150} INFO - [2023-08-09T23:31:53.083+0000] {dagbag.py:541} INFO - Filling up the DagBag from /home/airflow/.local/lib/python3.7/site-packages/airflow/example_dags/example_params_trigger_ui.py
[2023-08-09T23:31:53.098+0000] {processor.py:836} INFO - DAG(s) dict_keys(['example_params_trigger_ui']) retrieved from /home/airflow/.local/lib/python3.7/site-packages/airflow/example_dags/example_params_trigger_ui.py
[2023-08-09T23:31:53.140+0000] {logging_mixin.py:150} INFO - [2023-08-09T23:31:53.140+0000] {dag.py:2742} INFO - Sync 1 DAGs
[2023-08-09T23:31:53.154+0000] {logging_mixin.py:150} INFO - [2023-08-09T23:31:53.154+0000] {dag.py:3508} INFO - Setting next_dagrun for example_params_trigger_ui to None, run_after=None
[2023-08-09T23:31:53.163+0000] {processor.py:179} INFO - Processing /home/airflow/.local/lib/python3.7/site-packages/airflow/example_dags/example_params_trigger_ui.py took 0.084 seconds
