[2023-08-09T12:03:21.476+0000] {processor.py:157} INFO - Started process (PID=33) to work on /home/airflow/.local/lib/python3.7/site-packages/airflow/example_dags/example_datasets.py
[2023-08-09T12:03:21.479+0000] {processor.py:826} INFO - Processing file /home/airflow/.local/lib/python3.7/site-packages/airflow/example_dags/example_datasets.py for tasks to queue
[2023-08-09T12:03:21.480+0000] {logging_mixin.py:150} INFO - [2023-08-09T12:03:21.479+0000] {dagbag.py:541} INFO - Filling up the DagBag from /home/airflow/.local/lib/python3.7/site-packages/airflow/example_dags/example_datasets.py
[2023-08-09T12:03:21.490+0000] {processor.py:836} INFO - DAG(s) dict_keys(['dataset_consumes_1_never_scheduled', 'dataset_produces_1', 'dataset_produces_2', 'dataset_consumes_1', 'dataset_consumes_unknown_never_scheduled', 'dataset_consumes_1_and_2']) retrieved from /home/airflow/.local/lib/python3.7/site-packages/airflow/example_dags/example_datasets.py
[2023-08-09T12:03:21.503+0000] {logging_mixin.py:150} INFO - [2023-08-09T12:03:21.502+0000] {dag.py:2742} INFO - Sync 6 DAGs
[2023-08-09T12:03:21.529+0000] {logging_mixin.py:150} INFO - [2023-08-09T12:03:21.529+0000] {dag.py:3508} INFO - Setting next_dagrun for dataset_consumes_1 to None, run_after=None
[2023-08-09T12:03:21.548+0000] {logging_mixin.py:150} INFO - [2023-08-09T12:03:21.548+0000] {dag.py:3508} INFO - Setting next_dagrun for dataset_consumes_1_and_2 to None, run_after=None
[2023-08-09T12:03:21.550+0000] {logging_mixin.py:150} INFO - [2023-08-09T12:03:21.550+0000] {dag.py:3508} INFO - Setting next_dagrun for dataset_consumes_1_never_scheduled to None, run_after=None
[2023-08-09T12:03:21.551+0000] {logging_mixin.py:150} INFO - [2023-08-09T12:03:21.551+0000] {dag.py:3508} INFO - Setting next_dagrun for dataset_consumes_unknown_never_scheduled to None, run_after=None
[2023-08-09T12:03:21.553+0000] {logging_mixin.py:150} INFO - [2023-08-09T12:03:21.553+0000] {dag.py:3508} INFO - Setting next_dagrun for dataset_produces_1 to 2023-08-08T00:00:00+00:00, run_after=2023-08-09T00:00:00+00:00
[2023-08-09T12:03:21.554+0000] {logging_mixin.py:150} INFO - [2023-08-09T12:03:21.554+0000] {dag.py:3508} INFO - Setting next_dagrun for dataset_produces_2 to None, run_after=None
[2023-08-09T12:03:21.604+0000] {processor.py:179} INFO - Processing /home/airflow/.local/lib/python3.7/site-packages/airflow/example_dags/example_datasets.py took 0.131 seconds
[2023-08-09T12:03:52.581+0000] {processor.py:157} INFO - Started process (PID=92) to work on /home/airflow/.local/lib/python3.7/site-packages/airflow/example_dags/example_datasets.py
[2023-08-09T12:03:52.583+0000] {processor.py:826} INFO - Processing file /home/airflow/.local/lib/python3.7/site-packages/airflow/example_dags/example_datasets.py for tasks to queue
[2023-08-09T12:03:52.584+0000] {logging_mixin.py:150} INFO - [2023-08-09T12:03:52.583+0000] {dagbag.py:541} INFO - Filling up the DagBag from /home/airflow/.local/lib/python3.7/site-packages/airflow/example_dags/example_datasets.py
[2023-08-09T12:03:52.593+0000] {processor.py:836} INFO - DAG(s) dict_keys(['dataset_produces_1', 'dataset_produces_2', 'dataset_consumes_1_never_scheduled', 'dataset_consumes_1_and_2', 'dataset_consumes_unknown_never_scheduled', 'dataset_consumes_1']) retrieved from /home/airflow/.local/lib/python3.7/site-packages/airflow/example_dags/example_datasets.py
[2023-08-09T12:03:52.621+0000] {logging_mixin.py:150} INFO - [2023-08-09T12:03:52.621+0000] {dag.py:2742} INFO - Sync 6 DAGs
[2023-08-09T12:03:52.635+0000] {logging_mixin.py:150} INFO - [2023-08-09T12:03:52.635+0000] {dag.py:3508} INFO - Setting next_dagrun for dataset_consumes_1 to None, run_after=None
[2023-08-09T12:03:52.637+0000] {logging_mixin.py:150} INFO - [2023-08-09T12:03:52.637+0000] {dag.py:3508} INFO - Setting next_dagrun for dataset_consumes_1_and_2 to None, run_after=None
[2023-08-09T12:03:52.638+0000] {logging_mixin.py:150} INFO - [2023-08-09T12:03:52.638+0000] {dag.py:3508} INFO - Setting next_dagrun for dataset_consumes_1_never_scheduled to None, run_after=None
[2023-08-09T12:03:52.639+0000] {logging_mixin.py:150} INFO - [2023-08-09T12:03:52.639+0000] {dag.py:3508} INFO - Setting next_dagrun for dataset_consumes_unknown_never_scheduled to None, run_after=None
[2023-08-09T12:03:52.641+0000] {logging_mixin.py:150} INFO - [2023-08-09T12:03:52.641+0000] {dag.py:3508} INFO - Setting next_dagrun for dataset_produces_1 to 2023-08-08T00:00:00+00:00, run_after=2023-08-09T00:00:00+00:00
[2023-08-09T12:03:52.642+0000] {logging_mixin.py:150} INFO - [2023-08-09T12:03:52.642+0000] {dag.py:3508} INFO - Setting next_dagrun for dataset_produces_2 to None, run_after=None
[2023-08-09T12:03:52.659+0000] {processor.py:179} INFO - Processing /home/airflow/.local/lib/python3.7/site-packages/airflow/example_dags/example_datasets.py took 0.081 seconds
[2023-08-09T12:04:23.115+0000] {processor.py:157} INFO - Started process (PID=151) to work on /home/airflow/.local/lib/python3.7/site-packages/airflow/example_dags/example_datasets.py
[2023-08-09T12:04:23.117+0000] {processor.py:826} INFO - Processing file /home/airflow/.local/lib/python3.7/site-packages/airflow/example_dags/example_datasets.py for tasks to queue
[2023-08-09T12:04:23.119+0000] {logging_mixin.py:150} INFO - [2023-08-09T12:04:23.118+0000] {dagbag.py:541} INFO - Filling up the DagBag from /home/airflow/.local/lib/python3.7/site-packages/airflow/example_dags/example_datasets.py
[2023-08-09T12:04:23.131+0000] {processor.py:836} INFO - DAG(s) dict_keys(['dataset_consumes_1_and_2', 'dataset_produces_1', 'dataset_consumes_unknown_never_scheduled', 'dataset_consumes_1_never_scheduled', 'dataset_produces_2', 'dataset_consumes_1']) retrieved from /home/airflow/.local/lib/python3.7/site-packages/airflow/example_dags/example_datasets.py
[2023-08-09T12:04:23.162+0000] {logging_mixin.py:150} INFO - [2023-08-09T12:04:23.162+0000] {dag.py:2742} INFO - Sync 6 DAGs
[2023-08-09T12:04:23.177+0000] {logging_mixin.py:150} INFO - [2023-08-09T12:04:23.177+0000] {dag.py:3508} INFO - Setting next_dagrun for dataset_consumes_1 to None, run_after=None
[2023-08-09T12:04:23.179+0000] {logging_mixin.py:150} INFO - [2023-08-09T12:04:23.179+0000] {dag.py:3508} INFO - Setting next_dagrun for dataset_consumes_1_and_2 to None, run_after=None
[2023-08-09T12:04:23.180+0000] {logging_mixin.py:150} INFO - [2023-08-09T12:04:23.180+0000] {dag.py:3508} INFO - Setting next_dagrun for dataset_consumes_1_never_scheduled to None, run_after=None
[2023-08-09T12:04:23.181+0000] {logging_mixin.py:150} INFO - [2023-08-09T12:04:23.181+0000] {dag.py:3508} INFO - Setting next_dagrun for dataset_consumes_unknown_never_scheduled to None, run_after=None
[2023-08-09T12:04:23.183+0000] {logging_mixin.py:150} INFO - [2023-08-09T12:04:23.183+0000] {dag.py:3508} INFO - Setting next_dagrun for dataset_produces_1 to 2023-08-08T00:00:00+00:00, run_after=2023-08-09T00:00:00+00:00
[2023-08-09T12:04:23.184+0000] {logging_mixin.py:150} INFO - [2023-08-09T12:04:23.184+0000] {dag.py:3508} INFO - Setting next_dagrun for dataset_produces_2 to None, run_after=None
[2023-08-09T12:04:23.202+0000] {processor.py:179} INFO - Processing /home/airflow/.local/lib/python3.7/site-packages/airflow/example_dags/example_datasets.py took 0.092 seconds
[2023-08-09T12:04:53.374+0000] {processor.py:157} INFO - Started process (PID=210) to work on /home/airflow/.local/lib/python3.7/site-packages/airflow/example_dags/example_datasets.py
[2023-08-09T12:04:53.375+0000] {processor.py:826} INFO - Processing file /home/airflow/.local/lib/python3.7/site-packages/airflow/example_dags/example_datasets.py for tasks to queue
[2023-08-09T12:04:53.377+0000] {logging_mixin.py:150} INFO - [2023-08-09T12:04:53.377+0000] {dagbag.py:541} INFO - Filling up the DagBag from /home/airflow/.local/lib/python3.7/site-packages/airflow/example_dags/example_datasets.py
[2023-08-09T12:04:53.387+0000] {processor.py:836} INFO - DAG(s) dict_keys(['dataset_produces_1', 'dataset_consumes_1', 'dataset_consumes_unknown_never_scheduled', 'dataset_consumes_1_and_2', 'dataset_produces_2', 'dataset_consumes_1_never_scheduled']) retrieved from /home/airflow/.local/lib/python3.7/site-packages/airflow/example_dags/example_datasets.py
[2023-08-09T12:04:53.417+0000] {logging_mixin.py:150} INFO - [2023-08-09T12:04:53.417+0000] {dag.py:2742} INFO - Sync 6 DAGs
[2023-08-09T12:04:53.431+0000] {logging_mixin.py:150} INFO - [2023-08-09T12:04:53.431+0000] {dag.py:3508} INFO - Setting next_dagrun for dataset_consumes_1 to None, run_after=None
[2023-08-09T12:04:53.433+0000] {logging_mixin.py:150} INFO - [2023-08-09T12:04:53.433+0000] {dag.py:3508} INFO - Setting next_dagrun for dataset_consumes_1_and_2 to None, run_after=None
[2023-08-09T12:04:53.434+0000] {logging_mixin.py:150} INFO - [2023-08-09T12:04:53.434+0000] {dag.py:3508} INFO - Setting next_dagrun for dataset_consumes_1_never_scheduled to None, run_after=None
[2023-08-09T12:04:53.435+0000] {logging_mixin.py:150} INFO - [2023-08-09T12:04:53.435+0000] {dag.py:3508} INFO - Setting next_dagrun for dataset_consumes_unknown_never_scheduled to None, run_after=None
[2023-08-09T12:04:53.437+0000] {logging_mixin.py:150} INFO - [2023-08-09T12:04:53.436+0000] {dag.py:3508} INFO - Setting next_dagrun for dataset_produces_1 to 2023-08-08T00:00:00+00:00, run_after=2023-08-09T00:00:00+00:00
[2023-08-09T12:04:53.437+0000] {logging_mixin.py:150} INFO - [2023-08-09T12:04:53.437+0000] {dag.py:3508} INFO - Setting next_dagrun for dataset_produces_2 to None, run_after=None
[2023-08-09T12:04:53.453+0000] {processor.py:179} INFO - Processing /home/airflow/.local/lib/python3.7/site-packages/airflow/example_dags/example_datasets.py took 0.084 seconds
[2023-08-09T12:05:23.562+0000] {processor.py:157} INFO - Started process (PID=269) to work on /home/airflow/.local/lib/python3.7/site-packages/airflow/example_dags/example_datasets.py
[2023-08-09T12:05:23.564+0000] {processor.py:826} INFO - Processing file /home/airflow/.local/lib/python3.7/site-packages/airflow/example_dags/example_datasets.py for tasks to queue
[2023-08-09T12:05:23.565+0000] {logging_mixin.py:150} INFO - [2023-08-09T12:05:23.565+0000] {dagbag.py:541} INFO - Filling up the DagBag from /home/airflow/.local/lib/python3.7/site-packages/airflow/example_dags/example_datasets.py
[2023-08-09T12:05:23.574+0000] {processor.py:836} INFO - DAG(s) dict_keys(['dataset_consumes_1_never_scheduled', 'dataset_produces_2', 'dataset_produces_1', 'dataset_consumes_1_and_2', 'dataset_consumes_unknown_never_scheduled', 'dataset_consumes_1']) retrieved from /home/airflow/.local/lib/python3.7/site-packages/airflow/example_dags/example_datasets.py
[2023-08-09T12:05:23.602+0000] {logging_mixin.py:150} INFO - [2023-08-09T12:05:23.602+0000] {dag.py:2742} INFO - Sync 6 DAGs
[2023-08-09T12:05:23.617+0000] {logging_mixin.py:150} INFO - [2023-08-09T12:05:23.617+0000] {dag.py:3508} INFO - Setting next_dagrun for dataset_consumes_1 to None, run_after=None
[2023-08-09T12:05:23.619+0000] {logging_mixin.py:150} INFO - [2023-08-09T12:05:23.619+0000] {dag.py:3508} INFO - Setting next_dagrun for dataset_consumes_1_and_2 to None, run_after=None
[2023-08-09T12:05:23.620+0000] {logging_mixin.py:150} INFO - [2023-08-09T12:05:23.620+0000] {dag.py:3508} INFO - Setting next_dagrun for dataset_consumes_1_never_scheduled to None, run_after=None
[2023-08-09T12:05:23.621+0000] {logging_mixin.py:150} INFO - [2023-08-09T12:05:23.621+0000] {dag.py:3508} INFO - Setting next_dagrun for dataset_consumes_unknown_never_scheduled to None, run_after=None
[2023-08-09T12:05:23.623+0000] {logging_mixin.py:150} INFO - [2023-08-09T12:05:23.623+0000] {dag.py:3508} INFO - Setting next_dagrun for dataset_produces_1 to 2023-08-08T00:00:00+00:00, run_after=2023-08-09T00:00:00+00:00
[2023-08-09T12:05:23.624+0000] {logging_mixin.py:150} INFO - [2023-08-09T12:05:23.624+0000] {dag.py:3508} INFO - Setting next_dagrun for dataset_produces_2 to None, run_after=None
[2023-08-09T12:05:23.640+0000] {processor.py:179} INFO - Processing /home/airflow/.local/lib/python3.7/site-packages/airflow/example_dags/example_datasets.py took 0.081 seconds
[2023-08-09T12:05:53.851+0000] {processor.py:157} INFO - Started process (PID=328) to work on /home/airflow/.local/lib/python3.7/site-packages/airflow/example_dags/example_datasets.py
[2023-08-09T12:05:53.853+0000] {processor.py:826} INFO - Processing file /home/airflow/.local/lib/python3.7/site-packages/airflow/example_dags/example_datasets.py for tasks to queue
[2023-08-09T12:05:53.854+0000] {logging_mixin.py:150} INFO - [2023-08-09T12:05:53.853+0000] {dagbag.py:541} INFO - Filling up the DagBag from /home/airflow/.local/lib/python3.7/site-packages/airflow/example_dags/example_datasets.py
[2023-08-09T12:05:53.861+0000] {processor.py:836} INFO - DAG(s) dict_keys(['dataset_consumes_1_and_2', 'dataset_consumes_1', 'dataset_produces_1', 'dataset_consumes_1_never_scheduled', 'dataset_produces_2', 'dataset_consumes_unknown_never_scheduled']) retrieved from /home/airflow/.local/lib/python3.7/site-packages/airflow/example_dags/example_datasets.py
[2023-08-09T12:05:53.888+0000] {logging_mixin.py:150} INFO - [2023-08-09T12:05:53.888+0000] {dag.py:2742} INFO - Sync 6 DAGs
[2023-08-09T12:05:53.902+0000] {logging_mixin.py:150} INFO - [2023-08-09T12:05:53.902+0000] {dag.py:3508} INFO - Setting next_dagrun for dataset_consumes_1 to None, run_after=None
[2023-08-09T12:05:53.904+0000] {logging_mixin.py:150} INFO - [2023-08-09T12:05:53.904+0000] {dag.py:3508} INFO - Setting next_dagrun for dataset_consumes_1_and_2 to None, run_after=None
[2023-08-09T12:05:53.905+0000] {logging_mixin.py:150} INFO - [2023-08-09T12:05:53.905+0000] {dag.py:3508} INFO - Setting next_dagrun for dataset_consumes_1_never_scheduled to None, run_after=None
[2023-08-09T12:05:53.906+0000] {logging_mixin.py:150} INFO - [2023-08-09T12:05:53.906+0000] {dag.py:3508} INFO - Setting next_dagrun for dataset_consumes_unknown_never_scheduled to None, run_after=None
[2023-08-09T12:05:53.908+0000] {logging_mixin.py:150} INFO - [2023-08-09T12:05:53.908+0000] {dag.py:3508} INFO - Setting next_dagrun for dataset_produces_1 to 2023-08-08T00:00:00+00:00, run_after=2023-08-09T00:00:00+00:00
[2023-08-09T12:05:53.909+0000] {logging_mixin.py:150} INFO - [2023-08-09T12:05:53.909+0000] {dag.py:3508} INFO - Setting next_dagrun for dataset_produces_2 to None, run_after=None
[2023-08-09T12:05:53.925+0000] {processor.py:179} INFO - Processing /home/airflow/.local/lib/python3.7/site-packages/airflow/example_dags/example_datasets.py took 0.078 seconds
[2023-08-09T12:06:24.074+0000] {processor.py:157} INFO - Started process (PID=387) to work on /home/airflow/.local/lib/python3.7/site-packages/airflow/example_dags/example_datasets.py
[2023-08-09T12:06:24.076+0000] {processor.py:826} INFO - Processing file /home/airflow/.local/lib/python3.7/site-packages/airflow/example_dags/example_datasets.py for tasks to queue
[2023-08-09T12:06:24.076+0000] {logging_mixin.py:150} INFO - [2023-08-09T12:06:24.076+0000] {dagbag.py:541} INFO - Filling up the DagBag from /home/airflow/.local/lib/python3.7/site-packages/airflow/example_dags/example_datasets.py
[2023-08-09T12:06:24.083+0000] {processor.py:836} INFO - DAG(s) dict_keys(['dataset_consumes_1_and_2', 'dataset_consumes_unknown_never_scheduled', 'dataset_produces_1', 'dataset_consumes_1_never_scheduled', 'dataset_produces_2', 'dataset_consumes_1']) retrieved from /home/airflow/.local/lib/python3.7/site-packages/airflow/example_dags/example_datasets.py
[2023-08-09T12:06:24.105+0000] {logging_mixin.py:150} INFO - [2023-08-09T12:06:24.105+0000] {dag.py:2742} INFO - Sync 6 DAGs
[2023-08-09T12:06:24.119+0000] {logging_mixin.py:150} INFO - [2023-08-09T12:06:24.119+0000] {dag.py:3508} INFO - Setting next_dagrun for dataset_consumes_1 to None, run_after=None
[2023-08-09T12:06:24.121+0000] {logging_mixin.py:150} INFO - [2023-08-09T12:06:24.121+0000] {dag.py:3508} INFO - Setting next_dagrun for dataset_consumes_1_and_2 to None, run_after=None
[2023-08-09T12:06:24.122+0000] {logging_mixin.py:150} INFO - [2023-08-09T12:06:24.122+0000] {dag.py:3508} INFO - Setting next_dagrun for dataset_consumes_1_never_scheduled to None, run_after=None
[2023-08-09T12:06:24.123+0000] {logging_mixin.py:150} INFO - [2023-08-09T12:06:24.123+0000] {dag.py:3508} INFO - Setting next_dagrun for dataset_consumes_unknown_never_scheduled to None, run_after=None
[2023-08-09T12:06:24.124+0000] {logging_mixin.py:150} INFO - [2023-08-09T12:06:24.124+0000] {dag.py:3508} INFO - Setting next_dagrun for dataset_produces_1 to 2023-08-08T00:00:00+00:00, run_after=2023-08-09T00:00:00+00:00
[2023-08-09T12:06:24.125+0000] {logging_mixin.py:150} INFO - [2023-08-09T12:06:24.125+0000] {dag.py:3508} INFO - Setting next_dagrun for dataset_produces_2 to None, run_after=None
[2023-08-09T12:06:24.142+0000] {processor.py:179} INFO - Processing /home/airflow/.local/lib/python3.7/site-packages/airflow/example_dags/example_datasets.py took 0.070 seconds
[2023-08-09T12:06:54.396+0000] {processor.py:157} INFO - Started process (PID=446) to work on /home/airflow/.local/lib/python3.7/site-packages/airflow/example_dags/example_datasets.py
[2023-08-09T12:06:54.397+0000] {processor.py:826} INFO - Processing file /home/airflow/.local/lib/python3.7/site-packages/airflow/example_dags/example_datasets.py for tasks to queue
[2023-08-09T12:06:54.398+0000] {logging_mixin.py:150} INFO - [2023-08-09T12:06:54.398+0000] {dagbag.py:541} INFO - Filling up the DagBag from /home/airflow/.local/lib/python3.7/site-packages/airflow/example_dags/example_datasets.py
[2023-08-09T12:06:54.405+0000] {processor.py:836} INFO - DAG(s) dict_keys(['dataset_produces_2', 'dataset_consumes_1_and_2', 'dataset_consumes_unknown_never_scheduled', 'dataset_produces_1', 'dataset_consumes_1_never_scheduled', 'dataset_consumes_1']) retrieved from /home/airflow/.local/lib/python3.7/site-packages/airflow/example_dags/example_datasets.py
[2023-08-09T12:06:54.428+0000] {logging_mixin.py:150} INFO - [2023-08-09T12:06:54.428+0000] {dag.py:2742} INFO - Sync 6 DAGs
[2023-08-09T12:06:54.444+0000] {logging_mixin.py:150} INFO - [2023-08-09T12:06:54.444+0000] {dag.py:3508} INFO - Setting next_dagrun for dataset_consumes_1 to None, run_after=None
[2023-08-09T12:06:54.446+0000] {logging_mixin.py:150} INFO - [2023-08-09T12:06:54.446+0000] {dag.py:3508} INFO - Setting next_dagrun for dataset_consumes_1_and_2 to None, run_after=None
[2023-08-09T12:06:54.447+0000] {logging_mixin.py:150} INFO - [2023-08-09T12:06:54.447+0000] {dag.py:3508} INFO - Setting next_dagrun for dataset_consumes_1_never_scheduled to None, run_after=None
[2023-08-09T12:06:54.448+0000] {logging_mixin.py:150} INFO - [2023-08-09T12:06:54.448+0000] {dag.py:3508} INFO - Setting next_dagrun for dataset_consumes_unknown_never_scheduled to None, run_after=None
[2023-08-09T12:06:54.450+0000] {logging_mixin.py:150} INFO - [2023-08-09T12:06:54.450+0000] {dag.py:3508} INFO - Setting next_dagrun for dataset_produces_1 to 2023-08-08T00:00:00+00:00, run_after=2023-08-09T00:00:00+00:00
[2023-08-09T12:06:54.451+0000] {logging_mixin.py:150} INFO - [2023-08-09T12:06:54.451+0000] {dag.py:3508} INFO - Setting next_dagrun for dataset_produces_2 to None, run_after=None
[2023-08-09T12:06:54.469+0000] {processor.py:179} INFO - Processing /home/airflow/.local/lib/python3.7/site-packages/airflow/example_dags/example_datasets.py took 0.075 seconds
[2023-08-09T12:07:26.857+0000] {processor.py:157} INFO - Started process (PID=505) to work on /home/airflow/.local/lib/python3.7/site-packages/airflow/example_dags/example_datasets.py
[2023-08-09T12:07:26.859+0000] {processor.py:826} INFO - Processing file /home/airflow/.local/lib/python3.7/site-packages/airflow/example_dags/example_datasets.py for tasks to queue
[2023-08-09T12:07:26.860+0000] {logging_mixin.py:150} INFO - [2023-08-09T12:07:26.860+0000] {dagbag.py:541} INFO - Filling up the DagBag from /home/airflow/.local/lib/python3.7/site-packages/airflow/example_dags/example_datasets.py
[2023-08-09T12:07:26.871+0000] {processor.py:836} INFO - DAG(s) dict_keys(['dataset_consumes_unknown_never_scheduled', 'dataset_consumes_1', 'dataset_consumes_1_never_scheduled', 'dataset_consumes_1_and_2', 'dataset_produces_1', 'dataset_produces_2']) retrieved from /home/airflow/.local/lib/python3.7/site-packages/airflow/example_dags/example_datasets.py
[2023-08-09T12:07:26.901+0000] {logging_mixin.py:150} INFO - [2023-08-09T12:07:26.900+0000] {dag.py:2742} INFO - Sync 6 DAGs
[2023-08-09T12:07:26.915+0000] {logging_mixin.py:150} INFO - [2023-08-09T12:07:26.915+0000] {dag.py:3508} INFO - Setting next_dagrun for dataset_consumes_1 to None, run_after=None
[2023-08-09T12:07:26.918+0000] {logging_mixin.py:150} INFO - [2023-08-09T12:07:26.918+0000] {dag.py:3508} INFO - Setting next_dagrun for dataset_consumes_1_and_2 to None, run_after=None
[2023-08-09T12:07:26.919+0000] {logging_mixin.py:150} INFO - [2023-08-09T12:07:26.919+0000] {dag.py:3508} INFO - Setting next_dagrun for dataset_consumes_1_never_scheduled to None, run_after=None
[2023-08-09T12:07:26.920+0000] {logging_mixin.py:150} INFO - [2023-08-09T12:07:26.920+0000] {dag.py:3508} INFO - Setting next_dagrun for dataset_consumes_unknown_never_scheduled to None, run_after=None
[2023-08-09T12:07:26.922+0000] {logging_mixin.py:150} INFO - [2023-08-09T12:07:26.922+0000] {dag.py:3508} INFO - Setting next_dagrun for dataset_produces_1 to 2023-08-08T00:00:00+00:00, run_after=2023-08-09T00:00:00+00:00
[2023-08-09T12:07:26.923+0000] {logging_mixin.py:150} INFO - [2023-08-09T12:07:26.922+0000] {dag.py:3508} INFO - Setting next_dagrun for dataset_produces_2 to None, run_after=None
[2023-08-09T12:07:26.941+0000] {processor.py:179} INFO - Processing /home/airflow/.local/lib/python3.7/site-packages/airflow/example_dags/example_datasets.py took 0.089 seconds
[2023-08-09T12:16:42.142+0000] {processor.py:157} INFO - Started process (PID=566) to work on /home/airflow/.local/lib/python3.7/site-packages/airflow/example_dags/example_datasets.py
[2023-08-09T12:16:42.143+0000] {processor.py:826} INFO - Processing file /home/airflow/.local/lib/python3.7/site-packages/airflow/example_dags/example_datasets.py for tasks to queue
[2023-08-09T12:16:42.144+0000] {logging_mixin.py:150} INFO - [2023-08-09T12:16:42.144+0000] {dagbag.py:541} INFO - Filling up the DagBag from /home/airflow/.local/lib/python3.7/site-packages/airflow/example_dags/example_datasets.py
[2023-08-09T12:16:42.150+0000] {processor.py:836} INFO - DAG(s) dict_keys(['dataset_consumes_1_and_2', 'dataset_consumes_1_never_scheduled', 'dataset_produces_1', 'dataset_consumes_1', 'dataset_produces_2', 'dataset_consumes_unknown_never_scheduled']) retrieved from /home/airflow/.local/lib/python3.7/site-packages/airflow/example_dags/example_datasets.py
[2023-08-09T12:16:42.173+0000] {logging_mixin.py:150} INFO - [2023-08-09T12:16:42.173+0000] {dag.py:2742} INFO - Sync 6 DAGs
[2023-08-09T12:16:42.188+0000] {logging_mixin.py:150} INFO - [2023-08-09T12:16:42.188+0000] {dag.py:3508} INFO - Setting next_dagrun for dataset_consumes_1 to None, run_after=None
[2023-08-09T12:16:42.190+0000] {logging_mixin.py:150} INFO - [2023-08-09T12:16:42.190+0000] {dag.py:3508} INFO - Setting next_dagrun for dataset_consumes_1_and_2 to None, run_after=None
[2023-08-09T12:16:42.191+0000] {logging_mixin.py:150} INFO - [2023-08-09T12:16:42.191+0000] {dag.py:3508} INFO - Setting next_dagrun for dataset_consumes_1_never_scheduled to None, run_after=None
[2023-08-09T12:16:42.192+0000] {logging_mixin.py:150} INFO - [2023-08-09T12:16:42.192+0000] {dag.py:3508} INFO - Setting next_dagrun for dataset_consumes_unknown_never_scheduled to None, run_after=None
[2023-08-09T12:16:42.193+0000] {logging_mixin.py:150} INFO - [2023-08-09T12:16:42.193+0000] {dag.py:3508} INFO - Setting next_dagrun for dataset_produces_1 to 2023-08-08T00:00:00+00:00, run_after=2023-08-09T00:00:00+00:00
[2023-08-09T12:16:42.194+0000] {logging_mixin.py:150} INFO - [2023-08-09T12:16:42.194+0000] {dag.py:3508} INFO - Setting next_dagrun for dataset_produces_2 to None, run_after=None
[2023-08-09T12:16:42.211+0000] {processor.py:179} INFO - Processing /home/airflow/.local/lib/python3.7/site-packages/airflow/example_dags/example_datasets.py took 0.072 seconds
[2023-08-09T12:17:12.929+0000] {processor.py:157} INFO - Started process (PID=625) to work on /home/airflow/.local/lib/python3.7/site-packages/airflow/example_dags/example_datasets.py
[2023-08-09T12:17:12.931+0000] {processor.py:826} INFO - Processing file /home/airflow/.local/lib/python3.7/site-packages/airflow/example_dags/example_datasets.py for tasks to queue
[2023-08-09T12:17:12.932+0000] {logging_mixin.py:150} INFO - [2023-08-09T12:17:12.932+0000] {dagbag.py:541} INFO - Filling up the DagBag from /home/airflow/.local/lib/python3.7/site-packages/airflow/example_dags/example_datasets.py
[2023-08-09T12:17:12.938+0000] {processor.py:836} INFO - DAG(s) dict_keys(['dataset_consumes_1_and_2', 'dataset_consumes_unknown_never_scheduled', 'dataset_consumes_1_never_scheduled', 'dataset_consumes_1', 'dataset_produces_2', 'dataset_produces_1']) retrieved from /home/airflow/.local/lib/python3.7/site-packages/airflow/example_dags/example_datasets.py
[2023-08-09T12:17:12.962+0000] {logging_mixin.py:150} INFO - [2023-08-09T12:17:12.962+0000] {dag.py:2742} INFO - Sync 6 DAGs
[2023-08-09T12:17:12.977+0000] {logging_mixin.py:150} INFO - [2023-08-09T12:17:12.977+0000] {dag.py:3508} INFO - Setting next_dagrun for dataset_consumes_1 to None, run_after=None
[2023-08-09T12:17:12.979+0000] {logging_mixin.py:150} INFO - [2023-08-09T12:17:12.978+0000] {dag.py:3508} INFO - Setting next_dagrun for dataset_consumes_1_and_2 to None, run_after=None
[2023-08-09T12:17:12.980+0000] {logging_mixin.py:150} INFO - [2023-08-09T12:17:12.979+0000] {dag.py:3508} INFO - Setting next_dagrun for dataset_consumes_1_never_scheduled to None, run_after=None
[2023-08-09T12:17:12.980+0000] {logging_mixin.py:150} INFO - [2023-08-09T12:17:12.980+0000] {dag.py:3508} INFO - Setting next_dagrun for dataset_consumes_unknown_never_scheduled to None, run_after=None
[2023-08-09T12:17:12.982+0000] {logging_mixin.py:150} INFO - [2023-08-09T12:17:12.982+0000] {dag.py:3508} INFO - Setting next_dagrun for dataset_produces_1 to 2023-08-08T00:00:00+00:00, run_after=2023-08-09T00:00:00+00:00
[2023-08-09T12:17:12.983+0000] {logging_mixin.py:150} INFO - [2023-08-09T12:17:12.983+0000] {dag.py:3508} INFO - Setting next_dagrun for dataset_produces_2 to None, run_after=None
[2023-08-09T12:17:12.999+0000] {processor.py:179} INFO - Processing /home/airflow/.local/lib/python3.7/site-packages/airflow/example_dags/example_datasets.py took 0.073 seconds
[2023-08-09T12:33:44.391+0000] {processor.py:157} INFO - Started process (PID=684) to work on /home/airflow/.local/lib/python3.7/site-packages/airflow/example_dags/example_datasets.py
[2023-08-09T12:33:44.392+0000] {processor.py:826} INFO - Processing file /home/airflow/.local/lib/python3.7/site-packages/airflow/example_dags/example_datasets.py for tasks to queue
[2023-08-09T12:33:44.393+0000] {logging_mixin.py:150} INFO - [2023-08-09T12:33:44.393+0000] {dagbag.py:541} INFO - Filling up the DagBag from /home/airflow/.local/lib/python3.7/site-packages/airflow/example_dags/example_datasets.py
[2023-08-09T12:33:44.401+0000] {processor.py:836} INFO - DAG(s) dict_keys(['dataset_consumes_1_never_scheduled', 'dataset_consumes_1', 'dataset_produces_1', 'dataset_consumes_1_and_2', 'dataset_produces_2', 'dataset_consumes_unknown_never_scheduled']) retrieved from /home/airflow/.local/lib/python3.7/site-packages/airflow/example_dags/example_datasets.py
[2023-08-09T12:33:44.429+0000] {logging_mixin.py:150} INFO - [2023-08-09T12:33:44.429+0000] {dag.py:2742} INFO - Sync 6 DAGs
[2023-08-09T12:33:44.451+0000] {logging_mixin.py:150} INFO - [2023-08-09T12:33:44.451+0000] {dag.py:3508} INFO - Setting next_dagrun for dataset_consumes_1 to None, run_after=None
[2023-08-09T12:33:44.454+0000] {logging_mixin.py:150} INFO - [2023-08-09T12:33:44.454+0000] {dag.py:3508} INFO - Setting next_dagrun for dataset_consumes_1_and_2 to None, run_after=None
[2023-08-09T12:33:44.455+0000] {logging_mixin.py:150} INFO - [2023-08-09T12:33:44.455+0000] {dag.py:3508} INFO - Setting next_dagrun for dataset_consumes_1_never_scheduled to None, run_after=None
[2023-08-09T12:33:44.456+0000] {logging_mixin.py:150} INFO - [2023-08-09T12:33:44.456+0000] {dag.py:3508} INFO - Setting next_dagrun for dataset_consumes_unknown_never_scheduled to None, run_after=None
[2023-08-09T12:33:44.458+0000] {logging_mixin.py:150} INFO - [2023-08-09T12:33:44.458+0000] {dag.py:3508} INFO - Setting next_dagrun for dataset_produces_1 to 2023-08-08T00:00:00+00:00, run_after=2023-08-09T00:00:00+00:00
[2023-08-09T12:33:44.460+0000] {logging_mixin.py:150} INFO - [2023-08-09T12:33:44.460+0000] {dag.py:3508} INFO - Setting next_dagrun for dataset_produces_2 to None, run_after=None
[2023-08-09T12:33:44.489+0000] {processor.py:179} INFO - Processing /home/airflow/.local/lib/python3.7/site-packages/airflow/example_dags/example_datasets.py took 0.101 seconds
[2023-08-09T13:56:50.517+0000] {processor.py:157} INFO - Started process (PID=743) to work on /home/airflow/.local/lib/python3.7/site-packages/airflow/example_dags/example_datasets.py
[2023-08-09T13:56:50.518+0000] {processor.py:826} INFO - Processing file /home/airflow/.local/lib/python3.7/site-packages/airflow/example_dags/example_datasets.py for tasks to queue
[2023-08-09T13:56:50.519+0000] {logging_mixin.py:150} INFO - [2023-08-09T13:56:50.519+0000] {dagbag.py:541} INFO - Filling up the DagBag from /home/airflow/.local/lib/python3.7/site-packages/airflow/example_dags/example_datasets.py
[2023-08-09T13:56:50.526+0000] {processor.py:836} INFO - DAG(s) dict_keys(['dataset_consumes_1', 'dataset_produces_1', 'dataset_consumes_1_never_scheduled', 'dataset_consumes_unknown_never_scheduled', 'dataset_consumes_1_and_2', 'dataset_produces_2']) retrieved from /home/airflow/.local/lib/python3.7/site-packages/airflow/example_dags/example_datasets.py
[2023-08-09T13:56:50.556+0000] {logging_mixin.py:150} INFO - [2023-08-09T13:56:50.556+0000] {dag.py:2742} INFO - Sync 6 DAGs
[2023-08-09T13:56:50.572+0000] {logging_mixin.py:150} INFO - [2023-08-09T13:56:50.572+0000] {dag.py:3508} INFO - Setting next_dagrun for dataset_consumes_1 to None, run_after=None
[2023-08-09T13:56:50.575+0000] {logging_mixin.py:150} INFO - [2023-08-09T13:56:50.575+0000] {dag.py:3508} INFO - Setting next_dagrun for dataset_consumes_1_and_2 to None, run_after=None
[2023-08-09T13:56:50.576+0000] {logging_mixin.py:150} INFO - [2023-08-09T13:56:50.576+0000] {dag.py:3508} INFO - Setting next_dagrun for dataset_consumes_1_never_scheduled to None, run_after=None
[2023-08-09T13:56:50.577+0000] {logging_mixin.py:150} INFO - [2023-08-09T13:56:50.577+0000] {dag.py:3508} INFO - Setting next_dagrun for dataset_consumes_unknown_never_scheduled to None, run_after=None
[2023-08-09T13:56:50.578+0000] {logging_mixin.py:150} INFO - [2023-08-09T13:56:50.578+0000] {dag.py:3508} INFO - Setting next_dagrun for dataset_produces_1 to 2023-08-08T00:00:00+00:00, run_after=2023-08-09T00:00:00+00:00
[2023-08-09T13:56:50.579+0000] {logging_mixin.py:150} INFO - [2023-08-09T13:56:50.579+0000] {dag.py:3508} INFO - Setting next_dagrun for dataset_produces_2 to None, run_after=None
[2023-08-09T13:56:50.596+0000] {processor.py:179} INFO - Processing /home/airflow/.local/lib/python3.7/site-packages/airflow/example_dags/example_datasets.py took 0.081 seconds
[2023-08-09T14:58:24.994+0000] {processor.py:157} INFO - Started process (PID=802) to work on /home/airflow/.local/lib/python3.7/site-packages/airflow/example_dags/example_datasets.py
[2023-08-09T14:58:24.995+0000] {processor.py:826} INFO - Processing file /home/airflow/.local/lib/python3.7/site-packages/airflow/example_dags/example_datasets.py for tasks to queue
[2023-08-09T14:58:24.996+0000] {logging_mixin.py:150} INFO - [2023-08-09T14:58:24.996+0000] {dagbag.py:541} INFO - Filling up the DagBag from /home/airflow/.local/lib/python3.7/site-packages/airflow/example_dags/example_datasets.py
[2023-08-09T14:58:25.002+0000] {processor.py:836} INFO - DAG(s) dict_keys(['dataset_consumes_1_and_2', 'dataset_produces_2', 'dataset_consumes_1', 'dataset_consumes_1_never_scheduled', 'dataset_produces_1', 'dataset_consumes_unknown_never_scheduled']) retrieved from /home/airflow/.local/lib/python3.7/site-packages/airflow/example_dags/example_datasets.py
[2023-08-09T14:58:25.030+0000] {logging_mixin.py:150} INFO - [2023-08-09T14:58:25.030+0000] {dag.py:2742} INFO - Sync 6 DAGs
[2023-08-09T14:58:25.046+0000] {logging_mixin.py:150} INFO - [2023-08-09T14:58:25.045+0000] {dag.py:3508} INFO - Setting next_dagrun for dataset_consumes_1 to None, run_after=None
[2023-08-09T14:58:25.048+0000] {logging_mixin.py:150} INFO - [2023-08-09T14:58:25.048+0000] {dag.py:3508} INFO - Setting next_dagrun for dataset_consumes_1_and_2 to None, run_after=None
[2023-08-09T14:58:25.049+0000] {logging_mixin.py:150} INFO - [2023-08-09T14:58:25.049+0000] {dag.py:3508} INFO - Setting next_dagrun for dataset_consumes_1_never_scheduled to None, run_after=None
[2023-08-09T14:58:25.050+0000] {logging_mixin.py:150} INFO - [2023-08-09T14:58:25.050+0000] {dag.py:3508} INFO - Setting next_dagrun for dataset_consumes_unknown_never_scheduled to None, run_after=None
[2023-08-09T14:58:25.052+0000] {logging_mixin.py:150} INFO - [2023-08-09T14:58:25.052+0000] {dag.py:3508} INFO - Setting next_dagrun for dataset_produces_1 to 2023-08-08T00:00:00+00:00, run_after=2023-08-09T00:00:00+00:00
[2023-08-09T14:58:25.053+0000] {logging_mixin.py:150} INFO - [2023-08-09T14:58:25.053+0000] {dag.py:3508} INFO - Setting next_dagrun for dataset_produces_2 to None, run_after=None
[2023-08-09T14:58:25.069+0000] {processor.py:179} INFO - Processing /home/airflow/.local/lib/python3.7/site-packages/airflow/example_dags/example_datasets.py took 0.078 seconds
[2023-08-09T14:58:57.711+0000] {processor.py:157} INFO - Started process (PID=862) to work on /home/airflow/.local/lib/python3.7/site-packages/airflow/example_dags/example_datasets.py
[2023-08-09T14:58:57.712+0000] {processor.py:826} INFO - Processing file /home/airflow/.local/lib/python3.7/site-packages/airflow/example_dags/example_datasets.py for tasks to queue
[2023-08-09T14:58:57.713+0000] {logging_mixin.py:150} INFO - [2023-08-09T14:58:57.712+0000] {dagbag.py:541} INFO - Filling up the DagBag from /home/airflow/.local/lib/python3.7/site-packages/airflow/example_dags/example_datasets.py
[2023-08-09T14:58:57.719+0000] {processor.py:836} INFO - DAG(s) dict_keys(['dataset_consumes_1_and_2', 'dataset_consumes_1_never_scheduled', 'dataset_consumes_1', 'dataset_produces_1', 'dataset_produces_2', 'dataset_consumes_unknown_never_scheduled']) retrieved from /home/airflow/.local/lib/python3.7/site-packages/airflow/example_dags/example_datasets.py
[2023-08-09T14:58:57.743+0000] {logging_mixin.py:150} INFO - [2023-08-09T14:58:57.743+0000] {dag.py:2742} INFO - Sync 6 DAGs
[2023-08-09T14:58:57.758+0000] {logging_mixin.py:150} INFO - [2023-08-09T14:58:57.758+0000] {dag.py:3508} INFO - Setting next_dagrun for dataset_consumes_1 to None, run_after=None
[2023-08-09T14:58:57.760+0000] {logging_mixin.py:150} INFO - [2023-08-09T14:58:57.760+0000] {dag.py:3508} INFO - Setting next_dagrun for dataset_consumes_1_and_2 to None, run_after=None
[2023-08-09T14:58:57.761+0000] {logging_mixin.py:150} INFO - [2023-08-09T14:58:57.761+0000] {dag.py:3508} INFO - Setting next_dagrun for dataset_consumes_1_never_scheduled to None, run_after=None
[2023-08-09T14:58:57.762+0000] {logging_mixin.py:150} INFO - [2023-08-09T14:58:57.762+0000] {dag.py:3508} INFO - Setting next_dagrun for dataset_consumes_unknown_never_scheduled to None, run_after=None
[2023-08-09T14:58:57.763+0000] {logging_mixin.py:150} INFO - [2023-08-09T14:58:57.763+0000] {dag.py:3508} INFO - Setting next_dagrun for dataset_produces_1 to 2023-08-08T00:00:00+00:00, run_after=2023-08-09T00:00:00+00:00
[2023-08-09T14:58:57.764+0000] {logging_mixin.py:150} INFO - [2023-08-09T14:58:57.764+0000] {dag.py:3508} INFO - Setting next_dagrun for dataset_produces_2 to None, run_after=None
[2023-08-09T14:58:57.780+0000] {processor.py:179} INFO - Processing /home/airflow/.local/lib/python3.7/site-packages/airflow/example_dags/example_datasets.py took 0.073 seconds
[2023-08-09T16:16:42.180+0000] {processor.py:157} INFO - Started process (PID=921) to work on /home/airflow/.local/lib/python3.7/site-packages/airflow/example_dags/example_datasets.py
[2023-08-09T16:16:42.181+0000] {processor.py:826} INFO - Processing file /home/airflow/.local/lib/python3.7/site-packages/airflow/example_dags/example_datasets.py for tasks to queue
[2023-08-09T16:16:42.182+0000] {logging_mixin.py:150} INFO - [2023-08-09T16:16:42.182+0000] {dagbag.py:541} INFO - Filling up the DagBag from /home/airflow/.local/lib/python3.7/site-packages/airflow/example_dags/example_datasets.py
[2023-08-09T16:16:42.189+0000] {processor.py:836} INFO - DAG(s) dict_keys(['dataset_consumes_unknown_never_scheduled', 'dataset_produces_2', 'dataset_consumes_1_never_scheduled', 'dataset_consumes_1', 'dataset_consumes_1_and_2', 'dataset_produces_1']) retrieved from /home/airflow/.local/lib/python3.7/site-packages/airflow/example_dags/example_datasets.py
[2023-08-09T16:16:42.214+0000] {logging_mixin.py:150} INFO - [2023-08-09T16:16:42.214+0000] {dag.py:2742} INFO - Sync 6 DAGs
[2023-08-09T16:16:42.230+0000] {logging_mixin.py:150} INFO - [2023-08-09T16:16:42.230+0000] {dag.py:3508} INFO - Setting next_dagrun for dataset_consumes_1 to None, run_after=None
[2023-08-09T16:16:42.232+0000] {logging_mixin.py:150} INFO - [2023-08-09T16:16:42.232+0000] {dag.py:3508} INFO - Setting next_dagrun for dataset_consumes_1_and_2 to None, run_after=None
[2023-08-09T16:16:42.233+0000] {logging_mixin.py:150} INFO - [2023-08-09T16:16:42.233+0000] {dag.py:3508} INFO - Setting next_dagrun for dataset_consumes_1_never_scheduled to None, run_after=None
[2023-08-09T16:16:42.234+0000] {logging_mixin.py:150} INFO - [2023-08-09T16:16:42.234+0000] {dag.py:3508} INFO - Setting next_dagrun for dataset_consumes_unknown_never_scheduled to None, run_after=None
[2023-08-09T16:16:42.236+0000] {logging_mixin.py:150} INFO - [2023-08-09T16:16:42.236+0000] {dag.py:3508} INFO - Setting next_dagrun for dataset_produces_1 to 2023-08-08T00:00:00+00:00, run_after=2023-08-09T00:00:00+00:00
[2023-08-09T16:16:42.237+0000] {logging_mixin.py:150} INFO - [2023-08-09T16:16:42.237+0000] {dag.py:3508} INFO - Setting next_dagrun for dataset_produces_2 to None, run_after=None
[2023-08-09T16:16:42.253+0000] {processor.py:179} INFO - Processing /home/airflow/.local/lib/python3.7/site-packages/airflow/example_dags/example_datasets.py took 0.076 seconds
[2023-08-09T17:36:39.602+0000] {processor.py:157} INFO - Started process (PID=980) to work on /home/airflow/.local/lib/python3.7/site-packages/airflow/example_dags/example_datasets.py
[2023-08-09T17:36:39.604+0000] {processor.py:826} INFO - Processing file /home/airflow/.local/lib/python3.7/site-packages/airflow/example_dags/example_datasets.py for tasks to queue
[2023-08-09T17:36:39.605+0000] {logging_mixin.py:150} INFO - [2023-08-09T17:36:39.604+0000] {dagbag.py:541} INFO - Filling up the DagBag from /home/airflow/.local/lib/python3.7/site-packages/airflow/example_dags/example_datasets.py
[2023-08-09T17:36:39.613+0000] {processor.py:836} INFO - DAG(s) dict_keys(['dataset_produces_2', 'dataset_consumes_1_never_scheduled', 'dataset_consumes_1', 'dataset_produces_1', 'dataset_consumes_unknown_never_scheduled', 'dataset_consumes_1_and_2']) retrieved from /home/airflow/.local/lib/python3.7/site-packages/airflow/example_dags/example_datasets.py
[2023-08-09T17:36:39.643+0000] {logging_mixin.py:150} INFO - [2023-08-09T17:36:39.643+0000] {dag.py:2742} INFO - Sync 6 DAGs
[2023-08-09T17:36:39.658+0000] {logging_mixin.py:150} INFO - [2023-08-09T17:36:39.658+0000] {dag.py:3508} INFO - Setting next_dagrun for dataset_consumes_1 to None, run_after=None
[2023-08-09T17:36:39.661+0000] {logging_mixin.py:150} INFO - [2023-08-09T17:36:39.660+0000] {dag.py:3508} INFO - Setting next_dagrun for dataset_consumes_1_and_2 to None, run_after=None
[2023-08-09T17:36:39.662+0000] {logging_mixin.py:150} INFO - [2023-08-09T17:36:39.661+0000] {dag.py:3508} INFO - Setting next_dagrun for dataset_consumes_1_never_scheduled to None, run_after=None
[2023-08-09T17:36:39.663+0000] {logging_mixin.py:150} INFO - [2023-08-09T17:36:39.662+0000] {dag.py:3508} INFO - Setting next_dagrun for dataset_consumes_unknown_never_scheduled to None, run_after=None
[2023-08-09T17:36:39.665+0000] {logging_mixin.py:150} INFO - [2023-08-09T17:36:39.664+0000] {dag.py:3508} INFO - Setting next_dagrun for dataset_produces_1 to 2023-08-08T00:00:00+00:00, run_after=2023-08-09T00:00:00+00:00
[2023-08-09T17:36:39.666+0000] {logging_mixin.py:150} INFO - [2023-08-09T17:36:39.666+0000] {dag.py:3508} INFO - Setting next_dagrun for dataset_produces_2 to None, run_after=None
[2023-08-09T17:36:39.687+0000] {processor.py:179} INFO - Processing /home/airflow/.local/lib/python3.7/site-packages/airflow/example_dags/example_datasets.py took 0.087 seconds
[2023-08-09T18:58:22.721+0000] {processor.py:157} INFO - Started process (PID=1039) to work on /home/airflow/.local/lib/python3.7/site-packages/airflow/example_dags/example_datasets.py
[2023-08-09T18:58:22.723+0000] {processor.py:826} INFO - Processing file /home/airflow/.local/lib/python3.7/site-packages/airflow/example_dags/example_datasets.py for tasks to queue
[2023-08-09T18:58:22.725+0000] {logging_mixin.py:150} INFO - [2023-08-09T18:58:22.724+0000] {dagbag.py:541} INFO - Filling up the DagBag from /home/airflow/.local/lib/python3.7/site-packages/airflow/example_dags/example_datasets.py
[2023-08-09T18:58:22.767+0000] {processor.py:836} INFO - DAG(s) dict_keys(['dataset_consumes_unknown_never_scheduled', 'dataset_consumes_1_never_scheduled', 'dataset_consumes_1', 'dataset_produces_1', 'dataset_produces_2', 'dataset_consumes_1_and_2']) retrieved from /home/airflow/.local/lib/python3.7/site-packages/airflow/example_dags/example_datasets.py
[2023-08-09T18:58:22.932+0000] {logging_mixin.py:150} INFO - [2023-08-09T18:58:22.931+0000] {dag.py:2742} INFO - Sync 6 DAGs
[2023-08-09T18:58:22.948+0000] {logging_mixin.py:150} INFO - [2023-08-09T18:58:22.948+0000] {dag.py:3508} INFO - Setting next_dagrun for dataset_consumes_1 to None, run_after=None
[2023-08-09T18:58:22.950+0000] {logging_mixin.py:150} INFO - [2023-08-09T18:58:22.950+0000] {dag.py:3508} INFO - Setting next_dagrun for dataset_consumes_1_and_2 to None, run_after=None
[2023-08-09T18:58:22.952+0000] {logging_mixin.py:150} INFO - [2023-08-09T18:58:22.952+0000] {dag.py:3508} INFO - Setting next_dagrun for dataset_consumes_1_never_scheduled to None, run_after=None
[2023-08-09T18:58:22.953+0000] {logging_mixin.py:150} INFO - [2023-08-09T18:58:22.953+0000] {dag.py:3508} INFO - Setting next_dagrun for dataset_consumes_unknown_never_scheduled to None, run_after=None
[2023-08-09T18:58:22.955+0000] {logging_mixin.py:150} INFO - [2023-08-09T18:58:22.955+0000] {dag.py:3508} INFO - Setting next_dagrun for dataset_produces_1 to 2023-08-08T00:00:00+00:00, run_after=2023-08-09T00:00:00+00:00
[2023-08-09T18:58:22.956+0000] {logging_mixin.py:150} INFO - [2023-08-09T18:58:22.956+0000] {dag.py:3508} INFO - Setting next_dagrun for dataset_produces_2 to None, run_after=None
[2023-08-09T18:58:22.971+0000] {processor.py:179} INFO - Processing /home/airflow/.local/lib/python3.7/site-packages/airflow/example_dags/example_datasets.py took 0.262 seconds
[2023-08-09T20:21:01.876+0000] {processor.py:157} INFO - Started process (PID=1098) to work on /home/airflow/.local/lib/python3.7/site-packages/airflow/example_dags/example_datasets.py
[2023-08-09T20:21:01.877+0000] {processor.py:826} INFO - Processing file /home/airflow/.local/lib/python3.7/site-packages/airflow/example_dags/example_datasets.py for tasks to queue
[2023-08-09T20:21:01.878+0000] {logging_mixin.py:150} INFO - [2023-08-09T20:21:01.878+0000] {dagbag.py:541} INFO - Filling up the DagBag from /home/airflow/.local/lib/python3.7/site-packages/airflow/example_dags/example_datasets.py
[2023-08-09T20:21:01.885+0000] {processor.py:836} INFO - DAG(s) dict_keys(['dataset_consumes_1_never_scheduled', 'dataset_consumes_1_and_2', 'dataset_consumes_unknown_never_scheduled', 'dataset_produces_1', 'dataset_consumes_1', 'dataset_produces_2']) retrieved from /home/airflow/.local/lib/python3.7/site-packages/airflow/example_dags/example_datasets.py
[2023-08-09T20:21:01.909+0000] {logging_mixin.py:150} INFO - [2023-08-09T20:21:01.909+0000] {dag.py:2742} INFO - Sync 6 DAGs
[2023-08-09T20:21:01.924+0000] {logging_mixin.py:150} INFO - [2023-08-09T20:21:01.924+0000] {dag.py:3508} INFO - Setting next_dagrun for dataset_consumes_1 to None, run_after=None
[2023-08-09T20:21:01.926+0000] {logging_mixin.py:150} INFO - [2023-08-09T20:21:01.926+0000] {dag.py:3508} INFO - Setting next_dagrun for dataset_consumes_1_and_2 to None, run_after=None
[2023-08-09T20:21:01.928+0000] {logging_mixin.py:150} INFO - [2023-08-09T20:21:01.927+0000] {dag.py:3508} INFO - Setting next_dagrun for dataset_consumes_1_never_scheduled to None, run_after=None
[2023-08-09T20:21:01.929+0000] {logging_mixin.py:150} INFO - [2023-08-09T20:21:01.928+0000] {dag.py:3508} INFO - Setting next_dagrun for dataset_consumes_unknown_never_scheduled to None, run_after=None
[2023-08-09T20:21:01.930+0000] {logging_mixin.py:150} INFO - [2023-08-09T20:21:01.930+0000] {dag.py:3508} INFO - Setting next_dagrun for dataset_produces_1 to 2023-08-08T00:00:00+00:00, run_after=2023-08-09T00:00:00+00:00
[2023-08-09T20:21:01.931+0000] {logging_mixin.py:150} INFO - [2023-08-09T20:21:01.931+0000] {dag.py:3508} INFO - Setting next_dagrun for dataset_produces_2 to None, run_after=None
[2023-08-09T20:21:01.947+0000] {processor.py:179} INFO - Processing /home/airflow/.local/lib/python3.7/site-packages/airflow/example_dags/example_datasets.py took 0.074 seconds
[2023-08-09T21:44:54.642+0000] {processor.py:157} INFO - Started process (PID=1157) to work on /home/airflow/.local/lib/python3.7/site-packages/airflow/example_dags/example_datasets.py
[2023-08-09T21:44:54.643+0000] {processor.py:826} INFO - Processing file /home/airflow/.local/lib/python3.7/site-packages/airflow/example_dags/example_datasets.py for tasks to queue
[2023-08-09T21:44:54.644+0000] {logging_mixin.py:150} INFO - [2023-08-09T21:44:54.644+0000] {dagbag.py:541} INFO - Filling up the DagBag from /home/airflow/.local/lib/python3.7/site-packages/airflow/example_dags/example_datasets.py
[2023-08-09T21:44:54.660+0000] {processor.py:836} INFO - DAG(s) dict_keys(['dataset_produces_2', 'dataset_consumes_1_and_2', 'dataset_consumes_1', 'dataset_consumes_unknown_never_scheduled', 'dataset_produces_1', 'dataset_consumes_1_never_scheduled']) retrieved from /home/airflow/.local/lib/python3.7/site-packages/airflow/example_dags/example_datasets.py
[2023-08-09T21:44:54.742+0000] {logging_mixin.py:150} INFO - [2023-08-09T21:44:54.742+0000] {dag.py:2742} INFO - Sync 6 DAGs
[2023-08-09T21:44:54.773+0000] {logging_mixin.py:150} INFO - [2023-08-09T21:44:54.773+0000] {dag.py:3508} INFO - Setting next_dagrun for dataset_consumes_1 to None, run_after=None
[2023-08-09T21:44:54.779+0000] {logging_mixin.py:150} INFO - [2023-08-09T21:44:54.779+0000] {dag.py:3508} INFO - Setting next_dagrun for dataset_consumes_1_and_2 to None, run_after=None
[2023-08-09T21:44:54.781+0000] {logging_mixin.py:150} INFO - [2023-08-09T21:44:54.781+0000] {dag.py:3508} INFO - Setting next_dagrun for dataset_consumes_1_never_scheduled to None, run_after=None
[2023-08-09T21:44:54.782+0000] {logging_mixin.py:150} INFO - [2023-08-09T21:44:54.782+0000] {dag.py:3508} INFO - Setting next_dagrun for dataset_consumes_unknown_never_scheduled to None, run_after=None
[2023-08-09T21:44:54.784+0000] {logging_mixin.py:150} INFO - [2023-08-09T21:44:54.784+0000] {dag.py:3508} INFO - Setting next_dagrun for dataset_produces_1 to 2023-08-08T00:00:00+00:00, run_after=2023-08-09T00:00:00+00:00
[2023-08-09T21:44:54.785+0000] {logging_mixin.py:150} INFO - [2023-08-09T21:44:54.785+0000] {dag.py:3508} INFO - Setting next_dagrun for dataset_produces_2 to None, run_after=None
[2023-08-09T21:44:54.829+0000] {processor.py:179} INFO - Processing /home/airflow/.local/lib/python3.7/site-packages/airflow/example_dags/example_datasets.py took 0.191 seconds
[2023-08-09T22:36:35.188+0000] {processor.py:157} INFO - Started process (PID=1216) to work on /home/airflow/.local/lib/python3.7/site-packages/airflow/example_dags/example_datasets.py
[2023-08-09T22:36:35.189+0000] {processor.py:826} INFO - Processing file /home/airflow/.local/lib/python3.7/site-packages/airflow/example_dags/example_datasets.py for tasks to queue
[2023-08-09T22:36:35.191+0000] {logging_mixin.py:150} INFO - [2023-08-09T22:36:35.190+0000] {dagbag.py:541} INFO - Filling up the DagBag from /home/airflow/.local/lib/python3.7/site-packages/airflow/example_dags/example_datasets.py
[2023-08-09T22:36:35.205+0000] {processor.py:836} INFO - DAG(s) dict_keys(['dataset_produces_1', 'dataset_consumes_1_and_2', 'dataset_consumes_1', 'dataset_produces_2', 'dataset_consumes_unknown_never_scheduled', 'dataset_consumes_1_never_scheduled']) retrieved from /home/airflow/.local/lib/python3.7/site-packages/airflow/example_dags/example_datasets.py
[2023-08-09T22:36:35.249+0000] {logging_mixin.py:150} INFO - [2023-08-09T22:36:35.249+0000] {dag.py:2742} INFO - Sync 6 DAGs
[2023-08-09T22:36:35.284+0000] {logging_mixin.py:150} INFO - [2023-08-09T22:36:35.283+0000] {dag.py:3508} INFO - Setting next_dagrun for dataset_consumes_1 to None, run_after=None
[2023-08-09T22:36:35.289+0000] {logging_mixin.py:150} INFO - [2023-08-09T22:36:35.289+0000] {dag.py:3508} INFO - Setting next_dagrun for dataset_consumes_1_and_2 to None, run_after=None
[2023-08-09T22:36:35.290+0000] {logging_mixin.py:150} INFO - [2023-08-09T22:36:35.290+0000] {dag.py:3508} INFO - Setting next_dagrun for dataset_consumes_1_never_scheduled to None, run_after=None
[2023-08-09T22:36:35.293+0000] {logging_mixin.py:150} INFO - [2023-08-09T22:36:35.293+0000] {dag.py:3508} INFO - Setting next_dagrun for dataset_consumes_unknown_never_scheduled to None, run_after=None
[2023-08-09T22:36:35.296+0000] {logging_mixin.py:150} INFO - [2023-08-09T22:36:35.296+0000] {dag.py:3508} INFO - Setting next_dagrun for dataset_produces_1 to 2023-08-08T00:00:00+00:00, run_after=2023-08-09T00:00:00+00:00
[2023-08-09T22:36:35.299+0000] {logging_mixin.py:150} INFO - [2023-08-09T22:36:35.299+0000] {dag.py:3508} INFO - Setting next_dagrun for dataset_produces_2 to None, run_after=None
[2023-08-09T22:36:35.338+0000] {processor.py:179} INFO - Processing /home/airflow/.local/lib/python3.7/site-packages/airflow/example_dags/example_datasets.py took 0.154 seconds
[2023-08-09T22:37:06.238+0000] {processor.py:157} INFO - Started process (PID=1275) to work on /home/airflow/.local/lib/python3.7/site-packages/airflow/example_dags/example_datasets.py
[2023-08-09T22:37:06.239+0000] {processor.py:826} INFO - Processing file /home/airflow/.local/lib/python3.7/site-packages/airflow/example_dags/example_datasets.py for tasks to queue
[2023-08-09T22:37:06.241+0000] {logging_mixin.py:150} INFO - [2023-08-09T22:37:06.240+0000] {dagbag.py:541} INFO - Filling up the DagBag from /home/airflow/.local/lib/python3.7/site-packages/airflow/example_dags/example_datasets.py
[2023-08-09T22:37:06.249+0000] {processor.py:836} INFO - DAG(s) dict_keys(['dataset_consumes_1_never_scheduled', 'dataset_consumes_unknown_never_scheduled', 'dataset_consumes_1_and_2', 'dataset_consumes_1', 'dataset_produces_2', 'dataset_produces_1']) retrieved from /home/airflow/.local/lib/python3.7/site-packages/airflow/example_dags/example_datasets.py
[2023-08-09T22:37:06.276+0000] {logging_mixin.py:150} INFO - [2023-08-09T22:37:06.276+0000] {dag.py:2742} INFO - Sync 6 DAGs
[2023-08-09T22:37:06.291+0000] {logging_mixin.py:150} INFO - [2023-08-09T22:37:06.291+0000] {dag.py:3508} INFO - Setting next_dagrun for dataset_consumes_1 to None, run_after=None
[2023-08-09T22:37:06.293+0000] {logging_mixin.py:150} INFO - [2023-08-09T22:37:06.293+0000] {dag.py:3508} INFO - Setting next_dagrun for dataset_consumes_1_and_2 to None, run_after=None
[2023-08-09T22:37:06.294+0000] {logging_mixin.py:150} INFO - [2023-08-09T22:37:06.294+0000] {dag.py:3508} INFO - Setting next_dagrun for dataset_consumes_1_never_scheduled to None, run_after=None
[2023-08-09T22:37:06.295+0000] {logging_mixin.py:150} INFO - [2023-08-09T22:37:06.295+0000] {dag.py:3508} INFO - Setting next_dagrun for dataset_consumes_unknown_never_scheduled to None, run_after=None
[2023-08-09T22:37:06.297+0000] {logging_mixin.py:150} INFO - [2023-08-09T22:37:06.297+0000] {dag.py:3508} INFO - Setting next_dagrun for dataset_produces_1 to 2023-08-08T00:00:00+00:00, run_after=2023-08-09T00:00:00+00:00
[2023-08-09T22:37:06.297+0000] {logging_mixin.py:150} INFO - [2023-08-09T22:37:06.297+0000] {dag.py:3508} INFO - Setting next_dagrun for dataset_produces_2 to None, run_after=None
[2023-08-09T22:37:06.314+0000] {processor.py:179} INFO - Processing /home/airflow/.local/lib/python3.7/site-packages/airflow/example_dags/example_datasets.py took 0.081 seconds
[2023-08-09T22:37:36.434+0000] {processor.py:157} INFO - Started process (PID=1334) to work on /home/airflow/.local/lib/python3.7/site-packages/airflow/example_dags/example_datasets.py
[2023-08-09T22:37:36.435+0000] {processor.py:826} INFO - Processing file /home/airflow/.local/lib/python3.7/site-packages/airflow/example_dags/example_datasets.py for tasks to queue
[2023-08-09T22:37:36.436+0000] {logging_mixin.py:150} INFO - [2023-08-09T22:37:36.436+0000] {dagbag.py:541} INFO - Filling up the DagBag from /home/airflow/.local/lib/python3.7/site-packages/airflow/example_dags/example_datasets.py
[2023-08-09T22:37:36.445+0000] {processor.py:836} INFO - DAG(s) dict_keys(['dataset_produces_1', 'dataset_consumes_1', 'dataset_consumes_1_and_2', 'dataset_consumes_unknown_never_scheduled', 'dataset_produces_2', 'dataset_consumes_1_never_scheduled']) retrieved from /home/airflow/.local/lib/python3.7/site-packages/airflow/example_dags/example_datasets.py
[2023-08-09T22:37:36.474+0000] {logging_mixin.py:150} INFO - [2023-08-09T22:37:36.474+0000] {dag.py:2742} INFO - Sync 6 DAGs
[2023-08-09T22:37:36.488+0000] {logging_mixin.py:150} INFO - [2023-08-09T22:37:36.488+0000] {dag.py:3508} INFO - Setting next_dagrun for dataset_consumes_1 to None, run_after=None
[2023-08-09T22:37:36.490+0000] {logging_mixin.py:150} INFO - [2023-08-09T22:37:36.490+0000] {dag.py:3508} INFO - Setting next_dagrun for dataset_consumes_1_and_2 to None, run_after=None
[2023-08-09T22:37:36.491+0000] {logging_mixin.py:150} INFO - [2023-08-09T22:37:36.491+0000] {dag.py:3508} INFO - Setting next_dagrun for dataset_consumes_1_never_scheduled to None, run_after=None
[2023-08-09T22:37:36.492+0000] {logging_mixin.py:150} INFO - [2023-08-09T22:37:36.492+0000] {dag.py:3508} INFO - Setting next_dagrun for dataset_consumes_unknown_never_scheduled to None, run_after=None
[2023-08-09T22:37:36.493+0000] {logging_mixin.py:150} INFO - [2023-08-09T22:37:36.493+0000] {dag.py:3508} INFO - Setting next_dagrun for dataset_produces_1 to 2023-08-08T00:00:00+00:00, run_after=2023-08-09T00:00:00+00:00
[2023-08-09T22:37:36.494+0000] {logging_mixin.py:150} INFO - [2023-08-09T22:37:36.494+0000] {dag.py:3508} INFO - Setting next_dagrun for dataset_produces_2 to None, run_after=None
[2023-08-09T22:37:36.511+0000] {processor.py:179} INFO - Processing /home/airflow/.local/lib/python3.7/site-packages/airflow/example_dags/example_datasets.py took 0.081 seconds
[2023-08-09T23:31:51.104+0000] {processor.py:157} INFO - Started process (PID=1393) to work on /home/airflow/.local/lib/python3.7/site-packages/airflow/example_dags/example_datasets.py
[2023-08-09T23:31:51.105+0000] {processor.py:826} INFO - Processing file /home/airflow/.local/lib/python3.7/site-packages/airflow/example_dags/example_datasets.py for tasks to queue
[2023-08-09T23:31:51.106+0000] {logging_mixin.py:150} INFO - [2023-08-09T23:31:51.105+0000] {dagbag.py:541} INFO - Filling up the DagBag from /home/airflow/.local/lib/python3.7/site-packages/airflow/example_dags/example_datasets.py
[2023-08-09T23:31:51.112+0000] {processor.py:836} INFO - DAG(s) dict_keys(['dataset_consumes_1_never_scheduled', 'dataset_produces_1', 'dataset_consumes_unknown_never_scheduled', 'dataset_consumes_1_and_2', 'dataset_produces_2', 'dataset_consumes_1']) retrieved from /home/airflow/.local/lib/python3.7/site-packages/airflow/example_dags/example_datasets.py
[2023-08-09T23:31:51.136+0000] {logging_mixin.py:150} INFO - [2023-08-09T23:31:51.136+0000] {dag.py:2742} INFO - Sync 6 DAGs
[2023-08-09T23:31:51.151+0000] {logging_mixin.py:150} INFO - [2023-08-09T23:31:51.151+0000] {dag.py:3508} INFO - Setting next_dagrun for dataset_consumes_1 to None, run_after=None
[2023-08-09T23:31:51.152+0000] {logging_mixin.py:150} INFO - [2023-08-09T23:31:51.152+0000] {dag.py:3508} INFO - Setting next_dagrun for dataset_consumes_1_and_2 to None, run_after=None
[2023-08-09T23:31:51.153+0000] {logging_mixin.py:150} INFO - [2023-08-09T23:31:51.153+0000] {dag.py:3508} INFO - Setting next_dagrun for dataset_consumes_1_never_scheduled to None, run_after=None
[2023-08-09T23:31:51.155+0000] {logging_mixin.py:150} INFO - [2023-08-09T23:31:51.155+0000] {dag.py:3508} INFO - Setting next_dagrun for dataset_consumes_unknown_never_scheduled to None, run_after=None
[2023-08-09T23:31:51.156+0000] {logging_mixin.py:150} INFO - [2023-08-09T23:31:51.156+0000] {dag.py:3508} INFO - Setting next_dagrun for dataset_produces_1 to 2023-08-08T00:00:00+00:00, run_after=2023-08-09T00:00:00+00:00
[2023-08-09T23:31:51.157+0000] {logging_mixin.py:150} INFO - [2023-08-09T23:31:51.157+0000] {dag.py:3508} INFO - Setting next_dagrun for dataset_produces_2 to None, run_after=None
[2023-08-09T23:31:51.173+0000] {processor.py:179} INFO - Processing /home/airflow/.local/lib/python3.7/site-packages/airflow/example_dags/example_datasets.py took 0.072 seconds
