[2023-08-09T12:03:23.140+0000] {processor.py:157} INFO - Started process (PID=56) to work on /home/airflow/.local/lib/python3.7/site-packages/airflow/example_dags/example_nested_branch_dag.py
[2023-08-09T12:03:23.145+0000] {processor.py:826} INFO - Processing file /home/airflow/.local/lib/python3.7/site-packages/airflow/example_dags/example_nested_branch_dag.py for tasks to queue
[2023-08-09T12:03:23.146+0000] {logging_mixin.py:150} INFO - [2023-08-09T12:03:23.146+0000] {dagbag.py:541} INFO - Filling up the DagBag from /home/airflow/.local/lib/python3.7/site-packages/airflow/example_dags/example_nested_branch_dag.py
[2023-08-09T12:03:23.159+0000] {processor.py:836} INFO - DAG(s) dict_keys(['example_nested_branch_dag']) retrieved from /home/airflow/.local/lib/python3.7/site-packages/airflow/example_dags/example_nested_branch_dag.py
[2023-08-09T12:03:23.171+0000] {logging_mixin.py:150} INFO - [2023-08-09T12:03:23.171+0000] {dag.py:2742} INFO - Sync 1 DAGs
[2023-08-09T12:03:23.195+0000] {logging_mixin.py:150} INFO - [2023-08-09T12:03:23.195+0000] {dag.py:3508} INFO - Setting next_dagrun for example_nested_branch_dag to 2023-08-08T00:00:00+00:00, run_after=2023-08-09T00:00:00+00:00
[2023-08-09T12:03:23.214+0000] {processor.py:179} INFO - Processing /home/airflow/.local/lib/python3.7/site-packages/airflow/example_dags/example_nested_branch_dag.py took 0.077 seconds
[2023-08-09T12:03:53.858+0000] {processor.py:157} INFO - Started process (PID=115) to work on /home/airflow/.local/lib/python3.7/site-packages/airflow/example_dags/example_nested_branch_dag.py
[2023-08-09T12:03:53.859+0000] {processor.py:826} INFO - Processing file /home/airflow/.local/lib/python3.7/site-packages/airflow/example_dags/example_nested_branch_dag.py for tasks to queue
[2023-08-09T12:03:53.860+0000] {logging_mixin.py:150} INFO - [2023-08-09T12:03:53.859+0000] {dagbag.py:541} INFO - Filling up the DagBag from /home/airflow/.local/lib/python3.7/site-packages/airflow/example_dags/example_nested_branch_dag.py
[2023-08-09T12:03:53.867+0000] {processor.py:836} INFO - DAG(s) dict_keys(['example_nested_branch_dag']) retrieved from /home/airflow/.local/lib/python3.7/site-packages/airflow/example_dags/example_nested_branch_dag.py
[2023-08-09T12:03:53.885+0000] {logging_mixin.py:150} INFO - [2023-08-09T12:03:53.885+0000] {dag.py:2742} INFO - Sync 1 DAGs
[2023-08-09T12:03:53.900+0000] {logging_mixin.py:150} INFO - [2023-08-09T12:03:53.900+0000] {dag.py:3508} INFO - Setting next_dagrun for example_nested_branch_dag to 2023-08-08T00:00:00+00:00, run_after=2023-08-09T00:00:00+00:00
[2023-08-09T12:03:53.910+0000] {processor.py:179} INFO - Processing /home/airflow/.local/lib/python3.7/site-packages/airflow/example_dags/example_nested_branch_dag.py took 0.055 seconds
[2023-08-09T12:04:24.104+0000] {processor.py:157} INFO - Started process (PID=174) to work on /home/airflow/.local/lib/python3.7/site-packages/airflow/example_dags/example_nested_branch_dag.py
[2023-08-09T12:04:24.105+0000] {processor.py:826} INFO - Processing file /home/airflow/.local/lib/python3.7/site-packages/airflow/example_dags/example_nested_branch_dag.py for tasks to queue
[2023-08-09T12:04:24.106+0000] {logging_mixin.py:150} INFO - [2023-08-09T12:04:24.105+0000] {dagbag.py:541} INFO - Filling up the DagBag from /home/airflow/.local/lib/python3.7/site-packages/airflow/example_dags/example_nested_branch_dag.py
[2023-08-09T12:04:24.112+0000] {processor.py:836} INFO - DAG(s) dict_keys(['example_nested_branch_dag']) retrieved from /home/airflow/.local/lib/python3.7/site-packages/airflow/example_dags/example_nested_branch_dag.py
[2023-08-09T12:04:24.131+0000] {logging_mixin.py:150} INFO - [2023-08-09T12:04:24.131+0000] {dag.py:2742} INFO - Sync 1 DAGs
[2023-08-09T12:04:24.145+0000] {logging_mixin.py:150} INFO - [2023-08-09T12:04:24.145+0000] {dag.py:3508} INFO - Setting next_dagrun for example_nested_branch_dag to 2023-08-08T00:00:00+00:00, run_after=2023-08-09T00:00:00+00:00
[2023-08-09T12:04:24.156+0000] {processor.py:179} INFO - Processing /home/airflow/.local/lib/python3.7/site-packages/airflow/example_dags/example_nested_branch_dag.py took 0.054 seconds
[2023-08-09T12:04:54.368+0000] {processor.py:157} INFO - Started process (PID=233) to work on /home/airflow/.local/lib/python3.7/site-packages/airflow/example_dags/example_nested_branch_dag.py
[2023-08-09T12:04:54.369+0000] {processor.py:826} INFO - Processing file /home/airflow/.local/lib/python3.7/site-packages/airflow/example_dags/example_nested_branch_dag.py for tasks to queue
[2023-08-09T12:04:54.370+0000] {logging_mixin.py:150} INFO - [2023-08-09T12:04:54.370+0000] {dagbag.py:541} INFO - Filling up the DagBag from /home/airflow/.local/lib/python3.7/site-packages/airflow/example_dags/example_nested_branch_dag.py
[2023-08-09T12:04:54.377+0000] {processor.py:836} INFO - DAG(s) dict_keys(['example_nested_branch_dag']) retrieved from /home/airflow/.local/lib/python3.7/site-packages/airflow/example_dags/example_nested_branch_dag.py
[2023-08-09T12:04:54.394+0000] {logging_mixin.py:150} INFO - [2023-08-09T12:04:54.394+0000] {dag.py:2742} INFO - Sync 1 DAGs
[2023-08-09T12:04:54.409+0000] {logging_mixin.py:150} INFO - [2023-08-09T12:04:54.409+0000] {dag.py:3508} INFO - Setting next_dagrun for example_nested_branch_dag to 2023-08-08T00:00:00+00:00, run_after=2023-08-09T00:00:00+00:00
[2023-08-09T12:04:54.419+0000] {processor.py:179} INFO - Processing /home/airflow/.local/lib/python3.7/site-packages/airflow/example_dags/example_nested_branch_dag.py took 0.053 seconds
[2023-08-09T12:05:24.639+0000] {processor.py:157} INFO - Started process (PID=292) to work on /home/airflow/.local/lib/python3.7/site-packages/airflow/example_dags/example_nested_branch_dag.py
[2023-08-09T12:05:24.640+0000] {processor.py:826} INFO - Processing file /home/airflow/.local/lib/python3.7/site-packages/airflow/example_dags/example_nested_branch_dag.py for tasks to queue
[2023-08-09T12:05:24.641+0000] {logging_mixin.py:150} INFO - [2023-08-09T12:05:24.641+0000] {dagbag.py:541} INFO - Filling up the DagBag from /home/airflow/.local/lib/python3.7/site-packages/airflow/example_dags/example_nested_branch_dag.py
[2023-08-09T12:05:24.647+0000] {processor.py:836} INFO - DAG(s) dict_keys(['example_nested_branch_dag']) retrieved from /home/airflow/.local/lib/python3.7/site-packages/airflow/example_dags/example_nested_branch_dag.py
[2023-08-09T12:05:24.665+0000] {logging_mixin.py:150} INFO - [2023-08-09T12:05:24.665+0000] {dag.py:2742} INFO - Sync 1 DAGs
[2023-08-09T12:05:24.680+0000] {logging_mixin.py:150} INFO - [2023-08-09T12:05:24.680+0000] {dag.py:3508} INFO - Setting next_dagrun for example_nested_branch_dag to 2023-08-08T00:00:00+00:00, run_after=2023-08-09T00:00:00+00:00
[2023-08-09T12:05:24.690+0000] {processor.py:179} INFO - Processing /home/airflow/.local/lib/python3.7/site-packages/airflow/example_dags/example_nested_branch_dag.py took 0.053 seconds
[2023-08-09T12:05:54.914+0000] {processor.py:157} INFO - Started process (PID=351) to work on /home/airflow/.local/lib/python3.7/site-packages/airflow/example_dags/example_nested_branch_dag.py
[2023-08-09T12:05:54.915+0000] {processor.py:826} INFO - Processing file /home/airflow/.local/lib/python3.7/site-packages/airflow/example_dags/example_nested_branch_dag.py for tasks to queue
[2023-08-09T12:05:54.916+0000] {logging_mixin.py:150} INFO - [2023-08-09T12:05:54.916+0000] {dagbag.py:541} INFO - Filling up the DagBag from /home/airflow/.local/lib/python3.7/site-packages/airflow/example_dags/example_nested_branch_dag.py
[2023-08-09T12:05:54.923+0000] {processor.py:836} INFO - DAG(s) dict_keys(['example_nested_branch_dag']) retrieved from /home/airflow/.local/lib/python3.7/site-packages/airflow/example_dags/example_nested_branch_dag.py
[2023-08-09T12:05:54.941+0000] {logging_mixin.py:150} INFO - [2023-08-09T12:05:54.941+0000] {dag.py:2742} INFO - Sync 1 DAGs
[2023-08-09T12:05:54.956+0000] {logging_mixin.py:150} INFO - [2023-08-09T12:05:54.956+0000] {dag.py:3508} INFO - Setting next_dagrun for example_nested_branch_dag to 2023-08-08T00:00:00+00:00, run_after=2023-08-09T00:00:00+00:00
[2023-08-09T12:05:54.966+0000] {processor.py:179} INFO - Processing /home/airflow/.local/lib/python3.7/site-packages/airflow/example_dags/example_nested_branch_dag.py took 0.054 seconds
[2023-08-09T12:06:25.252+0000] {processor.py:157} INFO - Started process (PID=410) to work on /home/airflow/.local/lib/python3.7/site-packages/airflow/example_dags/example_nested_branch_dag.py
[2023-08-09T12:06:25.253+0000] {processor.py:826} INFO - Processing file /home/airflow/.local/lib/python3.7/site-packages/airflow/example_dags/example_nested_branch_dag.py for tasks to queue
[2023-08-09T12:06:25.254+0000] {logging_mixin.py:150} INFO - [2023-08-09T12:06:25.254+0000] {dagbag.py:541} INFO - Filling up the DagBag from /home/airflow/.local/lib/python3.7/site-packages/airflow/example_dags/example_nested_branch_dag.py
[2023-08-09T12:06:25.261+0000] {processor.py:836} INFO - DAG(s) dict_keys(['example_nested_branch_dag']) retrieved from /home/airflow/.local/lib/python3.7/site-packages/airflow/example_dags/example_nested_branch_dag.py
[2023-08-09T12:06:25.279+0000] {logging_mixin.py:150} INFO - [2023-08-09T12:06:25.279+0000] {dag.py:2742} INFO - Sync 1 DAGs
[2023-08-09T12:06:25.293+0000] {logging_mixin.py:150} INFO - [2023-08-09T12:06:25.293+0000] {dag.py:3508} INFO - Setting next_dagrun for example_nested_branch_dag to 2023-08-08T00:00:00+00:00, run_after=2023-08-09T00:00:00+00:00
[2023-08-09T12:06:25.303+0000] {processor.py:179} INFO - Processing /home/airflow/.local/lib/python3.7/site-packages/airflow/example_dags/example_nested_branch_dag.py took 0.053 seconds
[2023-08-09T12:06:55.549+0000] {processor.py:157} INFO - Started process (PID=469) to work on /home/airflow/.local/lib/python3.7/site-packages/airflow/example_dags/example_nested_branch_dag.py
[2023-08-09T12:06:55.550+0000] {processor.py:826} INFO - Processing file /home/airflow/.local/lib/python3.7/site-packages/airflow/example_dags/example_nested_branch_dag.py for tasks to queue
[2023-08-09T12:06:55.551+0000] {logging_mixin.py:150} INFO - [2023-08-09T12:06:55.551+0000] {dagbag.py:541} INFO - Filling up the DagBag from /home/airflow/.local/lib/python3.7/site-packages/airflow/example_dags/example_nested_branch_dag.py
[2023-08-09T12:06:55.558+0000] {processor.py:836} INFO - DAG(s) dict_keys(['example_nested_branch_dag']) retrieved from /home/airflow/.local/lib/python3.7/site-packages/airflow/example_dags/example_nested_branch_dag.py
[2023-08-09T12:06:55.576+0000] {logging_mixin.py:150} INFO - [2023-08-09T12:06:55.576+0000] {dag.py:2742} INFO - Sync 1 DAGs
[2023-08-09T12:06:55.591+0000] {logging_mixin.py:150} INFO - [2023-08-09T12:06:55.591+0000] {dag.py:3508} INFO - Setting next_dagrun for example_nested_branch_dag to 2023-08-08T00:00:00+00:00, run_after=2023-08-09T00:00:00+00:00
[2023-08-09T12:06:55.600+0000] {processor.py:179} INFO - Processing /home/airflow/.local/lib/python3.7/site-packages/airflow/example_dags/example_nested_branch_dag.py took 0.055 seconds
[2023-08-09T12:07:27.971+0000] {processor.py:157} INFO - Started process (PID=528) to work on /home/airflow/.local/lib/python3.7/site-packages/airflow/example_dags/example_nested_branch_dag.py
[2023-08-09T12:07:27.972+0000] {processor.py:826} INFO - Processing file /home/airflow/.local/lib/python3.7/site-packages/airflow/example_dags/example_nested_branch_dag.py for tasks to queue
[2023-08-09T12:07:27.973+0000] {logging_mixin.py:150} INFO - [2023-08-09T12:07:27.973+0000] {dagbag.py:541} INFO - Filling up the DagBag from /home/airflow/.local/lib/python3.7/site-packages/airflow/example_dags/example_nested_branch_dag.py
[2023-08-09T12:07:27.980+0000] {processor.py:836} INFO - DAG(s) dict_keys(['example_nested_branch_dag']) retrieved from /home/airflow/.local/lib/python3.7/site-packages/airflow/example_dags/example_nested_branch_dag.py
[2023-08-09T12:07:27.997+0000] {logging_mixin.py:150} INFO - [2023-08-09T12:07:27.997+0000] {dag.py:2742} INFO - Sync 1 DAGs
[2023-08-09T12:07:28.013+0000] {logging_mixin.py:150} INFO - [2023-08-09T12:07:28.013+0000] {dag.py:3508} INFO - Setting next_dagrun for example_nested_branch_dag to 2023-08-08T00:00:00+00:00, run_after=2023-08-09T00:00:00+00:00
[2023-08-09T12:07:28.023+0000] {processor.py:179} INFO - Processing /home/airflow/.local/lib/python3.7/site-packages/airflow/example_dags/example_nested_branch_dag.py took 0.054 seconds
[2023-08-09T12:16:43.937+0000] {processor.py:157} INFO - Started process (PID=589) to work on /home/airflow/.local/lib/python3.7/site-packages/airflow/example_dags/example_nested_branch_dag.py
[2023-08-09T12:16:43.939+0000] {processor.py:826} INFO - Processing file /home/airflow/.local/lib/python3.7/site-packages/airflow/example_dags/example_nested_branch_dag.py for tasks to queue
[2023-08-09T12:16:43.940+0000] {logging_mixin.py:150} INFO - [2023-08-09T12:16:43.940+0000] {dagbag.py:541} INFO - Filling up the DagBag from /home/airflow/.local/lib/python3.7/site-packages/airflow/example_dags/example_nested_branch_dag.py
[2023-08-09T12:16:43.950+0000] {processor.py:836} INFO - DAG(s) dict_keys(['example_nested_branch_dag']) retrieved from /home/airflow/.local/lib/python3.7/site-packages/airflow/example_dags/example_nested_branch_dag.py
[2023-08-09T12:16:43.986+0000] {logging_mixin.py:150} INFO - [2023-08-09T12:16:43.986+0000] {dag.py:2742} INFO - Sync 1 DAGs
[2023-08-09T12:16:44.006+0000] {logging_mixin.py:150} INFO - [2023-08-09T12:16:44.006+0000] {dag.py:3508} INFO - Setting next_dagrun for example_nested_branch_dag to 2023-08-08T00:00:00+00:00, run_after=2023-08-09T00:00:00+00:00
[2023-08-09T12:16:44.020+0000] {processor.py:179} INFO - Processing /home/airflow/.local/lib/python3.7/site-packages/airflow/example_dags/example_nested_branch_dag.py took 0.086 seconds
[2023-08-09T12:17:14.994+0000] {processor.py:157} INFO - Started process (PID=648) to work on /home/airflow/.local/lib/python3.7/site-packages/airflow/example_dags/example_nested_branch_dag.py
[2023-08-09T12:17:14.995+0000] {processor.py:826} INFO - Processing file /home/airflow/.local/lib/python3.7/site-packages/airflow/example_dags/example_nested_branch_dag.py for tasks to queue
[2023-08-09T12:17:14.995+0000] {logging_mixin.py:150} INFO - [2023-08-09T12:17:14.995+0000] {dagbag.py:541} INFO - Filling up the DagBag from /home/airflow/.local/lib/python3.7/site-packages/airflow/example_dags/example_nested_branch_dag.py
[2023-08-09T12:17:15.002+0000] {processor.py:836} INFO - DAG(s) dict_keys(['example_nested_branch_dag']) retrieved from /home/airflow/.local/lib/python3.7/site-packages/airflow/example_dags/example_nested_branch_dag.py
[2023-08-09T12:17:15.019+0000] {logging_mixin.py:150} INFO - [2023-08-09T12:17:15.019+0000] {dag.py:2742} INFO - Sync 1 DAGs
[2023-08-09T12:17:15.034+0000] {logging_mixin.py:150} INFO - [2023-08-09T12:17:15.034+0000] {dag.py:3508} INFO - Setting next_dagrun for example_nested_branch_dag to 2023-08-08T00:00:00+00:00, run_after=2023-08-09T00:00:00+00:00
[2023-08-09T12:17:15.045+0000] {processor.py:179} INFO - Processing /home/airflow/.local/lib/python3.7/site-packages/airflow/example_dags/example_nested_branch_dag.py took 0.053 seconds
[2023-08-09T12:33:46.630+0000] {processor.py:157} INFO - Started process (PID=707) to work on /home/airflow/.local/lib/python3.7/site-packages/airflow/example_dags/example_nested_branch_dag.py
[2023-08-09T12:33:46.631+0000] {processor.py:826} INFO - Processing file /home/airflow/.local/lib/python3.7/site-packages/airflow/example_dags/example_nested_branch_dag.py for tasks to queue
[2023-08-09T12:33:46.632+0000] {logging_mixin.py:150} INFO - [2023-08-09T12:33:46.632+0000] {dagbag.py:541} INFO - Filling up the DagBag from /home/airflow/.local/lib/python3.7/site-packages/airflow/example_dags/example_nested_branch_dag.py
[2023-08-09T12:33:46.640+0000] {processor.py:836} INFO - DAG(s) dict_keys(['example_nested_branch_dag']) retrieved from /home/airflow/.local/lib/python3.7/site-packages/airflow/example_dags/example_nested_branch_dag.py
[2023-08-09T12:33:46.657+0000] {logging_mixin.py:150} INFO - [2023-08-09T12:33:46.657+0000] {dag.py:2742} INFO - Sync 1 DAGs
[2023-08-09T12:33:46.671+0000] {logging_mixin.py:150} INFO - [2023-08-09T12:33:46.671+0000] {dag.py:3508} INFO - Setting next_dagrun for example_nested_branch_dag to 2023-08-08T00:00:00+00:00, run_after=2023-08-09T00:00:00+00:00
[2023-08-09T12:33:46.681+0000] {processor.py:179} INFO - Processing /home/airflow/.local/lib/python3.7/site-packages/airflow/example_dags/example_nested_branch_dag.py took 0.054 seconds
[2023-08-09T13:56:51.781+0000] {processor.py:157} INFO - Started process (PID=766) to work on /home/airflow/.local/lib/python3.7/site-packages/airflow/example_dags/example_nested_branch_dag.py
[2023-08-09T13:56:51.782+0000] {processor.py:826} INFO - Processing file /home/airflow/.local/lib/python3.7/site-packages/airflow/example_dags/example_nested_branch_dag.py for tasks to queue
[2023-08-09T13:56:51.783+0000] {logging_mixin.py:150} INFO - [2023-08-09T13:56:51.783+0000] {dagbag.py:541} INFO - Filling up the DagBag from /home/airflow/.local/lib/python3.7/site-packages/airflow/example_dags/example_nested_branch_dag.py
[2023-08-09T13:56:51.790+0000] {processor.py:836} INFO - DAG(s) dict_keys(['example_nested_branch_dag']) retrieved from /home/airflow/.local/lib/python3.7/site-packages/airflow/example_dags/example_nested_branch_dag.py
[2023-08-09T13:56:51.807+0000] {logging_mixin.py:150} INFO - [2023-08-09T13:56:51.807+0000] {dag.py:2742} INFO - Sync 1 DAGs
[2023-08-09T13:56:51.821+0000] {logging_mixin.py:150} INFO - [2023-08-09T13:56:51.820+0000] {dag.py:3508} INFO - Setting next_dagrun for example_nested_branch_dag to 2023-08-08T00:00:00+00:00, run_after=2023-08-09T00:00:00+00:00
[2023-08-09T13:56:51.830+0000] {processor.py:179} INFO - Processing /home/airflow/.local/lib/python3.7/site-packages/airflow/example_dags/example_nested_branch_dag.py took 0.051 seconds
[2023-08-09T14:58:25.979+0000] {processor.py:157} INFO - Started process (PID=825) to work on /home/airflow/.local/lib/python3.7/site-packages/airflow/example_dags/example_nested_branch_dag.py
[2023-08-09T14:58:25.980+0000] {processor.py:826} INFO - Processing file /home/airflow/.local/lib/python3.7/site-packages/airflow/example_dags/example_nested_branch_dag.py for tasks to queue
[2023-08-09T14:58:25.980+0000] {logging_mixin.py:150} INFO - [2023-08-09T14:58:25.980+0000] {dagbag.py:541} INFO - Filling up the DagBag from /home/airflow/.local/lib/python3.7/site-packages/airflow/example_dags/example_nested_branch_dag.py
[2023-08-09T14:58:25.987+0000] {processor.py:836} INFO - DAG(s) dict_keys(['example_nested_branch_dag']) retrieved from /home/airflow/.local/lib/python3.7/site-packages/airflow/example_dags/example_nested_branch_dag.py
[2023-08-09T14:58:26.005+0000] {logging_mixin.py:150} INFO - [2023-08-09T14:58:26.005+0000] {dag.py:2742} INFO - Sync 1 DAGs
[2023-08-09T14:58:26.019+0000] {logging_mixin.py:150} INFO - [2023-08-09T14:58:26.019+0000] {dag.py:3508} INFO - Setting next_dagrun for example_nested_branch_dag to 2023-08-08T00:00:00+00:00, run_after=2023-08-09T00:00:00+00:00
[2023-08-09T14:58:26.029+0000] {processor.py:179} INFO - Processing /home/airflow/.local/lib/python3.7/site-packages/airflow/example_dags/example_nested_branch_dag.py took 0.053 seconds
[2023-08-09T14:58:59.035+0000] {processor.py:157} INFO - Started process (PID=885) to work on /home/airflow/.local/lib/python3.7/site-packages/airflow/example_dags/example_nested_branch_dag.py
[2023-08-09T14:58:59.036+0000] {processor.py:826} INFO - Processing file /home/airflow/.local/lib/python3.7/site-packages/airflow/example_dags/example_nested_branch_dag.py for tasks to queue
[2023-08-09T14:58:59.037+0000] {logging_mixin.py:150} INFO - [2023-08-09T14:58:59.036+0000] {dagbag.py:541} INFO - Filling up the DagBag from /home/airflow/.local/lib/python3.7/site-packages/airflow/example_dags/example_nested_branch_dag.py
[2023-08-09T14:58:59.044+0000] {processor.py:836} INFO - DAG(s) dict_keys(['example_nested_branch_dag']) retrieved from /home/airflow/.local/lib/python3.7/site-packages/airflow/example_dags/example_nested_branch_dag.py
[2023-08-09T14:58:59.063+0000] {logging_mixin.py:150} INFO - [2023-08-09T14:58:59.063+0000] {dag.py:2742} INFO - Sync 1 DAGs
[2023-08-09T14:58:59.079+0000] {logging_mixin.py:150} INFO - [2023-08-09T14:58:59.078+0000] {dag.py:3508} INFO - Setting next_dagrun for example_nested_branch_dag to 2023-08-08T00:00:00+00:00, run_after=2023-08-09T00:00:00+00:00
[2023-08-09T14:58:59.089+0000] {processor.py:179} INFO - Processing /home/airflow/.local/lib/python3.7/site-packages/airflow/example_dags/example_nested_branch_dag.py took 0.057 seconds
[2023-08-09T16:16:43.256+0000] {processor.py:157} INFO - Started process (PID=944) to work on /home/airflow/.local/lib/python3.7/site-packages/airflow/example_dags/example_nested_branch_dag.py
[2023-08-09T16:16:43.257+0000] {processor.py:826} INFO - Processing file /home/airflow/.local/lib/python3.7/site-packages/airflow/example_dags/example_nested_branch_dag.py for tasks to queue
[2023-08-09T16:16:43.258+0000] {logging_mixin.py:150} INFO - [2023-08-09T16:16:43.258+0000] {dagbag.py:541} INFO - Filling up the DagBag from /home/airflow/.local/lib/python3.7/site-packages/airflow/example_dags/example_nested_branch_dag.py
[2023-08-09T16:16:43.265+0000] {processor.py:836} INFO - DAG(s) dict_keys(['example_nested_branch_dag']) retrieved from /home/airflow/.local/lib/python3.7/site-packages/airflow/example_dags/example_nested_branch_dag.py
[2023-08-09T16:16:43.283+0000] {logging_mixin.py:150} INFO - [2023-08-09T16:16:43.283+0000] {dag.py:2742} INFO - Sync 1 DAGs
[2023-08-09T16:16:43.298+0000] {logging_mixin.py:150} INFO - [2023-08-09T16:16:43.298+0000] {dag.py:3508} INFO - Setting next_dagrun for example_nested_branch_dag to 2023-08-08T00:00:00+00:00, run_after=2023-08-09T00:00:00+00:00
[2023-08-09T16:16:43.307+0000] {processor.py:179} INFO - Processing /home/airflow/.local/lib/python3.7/site-packages/airflow/example_dags/example_nested_branch_dag.py took 0.053 seconds
[2023-08-09T17:36:41.409+0000] {processor.py:157} INFO - Started process (PID=1003) to work on /home/airflow/.local/lib/python3.7/site-packages/airflow/example_dags/example_nested_branch_dag.py
[2023-08-09T17:36:41.410+0000] {processor.py:826} INFO - Processing file /home/airflow/.local/lib/python3.7/site-packages/airflow/example_dags/example_nested_branch_dag.py for tasks to queue
[2023-08-09T17:36:41.411+0000] {logging_mixin.py:150} INFO - [2023-08-09T17:36:41.411+0000] {dagbag.py:541} INFO - Filling up the DagBag from /home/airflow/.local/lib/python3.7/site-packages/airflow/example_dags/example_nested_branch_dag.py
[2023-08-09T17:36:41.420+0000] {processor.py:836} INFO - DAG(s) dict_keys(['example_nested_branch_dag']) retrieved from /home/airflow/.local/lib/python3.7/site-packages/airflow/example_dags/example_nested_branch_dag.py
[2023-08-09T17:36:41.440+0000] {logging_mixin.py:150} INFO - [2023-08-09T17:36:41.440+0000] {dag.py:2742} INFO - Sync 1 DAGs
[2023-08-09T17:36:41.460+0000] {logging_mixin.py:150} INFO - [2023-08-09T17:36:41.460+0000] {dag.py:3508} INFO - Setting next_dagrun for example_nested_branch_dag to 2023-08-08T00:00:00+00:00, run_after=2023-08-09T00:00:00+00:00
[2023-08-09T17:36:41.473+0000] {processor.py:179} INFO - Processing /home/airflow/.local/lib/python3.7/site-packages/airflow/example_dags/example_nested_branch_dag.py took 0.066 seconds
[2023-08-09T18:58:23.965+0000] {processor.py:157} INFO - Started process (PID=1062) to work on /home/airflow/.local/lib/python3.7/site-packages/airflow/example_dags/example_nested_branch_dag.py
[2023-08-09T18:58:23.966+0000] {processor.py:826} INFO - Processing file /home/airflow/.local/lib/python3.7/site-packages/airflow/example_dags/example_nested_branch_dag.py for tasks to queue
[2023-08-09T18:58:23.966+0000] {logging_mixin.py:150} INFO - [2023-08-09T18:58:23.966+0000] {dagbag.py:541} INFO - Filling up the DagBag from /home/airflow/.local/lib/python3.7/site-packages/airflow/example_dags/example_nested_branch_dag.py
[2023-08-09T18:58:23.973+0000] {processor.py:836} INFO - DAG(s) dict_keys(['example_nested_branch_dag']) retrieved from /home/airflow/.local/lib/python3.7/site-packages/airflow/example_dags/example_nested_branch_dag.py
[2023-08-09T18:58:23.991+0000] {logging_mixin.py:150} INFO - [2023-08-09T18:58:23.991+0000] {dag.py:2742} INFO - Sync 1 DAGs
[2023-08-09T18:58:24.006+0000] {logging_mixin.py:150} INFO - [2023-08-09T18:58:24.005+0000] {dag.py:3508} INFO - Setting next_dagrun for example_nested_branch_dag to 2023-08-08T00:00:00+00:00, run_after=2023-08-09T00:00:00+00:00
[2023-08-09T18:58:24.015+0000] {processor.py:179} INFO - Processing /home/airflow/.local/lib/python3.7/site-packages/airflow/example_dags/example_nested_branch_dag.py took 0.053 seconds
[2023-08-09T20:21:03.588+0000] {processor.py:157} INFO - Started process (PID=1121) to work on /home/airflow/.local/lib/python3.7/site-packages/airflow/example_dags/example_nested_branch_dag.py
[2023-08-09T20:21:03.589+0000] {processor.py:826} INFO - Processing file /home/airflow/.local/lib/python3.7/site-packages/airflow/example_dags/example_nested_branch_dag.py for tasks to queue
[2023-08-09T20:21:03.590+0000] {logging_mixin.py:150} INFO - [2023-08-09T20:21:03.590+0000] {dagbag.py:541} INFO - Filling up the DagBag from /home/airflow/.local/lib/python3.7/site-packages/airflow/example_dags/example_nested_branch_dag.py
[2023-08-09T20:21:03.597+0000] {processor.py:836} INFO - DAG(s) dict_keys(['example_nested_branch_dag']) retrieved from /home/airflow/.local/lib/python3.7/site-packages/airflow/example_dags/example_nested_branch_dag.py
[2023-08-09T20:21:03.615+0000] {logging_mixin.py:150} INFO - [2023-08-09T20:21:03.614+0000] {dag.py:2742} INFO - Sync 1 DAGs
[2023-08-09T20:21:03.629+0000] {logging_mixin.py:150} INFO - [2023-08-09T20:21:03.629+0000] {dag.py:3508} INFO - Setting next_dagrun for example_nested_branch_dag to 2023-08-08T00:00:00+00:00, run_after=2023-08-09T00:00:00+00:00
[2023-08-09T20:21:03.638+0000] {processor.py:179} INFO - Processing /home/airflow/.local/lib/python3.7/site-packages/airflow/example_dags/example_nested_branch_dag.py took 0.053 seconds
[2023-08-09T21:44:56.401+0000] {processor.py:157} INFO - Started process (PID=1180) to work on /home/airflow/.local/lib/python3.7/site-packages/airflow/example_dags/example_nested_branch_dag.py
[2023-08-09T21:44:56.402+0000] {processor.py:826} INFO - Processing file /home/airflow/.local/lib/python3.7/site-packages/airflow/example_dags/example_nested_branch_dag.py for tasks to queue
[2023-08-09T21:44:56.403+0000] {logging_mixin.py:150} INFO - [2023-08-09T21:44:56.403+0000] {dagbag.py:541} INFO - Filling up the DagBag from /home/airflow/.local/lib/python3.7/site-packages/airflow/example_dags/example_nested_branch_dag.py
[2023-08-09T21:44:56.410+0000] {processor.py:836} INFO - DAG(s) dict_keys(['example_nested_branch_dag']) retrieved from /home/airflow/.local/lib/python3.7/site-packages/airflow/example_dags/example_nested_branch_dag.py
[2023-08-09T21:44:56.428+0000] {logging_mixin.py:150} INFO - [2023-08-09T21:44:56.428+0000] {dag.py:2742} INFO - Sync 1 DAGs
[2023-08-09T21:44:56.443+0000] {logging_mixin.py:150} INFO - [2023-08-09T21:44:56.443+0000] {dag.py:3508} INFO - Setting next_dagrun for example_nested_branch_dag to 2023-08-08T00:00:00+00:00, run_after=2023-08-09T00:00:00+00:00
[2023-08-09T21:44:56.453+0000] {processor.py:179} INFO - Processing /home/airflow/.local/lib/python3.7/site-packages/airflow/example_dags/example_nested_branch_dag.py took 0.054 seconds
[2023-08-09T22:36:37.001+0000] {processor.py:157} INFO - Started process (PID=1239) to work on /home/airflow/.local/lib/python3.7/site-packages/airflow/example_dags/example_nested_branch_dag.py
[2023-08-09T22:36:37.002+0000] {processor.py:826} INFO - Processing file /home/airflow/.local/lib/python3.7/site-packages/airflow/example_dags/example_nested_branch_dag.py for tasks to queue
[2023-08-09T22:36:37.003+0000] {logging_mixin.py:150} INFO - [2023-08-09T22:36:37.003+0000] {dagbag.py:541} INFO - Filling up the DagBag from /home/airflow/.local/lib/python3.7/site-packages/airflow/example_dags/example_nested_branch_dag.py
[2023-08-09T22:36:37.010+0000] {processor.py:836} INFO - DAG(s) dict_keys(['example_nested_branch_dag']) retrieved from /home/airflow/.local/lib/python3.7/site-packages/airflow/example_dags/example_nested_branch_dag.py
[2023-08-09T22:36:37.027+0000] {logging_mixin.py:150} INFO - [2023-08-09T22:36:37.027+0000] {dag.py:2742} INFO - Sync 1 DAGs
[2023-08-09T22:36:37.042+0000] {logging_mixin.py:150} INFO - [2023-08-09T22:36:37.042+0000] {dag.py:3508} INFO - Setting next_dagrun for example_nested_branch_dag to 2023-08-08T00:00:00+00:00, run_after=2023-08-09T00:00:00+00:00
[2023-08-09T22:36:37.052+0000] {processor.py:179} INFO - Processing /home/airflow/.local/lib/python3.7/site-packages/airflow/example_dags/example_nested_branch_dag.py took 0.053 seconds
[2023-08-09T22:37:07.208+0000] {processor.py:157} INFO - Started process (PID=1298) to work on /home/airflow/.local/lib/python3.7/site-packages/airflow/example_dags/example_nested_branch_dag.py
[2023-08-09T22:37:07.209+0000] {processor.py:826} INFO - Processing file /home/airflow/.local/lib/python3.7/site-packages/airflow/example_dags/example_nested_branch_dag.py for tasks to queue
[2023-08-09T22:37:07.210+0000] {logging_mixin.py:150} INFO - [2023-08-09T22:37:07.209+0000] {dagbag.py:541} INFO - Filling up the DagBag from /home/airflow/.local/lib/python3.7/site-packages/airflow/example_dags/example_nested_branch_dag.py
[2023-08-09T22:37:07.216+0000] {processor.py:836} INFO - DAG(s) dict_keys(['example_nested_branch_dag']) retrieved from /home/airflow/.local/lib/python3.7/site-packages/airflow/example_dags/example_nested_branch_dag.py
[2023-08-09T22:37:07.235+0000] {logging_mixin.py:150} INFO - [2023-08-09T22:37:07.235+0000] {dag.py:2742} INFO - Sync 1 DAGs
[2023-08-09T22:37:07.250+0000] {logging_mixin.py:150} INFO - [2023-08-09T22:37:07.250+0000] {dag.py:3508} INFO - Setting next_dagrun for example_nested_branch_dag to 2023-08-08T00:00:00+00:00, run_after=2023-08-09T00:00:00+00:00
[2023-08-09T22:37:07.260+0000] {processor.py:179} INFO - Processing /home/airflow/.local/lib/python3.7/site-packages/airflow/example_dags/example_nested_branch_dag.py took 0.055 seconds
[2023-08-09T22:37:37.446+0000] {processor.py:157} INFO - Started process (PID=1357) to work on /home/airflow/.local/lib/python3.7/site-packages/airflow/example_dags/example_nested_branch_dag.py
[2023-08-09T22:37:37.447+0000] {processor.py:826} INFO - Processing file /home/airflow/.local/lib/python3.7/site-packages/airflow/example_dags/example_nested_branch_dag.py for tasks to queue
[2023-08-09T22:37:37.448+0000] {logging_mixin.py:150} INFO - [2023-08-09T22:37:37.448+0000] {dagbag.py:541} INFO - Filling up the DagBag from /home/airflow/.local/lib/python3.7/site-packages/airflow/example_dags/example_nested_branch_dag.py
[2023-08-09T22:37:37.454+0000] {processor.py:836} INFO - DAG(s) dict_keys(['example_nested_branch_dag']) retrieved from /home/airflow/.local/lib/python3.7/site-packages/airflow/example_dags/example_nested_branch_dag.py
[2023-08-09T22:37:37.472+0000] {logging_mixin.py:150} INFO - [2023-08-09T22:37:37.472+0000] {dag.py:2742} INFO - Sync 1 DAGs
[2023-08-09T22:37:37.487+0000] {logging_mixin.py:150} INFO - [2023-08-09T22:37:37.486+0000] {dag.py:3508} INFO - Setting next_dagrun for example_nested_branch_dag to 2023-08-08T00:00:00+00:00, run_after=2023-08-09T00:00:00+00:00
[2023-08-09T22:37:37.497+0000] {processor.py:179} INFO - Processing /home/airflow/.local/lib/python3.7/site-packages/airflow/example_dags/example_nested_branch_dag.py took 0.053 seconds
[2023-08-09T23:31:52.874+0000] {processor.py:157} INFO - Started process (PID=1416) to work on /home/airflow/.local/lib/python3.7/site-packages/airflow/example_dags/example_nested_branch_dag.py
[2023-08-09T23:31:52.875+0000] {processor.py:826} INFO - Processing file /home/airflow/.local/lib/python3.7/site-packages/airflow/example_dags/example_nested_branch_dag.py for tasks to queue
[2023-08-09T23:31:52.876+0000] {logging_mixin.py:150} INFO - [2023-08-09T23:31:52.876+0000] {dagbag.py:541} INFO - Filling up the DagBag from /home/airflow/.local/lib/python3.7/site-packages/airflow/example_dags/example_nested_branch_dag.py
[2023-08-09T23:31:52.883+0000] {processor.py:836} INFO - DAG(s) dict_keys(['example_nested_branch_dag']) retrieved from /home/airflow/.local/lib/python3.7/site-packages/airflow/example_dags/example_nested_branch_dag.py
[2023-08-09T23:31:52.900+0000] {logging_mixin.py:150} INFO - [2023-08-09T23:31:52.900+0000] {dag.py:2742} INFO - Sync 1 DAGs
[2023-08-09T23:31:52.915+0000] {logging_mixin.py:150} INFO - [2023-08-09T23:31:52.915+0000] {dag.py:3508} INFO - Setting next_dagrun for example_nested_branch_dag to 2023-08-08T00:00:00+00:00, run_after=2023-08-09T00:00:00+00:00
[2023-08-09T23:31:52.925+0000] {processor.py:179} INFO - Processing /home/airflow/.local/lib/python3.7/site-packages/airflow/example_dags/example_nested_branch_dag.py took 0.053 seconds
