[2023-08-09T12:03:23.060+0000] {processor.py:157} INFO - Started process (PID=54) to work on /home/airflow/.local/lib/python3.7/site-packages/airflow/example_dags/example_latest_only_with_trigger.py
[2023-08-09T12:03:23.061+0000] {processor.py:826} INFO - Processing file /home/airflow/.local/lib/python3.7/site-packages/airflow/example_dags/example_latest_only_with_trigger.py for tasks to queue
[2023-08-09T12:03:23.062+0000] {logging_mixin.py:150} INFO - [2023-08-09T12:03:23.062+0000] {dagbag.py:541} INFO - Filling up the DagBag from /home/airflow/.local/lib/python3.7/site-packages/airflow/example_dags/example_latest_only_with_trigger.py
[2023-08-09T12:03:23.069+0000] {processor.py:836} INFO - DAG(s) dict_keys(['latest_only_with_trigger']) retrieved from /home/airflow/.local/lib/python3.7/site-packages/airflow/example_dags/example_latest_only_with_trigger.py
[2023-08-09T12:03:23.081+0000] {logging_mixin.py:150} INFO - [2023-08-09T12:03:23.081+0000] {dag.py:2742} INFO - Sync 1 DAGs
[2023-08-09T12:03:23.097+0000] {logging_mixin.py:150} INFO - [2023-08-09T12:03:23.097+0000] {dag.py:3508} INFO - Setting next_dagrun for latest_only_with_trigger to 2023-08-09T08:03:23.096967+00:00, run_after=2023-08-09T12:03:23.096967+00:00
[2023-08-09T12:03:23.108+0000] {processor.py:179} INFO - Processing /home/airflow/.local/lib/python3.7/site-packages/airflow/example_dags/example_latest_only_with_trigger.py took 0.051 seconds
[2023-08-09T12:03:53.748+0000] {processor.py:157} INFO - Started process (PID=113) to work on /home/airflow/.local/lib/python3.7/site-packages/airflow/example_dags/example_latest_only_with_trigger.py
[2023-08-09T12:03:53.749+0000] {processor.py:826} INFO - Processing file /home/airflow/.local/lib/python3.7/site-packages/airflow/example_dags/example_latest_only_with_trigger.py for tasks to queue
[2023-08-09T12:03:53.750+0000] {logging_mixin.py:150} INFO - [2023-08-09T12:03:53.750+0000] {dagbag.py:541} INFO - Filling up the DagBag from /home/airflow/.local/lib/python3.7/site-packages/airflow/example_dags/example_latest_only_with_trigger.py
[2023-08-09T12:03:53.756+0000] {processor.py:836} INFO - DAG(s) dict_keys(['latest_only_with_trigger']) retrieved from /home/airflow/.local/lib/python3.7/site-packages/airflow/example_dags/example_latest_only_with_trigger.py
[2023-08-09T12:03:53.772+0000] {logging_mixin.py:150} INFO - [2023-08-09T12:03:53.772+0000] {dag.py:2742} INFO - Sync 1 DAGs
[2023-08-09T12:03:53.787+0000] {logging_mixin.py:150} INFO - [2023-08-09T12:03:53.787+0000] {dag.py:3508} INFO - Setting next_dagrun for latest_only_with_trigger to 2023-08-09T08:03:53.786997+00:00, run_after=2023-08-09T12:03:53.786997+00:00
[2023-08-09T12:03:53.797+0000] {processor.py:179} INFO - Processing /home/airflow/.local/lib/python3.7/site-packages/airflow/example_dags/example_latest_only_with_trigger.py took 0.051 seconds
[2023-08-09T12:04:24.003+0000] {processor.py:157} INFO - Started process (PID=172) to work on /home/airflow/.local/lib/python3.7/site-packages/airflow/example_dags/example_latest_only_with_trigger.py
[2023-08-09T12:04:24.004+0000] {processor.py:826} INFO - Processing file /home/airflow/.local/lib/python3.7/site-packages/airflow/example_dags/example_latest_only_with_trigger.py for tasks to queue
[2023-08-09T12:04:24.005+0000] {logging_mixin.py:150} INFO - [2023-08-09T12:04:24.005+0000] {dagbag.py:541} INFO - Filling up the DagBag from /home/airflow/.local/lib/python3.7/site-packages/airflow/example_dags/example_latest_only_with_trigger.py
[2023-08-09T12:04:24.010+0000] {processor.py:836} INFO - DAG(s) dict_keys(['latest_only_with_trigger']) retrieved from /home/airflow/.local/lib/python3.7/site-packages/airflow/example_dags/example_latest_only_with_trigger.py
[2023-08-09T12:04:24.027+0000] {logging_mixin.py:150} INFO - [2023-08-09T12:04:24.027+0000] {dag.py:2742} INFO - Sync 1 DAGs
[2023-08-09T12:04:24.041+0000] {logging_mixin.py:150} INFO - [2023-08-09T12:04:24.041+0000] {dag.py:3508} INFO - Setting next_dagrun for latest_only_with_trigger to 2023-08-09T08:04:24.041655+00:00, run_after=2023-08-09T12:04:24.041655+00:00
[2023-08-09T12:04:24.051+0000] {processor.py:179} INFO - Processing /home/airflow/.local/lib/python3.7/site-packages/airflow/example_dags/example_latest_only_with_trigger.py took 0.051 seconds
[2023-08-09T12:04:54.298+0000] {processor.py:157} INFO - Started process (PID=231) to work on /home/airflow/.local/lib/python3.7/site-packages/airflow/example_dags/example_latest_only_with_trigger.py
[2023-08-09T12:04:54.299+0000] {processor.py:826} INFO - Processing file /home/airflow/.local/lib/python3.7/site-packages/airflow/example_dags/example_latest_only_with_trigger.py for tasks to queue
[2023-08-09T12:04:54.300+0000] {logging_mixin.py:150} INFO - [2023-08-09T12:04:54.300+0000] {dagbag.py:541} INFO - Filling up the DagBag from /home/airflow/.local/lib/python3.7/site-packages/airflow/example_dags/example_latest_only_with_trigger.py
[2023-08-09T12:04:54.305+0000] {processor.py:836} INFO - DAG(s) dict_keys(['latest_only_with_trigger']) retrieved from /home/airflow/.local/lib/python3.7/site-packages/airflow/example_dags/example_latest_only_with_trigger.py
[2023-08-09T12:04:54.322+0000] {logging_mixin.py:150} INFO - [2023-08-09T12:04:54.322+0000] {dag.py:2742} INFO - Sync 1 DAGs
[2023-08-09T12:04:54.336+0000] {logging_mixin.py:150} INFO - [2023-08-09T12:04:54.336+0000] {dag.py:3508} INFO - Setting next_dagrun for latest_only_with_trigger to 2023-08-09T08:04:54.336044+00:00, run_after=2023-08-09T12:04:54.336044+00:00
[2023-08-09T12:04:54.345+0000] {processor.py:179} INFO - Processing /home/airflow/.local/lib/python3.7/site-packages/airflow/example_dags/example_latest_only_with_trigger.py took 0.050 seconds
[2023-08-09T12:05:24.570+0000] {processor.py:157} INFO - Started process (PID=290) to work on /home/airflow/.local/lib/python3.7/site-packages/airflow/example_dags/example_latest_only_with_trigger.py
[2023-08-09T12:05:24.571+0000] {processor.py:826} INFO - Processing file /home/airflow/.local/lib/python3.7/site-packages/airflow/example_dags/example_latest_only_with_trigger.py for tasks to queue
[2023-08-09T12:05:24.572+0000] {logging_mixin.py:150} INFO - [2023-08-09T12:05:24.571+0000] {dagbag.py:541} INFO - Filling up the DagBag from /home/airflow/.local/lib/python3.7/site-packages/airflow/example_dags/example_latest_only_with_trigger.py
[2023-08-09T12:05:24.576+0000] {processor.py:836} INFO - DAG(s) dict_keys(['latest_only_with_trigger']) retrieved from /home/airflow/.local/lib/python3.7/site-packages/airflow/example_dags/example_latest_only_with_trigger.py
[2023-08-09T12:05:24.593+0000] {logging_mixin.py:150} INFO - [2023-08-09T12:05:24.593+0000] {dag.py:2742} INFO - Sync 1 DAGs
[2023-08-09T12:05:24.608+0000] {logging_mixin.py:150} INFO - [2023-08-09T12:05:24.608+0000] {dag.py:3508} INFO - Setting next_dagrun for latest_only_with_trigger to 2023-08-09T08:05:24.607936+00:00, run_after=2023-08-09T12:05:24.607936+00:00
[2023-08-09T12:05:24.618+0000] {processor.py:179} INFO - Processing /home/airflow/.local/lib/python3.7/site-packages/airflow/example_dags/example_latest_only_with_trigger.py took 0.051 seconds
[2023-08-09T12:05:54.843+0000] {processor.py:157} INFO - Started process (PID=349) to work on /home/airflow/.local/lib/python3.7/site-packages/airflow/example_dags/example_latest_only_with_trigger.py
[2023-08-09T12:05:54.844+0000] {processor.py:826} INFO - Processing file /home/airflow/.local/lib/python3.7/site-packages/airflow/example_dags/example_latest_only_with_trigger.py for tasks to queue
[2023-08-09T12:05:54.845+0000] {logging_mixin.py:150} INFO - [2023-08-09T12:05:54.844+0000] {dagbag.py:541} INFO - Filling up the DagBag from /home/airflow/.local/lib/python3.7/site-packages/airflow/example_dags/example_latest_only_with_trigger.py
[2023-08-09T12:05:54.850+0000] {processor.py:836} INFO - DAG(s) dict_keys(['latest_only_with_trigger']) retrieved from /home/airflow/.local/lib/python3.7/site-packages/airflow/example_dags/example_latest_only_with_trigger.py
[2023-08-09T12:05:54.867+0000] {logging_mixin.py:150} INFO - [2023-08-09T12:05:54.867+0000] {dag.py:2742} INFO - Sync 1 DAGs
[2023-08-09T12:05:54.883+0000] {logging_mixin.py:150} INFO - [2023-08-09T12:05:54.883+0000] {dag.py:3508} INFO - Setting next_dagrun for latest_only_with_trigger to 2023-08-09T08:05:54.883459+00:00, run_after=2023-08-09T12:05:54.883459+00:00
[2023-08-09T12:05:54.894+0000] {processor.py:179} INFO - Processing /home/airflow/.local/lib/python3.7/site-packages/airflow/example_dags/example_latest_only_with_trigger.py took 0.054 seconds
[2023-08-09T12:06:25.104+0000] {processor.py:157} INFO - Started process (PID=408) to work on /home/airflow/.local/lib/python3.7/site-packages/airflow/example_dags/example_latest_only_with_trigger.py
[2023-08-09T12:06:25.106+0000] {processor.py:826} INFO - Processing file /home/airflow/.local/lib/python3.7/site-packages/airflow/example_dags/example_latest_only_with_trigger.py for tasks to queue
[2023-08-09T12:06:25.106+0000] {logging_mixin.py:150} INFO - [2023-08-09T12:06:25.106+0000] {dagbag.py:541} INFO - Filling up the DagBag from /home/airflow/.local/lib/python3.7/site-packages/airflow/example_dags/example_latest_only_with_trigger.py
[2023-08-09T12:06:25.111+0000] {processor.py:836} INFO - DAG(s) dict_keys(['latest_only_with_trigger']) retrieved from /home/airflow/.local/lib/python3.7/site-packages/airflow/example_dags/example_latest_only_with_trigger.py
[2023-08-09T12:06:25.128+0000] {logging_mixin.py:150} INFO - [2023-08-09T12:06:25.128+0000] {dag.py:2742} INFO - Sync 1 DAGs
[2023-08-09T12:06:25.141+0000] {logging_mixin.py:150} INFO - [2023-08-09T12:06:25.141+0000] {dag.py:3508} INFO - Setting next_dagrun for latest_only_with_trigger to 2023-08-09T08:06:25.141678+00:00, run_after=2023-08-09T12:06:25.141678+00:00
[2023-08-09T12:06:25.151+0000] {processor.py:179} INFO - Processing /home/airflow/.local/lib/python3.7/site-packages/airflow/example_dags/example_latest_only_with_trigger.py took 0.049 seconds
[2023-08-09T12:06:55.271+0000] {processor.py:157} INFO - Started process (PID=466) to work on /home/airflow/.local/lib/python3.7/site-packages/airflow/example_dags/example_latest_only_with_trigger.py
[2023-08-09T12:06:55.272+0000] {processor.py:826} INFO - Processing file /home/airflow/.local/lib/python3.7/site-packages/airflow/example_dags/example_latest_only_with_trigger.py for tasks to queue
[2023-08-09T12:06:55.273+0000] {logging_mixin.py:150} INFO - [2023-08-09T12:06:55.273+0000] {dagbag.py:541} INFO - Filling up the DagBag from /home/airflow/.local/lib/python3.7/site-packages/airflow/example_dags/example_latest_only_with_trigger.py
[2023-08-09T12:06:55.280+0000] {processor.py:836} INFO - DAG(s) dict_keys(['latest_only_with_trigger']) retrieved from /home/airflow/.local/lib/python3.7/site-packages/airflow/example_dags/example_latest_only_with_trigger.py
[2023-08-09T12:06:55.302+0000] {logging_mixin.py:150} INFO - [2023-08-09T12:06:55.302+0000] {dag.py:2742} INFO - Sync 1 DAGs
[2023-08-09T12:06:55.340+0000] {logging_mixin.py:150} INFO - [2023-08-09T12:06:55.339+0000] {dag.py:3508} INFO - Setting next_dagrun for latest_only_with_trigger to 2023-08-09T08:06:55.339662+00:00, run_after=2023-08-09T12:06:55.339662+00:00
[2023-08-09T12:06:55.361+0000] {processor.py:179} INFO - Processing /home/airflow/.local/lib/python3.7/site-packages/airflow/example_dags/example_latest_only_with_trigger.py took 0.094 seconds
[2023-08-09T12:07:27.821+0000] {processor.py:157} INFO - Started process (PID=526) to work on /home/airflow/.local/lib/python3.7/site-packages/airflow/example_dags/example_latest_only_with_trigger.py
[2023-08-09T12:07:27.822+0000] {processor.py:826} INFO - Processing file /home/airflow/.local/lib/python3.7/site-packages/airflow/example_dags/example_latest_only_with_trigger.py for tasks to queue
[2023-08-09T12:07:27.823+0000] {logging_mixin.py:150} INFO - [2023-08-09T12:07:27.822+0000] {dagbag.py:541} INFO - Filling up the DagBag from /home/airflow/.local/lib/python3.7/site-packages/airflow/example_dags/example_latest_only_with_trigger.py
[2023-08-09T12:07:27.828+0000] {processor.py:836} INFO - DAG(s) dict_keys(['latest_only_with_trigger']) retrieved from /home/airflow/.local/lib/python3.7/site-packages/airflow/example_dags/example_latest_only_with_trigger.py
[2023-08-09T12:07:27.845+0000] {logging_mixin.py:150} INFO - [2023-08-09T12:07:27.845+0000] {dag.py:2742} INFO - Sync 1 DAGs
[2023-08-09T12:07:27.859+0000] {logging_mixin.py:150} INFO - [2023-08-09T12:07:27.859+0000] {dag.py:3508} INFO - Setting next_dagrun for latest_only_with_trigger to 2023-08-09T08:07:27.859468+00:00, run_after=2023-08-09T12:07:27.859468+00:00
[2023-08-09T12:07:27.869+0000] {processor.py:179} INFO - Processing /home/airflow/.local/lib/python3.7/site-packages/airflow/example_dags/example_latest_only_with_trigger.py took 0.051 seconds
[2023-08-09T12:16:43.739+0000] {processor.py:157} INFO - Started process (PID=587) to work on /home/airflow/.local/lib/python3.7/site-packages/airflow/example_dags/example_latest_only_with_trigger.py
[2023-08-09T12:16:43.742+0000] {processor.py:826} INFO - Processing file /home/airflow/.local/lib/python3.7/site-packages/airflow/example_dags/example_latest_only_with_trigger.py for tasks to queue
[2023-08-09T12:16:43.743+0000] {logging_mixin.py:150} INFO - [2023-08-09T12:16:43.743+0000] {dagbag.py:541} INFO - Filling up the DagBag from /home/airflow/.local/lib/python3.7/site-packages/airflow/example_dags/example_latest_only_with_trigger.py
[2023-08-09T12:16:43.754+0000] {processor.py:836} INFO - DAG(s) dict_keys(['latest_only_with_trigger']) retrieved from /home/airflow/.local/lib/python3.7/site-packages/airflow/example_dags/example_latest_only_with_trigger.py
[2023-08-09T12:16:43.782+0000] {logging_mixin.py:150} INFO - [2023-08-09T12:16:43.782+0000] {dag.py:2742} INFO - Sync 1 DAGs
[2023-08-09T12:16:43.800+0000] {logging_mixin.py:150} INFO - [2023-08-09T12:16:43.800+0000] {dag.py:3508} INFO - Setting next_dagrun for latest_only_with_trigger to 2023-08-09T08:16:43.799439+00:00, run_after=2023-08-09T12:16:43.799439+00:00
[2023-08-09T12:16:43.811+0000] {processor.py:179} INFO - Processing /home/airflow/.local/lib/python3.7/site-packages/airflow/example_dags/example_latest_only_with_trigger.py took 0.075 seconds
[2023-08-09T12:17:13.851+0000] {processor.py:157} INFO - Started process (PID=645) to work on /home/airflow/.local/lib/python3.7/site-packages/airflow/example_dags/example_latest_only_with_trigger.py
[2023-08-09T12:17:13.852+0000] {processor.py:826} INFO - Processing file /home/airflow/.local/lib/python3.7/site-packages/airflow/example_dags/example_latest_only_with_trigger.py for tasks to queue
[2023-08-09T12:17:13.853+0000] {logging_mixin.py:150} INFO - [2023-08-09T12:17:13.853+0000] {dagbag.py:541} INFO - Filling up the DagBag from /home/airflow/.local/lib/python3.7/site-packages/airflow/example_dags/example_latest_only_with_trigger.py
[2023-08-09T12:17:13.858+0000] {processor.py:836} INFO - DAG(s) dict_keys(['latest_only_with_trigger']) retrieved from /home/airflow/.local/lib/python3.7/site-packages/airflow/example_dags/example_latest_only_with_trigger.py
[2023-08-09T12:17:13.874+0000] {logging_mixin.py:150} INFO - [2023-08-09T12:17:13.874+0000] {dag.py:2742} INFO - Sync 1 DAGs
[2023-08-09T12:17:13.888+0000] {logging_mixin.py:150} INFO - [2023-08-09T12:17:13.888+0000] {dag.py:3508} INFO - Setting next_dagrun for latest_only_with_trigger to 2023-08-09T08:17:13.887839+00:00, run_after=2023-08-09T12:17:13.887839+00:00
[2023-08-09T12:17:13.897+0000] {processor.py:179} INFO - Processing /home/airflow/.local/lib/python3.7/site-packages/airflow/example_dags/example_latest_only_with_trigger.py took 0.049 seconds
[2023-08-09T12:33:46.476+0000] {processor.py:157} INFO - Started process (PID=705) to work on /home/airflow/.local/lib/python3.7/site-packages/airflow/example_dags/example_latest_only_with_trigger.py
[2023-08-09T12:33:46.477+0000] {processor.py:826} INFO - Processing file /home/airflow/.local/lib/python3.7/site-packages/airflow/example_dags/example_latest_only_with_trigger.py for tasks to queue
[2023-08-09T12:33:46.478+0000] {logging_mixin.py:150} INFO - [2023-08-09T12:33:46.477+0000] {dagbag.py:541} INFO - Filling up the DagBag from /home/airflow/.local/lib/python3.7/site-packages/airflow/example_dags/example_latest_only_with_trigger.py
[2023-08-09T12:33:46.483+0000] {processor.py:836} INFO - DAG(s) dict_keys(['latest_only_with_trigger']) retrieved from /home/airflow/.local/lib/python3.7/site-packages/airflow/example_dags/example_latest_only_with_trigger.py
[2023-08-09T12:33:46.500+0000] {logging_mixin.py:150} INFO - [2023-08-09T12:33:46.500+0000] {dag.py:2742} INFO - Sync 1 DAGs
[2023-08-09T12:33:46.515+0000] {logging_mixin.py:150} INFO - [2023-08-09T12:33:46.514+0000] {dag.py:3508} INFO - Setting next_dagrun for latest_only_with_trigger to 2023-08-09T08:33:46.514749+00:00, run_after=2023-08-09T12:33:46.514749+00:00
[2023-08-09T12:33:46.525+0000] {processor.py:179} INFO - Processing /home/airflow/.local/lib/python3.7/site-packages/airflow/example_dags/example_latest_only_with_trigger.py took 0.051 seconds
[2023-08-09T13:56:51.636+0000] {processor.py:157} INFO - Started process (PID=764) to work on /home/airflow/.local/lib/python3.7/site-packages/airflow/example_dags/example_latest_only_with_trigger.py
[2023-08-09T13:56:51.637+0000] {processor.py:826} INFO - Processing file /home/airflow/.local/lib/python3.7/site-packages/airflow/example_dags/example_latest_only_with_trigger.py for tasks to queue
[2023-08-09T13:56:51.638+0000] {logging_mixin.py:150} INFO - [2023-08-09T13:56:51.638+0000] {dagbag.py:541} INFO - Filling up the DagBag from /home/airflow/.local/lib/python3.7/site-packages/airflow/example_dags/example_latest_only_with_trigger.py
[2023-08-09T13:56:51.643+0000] {processor.py:836} INFO - DAG(s) dict_keys(['latest_only_with_trigger']) retrieved from /home/airflow/.local/lib/python3.7/site-packages/airflow/example_dags/example_latest_only_with_trigger.py
[2023-08-09T13:56:51.660+0000] {logging_mixin.py:150} INFO - [2023-08-09T13:56:51.660+0000] {dag.py:2742} INFO - Sync 1 DAGs
[2023-08-09T13:56:51.675+0000] {logging_mixin.py:150} INFO - [2023-08-09T13:56:51.675+0000] {dag.py:3508} INFO - Setting next_dagrun for latest_only_with_trigger to 2023-08-09T09:56:51.675100+00:00, run_after=2023-08-09T13:56:51.675100+00:00
[2023-08-09T13:56:51.685+0000] {processor.py:179} INFO - Processing /home/airflow/.local/lib/python3.7/site-packages/airflow/example_dags/example_latest_only_with_trigger.py took 0.052 seconds
[2023-08-09T14:58:25.837+0000] {processor.py:157} INFO - Started process (PID=823) to work on /home/airflow/.local/lib/python3.7/site-packages/airflow/example_dags/example_latest_only_with_trigger.py
[2023-08-09T14:58:25.838+0000] {processor.py:826} INFO - Processing file /home/airflow/.local/lib/python3.7/site-packages/airflow/example_dags/example_latest_only_with_trigger.py for tasks to queue
[2023-08-09T14:58:25.839+0000] {logging_mixin.py:150} INFO - [2023-08-09T14:58:25.839+0000] {dagbag.py:541} INFO - Filling up the DagBag from /home/airflow/.local/lib/python3.7/site-packages/airflow/example_dags/example_latest_only_with_trigger.py
[2023-08-09T14:58:25.844+0000] {processor.py:836} INFO - DAG(s) dict_keys(['latest_only_with_trigger']) retrieved from /home/airflow/.local/lib/python3.7/site-packages/airflow/example_dags/example_latest_only_with_trigger.py
[2023-08-09T14:58:25.862+0000] {logging_mixin.py:150} INFO - [2023-08-09T14:58:25.862+0000] {dag.py:2742} INFO - Sync 1 DAGs
[2023-08-09T14:58:25.876+0000] {logging_mixin.py:150} INFO - [2023-08-09T14:58:25.876+0000] {dag.py:3508} INFO - Setting next_dagrun for latest_only_with_trigger to 2023-08-09T10:58:25.876034+00:00, run_after=2023-08-09T14:58:25.876034+00:00
[2023-08-09T14:58:25.886+0000] {processor.py:179} INFO - Processing /home/airflow/.local/lib/python3.7/site-packages/airflow/example_dags/example_latest_only_with_trigger.py took 0.051 seconds
[2023-08-09T14:58:58.870+0000] {processor.py:157} INFO - Started process (PID=883) to work on /home/airflow/.local/lib/python3.7/site-packages/airflow/example_dags/example_latest_only_with_trigger.py
[2023-08-09T14:58:58.871+0000] {processor.py:826} INFO - Processing file /home/airflow/.local/lib/python3.7/site-packages/airflow/example_dags/example_latest_only_with_trigger.py for tasks to queue
[2023-08-09T14:58:58.872+0000] {logging_mixin.py:150} INFO - [2023-08-09T14:58:58.872+0000] {dagbag.py:541} INFO - Filling up the DagBag from /home/airflow/.local/lib/python3.7/site-packages/airflow/example_dags/example_latest_only_with_trigger.py
[2023-08-09T14:58:58.879+0000] {processor.py:836} INFO - DAG(s) dict_keys(['latest_only_with_trigger']) retrieved from /home/airflow/.local/lib/python3.7/site-packages/airflow/example_dags/example_latest_only_with_trigger.py
[2023-08-09T14:58:58.900+0000] {logging_mixin.py:150} INFO - [2023-08-09T14:58:58.900+0000] {dag.py:2742} INFO - Sync 1 DAGs
[2023-08-09T14:58:58.916+0000] {logging_mixin.py:150} INFO - [2023-08-09T14:58:58.916+0000] {dag.py:3508} INFO - Setting next_dagrun for latest_only_with_trigger to 2023-08-09T10:58:58.915999+00:00, run_after=2023-08-09T14:58:58.915999+00:00
[2023-08-09T14:58:58.927+0000] {processor.py:179} INFO - Processing /home/airflow/.local/lib/python3.7/site-packages/airflow/example_dags/example_latest_only_with_trigger.py took 0.059 seconds
[2023-08-09T16:16:43.143+0000] {processor.py:157} INFO - Started process (PID=942) to work on /home/airflow/.local/lib/python3.7/site-packages/airflow/example_dags/example_latest_only_with_trigger.py
[2023-08-09T16:16:43.145+0000] {processor.py:826} INFO - Processing file /home/airflow/.local/lib/python3.7/site-packages/airflow/example_dags/example_latest_only_with_trigger.py for tasks to queue
[2023-08-09T16:16:43.146+0000] {logging_mixin.py:150} INFO - [2023-08-09T16:16:43.145+0000] {dagbag.py:541} INFO - Filling up the DagBag from /home/airflow/.local/lib/python3.7/site-packages/airflow/example_dags/example_latest_only_with_trigger.py
[2023-08-09T16:16:43.150+0000] {processor.py:836} INFO - DAG(s) dict_keys(['latest_only_with_trigger']) retrieved from /home/airflow/.local/lib/python3.7/site-packages/airflow/example_dags/example_latest_only_with_trigger.py
[2023-08-09T16:16:43.168+0000] {logging_mixin.py:150} INFO - [2023-08-09T16:16:43.168+0000] {dag.py:2742} INFO - Sync 1 DAGs
[2023-08-09T16:16:43.181+0000] {logging_mixin.py:150} INFO - [2023-08-09T16:16:43.181+0000] {dag.py:3508} INFO - Setting next_dagrun for latest_only_with_trigger to 2023-08-09T12:16:43.181705+00:00, run_after=2023-08-09T16:16:43.181705+00:00
[2023-08-09T16:16:43.192+0000] {processor.py:179} INFO - Processing /home/airflow/.local/lib/python3.7/site-packages/airflow/example_dags/example_latest_only_with_trigger.py took 0.051 seconds
[2023-08-09T17:36:41.238+0000] {processor.py:157} INFO - Started process (PID=1001) to work on /home/airflow/.local/lib/python3.7/site-packages/airflow/example_dags/example_latest_only_with_trigger.py
[2023-08-09T17:36:41.239+0000] {processor.py:826} INFO - Processing file /home/airflow/.local/lib/python3.7/site-packages/airflow/example_dags/example_latest_only_with_trigger.py for tasks to queue
[2023-08-09T17:36:41.240+0000] {logging_mixin.py:150} INFO - [2023-08-09T17:36:41.240+0000] {dagbag.py:541} INFO - Filling up the DagBag from /home/airflow/.local/lib/python3.7/site-packages/airflow/example_dags/example_latest_only_with_trigger.py
[2023-08-09T17:36:41.246+0000] {processor.py:836} INFO - DAG(s) dict_keys(['latest_only_with_trigger']) retrieved from /home/airflow/.local/lib/python3.7/site-packages/airflow/example_dags/example_latest_only_with_trigger.py
[2023-08-09T17:36:41.267+0000] {logging_mixin.py:150} INFO - [2023-08-09T17:36:41.266+0000] {dag.py:2742} INFO - Sync 1 DAGs
[2023-08-09T17:36:41.282+0000] {logging_mixin.py:150} INFO - [2023-08-09T17:36:41.282+0000] {dag.py:3508} INFO - Setting next_dagrun for latest_only_with_trigger to 2023-08-09T13:36:41.282025+00:00, run_after=2023-08-09T17:36:41.282025+00:00
[2023-08-09T17:36:41.293+0000] {processor.py:179} INFO - Processing /home/airflow/.local/lib/python3.7/site-packages/airflow/example_dags/example_latest_only_with_trigger.py took 0.058 seconds
[2023-08-09T18:58:23.815+0000] {processor.py:157} INFO - Started process (PID=1060) to work on /home/airflow/.local/lib/python3.7/site-packages/airflow/example_dags/example_latest_only_with_trigger.py
[2023-08-09T18:58:23.816+0000] {processor.py:826} INFO - Processing file /home/airflow/.local/lib/python3.7/site-packages/airflow/example_dags/example_latest_only_with_trigger.py for tasks to queue
[2023-08-09T18:58:23.817+0000] {logging_mixin.py:150} INFO - [2023-08-09T18:58:23.817+0000] {dagbag.py:541} INFO - Filling up the DagBag from /home/airflow/.local/lib/python3.7/site-packages/airflow/example_dags/example_latest_only_with_trigger.py
[2023-08-09T18:58:23.822+0000] {processor.py:836} INFO - DAG(s) dict_keys(['latest_only_with_trigger']) retrieved from /home/airflow/.local/lib/python3.7/site-packages/airflow/example_dags/example_latest_only_with_trigger.py
[2023-08-09T18:58:23.840+0000] {logging_mixin.py:150} INFO - [2023-08-09T18:58:23.840+0000] {dag.py:2742} INFO - Sync 1 DAGs
[2023-08-09T18:58:23.854+0000] {logging_mixin.py:150} INFO - [2023-08-09T18:58:23.854+0000] {dag.py:3508} INFO - Setting next_dagrun for latest_only_with_trigger to 2023-08-09T14:58:23.853954+00:00, run_after=2023-08-09T18:58:23.853954+00:00
[2023-08-09T18:58:23.864+0000] {processor.py:179} INFO - Processing /home/airflow/.local/lib/python3.7/site-packages/airflow/example_dags/example_latest_only_with_trigger.py took 0.052 seconds
[2023-08-09T20:21:03.434+0000] {processor.py:157} INFO - Started process (PID=1119) to work on /home/airflow/.local/lib/python3.7/site-packages/airflow/example_dags/example_latest_only_with_trigger.py
[2023-08-09T20:21:03.436+0000] {processor.py:826} INFO - Processing file /home/airflow/.local/lib/python3.7/site-packages/airflow/example_dags/example_latest_only_with_trigger.py for tasks to queue
[2023-08-09T20:21:03.437+0000] {logging_mixin.py:150} INFO - [2023-08-09T20:21:03.436+0000] {dagbag.py:541} INFO - Filling up the DagBag from /home/airflow/.local/lib/python3.7/site-packages/airflow/example_dags/example_latest_only_with_trigger.py
[2023-08-09T20:21:03.442+0000] {processor.py:836} INFO - DAG(s) dict_keys(['latest_only_with_trigger']) retrieved from /home/airflow/.local/lib/python3.7/site-packages/airflow/example_dags/example_latest_only_with_trigger.py
[2023-08-09T20:21:03.460+0000] {logging_mixin.py:150} INFO - [2023-08-09T20:21:03.460+0000] {dag.py:2742} INFO - Sync 1 DAGs
[2023-08-09T20:21:03.475+0000] {logging_mixin.py:150} INFO - [2023-08-09T20:21:03.475+0000] {dag.py:3508} INFO - Setting next_dagrun for latest_only_with_trigger to 2023-08-09T16:21:03.475040+00:00, run_after=2023-08-09T20:21:03.475040+00:00
[2023-08-09T20:21:03.485+0000] {processor.py:179} INFO - Processing /home/airflow/.local/lib/python3.7/site-packages/airflow/example_dags/example_latest_only_with_trigger.py took 0.053 seconds
[2023-08-09T21:44:56.251+0000] {processor.py:157} INFO - Started process (PID=1178) to work on /home/airflow/.local/lib/python3.7/site-packages/airflow/example_dags/example_latest_only_with_trigger.py
[2023-08-09T21:44:56.252+0000] {processor.py:826} INFO - Processing file /home/airflow/.local/lib/python3.7/site-packages/airflow/example_dags/example_latest_only_with_trigger.py for tasks to queue
[2023-08-09T21:44:56.253+0000] {logging_mixin.py:150} INFO - [2023-08-09T21:44:56.252+0000] {dagbag.py:541} INFO - Filling up the DagBag from /home/airflow/.local/lib/python3.7/site-packages/airflow/example_dags/example_latest_only_with_trigger.py
[2023-08-09T21:44:56.258+0000] {processor.py:836} INFO - DAG(s) dict_keys(['latest_only_with_trigger']) retrieved from /home/airflow/.local/lib/python3.7/site-packages/airflow/example_dags/example_latest_only_with_trigger.py
[2023-08-09T21:44:56.276+0000] {logging_mixin.py:150} INFO - [2023-08-09T21:44:56.276+0000] {dag.py:2742} INFO - Sync 1 DAGs
[2023-08-09T21:44:56.290+0000] {logging_mixin.py:150} INFO - [2023-08-09T21:44:56.290+0000] {dag.py:3508} INFO - Setting next_dagrun for latest_only_with_trigger to 2023-08-09T17:44:56.289932+00:00, run_after=2023-08-09T21:44:56.289932+00:00
[2023-08-09T21:44:56.300+0000] {processor.py:179} INFO - Processing /home/airflow/.local/lib/python3.7/site-packages/airflow/example_dags/example_latest_only_with_trigger.py took 0.051 seconds
[2023-08-09T22:36:36.932+0000] {processor.py:157} INFO - Started process (PID=1237) to work on /home/airflow/.local/lib/python3.7/site-packages/airflow/example_dags/example_latest_only_with_trigger.py
[2023-08-09T22:36:36.933+0000] {processor.py:826} INFO - Processing file /home/airflow/.local/lib/python3.7/site-packages/airflow/example_dags/example_latest_only_with_trigger.py for tasks to queue
[2023-08-09T22:36:36.934+0000] {logging_mixin.py:150} INFO - [2023-08-09T22:36:36.934+0000] {dagbag.py:541} INFO - Filling up the DagBag from /home/airflow/.local/lib/python3.7/site-packages/airflow/example_dags/example_latest_only_with_trigger.py
[2023-08-09T22:36:36.939+0000] {processor.py:836} INFO - DAG(s) dict_keys(['latest_only_with_trigger']) retrieved from /home/airflow/.local/lib/python3.7/site-packages/airflow/example_dags/example_latest_only_with_trigger.py
[2023-08-09T22:36:36.957+0000] {logging_mixin.py:150} INFO - [2023-08-09T22:36:36.957+0000] {dag.py:2742} INFO - Sync 1 DAGs
[2023-08-09T22:36:36.971+0000] {logging_mixin.py:150} INFO - [2023-08-09T22:36:36.971+0000] {dag.py:3508} INFO - Setting next_dagrun for latest_only_with_trigger to 2023-08-09T18:36:36.970857+00:00, run_after=2023-08-09T22:36:36.970857+00:00
[2023-08-09T22:36:36.981+0000] {processor.py:179} INFO - Processing /home/airflow/.local/lib/python3.7/site-packages/airflow/example_dags/example_latest_only_with_trigger.py took 0.052 seconds
[2023-08-09T22:37:07.085+0000] {processor.py:157} INFO - Started process (PID=1296) to work on /home/airflow/.local/lib/python3.7/site-packages/airflow/example_dags/example_latest_only_with_trigger.py
[2023-08-09T22:37:07.086+0000] {processor.py:826} INFO - Processing file /home/airflow/.local/lib/python3.7/site-packages/airflow/example_dags/example_latest_only_with_trigger.py for tasks to queue
[2023-08-09T22:37:07.086+0000] {logging_mixin.py:150} INFO - [2023-08-09T22:37:07.086+0000] {dagbag.py:541} INFO - Filling up the DagBag from /home/airflow/.local/lib/python3.7/site-packages/airflow/example_dags/example_latest_only_with_trigger.py
[2023-08-09T22:37:07.091+0000] {processor.py:836} INFO - DAG(s) dict_keys(['latest_only_with_trigger']) retrieved from /home/airflow/.local/lib/python3.7/site-packages/airflow/example_dags/example_latest_only_with_trigger.py
[2023-08-09T22:37:07.108+0000] {logging_mixin.py:150} INFO - [2023-08-09T22:37:07.108+0000] {dag.py:2742} INFO - Sync 1 DAGs
[2023-08-09T22:37:07.122+0000] {logging_mixin.py:150} INFO - [2023-08-09T22:37:07.122+0000] {dag.py:3508} INFO - Setting next_dagrun for latest_only_with_trigger to 2023-08-09T18:37:07.122386+00:00, run_after=2023-08-09T22:37:07.122386+00:00
[2023-08-09T22:37:07.133+0000] {processor.py:179} INFO - Processing /home/airflow/.local/lib/python3.7/site-packages/airflow/example_dags/example_latest_only_with_trigger.py took 0.050 seconds
[2023-08-09T22:37:37.328+0000] {processor.py:157} INFO - Started process (PID=1355) to work on /home/airflow/.local/lib/python3.7/site-packages/airflow/example_dags/example_latest_only_with_trigger.py
[2023-08-09T22:37:37.329+0000] {processor.py:826} INFO - Processing file /home/airflow/.local/lib/python3.7/site-packages/airflow/example_dags/example_latest_only_with_trigger.py for tasks to queue
[2023-08-09T22:37:37.329+0000] {logging_mixin.py:150} INFO - [2023-08-09T22:37:37.329+0000] {dagbag.py:541} INFO - Filling up the DagBag from /home/airflow/.local/lib/python3.7/site-packages/airflow/example_dags/example_latest_only_with_trigger.py
[2023-08-09T22:37:37.334+0000] {processor.py:836} INFO - DAG(s) dict_keys(['latest_only_with_trigger']) retrieved from /home/airflow/.local/lib/python3.7/site-packages/airflow/example_dags/example_latest_only_with_trigger.py
[2023-08-09T22:37:37.352+0000] {logging_mixin.py:150} INFO - [2023-08-09T22:37:37.352+0000] {dag.py:2742} INFO - Sync 1 DAGs
[2023-08-09T22:37:37.365+0000] {logging_mixin.py:150} INFO - [2023-08-09T22:37:37.365+0000] {dag.py:3508} INFO - Setting next_dagrun for latest_only_with_trigger to 2023-08-09T18:37:37.365560+00:00, run_after=2023-08-09T22:37:37.365560+00:00
[2023-08-09T22:37:37.376+0000] {processor.py:179} INFO - Processing /home/airflow/.local/lib/python3.7/site-packages/airflow/example_dags/example_latest_only_with_trigger.py took 0.051 seconds
[2023-08-09T23:31:52.729+0000] {processor.py:157} INFO - Started process (PID=1414) to work on /home/airflow/.local/lib/python3.7/site-packages/airflow/example_dags/example_latest_only_with_trigger.py
[2023-08-09T23:31:52.730+0000] {processor.py:826} INFO - Processing file /home/airflow/.local/lib/python3.7/site-packages/airflow/example_dags/example_latest_only_with_trigger.py for tasks to queue
[2023-08-09T23:31:52.731+0000] {logging_mixin.py:150} INFO - [2023-08-09T23:31:52.731+0000] {dagbag.py:541} INFO - Filling up the DagBag from /home/airflow/.local/lib/python3.7/site-packages/airflow/example_dags/example_latest_only_with_trigger.py
[2023-08-09T23:31:52.737+0000] {processor.py:836} INFO - DAG(s) dict_keys(['latest_only_with_trigger']) retrieved from /home/airflow/.local/lib/python3.7/site-packages/airflow/example_dags/example_latest_only_with_trigger.py
[2023-08-09T23:31:52.754+0000] {logging_mixin.py:150} INFO - [2023-08-09T23:31:52.754+0000] {dag.py:2742} INFO - Sync 1 DAGs
[2023-08-09T23:31:52.768+0000] {logging_mixin.py:150} INFO - [2023-08-09T23:31:52.768+0000] {dag.py:3508} INFO - Setting next_dagrun for latest_only_with_trigger to 2023-08-09T19:31:52.768594+00:00, run_after=2023-08-09T23:31:52.768594+00:00
[2023-08-09T23:31:52.779+0000] {processor.py:179} INFO - Processing /home/airflow/.local/lib/python3.7/site-packages/airflow/example_dags/example_latest_only_with_trigger.py took 0.052 seconds
