[2023-08-09T12:03:21.637+0000] {processor.py:157} INFO - Started process (PID=34) to work on /home/airflow/.local/lib/python3.7/site-packages/airflow/example_dags/example_external_task_marker_dag.py
[2023-08-09T12:03:21.640+0000] {processor.py:826} INFO - Processing file /home/airflow/.local/lib/python3.7/site-packages/airflow/example_dags/example_external_task_marker_dag.py for tasks to queue
[2023-08-09T12:03:21.641+0000] {logging_mixin.py:150} INFO - [2023-08-09T12:03:21.641+0000] {dagbag.py:541} INFO - Filling up the DagBag from /home/airflow/.local/lib/python3.7/site-packages/airflow/example_dags/example_external_task_marker_dag.py
[2023-08-09T12:03:21.651+0000] {processor.py:836} INFO - DAG(s) dict_keys(['example_external_task_marker_child', 'example_external_task_marker_parent']) retrieved from /home/airflow/.local/lib/python3.7/site-packages/airflow/example_dags/example_external_task_marker_dag.py
[2023-08-09T12:03:21.669+0000] {logging_mixin.py:150} INFO - [2023-08-09T12:03:21.669+0000] {dag.py:2742} INFO - Sync 2 DAGs
[2023-08-09T12:03:21.691+0000] {logging_mixin.py:150} INFO - [2023-08-09T12:03:21.690+0000] {dag.py:3508} INFO - Setting next_dagrun for example_external_task_marker_child to None, run_after=None
[2023-08-09T12:03:21.693+0000] {logging_mixin.py:150} INFO - [2023-08-09T12:03:21.693+0000] {dag.py:3508} INFO - Setting next_dagrun for example_external_task_marker_parent to None, run_after=None
[2023-08-09T12:03:21.703+0000] {processor.py:179} INFO - Processing /home/airflow/.local/lib/python3.7/site-packages/airflow/example_dags/example_external_task_marker_dag.py took 0.068 seconds
[2023-08-09T12:03:52.659+0000] {processor.py:157} INFO - Started process (PID=93) to work on /home/airflow/.local/lib/python3.7/site-packages/airflow/example_dags/example_external_task_marker_dag.py
[2023-08-09T12:03:52.660+0000] {processor.py:826} INFO - Processing file /home/airflow/.local/lib/python3.7/site-packages/airflow/example_dags/example_external_task_marker_dag.py for tasks to queue
[2023-08-09T12:03:52.661+0000] {logging_mixin.py:150} INFO - [2023-08-09T12:03:52.660+0000] {dagbag.py:541} INFO - Filling up the DagBag from /home/airflow/.local/lib/python3.7/site-packages/airflow/example_dags/example_external_task_marker_dag.py
[2023-08-09T12:03:52.665+0000] {processor.py:836} INFO - DAG(s) dict_keys(['example_external_task_marker_parent', 'example_external_task_marker_child']) retrieved from /home/airflow/.local/lib/python3.7/site-packages/airflow/example_dags/example_external_task_marker_dag.py
[2023-08-09T12:03:52.685+0000] {logging_mixin.py:150} INFO - [2023-08-09T12:03:52.685+0000] {dag.py:2742} INFO - Sync 2 DAGs
[2023-08-09T12:03:52.700+0000] {logging_mixin.py:150} INFO - [2023-08-09T12:03:52.699+0000] {dag.py:3508} INFO - Setting next_dagrun for example_external_task_marker_child to None, run_after=None
[2023-08-09T12:03:52.702+0000] {logging_mixin.py:150} INFO - [2023-08-09T12:03:52.702+0000] {dag.py:3508} INFO - Setting next_dagrun for example_external_task_marker_parent to None, run_after=None
[2023-08-09T12:03:52.711+0000] {processor.py:179} INFO - Processing /home/airflow/.local/lib/python3.7/site-packages/airflow/example_dags/example_external_task_marker_dag.py took 0.055 seconds
[2023-08-09T12:04:23.206+0000] {processor.py:157} INFO - Started process (PID=152) to work on /home/airflow/.local/lib/python3.7/site-packages/airflow/example_dags/example_external_task_marker_dag.py
[2023-08-09T12:04:23.207+0000] {processor.py:826} INFO - Processing file /home/airflow/.local/lib/python3.7/site-packages/airflow/example_dags/example_external_task_marker_dag.py for tasks to queue
[2023-08-09T12:04:23.208+0000] {logging_mixin.py:150} INFO - [2023-08-09T12:04:23.208+0000] {dagbag.py:541} INFO - Filling up the DagBag from /home/airflow/.local/lib/python3.7/site-packages/airflow/example_dags/example_external_task_marker_dag.py
[2023-08-09T12:04:23.213+0000] {processor.py:836} INFO - DAG(s) dict_keys(['example_external_task_marker_child', 'example_external_task_marker_parent']) retrieved from /home/airflow/.local/lib/python3.7/site-packages/airflow/example_dags/example_external_task_marker_dag.py
[2023-08-09T12:04:23.234+0000] {logging_mixin.py:150} INFO - [2023-08-09T12:04:23.234+0000] {dag.py:2742} INFO - Sync 2 DAGs
[2023-08-09T12:04:23.248+0000] {logging_mixin.py:150} INFO - [2023-08-09T12:04:23.248+0000] {dag.py:3508} INFO - Setting next_dagrun for example_external_task_marker_child to None, run_after=None
[2023-08-09T12:04:23.250+0000] {logging_mixin.py:150} INFO - [2023-08-09T12:04:23.250+0000] {dag.py:3508} INFO - Setting next_dagrun for example_external_task_marker_parent to None, run_after=None
[2023-08-09T12:04:23.259+0000] {processor.py:179} INFO - Processing /home/airflow/.local/lib/python3.7/site-packages/airflow/example_dags/example_external_task_marker_dag.py took 0.056 seconds
[2023-08-09T12:04:53.462+0000] {processor.py:157} INFO - Started process (PID=211) to work on /home/airflow/.local/lib/python3.7/site-packages/airflow/example_dags/example_external_task_marker_dag.py
[2023-08-09T12:04:53.463+0000] {processor.py:826} INFO - Processing file /home/airflow/.local/lib/python3.7/site-packages/airflow/example_dags/example_external_task_marker_dag.py for tasks to queue
[2023-08-09T12:04:53.463+0000] {logging_mixin.py:150} INFO - [2023-08-09T12:04:53.463+0000] {dagbag.py:541} INFO - Filling up the DagBag from /home/airflow/.local/lib/python3.7/site-packages/airflow/example_dags/example_external_task_marker_dag.py
[2023-08-09T12:04:53.468+0000] {processor.py:836} INFO - DAG(s) dict_keys(['example_external_task_marker_child', 'example_external_task_marker_parent']) retrieved from /home/airflow/.local/lib/python3.7/site-packages/airflow/example_dags/example_external_task_marker_dag.py
[2023-08-09T12:04:53.488+0000] {logging_mixin.py:150} INFO - [2023-08-09T12:04:53.488+0000] {dag.py:2742} INFO - Sync 2 DAGs
[2023-08-09T12:04:53.503+0000] {logging_mixin.py:150} INFO - [2023-08-09T12:04:53.503+0000] {dag.py:3508} INFO - Setting next_dagrun for example_external_task_marker_child to None, run_after=None
[2023-08-09T12:04:53.505+0000] {logging_mixin.py:150} INFO - [2023-08-09T12:04:53.505+0000] {dag.py:3508} INFO - Setting next_dagrun for example_external_task_marker_parent to None, run_after=None
[2023-08-09T12:04:53.515+0000] {processor.py:179} INFO - Processing /home/airflow/.local/lib/python3.7/site-packages/airflow/example_dags/example_external_task_marker_dag.py took 0.055 seconds
[2023-08-09T12:05:23.640+0000] {processor.py:157} INFO - Started process (PID=270) to work on /home/airflow/.local/lib/python3.7/site-packages/airflow/example_dags/example_external_task_marker_dag.py
[2023-08-09T12:05:23.641+0000] {processor.py:826} INFO - Processing file /home/airflow/.local/lib/python3.7/site-packages/airflow/example_dags/example_external_task_marker_dag.py for tasks to queue
[2023-08-09T12:05:23.642+0000] {logging_mixin.py:150} INFO - [2023-08-09T12:05:23.641+0000] {dagbag.py:541} INFO - Filling up the DagBag from /home/airflow/.local/lib/python3.7/site-packages/airflow/example_dags/example_external_task_marker_dag.py
[2023-08-09T12:05:23.646+0000] {processor.py:836} INFO - DAG(s) dict_keys(['example_external_task_marker_parent', 'example_external_task_marker_child']) retrieved from /home/airflow/.local/lib/python3.7/site-packages/airflow/example_dags/example_external_task_marker_dag.py
[2023-08-09T12:05:23.666+0000] {logging_mixin.py:150} INFO - [2023-08-09T12:05:23.666+0000] {dag.py:2742} INFO - Sync 2 DAGs
[2023-08-09T12:05:23.680+0000] {logging_mixin.py:150} INFO - [2023-08-09T12:05:23.680+0000] {dag.py:3508} INFO - Setting next_dagrun for example_external_task_marker_child to None, run_after=None
[2023-08-09T12:05:23.682+0000] {logging_mixin.py:150} INFO - [2023-08-09T12:05:23.682+0000] {dag.py:3508} INFO - Setting next_dagrun for example_external_task_marker_parent to None, run_after=None
[2023-08-09T12:05:23.692+0000] {processor.py:179} INFO - Processing /home/airflow/.local/lib/python3.7/site-packages/airflow/example_dags/example_external_task_marker_dag.py took 0.055 seconds
[2023-08-09T12:05:53.920+0000] {processor.py:157} INFO - Started process (PID=329) to work on /home/airflow/.local/lib/python3.7/site-packages/airflow/example_dags/example_external_task_marker_dag.py
[2023-08-09T12:05:53.922+0000] {processor.py:826} INFO - Processing file /home/airflow/.local/lib/python3.7/site-packages/airflow/example_dags/example_external_task_marker_dag.py for tasks to queue
[2023-08-09T12:05:53.923+0000] {logging_mixin.py:150} INFO - [2023-08-09T12:05:53.923+0000] {dagbag.py:541} INFO - Filling up the DagBag from /home/airflow/.local/lib/python3.7/site-packages/airflow/example_dags/example_external_task_marker_dag.py
[2023-08-09T12:05:53.927+0000] {processor.py:836} INFO - DAG(s) dict_keys(['example_external_task_marker_parent', 'example_external_task_marker_child']) retrieved from /home/airflow/.local/lib/python3.7/site-packages/airflow/example_dags/example_external_task_marker_dag.py
[2023-08-09T12:05:53.947+0000] {logging_mixin.py:150} INFO - [2023-08-09T12:05:53.947+0000] {dag.py:2742} INFO - Sync 2 DAGs
[2023-08-09T12:05:53.962+0000] {logging_mixin.py:150} INFO - [2023-08-09T12:05:53.962+0000] {dag.py:3508} INFO - Setting next_dagrun for example_external_task_marker_child to None, run_after=None
[2023-08-09T12:05:53.964+0000] {logging_mixin.py:150} INFO - [2023-08-09T12:05:53.964+0000] {dag.py:3508} INFO - Setting next_dagrun for example_external_task_marker_parent to None, run_after=None
[2023-08-09T12:05:53.973+0000] {processor.py:179} INFO - Processing /home/airflow/.local/lib/python3.7/site-packages/airflow/example_dags/example_external_task_marker_dag.py took 0.055 seconds
[2023-08-09T12:06:24.139+0000] {processor.py:157} INFO - Started process (PID=388) to work on /home/airflow/.local/lib/python3.7/site-packages/airflow/example_dags/example_external_task_marker_dag.py
[2023-08-09T12:06:24.140+0000] {processor.py:826} INFO - Processing file /home/airflow/.local/lib/python3.7/site-packages/airflow/example_dags/example_external_task_marker_dag.py for tasks to queue
[2023-08-09T12:06:24.141+0000] {logging_mixin.py:150} INFO - [2023-08-09T12:06:24.140+0000] {dagbag.py:541} INFO - Filling up the DagBag from /home/airflow/.local/lib/python3.7/site-packages/airflow/example_dags/example_external_task_marker_dag.py
[2023-08-09T12:06:24.145+0000] {processor.py:836} INFO - DAG(s) dict_keys(['example_external_task_marker_child', 'example_external_task_marker_parent']) retrieved from /home/airflow/.local/lib/python3.7/site-packages/airflow/example_dags/example_external_task_marker_dag.py
[2023-08-09T12:06:24.165+0000] {logging_mixin.py:150} INFO - [2023-08-09T12:06:24.165+0000] {dag.py:2742} INFO - Sync 2 DAGs
[2023-08-09T12:06:24.179+0000] {logging_mixin.py:150} INFO - [2023-08-09T12:06:24.179+0000] {dag.py:3508} INFO - Setting next_dagrun for example_external_task_marker_child to None, run_after=None
[2023-08-09T12:06:24.181+0000] {logging_mixin.py:150} INFO - [2023-08-09T12:06:24.181+0000] {dag.py:3508} INFO - Setting next_dagrun for example_external_task_marker_parent to None, run_after=None
[2023-08-09T12:06:24.190+0000] {processor.py:179} INFO - Processing /home/airflow/.local/lib/python3.7/site-packages/airflow/example_dags/example_external_task_marker_dag.py took 0.054 seconds
[2023-08-09T12:06:54.466+0000] {processor.py:157} INFO - Started process (PID=447) to work on /home/airflow/.local/lib/python3.7/site-packages/airflow/example_dags/example_external_task_marker_dag.py
[2023-08-09T12:06:54.467+0000] {processor.py:826} INFO - Processing file /home/airflow/.local/lib/python3.7/site-packages/airflow/example_dags/example_external_task_marker_dag.py for tasks to queue
[2023-08-09T12:06:54.468+0000] {logging_mixin.py:150} INFO - [2023-08-09T12:06:54.468+0000] {dagbag.py:541} INFO - Filling up the DagBag from /home/airflow/.local/lib/python3.7/site-packages/airflow/example_dags/example_external_task_marker_dag.py
[2023-08-09T12:06:54.472+0000] {processor.py:836} INFO - DAG(s) dict_keys(['example_external_task_marker_parent', 'example_external_task_marker_child']) retrieved from /home/airflow/.local/lib/python3.7/site-packages/airflow/example_dags/example_external_task_marker_dag.py
[2023-08-09T12:06:54.492+0000] {logging_mixin.py:150} INFO - [2023-08-09T12:06:54.492+0000] {dag.py:2742} INFO - Sync 2 DAGs
[2023-08-09T12:06:54.507+0000] {logging_mixin.py:150} INFO - [2023-08-09T12:06:54.507+0000] {dag.py:3508} INFO - Setting next_dagrun for example_external_task_marker_child to None, run_after=None
[2023-08-09T12:06:54.510+0000] {logging_mixin.py:150} INFO - [2023-08-09T12:06:54.510+0000] {dag.py:3508} INFO - Setting next_dagrun for example_external_task_marker_parent to None, run_after=None
[2023-08-09T12:06:54.520+0000] {processor.py:179} INFO - Processing /home/airflow/.local/lib/python3.7/site-packages/airflow/example_dags/example_external_task_marker_dag.py took 0.057 seconds
[2023-08-09T12:07:26.938+0000] {processor.py:157} INFO - Started process (PID=506) to work on /home/airflow/.local/lib/python3.7/site-packages/airflow/example_dags/example_external_task_marker_dag.py
[2023-08-09T12:07:26.939+0000] {processor.py:826} INFO - Processing file /home/airflow/.local/lib/python3.7/site-packages/airflow/example_dags/example_external_task_marker_dag.py for tasks to queue
[2023-08-09T12:07:26.940+0000] {logging_mixin.py:150} INFO - [2023-08-09T12:07:26.940+0000] {dagbag.py:541} INFO - Filling up the DagBag from /home/airflow/.local/lib/python3.7/site-packages/airflow/example_dags/example_external_task_marker_dag.py
[2023-08-09T12:07:26.945+0000] {processor.py:836} INFO - DAG(s) dict_keys(['example_external_task_marker_child', 'example_external_task_marker_parent']) retrieved from /home/airflow/.local/lib/python3.7/site-packages/airflow/example_dags/example_external_task_marker_dag.py
[2023-08-09T12:07:26.965+0000] {logging_mixin.py:150} INFO - [2023-08-09T12:07:26.965+0000] {dag.py:2742} INFO - Sync 2 DAGs
[2023-08-09T12:07:26.979+0000] {logging_mixin.py:150} INFO - [2023-08-09T12:07:26.979+0000] {dag.py:3508} INFO - Setting next_dagrun for example_external_task_marker_child to None, run_after=None
[2023-08-09T12:07:26.981+0000] {logging_mixin.py:150} INFO - [2023-08-09T12:07:26.981+0000] {dag.py:3508} INFO - Setting next_dagrun for example_external_task_marker_parent to None, run_after=None
[2023-08-09T12:07:26.990+0000] {processor.py:179} INFO - Processing /home/airflow/.local/lib/python3.7/site-packages/airflow/example_dags/example_external_task_marker_dag.py took 0.054 seconds
[2023-08-09T12:16:42.175+0000] {processor.py:157} INFO - Started process (PID=567) to work on /home/airflow/.local/lib/python3.7/site-packages/airflow/example_dags/example_external_task_marker_dag.py
[2023-08-09T12:16:42.176+0000] {processor.py:826} INFO - Processing file /home/airflow/.local/lib/python3.7/site-packages/airflow/example_dags/example_external_task_marker_dag.py for tasks to queue
[2023-08-09T12:16:42.177+0000] {logging_mixin.py:150} INFO - [2023-08-09T12:16:42.176+0000] {dagbag.py:541} INFO - Filling up the DagBag from /home/airflow/.local/lib/python3.7/site-packages/airflow/example_dags/example_external_task_marker_dag.py
[2023-08-09T12:16:42.181+0000] {processor.py:836} INFO - DAG(s) dict_keys(['example_external_task_marker_child', 'example_external_task_marker_parent']) retrieved from /home/airflow/.local/lib/python3.7/site-packages/airflow/example_dags/example_external_task_marker_dag.py
[2023-08-09T12:16:42.201+0000] {logging_mixin.py:150} INFO - [2023-08-09T12:16:42.201+0000] {dag.py:2742} INFO - Sync 2 DAGs
[2023-08-09T12:16:42.215+0000] {logging_mixin.py:150} INFO - [2023-08-09T12:16:42.214+0000] {dag.py:3508} INFO - Setting next_dagrun for example_external_task_marker_child to None, run_after=None
[2023-08-09T12:16:42.217+0000] {logging_mixin.py:150} INFO - [2023-08-09T12:16:42.216+0000] {dag.py:3508} INFO - Setting next_dagrun for example_external_task_marker_parent to None, run_after=None
[2023-08-09T12:16:42.225+0000] {processor.py:179} INFO - Processing /home/airflow/.local/lib/python3.7/site-packages/airflow/example_dags/example_external_task_marker_dag.py took 0.053 seconds
[2023-08-09T12:17:12.964+0000] {processor.py:157} INFO - Started process (PID=626) to work on /home/airflow/.local/lib/python3.7/site-packages/airflow/example_dags/example_external_task_marker_dag.py
[2023-08-09T12:17:12.966+0000] {processor.py:826} INFO - Processing file /home/airflow/.local/lib/python3.7/site-packages/airflow/example_dags/example_external_task_marker_dag.py for tasks to queue
[2023-08-09T12:17:12.967+0000] {logging_mixin.py:150} INFO - [2023-08-09T12:17:12.966+0000] {dagbag.py:541} INFO - Filling up the DagBag from /home/airflow/.local/lib/python3.7/site-packages/airflow/example_dags/example_external_task_marker_dag.py
[2023-08-09T12:17:12.972+0000] {processor.py:836} INFO - DAG(s) dict_keys(['example_external_task_marker_parent', 'example_external_task_marker_child']) retrieved from /home/airflow/.local/lib/python3.7/site-packages/airflow/example_dags/example_external_task_marker_dag.py
[2023-08-09T12:17:12.991+0000] {logging_mixin.py:150} INFO - [2023-08-09T12:17:12.991+0000] {dag.py:2742} INFO - Sync 2 DAGs
[2023-08-09T12:17:13.005+0000] {logging_mixin.py:150} INFO - [2023-08-09T12:17:13.005+0000] {dag.py:3508} INFO - Setting next_dagrun for example_external_task_marker_child to None, run_after=None
[2023-08-09T12:17:13.007+0000] {logging_mixin.py:150} INFO - [2023-08-09T12:17:13.007+0000] {dag.py:3508} INFO - Setting next_dagrun for example_external_task_marker_parent to None, run_after=None
[2023-08-09T12:17:13.015+0000] {processor.py:179} INFO - Processing /home/airflow/.local/lib/python3.7/site-packages/airflow/example_dags/example_external_task_marker_dag.py took 0.054 seconds
[2023-08-09T12:33:44.453+0000] {processor.py:157} INFO - Started process (PID=685) to work on /home/airflow/.local/lib/python3.7/site-packages/airflow/example_dags/example_external_task_marker_dag.py
[2023-08-09T12:33:44.455+0000] {processor.py:826} INFO - Processing file /home/airflow/.local/lib/python3.7/site-packages/airflow/example_dags/example_external_task_marker_dag.py for tasks to queue
[2023-08-09T12:33:44.456+0000] {logging_mixin.py:150} INFO - [2023-08-09T12:33:44.456+0000] {dagbag.py:541} INFO - Filling up the DagBag from /home/airflow/.local/lib/python3.7/site-packages/airflow/example_dags/example_external_task_marker_dag.py
[2023-08-09T12:33:44.465+0000] {processor.py:836} INFO - DAG(s) dict_keys(['example_external_task_marker_child', 'example_external_task_marker_parent']) retrieved from /home/airflow/.local/lib/python3.7/site-packages/airflow/example_dags/example_external_task_marker_dag.py
[2023-08-09T12:33:44.527+0000] {logging_mixin.py:150} INFO - [2023-08-09T12:33:44.527+0000] {dag.py:2742} INFO - Sync 2 DAGs
[2023-08-09T12:33:44.594+0000] {logging_mixin.py:150} INFO - [2023-08-09T12:33:44.594+0000] {dag.py:3508} INFO - Setting next_dagrun for example_external_task_marker_child to None, run_after=None
[2023-08-09T12:33:44.600+0000] {logging_mixin.py:150} INFO - [2023-08-09T12:33:44.600+0000] {dag.py:3508} INFO - Setting next_dagrun for example_external_task_marker_parent to None, run_after=None
[2023-08-09T12:33:44.644+0000] {processor.py:179} INFO - Processing /home/airflow/.local/lib/python3.7/site-packages/airflow/example_dags/example_external_task_marker_dag.py took 0.196 seconds
[2023-08-09T13:56:50.555+0000] {processor.py:157} INFO - Started process (PID=744) to work on /home/airflow/.local/lib/python3.7/site-packages/airflow/example_dags/example_external_task_marker_dag.py
[2023-08-09T13:56:50.556+0000] {processor.py:826} INFO - Processing file /home/airflow/.local/lib/python3.7/site-packages/airflow/example_dags/example_external_task_marker_dag.py for tasks to queue
[2023-08-09T13:56:50.557+0000] {logging_mixin.py:150} INFO - [2023-08-09T13:56:50.557+0000] {dagbag.py:541} INFO - Filling up the DagBag from /home/airflow/.local/lib/python3.7/site-packages/airflow/example_dags/example_external_task_marker_dag.py
[2023-08-09T13:56:50.561+0000] {processor.py:836} INFO - DAG(s) dict_keys(['example_external_task_marker_parent', 'example_external_task_marker_child']) retrieved from /home/airflow/.local/lib/python3.7/site-packages/airflow/example_dags/example_external_task_marker_dag.py
[2023-08-09T13:56:50.583+0000] {logging_mixin.py:150} INFO - [2023-08-09T13:56:50.583+0000] {dag.py:2742} INFO - Sync 2 DAGs
[2023-08-09T13:56:50.598+0000] {logging_mixin.py:150} INFO - [2023-08-09T13:56:50.598+0000] {dag.py:3508} INFO - Setting next_dagrun for example_external_task_marker_child to None, run_after=None
[2023-08-09T13:56:50.600+0000] {logging_mixin.py:150} INFO - [2023-08-09T13:56:50.600+0000] {dag.py:3508} INFO - Setting next_dagrun for example_external_task_marker_parent to None, run_after=None
[2023-08-09T13:56:50.609+0000] {processor.py:179} INFO - Processing /home/airflow/.local/lib/python3.7/site-packages/airflow/example_dags/example_external_task_marker_dag.py took 0.056 seconds
[2023-08-09T14:58:25.028+0000] {processor.py:157} INFO - Started process (PID=803) to work on /home/airflow/.local/lib/python3.7/site-packages/airflow/example_dags/example_external_task_marker_dag.py
[2023-08-09T14:58:25.029+0000] {processor.py:826} INFO - Processing file /home/airflow/.local/lib/python3.7/site-packages/airflow/example_dags/example_external_task_marker_dag.py for tasks to queue
[2023-08-09T14:58:25.030+0000] {logging_mixin.py:150} INFO - [2023-08-09T14:58:25.030+0000] {dagbag.py:541} INFO - Filling up the DagBag from /home/airflow/.local/lib/python3.7/site-packages/airflow/example_dags/example_external_task_marker_dag.py
[2023-08-09T14:58:25.035+0000] {processor.py:836} INFO - DAG(s) dict_keys(['example_external_task_marker_parent', 'example_external_task_marker_child']) retrieved from /home/airflow/.local/lib/python3.7/site-packages/airflow/example_dags/example_external_task_marker_dag.py
[2023-08-09T14:58:25.055+0000] {logging_mixin.py:150} INFO - [2023-08-09T14:58:25.055+0000] {dag.py:2742} INFO - Sync 2 DAGs
[2023-08-09T14:58:25.069+0000] {logging_mixin.py:150} INFO - [2023-08-09T14:58:25.069+0000] {dag.py:3508} INFO - Setting next_dagrun for example_external_task_marker_child to None, run_after=None
[2023-08-09T14:58:25.071+0000] {logging_mixin.py:150} INFO - [2023-08-09T14:58:25.071+0000] {dag.py:3508} INFO - Setting next_dagrun for example_external_task_marker_parent to None, run_after=None
[2023-08-09T14:58:25.080+0000] {processor.py:179} INFO - Processing /home/airflow/.local/lib/python3.7/site-packages/airflow/example_dags/example_external_task_marker_dag.py took 0.055 seconds
[2023-08-09T14:58:57.745+0000] {processor.py:157} INFO - Started process (PID=863) to work on /home/airflow/.local/lib/python3.7/site-packages/airflow/example_dags/example_external_task_marker_dag.py
[2023-08-09T14:58:57.746+0000] {processor.py:826} INFO - Processing file /home/airflow/.local/lib/python3.7/site-packages/airflow/example_dags/example_external_task_marker_dag.py for tasks to queue
[2023-08-09T14:58:57.747+0000] {logging_mixin.py:150} INFO - [2023-08-09T14:58:57.746+0000] {dagbag.py:541} INFO - Filling up the DagBag from /home/airflow/.local/lib/python3.7/site-packages/airflow/example_dags/example_external_task_marker_dag.py
[2023-08-09T14:58:57.751+0000] {processor.py:836} INFO - DAG(s) dict_keys(['example_external_task_marker_child', 'example_external_task_marker_parent']) retrieved from /home/airflow/.local/lib/python3.7/site-packages/airflow/example_dags/example_external_task_marker_dag.py
[2023-08-09T14:58:57.770+0000] {logging_mixin.py:150} INFO - [2023-08-09T14:58:57.770+0000] {dag.py:2742} INFO - Sync 2 DAGs
[2023-08-09T14:58:57.784+0000] {logging_mixin.py:150} INFO - [2023-08-09T14:58:57.784+0000] {dag.py:3508} INFO - Setting next_dagrun for example_external_task_marker_child to None, run_after=None
[2023-08-09T14:58:57.786+0000] {logging_mixin.py:150} INFO - [2023-08-09T14:58:57.786+0000] {dag.py:3508} INFO - Setting next_dagrun for example_external_task_marker_parent to None, run_after=None
[2023-08-09T14:58:57.795+0000] {processor.py:179} INFO - Processing /home/airflow/.local/lib/python3.7/site-packages/airflow/example_dags/example_external_task_marker_dag.py took 0.052 seconds
[2023-08-09T16:16:42.219+0000] {processor.py:157} INFO - Started process (PID=922) to work on /home/airflow/.local/lib/python3.7/site-packages/airflow/example_dags/example_external_task_marker_dag.py
[2023-08-09T16:16:42.220+0000] {processor.py:826} INFO - Processing file /home/airflow/.local/lib/python3.7/site-packages/airflow/example_dags/example_external_task_marker_dag.py for tasks to queue
[2023-08-09T16:16:42.221+0000] {logging_mixin.py:150} INFO - [2023-08-09T16:16:42.221+0000] {dagbag.py:541} INFO - Filling up the DagBag from /home/airflow/.local/lib/python3.7/site-packages/airflow/example_dags/example_external_task_marker_dag.py
[2023-08-09T16:16:42.226+0000] {processor.py:836} INFO - DAG(s) dict_keys(['example_external_task_marker_child', 'example_external_task_marker_parent']) retrieved from /home/airflow/.local/lib/python3.7/site-packages/airflow/example_dags/example_external_task_marker_dag.py
[2023-08-09T16:16:42.246+0000] {logging_mixin.py:150} INFO - [2023-08-09T16:16:42.246+0000] {dag.py:2742} INFO - Sync 2 DAGs
[2023-08-09T16:16:42.260+0000] {logging_mixin.py:150} INFO - [2023-08-09T16:16:42.260+0000] {dag.py:3508} INFO - Setting next_dagrun for example_external_task_marker_child to None, run_after=None
[2023-08-09T16:16:42.263+0000] {logging_mixin.py:150} INFO - [2023-08-09T16:16:42.263+0000] {dag.py:3508} INFO - Setting next_dagrun for example_external_task_marker_parent to None, run_after=None
[2023-08-09T16:16:42.272+0000] {processor.py:179} INFO - Processing /home/airflow/.local/lib/python3.7/site-packages/airflow/example_dags/example_external_task_marker_dag.py took 0.056 seconds
[2023-08-09T17:36:39.642+0000] {processor.py:157} INFO - Started process (PID=981) to work on /home/airflow/.local/lib/python3.7/site-packages/airflow/example_dags/example_external_task_marker_dag.py
[2023-08-09T17:36:39.643+0000] {processor.py:826} INFO - Processing file /home/airflow/.local/lib/python3.7/site-packages/airflow/example_dags/example_external_task_marker_dag.py for tasks to queue
[2023-08-09T17:36:39.644+0000] {logging_mixin.py:150} INFO - [2023-08-09T17:36:39.644+0000] {dagbag.py:541} INFO - Filling up the DagBag from /home/airflow/.local/lib/python3.7/site-packages/airflow/example_dags/example_external_task_marker_dag.py
[2023-08-09T17:36:39.648+0000] {processor.py:836} INFO - DAG(s) dict_keys(['example_external_task_marker_parent', 'example_external_task_marker_child']) retrieved from /home/airflow/.local/lib/python3.7/site-packages/airflow/example_dags/example_external_task_marker_dag.py
[2023-08-09T17:36:39.668+0000] {logging_mixin.py:150} INFO - [2023-08-09T17:36:39.668+0000] {dag.py:2742} INFO - Sync 2 DAGs
[2023-08-09T17:36:39.686+0000] {logging_mixin.py:150} INFO - [2023-08-09T17:36:39.686+0000] {dag.py:3508} INFO - Setting next_dagrun for example_external_task_marker_child to None, run_after=None
[2023-08-09T17:36:39.689+0000] {logging_mixin.py:150} INFO - [2023-08-09T17:36:39.689+0000] {dag.py:3508} INFO - Setting next_dagrun for example_external_task_marker_parent to None, run_after=None
[2023-08-09T17:36:39.700+0000] {processor.py:179} INFO - Processing /home/airflow/.local/lib/python3.7/site-packages/airflow/example_dags/example_external_task_marker_dag.py took 0.061 seconds
[2023-08-09T18:58:22.951+0000] {processor.py:157} INFO - Started process (PID=1040) to work on /home/airflow/.local/lib/python3.7/site-packages/airflow/example_dags/example_external_task_marker_dag.py
[2023-08-09T18:58:22.953+0000] {processor.py:826} INFO - Processing file /home/airflow/.local/lib/python3.7/site-packages/airflow/example_dags/example_external_task_marker_dag.py for tasks to queue
[2023-08-09T18:58:22.953+0000] {logging_mixin.py:150} INFO - [2023-08-09T18:58:22.953+0000] {dagbag.py:541} INFO - Filling up the DagBag from /home/airflow/.local/lib/python3.7/site-packages/airflow/example_dags/example_external_task_marker_dag.py
[2023-08-09T18:58:22.959+0000] {processor.py:836} INFO - DAG(s) dict_keys(['example_external_task_marker_parent', 'example_external_task_marker_child']) retrieved from /home/airflow/.local/lib/python3.7/site-packages/airflow/example_dags/example_external_task_marker_dag.py
[2023-08-09T18:58:22.979+0000] {logging_mixin.py:150} INFO - [2023-08-09T18:58:22.979+0000] {dag.py:2742} INFO - Sync 2 DAGs
[2023-08-09T18:58:22.994+0000] {logging_mixin.py:150} INFO - [2023-08-09T18:58:22.994+0000] {dag.py:3508} INFO - Setting next_dagrun for example_external_task_marker_child to None, run_after=None
[2023-08-09T18:58:22.996+0000] {logging_mixin.py:150} INFO - [2023-08-09T18:58:22.996+0000] {dag.py:3508} INFO - Setting next_dagrun for example_external_task_marker_parent to None, run_after=None
[2023-08-09T18:58:23.005+0000] {processor.py:179} INFO - Processing /home/airflow/.local/lib/python3.7/site-packages/airflow/example_dags/example_external_task_marker_dag.py took 0.057 seconds
[2023-08-09T20:21:01.919+0000] {processor.py:157} INFO - Started process (PID=1099) to work on /home/airflow/.local/lib/python3.7/site-packages/airflow/example_dags/example_external_task_marker_dag.py
[2023-08-09T20:21:01.920+0000] {processor.py:826} INFO - Processing file /home/airflow/.local/lib/python3.7/site-packages/airflow/example_dags/example_external_task_marker_dag.py for tasks to queue
[2023-08-09T20:21:01.921+0000] {logging_mixin.py:150} INFO - [2023-08-09T20:21:01.920+0000] {dagbag.py:541} INFO - Filling up the DagBag from /home/airflow/.local/lib/python3.7/site-packages/airflow/example_dags/example_external_task_marker_dag.py
[2023-08-09T20:21:01.925+0000] {processor.py:836} INFO - DAG(s) dict_keys(['example_external_task_marker_child', 'example_external_task_marker_parent']) retrieved from /home/airflow/.local/lib/python3.7/site-packages/airflow/example_dags/example_external_task_marker_dag.py
[2023-08-09T20:21:01.944+0000] {logging_mixin.py:150} INFO - [2023-08-09T20:21:01.944+0000] {dag.py:2742} INFO - Sync 2 DAGs
[2023-08-09T20:21:01.959+0000] {logging_mixin.py:150} INFO - [2023-08-09T20:21:01.959+0000] {dag.py:3508} INFO - Setting next_dagrun for example_external_task_marker_child to None, run_after=None
[2023-08-09T20:21:01.961+0000] {logging_mixin.py:150} INFO - [2023-08-09T20:21:01.961+0000] {dag.py:3508} INFO - Setting next_dagrun for example_external_task_marker_parent to None, run_after=None
[2023-08-09T20:21:01.970+0000] {processor.py:179} INFO - Processing /home/airflow/.local/lib/python3.7/site-packages/airflow/example_dags/example_external_task_marker_dag.py took 0.054 seconds
[2023-08-09T21:44:54.750+0000] {processor.py:157} INFO - Started process (PID=1158) to work on /home/airflow/.local/lib/python3.7/site-packages/airflow/example_dags/example_external_task_marker_dag.py
[2023-08-09T21:44:54.756+0000] {processor.py:826} INFO - Processing file /home/airflow/.local/lib/python3.7/site-packages/airflow/example_dags/example_external_task_marker_dag.py for tasks to queue
[2023-08-09T21:44:54.757+0000] {logging_mixin.py:150} INFO - [2023-08-09T21:44:54.757+0000] {dagbag.py:541} INFO - Filling up the DagBag from /home/airflow/.local/lib/python3.7/site-packages/airflow/example_dags/example_external_task_marker_dag.py
[2023-08-09T21:44:54.768+0000] {processor.py:836} INFO - DAG(s) dict_keys(['example_external_task_marker_child', 'example_external_task_marker_parent']) retrieved from /home/airflow/.local/lib/python3.7/site-packages/airflow/example_dags/example_external_task_marker_dag.py
[2023-08-09T21:44:54.820+0000] {logging_mixin.py:150} INFO - [2023-08-09T21:44:54.820+0000] {dag.py:2742} INFO - Sync 2 DAGs
[2023-08-09T21:44:54.847+0000] {logging_mixin.py:150} INFO - [2023-08-09T21:44:54.847+0000] {dag.py:3508} INFO - Setting next_dagrun for example_external_task_marker_child to None, run_after=None
[2023-08-09T21:44:54.852+0000] {logging_mixin.py:150} INFO - [2023-08-09T21:44:54.852+0000] {dag.py:3508} INFO - Setting next_dagrun for example_external_task_marker_parent to None, run_after=None
[2023-08-09T21:44:54.872+0000] {processor.py:179} INFO - Processing /home/airflow/.local/lib/python3.7/site-packages/airflow/example_dags/example_external_task_marker_dag.py took 0.127 seconds
[2023-08-09T22:36:35.263+0000] {processor.py:157} INFO - Started process (PID=1217) to work on /home/airflow/.local/lib/python3.7/site-packages/airflow/example_dags/example_external_task_marker_dag.py
[2023-08-09T22:36:35.268+0000] {processor.py:826} INFO - Processing file /home/airflow/.local/lib/python3.7/site-packages/airflow/example_dags/example_external_task_marker_dag.py for tasks to queue
[2023-08-09T22:36:35.269+0000] {logging_mixin.py:150} INFO - [2023-08-09T22:36:35.269+0000] {dagbag.py:541} INFO - Filling up the DagBag from /home/airflow/.local/lib/python3.7/site-packages/airflow/example_dags/example_external_task_marker_dag.py
[2023-08-09T22:36:35.278+0000] {processor.py:836} INFO - DAG(s) dict_keys(['example_external_task_marker_parent', 'example_external_task_marker_child']) retrieved from /home/airflow/.local/lib/python3.7/site-packages/airflow/example_dags/example_external_task_marker_dag.py
[2023-08-09T22:36:35.317+0000] {logging_mixin.py:150} INFO - [2023-08-09T22:36:35.317+0000] {dag.py:2742} INFO - Sync 2 DAGs
[2023-08-09T22:36:35.336+0000] {logging_mixin.py:150} INFO - [2023-08-09T22:36:35.336+0000] {dag.py:3508} INFO - Setting next_dagrun for example_external_task_marker_child to None, run_after=None
[2023-08-09T22:36:35.339+0000] {logging_mixin.py:150} INFO - [2023-08-09T22:36:35.339+0000] {dag.py:3508} INFO - Setting next_dagrun for example_external_task_marker_parent to None, run_after=None
[2023-08-09T22:36:35.365+0000] {processor.py:179} INFO - Processing /home/airflow/.local/lib/python3.7/site-packages/airflow/example_dags/example_external_task_marker_dag.py took 0.105 seconds
[2023-08-09T22:37:06.311+0000] {processor.py:157} INFO - Started process (PID=1276) to work on /home/airflow/.local/lib/python3.7/site-packages/airflow/example_dags/example_external_task_marker_dag.py
[2023-08-09T22:37:06.312+0000] {processor.py:826} INFO - Processing file /home/airflow/.local/lib/python3.7/site-packages/airflow/example_dags/example_external_task_marker_dag.py for tasks to queue
[2023-08-09T22:37:06.313+0000] {logging_mixin.py:150} INFO - [2023-08-09T22:37:06.312+0000] {dagbag.py:541} INFO - Filling up the DagBag from /home/airflow/.local/lib/python3.7/site-packages/airflow/example_dags/example_external_task_marker_dag.py
[2023-08-09T22:37:06.317+0000] {processor.py:836} INFO - DAG(s) dict_keys(['example_external_task_marker_child', 'example_external_task_marker_parent']) retrieved from /home/airflow/.local/lib/python3.7/site-packages/airflow/example_dags/example_external_task_marker_dag.py
[2023-08-09T22:37:06.336+0000] {logging_mixin.py:150} INFO - [2023-08-09T22:37:06.336+0000] {dag.py:2742} INFO - Sync 2 DAGs
[2023-08-09T22:37:06.350+0000] {logging_mixin.py:150} INFO - [2023-08-09T22:37:06.350+0000] {dag.py:3508} INFO - Setting next_dagrun for example_external_task_marker_child to None, run_after=None
[2023-08-09T22:37:06.352+0000] {logging_mixin.py:150} INFO - [2023-08-09T22:37:06.352+0000] {dag.py:3508} INFO - Setting next_dagrun for example_external_task_marker_parent to None, run_after=None
[2023-08-09T22:37:06.361+0000] {processor.py:179} INFO - Processing /home/airflow/.local/lib/python3.7/site-packages/airflow/example_dags/example_external_task_marker_dag.py took 0.052 seconds
[2023-08-09T22:37:36.506+0000] {processor.py:157} INFO - Started process (PID=1335) to work on /home/airflow/.local/lib/python3.7/site-packages/airflow/example_dags/example_external_task_marker_dag.py
[2023-08-09T22:37:36.507+0000] {processor.py:826} INFO - Processing file /home/airflow/.local/lib/python3.7/site-packages/airflow/example_dags/example_external_task_marker_dag.py for tasks to queue
[2023-08-09T22:37:36.508+0000] {logging_mixin.py:150} INFO - [2023-08-09T22:37:36.508+0000] {dagbag.py:541} INFO - Filling up the DagBag from /home/airflow/.local/lib/python3.7/site-packages/airflow/example_dags/example_external_task_marker_dag.py
[2023-08-09T22:37:36.512+0000] {processor.py:836} INFO - DAG(s) dict_keys(['example_external_task_marker_parent', 'example_external_task_marker_child']) retrieved from /home/airflow/.local/lib/python3.7/site-packages/airflow/example_dags/example_external_task_marker_dag.py
[2023-08-09T22:37:36.532+0000] {logging_mixin.py:150} INFO - [2023-08-09T22:37:36.532+0000] {dag.py:2742} INFO - Sync 2 DAGs
[2023-08-09T22:37:36.547+0000] {logging_mixin.py:150} INFO - [2023-08-09T22:37:36.547+0000] {dag.py:3508} INFO - Setting next_dagrun for example_external_task_marker_child to None, run_after=None
[2023-08-09T22:37:36.549+0000] {logging_mixin.py:150} INFO - [2023-08-09T22:37:36.549+0000] {dag.py:3508} INFO - Setting next_dagrun for example_external_task_marker_parent to None, run_after=None
[2023-08-09T22:37:36.557+0000] {processor.py:179} INFO - Processing /home/airflow/.local/lib/python3.7/site-packages/airflow/example_dags/example_external_task_marker_dag.py took 0.053 seconds
[2023-08-09T23:31:51.143+0000] {processor.py:157} INFO - Started process (PID=1394) to work on /home/airflow/.local/lib/python3.7/site-packages/airflow/example_dags/example_external_task_marker_dag.py
[2023-08-09T23:31:51.144+0000] {processor.py:826} INFO - Processing file /home/airflow/.local/lib/python3.7/site-packages/airflow/example_dags/example_external_task_marker_dag.py for tasks to queue
[2023-08-09T23:31:51.145+0000] {logging_mixin.py:150} INFO - [2023-08-09T23:31:51.144+0000] {dagbag.py:541} INFO - Filling up the DagBag from /home/airflow/.local/lib/python3.7/site-packages/airflow/example_dags/example_external_task_marker_dag.py
[2023-08-09T23:31:51.149+0000] {processor.py:836} INFO - DAG(s) dict_keys(['example_external_task_marker_child', 'example_external_task_marker_parent']) retrieved from /home/airflow/.local/lib/python3.7/site-packages/airflow/example_dags/example_external_task_marker_dag.py
[2023-08-09T23:31:51.169+0000] {logging_mixin.py:150} INFO - [2023-08-09T23:31:51.169+0000] {dag.py:2742} INFO - Sync 2 DAGs
[2023-08-09T23:31:51.184+0000] {logging_mixin.py:150} INFO - [2023-08-09T23:31:51.183+0000] {dag.py:3508} INFO - Setting next_dagrun for example_external_task_marker_child to None, run_after=None
[2023-08-09T23:31:51.186+0000] {logging_mixin.py:150} INFO - [2023-08-09T23:31:51.185+0000] {dag.py:3508} INFO - Setting next_dagrun for example_external_task_marker_parent to None, run_after=None
[2023-08-09T23:31:51.194+0000] {processor.py:179} INFO - Processing /home/airflow/.local/lib/python3.7/site-packages/airflow/example_dags/example_external_task_marker_dag.py took 0.054 seconds
