[2023-08-09T12:03:23.078+0000] {processor.py:157} INFO - Started process (PID=55) to work on /home/airflow/.local/lib/python3.7/site-packages/airflow/example_dags/example_subdag_operator.py
[2023-08-09T12:03:23.079+0000] {processor.py:826} INFO - Processing file /home/airflow/.local/lib/python3.7/site-packages/airflow/example_dags/example_subdag_operator.py for tasks to queue
[2023-08-09T12:03:23.080+0000] {logging_mixin.py:150} INFO - [2023-08-09T12:03:23.080+0000] {dagbag.py:541} INFO - Filling up the DagBag from /home/airflow/.local/lib/python3.7/site-packages/airflow/example_dags/example_subdag_operator.py
[2023-08-09T12:03:23.100+0000] {processor.py:836} INFO - DAG(s) dict_keys(['example_subdag_operator.section-1', 'example_subdag_operator.section-2', 'example_subdag_operator']) retrieved from /home/airflow/.local/lib/python3.7/site-packages/airflow/example_dags/example_subdag_operator.py
[2023-08-09T12:03:23.103+0000] {logging_mixin.py:150} INFO - [2023-08-09T12:03:23.103+0000] {dag.py:2742} INFO - Sync 3 DAGs
[2023-08-09T12:03:23.121+0000] {logging_mixin.py:150} INFO - [2023-08-09T12:03:23.121+0000] {dag.py:3508} INFO - Setting next_dagrun for example_subdag_operator to 2022-01-01T00:00:00+00:00, run_after=2022-01-01T00:00:00+00:00
[2023-08-09T12:03:23.123+0000] {logging_mixin.py:150} INFO - [2023-08-09T12:03:23.123+0000] {dag.py:3508} INFO - Setting next_dagrun for example_subdag_operator.section-1 to None, run_after=None
[2023-08-09T12:03:23.124+0000] {logging_mixin.py:150} INFO - [2023-08-09T12:03:23.124+0000] {dag.py:3508} INFO - Setting next_dagrun for example_subdag_operator.section-2 to None, run_after=None
[2023-08-09T12:03:23.129+0000] {logging_mixin.py:150} INFO - [2023-08-09T12:03:23.129+0000] {dag.py:2742} INFO - Sync 2 DAGs
[2023-08-09T12:03:23.137+0000] {logging_mixin.py:150} INFO - [2023-08-09T12:03:23.137+0000] {dag.py:3508} INFO - Setting next_dagrun for example_subdag_operator.section-1 to None, run_after=None
[2023-08-09T12:03:23.138+0000] {logging_mixin.py:150} INFO - [2023-08-09T12:03:23.138+0000] {dag.py:3508} INFO - Setting next_dagrun for example_subdag_operator.section-2 to None, run_after=None
[2023-08-09T12:03:23.144+0000] {processor.py:179} INFO - Processing /home/airflow/.local/lib/python3.7/site-packages/airflow/example_dags/example_subdag_operator.py took 0.070 seconds
[2023-08-09T12:03:53.817+0000] {processor.py:157} INFO - Started process (PID=114) to work on /home/airflow/.local/lib/python3.7/site-packages/airflow/example_dags/example_subdag_operator.py
[2023-08-09T12:03:53.818+0000] {processor.py:826} INFO - Processing file /home/airflow/.local/lib/python3.7/site-packages/airflow/example_dags/example_subdag_operator.py for tasks to queue
[2023-08-09T12:03:53.819+0000] {logging_mixin.py:150} INFO - [2023-08-09T12:03:53.819+0000] {dagbag.py:541} INFO - Filling up the DagBag from /home/airflow/.local/lib/python3.7/site-packages/airflow/example_dags/example_subdag_operator.py
[2023-08-09T12:03:53.837+0000] {processor.py:836} INFO - DAG(s) dict_keys(['example_subdag_operator.section-1', 'example_subdag_operator.section-2', 'example_subdag_operator']) retrieved from /home/airflow/.local/lib/python3.7/site-packages/airflow/example_dags/example_subdag_operator.py
[2023-08-09T12:03:53.849+0000] {logging_mixin.py:150} INFO - [2023-08-09T12:03:53.848+0000] {dag.py:2742} INFO - Sync 3 DAGs
[2023-08-09T12:03:53.863+0000] {logging_mixin.py:150} INFO - [2023-08-09T12:03:53.863+0000] {dag.py:3508} INFO - Setting next_dagrun for example_subdag_operator to 2022-01-01T00:00:00+00:00, run_after=2022-01-01T00:00:00+00:00
[2023-08-09T12:03:53.865+0000] {logging_mixin.py:150} INFO - [2023-08-09T12:03:53.865+0000] {dag.py:3508} INFO - Setting next_dagrun for example_subdag_operator.section-1 to None, run_after=None
[2023-08-09T12:03:53.866+0000] {logging_mixin.py:150} INFO - [2023-08-09T12:03:53.866+0000] {dag.py:3508} INFO - Setting next_dagrun for example_subdag_operator.section-2 to None, run_after=None
[2023-08-09T12:03:53.870+0000] {logging_mixin.py:150} INFO - [2023-08-09T12:03:53.870+0000] {dag.py:2742} INFO - Sync 2 DAGs
[2023-08-09T12:03:53.873+0000] {logging_mixin.py:150} INFO - [2023-08-09T12:03:53.873+0000] {dag.py:3508} INFO - Setting next_dagrun for example_subdag_operator.section-1 to None, run_after=None
[2023-08-09T12:03:53.874+0000] {logging_mixin.py:150} INFO - [2023-08-09T12:03:53.874+0000] {dag.py:3508} INFO - Setting next_dagrun for example_subdag_operator.section-2 to None, run_after=None
[2023-08-09T12:03:53.879+0000] {processor.py:179} INFO - Processing /home/airflow/.local/lib/python3.7/site-packages/airflow/example_dags/example_subdag_operator.py took 0.065 seconds
[2023-08-09T12:04:24.071+0000] {processor.py:157} INFO - Started process (PID=173) to work on /home/airflow/.local/lib/python3.7/site-packages/airflow/example_dags/example_subdag_operator.py
[2023-08-09T12:04:24.072+0000] {processor.py:826} INFO - Processing file /home/airflow/.local/lib/python3.7/site-packages/airflow/example_dags/example_subdag_operator.py for tasks to queue
[2023-08-09T12:04:24.073+0000] {logging_mixin.py:150} INFO - [2023-08-09T12:04:24.073+0000] {dagbag.py:541} INFO - Filling up the DagBag from /home/airflow/.local/lib/python3.7/site-packages/airflow/example_dags/example_subdag_operator.py
[2023-08-09T12:04:24.091+0000] {processor.py:836} INFO - DAG(s) dict_keys(['example_subdag_operator.section-1', 'example_subdag_operator.section-2', 'example_subdag_operator']) retrieved from /home/airflow/.local/lib/python3.7/site-packages/airflow/example_dags/example_subdag_operator.py
[2023-08-09T12:04:24.102+0000] {logging_mixin.py:150} INFO - [2023-08-09T12:04:24.102+0000] {dag.py:2742} INFO - Sync 3 DAGs
[2023-08-09T12:04:24.116+0000] {logging_mixin.py:150} INFO - [2023-08-09T12:04:24.116+0000] {dag.py:3508} INFO - Setting next_dagrun for example_subdag_operator to 2022-01-01T00:00:00+00:00, run_after=2022-01-01T00:00:00+00:00
[2023-08-09T12:04:24.118+0000] {logging_mixin.py:150} INFO - [2023-08-09T12:04:24.118+0000] {dag.py:3508} INFO - Setting next_dagrun for example_subdag_operator.section-1 to None, run_after=None
[2023-08-09T12:04:24.119+0000] {logging_mixin.py:150} INFO - [2023-08-09T12:04:24.119+0000] {dag.py:3508} INFO - Setting next_dagrun for example_subdag_operator.section-2 to None, run_after=None
[2023-08-09T12:04:24.123+0000] {logging_mixin.py:150} INFO - [2023-08-09T12:04:24.123+0000] {dag.py:2742} INFO - Sync 2 DAGs
[2023-08-09T12:04:24.126+0000] {logging_mixin.py:150} INFO - [2023-08-09T12:04:24.126+0000] {dag.py:3508} INFO - Setting next_dagrun for example_subdag_operator.section-1 to None, run_after=None
[2023-08-09T12:04:24.127+0000] {logging_mixin.py:150} INFO - [2023-08-09T12:04:24.127+0000] {dag.py:3508} INFO - Setting next_dagrun for example_subdag_operator.section-2 to None, run_after=None
[2023-08-09T12:04:24.133+0000] {processor.py:179} INFO - Processing /home/airflow/.local/lib/python3.7/site-packages/airflow/example_dags/example_subdag_operator.py took 0.064 seconds
[2023-08-09T12:04:54.364+0000] {processor.py:157} INFO - Started process (PID=232) to work on /home/airflow/.local/lib/python3.7/site-packages/airflow/example_dags/example_subdag_operator.py
[2023-08-09T12:04:54.365+0000] {processor.py:826} INFO - Processing file /home/airflow/.local/lib/python3.7/site-packages/airflow/example_dags/example_subdag_operator.py for tasks to queue
[2023-08-09T12:04:54.366+0000] {logging_mixin.py:150} INFO - [2023-08-09T12:04:54.366+0000] {dagbag.py:541} INFO - Filling up the DagBag from /home/airflow/.local/lib/python3.7/site-packages/airflow/example_dags/example_subdag_operator.py
[2023-08-09T12:04:54.384+0000] {processor.py:836} INFO - DAG(s) dict_keys(['example_subdag_operator.section-1', 'example_subdag_operator.section-2', 'example_subdag_operator']) retrieved from /home/airflow/.local/lib/python3.7/site-packages/airflow/example_dags/example_subdag_operator.py
[2023-08-09T12:04:54.395+0000] {logging_mixin.py:150} INFO - [2023-08-09T12:04:54.395+0000] {dag.py:2742} INFO - Sync 3 DAGs
[2023-08-09T12:04:54.408+0000] {logging_mixin.py:150} INFO - [2023-08-09T12:04:54.408+0000] {dag.py:3508} INFO - Setting next_dagrun for example_subdag_operator to 2022-01-01T00:00:00+00:00, run_after=2022-01-01T00:00:00+00:00
[2023-08-09T12:04:54.411+0000] {logging_mixin.py:150} INFO - [2023-08-09T12:04:54.411+0000] {dag.py:3508} INFO - Setting next_dagrun for example_subdag_operator.section-1 to None, run_after=None
[2023-08-09T12:04:54.412+0000] {logging_mixin.py:150} INFO - [2023-08-09T12:04:54.412+0000] {dag.py:3508} INFO - Setting next_dagrun for example_subdag_operator.section-2 to None, run_after=None
[2023-08-09T12:04:54.416+0000] {logging_mixin.py:150} INFO - [2023-08-09T12:04:54.416+0000] {dag.py:2742} INFO - Sync 2 DAGs
[2023-08-09T12:04:54.419+0000] {logging_mixin.py:150} INFO - [2023-08-09T12:04:54.419+0000] {dag.py:3508} INFO - Setting next_dagrun for example_subdag_operator.section-1 to None, run_after=None
[2023-08-09T12:04:54.420+0000] {logging_mixin.py:150} INFO - [2023-08-09T12:04:54.420+0000] {dag.py:3508} INFO - Setting next_dagrun for example_subdag_operator.section-2 to None, run_after=None
[2023-08-09T12:04:54.425+0000] {processor.py:179} INFO - Processing /home/airflow/.local/lib/python3.7/site-packages/airflow/example_dags/example_subdag_operator.py took 0.064 seconds
[2023-08-09T12:05:24.637+0000] {processor.py:157} INFO - Started process (PID=291) to work on /home/airflow/.local/lib/python3.7/site-packages/airflow/example_dags/example_subdag_operator.py
[2023-08-09T12:05:24.638+0000] {processor.py:826} INFO - Processing file /home/airflow/.local/lib/python3.7/site-packages/airflow/example_dags/example_subdag_operator.py for tasks to queue
[2023-08-09T12:05:24.639+0000] {logging_mixin.py:150} INFO - [2023-08-09T12:05:24.639+0000] {dagbag.py:541} INFO - Filling up the DagBag from /home/airflow/.local/lib/python3.7/site-packages/airflow/example_dags/example_subdag_operator.py
[2023-08-09T12:05:24.657+0000] {processor.py:836} INFO - DAG(s) dict_keys(['example_subdag_operator.section-1', 'example_subdag_operator.section-2', 'example_subdag_operator']) retrieved from /home/airflow/.local/lib/python3.7/site-packages/airflow/example_dags/example_subdag_operator.py
[2023-08-09T12:05:24.668+0000] {logging_mixin.py:150} INFO - [2023-08-09T12:05:24.668+0000] {dag.py:2742} INFO - Sync 3 DAGs
[2023-08-09T12:05:24.681+0000] {logging_mixin.py:150} INFO - [2023-08-09T12:05:24.681+0000] {dag.py:3508} INFO - Setting next_dagrun for example_subdag_operator to 2022-01-01T00:00:00+00:00, run_after=2022-01-01T00:00:00+00:00
[2023-08-09T12:05:24.683+0000] {logging_mixin.py:150} INFO - [2023-08-09T12:05:24.683+0000] {dag.py:3508} INFO - Setting next_dagrun for example_subdag_operator.section-1 to None, run_after=None
[2023-08-09T12:05:24.684+0000] {logging_mixin.py:150} INFO - [2023-08-09T12:05:24.684+0000] {dag.py:3508} INFO - Setting next_dagrun for example_subdag_operator.section-2 to None, run_after=None
[2023-08-09T12:05:24.688+0000] {logging_mixin.py:150} INFO - [2023-08-09T12:05:24.688+0000] {dag.py:2742} INFO - Sync 2 DAGs
[2023-08-09T12:05:24.691+0000] {logging_mixin.py:150} INFO - [2023-08-09T12:05:24.691+0000] {dag.py:3508} INFO - Setting next_dagrun for example_subdag_operator.section-1 to None, run_after=None
[2023-08-09T12:05:24.692+0000] {logging_mixin.py:150} INFO - [2023-08-09T12:05:24.691+0000] {dag.py:3508} INFO - Setting next_dagrun for example_subdag_operator.section-2 to None, run_after=None
[2023-08-09T12:05:24.696+0000] {processor.py:179} INFO - Processing /home/airflow/.local/lib/python3.7/site-packages/airflow/example_dags/example_subdag_operator.py took 0.062 seconds
[2023-08-09T12:05:54.874+0000] {processor.py:157} INFO - Started process (PID=350) to work on /home/airflow/.local/lib/python3.7/site-packages/airflow/example_dags/example_subdag_operator.py
[2023-08-09T12:05:54.875+0000] {processor.py:826} INFO - Processing file /home/airflow/.local/lib/python3.7/site-packages/airflow/example_dags/example_subdag_operator.py for tasks to queue
[2023-08-09T12:05:54.876+0000] {logging_mixin.py:150} INFO - [2023-08-09T12:05:54.876+0000] {dagbag.py:541} INFO - Filling up the DagBag from /home/airflow/.local/lib/python3.7/site-packages/airflow/example_dags/example_subdag_operator.py
[2023-08-09T12:05:54.895+0000] {processor.py:836} INFO - DAG(s) dict_keys(['example_subdag_operator.section-1', 'example_subdag_operator.section-2', 'example_subdag_operator']) retrieved from /home/airflow/.local/lib/python3.7/site-packages/airflow/example_dags/example_subdag_operator.py
[2023-08-09T12:05:54.906+0000] {logging_mixin.py:150} INFO - [2023-08-09T12:05:54.906+0000] {dag.py:2742} INFO - Sync 3 DAGs
[2023-08-09T12:05:54.920+0000] {logging_mixin.py:150} INFO - [2023-08-09T12:05:54.920+0000] {dag.py:3508} INFO - Setting next_dagrun for example_subdag_operator to 2022-01-01T00:00:00+00:00, run_after=2022-01-01T00:00:00+00:00
[2023-08-09T12:05:54.922+0000] {logging_mixin.py:150} INFO - [2023-08-09T12:05:54.922+0000] {dag.py:3508} INFO - Setting next_dagrun for example_subdag_operator.section-1 to None, run_after=None
[2023-08-09T12:05:54.923+0000] {logging_mixin.py:150} INFO - [2023-08-09T12:05:54.923+0000] {dag.py:3508} INFO - Setting next_dagrun for example_subdag_operator.section-2 to None, run_after=None
[2023-08-09T12:05:54.928+0000] {logging_mixin.py:150} INFO - [2023-08-09T12:05:54.927+0000] {dag.py:2742} INFO - Sync 2 DAGs
[2023-08-09T12:05:54.931+0000] {logging_mixin.py:150} INFO - [2023-08-09T12:05:54.930+0000] {dag.py:3508} INFO - Setting next_dagrun for example_subdag_operator.section-1 to None, run_after=None
[2023-08-09T12:05:54.931+0000] {logging_mixin.py:150} INFO - [2023-08-09T12:05:54.931+0000] {dag.py:3508} INFO - Setting next_dagrun for example_subdag_operator.section-2 to None, run_after=None
[2023-08-09T12:05:54.937+0000] {processor.py:179} INFO - Processing /home/airflow/.local/lib/python3.7/site-packages/airflow/example_dags/example_subdag_operator.py took 0.065 seconds
[2023-08-09T12:06:25.172+0000] {processor.py:157} INFO - Started process (PID=409) to work on /home/airflow/.local/lib/python3.7/site-packages/airflow/example_dags/example_subdag_operator.py
[2023-08-09T12:06:25.173+0000] {processor.py:826} INFO - Processing file /home/airflow/.local/lib/python3.7/site-packages/airflow/example_dags/example_subdag_operator.py for tasks to queue
[2023-08-09T12:06:25.174+0000] {logging_mixin.py:150} INFO - [2023-08-09T12:06:25.174+0000] {dagbag.py:541} INFO - Filling up the DagBag from /home/airflow/.local/lib/python3.7/site-packages/airflow/example_dags/example_subdag_operator.py
[2023-08-09T12:06:25.191+0000] {processor.py:836} INFO - DAG(s) dict_keys(['example_subdag_operator.section-1', 'example_subdag_operator.section-2', 'example_subdag_operator']) retrieved from /home/airflow/.local/lib/python3.7/site-packages/airflow/example_dags/example_subdag_operator.py
[2023-08-09T12:06:25.202+0000] {logging_mixin.py:150} INFO - [2023-08-09T12:06:25.202+0000] {dag.py:2742} INFO - Sync 3 DAGs
[2023-08-09T12:06:25.216+0000] {logging_mixin.py:150} INFO - [2023-08-09T12:06:25.216+0000] {dag.py:3508} INFO - Setting next_dagrun for example_subdag_operator to 2022-01-01T00:00:00+00:00, run_after=2022-01-01T00:00:00+00:00
[2023-08-09T12:06:25.218+0000] {logging_mixin.py:150} INFO - [2023-08-09T12:06:25.218+0000] {dag.py:3508} INFO - Setting next_dagrun for example_subdag_operator.section-1 to None, run_after=None
[2023-08-09T12:06:25.220+0000] {logging_mixin.py:150} INFO - [2023-08-09T12:06:25.219+0000] {dag.py:3508} INFO - Setting next_dagrun for example_subdag_operator.section-2 to None, run_after=None
[2023-08-09T12:06:25.224+0000] {logging_mixin.py:150} INFO - [2023-08-09T12:06:25.224+0000] {dag.py:2742} INFO - Sync 2 DAGs
[2023-08-09T12:06:25.227+0000] {logging_mixin.py:150} INFO - [2023-08-09T12:06:25.227+0000] {dag.py:3508} INFO - Setting next_dagrun for example_subdag_operator.section-1 to None, run_after=None
[2023-08-09T12:06:25.227+0000] {logging_mixin.py:150} INFO - [2023-08-09T12:06:25.227+0000] {dag.py:3508} INFO - Setting next_dagrun for example_subdag_operator.section-2 to None, run_after=None
[2023-08-09T12:06:25.233+0000] {processor.py:179} INFO - Processing /home/airflow/.local/lib/python3.7/site-packages/airflow/example_dags/example_subdag_operator.py took 0.064 seconds
[2023-08-09T12:06:55.465+0000] {processor.py:157} INFO - Started process (PID=468) to work on /home/airflow/.local/lib/python3.7/site-packages/airflow/example_dags/example_subdag_operator.py
[2023-08-09T12:06:55.466+0000] {processor.py:826} INFO - Processing file /home/airflow/.local/lib/python3.7/site-packages/airflow/example_dags/example_subdag_operator.py for tasks to queue
[2023-08-09T12:06:55.467+0000] {logging_mixin.py:150} INFO - [2023-08-09T12:06:55.467+0000] {dagbag.py:541} INFO - Filling up the DagBag from /home/airflow/.local/lib/python3.7/site-packages/airflow/example_dags/example_subdag_operator.py
[2023-08-09T12:06:55.485+0000] {processor.py:836} INFO - DAG(s) dict_keys(['example_subdag_operator.section-1', 'example_subdag_operator.section-2', 'example_subdag_operator']) retrieved from /home/airflow/.local/lib/python3.7/site-packages/airflow/example_dags/example_subdag_operator.py
[2023-08-09T12:06:55.497+0000] {logging_mixin.py:150} INFO - [2023-08-09T12:06:55.497+0000] {dag.py:2742} INFO - Sync 3 DAGs
[2023-08-09T12:06:55.511+0000] {logging_mixin.py:150} INFO - [2023-08-09T12:06:55.511+0000] {dag.py:3508} INFO - Setting next_dagrun for example_subdag_operator to 2022-01-01T00:00:00+00:00, run_after=2022-01-01T00:00:00+00:00
[2023-08-09T12:06:55.513+0000] {logging_mixin.py:150} INFO - [2023-08-09T12:06:55.513+0000] {dag.py:3508} INFO - Setting next_dagrun for example_subdag_operator.section-1 to None, run_after=None
[2023-08-09T12:06:55.514+0000] {logging_mixin.py:150} INFO - [2023-08-09T12:06:55.514+0000] {dag.py:3508} INFO - Setting next_dagrun for example_subdag_operator.section-2 to None, run_after=None
[2023-08-09T12:06:55.518+0000] {logging_mixin.py:150} INFO - [2023-08-09T12:06:55.518+0000] {dag.py:2742} INFO - Sync 2 DAGs
[2023-08-09T12:06:55.521+0000] {logging_mixin.py:150} INFO - [2023-08-09T12:06:55.521+0000] {dag.py:3508} INFO - Setting next_dagrun for example_subdag_operator.section-1 to None, run_after=None
[2023-08-09T12:06:55.522+0000] {logging_mixin.py:150} INFO - [2023-08-09T12:06:55.522+0000] {dag.py:3508} INFO - Setting next_dagrun for example_subdag_operator.section-2 to None, run_after=None
[2023-08-09T12:06:55.527+0000] {processor.py:179} INFO - Processing /home/airflow/.local/lib/python3.7/site-packages/airflow/example_dags/example_subdag_operator.py took 0.065 seconds
[2023-08-09T12:07:27.889+0000] {processor.py:157} INFO - Started process (PID=527) to work on /home/airflow/.local/lib/python3.7/site-packages/airflow/example_dags/example_subdag_operator.py
[2023-08-09T12:07:27.890+0000] {processor.py:826} INFO - Processing file /home/airflow/.local/lib/python3.7/site-packages/airflow/example_dags/example_subdag_operator.py for tasks to queue
[2023-08-09T12:07:27.891+0000] {logging_mixin.py:150} INFO - [2023-08-09T12:07:27.890+0000] {dagbag.py:541} INFO - Filling up the DagBag from /home/airflow/.local/lib/python3.7/site-packages/airflow/example_dags/example_subdag_operator.py
[2023-08-09T12:07:27.908+0000] {processor.py:836} INFO - DAG(s) dict_keys(['example_subdag_operator.section-1', 'example_subdag_operator.section-2', 'example_subdag_operator']) retrieved from /home/airflow/.local/lib/python3.7/site-packages/airflow/example_dags/example_subdag_operator.py
[2023-08-09T12:07:27.919+0000] {logging_mixin.py:150} INFO - [2023-08-09T12:07:27.919+0000] {dag.py:2742} INFO - Sync 3 DAGs
[2023-08-09T12:07:27.934+0000] {logging_mixin.py:150} INFO - [2023-08-09T12:07:27.934+0000] {dag.py:3508} INFO - Setting next_dagrun for example_subdag_operator to 2022-01-01T00:00:00+00:00, run_after=2022-01-01T00:00:00+00:00
[2023-08-09T12:07:27.936+0000] {logging_mixin.py:150} INFO - [2023-08-09T12:07:27.936+0000] {dag.py:3508} INFO - Setting next_dagrun for example_subdag_operator.section-1 to None, run_after=None
[2023-08-09T12:07:27.937+0000] {logging_mixin.py:150} INFO - [2023-08-09T12:07:27.937+0000] {dag.py:3508} INFO - Setting next_dagrun for example_subdag_operator.section-2 to None, run_after=None
[2023-08-09T12:07:27.941+0000] {logging_mixin.py:150} INFO - [2023-08-09T12:07:27.941+0000] {dag.py:2742} INFO - Sync 2 DAGs
[2023-08-09T12:07:27.945+0000] {logging_mixin.py:150} INFO - [2023-08-09T12:07:27.945+0000] {dag.py:3508} INFO - Setting next_dagrun for example_subdag_operator.section-1 to None, run_after=None
[2023-08-09T12:07:27.945+0000] {logging_mixin.py:150} INFO - [2023-08-09T12:07:27.945+0000] {dag.py:3508} INFO - Setting next_dagrun for example_subdag_operator.section-2 to None, run_after=None
[2023-08-09T12:07:27.951+0000] {processor.py:179} INFO - Processing /home/airflow/.local/lib/python3.7/site-packages/airflow/example_dags/example_subdag_operator.py took 0.065 seconds
[2023-08-09T12:16:43.834+0000] {processor.py:157} INFO - Started process (PID=588) to work on /home/airflow/.local/lib/python3.7/site-packages/airflow/example_dags/example_subdag_operator.py
[2023-08-09T12:16:43.835+0000] {processor.py:826} INFO - Processing file /home/airflow/.local/lib/python3.7/site-packages/airflow/example_dags/example_subdag_operator.py for tasks to queue
[2023-08-09T12:16:43.836+0000] {logging_mixin.py:150} INFO - [2023-08-09T12:16:43.836+0000] {dagbag.py:541} INFO - Filling up the DagBag from /home/airflow/.local/lib/python3.7/site-packages/airflow/example_dags/example_subdag_operator.py
[2023-08-09T12:16:43.857+0000] {processor.py:836} INFO - DAG(s) dict_keys(['example_subdag_operator.section-1', 'example_subdag_operator.section-2', 'example_subdag_operator']) retrieved from /home/airflow/.local/lib/python3.7/site-packages/airflow/example_dags/example_subdag_operator.py
[2023-08-09T12:16:43.870+0000] {logging_mixin.py:150} INFO - [2023-08-09T12:16:43.870+0000] {dag.py:2742} INFO - Sync 3 DAGs
[2023-08-09T12:16:43.890+0000] {logging_mixin.py:150} INFO - [2023-08-09T12:16:43.890+0000] {dag.py:3508} INFO - Setting next_dagrun for example_subdag_operator to 2022-01-01T00:00:00+00:00, run_after=2022-01-01T00:00:00+00:00
[2023-08-09T12:16:43.893+0000] {logging_mixin.py:150} INFO - [2023-08-09T12:16:43.893+0000] {dag.py:3508} INFO - Setting next_dagrun for example_subdag_operator.section-1 to None, run_after=None
[2023-08-09T12:16:43.894+0000] {logging_mixin.py:150} INFO - [2023-08-09T12:16:43.894+0000] {dag.py:3508} INFO - Setting next_dagrun for example_subdag_operator.section-2 to None, run_after=None
[2023-08-09T12:16:43.899+0000] {logging_mixin.py:150} INFO - [2023-08-09T12:16:43.899+0000] {dag.py:2742} INFO - Sync 2 DAGs
[2023-08-09T12:16:43.903+0000] {logging_mixin.py:150} INFO - [2023-08-09T12:16:43.903+0000] {dag.py:3508} INFO - Setting next_dagrun for example_subdag_operator.section-1 to None, run_after=None
[2023-08-09T12:16:43.904+0000] {logging_mixin.py:150} INFO - [2023-08-09T12:16:43.904+0000] {dag.py:3508} INFO - Setting next_dagrun for example_subdag_operator.section-2 to None, run_after=None
[2023-08-09T12:16:43.911+0000] {processor.py:179} INFO - Processing /home/airflow/.local/lib/python3.7/site-packages/airflow/example_dags/example_subdag_operator.py took 0.080 seconds
[2023-08-09T12:17:14.902+0000] {processor.py:157} INFO - Started process (PID=647) to work on /home/airflow/.local/lib/python3.7/site-packages/airflow/example_dags/example_subdag_operator.py
[2023-08-09T12:17:14.904+0000] {processor.py:826} INFO - Processing file /home/airflow/.local/lib/python3.7/site-packages/airflow/example_dags/example_subdag_operator.py for tasks to queue
[2023-08-09T12:17:14.905+0000] {logging_mixin.py:150} INFO - [2023-08-09T12:17:14.905+0000] {dagbag.py:541} INFO - Filling up the DagBag from /home/airflow/.local/lib/python3.7/site-packages/airflow/example_dags/example_subdag_operator.py
[2023-08-09T12:17:14.931+0000] {processor.py:836} INFO - DAG(s) dict_keys(['example_subdag_operator.section-1', 'example_subdag_operator.section-2', 'example_subdag_operator']) retrieved from /home/airflow/.local/lib/python3.7/site-packages/airflow/example_dags/example_subdag_operator.py
[2023-08-09T12:17:14.942+0000] {logging_mixin.py:150} INFO - [2023-08-09T12:17:14.942+0000] {dag.py:2742} INFO - Sync 3 DAGs
[2023-08-09T12:17:14.956+0000] {logging_mixin.py:150} INFO - [2023-08-09T12:17:14.956+0000] {dag.py:3508} INFO - Setting next_dagrun for example_subdag_operator to 2022-01-01T00:00:00+00:00, run_after=2022-01-01T00:00:00+00:00
[2023-08-09T12:17:14.959+0000] {logging_mixin.py:150} INFO - [2023-08-09T12:17:14.959+0000] {dag.py:3508} INFO - Setting next_dagrun for example_subdag_operator.section-1 to None, run_after=None
[2023-08-09T12:17:14.960+0000] {logging_mixin.py:150} INFO - [2023-08-09T12:17:14.960+0000] {dag.py:3508} INFO - Setting next_dagrun for example_subdag_operator.section-2 to None, run_after=None
[2023-08-09T12:17:14.964+0000] {logging_mixin.py:150} INFO - [2023-08-09T12:17:14.964+0000] {dag.py:2742} INFO - Sync 2 DAGs
[2023-08-09T12:17:14.968+0000] {logging_mixin.py:150} INFO - [2023-08-09T12:17:14.967+0000] {dag.py:3508} INFO - Setting next_dagrun for example_subdag_operator.section-1 to None, run_after=None
[2023-08-09T12:17:14.968+0000] {logging_mixin.py:150} INFO - [2023-08-09T12:17:14.968+0000] {dag.py:3508} INFO - Setting next_dagrun for example_subdag_operator.section-2 to None, run_after=None
[2023-08-09T12:17:14.975+0000] {processor.py:179} INFO - Processing /home/airflow/.local/lib/python3.7/site-packages/airflow/example_dags/example_subdag_operator.py took 0.079 seconds
[2023-08-09T12:33:46.545+0000] {processor.py:157} INFO - Started process (PID=706) to work on /home/airflow/.local/lib/python3.7/site-packages/airflow/example_dags/example_subdag_operator.py
[2023-08-09T12:33:46.546+0000] {processor.py:826} INFO - Processing file /home/airflow/.local/lib/python3.7/site-packages/airflow/example_dags/example_subdag_operator.py for tasks to queue
[2023-08-09T12:33:46.547+0000] {logging_mixin.py:150} INFO - [2023-08-09T12:33:46.547+0000] {dagbag.py:541} INFO - Filling up the DagBag from /home/airflow/.local/lib/python3.7/site-packages/airflow/example_dags/example_subdag_operator.py
[2023-08-09T12:33:46.566+0000] {processor.py:836} INFO - DAG(s) dict_keys(['example_subdag_operator.section-1', 'example_subdag_operator.section-2', 'example_subdag_operator']) retrieved from /home/airflow/.local/lib/python3.7/site-packages/airflow/example_dags/example_subdag_operator.py
[2023-08-09T12:33:46.577+0000] {logging_mixin.py:150} INFO - [2023-08-09T12:33:46.577+0000] {dag.py:2742} INFO - Sync 3 DAGs
[2023-08-09T12:33:46.591+0000] {logging_mixin.py:150} INFO - [2023-08-09T12:33:46.591+0000] {dag.py:3508} INFO - Setting next_dagrun for example_subdag_operator to 2022-01-01T00:00:00+00:00, run_after=2022-01-01T00:00:00+00:00
[2023-08-09T12:33:46.594+0000] {logging_mixin.py:150} INFO - [2023-08-09T12:33:46.594+0000] {dag.py:3508} INFO - Setting next_dagrun for example_subdag_operator.section-1 to None, run_after=None
[2023-08-09T12:33:46.595+0000] {logging_mixin.py:150} INFO - [2023-08-09T12:33:46.595+0000] {dag.py:3508} INFO - Setting next_dagrun for example_subdag_operator.section-2 to None, run_after=None
[2023-08-09T12:33:46.599+0000] {logging_mixin.py:150} INFO - [2023-08-09T12:33:46.599+0000] {dag.py:2742} INFO - Sync 2 DAGs
[2023-08-09T12:33:46.602+0000] {logging_mixin.py:150} INFO - [2023-08-09T12:33:46.602+0000] {dag.py:3508} INFO - Setting next_dagrun for example_subdag_operator.section-1 to None, run_after=None
[2023-08-09T12:33:46.603+0000] {logging_mixin.py:150} INFO - [2023-08-09T12:33:46.602+0000] {dag.py:3508} INFO - Setting next_dagrun for example_subdag_operator.section-2 to None, run_after=None
[2023-08-09T12:33:46.611+0000] {processor.py:179} INFO - Processing /home/airflow/.local/lib/python3.7/site-packages/airflow/example_dags/example_subdag_operator.py took 0.068 seconds
[2023-08-09T13:56:51.705+0000] {processor.py:157} INFO - Started process (PID=765) to work on /home/airflow/.local/lib/python3.7/site-packages/airflow/example_dags/example_subdag_operator.py
[2023-08-09T13:56:51.706+0000] {processor.py:826} INFO - Processing file /home/airflow/.local/lib/python3.7/site-packages/airflow/example_dags/example_subdag_operator.py for tasks to queue
[2023-08-09T13:56:51.707+0000] {logging_mixin.py:150} INFO - [2023-08-09T13:56:51.707+0000] {dagbag.py:541} INFO - Filling up the DagBag from /home/airflow/.local/lib/python3.7/site-packages/airflow/example_dags/example_subdag_operator.py
[2023-08-09T13:56:51.724+0000] {processor.py:836} INFO - DAG(s) dict_keys(['example_subdag_operator.section-1', 'example_subdag_operator.section-2', 'example_subdag_operator']) retrieved from /home/airflow/.local/lib/python3.7/site-packages/airflow/example_dags/example_subdag_operator.py
[2023-08-09T13:56:51.735+0000] {logging_mixin.py:150} INFO - [2023-08-09T13:56:51.735+0000] {dag.py:2742} INFO - Sync 3 DAGs
[2023-08-09T13:56:51.749+0000] {logging_mixin.py:150} INFO - [2023-08-09T13:56:51.749+0000] {dag.py:3508} INFO - Setting next_dagrun for example_subdag_operator to 2022-01-01T00:00:00+00:00, run_after=2022-01-01T00:00:00+00:00
[2023-08-09T13:56:51.751+0000] {logging_mixin.py:150} INFO - [2023-08-09T13:56:51.751+0000] {dag.py:3508} INFO - Setting next_dagrun for example_subdag_operator.section-1 to None, run_after=None
[2023-08-09T13:56:51.752+0000] {logging_mixin.py:150} INFO - [2023-08-09T13:56:51.752+0000] {dag.py:3508} INFO - Setting next_dagrun for example_subdag_operator.section-2 to None, run_after=None
[2023-08-09T13:56:51.756+0000] {logging_mixin.py:150} INFO - [2023-08-09T13:56:51.756+0000] {dag.py:2742} INFO - Sync 2 DAGs
[2023-08-09T13:56:51.758+0000] {logging_mixin.py:150} INFO - [2023-08-09T13:56:51.758+0000] {dag.py:3508} INFO - Setting next_dagrun for example_subdag_operator.section-1 to None, run_after=None
[2023-08-09T13:56:51.759+0000] {logging_mixin.py:150} INFO - [2023-08-09T13:56:51.759+0000] {dag.py:3508} INFO - Setting next_dagrun for example_subdag_operator.section-2 to None, run_after=None
[2023-08-09T13:56:51.764+0000] {processor.py:179} INFO - Processing /home/airflow/.local/lib/python3.7/site-packages/airflow/example_dags/example_subdag_operator.py took 0.062 seconds
[2023-08-09T14:58:25.905+0000] {processor.py:157} INFO - Started process (PID=824) to work on /home/airflow/.local/lib/python3.7/site-packages/airflow/example_dags/example_subdag_operator.py
[2023-08-09T14:58:25.906+0000] {processor.py:826} INFO - Processing file /home/airflow/.local/lib/python3.7/site-packages/airflow/example_dags/example_subdag_operator.py for tasks to queue
[2023-08-09T14:58:25.907+0000] {logging_mixin.py:150} INFO - [2023-08-09T14:58:25.907+0000] {dagbag.py:541} INFO - Filling up the DagBag from /home/airflow/.local/lib/python3.7/site-packages/airflow/example_dags/example_subdag_operator.py
[2023-08-09T14:58:25.924+0000] {processor.py:836} INFO - DAG(s) dict_keys(['example_subdag_operator.section-1', 'example_subdag_operator.section-2', 'example_subdag_operator']) retrieved from /home/airflow/.local/lib/python3.7/site-packages/airflow/example_dags/example_subdag_operator.py
[2023-08-09T14:58:25.935+0000] {logging_mixin.py:150} INFO - [2023-08-09T14:58:25.935+0000] {dag.py:2742} INFO - Sync 3 DAGs
[2023-08-09T14:58:25.948+0000] {logging_mixin.py:150} INFO - [2023-08-09T14:58:25.948+0000] {dag.py:3508} INFO - Setting next_dagrun for example_subdag_operator to 2022-01-01T00:00:00+00:00, run_after=2022-01-01T00:00:00+00:00
[2023-08-09T14:58:25.950+0000] {logging_mixin.py:150} INFO - [2023-08-09T14:58:25.950+0000] {dag.py:3508} INFO - Setting next_dagrun for example_subdag_operator.section-1 to None, run_after=None
[2023-08-09T14:58:25.951+0000] {logging_mixin.py:150} INFO - [2023-08-09T14:58:25.951+0000] {dag.py:3508} INFO - Setting next_dagrun for example_subdag_operator.section-2 to None, run_after=None
[2023-08-09T14:58:25.955+0000] {logging_mixin.py:150} INFO - [2023-08-09T14:58:25.955+0000] {dag.py:2742} INFO - Sync 2 DAGs
[2023-08-09T14:58:25.958+0000] {logging_mixin.py:150} INFO - [2023-08-09T14:58:25.957+0000] {dag.py:3508} INFO - Setting next_dagrun for example_subdag_operator.section-1 to None, run_after=None
[2023-08-09T14:58:25.958+0000] {logging_mixin.py:150} INFO - [2023-08-09T14:58:25.958+0000] {dag.py:3508} INFO - Setting next_dagrun for example_subdag_operator.section-2 to None, run_after=None
[2023-08-09T14:58:25.963+0000] {processor.py:179} INFO - Processing /home/airflow/.local/lib/python3.7/site-packages/airflow/example_dags/example_subdag_operator.py took 0.061 seconds
[2023-08-09T14:58:58.948+0000] {processor.py:157} INFO - Started process (PID=884) to work on /home/airflow/.local/lib/python3.7/site-packages/airflow/example_dags/example_subdag_operator.py
[2023-08-09T14:58:58.949+0000] {processor.py:826} INFO - Processing file /home/airflow/.local/lib/python3.7/site-packages/airflow/example_dags/example_subdag_operator.py for tasks to queue
[2023-08-09T14:58:58.950+0000] {logging_mixin.py:150} INFO - [2023-08-09T14:58:58.950+0000] {dagbag.py:541} INFO - Filling up the DagBag from /home/airflow/.local/lib/python3.7/site-packages/airflow/example_dags/example_subdag_operator.py
[2023-08-09T14:58:58.970+0000] {processor.py:836} INFO - DAG(s) dict_keys(['example_subdag_operator.section-1', 'example_subdag_operator.section-2', 'example_subdag_operator']) retrieved from /home/airflow/.local/lib/python3.7/site-packages/airflow/example_dags/example_subdag_operator.py
[2023-08-09T14:58:58.982+0000] {logging_mixin.py:150} INFO - [2023-08-09T14:58:58.982+0000] {dag.py:2742} INFO - Sync 3 DAGs
[2023-08-09T14:58:58.996+0000] {logging_mixin.py:150} INFO - [2023-08-09T14:58:58.996+0000] {dag.py:3508} INFO - Setting next_dagrun for example_subdag_operator to 2022-01-01T00:00:00+00:00, run_after=2022-01-01T00:00:00+00:00
[2023-08-09T14:58:58.998+0000] {logging_mixin.py:150} INFO - [2023-08-09T14:58:58.998+0000] {dag.py:3508} INFO - Setting next_dagrun for example_subdag_operator.section-1 to None, run_after=None
[2023-08-09T14:58:59.000+0000] {logging_mixin.py:150} INFO - [2023-08-09T14:58:58.999+0000] {dag.py:3508} INFO - Setting next_dagrun for example_subdag_operator.section-2 to None, run_after=None
[2023-08-09T14:58:59.004+0000] {logging_mixin.py:150} INFO - [2023-08-09T14:58:59.004+0000] {dag.py:2742} INFO - Sync 2 DAGs
[2023-08-09T14:58:59.007+0000] {logging_mixin.py:150} INFO - [2023-08-09T14:58:59.007+0000] {dag.py:3508} INFO - Setting next_dagrun for example_subdag_operator.section-1 to None, run_after=None
[2023-08-09T14:58:59.008+0000] {logging_mixin.py:150} INFO - [2023-08-09T14:58:59.008+0000] {dag.py:3508} INFO - Setting next_dagrun for example_subdag_operator.section-2 to None, run_after=None
[2023-08-09T14:58:59.013+0000] {processor.py:179} INFO - Processing /home/airflow/.local/lib/python3.7/site-packages/airflow/example_dags/example_subdag_operator.py took 0.069 seconds
[2023-08-09T16:16:43.212+0000] {processor.py:157} INFO - Started process (PID=943) to work on /home/airflow/.local/lib/python3.7/site-packages/airflow/example_dags/example_subdag_operator.py
[2023-08-09T16:16:43.213+0000] {processor.py:826} INFO - Processing file /home/airflow/.local/lib/python3.7/site-packages/airflow/example_dags/example_subdag_operator.py for tasks to queue
[2023-08-09T16:16:43.214+0000] {logging_mixin.py:150} INFO - [2023-08-09T16:16:43.213+0000] {dagbag.py:541} INFO - Filling up the DagBag from /home/airflow/.local/lib/python3.7/site-packages/airflow/example_dags/example_subdag_operator.py
[2023-08-09T16:16:43.231+0000] {processor.py:836} INFO - DAG(s) dict_keys(['example_subdag_operator.section-1', 'example_subdag_operator.section-2', 'example_subdag_operator']) retrieved from /home/airflow/.local/lib/python3.7/site-packages/airflow/example_dags/example_subdag_operator.py
[2023-08-09T16:16:43.242+0000] {logging_mixin.py:150} INFO - [2023-08-09T16:16:43.242+0000] {dag.py:2742} INFO - Sync 3 DAGs
[2023-08-09T16:16:43.256+0000] {logging_mixin.py:150} INFO - [2023-08-09T16:16:43.256+0000] {dag.py:3508} INFO - Setting next_dagrun for example_subdag_operator to 2022-01-01T00:00:00+00:00, run_after=2022-01-01T00:00:00+00:00
[2023-08-09T16:16:43.258+0000] {logging_mixin.py:150} INFO - [2023-08-09T16:16:43.258+0000] {dag.py:3508} INFO - Setting next_dagrun for example_subdag_operator.section-1 to None, run_after=None
[2023-08-09T16:16:43.259+0000] {logging_mixin.py:150} INFO - [2023-08-09T16:16:43.259+0000] {dag.py:3508} INFO - Setting next_dagrun for example_subdag_operator.section-2 to None, run_after=None
[2023-08-09T16:16:43.264+0000] {logging_mixin.py:150} INFO - [2023-08-09T16:16:43.264+0000] {dag.py:2742} INFO - Sync 2 DAGs
[2023-08-09T16:16:43.267+0000] {logging_mixin.py:150} INFO - [2023-08-09T16:16:43.267+0000] {dag.py:3508} INFO - Setting next_dagrun for example_subdag_operator.section-1 to None, run_after=None
[2023-08-09T16:16:43.267+0000] {logging_mixin.py:150} INFO - [2023-08-09T16:16:43.267+0000] {dag.py:3508} INFO - Setting next_dagrun for example_subdag_operator.section-2 to None, run_after=None
[2023-08-09T16:16:43.273+0000] {processor.py:179} INFO - Processing /home/airflow/.local/lib/python3.7/site-packages/airflow/example_dags/example_subdag_operator.py took 0.064 seconds
[2023-08-09T17:36:41.316+0000] {processor.py:157} INFO - Started process (PID=1002) to work on /home/airflow/.local/lib/python3.7/site-packages/airflow/example_dags/example_subdag_operator.py
[2023-08-09T17:36:41.317+0000] {processor.py:826} INFO - Processing file /home/airflow/.local/lib/python3.7/site-packages/airflow/example_dags/example_subdag_operator.py for tasks to queue
[2023-08-09T17:36:41.318+0000] {logging_mixin.py:150} INFO - [2023-08-09T17:36:41.318+0000] {dagbag.py:541} INFO - Filling up the DagBag from /home/airflow/.local/lib/python3.7/site-packages/airflow/example_dags/example_subdag_operator.py
[2023-08-09T17:36:41.339+0000] {processor.py:836} INFO - DAG(s) dict_keys(['example_subdag_operator.section-1', 'example_subdag_operator.section-2', 'example_subdag_operator']) retrieved from /home/airflow/.local/lib/python3.7/site-packages/airflow/example_dags/example_subdag_operator.py
[2023-08-09T17:36:41.352+0000] {logging_mixin.py:150} INFO - [2023-08-09T17:36:41.352+0000] {dag.py:2742} INFO - Sync 3 DAGs
[2023-08-09T17:36:41.368+0000] {logging_mixin.py:150} INFO - [2023-08-09T17:36:41.367+0000] {dag.py:3508} INFO - Setting next_dagrun for example_subdag_operator to 2022-01-01T00:00:00+00:00, run_after=2022-01-01T00:00:00+00:00
[2023-08-09T17:36:41.370+0000] {logging_mixin.py:150} INFO - [2023-08-09T17:36:41.370+0000] {dag.py:3508} INFO - Setting next_dagrun for example_subdag_operator.section-1 to None, run_after=None
[2023-08-09T17:36:41.371+0000] {logging_mixin.py:150} INFO - [2023-08-09T17:36:41.371+0000] {dag.py:3508} INFO - Setting next_dagrun for example_subdag_operator.section-2 to None, run_after=None
[2023-08-09T17:36:41.376+0000] {logging_mixin.py:150} INFO - [2023-08-09T17:36:41.376+0000] {dag.py:2742} INFO - Sync 2 DAGs
[2023-08-09T17:36:41.379+0000] {logging_mixin.py:150} INFO - [2023-08-09T17:36:41.379+0000] {dag.py:3508} INFO - Setting next_dagrun for example_subdag_operator.section-1 to None, run_after=None
[2023-08-09T17:36:41.380+0000] {logging_mixin.py:150} INFO - [2023-08-09T17:36:41.380+0000] {dag.py:3508} INFO - Setting next_dagrun for example_subdag_operator.section-2 to None, run_after=None
[2023-08-09T17:36:41.386+0000] {processor.py:179} INFO - Processing /home/airflow/.local/lib/python3.7/site-packages/airflow/example_dags/example_subdag_operator.py took 0.073 seconds
[2023-08-09T18:58:23.884+0000] {processor.py:157} INFO - Started process (PID=1061) to work on /home/airflow/.local/lib/python3.7/site-packages/airflow/example_dags/example_subdag_operator.py
[2023-08-09T18:58:23.885+0000] {processor.py:826} INFO - Processing file /home/airflow/.local/lib/python3.7/site-packages/airflow/example_dags/example_subdag_operator.py for tasks to queue
[2023-08-09T18:58:23.886+0000] {logging_mixin.py:150} INFO - [2023-08-09T18:58:23.886+0000] {dagbag.py:541} INFO - Filling up the DagBag from /home/airflow/.local/lib/python3.7/site-packages/airflow/example_dags/example_subdag_operator.py
[2023-08-09T18:58:23.903+0000] {processor.py:836} INFO - DAG(s) dict_keys(['example_subdag_operator.section-1', 'example_subdag_operator.section-2', 'example_subdag_operator']) retrieved from /home/airflow/.local/lib/python3.7/site-packages/airflow/example_dags/example_subdag_operator.py
[2023-08-09T18:58:23.914+0000] {logging_mixin.py:150} INFO - [2023-08-09T18:58:23.914+0000] {dag.py:2742} INFO - Sync 3 DAGs
[2023-08-09T18:58:23.928+0000] {logging_mixin.py:150} INFO - [2023-08-09T18:58:23.928+0000] {dag.py:3508} INFO - Setting next_dagrun for example_subdag_operator to 2022-01-01T00:00:00+00:00, run_after=2022-01-01T00:00:00+00:00
[2023-08-09T18:58:23.930+0000] {logging_mixin.py:150} INFO - [2023-08-09T18:58:23.930+0000] {dag.py:3508} INFO - Setting next_dagrun for example_subdag_operator.section-1 to None, run_after=None
[2023-08-09T18:58:23.931+0000] {logging_mixin.py:150} INFO - [2023-08-09T18:58:23.931+0000] {dag.py:3508} INFO - Setting next_dagrun for example_subdag_operator.section-2 to None, run_after=None
[2023-08-09T18:58:23.936+0000] {logging_mixin.py:150} INFO - [2023-08-09T18:58:23.935+0000] {dag.py:2742} INFO - Sync 2 DAGs
[2023-08-09T18:58:23.939+0000] {logging_mixin.py:150} INFO - [2023-08-09T18:58:23.938+0000] {dag.py:3508} INFO - Setting next_dagrun for example_subdag_operator.section-1 to None, run_after=None
[2023-08-09T18:58:23.939+0000] {logging_mixin.py:150} INFO - [2023-08-09T18:58:23.939+0000] {dag.py:3508} INFO - Setting next_dagrun for example_subdag_operator.section-2 to None, run_after=None
[2023-08-09T18:58:23.944+0000] {processor.py:179} INFO - Processing /home/airflow/.local/lib/python3.7/site-packages/airflow/example_dags/example_subdag_operator.py took 0.063 seconds
[2023-08-09T20:21:03.506+0000] {processor.py:157} INFO - Started process (PID=1120) to work on /home/airflow/.local/lib/python3.7/site-packages/airflow/example_dags/example_subdag_operator.py
[2023-08-09T20:21:03.507+0000] {processor.py:826} INFO - Processing file /home/airflow/.local/lib/python3.7/site-packages/airflow/example_dags/example_subdag_operator.py for tasks to queue
[2023-08-09T20:21:03.508+0000] {logging_mixin.py:150} INFO - [2023-08-09T20:21:03.507+0000] {dagbag.py:541} INFO - Filling up the DagBag from /home/airflow/.local/lib/python3.7/site-packages/airflow/example_dags/example_subdag_operator.py
[2023-08-09T20:21:03.526+0000] {processor.py:836} INFO - DAG(s) dict_keys(['example_subdag_operator.section-1', 'example_subdag_operator.section-2', 'example_subdag_operator']) retrieved from /home/airflow/.local/lib/python3.7/site-packages/airflow/example_dags/example_subdag_operator.py
[2023-08-09T20:21:03.537+0000] {logging_mixin.py:150} INFO - [2023-08-09T20:21:03.537+0000] {dag.py:2742} INFO - Sync 3 DAGs
[2023-08-09T20:21:03.551+0000] {logging_mixin.py:150} INFO - [2023-08-09T20:21:03.550+0000] {dag.py:3508} INFO - Setting next_dagrun for example_subdag_operator to 2022-01-01T00:00:00+00:00, run_after=2022-01-01T00:00:00+00:00
[2023-08-09T20:21:03.553+0000] {logging_mixin.py:150} INFO - [2023-08-09T20:21:03.553+0000] {dag.py:3508} INFO - Setting next_dagrun for example_subdag_operator.section-1 to None, run_after=None
[2023-08-09T20:21:03.554+0000] {logging_mixin.py:150} INFO - [2023-08-09T20:21:03.554+0000] {dag.py:3508} INFO - Setting next_dagrun for example_subdag_operator.section-2 to None, run_after=None
[2023-08-09T20:21:03.558+0000] {logging_mixin.py:150} INFO - [2023-08-09T20:21:03.558+0000] {dag.py:2742} INFO - Sync 2 DAGs
[2023-08-09T20:21:03.561+0000] {logging_mixin.py:150} INFO - [2023-08-09T20:21:03.561+0000] {dag.py:3508} INFO - Setting next_dagrun for example_subdag_operator.section-1 to None, run_after=None
[2023-08-09T20:21:03.561+0000] {logging_mixin.py:150} INFO - [2023-08-09T20:21:03.561+0000] {dag.py:3508} INFO - Setting next_dagrun for example_subdag_operator.section-2 to None, run_after=None
[2023-08-09T20:21:03.567+0000] {processor.py:179} INFO - Processing /home/airflow/.local/lib/python3.7/site-packages/airflow/example_dags/example_subdag_operator.py took 0.064 seconds
[2023-08-09T21:44:56.319+0000] {processor.py:157} INFO - Started process (PID=1179) to work on /home/airflow/.local/lib/python3.7/site-packages/airflow/example_dags/example_subdag_operator.py
[2023-08-09T21:44:56.320+0000] {processor.py:826} INFO - Processing file /home/airflow/.local/lib/python3.7/site-packages/airflow/example_dags/example_subdag_operator.py for tasks to queue
[2023-08-09T21:44:56.321+0000] {logging_mixin.py:150} INFO - [2023-08-09T21:44:56.321+0000] {dagbag.py:541} INFO - Filling up the DagBag from /home/airflow/.local/lib/python3.7/site-packages/airflow/example_dags/example_subdag_operator.py
[2023-08-09T21:44:56.339+0000] {processor.py:836} INFO - DAG(s) dict_keys(['example_subdag_operator.section-1', 'example_subdag_operator.section-2', 'example_subdag_operator']) retrieved from /home/airflow/.local/lib/python3.7/site-packages/airflow/example_dags/example_subdag_operator.py
[2023-08-09T21:44:56.350+0000] {logging_mixin.py:150} INFO - [2023-08-09T21:44:56.350+0000] {dag.py:2742} INFO - Sync 3 DAGs
[2023-08-09T21:44:56.364+0000] {logging_mixin.py:150} INFO - [2023-08-09T21:44:56.364+0000] {dag.py:3508} INFO - Setting next_dagrun for example_subdag_operator to 2022-01-01T00:00:00+00:00, run_after=2022-01-01T00:00:00+00:00
[2023-08-09T21:44:56.366+0000] {logging_mixin.py:150} INFO - [2023-08-09T21:44:56.366+0000] {dag.py:3508} INFO - Setting next_dagrun for example_subdag_operator.section-1 to None, run_after=None
[2023-08-09T21:44:56.367+0000] {logging_mixin.py:150} INFO - [2023-08-09T21:44:56.367+0000] {dag.py:3508} INFO - Setting next_dagrun for example_subdag_operator.section-2 to None, run_after=None
[2023-08-09T21:44:56.372+0000] {logging_mixin.py:150} INFO - [2023-08-09T21:44:56.372+0000] {dag.py:2742} INFO - Sync 2 DAGs
[2023-08-09T21:44:56.375+0000] {logging_mixin.py:150} INFO - [2023-08-09T21:44:56.375+0000] {dag.py:3508} INFO - Setting next_dagrun for example_subdag_operator.section-1 to None, run_after=None
[2023-08-09T21:44:56.375+0000] {logging_mixin.py:150} INFO - [2023-08-09T21:44:56.375+0000] {dag.py:3508} INFO - Setting next_dagrun for example_subdag_operator.section-2 to None, run_after=None
[2023-08-09T21:44:56.381+0000] {processor.py:179} INFO - Processing /home/airflow/.local/lib/python3.7/site-packages/airflow/example_dags/example_subdag_operator.py took 0.065 seconds
[2023-08-09T22:36:36.934+0000] {processor.py:157} INFO - Started process (PID=1238) to work on /home/airflow/.local/lib/python3.7/site-packages/airflow/example_dags/example_subdag_operator.py
[2023-08-09T22:36:36.935+0000] {processor.py:826} INFO - Processing file /home/airflow/.local/lib/python3.7/site-packages/airflow/example_dags/example_subdag_operator.py for tasks to queue
[2023-08-09T22:36:36.936+0000] {logging_mixin.py:150} INFO - [2023-08-09T22:36:36.936+0000] {dagbag.py:541} INFO - Filling up the DagBag from /home/airflow/.local/lib/python3.7/site-packages/airflow/example_dags/example_subdag_operator.py
[2023-08-09T22:36:36.953+0000] {processor.py:836} INFO - DAG(s) dict_keys(['example_subdag_operator.section-1', 'example_subdag_operator.section-2', 'example_subdag_operator']) retrieved from /home/airflow/.local/lib/python3.7/site-packages/airflow/example_dags/example_subdag_operator.py
[2023-08-09T22:36:36.964+0000] {logging_mixin.py:150} INFO - [2023-08-09T22:36:36.964+0000] {dag.py:2742} INFO - Sync 3 DAGs
[2023-08-09T22:36:36.977+0000] {logging_mixin.py:150} INFO - [2023-08-09T22:36:36.977+0000] {dag.py:3508} INFO - Setting next_dagrun for example_subdag_operator to 2022-01-01T00:00:00+00:00, run_after=2022-01-01T00:00:00+00:00
[2023-08-09T22:36:36.979+0000] {logging_mixin.py:150} INFO - [2023-08-09T22:36:36.979+0000] {dag.py:3508} INFO - Setting next_dagrun for example_subdag_operator.section-1 to None, run_after=None
[2023-08-09T22:36:36.980+0000] {logging_mixin.py:150} INFO - [2023-08-09T22:36:36.980+0000] {dag.py:3508} INFO - Setting next_dagrun for example_subdag_operator.section-2 to None, run_after=None
[2023-08-09T22:36:36.984+0000] {logging_mixin.py:150} INFO - [2023-08-09T22:36:36.984+0000] {dag.py:2742} INFO - Sync 2 DAGs
[2023-08-09T22:36:36.987+0000] {logging_mixin.py:150} INFO - [2023-08-09T22:36:36.987+0000] {dag.py:3508} INFO - Setting next_dagrun for example_subdag_operator.section-1 to None, run_after=None
[2023-08-09T22:36:36.987+0000] {logging_mixin.py:150} INFO - [2023-08-09T22:36:36.987+0000] {dag.py:3508} INFO - Setting next_dagrun for example_subdag_operator.section-2 to None, run_after=None
[2023-08-09T22:36:36.993+0000] {processor.py:179} INFO - Processing /home/airflow/.local/lib/python3.7/site-packages/airflow/example_dags/example_subdag_operator.py took 0.061 seconds
[2023-08-09T22:37:07.151+0000] {processor.py:157} INFO - Started process (PID=1297) to work on /home/airflow/.local/lib/python3.7/site-packages/airflow/example_dags/example_subdag_operator.py
[2023-08-09T22:37:07.152+0000] {processor.py:826} INFO - Processing file /home/airflow/.local/lib/python3.7/site-packages/airflow/example_dags/example_subdag_operator.py for tasks to queue
[2023-08-09T22:37:07.153+0000] {logging_mixin.py:150} INFO - [2023-08-09T22:37:07.153+0000] {dagbag.py:541} INFO - Filling up the DagBag from /home/airflow/.local/lib/python3.7/site-packages/airflow/example_dags/example_subdag_operator.py
[2023-08-09T22:37:07.171+0000] {processor.py:836} INFO - DAG(s) dict_keys(['example_subdag_operator.section-1', 'example_subdag_operator.section-2', 'example_subdag_operator']) retrieved from /home/airflow/.local/lib/python3.7/site-packages/airflow/example_dags/example_subdag_operator.py
[2023-08-09T22:37:07.182+0000] {logging_mixin.py:150} INFO - [2023-08-09T22:37:07.182+0000] {dag.py:2742} INFO - Sync 3 DAGs
[2023-08-09T22:37:07.196+0000] {logging_mixin.py:150} INFO - [2023-08-09T22:37:07.196+0000] {dag.py:3508} INFO - Setting next_dagrun for example_subdag_operator to 2022-01-01T00:00:00+00:00, run_after=2022-01-01T00:00:00+00:00
[2023-08-09T22:37:07.198+0000] {logging_mixin.py:150} INFO - [2023-08-09T22:37:07.198+0000] {dag.py:3508} INFO - Setting next_dagrun for example_subdag_operator.section-1 to None, run_after=None
[2023-08-09T22:37:07.199+0000] {logging_mixin.py:150} INFO - [2023-08-09T22:37:07.199+0000] {dag.py:3508} INFO - Setting next_dagrun for example_subdag_operator.section-2 to None, run_after=None
[2023-08-09T22:37:07.203+0000] {logging_mixin.py:150} INFO - [2023-08-09T22:37:07.203+0000] {dag.py:2742} INFO - Sync 2 DAGs
[2023-08-09T22:37:07.206+0000] {logging_mixin.py:150} INFO - [2023-08-09T22:37:07.206+0000] {dag.py:3508} INFO - Setting next_dagrun for example_subdag_operator.section-1 to None, run_after=None
[2023-08-09T22:37:07.206+0000] {logging_mixin.py:150} INFO - [2023-08-09T22:37:07.206+0000] {dag.py:3508} INFO - Setting next_dagrun for example_subdag_operator.section-2 to None, run_after=None
[2023-08-09T22:37:07.212+0000] {processor.py:179} INFO - Processing /home/airflow/.local/lib/python3.7/site-packages/airflow/example_dags/example_subdag_operator.py took 0.063 seconds
[2023-08-09T22:37:37.395+0000] {processor.py:157} INFO - Started process (PID=1356) to work on /home/airflow/.local/lib/python3.7/site-packages/airflow/example_dags/example_subdag_operator.py
[2023-08-09T22:37:37.396+0000] {processor.py:826} INFO - Processing file /home/airflow/.local/lib/python3.7/site-packages/airflow/example_dags/example_subdag_operator.py for tasks to queue
[2023-08-09T22:37:37.397+0000] {logging_mixin.py:150} INFO - [2023-08-09T22:37:37.397+0000] {dagbag.py:541} INFO - Filling up the DagBag from /home/airflow/.local/lib/python3.7/site-packages/airflow/example_dags/example_subdag_operator.py
[2023-08-09T22:37:37.415+0000] {processor.py:836} INFO - DAG(s) dict_keys(['example_subdag_operator.section-1', 'example_subdag_operator.section-2', 'example_subdag_operator']) retrieved from /home/airflow/.local/lib/python3.7/site-packages/airflow/example_dags/example_subdag_operator.py
[2023-08-09T22:37:37.425+0000] {logging_mixin.py:150} INFO - [2023-08-09T22:37:37.425+0000] {dag.py:2742} INFO - Sync 3 DAGs
[2023-08-09T22:37:37.440+0000] {logging_mixin.py:150} INFO - [2023-08-09T22:37:37.439+0000] {dag.py:3508} INFO - Setting next_dagrun for example_subdag_operator to 2022-01-01T00:00:00+00:00, run_after=2022-01-01T00:00:00+00:00
[2023-08-09T22:37:37.442+0000] {logging_mixin.py:150} INFO - [2023-08-09T22:37:37.442+0000] {dag.py:3508} INFO - Setting next_dagrun for example_subdag_operator.section-1 to None, run_after=None
[2023-08-09T22:37:37.443+0000] {logging_mixin.py:150} INFO - [2023-08-09T22:37:37.443+0000] {dag.py:3508} INFO - Setting next_dagrun for example_subdag_operator.section-2 to None, run_after=None
[2023-08-09T22:37:37.448+0000] {logging_mixin.py:150} INFO - [2023-08-09T22:37:37.448+0000] {dag.py:2742} INFO - Sync 2 DAGs
[2023-08-09T22:37:37.451+0000] {logging_mixin.py:150} INFO - [2023-08-09T22:37:37.451+0000] {dag.py:3508} INFO - Setting next_dagrun for example_subdag_operator.section-1 to None, run_after=None
[2023-08-09T22:37:37.451+0000] {logging_mixin.py:150} INFO - [2023-08-09T22:37:37.451+0000] {dag.py:3508} INFO - Setting next_dagrun for example_subdag_operator.section-2 to None, run_after=None
[2023-08-09T22:37:37.456+0000] {processor.py:179} INFO - Processing /home/airflow/.local/lib/python3.7/site-packages/airflow/example_dags/example_subdag_operator.py took 0.063 seconds
[2023-08-09T23:31:52.799+0000] {processor.py:157} INFO - Started process (PID=1415) to work on /home/airflow/.local/lib/python3.7/site-packages/airflow/example_dags/example_subdag_operator.py
[2023-08-09T23:31:52.801+0000] {processor.py:826} INFO - Processing file /home/airflow/.local/lib/python3.7/site-packages/airflow/example_dags/example_subdag_operator.py for tasks to queue
[2023-08-09T23:31:52.802+0000] {logging_mixin.py:150} INFO - [2023-08-09T23:31:52.801+0000] {dagbag.py:541} INFO - Filling up the DagBag from /home/airflow/.local/lib/python3.7/site-packages/airflow/example_dags/example_subdag_operator.py
[2023-08-09T23:31:52.819+0000] {processor.py:836} INFO - DAG(s) dict_keys(['example_subdag_operator.section-1', 'example_subdag_operator.section-2', 'example_subdag_operator']) retrieved from /home/airflow/.local/lib/python3.7/site-packages/airflow/example_dags/example_subdag_operator.py
[2023-08-09T23:31:52.829+0000] {logging_mixin.py:150} INFO - [2023-08-09T23:31:52.829+0000] {dag.py:2742} INFO - Sync 3 DAGs
[2023-08-09T23:31:52.842+0000] {logging_mixin.py:150} INFO - [2023-08-09T23:31:52.842+0000] {dag.py:3508} INFO - Setting next_dagrun for example_subdag_operator to 2022-01-01T00:00:00+00:00, run_after=2022-01-01T00:00:00+00:00
[2023-08-09T23:31:52.844+0000] {logging_mixin.py:150} INFO - [2023-08-09T23:31:52.844+0000] {dag.py:3508} INFO - Setting next_dagrun for example_subdag_operator.section-1 to None, run_after=None
[2023-08-09T23:31:52.845+0000] {logging_mixin.py:150} INFO - [2023-08-09T23:31:52.845+0000] {dag.py:3508} INFO - Setting next_dagrun for example_subdag_operator.section-2 to None, run_after=None
[2023-08-09T23:31:52.849+0000] {logging_mixin.py:150} INFO - [2023-08-09T23:31:52.849+0000] {dag.py:2742} INFO - Sync 2 DAGs
[2023-08-09T23:31:52.852+0000] {logging_mixin.py:150} INFO - [2023-08-09T23:31:52.852+0000] {dag.py:3508} INFO - Setting next_dagrun for example_subdag_operator.section-1 to None, run_after=None
[2023-08-09T23:31:52.853+0000] {logging_mixin.py:150} INFO - [2023-08-09T23:31:52.853+0000] {dag.py:3508} INFO - Setting next_dagrun for example_subdag_operator.section-2 to None, run_after=None
[2023-08-09T23:31:52.858+0000] {processor.py:179} INFO - Processing /home/airflow/.local/lib/python3.7/site-packages/airflow/example_dags/example_subdag_operator.py took 0.061 seconds
