[2023-08-09T12:03:23.931+0000] {processor.py:157} INFO - Started process (PID=68) to work on /home/airflow/.local/lib/python3.7/site-packages/airflow/example_dags/example_short_circuit_operator.py
[2023-08-09T12:03:23.933+0000] {processor.py:826} INFO - Processing file /home/airflow/.local/lib/python3.7/site-packages/airflow/example_dags/example_short_circuit_operator.py for tasks to queue
[2023-08-09T12:03:23.934+0000] {logging_mixin.py:150} INFO - [2023-08-09T12:03:23.934+0000] {dagbag.py:541} INFO - Filling up the DagBag from /home/airflow/.local/lib/python3.7/site-packages/airflow/example_dags/example_short_circuit_operator.py
[2023-08-09T12:03:23.945+0000] {processor.py:836} INFO - DAG(s) dict_keys(['example_short_circuit_operator']) retrieved from /home/airflow/.local/lib/python3.7/site-packages/airflow/example_dags/example_short_circuit_operator.py
[2023-08-09T12:03:24.007+0000] {logging_mixin.py:150} INFO - [2023-08-09T12:03:24.006+0000] {dag.py:2742} INFO - Sync 1 DAGs
[2023-08-09T12:03:24.542+0000] {logging_mixin.py:150} INFO - [2023-08-09T12:03:24.542+0000] {dag.py:3508} INFO - Setting next_dagrun for example_short_circuit_operator to 2023-08-08T12:03:24.534917+00:00, run_after=2023-08-09T12:03:24.534917+00:00
[2023-08-09T12:03:24.694+0000] {processor.py:179} INFO - Processing /home/airflow/.local/lib/python3.7/site-packages/airflow/example_dags/example_short_circuit_operator.py took 0.770 seconds
[2023-08-09T12:03:55.314+0000] {processor.py:157} INFO - Started process (PID=127) to work on /home/airflow/.local/lib/python3.7/site-packages/airflow/example_dags/example_short_circuit_operator.py
[2023-08-09T12:03:55.316+0000] {processor.py:826} INFO - Processing file /home/airflow/.local/lib/python3.7/site-packages/airflow/example_dags/example_short_circuit_operator.py for tasks to queue
[2023-08-09T12:03:55.318+0000] {logging_mixin.py:150} INFO - [2023-08-09T12:03:55.317+0000] {dagbag.py:541} INFO - Filling up the DagBag from /home/airflow/.local/lib/python3.7/site-packages/airflow/example_dags/example_short_circuit_operator.py
[2023-08-09T12:03:55.328+0000] {processor.py:836} INFO - DAG(s) dict_keys(['example_short_circuit_operator']) retrieved from /home/airflow/.local/lib/python3.7/site-packages/airflow/example_dags/example_short_circuit_operator.py
[2023-08-09T12:03:55.350+0000] {logging_mixin.py:150} INFO - [2023-08-09T12:03:55.349+0000] {dag.py:2742} INFO - Sync 1 DAGs
[2023-08-09T12:03:55.365+0000] {logging_mixin.py:150} INFO - [2023-08-09T12:03:55.364+0000] {dag.py:3508} INFO - Setting next_dagrun for example_short_circuit_operator to 2023-08-08T12:03:55.364770+00:00, run_after=2023-08-09T12:03:55.364770+00:00
[2023-08-09T12:03:55.374+0000] {processor.py:179} INFO - Processing /home/airflow/.local/lib/python3.7/site-packages/airflow/example_dags/example_short_circuit_operator.py took 0.065 seconds
[2023-08-09T12:04:25.586+0000] {processor.py:157} INFO - Started process (PID=186) to work on /home/airflow/.local/lib/python3.7/site-packages/airflow/example_dags/example_short_circuit_operator.py
[2023-08-09T12:04:25.587+0000] {processor.py:826} INFO - Processing file /home/airflow/.local/lib/python3.7/site-packages/airflow/example_dags/example_short_circuit_operator.py for tasks to queue
[2023-08-09T12:04:25.588+0000] {logging_mixin.py:150} INFO - [2023-08-09T12:04:25.588+0000] {dagbag.py:541} INFO - Filling up the DagBag from /home/airflow/.local/lib/python3.7/site-packages/airflow/example_dags/example_short_circuit_operator.py
[2023-08-09T12:04:25.595+0000] {processor.py:836} INFO - DAG(s) dict_keys(['example_short_circuit_operator']) retrieved from /home/airflow/.local/lib/python3.7/site-packages/airflow/example_dags/example_short_circuit_operator.py
[2023-08-09T12:04:25.615+0000] {logging_mixin.py:150} INFO - [2023-08-09T12:04:25.615+0000] {dag.py:2742} INFO - Sync 1 DAGs
[2023-08-09T12:04:25.632+0000] {logging_mixin.py:150} INFO - [2023-08-09T12:04:25.632+0000] {dag.py:3508} INFO - Setting next_dagrun for example_short_circuit_operator to 2023-08-08T12:04:25.631934+00:00, run_after=2023-08-09T12:04:25.631934+00:00
[2023-08-09T12:04:25.664+0000] {processor.py:179} INFO - Processing /home/airflow/.local/lib/python3.7/site-packages/airflow/example_dags/example_short_circuit_operator.py took 0.081 seconds
[2023-08-09T12:04:55.850+0000] {processor.py:157} INFO - Started process (PID=245) to work on /home/airflow/.local/lib/python3.7/site-packages/airflow/example_dags/example_short_circuit_operator.py
[2023-08-09T12:04:55.852+0000] {processor.py:826} INFO - Processing file /home/airflow/.local/lib/python3.7/site-packages/airflow/example_dags/example_short_circuit_operator.py for tasks to queue
[2023-08-09T12:04:55.853+0000] {logging_mixin.py:150} INFO - [2023-08-09T12:04:55.853+0000] {dagbag.py:541} INFO - Filling up the DagBag from /home/airflow/.local/lib/python3.7/site-packages/airflow/example_dags/example_short_circuit_operator.py
[2023-08-09T12:04:55.863+0000] {processor.py:836} INFO - DAG(s) dict_keys(['example_short_circuit_operator']) retrieved from /home/airflow/.local/lib/python3.7/site-packages/airflow/example_dags/example_short_circuit_operator.py
[2023-08-09T12:04:55.885+0000] {logging_mixin.py:150} INFO - [2023-08-09T12:04:55.885+0000] {dag.py:2742} INFO - Sync 1 DAGs
[2023-08-09T12:04:55.899+0000] {logging_mixin.py:150} INFO - [2023-08-09T12:04:55.899+0000] {dag.py:3508} INFO - Setting next_dagrun for example_short_circuit_operator to 2023-08-08T12:04:55.899689+00:00, run_after=2023-08-09T12:04:55.899689+00:00
[2023-08-09T12:04:55.910+0000] {processor.py:179} INFO - Processing /home/airflow/.local/lib/python3.7/site-packages/airflow/example_dags/example_short_circuit_operator.py took 0.064 seconds
[2023-08-09T12:05:26.180+0000] {processor.py:157} INFO - Started process (PID=304) to work on /home/airflow/.local/lib/python3.7/site-packages/airflow/example_dags/example_short_circuit_operator.py
[2023-08-09T12:05:26.182+0000] {processor.py:826} INFO - Processing file /home/airflow/.local/lib/python3.7/site-packages/airflow/example_dags/example_short_circuit_operator.py for tasks to queue
[2023-08-09T12:05:26.183+0000] {logging_mixin.py:150} INFO - [2023-08-09T12:05:26.183+0000] {dagbag.py:541} INFO - Filling up the DagBag from /home/airflow/.local/lib/python3.7/site-packages/airflow/example_dags/example_short_circuit_operator.py
[2023-08-09T12:05:26.192+0000] {processor.py:836} INFO - DAG(s) dict_keys(['example_short_circuit_operator']) retrieved from /home/airflow/.local/lib/python3.7/site-packages/airflow/example_dags/example_short_circuit_operator.py
[2023-08-09T12:05:26.212+0000] {logging_mixin.py:150} INFO - [2023-08-09T12:05:26.212+0000] {dag.py:2742} INFO - Sync 1 DAGs
[2023-08-09T12:05:26.226+0000] {logging_mixin.py:150} INFO - [2023-08-09T12:05:26.226+0000] {dag.py:3508} INFO - Setting next_dagrun for example_short_circuit_operator to 2023-08-08T12:05:26.226672+00:00, run_after=2023-08-09T12:05:26.226672+00:00
[2023-08-09T12:05:26.236+0000] {processor.py:179} INFO - Processing /home/airflow/.local/lib/python3.7/site-packages/airflow/example_dags/example_short_circuit_operator.py took 0.063 seconds
[2023-08-09T12:05:56.376+0000] {processor.py:157} INFO - Started process (PID=363) to work on /home/airflow/.local/lib/python3.7/site-packages/airflow/example_dags/example_short_circuit_operator.py
[2023-08-09T12:05:56.378+0000] {processor.py:826} INFO - Processing file /home/airflow/.local/lib/python3.7/site-packages/airflow/example_dags/example_short_circuit_operator.py for tasks to queue
[2023-08-09T12:05:56.379+0000] {logging_mixin.py:150} INFO - [2023-08-09T12:05:56.379+0000] {dagbag.py:541} INFO - Filling up the DagBag from /home/airflow/.local/lib/python3.7/site-packages/airflow/example_dags/example_short_circuit_operator.py
[2023-08-09T12:05:56.388+0000] {processor.py:836} INFO - DAG(s) dict_keys(['example_short_circuit_operator']) retrieved from /home/airflow/.local/lib/python3.7/site-packages/airflow/example_dags/example_short_circuit_operator.py
[2023-08-09T12:05:56.410+0000] {logging_mixin.py:150} INFO - [2023-08-09T12:05:56.410+0000] {dag.py:2742} INFO - Sync 1 DAGs
[2023-08-09T12:05:56.424+0000] {logging_mixin.py:150} INFO - [2023-08-09T12:05:56.424+0000] {dag.py:3508} INFO - Setting next_dagrun for example_short_circuit_operator to 2023-08-08T12:05:56.424651+00:00, run_after=2023-08-09T12:05:56.424651+00:00
[2023-08-09T12:05:56.437+0000] {processor.py:179} INFO - Processing /home/airflow/.local/lib/python3.7/site-packages/airflow/example_dags/example_short_circuit_operator.py took 0.066 seconds
[2023-08-09T12:06:26.704+0000] {processor.py:157} INFO - Started process (PID=422) to work on /home/airflow/.local/lib/python3.7/site-packages/airflow/example_dags/example_short_circuit_operator.py
[2023-08-09T12:06:26.706+0000] {processor.py:826} INFO - Processing file /home/airflow/.local/lib/python3.7/site-packages/airflow/example_dags/example_short_circuit_operator.py for tasks to queue
[2023-08-09T12:06:26.707+0000] {logging_mixin.py:150} INFO - [2023-08-09T12:06:26.707+0000] {dagbag.py:541} INFO - Filling up the DagBag from /home/airflow/.local/lib/python3.7/site-packages/airflow/example_dags/example_short_circuit_operator.py
[2023-08-09T12:06:26.717+0000] {processor.py:836} INFO - DAG(s) dict_keys(['example_short_circuit_operator']) retrieved from /home/airflow/.local/lib/python3.7/site-packages/airflow/example_dags/example_short_circuit_operator.py
[2023-08-09T12:06:26.738+0000] {logging_mixin.py:150} INFO - [2023-08-09T12:06:26.738+0000] {dag.py:2742} INFO - Sync 1 DAGs
[2023-08-09T12:06:26.752+0000] {logging_mixin.py:150} INFO - [2023-08-09T12:06:26.751+0000] {dag.py:3508} INFO - Setting next_dagrun for example_short_circuit_operator to 2023-08-08T12:06:26.751763+00:00, run_after=2023-08-09T12:06:26.751763+00:00
[2023-08-09T12:06:26.761+0000] {processor.py:179} INFO - Processing /home/airflow/.local/lib/python3.7/site-packages/airflow/example_dags/example_short_circuit_operator.py took 0.063 seconds
[2023-08-09T12:06:57.033+0000] {processor.py:157} INFO - Started process (PID=481) to work on /home/airflow/.local/lib/python3.7/site-packages/airflow/example_dags/example_short_circuit_operator.py
[2023-08-09T12:06:57.036+0000] {processor.py:826} INFO - Processing file /home/airflow/.local/lib/python3.7/site-packages/airflow/example_dags/example_short_circuit_operator.py for tasks to queue
[2023-08-09T12:06:57.038+0000] {logging_mixin.py:150} INFO - [2023-08-09T12:06:57.037+0000] {dagbag.py:541} INFO - Filling up the DagBag from /home/airflow/.local/lib/python3.7/site-packages/airflow/example_dags/example_short_circuit_operator.py
[2023-08-09T12:06:57.049+0000] {processor.py:836} INFO - DAG(s) dict_keys(['example_short_circuit_operator']) retrieved from /home/airflow/.local/lib/python3.7/site-packages/airflow/example_dags/example_short_circuit_operator.py
[2023-08-09T12:06:57.071+0000] {logging_mixin.py:150} INFO - [2023-08-09T12:06:57.071+0000] {dag.py:2742} INFO - Sync 1 DAGs
[2023-08-09T12:06:57.087+0000] {logging_mixin.py:150} INFO - [2023-08-09T12:06:57.087+0000] {dag.py:3508} INFO - Setting next_dagrun for example_short_circuit_operator to 2023-08-08T12:06:57.087268+00:00, run_after=2023-08-09T12:06:57.087268+00:00
[2023-08-09T12:06:57.098+0000] {processor.py:179} INFO - Processing /home/airflow/.local/lib/python3.7/site-packages/airflow/example_dags/example_short_circuit_operator.py took 0.071 seconds
[2023-08-09T12:07:28.434+0000] {processor.py:157} INFO - Started process (PID=540) to work on /home/airflow/.local/lib/python3.7/site-packages/airflow/example_dags/example_short_circuit_operator.py
[2023-08-09T12:07:28.435+0000] {processor.py:826} INFO - Processing file /home/airflow/.local/lib/python3.7/site-packages/airflow/example_dags/example_short_circuit_operator.py for tasks to queue
[2023-08-09T12:07:28.436+0000] {logging_mixin.py:150} INFO - [2023-08-09T12:07:28.435+0000] {dagbag.py:541} INFO - Filling up the DagBag from /home/airflow/.local/lib/python3.7/site-packages/airflow/example_dags/example_short_circuit_operator.py
[2023-08-09T12:07:28.442+0000] {processor.py:836} INFO - DAG(s) dict_keys(['example_short_circuit_operator']) retrieved from /home/airflow/.local/lib/python3.7/site-packages/airflow/example_dags/example_short_circuit_operator.py
[2023-08-09T12:07:28.460+0000] {logging_mixin.py:150} INFO - [2023-08-09T12:07:28.460+0000] {dag.py:2742} INFO - Sync 1 DAGs
[2023-08-09T12:07:28.474+0000] {logging_mixin.py:150} INFO - [2023-08-09T12:07:28.474+0000] {dag.py:3508} INFO - Setting next_dagrun for example_short_circuit_operator to 2023-08-08T12:07:28.474521+00:00, run_after=2023-08-09T12:07:28.474521+00:00
[2023-08-09T12:07:28.484+0000] {processor.py:179} INFO - Processing /home/airflow/.local/lib/python3.7/site-packages/airflow/example_dags/example_short_circuit_operator.py took 0.054 seconds
[2023-08-09T12:16:44.535+0000] {processor.py:157} INFO - Started process (PID=601) to work on /home/airflow/.local/lib/python3.7/site-packages/airflow/example_dags/example_short_circuit_operator.py
[2023-08-09T12:16:44.536+0000] {processor.py:826} INFO - Processing file /home/airflow/.local/lib/python3.7/site-packages/airflow/example_dags/example_short_circuit_operator.py for tasks to queue
[2023-08-09T12:16:44.537+0000] {logging_mixin.py:150} INFO - [2023-08-09T12:16:44.537+0000] {dagbag.py:541} INFO - Filling up the DagBag from /home/airflow/.local/lib/python3.7/site-packages/airflow/example_dags/example_short_circuit_operator.py
[2023-08-09T12:16:44.543+0000] {processor.py:836} INFO - DAG(s) dict_keys(['example_short_circuit_operator']) retrieved from /home/airflow/.local/lib/python3.7/site-packages/airflow/example_dags/example_short_circuit_operator.py
[2023-08-09T12:16:44.560+0000] {logging_mixin.py:150} INFO - [2023-08-09T12:16:44.560+0000] {dag.py:2742} INFO - Sync 1 DAGs
[2023-08-09T12:16:44.574+0000] {logging_mixin.py:150} INFO - [2023-08-09T12:16:44.574+0000] {dag.py:3508} INFO - Setting next_dagrun for example_short_circuit_operator to 2023-08-08T12:16:44.573836+00:00, run_after=2023-08-09T12:16:44.573836+00:00
[2023-08-09T12:16:44.584+0000] {processor.py:179} INFO - Processing /home/airflow/.local/lib/python3.7/site-packages/airflow/example_dags/example_short_circuit_operator.py took 0.051 seconds
[2023-08-09T12:17:15.500+0000] {processor.py:157} INFO - Started process (PID=660) to work on /home/airflow/.local/lib/python3.7/site-packages/airflow/example_dags/example_short_circuit_operator.py
[2023-08-09T12:17:15.501+0000] {processor.py:826} INFO - Processing file /home/airflow/.local/lib/python3.7/site-packages/airflow/example_dags/example_short_circuit_operator.py for tasks to queue
[2023-08-09T12:17:15.502+0000] {logging_mixin.py:150} INFO - [2023-08-09T12:17:15.502+0000] {dagbag.py:541} INFO - Filling up the DagBag from /home/airflow/.local/lib/python3.7/site-packages/airflow/example_dags/example_short_circuit_operator.py
[2023-08-09T12:17:15.508+0000] {processor.py:836} INFO - DAG(s) dict_keys(['example_short_circuit_operator']) retrieved from /home/airflow/.local/lib/python3.7/site-packages/airflow/example_dags/example_short_circuit_operator.py
[2023-08-09T12:17:15.526+0000] {logging_mixin.py:150} INFO - [2023-08-09T12:17:15.526+0000] {dag.py:2742} INFO - Sync 1 DAGs
[2023-08-09T12:17:15.540+0000] {logging_mixin.py:150} INFO - [2023-08-09T12:17:15.540+0000] {dag.py:3508} INFO - Setting next_dagrun for example_short_circuit_operator to 2023-08-08T12:17:15.540522+00:00, run_after=2023-08-09T12:17:15.540522+00:00
[2023-08-09T12:17:15.550+0000] {processor.py:179} INFO - Processing /home/airflow/.local/lib/python3.7/site-packages/airflow/example_dags/example_short_circuit_operator.py took 0.053 seconds
[2023-08-09T12:33:47.115+0000] {processor.py:157} INFO - Started process (PID=719) to work on /home/airflow/.local/lib/python3.7/site-packages/airflow/example_dags/example_short_circuit_operator.py
[2023-08-09T12:33:47.116+0000] {processor.py:826} INFO - Processing file /home/airflow/.local/lib/python3.7/site-packages/airflow/example_dags/example_short_circuit_operator.py for tasks to queue
[2023-08-09T12:33:47.117+0000] {logging_mixin.py:150} INFO - [2023-08-09T12:33:47.117+0000] {dagbag.py:541} INFO - Filling up the DagBag from /home/airflow/.local/lib/python3.7/site-packages/airflow/example_dags/example_short_circuit_operator.py
[2023-08-09T12:33:47.124+0000] {processor.py:836} INFO - DAG(s) dict_keys(['example_short_circuit_operator']) retrieved from /home/airflow/.local/lib/python3.7/site-packages/airflow/example_dags/example_short_circuit_operator.py
[2023-08-09T12:33:47.142+0000] {logging_mixin.py:150} INFO - [2023-08-09T12:33:47.142+0000] {dag.py:2742} INFO - Sync 1 DAGs
[2023-08-09T12:33:47.156+0000] {logging_mixin.py:150} INFO - [2023-08-09T12:33:47.156+0000] {dag.py:3508} INFO - Setting next_dagrun for example_short_circuit_operator to 2023-08-08T12:33:47.156311+00:00, run_after=2023-08-09T12:33:47.156311+00:00
[2023-08-09T12:33:47.166+0000] {processor.py:179} INFO - Processing /home/airflow/.local/lib/python3.7/site-packages/airflow/example_dags/example_short_circuit_operator.py took 0.054 seconds
[2023-08-09T13:56:52.258+0000] {processor.py:157} INFO - Started process (PID=778) to work on /home/airflow/.local/lib/python3.7/site-packages/airflow/example_dags/example_short_circuit_operator.py
[2023-08-09T13:56:52.259+0000] {processor.py:826} INFO - Processing file /home/airflow/.local/lib/python3.7/site-packages/airflow/example_dags/example_short_circuit_operator.py for tasks to queue
[2023-08-09T13:56:52.260+0000] {logging_mixin.py:150} INFO - [2023-08-09T13:56:52.260+0000] {dagbag.py:541} INFO - Filling up the DagBag from /home/airflow/.local/lib/python3.7/site-packages/airflow/example_dags/example_short_circuit_operator.py
[2023-08-09T13:56:52.266+0000] {processor.py:836} INFO - DAG(s) dict_keys(['example_short_circuit_operator']) retrieved from /home/airflow/.local/lib/python3.7/site-packages/airflow/example_dags/example_short_circuit_operator.py
[2023-08-09T13:56:52.284+0000] {logging_mixin.py:150} INFO - [2023-08-09T13:56:52.284+0000] {dag.py:2742} INFO - Sync 1 DAGs
[2023-08-09T13:56:52.298+0000] {logging_mixin.py:150} INFO - [2023-08-09T13:56:52.298+0000] {dag.py:3508} INFO - Setting next_dagrun for example_short_circuit_operator to 2023-08-08T13:56:52.298334+00:00, run_after=2023-08-09T13:56:52.298334+00:00
[2023-08-09T13:56:52.308+0000] {processor.py:179} INFO - Processing /home/airflow/.local/lib/python3.7/site-packages/airflow/example_dags/example_short_circuit_operator.py took 0.053 seconds
[2023-08-09T14:58:26.467+0000] {processor.py:157} INFO - Started process (PID=837) to work on /home/airflow/.local/lib/python3.7/site-packages/airflow/example_dags/example_short_circuit_operator.py
[2023-08-09T14:58:26.468+0000] {processor.py:826} INFO - Processing file /home/airflow/.local/lib/python3.7/site-packages/airflow/example_dags/example_short_circuit_operator.py for tasks to queue
[2023-08-09T14:58:26.469+0000] {logging_mixin.py:150} INFO - [2023-08-09T14:58:26.469+0000] {dagbag.py:541} INFO - Filling up the DagBag from /home/airflow/.local/lib/python3.7/site-packages/airflow/example_dags/example_short_circuit_operator.py
[2023-08-09T14:58:26.475+0000] {processor.py:836} INFO - DAG(s) dict_keys(['example_short_circuit_operator']) retrieved from /home/airflow/.local/lib/python3.7/site-packages/airflow/example_dags/example_short_circuit_operator.py
[2023-08-09T14:58:26.494+0000] {logging_mixin.py:150} INFO - [2023-08-09T14:58:26.494+0000] {dag.py:2742} INFO - Sync 1 DAGs
[2023-08-09T14:58:26.508+0000] {logging_mixin.py:150} INFO - [2023-08-09T14:58:26.508+0000] {dag.py:3508} INFO - Setting next_dagrun for example_short_circuit_operator to 2023-08-08T14:58:26.508434+00:00, run_after=2023-08-09T14:58:26.508434+00:00
[2023-08-09T14:58:26.518+0000] {processor.py:179} INFO - Processing /home/airflow/.local/lib/python3.7/site-packages/airflow/example_dags/example_short_circuit_operator.py took 0.053 seconds
[2023-08-09T14:58:59.514+0000] {processor.py:157} INFO - Started process (PID=897) to work on /home/airflow/.local/lib/python3.7/site-packages/airflow/example_dags/example_short_circuit_operator.py
[2023-08-09T14:58:59.515+0000] {processor.py:826} INFO - Processing file /home/airflow/.local/lib/python3.7/site-packages/airflow/example_dags/example_short_circuit_operator.py for tasks to queue
[2023-08-09T14:58:59.516+0000] {logging_mixin.py:150} INFO - [2023-08-09T14:58:59.516+0000] {dagbag.py:541} INFO - Filling up the DagBag from /home/airflow/.local/lib/python3.7/site-packages/airflow/example_dags/example_short_circuit_operator.py
[2023-08-09T14:58:59.523+0000] {processor.py:836} INFO - DAG(s) dict_keys(['example_short_circuit_operator']) retrieved from /home/airflow/.local/lib/python3.7/site-packages/airflow/example_dags/example_short_circuit_operator.py
[2023-08-09T14:58:59.540+0000] {logging_mixin.py:150} INFO - [2023-08-09T14:58:59.540+0000] {dag.py:2742} INFO - Sync 1 DAGs
[2023-08-09T14:58:59.555+0000] {logging_mixin.py:150} INFO - [2023-08-09T14:58:59.555+0000] {dag.py:3508} INFO - Setting next_dagrun for example_short_circuit_operator to 2023-08-08T14:58:59.554844+00:00, run_after=2023-08-09T14:58:59.554844+00:00
[2023-08-09T14:58:59.565+0000] {processor.py:179} INFO - Processing /home/airflow/.local/lib/python3.7/site-packages/airflow/example_dags/example_short_circuit_operator.py took 0.053 seconds
[2023-08-09T16:16:43.727+0000] {processor.py:157} INFO - Started process (PID=956) to work on /home/airflow/.local/lib/python3.7/site-packages/airflow/example_dags/example_short_circuit_operator.py
[2023-08-09T16:16:43.728+0000] {processor.py:826} INFO - Processing file /home/airflow/.local/lib/python3.7/site-packages/airflow/example_dags/example_short_circuit_operator.py for tasks to queue
[2023-08-09T16:16:43.729+0000] {logging_mixin.py:150} INFO - [2023-08-09T16:16:43.729+0000] {dagbag.py:541} INFO - Filling up the DagBag from /home/airflow/.local/lib/python3.7/site-packages/airflow/example_dags/example_short_circuit_operator.py
[2023-08-09T16:16:43.735+0000] {processor.py:836} INFO - DAG(s) dict_keys(['example_short_circuit_operator']) retrieved from /home/airflow/.local/lib/python3.7/site-packages/airflow/example_dags/example_short_circuit_operator.py
[2023-08-09T16:16:43.754+0000] {logging_mixin.py:150} INFO - [2023-08-09T16:16:43.754+0000] {dag.py:2742} INFO - Sync 1 DAGs
[2023-08-09T16:16:43.768+0000] {logging_mixin.py:150} INFO - [2023-08-09T16:16:43.768+0000] {dag.py:3508} INFO - Setting next_dagrun for example_short_circuit_operator to 2023-08-08T16:16:43.768410+00:00, run_after=2023-08-09T16:16:43.768410+00:00
[2023-08-09T16:16:43.778+0000] {processor.py:179} INFO - Processing /home/airflow/.local/lib/python3.7/site-packages/airflow/example_dags/example_short_circuit_operator.py took 0.054 seconds
[2023-08-09T17:36:41.947+0000] {processor.py:157} INFO - Started process (PID=1015) to work on /home/airflow/.local/lib/python3.7/site-packages/airflow/example_dags/example_short_circuit_operator.py
[2023-08-09T17:36:41.949+0000] {processor.py:826} INFO - Processing file /home/airflow/.local/lib/python3.7/site-packages/airflow/example_dags/example_short_circuit_operator.py for tasks to queue
[2023-08-09T17:36:41.950+0000] {logging_mixin.py:150} INFO - [2023-08-09T17:36:41.949+0000] {dagbag.py:541} INFO - Filling up the DagBag from /home/airflow/.local/lib/python3.7/site-packages/airflow/example_dags/example_short_circuit_operator.py
[2023-08-09T17:36:41.957+0000] {processor.py:836} INFO - DAG(s) dict_keys(['example_short_circuit_operator']) retrieved from /home/airflow/.local/lib/python3.7/site-packages/airflow/example_dags/example_short_circuit_operator.py
[2023-08-09T17:36:41.976+0000] {logging_mixin.py:150} INFO - [2023-08-09T17:36:41.976+0000] {dag.py:2742} INFO - Sync 1 DAGs
[2023-08-09T17:36:41.991+0000] {logging_mixin.py:150} INFO - [2023-08-09T17:36:41.991+0000] {dag.py:3508} INFO - Setting next_dagrun for example_short_circuit_operator to 2023-08-08T17:36:41.991491+00:00, run_after=2023-08-09T17:36:41.991491+00:00
[2023-08-09T17:36:42.340+0000] {processor.py:179} INFO - Processing /home/airflow/.local/lib/python3.7/site-packages/airflow/example_dags/example_short_circuit_operator.py took 0.396 seconds
[2023-08-09T18:58:24.457+0000] {processor.py:157} INFO - Started process (PID=1074) to work on /home/airflow/.local/lib/python3.7/site-packages/airflow/example_dags/example_short_circuit_operator.py
[2023-08-09T18:58:24.458+0000] {processor.py:826} INFO - Processing file /home/airflow/.local/lib/python3.7/site-packages/airflow/example_dags/example_short_circuit_operator.py for tasks to queue
[2023-08-09T18:58:24.460+0000] {logging_mixin.py:150} INFO - [2023-08-09T18:58:24.459+0000] {dagbag.py:541} INFO - Filling up the DagBag from /home/airflow/.local/lib/python3.7/site-packages/airflow/example_dags/example_short_circuit_operator.py
[2023-08-09T18:58:24.466+0000] {processor.py:836} INFO - DAG(s) dict_keys(['example_short_circuit_operator']) retrieved from /home/airflow/.local/lib/python3.7/site-packages/airflow/example_dags/example_short_circuit_operator.py
[2023-08-09T18:58:24.484+0000] {logging_mixin.py:150} INFO - [2023-08-09T18:58:24.484+0000] {dag.py:2742} INFO - Sync 1 DAGs
[2023-08-09T18:58:24.498+0000] {logging_mixin.py:150} INFO - [2023-08-09T18:58:24.498+0000] {dag.py:3508} INFO - Setting next_dagrun for example_short_circuit_operator to 2023-08-08T18:58:24.498178+00:00, run_after=2023-08-09T18:58:24.498178+00:00
[2023-08-09T18:58:24.508+0000] {processor.py:179} INFO - Processing /home/airflow/.local/lib/python3.7/site-packages/airflow/example_dags/example_short_circuit_operator.py took 0.053 seconds
[2023-08-09T20:21:04.150+0000] {processor.py:157} INFO - Started process (PID=1133) to work on /home/airflow/.local/lib/python3.7/site-packages/airflow/example_dags/example_short_circuit_operator.py
[2023-08-09T20:21:04.151+0000] {processor.py:826} INFO - Processing file /home/airflow/.local/lib/python3.7/site-packages/airflow/example_dags/example_short_circuit_operator.py for tasks to queue
[2023-08-09T20:21:04.152+0000] {logging_mixin.py:150} INFO - [2023-08-09T20:21:04.152+0000] {dagbag.py:541} INFO - Filling up the DagBag from /home/airflow/.local/lib/python3.7/site-packages/airflow/example_dags/example_short_circuit_operator.py
[2023-08-09T20:21:04.159+0000] {processor.py:836} INFO - DAG(s) dict_keys(['example_short_circuit_operator']) retrieved from /home/airflow/.local/lib/python3.7/site-packages/airflow/example_dags/example_short_circuit_operator.py
[2023-08-09T20:21:04.177+0000] {logging_mixin.py:150} INFO - [2023-08-09T20:21:04.177+0000] {dag.py:2742} INFO - Sync 1 DAGs
[2023-08-09T20:21:04.190+0000] {logging_mixin.py:150} INFO - [2023-08-09T20:21:04.190+0000] {dag.py:3508} INFO - Setting next_dagrun for example_short_circuit_operator to 2023-08-08T20:21:04.190282+00:00, run_after=2023-08-09T20:21:04.190282+00:00
[2023-08-09T20:21:04.200+0000] {processor.py:179} INFO - Processing /home/airflow/.local/lib/python3.7/site-packages/airflow/example_dags/example_short_circuit_operator.py took 0.053 seconds
[2023-08-09T21:44:56.905+0000] {processor.py:157} INFO - Started process (PID=1192) to work on /home/airflow/.local/lib/python3.7/site-packages/airflow/example_dags/example_short_circuit_operator.py
[2023-08-09T21:44:56.906+0000] {processor.py:826} INFO - Processing file /home/airflow/.local/lib/python3.7/site-packages/airflow/example_dags/example_short_circuit_operator.py for tasks to queue
[2023-08-09T21:44:56.907+0000] {logging_mixin.py:150} INFO - [2023-08-09T21:44:56.907+0000] {dagbag.py:541} INFO - Filling up the DagBag from /home/airflow/.local/lib/python3.7/site-packages/airflow/example_dags/example_short_circuit_operator.py
[2023-08-09T21:44:56.913+0000] {processor.py:836} INFO - DAG(s) dict_keys(['example_short_circuit_operator']) retrieved from /home/airflow/.local/lib/python3.7/site-packages/airflow/example_dags/example_short_circuit_operator.py
[2023-08-09T21:44:56.930+0000] {logging_mixin.py:150} INFO - [2023-08-09T21:44:56.930+0000] {dag.py:2742} INFO - Sync 1 DAGs
[2023-08-09T21:44:56.944+0000] {logging_mixin.py:150} INFO - [2023-08-09T21:44:56.944+0000] {dag.py:3508} INFO - Setting next_dagrun for example_short_circuit_operator to 2023-08-08T21:44:56.944279+00:00, run_after=2023-08-09T21:44:56.944279+00:00
[2023-08-09T21:44:56.954+0000] {processor.py:179} INFO - Processing /home/airflow/.local/lib/python3.7/site-packages/airflow/example_dags/example_short_circuit_operator.py took 0.051 seconds
[2023-08-09T22:36:37.494+0000] {processor.py:157} INFO - Started process (PID=1251) to work on /home/airflow/.local/lib/python3.7/site-packages/airflow/example_dags/example_short_circuit_operator.py
[2023-08-09T22:36:37.496+0000] {processor.py:826} INFO - Processing file /home/airflow/.local/lib/python3.7/site-packages/airflow/example_dags/example_short_circuit_operator.py for tasks to queue
[2023-08-09T22:36:37.497+0000] {logging_mixin.py:150} INFO - [2023-08-09T22:36:37.496+0000] {dagbag.py:541} INFO - Filling up the DagBag from /home/airflow/.local/lib/python3.7/site-packages/airflow/example_dags/example_short_circuit_operator.py
[2023-08-09T22:36:37.503+0000] {processor.py:836} INFO - DAG(s) dict_keys(['example_short_circuit_operator']) retrieved from /home/airflow/.local/lib/python3.7/site-packages/airflow/example_dags/example_short_circuit_operator.py
[2023-08-09T22:36:37.521+0000] {logging_mixin.py:150} INFO - [2023-08-09T22:36:37.520+0000] {dag.py:2742} INFO - Sync 1 DAGs
[2023-08-09T22:36:37.535+0000] {logging_mixin.py:150} INFO - [2023-08-09T22:36:37.535+0000] {dag.py:3508} INFO - Setting next_dagrun for example_short_circuit_operator to 2023-08-08T22:36:37.534859+00:00, run_after=2023-08-09T22:36:37.534859+00:00
[2023-08-09T22:36:37.544+0000] {processor.py:179} INFO - Processing /home/airflow/.local/lib/python3.7/site-packages/airflow/example_dags/example_short_circuit_operator.py took 0.053 seconds
[2023-08-09T22:37:07.670+0000] {processor.py:157} INFO - Started process (PID=1310) to work on /home/airflow/.local/lib/python3.7/site-packages/airflow/example_dags/example_short_circuit_operator.py
[2023-08-09T22:37:07.671+0000] {processor.py:826} INFO - Processing file /home/airflow/.local/lib/python3.7/site-packages/airflow/example_dags/example_short_circuit_operator.py for tasks to queue
[2023-08-09T22:37:07.672+0000] {logging_mixin.py:150} INFO - [2023-08-09T22:37:07.672+0000] {dagbag.py:541} INFO - Filling up the DagBag from /home/airflow/.local/lib/python3.7/site-packages/airflow/example_dags/example_short_circuit_operator.py
[2023-08-09T22:37:07.678+0000] {processor.py:836} INFO - DAG(s) dict_keys(['example_short_circuit_operator']) retrieved from /home/airflow/.local/lib/python3.7/site-packages/airflow/example_dags/example_short_circuit_operator.py
[2023-08-09T22:37:07.696+0000] {logging_mixin.py:150} INFO - [2023-08-09T22:37:07.696+0000] {dag.py:2742} INFO - Sync 1 DAGs
[2023-08-09T22:37:07.709+0000] {logging_mixin.py:150} INFO - [2023-08-09T22:37:07.709+0000] {dag.py:3508} INFO - Setting next_dagrun for example_short_circuit_operator to 2023-08-08T22:37:07.708818+00:00, run_after=2023-08-09T22:37:07.708818+00:00
[2023-08-09T22:37:07.718+0000] {processor.py:179} INFO - Processing /home/airflow/.local/lib/python3.7/site-packages/airflow/example_dags/example_short_circuit_operator.py took 0.051 seconds
[2023-08-09T22:37:37.907+0000] {processor.py:157} INFO - Started process (PID=1369) to work on /home/airflow/.local/lib/python3.7/site-packages/airflow/example_dags/example_short_circuit_operator.py
[2023-08-09T22:37:37.908+0000] {processor.py:826} INFO - Processing file /home/airflow/.local/lib/python3.7/site-packages/airflow/example_dags/example_short_circuit_operator.py for tasks to queue
[2023-08-09T22:37:37.909+0000] {logging_mixin.py:150} INFO - [2023-08-09T22:37:37.908+0000] {dagbag.py:541} INFO - Filling up the DagBag from /home/airflow/.local/lib/python3.7/site-packages/airflow/example_dags/example_short_circuit_operator.py
[2023-08-09T22:37:37.914+0000] {processor.py:836} INFO - DAG(s) dict_keys(['example_short_circuit_operator']) retrieved from /home/airflow/.local/lib/python3.7/site-packages/airflow/example_dags/example_short_circuit_operator.py
[2023-08-09T22:37:37.932+0000] {logging_mixin.py:150} INFO - [2023-08-09T22:37:37.932+0000] {dag.py:2742} INFO - Sync 1 DAGs
[2023-08-09T22:37:37.946+0000] {logging_mixin.py:150} INFO - [2023-08-09T22:37:37.946+0000] {dag.py:3508} INFO - Setting next_dagrun for example_short_circuit_operator to 2023-08-08T22:37:37.946397+00:00, run_after=2023-08-09T22:37:37.946397+00:00
[2023-08-09T22:37:37.956+0000] {processor.py:179} INFO - Processing /home/airflow/.local/lib/python3.7/site-packages/airflow/example_dags/example_short_circuit_operator.py took 0.052 seconds
[2023-08-09T23:31:53.393+0000] {processor.py:157} INFO - Started process (PID=1428) to work on /home/airflow/.local/lib/python3.7/site-packages/airflow/example_dags/example_short_circuit_operator.py
[2023-08-09T23:31:53.394+0000] {processor.py:826} INFO - Processing file /home/airflow/.local/lib/python3.7/site-packages/airflow/example_dags/example_short_circuit_operator.py for tasks to queue
[2023-08-09T23:31:53.395+0000] {logging_mixin.py:150} INFO - [2023-08-09T23:31:53.394+0000] {dagbag.py:541} INFO - Filling up the DagBag from /home/airflow/.local/lib/python3.7/site-packages/airflow/example_dags/example_short_circuit_operator.py
[2023-08-09T23:31:53.400+0000] {processor.py:836} INFO - DAG(s) dict_keys(['example_short_circuit_operator']) retrieved from /home/airflow/.local/lib/python3.7/site-packages/airflow/example_dags/example_short_circuit_operator.py
[2023-08-09T23:31:53.418+0000] {logging_mixin.py:150} INFO - [2023-08-09T23:31:53.418+0000] {dag.py:2742} INFO - Sync 1 DAGs
[2023-08-09T23:31:53.431+0000] {logging_mixin.py:150} INFO - [2023-08-09T23:31:53.431+0000] {dag.py:3508} INFO - Setting next_dagrun for example_short_circuit_operator to 2023-08-08T23:31:53.431628+00:00, run_after=2023-08-09T23:31:53.431628+00:00
[2023-08-09T23:31:53.441+0000] {processor.py:179} INFO - Processing /home/airflow/.local/lib/python3.7/site-packages/airflow/example_dags/example_short_circuit_operator.py took 0.051 seconds
