[2023-08-09T12:03:23.375+0000] {processor.py:157} INFO - Started process (PID=60) to work on /home/airflow/.local/lib/python3.7/site-packages/airflow/example_dags/example_bash_operator.py
[2023-08-09T12:03:23.376+0000] {processor.py:826} INFO - Processing file /home/airflow/.local/lib/python3.7/site-packages/airflow/example_dags/example_bash_operator.py for tasks to queue
[2023-08-09T12:03:23.377+0000] {logging_mixin.py:150} INFO - [2023-08-09T12:03:23.377+0000] {dagbag.py:541} INFO - Filling up the DagBag from /home/airflow/.local/lib/python3.7/site-packages/airflow/example_dags/example_bash_operator.py
[2023-08-09T12:03:23.402+0000] {processor.py:836} INFO - DAG(s) dict_keys(['example_bash_operator']) retrieved from /home/airflow/.local/lib/python3.7/site-packages/airflow/example_dags/example_bash_operator.py
[2023-08-09T12:03:23.422+0000] {logging_mixin.py:150} INFO - [2023-08-09T12:03:23.422+0000] {dag.py:2742} INFO - Sync 1 DAGs
[2023-08-09T12:03:23.488+0000] {logging_mixin.py:150} INFO - [2023-08-09T12:03:23.488+0000] {dag.py:3508} INFO - Setting next_dagrun for example_bash_operator to 2023-08-08T00:00:00+00:00, run_after=2023-08-09T00:00:00+00:00
[2023-08-09T12:03:23.525+0000] {processor.py:179} INFO - Processing /home/airflow/.local/lib/python3.7/site-packages/airflow/example_dags/example_bash_operator.py took 0.156 seconds
[2023-08-09T12:03:54.001+0000] {processor.py:157} INFO - Started process (PID=119) to work on /home/airflow/.local/lib/python3.7/site-packages/airflow/example_dags/example_bash_operator.py
[2023-08-09T12:03:54.002+0000] {processor.py:826} INFO - Processing file /home/airflow/.local/lib/python3.7/site-packages/airflow/example_dags/example_bash_operator.py for tasks to queue
[2023-08-09T12:03:54.003+0000] {logging_mixin.py:150} INFO - [2023-08-09T12:03:54.003+0000] {dagbag.py:541} INFO - Filling up the DagBag from /home/airflow/.local/lib/python3.7/site-packages/airflow/example_dags/example_bash_operator.py
[2023-08-09T12:03:54.013+0000] {processor.py:836} INFO - DAG(s) dict_keys(['example_bash_operator']) retrieved from /home/airflow/.local/lib/python3.7/site-packages/airflow/example_dags/example_bash_operator.py
[2023-08-09T12:03:54.035+0000] {logging_mixin.py:150} INFO - [2023-08-09T12:03:54.035+0000] {dag.py:2742} INFO - Sync 1 DAGs
[2023-08-09T12:03:54.050+0000] {logging_mixin.py:150} INFO - [2023-08-09T12:03:54.050+0000] {dag.py:3508} INFO - Setting next_dagrun for example_bash_operator to 2023-08-08T00:00:00+00:00, run_after=2023-08-09T00:00:00+00:00
[2023-08-09T12:03:54.060+0000] {processor.py:179} INFO - Processing /home/airflow/.local/lib/python3.7/site-packages/airflow/example_dags/example_bash_operator.py took 0.061 seconds
[2023-08-09T12:04:24.249+0000] {processor.py:157} INFO - Started process (PID=178) to work on /home/airflow/.local/lib/python3.7/site-packages/airflow/example_dags/example_bash_operator.py
[2023-08-09T12:04:24.250+0000] {processor.py:826} INFO - Processing file /home/airflow/.local/lib/python3.7/site-packages/airflow/example_dags/example_bash_operator.py for tasks to queue
[2023-08-09T12:04:24.251+0000] {logging_mixin.py:150} INFO - [2023-08-09T12:04:24.251+0000] {dagbag.py:541} INFO - Filling up the DagBag from /home/airflow/.local/lib/python3.7/site-packages/airflow/example_dags/example_bash_operator.py
[2023-08-09T12:04:24.261+0000] {processor.py:836} INFO - DAG(s) dict_keys(['example_bash_operator']) retrieved from /home/airflow/.local/lib/python3.7/site-packages/airflow/example_dags/example_bash_operator.py
[2023-08-09T12:04:24.283+0000] {logging_mixin.py:150} INFO - [2023-08-09T12:04:24.283+0000] {dag.py:2742} INFO - Sync 1 DAGs
[2023-08-09T12:04:24.298+0000] {logging_mixin.py:150} INFO - [2023-08-09T12:04:24.298+0000] {dag.py:3508} INFO - Setting next_dagrun for example_bash_operator to 2023-08-08T00:00:00+00:00, run_after=2023-08-09T00:00:00+00:00
[2023-08-09T12:04:24.308+0000] {processor.py:179} INFO - Processing /home/airflow/.local/lib/python3.7/site-packages/airflow/example_dags/example_bash_operator.py took 0.062 seconds
[2023-08-09T12:04:54.520+0000] {processor.py:157} INFO - Started process (PID=237) to work on /home/airflow/.local/lib/python3.7/site-packages/airflow/example_dags/example_bash_operator.py
[2023-08-09T12:04:54.521+0000] {processor.py:826} INFO - Processing file /home/airflow/.local/lib/python3.7/site-packages/airflow/example_dags/example_bash_operator.py for tasks to queue
[2023-08-09T12:04:54.522+0000] {logging_mixin.py:150} INFO - [2023-08-09T12:04:54.522+0000] {dagbag.py:541} INFO - Filling up the DagBag from /home/airflow/.local/lib/python3.7/site-packages/airflow/example_dags/example_bash_operator.py
[2023-08-09T12:04:54.531+0000] {processor.py:836} INFO - DAG(s) dict_keys(['example_bash_operator']) retrieved from /home/airflow/.local/lib/python3.7/site-packages/airflow/example_dags/example_bash_operator.py
[2023-08-09T12:04:54.553+0000] {logging_mixin.py:150} INFO - [2023-08-09T12:04:54.553+0000] {dag.py:2742} INFO - Sync 1 DAGs
[2023-08-09T12:04:54.568+0000] {logging_mixin.py:150} INFO - [2023-08-09T12:04:54.568+0000] {dag.py:3508} INFO - Setting next_dagrun for example_bash_operator to 2023-08-08T00:00:00+00:00, run_after=2023-08-09T00:00:00+00:00
[2023-08-09T12:04:54.578+0000] {processor.py:179} INFO - Processing /home/airflow/.local/lib/python3.7/site-packages/airflow/example_dags/example_bash_operator.py took 0.061 seconds
[2023-08-09T12:05:24.850+0000] {processor.py:157} INFO - Started process (PID=296) to work on /home/airflow/.local/lib/python3.7/site-packages/airflow/example_dags/example_bash_operator.py
[2023-08-09T12:05:24.851+0000] {processor.py:826} INFO - Processing file /home/airflow/.local/lib/python3.7/site-packages/airflow/example_dags/example_bash_operator.py for tasks to queue
[2023-08-09T12:05:24.852+0000] {logging_mixin.py:150} INFO - [2023-08-09T12:05:24.852+0000] {dagbag.py:541} INFO - Filling up the DagBag from /home/airflow/.local/lib/python3.7/site-packages/airflow/example_dags/example_bash_operator.py
[2023-08-09T12:05:24.861+0000] {processor.py:836} INFO - DAG(s) dict_keys(['example_bash_operator']) retrieved from /home/airflow/.local/lib/python3.7/site-packages/airflow/example_dags/example_bash_operator.py
[2023-08-09T12:05:24.882+0000] {logging_mixin.py:150} INFO - [2023-08-09T12:05:24.882+0000] {dag.py:2742} INFO - Sync 1 DAGs
[2023-08-09T12:05:24.897+0000] {logging_mixin.py:150} INFO - [2023-08-09T12:05:24.897+0000] {dag.py:3508} INFO - Setting next_dagrun for example_bash_operator to 2023-08-08T00:00:00+00:00, run_after=2023-08-09T00:00:00+00:00
[2023-08-09T12:05:24.906+0000] {processor.py:179} INFO - Processing /home/airflow/.local/lib/python3.7/site-packages/airflow/example_dags/example_bash_operator.py took 0.058 seconds
[2023-08-09T12:05:55.060+0000] {processor.py:157} INFO - Started process (PID=355) to work on /home/airflow/.local/lib/python3.7/site-packages/airflow/example_dags/example_bash_operator.py
[2023-08-09T12:05:55.061+0000] {processor.py:826} INFO - Processing file /home/airflow/.local/lib/python3.7/site-packages/airflow/example_dags/example_bash_operator.py for tasks to queue
[2023-08-09T12:05:55.062+0000] {logging_mixin.py:150} INFO - [2023-08-09T12:05:55.061+0000] {dagbag.py:541} INFO - Filling up the DagBag from /home/airflow/.local/lib/python3.7/site-packages/airflow/example_dags/example_bash_operator.py
[2023-08-09T12:05:55.070+0000] {processor.py:836} INFO - DAG(s) dict_keys(['example_bash_operator']) retrieved from /home/airflow/.local/lib/python3.7/site-packages/airflow/example_dags/example_bash_operator.py
[2023-08-09T12:05:55.093+0000] {logging_mixin.py:150} INFO - [2023-08-09T12:05:55.093+0000] {dag.py:2742} INFO - Sync 1 DAGs
[2023-08-09T12:05:55.108+0000] {logging_mixin.py:150} INFO - [2023-08-09T12:05:55.108+0000] {dag.py:3508} INFO - Setting next_dagrun for example_bash_operator to 2023-08-08T00:00:00+00:00, run_after=2023-08-09T00:00:00+00:00
[2023-08-09T12:05:55.118+0000] {processor.py:179} INFO - Processing /home/airflow/.local/lib/python3.7/site-packages/airflow/example_dags/example_bash_operator.py took 0.061 seconds
[2023-08-09T12:06:25.392+0000] {processor.py:157} INFO - Started process (PID=414) to work on /home/airflow/.local/lib/python3.7/site-packages/airflow/example_dags/example_bash_operator.py
[2023-08-09T12:06:25.394+0000] {processor.py:826} INFO - Processing file /home/airflow/.local/lib/python3.7/site-packages/airflow/example_dags/example_bash_operator.py for tasks to queue
[2023-08-09T12:06:25.395+0000] {logging_mixin.py:150} INFO - [2023-08-09T12:06:25.394+0000] {dagbag.py:541} INFO - Filling up the DagBag from /home/airflow/.local/lib/python3.7/site-packages/airflow/example_dags/example_bash_operator.py
[2023-08-09T12:06:25.404+0000] {processor.py:836} INFO - DAG(s) dict_keys(['example_bash_operator']) retrieved from /home/airflow/.local/lib/python3.7/site-packages/airflow/example_dags/example_bash_operator.py
[2023-08-09T12:06:25.427+0000] {logging_mixin.py:150} INFO - [2023-08-09T12:06:25.427+0000] {dag.py:2742} INFO - Sync 1 DAGs
[2023-08-09T12:06:25.443+0000] {logging_mixin.py:150} INFO - [2023-08-09T12:06:25.443+0000] {dag.py:3508} INFO - Setting next_dagrun for example_bash_operator to 2023-08-08T00:00:00+00:00, run_after=2023-08-09T00:00:00+00:00
[2023-08-09T12:06:25.455+0000] {processor.py:179} INFO - Processing /home/airflow/.local/lib/python3.7/site-packages/airflow/example_dags/example_bash_operator.py took 0.066 seconds
[2023-08-09T12:06:55.693+0000] {processor.py:157} INFO - Started process (PID=473) to work on /home/airflow/.local/lib/python3.7/site-packages/airflow/example_dags/example_bash_operator.py
[2023-08-09T12:06:55.693+0000] {processor.py:826} INFO - Processing file /home/airflow/.local/lib/python3.7/site-packages/airflow/example_dags/example_bash_operator.py for tasks to queue
[2023-08-09T12:06:55.694+0000] {logging_mixin.py:150} INFO - [2023-08-09T12:06:55.694+0000] {dagbag.py:541} INFO - Filling up the DagBag from /home/airflow/.local/lib/python3.7/site-packages/airflow/example_dags/example_bash_operator.py
[2023-08-09T12:06:55.704+0000] {processor.py:836} INFO - DAG(s) dict_keys(['example_bash_operator']) retrieved from /home/airflow/.local/lib/python3.7/site-packages/airflow/example_dags/example_bash_operator.py
[2023-08-09T12:06:55.725+0000] {logging_mixin.py:150} INFO - [2023-08-09T12:06:55.725+0000] {dag.py:2742} INFO - Sync 1 DAGs
[2023-08-09T12:06:55.740+0000] {logging_mixin.py:150} INFO - [2023-08-09T12:06:55.740+0000] {dag.py:3508} INFO - Setting next_dagrun for example_bash_operator to 2023-08-08T00:00:00+00:00, run_after=2023-08-09T00:00:00+00:00
[2023-08-09T12:06:55.749+0000] {processor.py:179} INFO - Processing /home/airflow/.local/lib/python3.7/site-packages/airflow/example_dags/example_bash_operator.py took 0.059 seconds
[2023-08-09T12:07:28.114+0000] {processor.py:157} INFO - Started process (PID=532) to work on /home/airflow/.local/lib/python3.7/site-packages/airflow/example_dags/example_bash_operator.py
[2023-08-09T12:07:28.115+0000] {processor.py:826} INFO - Processing file /home/airflow/.local/lib/python3.7/site-packages/airflow/example_dags/example_bash_operator.py for tasks to queue
[2023-08-09T12:07:28.116+0000] {logging_mixin.py:150} INFO - [2023-08-09T12:07:28.116+0000] {dagbag.py:541} INFO - Filling up the DagBag from /home/airflow/.local/lib/python3.7/site-packages/airflow/example_dags/example_bash_operator.py
[2023-08-09T12:07:28.125+0000] {processor.py:836} INFO - DAG(s) dict_keys(['example_bash_operator']) retrieved from /home/airflow/.local/lib/python3.7/site-packages/airflow/example_dags/example_bash_operator.py
[2023-08-09T12:07:28.147+0000] {logging_mixin.py:150} INFO - [2023-08-09T12:07:28.147+0000] {dag.py:2742} INFO - Sync 1 DAGs
[2023-08-09T12:07:28.162+0000] {logging_mixin.py:150} INFO - [2023-08-09T12:07:28.162+0000] {dag.py:3508} INFO - Setting next_dagrun for example_bash_operator to 2023-08-08T00:00:00+00:00, run_after=2023-08-09T00:00:00+00:00
[2023-08-09T12:07:28.172+0000] {processor.py:179} INFO - Processing /home/airflow/.local/lib/python3.7/site-packages/airflow/example_dags/example_bash_operator.py took 0.060 seconds
[2023-08-09T12:16:44.203+0000] {processor.py:157} INFO - Started process (PID=593) to work on /home/airflow/.local/lib/python3.7/site-packages/airflow/example_dags/example_bash_operator.py
[2023-08-09T12:16:44.204+0000] {processor.py:826} INFO - Processing file /home/airflow/.local/lib/python3.7/site-packages/airflow/example_dags/example_bash_operator.py for tasks to queue
[2023-08-09T12:16:44.205+0000] {logging_mixin.py:150} INFO - [2023-08-09T12:16:44.205+0000] {dagbag.py:541} INFO - Filling up the DagBag from /home/airflow/.local/lib/python3.7/site-packages/airflow/example_dags/example_bash_operator.py
[2023-08-09T12:16:44.215+0000] {processor.py:836} INFO - DAG(s) dict_keys(['example_bash_operator']) retrieved from /home/airflow/.local/lib/python3.7/site-packages/airflow/example_dags/example_bash_operator.py
[2023-08-09T12:16:44.236+0000] {logging_mixin.py:150} INFO - [2023-08-09T12:16:44.236+0000] {dag.py:2742} INFO - Sync 1 DAGs
[2023-08-09T12:16:44.252+0000] {logging_mixin.py:150} INFO - [2023-08-09T12:16:44.252+0000] {dag.py:3508} INFO - Setting next_dagrun for example_bash_operator to 2023-08-08T00:00:00+00:00, run_after=2023-08-09T00:00:00+00:00
[2023-08-09T12:16:44.262+0000] {processor.py:179} INFO - Processing /home/airflow/.local/lib/python3.7/site-packages/airflow/example_dags/example_bash_operator.py took 0.061 seconds
[2023-08-09T12:17:15.157+0000] {processor.py:157} INFO - Started process (PID=652) to work on /home/airflow/.local/lib/python3.7/site-packages/airflow/example_dags/example_bash_operator.py
[2023-08-09T12:17:15.158+0000] {processor.py:826} INFO - Processing file /home/airflow/.local/lib/python3.7/site-packages/airflow/example_dags/example_bash_operator.py for tasks to queue
[2023-08-09T12:17:15.158+0000] {logging_mixin.py:150} INFO - [2023-08-09T12:17:15.158+0000] {dagbag.py:541} INFO - Filling up the DagBag from /home/airflow/.local/lib/python3.7/site-packages/airflow/example_dags/example_bash_operator.py
[2023-08-09T12:17:15.168+0000] {processor.py:836} INFO - DAG(s) dict_keys(['example_bash_operator']) retrieved from /home/airflow/.local/lib/python3.7/site-packages/airflow/example_dags/example_bash_operator.py
[2023-08-09T12:17:15.189+0000] {logging_mixin.py:150} INFO - [2023-08-09T12:17:15.189+0000] {dag.py:2742} INFO - Sync 1 DAGs
[2023-08-09T12:17:15.205+0000] {logging_mixin.py:150} INFO - [2023-08-09T12:17:15.204+0000] {dag.py:3508} INFO - Setting next_dagrun for example_bash_operator to 2023-08-08T00:00:00+00:00, run_after=2023-08-09T00:00:00+00:00
[2023-08-09T12:17:15.215+0000] {processor.py:179} INFO - Processing /home/airflow/.local/lib/python3.7/site-packages/airflow/example_dags/example_bash_operator.py took 0.060 seconds
[2023-08-09T12:33:46.776+0000] {processor.py:157} INFO - Started process (PID=711) to work on /home/airflow/.local/lib/python3.7/site-packages/airflow/example_dags/example_bash_operator.py
[2023-08-09T12:33:46.777+0000] {processor.py:826} INFO - Processing file /home/airflow/.local/lib/python3.7/site-packages/airflow/example_dags/example_bash_operator.py for tasks to queue
[2023-08-09T12:33:46.778+0000] {logging_mixin.py:150} INFO - [2023-08-09T12:33:46.777+0000] {dagbag.py:541} INFO - Filling up the DagBag from /home/airflow/.local/lib/python3.7/site-packages/airflow/example_dags/example_bash_operator.py
[2023-08-09T12:33:46.787+0000] {processor.py:836} INFO - DAG(s) dict_keys(['example_bash_operator']) retrieved from /home/airflow/.local/lib/python3.7/site-packages/airflow/example_dags/example_bash_operator.py
[2023-08-09T12:33:46.809+0000] {logging_mixin.py:150} INFO - [2023-08-09T12:33:46.809+0000] {dag.py:2742} INFO - Sync 1 DAGs
[2023-08-09T12:33:46.824+0000] {logging_mixin.py:150} INFO - [2023-08-09T12:33:46.824+0000] {dag.py:3508} INFO - Setting next_dagrun for example_bash_operator to 2023-08-08T00:00:00+00:00, run_after=2023-08-09T00:00:00+00:00
[2023-08-09T12:33:46.834+0000] {processor.py:179} INFO - Processing /home/airflow/.local/lib/python3.7/site-packages/airflow/example_dags/example_bash_operator.py took 0.060 seconds
[2023-08-09T13:56:51.920+0000] {processor.py:157} INFO - Started process (PID=770) to work on /home/airflow/.local/lib/python3.7/site-packages/airflow/example_dags/example_bash_operator.py
[2023-08-09T13:56:51.922+0000] {processor.py:826} INFO - Processing file /home/airflow/.local/lib/python3.7/site-packages/airflow/example_dags/example_bash_operator.py for tasks to queue
[2023-08-09T13:56:51.923+0000] {logging_mixin.py:150} INFO - [2023-08-09T13:56:51.922+0000] {dagbag.py:541} INFO - Filling up the DagBag from /home/airflow/.local/lib/python3.7/site-packages/airflow/example_dags/example_bash_operator.py
[2023-08-09T13:56:51.931+0000] {processor.py:836} INFO - DAG(s) dict_keys(['example_bash_operator']) retrieved from /home/airflow/.local/lib/python3.7/site-packages/airflow/example_dags/example_bash_operator.py
[2023-08-09T13:56:51.953+0000] {logging_mixin.py:150} INFO - [2023-08-09T13:56:51.953+0000] {dag.py:2742} INFO - Sync 1 DAGs
[2023-08-09T13:56:51.967+0000] {logging_mixin.py:150} INFO - [2023-08-09T13:56:51.967+0000] {dag.py:3508} INFO - Setting next_dagrun for example_bash_operator to 2023-08-08T00:00:00+00:00, run_after=2023-08-09T00:00:00+00:00
[2023-08-09T13:56:51.977+0000] {processor.py:179} INFO - Processing /home/airflow/.local/lib/python3.7/site-packages/airflow/example_dags/example_bash_operator.py took 0.059 seconds
[2023-08-09T14:58:26.126+0000] {processor.py:157} INFO - Started process (PID=829) to work on /home/airflow/.local/lib/python3.7/site-packages/airflow/example_dags/example_bash_operator.py
[2023-08-09T14:58:26.127+0000] {processor.py:826} INFO - Processing file /home/airflow/.local/lib/python3.7/site-packages/airflow/example_dags/example_bash_operator.py for tasks to queue
[2023-08-09T14:58:26.128+0000] {logging_mixin.py:150} INFO - [2023-08-09T14:58:26.128+0000] {dagbag.py:541} INFO - Filling up the DagBag from /home/airflow/.local/lib/python3.7/site-packages/airflow/example_dags/example_bash_operator.py
[2023-08-09T14:58:26.137+0000] {processor.py:836} INFO - DAG(s) dict_keys(['example_bash_operator']) retrieved from /home/airflow/.local/lib/python3.7/site-packages/airflow/example_dags/example_bash_operator.py
[2023-08-09T14:58:26.159+0000] {logging_mixin.py:150} INFO - [2023-08-09T14:58:26.159+0000] {dag.py:2742} INFO - Sync 1 DAGs
[2023-08-09T14:58:26.174+0000] {logging_mixin.py:150} INFO - [2023-08-09T14:58:26.173+0000] {dag.py:3508} INFO - Setting next_dagrun for example_bash_operator to 2023-08-08T00:00:00+00:00, run_after=2023-08-09T00:00:00+00:00
[2023-08-09T14:58:26.186+0000] {processor.py:179} INFO - Processing /home/airflow/.local/lib/python3.7/site-packages/airflow/example_dags/example_bash_operator.py took 0.063 seconds
[2023-08-09T14:58:59.181+0000] {processor.py:157} INFO - Started process (PID=889) to work on /home/airflow/.local/lib/python3.7/site-packages/airflow/example_dags/example_bash_operator.py
[2023-08-09T14:58:59.182+0000] {processor.py:826} INFO - Processing file /home/airflow/.local/lib/python3.7/site-packages/airflow/example_dags/example_bash_operator.py for tasks to queue
[2023-08-09T14:58:59.183+0000] {logging_mixin.py:150} INFO - [2023-08-09T14:58:59.183+0000] {dagbag.py:541} INFO - Filling up the DagBag from /home/airflow/.local/lib/python3.7/site-packages/airflow/example_dags/example_bash_operator.py
[2023-08-09T14:58:59.192+0000] {processor.py:836} INFO - DAG(s) dict_keys(['example_bash_operator']) retrieved from /home/airflow/.local/lib/python3.7/site-packages/airflow/example_dags/example_bash_operator.py
[2023-08-09T14:58:59.215+0000] {logging_mixin.py:150} INFO - [2023-08-09T14:58:59.215+0000] {dag.py:2742} INFO - Sync 1 DAGs
[2023-08-09T14:58:59.232+0000] {logging_mixin.py:150} INFO - [2023-08-09T14:58:59.232+0000] {dag.py:3508} INFO - Setting next_dagrun for example_bash_operator to 2023-08-08T00:00:00+00:00, run_after=2023-08-09T00:00:00+00:00
[2023-08-09T14:58:59.243+0000] {processor.py:179} INFO - Processing /home/airflow/.local/lib/python3.7/site-packages/airflow/example_dags/example_bash_operator.py took 0.064 seconds
[2023-08-09T16:16:43.399+0000] {processor.py:157} INFO - Started process (PID=948) to work on /home/airflow/.local/lib/python3.7/site-packages/airflow/example_dags/example_bash_operator.py
[2023-08-09T16:16:43.400+0000] {processor.py:826} INFO - Processing file /home/airflow/.local/lib/python3.7/site-packages/airflow/example_dags/example_bash_operator.py for tasks to queue
[2023-08-09T16:16:43.401+0000] {logging_mixin.py:150} INFO - [2023-08-09T16:16:43.401+0000] {dagbag.py:541} INFO - Filling up the DagBag from /home/airflow/.local/lib/python3.7/site-packages/airflow/example_dags/example_bash_operator.py
[2023-08-09T16:16:43.411+0000] {processor.py:836} INFO - DAG(s) dict_keys(['example_bash_operator']) retrieved from /home/airflow/.local/lib/python3.7/site-packages/airflow/example_dags/example_bash_operator.py
[2023-08-09T16:16:43.434+0000] {logging_mixin.py:150} INFO - [2023-08-09T16:16:43.434+0000] {dag.py:2742} INFO - Sync 1 DAGs
[2023-08-09T16:16:43.448+0000] {logging_mixin.py:150} INFO - [2023-08-09T16:16:43.448+0000] {dag.py:3508} INFO - Setting next_dagrun for example_bash_operator to 2023-08-08T00:00:00+00:00, run_after=2023-08-09T00:00:00+00:00
[2023-08-09T16:16:43.458+0000] {processor.py:179} INFO - Processing /home/airflow/.local/lib/python3.7/site-packages/airflow/example_dags/example_bash_operator.py took 0.062 seconds
[2023-08-09T17:36:41.588+0000] {processor.py:157} INFO - Started process (PID=1007) to work on /home/airflow/.local/lib/python3.7/site-packages/airflow/example_dags/example_bash_operator.py
[2023-08-09T17:36:41.589+0000] {processor.py:826} INFO - Processing file /home/airflow/.local/lib/python3.7/site-packages/airflow/example_dags/example_bash_operator.py for tasks to queue
[2023-08-09T17:36:41.590+0000] {logging_mixin.py:150} INFO - [2023-08-09T17:36:41.589+0000] {dagbag.py:541} INFO - Filling up the DagBag from /home/airflow/.local/lib/python3.7/site-packages/airflow/example_dags/example_bash_operator.py
[2023-08-09T17:36:41.600+0000] {processor.py:836} INFO - DAG(s) dict_keys(['example_bash_operator']) retrieved from /home/airflow/.local/lib/python3.7/site-packages/airflow/example_dags/example_bash_operator.py
[2023-08-09T17:36:41.621+0000] {logging_mixin.py:150} INFO - [2023-08-09T17:36:41.621+0000] {dag.py:2742} INFO - Sync 1 DAGs
[2023-08-09T17:36:41.636+0000] {logging_mixin.py:150} INFO - [2023-08-09T17:36:41.636+0000] {dag.py:3508} INFO - Setting next_dagrun for example_bash_operator to 2023-08-08T00:00:00+00:00, run_after=2023-08-09T00:00:00+00:00
[2023-08-09T17:36:41.645+0000] {processor.py:179} INFO - Processing /home/airflow/.local/lib/python3.7/site-packages/airflow/example_dags/example_bash_operator.py took 0.059 seconds
[2023-08-09T18:58:24.111+0000] {processor.py:157} INFO - Started process (PID=1066) to work on /home/airflow/.local/lib/python3.7/site-packages/airflow/example_dags/example_bash_operator.py
[2023-08-09T18:58:24.112+0000] {processor.py:826} INFO - Processing file /home/airflow/.local/lib/python3.7/site-packages/airflow/example_dags/example_bash_operator.py for tasks to queue
[2023-08-09T18:58:24.113+0000] {logging_mixin.py:150} INFO - [2023-08-09T18:58:24.113+0000] {dagbag.py:541} INFO - Filling up the DagBag from /home/airflow/.local/lib/python3.7/site-packages/airflow/example_dags/example_bash_operator.py
[2023-08-09T18:58:24.123+0000] {processor.py:836} INFO - DAG(s) dict_keys(['example_bash_operator']) retrieved from /home/airflow/.local/lib/python3.7/site-packages/airflow/example_dags/example_bash_operator.py
[2023-08-09T18:58:24.144+0000] {logging_mixin.py:150} INFO - [2023-08-09T18:58:24.144+0000] {dag.py:2742} INFO - Sync 1 DAGs
[2023-08-09T18:58:24.158+0000] {logging_mixin.py:150} INFO - [2023-08-09T18:58:24.158+0000] {dag.py:3508} INFO - Setting next_dagrun for example_bash_operator to 2023-08-08T00:00:00+00:00, run_after=2023-08-09T00:00:00+00:00
[2023-08-09T18:58:24.167+0000] {processor.py:179} INFO - Processing /home/airflow/.local/lib/python3.7/site-packages/airflow/example_dags/example_bash_operator.py took 0.058 seconds
[2023-08-09T20:21:03.787+0000] {processor.py:157} INFO - Started process (PID=1125) to work on /home/airflow/.local/lib/python3.7/site-packages/airflow/example_dags/example_bash_operator.py
[2023-08-09T20:21:03.788+0000] {processor.py:826} INFO - Processing file /home/airflow/.local/lib/python3.7/site-packages/airflow/example_dags/example_bash_operator.py for tasks to queue
[2023-08-09T20:21:03.789+0000] {logging_mixin.py:150} INFO - [2023-08-09T20:21:03.789+0000] {dagbag.py:541} INFO - Filling up the DagBag from /home/airflow/.local/lib/python3.7/site-packages/airflow/example_dags/example_bash_operator.py
[2023-08-09T20:21:03.798+0000] {processor.py:836} INFO - DAG(s) dict_keys(['example_bash_operator']) retrieved from /home/airflow/.local/lib/python3.7/site-packages/airflow/example_dags/example_bash_operator.py
[2023-08-09T20:21:03.820+0000] {logging_mixin.py:150} INFO - [2023-08-09T20:21:03.820+0000] {dag.py:2742} INFO - Sync 1 DAGs
[2023-08-09T20:21:03.835+0000] {logging_mixin.py:150} INFO - [2023-08-09T20:21:03.835+0000] {dag.py:3508} INFO - Setting next_dagrun for example_bash_operator to 2023-08-08T00:00:00+00:00, run_after=2023-08-09T00:00:00+00:00
[2023-08-09T20:21:03.844+0000] {processor.py:179} INFO - Processing /home/airflow/.local/lib/python3.7/site-packages/airflow/example_dags/example_bash_operator.py took 0.060 seconds
[2023-08-09T21:44:56.544+0000] {processor.py:157} INFO - Started process (PID=1184) to work on /home/airflow/.local/lib/python3.7/site-packages/airflow/example_dags/example_bash_operator.py
[2023-08-09T21:44:56.546+0000] {processor.py:826} INFO - Processing file /home/airflow/.local/lib/python3.7/site-packages/airflow/example_dags/example_bash_operator.py for tasks to queue
[2023-08-09T21:44:56.546+0000] {logging_mixin.py:150} INFO - [2023-08-09T21:44:56.546+0000] {dagbag.py:541} INFO - Filling up the DagBag from /home/airflow/.local/lib/python3.7/site-packages/airflow/example_dags/example_bash_operator.py
[2023-08-09T21:44:56.556+0000] {processor.py:836} INFO - DAG(s) dict_keys(['example_bash_operator']) retrieved from /home/airflow/.local/lib/python3.7/site-packages/airflow/example_dags/example_bash_operator.py
[2023-08-09T21:44:56.578+0000] {logging_mixin.py:150} INFO - [2023-08-09T21:44:56.578+0000] {dag.py:2742} INFO - Sync 1 DAGs
[2023-08-09T21:44:56.592+0000] {logging_mixin.py:150} INFO - [2023-08-09T21:44:56.592+0000] {dag.py:3508} INFO - Setting next_dagrun for example_bash_operator to 2023-08-08T00:00:00+00:00, run_after=2023-08-09T00:00:00+00:00
[2023-08-09T21:44:56.601+0000] {processor.py:179} INFO - Processing /home/airflow/.local/lib/python3.7/site-packages/airflow/example_dags/example_bash_operator.py took 0.059 seconds
[2023-08-09T22:36:37.147+0000] {processor.py:157} INFO - Started process (PID=1243) to work on /home/airflow/.local/lib/python3.7/site-packages/airflow/example_dags/example_bash_operator.py
[2023-08-09T22:36:37.148+0000] {processor.py:826} INFO - Processing file /home/airflow/.local/lib/python3.7/site-packages/airflow/example_dags/example_bash_operator.py for tasks to queue
[2023-08-09T22:36:37.148+0000] {logging_mixin.py:150} INFO - [2023-08-09T22:36:37.148+0000] {dagbag.py:541} INFO - Filling up the DagBag from /home/airflow/.local/lib/python3.7/site-packages/airflow/example_dags/example_bash_operator.py
[2023-08-09T22:36:37.158+0000] {processor.py:836} INFO - DAG(s) dict_keys(['example_bash_operator']) retrieved from /home/airflow/.local/lib/python3.7/site-packages/airflow/example_dags/example_bash_operator.py
[2023-08-09T22:36:37.179+0000] {logging_mixin.py:150} INFO - [2023-08-09T22:36:37.179+0000] {dag.py:2742} INFO - Sync 1 DAGs
[2023-08-09T22:36:37.193+0000] {logging_mixin.py:150} INFO - [2023-08-09T22:36:37.193+0000] {dag.py:3508} INFO - Setting next_dagrun for example_bash_operator to 2023-08-08T00:00:00+00:00, run_after=2023-08-09T00:00:00+00:00
[2023-08-09T22:36:37.202+0000] {processor.py:179} INFO - Processing /home/airflow/.local/lib/python3.7/site-packages/airflow/example_dags/example_bash_operator.py took 0.057 seconds
[2023-08-09T22:37:07.351+0000] {processor.py:157} INFO - Started process (PID=1302) to work on /home/airflow/.local/lib/python3.7/site-packages/airflow/example_dags/example_bash_operator.py
[2023-08-09T22:37:07.352+0000] {processor.py:826} INFO - Processing file /home/airflow/.local/lib/python3.7/site-packages/airflow/example_dags/example_bash_operator.py for tasks to queue
[2023-08-09T22:37:07.353+0000] {logging_mixin.py:150} INFO - [2023-08-09T22:37:07.352+0000] {dagbag.py:541} INFO - Filling up the DagBag from /home/airflow/.local/lib/python3.7/site-packages/airflow/example_dags/example_bash_operator.py
[2023-08-09T22:37:07.362+0000] {processor.py:836} INFO - DAG(s) dict_keys(['example_bash_operator']) retrieved from /home/airflow/.local/lib/python3.7/site-packages/airflow/example_dags/example_bash_operator.py
[2023-08-09T22:37:07.384+0000] {logging_mixin.py:150} INFO - [2023-08-09T22:37:07.384+0000] {dag.py:2742} INFO - Sync 1 DAGs
[2023-08-09T22:37:07.398+0000] {logging_mixin.py:150} INFO - [2023-08-09T22:37:07.398+0000] {dag.py:3508} INFO - Setting next_dagrun for example_bash_operator to 2023-08-08T00:00:00+00:00, run_after=2023-08-09T00:00:00+00:00
[2023-08-09T22:37:07.408+0000] {processor.py:179} INFO - Processing /home/airflow/.local/lib/python3.7/site-packages/airflow/example_dags/example_bash_operator.py took 0.060 seconds
[2023-08-09T22:37:37.588+0000] {processor.py:157} INFO - Started process (PID=1361) to work on /home/airflow/.local/lib/python3.7/site-packages/airflow/example_dags/example_bash_operator.py
[2023-08-09T22:37:37.589+0000] {processor.py:826} INFO - Processing file /home/airflow/.local/lib/python3.7/site-packages/airflow/example_dags/example_bash_operator.py for tasks to queue
[2023-08-09T22:37:37.590+0000] {logging_mixin.py:150} INFO - [2023-08-09T22:37:37.590+0000] {dagbag.py:541} INFO - Filling up the DagBag from /home/airflow/.local/lib/python3.7/site-packages/airflow/example_dags/example_bash_operator.py
[2023-08-09T22:37:37.600+0000] {processor.py:836} INFO - DAG(s) dict_keys(['example_bash_operator']) retrieved from /home/airflow/.local/lib/python3.7/site-packages/airflow/example_dags/example_bash_operator.py
[2023-08-09T22:37:37.622+0000] {logging_mixin.py:150} INFO - [2023-08-09T22:37:37.622+0000] {dag.py:2742} INFO - Sync 1 DAGs
[2023-08-09T22:37:37.637+0000] {logging_mixin.py:150} INFO - [2023-08-09T22:37:37.637+0000] {dag.py:3508} INFO - Setting next_dagrun for example_bash_operator to 2023-08-08T00:00:00+00:00, run_after=2023-08-09T00:00:00+00:00
[2023-08-09T22:37:37.646+0000] {processor.py:179} INFO - Processing /home/airflow/.local/lib/python3.7/site-packages/airflow/example_dags/example_bash_operator.py took 0.061 seconds
[2023-08-09T23:31:53.077+0000] {processor.py:157} INFO - Started process (PID=1420) to work on /home/airflow/.local/lib/python3.7/site-packages/airflow/example_dags/example_bash_operator.py
[2023-08-09T23:31:53.078+0000] {processor.py:826} INFO - Processing file /home/airflow/.local/lib/python3.7/site-packages/airflow/example_dags/example_bash_operator.py for tasks to queue
[2023-08-09T23:31:53.079+0000] {logging_mixin.py:150} INFO - [2023-08-09T23:31:53.079+0000] {dagbag.py:541} INFO - Filling up the DagBag from /home/airflow/.local/lib/python3.7/site-packages/airflow/example_dags/example_bash_operator.py
[2023-08-09T23:31:53.089+0000] {processor.py:836} INFO - DAG(s) dict_keys(['example_bash_operator']) retrieved from /home/airflow/.local/lib/python3.7/site-packages/airflow/example_dags/example_bash_operator.py
[2023-08-09T23:31:53.112+0000] {logging_mixin.py:150} INFO - [2023-08-09T23:31:53.112+0000] {dag.py:2742} INFO - Sync 1 DAGs
[2023-08-09T23:31:53.126+0000] {logging_mixin.py:150} INFO - [2023-08-09T23:31:53.126+0000] {dag.py:3508} INFO - Setting next_dagrun for example_bash_operator to 2023-08-08T00:00:00+00:00, run_after=2023-08-09T00:00:00+00:00
[2023-08-09T23:31:53.136+0000] {processor.py:179} INFO - Processing /home/airflow/.local/lib/python3.7/site-packages/airflow/example_dags/example_bash_operator.py took 0.061 seconds
