[2023-08-09T12:03:22.503+0000] {processor.py:157} INFO - Started process (PID=52) to work on /home/airflow/.local/lib/python3.7/site-packages/airflow/example_dags/tutorial_dag.py
[2023-08-09T12:03:22.504+0000] {processor.py:826} INFO - Processing file /home/airflow/.local/lib/python3.7/site-packages/airflow/example_dags/tutorial_dag.py for tasks to queue
[2023-08-09T12:03:22.505+0000] {logging_mixin.py:150} INFO - [2023-08-09T12:03:22.505+0000] {dagbag.py:541} INFO - Filling up the DagBag from /home/airflow/.local/lib/python3.7/site-packages/airflow/example_dags/tutorial_dag.py
[2023-08-09T12:03:22.512+0000] {processor.py:836} INFO - DAG(s) dict_keys(['tutorial_dag']) retrieved from /home/airflow/.local/lib/python3.7/site-packages/airflow/example_dags/tutorial_dag.py
[2023-08-09T12:03:22.523+0000] {logging_mixin.py:150} INFO - [2023-08-09T12:03:22.523+0000] {dag.py:2742} INFO - Sync 1 DAGs
[2023-08-09T12:03:22.541+0000] {logging_mixin.py:150} INFO - [2023-08-09T12:03:22.541+0000] {dag.py:3508} INFO - Setting next_dagrun for tutorial_dag to None, run_after=None
[2023-08-09T12:03:22.562+0000] {processor.py:179} INFO - Processing /home/airflow/.local/lib/python3.7/site-packages/airflow/example_dags/tutorial_dag.py took 0.062 seconds
[2023-08-09T12:03:53.681+0000] {processor.py:157} INFO - Started process (PID=111) to work on /home/airflow/.local/lib/python3.7/site-packages/airflow/example_dags/tutorial_dag.py
[2023-08-09T12:03:53.682+0000] {processor.py:826} INFO - Processing file /home/airflow/.local/lib/python3.7/site-packages/airflow/example_dags/tutorial_dag.py for tasks to queue
[2023-08-09T12:03:53.683+0000] {logging_mixin.py:150} INFO - [2023-08-09T12:03:53.683+0000] {dagbag.py:541} INFO - Filling up the DagBag from /home/airflow/.local/lib/python3.7/site-packages/airflow/example_dags/tutorial_dag.py
[2023-08-09T12:03:53.688+0000] {processor.py:836} INFO - DAG(s) dict_keys(['tutorial_dag']) retrieved from /home/airflow/.local/lib/python3.7/site-packages/airflow/example_dags/tutorial_dag.py
[2023-08-09T12:03:53.705+0000] {logging_mixin.py:150} INFO - [2023-08-09T12:03:53.705+0000] {dag.py:2742} INFO - Sync 1 DAGs
[2023-08-09T12:03:53.719+0000] {logging_mixin.py:150} INFO - [2023-08-09T12:03:53.719+0000] {dag.py:3508} INFO - Setting next_dagrun for tutorial_dag to None, run_after=None
[2023-08-09T12:03:53.728+0000] {processor.py:179} INFO - Processing /home/airflow/.local/lib/python3.7/site-packages/airflow/example_dags/tutorial_dag.py took 0.050 seconds
[2023-08-09T12:04:23.861+0000] {processor.py:157} INFO - Started process (PID=170) to work on /home/airflow/.local/lib/python3.7/site-packages/airflow/example_dags/tutorial_dag.py
[2023-08-09T12:04:23.862+0000] {processor.py:826} INFO - Processing file /home/airflow/.local/lib/python3.7/site-packages/airflow/example_dags/tutorial_dag.py for tasks to queue
[2023-08-09T12:04:23.863+0000] {logging_mixin.py:150} INFO - [2023-08-09T12:04:23.862+0000] {dagbag.py:541} INFO - Filling up the DagBag from /home/airflow/.local/lib/python3.7/site-packages/airflow/example_dags/tutorial_dag.py
[2023-08-09T12:04:23.867+0000] {processor.py:836} INFO - DAG(s) dict_keys(['tutorial_dag']) retrieved from /home/airflow/.local/lib/python3.7/site-packages/airflow/example_dags/tutorial_dag.py
[2023-08-09T12:04:23.886+0000] {logging_mixin.py:150} INFO - [2023-08-09T12:04:23.886+0000] {dag.py:2742} INFO - Sync 1 DAGs
[2023-08-09T12:04:23.900+0000] {logging_mixin.py:150} INFO - [2023-08-09T12:04:23.900+0000] {dag.py:3508} INFO - Setting next_dagrun for tutorial_dag to None, run_after=None
[2023-08-09T12:04:23.910+0000] {processor.py:179} INFO - Processing /home/airflow/.local/lib/python3.7/site-packages/airflow/example_dags/tutorial_dag.py took 0.052 seconds
[2023-08-09T12:04:54.050+0000] {processor.py:157} INFO - Started process (PID=228) to work on /home/airflow/.local/lib/python3.7/site-packages/airflow/example_dags/tutorial_dag.py
[2023-08-09T12:04:54.052+0000] {processor.py:826} INFO - Processing file /home/airflow/.local/lib/python3.7/site-packages/airflow/example_dags/tutorial_dag.py for tasks to queue
[2023-08-09T12:04:54.053+0000] {logging_mixin.py:150} INFO - [2023-08-09T12:04:54.053+0000] {dagbag.py:541} INFO - Filling up the DagBag from /home/airflow/.local/lib/python3.7/site-packages/airflow/example_dags/tutorial_dag.py
[2023-08-09T12:04:54.057+0000] {processor.py:836} INFO - DAG(s) dict_keys(['tutorial_dag']) retrieved from /home/airflow/.local/lib/python3.7/site-packages/airflow/example_dags/tutorial_dag.py
[2023-08-09T12:04:54.076+0000] {logging_mixin.py:150} INFO - [2023-08-09T12:04:54.076+0000] {dag.py:2742} INFO - Sync 1 DAGs
[2023-08-09T12:04:54.091+0000] {logging_mixin.py:150} INFO - [2023-08-09T12:04:54.091+0000] {dag.py:3508} INFO - Setting next_dagrun for tutorial_dag to None, run_after=None
[2023-08-09T12:04:54.101+0000] {processor.py:179} INFO - Processing /home/airflow/.local/lib/python3.7/site-packages/airflow/example_dags/tutorial_dag.py took 0.054 seconds
[2023-08-09T12:05:24.329+0000] {processor.py:157} INFO - Started process (PID=287) to work on /home/airflow/.local/lib/python3.7/site-packages/airflow/example_dags/tutorial_dag.py
[2023-08-09T12:05:24.330+0000] {processor.py:826} INFO - Processing file /home/airflow/.local/lib/python3.7/site-packages/airflow/example_dags/tutorial_dag.py for tasks to queue
[2023-08-09T12:05:24.331+0000] {logging_mixin.py:150} INFO - [2023-08-09T12:05:24.331+0000] {dagbag.py:541} INFO - Filling up the DagBag from /home/airflow/.local/lib/python3.7/site-packages/airflow/example_dags/tutorial_dag.py
[2023-08-09T12:05:24.335+0000] {processor.py:836} INFO - DAG(s) dict_keys(['tutorial_dag']) retrieved from /home/airflow/.local/lib/python3.7/site-packages/airflow/example_dags/tutorial_dag.py
[2023-08-09T12:05:24.352+0000] {logging_mixin.py:150} INFO - [2023-08-09T12:05:24.352+0000] {dag.py:2742} INFO - Sync 1 DAGs
[2023-08-09T12:05:24.366+0000] {logging_mixin.py:150} INFO - [2023-08-09T12:05:24.366+0000] {dag.py:3508} INFO - Setting next_dagrun for tutorial_dag to None, run_after=None
[2023-08-09T12:05:24.376+0000] {processor.py:179} INFO - Processing /home/airflow/.local/lib/python3.7/site-packages/airflow/example_dags/tutorial_dag.py took 0.050 seconds
[2023-08-09T12:05:54.633+0000] {processor.py:157} INFO - Started process (PID=346) to work on /home/airflow/.local/lib/python3.7/site-packages/airflow/example_dags/tutorial_dag.py
[2023-08-09T12:05:54.634+0000] {processor.py:826} INFO - Processing file /home/airflow/.local/lib/python3.7/site-packages/airflow/example_dags/tutorial_dag.py for tasks to queue
[2023-08-09T12:05:54.635+0000] {logging_mixin.py:150} INFO - [2023-08-09T12:05:54.634+0000] {dagbag.py:541} INFO - Filling up the DagBag from /home/airflow/.local/lib/python3.7/site-packages/airflow/example_dags/tutorial_dag.py
[2023-08-09T12:05:54.639+0000] {processor.py:836} INFO - DAG(s) dict_keys(['tutorial_dag']) retrieved from /home/airflow/.local/lib/python3.7/site-packages/airflow/example_dags/tutorial_dag.py
[2023-08-09T12:05:54.656+0000] {logging_mixin.py:150} INFO - [2023-08-09T12:05:54.656+0000] {dag.py:2742} INFO - Sync 1 DAGs
[2023-08-09T12:05:54.670+0000] {logging_mixin.py:150} INFO - [2023-08-09T12:05:54.670+0000] {dag.py:3508} INFO - Setting next_dagrun for tutorial_dag to None, run_after=None
[2023-08-09T12:05:54.679+0000] {processor.py:179} INFO - Processing /home/airflow/.local/lib/python3.7/site-packages/airflow/example_dags/tutorial_dag.py took 0.049 seconds
[2023-08-09T12:06:24.858+0000] {processor.py:157} INFO - Started process (PID=405) to work on /home/airflow/.local/lib/python3.7/site-packages/airflow/example_dags/tutorial_dag.py
[2023-08-09T12:06:24.859+0000] {processor.py:826} INFO - Processing file /home/airflow/.local/lib/python3.7/site-packages/airflow/example_dags/tutorial_dag.py for tasks to queue
[2023-08-09T12:06:24.860+0000] {logging_mixin.py:150} INFO - [2023-08-09T12:06:24.860+0000] {dagbag.py:541} INFO - Filling up the DagBag from /home/airflow/.local/lib/python3.7/site-packages/airflow/example_dags/tutorial_dag.py
[2023-08-09T12:06:24.864+0000] {processor.py:836} INFO - DAG(s) dict_keys(['tutorial_dag']) retrieved from /home/airflow/.local/lib/python3.7/site-packages/airflow/example_dags/tutorial_dag.py
[2023-08-09T12:06:24.881+0000] {logging_mixin.py:150} INFO - [2023-08-09T12:06:24.881+0000] {dag.py:2742} INFO - Sync 1 DAGs
[2023-08-09T12:06:24.895+0000] {logging_mixin.py:150} INFO - [2023-08-09T12:06:24.895+0000] {dag.py:3508} INFO - Setting next_dagrun for tutorial_dag to None, run_after=None
[2023-08-09T12:06:24.905+0000] {processor.py:179} INFO - Processing /home/airflow/.local/lib/python3.7/site-packages/airflow/example_dags/tutorial_dag.py took 0.049 seconds
[2023-08-09T12:06:55.195+0000] {processor.py:157} INFO - Started process (PID=464) to work on /home/airflow/.local/lib/python3.7/site-packages/airflow/example_dags/tutorial_dag.py
[2023-08-09T12:06:55.197+0000] {processor.py:826} INFO - Processing file /home/airflow/.local/lib/python3.7/site-packages/airflow/example_dags/tutorial_dag.py for tasks to queue
[2023-08-09T12:06:55.197+0000] {logging_mixin.py:150} INFO - [2023-08-09T12:06:55.197+0000] {dagbag.py:541} INFO - Filling up the DagBag from /home/airflow/.local/lib/python3.7/site-packages/airflow/example_dags/tutorial_dag.py
[2023-08-09T12:06:55.202+0000] {processor.py:836} INFO - DAG(s) dict_keys(['tutorial_dag']) retrieved from /home/airflow/.local/lib/python3.7/site-packages/airflow/example_dags/tutorial_dag.py
[2023-08-09T12:06:55.221+0000] {logging_mixin.py:150} INFO - [2023-08-09T12:06:55.221+0000] {dag.py:2742} INFO - Sync 1 DAGs
[2023-08-09T12:06:55.236+0000] {logging_mixin.py:150} INFO - [2023-08-09T12:06:55.236+0000] {dag.py:3508} INFO - Setting next_dagrun for tutorial_dag to None, run_after=None
[2023-08-09T12:06:55.246+0000] {processor.py:179} INFO - Processing /home/airflow/.local/lib/python3.7/site-packages/airflow/example_dags/tutorial_dag.py took 0.053 seconds
[2023-08-09T12:07:27.755+0000] {processor.py:157} INFO - Started process (PID=524) to work on /home/airflow/.local/lib/python3.7/site-packages/airflow/example_dags/tutorial_dag.py
[2023-08-09T12:07:27.756+0000] {processor.py:826} INFO - Processing file /home/airflow/.local/lib/python3.7/site-packages/airflow/example_dags/tutorial_dag.py for tasks to queue
[2023-08-09T12:07:27.757+0000] {logging_mixin.py:150} INFO - [2023-08-09T12:07:27.756+0000] {dagbag.py:541} INFO - Filling up the DagBag from /home/airflow/.local/lib/python3.7/site-packages/airflow/example_dags/tutorial_dag.py
[2023-08-09T12:07:27.761+0000] {processor.py:836} INFO - DAG(s) dict_keys(['tutorial_dag']) retrieved from /home/airflow/.local/lib/python3.7/site-packages/airflow/example_dags/tutorial_dag.py
[2023-08-09T12:07:27.777+0000] {logging_mixin.py:150} INFO - [2023-08-09T12:07:27.777+0000] {dag.py:2742} INFO - Sync 1 DAGs
[2023-08-09T12:07:27.790+0000] {logging_mixin.py:150} INFO - [2023-08-09T12:07:27.790+0000] {dag.py:3508} INFO - Setting next_dagrun for tutorial_dag to None, run_after=None
[2023-08-09T12:07:27.800+0000] {processor.py:179} INFO - Processing /home/airflow/.local/lib/python3.7/site-packages/airflow/example_dags/tutorial_dag.py took 0.048 seconds
[2023-08-09T12:16:43.573+0000] {processor.py:157} INFO - Started process (PID=585) to work on /home/airflow/.local/lib/python3.7/site-packages/airflow/example_dags/tutorial_dag.py
[2023-08-09T12:16:43.575+0000] {processor.py:826} INFO - Processing file /home/airflow/.local/lib/python3.7/site-packages/airflow/example_dags/tutorial_dag.py for tasks to queue
[2023-08-09T12:16:43.576+0000] {logging_mixin.py:150} INFO - [2023-08-09T12:16:43.576+0000] {dagbag.py:541} INFO - Filling up the DagBag from /home/airflow/.local/lib/python3.7/site-packages/airflow/example_dags/tutorial_dag.py
[2023-08-09T12:16:43.582+0000] {processor.py:836} INFO - DAG(s) dict_keys(['tutorial_dag']) retrieved from /home/airflow/.local/lib/python3.7/site-packages/airflow/example_dags/tutorial_dag.py
[2023-08-09T12:16:43.649+0000] {logging_mixin.py:150} INFO - [2023-08-09T12:16:43.649+0000] {dag.py:2742} INFO - Sync 1 DAGs
[2023-08-09T12:16:43.676+0000] {logging_mixin.py:150} INFO - [2023-08-09T12:16:43.676+0000] {dag.py:3508} INFO - Setting next_dagrun for tutorial_dag to None, run_after=None
[2023-08-09T12:16:43.700+0000] {processor.py:179} INFO - Processing /home/airflow/.local/lib/python3.7/site-packages/airflow/example_dags/tutorial_dag.py took 0.130 seconds
[2023-08-09T12:17:13.789+0000] {processor.py:157} INFO - Started process (PID=644) to work on /home/airflow/.local/lib/python3.7/site-packages/airflow/example_dags/tutorial_dag.py
[2023-08-09T12:17:13.789+0000] {processor.py:826} INFO - Processing file /home/airflow/.local/lib/python3.7/site-packages/airflow/example_dags/tutorial_dag.py for tasks to queue
[2023-08-09T12:17:13.790+0000] {logging_mixin.py:150} INFO - [2023-08-09T12:17:13.790+0000] {dagbag.py:541} INFO - Filling up the DagBag from /home/airflow/.local/lib/python3.7/site-packages/airflow/example_dags/tutorial_dag.py
[2023-08-09T12:17:13.795+0000] {processor.py:836} INFO - DAG(s) dict_keys(['tutorial_dag']) retrieved from /home/airflow/.local/lib/python3.7/site-packages/airflow/example_dags/tutorial_dag.py
[2023-08-09T12:17:13.811+0000] {logging_mixin.py:150} INFO - [2023-08-09T12:17:13.811+0000] {dag.py:2742} INFO - Sync 1 DAGs
[2023-08-09T12:17:13.824+0000] {logging_mixin.py:150} INFO - [2023-08-09T12:17:13.824+0000] {dag.py:3508} INFO - Setting next_dagrun for tutorial_dag to None, run_after=None
[2023-08-09T12:17:13.833+0000] {processor.py:179} INFO - Processing /home/airflow/.local/lib/python3.7/site-packages/airflow/example_dags/tutorial_dag.py took 0.047 seconds
[2023-08-09T12:33:46.383+0000] {processor.py:157} INFO - Started process (PID=703) to work on /home/airflow/.local/lib/python3.7/site-packages/airflow/example_dags/tutorial_dag.py
[2023-08-09T12:33:46.384+0000] {processor.py:826} INFO - Processing file /home/airflow/.local/lib/python3.7/site-packages/airflow/example_dags/tutorial_dag.py for tasks to queue
[2023-08-09T12:33:46.385+0000] {logging_mixin.py:150} INFO - [2023-08-09T12:33:46.385+0000] {dagbag.py:541} INFO - Filling up the DagBag from /home/airflow/.local/lib/python3.7/site-packages/airflow/example_dags/tutorial_dag.py
[2023-08-09T12:33:46.389+0000] {processor.py:836} INFO - DAG(s) dict_keys(['tutorial_dag']) retrieved from /home/airflow/.local/lib/python3.7/site-packages/airflow/example_dags/tutorial_dag.py
[2023-08-09T12:33:46.408+0000] {logging_mixin.py:150} INFO - [2023-08-09T12:33:46.407+0000] {dag.py:2742} INFO - Sync 1 DAGs
[2023-08-09T12:33:46.422+0000] {logging_mixin.py:150} INFO - [2023-08-09T12:33:46.422+0000] {dag.py:3508} INFO - Setting next_dagrun for tutorial_dag to None, run_after=None
[2023-08-09T12:33:46.432+0000] {processor.py:179} INFO - Processing /home/airflow/.local/lib/python3.7/site-packages/airflow/example_dags/tutorial_dag.py took 0.051 seconds
[2023-08-09T13:56:51.566+0000] {processor.py:157} INFO - Started process (PID=762) to work on /home/airflow/.local/lib/python3.7/site-packages/airflow/example_dags/tutorial_dag.py
[2023-08-09T13:56:51.567+0000] {processor.py:826} INFO - Processing file /home/airflow/.local/lib/python3.7/site-packages/airflow/example_dags/tutorial_dag.py for tasks to queue
[2023-08-09T13:56:51.568+0000] {logging_mixin.py:150} INFO - [2023-08-09T13:56:51.567+0000] {dagbag.py:541} INFO - Filling up the DagBag from /home/airflow/.local/lib/python3.7/site-packages/airflow/example_dags/tutorial_dag.py
[2023-08-09T13:56:51.572+0000] {processor.py:836} INFO - DAG(s) dict_keys(['tutorial_dag']) retrieved from /home/airflow/.local/lib/python3.7/site-packages/airflow/example_dags/tutorial_dag.py
[2023-08-09T13:56:51.590+0000] {logging_mixin.py:150} INFO - [2023-08-09T13:56:51.590+0000] {dag.py:2742} INFO - Sync 1 DAGs
[2023-08-09T13:56:51.605+0000] {logging_mixin.py:150} INFO - [2023-08-09T13:56:51.605+0000] {dag.py:3508} INFO - Setting next_dagrun for tutorial_dag to None, run_after=None
[2023-08-09T13:56:51.615+0000] {processor.py:179} INFO - Processing /home/airflow/.local/lib/python3.7/site-packages/airflow/example_dags/tutorial_dag.py took 0.052 seconds
[2023-08-09T14:58:25.771+0000] {processor.py:157} INFO - Started process (PID=821) to work on /home/airflow/.local/lib/python3.7/site-packages/airflow/example_dags/tutorial_dag.py
[2023-08-09T14:58:25.773+0000] {processor.py:826} INFO - Processing file /home/airflow/.local/lib/python3.7/site-packages/airflow/example_dags/tutorial_dag.py for tasks to queue
[2023-08-09T14:58:25.773+0000] {logging_mixin.py:150} INFO - [2023-08-09T14:58:25.773+0000] {dagbag.py:541} INFO - Filling up the DagBag from /home/airflow/.local/lib/python3.7/site-packages/airflow/example_dags/tutorial_dag.py
[2023-08-09T14:58:25.778+0000] {processor.py:836} INFO - DAG(s) dict_keys(['tutorial_dag']) retrieved from /home/airflow/.local/lib/python3.7/site-packages/airflow/example_dags/tutorial_dag.py
[2023-08-09T14:58:25.795+0000] {logging_mixin.py:150} INFO - [2023-08-09T14:58:25.795+0000] {dag.py:2742} INFO - Sync 1 DAGs
[2023-08-09T14:58:25.809+0000] {logging_mixin.py:150} INFO - [2023-08-09T14:58:25.809+0000] {dag.py:3508} INFO - Setting next_dagrun for tutorial_dag to None, run_after=None
[2023-08-09T14:58:25.817+0000] {processor.py:179} INFO - Processing /home/airflow/.local/lib/python3.7/site-packages/airflow/example_dags/tutorial_dag.py took 0.049 seconds
[2023-08-09T14:58:58.465+0000] {processor.py:157} INFO - Started process (PID=881) to work on /home/airflow/.local/lib/python3.7/site-packages/airflow/example_dags/tutorial_dag.py
[2023-08-09T14:58:58.466+0000] {processor.py:826} INFO - Processing file /home/airflow/.local/lib/python3.7/site-packages/airflow/example_dags/tutorial_dag.py for tasks to queue
[2023-08-09T14:58:58.467+0000] {logging_mixin.py:150} INFO - [2023-08-09T14:58:58.466+0000] {dagbag.py:541} INFO - Filling up the DagBag from /home/airflow/.local/lib/python3.7/site-packages/airflow/example_dags/tutorial_dag.py
[2023-08-09T14:58:58.470+0000] {processor.py:836} INFO - DAG(s) dict_keys(['tutorial_dag']) retrieved from /home/airflow/.local/lib/python3.7/site-packages/airflow/example_dags/tutorial_dag.py
[2023-08-09T14:58:58.811+0000] {logging_mixin.py:150} INFO - [2023-08-09T14:58:58.810+0000] {dag.py:2742} INFO - Sync 1 DAGs
[2023-08-09T14:58:58.834+0000] {logging_mixin.py:150} INFO - [2023-08-09T14:58:58.834+0000] {dag.py:3508} INFO - Setting next_dagrun for tutorial_dag to None, run_after=None
[2023-08-09T14:58:58.847+0000] {processor.py:179} INFO - Processing /home/airflow/.local/lib/python3.7/site-packages/airflow/example_dags/tutorial_dag.py took 0.385 seconds
[2023-08-09T16:16:43.076+0000] {processor.py:157} INFO - Started process (PID=940) to work on /home/airflow/.local/lib/python3.7/site-packages/airflow/example_dags/tutorial_dag.py
[2023-08-09T16:16:43.077+0000] {processor.py:826} INFO - Processing file /home/airflow/.local/lib/python3.7/site-packages/airflow/example_dags/tutorial_dag.py for tasks to queue
[2023-08-09T16:16:43.078+0000] {logging_mixin.py:150} INFO - [2023-08-09T16:16:43.078+0000] {dagbag.py:541} INFO - Filling up the DagBag from /home/airflow/.local/lib/python3.7/site-packages/airflow/example_dags/tutorial_dag.py
[2023-08-09T16:16:43.082+0000] {processor.py:836} INFO - DAG(s) dict_keys(['tutorial_dag']) retrieved from /home/airflow/.local/lib/python3.7/site-packages/airflow/example_dags/tutorial_dag.py
[2023-08-09T16:16:43.099+0000] {logging_mixin.py:150} INFO - [2023-08-09T16:16:43.099+0000] {dag.py:2742} INFO - Sync 1 DAGs
[2023-08-09T16:16:43.113+0000] {logging_mixin.py:150} INFO - [2023-08-09T16:16:43.113+0000] {dag.py:3508} INFO - Setting next_dagrun for tutorial_dag to None, run_after=None
[2023-08-09T16:16:43.122+0000] {processor.py:179} INFO - Processing /home/airflow/.local/lib/python3.7/site-packages/airflow/example_dags/tutorial_dag.py took 0.049 seconds
[2023-08-09T17:36:41.132+0000] {processor.py:157} INFO - Started process (PID=999) to work on /home/airflow/.local/lib/python3.7/site-packages/airflow/example_dags/tutorial_dag.py
[2023-08-09T17:36:41.133+0000] {processor.py:826} INFO - Processing file /home/airflow/.local/lib/python3.7/site-packages/airflow/example_dags/tutorial_dag.py for tasks to queue
[2023-08-09T17:36:41.134+0000] {logging_mixin.py:150} INFO - [2023-08-09T17:36:41.134+0000] {dagbag.py:541} INFO - Filling up the DagBag from /home/airflow/.local/lib/python3.7/site-packages/airflow/example_dags/tutorial_dag.py
[2023-08-09T17:36:41.139+0000] {processor.py:836} INFO - DAG(s) dict_keys(['tutorial_dag']) retrieved from /home/airflow/.local/lib/python3.7/site-packages/airflow/example_dags/tutorial_dag.py
[2023-08-09T17:36:41.159+0000] {logging_mixin.py:150} INFO - [2023-08-09T17:36:41.159+0000] {dag.py:2742} INFO - Sync 1 DAGs
[2023-08-09T17:36:41.174+0000] {logging_mixin.py:150} INFO - [2023-08-09T17:36:41.174+0000] {dag.py:3508} INFO - Setting next_dagrun for tutorial_dag to None, run_after=None
[2023-08-09T17:36:41.185+0000] {processor.py:179} INFO - Processing /home/airflow/.local/lib/python3.7/site-packages/airflow/example_dags/tutorial_dag.py took 0.056 seconds
[2023-08-09T18:58:23.712+0000] {processor.py:157} INFO - Started process (PID=1058) to work on /home/airflow/.local/lib/python3.7/site-packages/airflow/example_dags/tutorial_dag.py
[2023-08-09T18:58:23.713+0000] {processor.py:826} INFO - Processing file /home/airflow/.local/lib/python3.7/site-packages/airflow/example_dags/tutorial_dag.py for tasks to queue
[2023-08-09T18:58:23.714+0000] {logging_mixin.py:150} INFO - [2023-08-09T18:58:23.714+0000] {dagbag.py:541} INFO - Filling up the DagBag from /home/airflow/.local/lib/python3.7/site-packages/airflow/example_dags/tutorial_dag.py
[2023-08-09T18:58:23.719+0000] {processor.py:836} INFO - DAG(s) dict_keys(['tutorial_dag']) retrieved from /home/airflow/.local/lib/python3.7/site-packages/airflow/example_dags/tutorial_dag.py
[2023-08-09T18:58:23.739+0000] {logging_mixin.py:150} INFO - [2023-08-09T18:58:23.738+0000] {dag.py:2742} INFO - Sync 1 DAGs
[2023-08-09T18:58:23.754+0000] {logging_mixin.py:150} INFO - [2023-08-09T18:58:23.754+0000] {dag.py:3508} INFO - Setting next_dagrun for tutorial_dag to None, run_after=None
[2023-08-09T18:58:23.765+0000] {processor.py:179} INFO - Processing /home/airflow/.local/lib/python3.7/site-packages/airflow/example_dags/tutorial_dag.py took 0.056 seconds
[2023-08-09T20:21:03.344+0000] {processor.py:157} INFO - Started process (PID=1117) to work on /home/airflow/.local/lib/python3.7/site-packages/airflow/example_dags/tutorial_dag.py
[2023-08-09T20:21:03.346+0000] {processor.py:826} INFO - Processing file /home/airflow/.local/lib/python3.7/site-packages/airflow/example_dags/tutorial_dag.py for tasks to queue
[2023-08-09T20:21:03.347+0000] {logging_mixin.py:150} INFO - [2023-08-09T20:21:03.346+0000] {dagbag.py:541} INFO - Filling up the DagBag from /home/airflow/.local/lib/python3.7/site-packages/airflow/example_dags/tutorial_dag.py
[2023-08-09T20:21:03.352+0000] {processor.py:836} INFO - DAG(s) dict_keys(['tutorial_dag']) retrieved from /home/airflow/.local/lib/python3.7/site-packages/airflow/example_dags/tutorial_dag.py
[2023-08-09T20:21:03.388+0000] {logging_mixin.py:150} INFO - [2023-08-09T20:21:03.388+0000] {dag.py:2742} INFO - Sync 1 DAGs
[2023-08-09T20:21:03.402+0000] {logging_mixin.py:150} INFO - [2023-08-09T20:21:03.402+0000] {dag.py:3508} INFO - Setting next_dagrun for tutorial_dag to None, run_after=None
[2023-08-09T20:21:03.412+0000] {processor.py:179} INFO - Processing /home/airflow/.local/lib/python3.7/site-packages/airflow/example_dags/tutorial_dag.py took 0.071 seconds
[2023-08-09T21:44:56.160+0000] {processor.py:157} INFO - Started process (PID=1176) to work on /home/airflow/.local/lib/python3.7/site-packages/airflow/example_dags/tutorial_dag.py
[2023-08-09T21:44:56.161+0000] {processor.py:826} INFO - Processing file /home/airflow/.local/lib/python3.7/site-packages/airflow/example_dags/tutorial_dag.py for tasks to queue
[2023-08-09T21:44:56.162+0000] {logging_mixin.py:150} INFO - [2023-08-09T21:44:56.162+0000] {dagbag.py:541} INFO - Filling up the DagBag from /home/airflow/.local/lib/python3.7/site-packages/airflow/example_dags/tutorial_dag.py
[2023-08-09T21:44:56.166+0000] {processor.py:836} INFO - DAG(s) dict_keys(['tutorial_dag']) retrieved from /home/airflow/.local/lib/python3.7/site-packages/airflow/example_dags/tutorial_dag.py
[2023-08-09T21:44:56.184+0000] {logging_mixin.py:150} INFO - [2023-08-09T21:44:56.184+0000] {dag.py:2742} INFO - Sync 1 DAGs
[2023-08-09T21:44:56.199+0000] {logging_mixin.py:150} INFO - [2023-08-09T21:44:56.199+0000] {dag.py:3508} INFO - Setting next_dagrun for tutorial_dag to None, run_after=None
[2023-08-09T21:44:56.209+0000] {processor.py:179} INFO - Processing /home/airflow/.local/lib/python3.7/site-packages/airflow/example_dags/tutorial_dag.py took 0.052 seconds
[2023-08-09T22:36:36.689+0000] {processor.py:157} INFO - Started process (PID=1235) to work on /home/airflow/.local/lib/python3.7/site-packages/airflow/example_dags/tutorial_dag.py
[2023-08-09T22:36:36.690+0000] {processor.py:826} INFO - Processing file /home/airflow/.local/lib/python3.7/site-packages/airflow/example_dags/tutorial_dag.py for tasks to queue
[2023-08-09T22:36:36.691+0000] {logging_mixin.py:150} INFO - [2023-08-09T22:36:36.691+0000] {dagbag.py:541} INFO - Filling up the DagBag from /home/airflow/.local/lib/python3.7/site-packages/airflow/example_dags/tutorial_dag.py
[2023-08-09T22:36:36.696+0000] {processor.py:836} INFO - DAG(s) dict_keys(['tutorial_dag']) retrieved from /home/airflow/.local/lib/python3.7/site-packages/airflow/example_dags/tutorial_dag.py
[2023-08-09T22:36:36.713+0000] {logging_mixin.py:150} INFO - [2023-08-09T22:36:36.713+0000] {dag.py:2742} INFO - Sync 1 DAGs
[2023-08-09T22:36:36.726+0000] {logging_mixin.py:150} INFO - [2023-08-09T22:36:36.726+0000] {dag.py:3508} INFO - Setting next_dagrun for tutorial_dag to None, run_after=None
[2023-08-09T22:36:36.735+0000] {processor.py:179} INFO - Processing /home/airflow/.local/lib/python3.7/site-packages/airflow/example_dags/tutorial_dag.py took 0.049 seconds
[2023-08-09T22:37:07.019+0000] {processor.py:157} INFO - Started process (PID=1294) to work on /home/airflow/.local/lib/python3.7/site-packages/airflow/example_dags/tutorial_dag.py
[2023-08-09T22:37:07.020+0000] {processor.py:826} INFO - Processing file /home/airflow/.local/lib/python3.7/site-packages/airflow/example_dags/tutorial_dag.py for tasks to queue
[2023-08-09T22:37:07.021+0000] {logging_mixin.py:150} INFO - [2023-08-09T22:37:07.021+0000] {dagbag.py:541} INFO - Filling up the DagBag from /home/airflow/.local/lib/python3.7/site-packages/airflow/example_dags/tutorial_dag.py
[2023-08-09T22:37:07.025+0000] {processor.py:836} INFO - DAG(s) dict_keys(['tutorial_dag']) retrieved from /home/airflow/.local/lib/python3.7/site-packages/airflow/example_dags/tutorial_dag.py
[2023-08-09T22:37:07.042+0000] {logging_mixin.py:150} INFO - [2023-08-09T22:37:07.042+0000] {dag.py:2742} INFO - Sync 1 DAGs
[2023-08-09T22:37:07.056+0000] {logging_mixin.py:150} INFO - [2023-08-09T22:37:07.056+0000] {dag.py:3508} INFO - Setting next_dagrun for tutorial_dag to None, run_after=None
[2023-08-09T22:37:07.065+0000] {processor.py:179} INFO - Processing /home/airflow/.local/lib/python3.7/site-packages/airflow/example_dags/tutorial_dag.py took 0.048 seconds
[2023-08-09T22:37:37.262+0000] {processor.py:157} INFO - Started process (PID=1353) to work on /home/airflow/.local/lib/python3.7/site-packages/airflow/example_dags/tutorial_dag.py
[2023-08-09T22:37:37.262+0000] {processor.py:826} INFO - Processing file /home/airflow/.local/lib/python3.7/site-packages/airflow/example_dags/tutorial_dag.py for tasks to queue
[2023-08-09T22:37:37.263+0000] {logging_mixin.py:150} INFO - [2023-08-09T22:37:37.263+0000] {dagbag.py:541} INFO - Filling up the DagBag from /home/airflow/.local/lib/python3.7/site-packages/airflow/example_dags/tutorial_dag.py
[2023-08-09T22:37:37.267+0000] {processor.py:836} INFO - DAG(s) dict_keys(['tutorial_dag']) retrieved from /home/airflow/.local/lib/python3.7/site-packages/airflow/example_dags/tutorial_dag.py
[2023-08-09T22:37:37.284+0000] {logging_mixin.py:150} INFO - [2023-08-09T22:37:37.284+0000] {dag.py:2742} INFO - Sync 1 DAGs
[2023-08-09T22:37:37.297+0000] {logging_mixin.py:150} INFO - [2023-08-09T22:37:37.297+0000] {dag.py:3508} INFO - Setting next_dagrun for tutorial_dag to None, run_after=None
[2023-08-09T22:37:37.308+0000] {processor.py:179} INFO - Processing /home/airflow/.local/lib/python3.7/site-packages/airflow/example_dags/tutorial_dag.py took 0.048 seconds
[2023-08-09T23:31:52.626+0000] {processor.py:157} INFO - Started process (PID=1412) to work on /home/airflow/.local/lib/python3.7/site-packages/airflow/example_dags/tutorial_dag.py
[2023-08-09T23:31:52.627+0000] {processor.py:826} INFO - Processing file /home/airflow/.local/lib/python3.7/site-packages/airflow/example_dags/tutorial_dag.py for tasks to queue
[2023-08-09T23:31:52.628+0000] {logging_mixin.py:150} INFO - [2023-08-09T23:31:52.628+0000] {dagbag.py:541} INFO - Filling up the DagBag from /home/airflow/.local/lib/python3.7/site-packages/airflow/example_dags/tutorial_dag.py
[2023-08-09T23:31:52.632+0000] {processor.py:836} INFO - DAG(s) dict_keys(['tutorial_dag']) retrieved from /home/airflow/.local/lib/python3.7/site-packages/airflow/example_dags/tutorial_dag.py
[2023-08-09T23:31:52.650+0000] {logging_mixin.py:150} INFO - [2023-08-09T23:31:52.650+0000] {dag.py:2742} INFO - Sync 1 DAGs
[2023-08-09T23:31:52.665+0000] {logging_mixin.py:150} INFO - [2023-08-09T23:31:52.664+0000] {dag.py:3508} INFO - Setting next_dagrun for tutorial_dag to None, run_after=None
[2023-08-09T23:31:52.674+0000] {processor.py:179} INFO - Processing /home/airflow/.local/lib/python3.7/site-packages/airflow/example_dags/tutorial_dag.py took 0.051 seconds
