[2023-08-09T12:03:22.366+0000] {processor.py:157} INFO - Started process (PID=50) to work on /home/airflow/.local/lib/python3.7/site-packages/airflow/example_dags/tutorial.py
[2023-08-09T12:03:22.367+0000] {processor.py:826} INFO - Processing file /home/airflow/.local/lib/python3.7/site-packages/airflow/example_dags/tutorial.py for tasks to queue
[2023-08-09T12:03:22.368+0000] {logging_mixin.py:150} INFO - [2023-08-09T12:03:22.367+0000] {dagbag.py:541} INFO - Filling up the DagBag from /home/airflow/.local/lib/python3.7/site-packages/airflow/example_dags/tutorial.py
[2023-08-09T12:03:22.375+0000] {processor.py:836} INFO - DAG(s) dict_keys(['tutorial']) retrieved from /home/airflow/.local/lib/python3.7/site-packages/airflow/example_dags/tutorial.py
[2023-08-09T12:03:22.386+0000] {logging_mixin.py:150} INFO - [2023-08-09T12:03:22.386+0000] {dag.py:2742} INFO - Sync 1 DAGs
[2023-08-09T12:03:22.401+0000] {logging_mixin.py:150} INFO - [2023-08-09T12:03:22.401+0000] {dag.py:3508} INFO - Setting next_dagrun for tutorial to 2023-08-08T12:03:22.401186+00:00, run_after=2023-08-09T12:03:22.401186+00:00
[2023-08-09T12:03:22.412+0000] {processor.py:179} INFO - Processing /home/airflow/.local/lib/python3.7/site-packages/airflow/example_dags/tutorial.py took 0.049 seconds
[2023-08-09T12:03:53.311+0000] {processor.py:157} INFO - Started process (PID=108) to work on /home/airflow/.local/lib/python3.7/site-packages/airflow/example_dags/tutorial.py
[2023-08-09T12:03:53.312+0000] {processor.py:826} INFO - Processing file /home/airflow/.local/lib/python3.7/site-packages/airflow/example_dags/tutorial.py for tasks to queue
[2023-08-09T12:03:53.313+0000] {logging_mixin.py:150} INFO - [2023-08-09T12:03:53.312+0000] {dagbag.py:541} INFO - Filling up the DagBag from /home/airflow/.local/lib/python3.7/site-packages/airflow/example_dags/tutorial.py
[2023-08-09T12:03:53.318+0000] {processor.py:836} INFO - DAG(s) dict_keys(['tutorial']) retrieved from /home/airflow/.local/lib/python3.7/site-packages/airflow/example_dags/tutorial.py
[2023-08-09T12:03:53.336+0000] {logging_mixin.py:150} INFO - [2023-08-09T12:03:53.335+0000] {dag.py:2742} INFO - Sync 1 DAGs
[2023-08-09T12:03:53.350+0000] {logging_mixin.py:150} INFO - [2023-08-09T12:03:53.350+0000] {dag.py:3508} INFO - Setting next_dagrun for tutorial to 2023-08-08T12:03:53.350463+00:00, run_after=2023-08-09T12:03:53.350463+00:00
[2023-08-09T12:03:53.360+0000] {processor.py:179} INFO - Processing /home/airflow/.local/lib/python3.7/site-packages/airflow/example_dags/tutorial.py took 0.053 seconds
[2023-08-09T12:04:23.732+0000] {processor.py:157} INFO - Started process (PID=167) to work on /home/airflow/.local/lib/python3.7/site-packages/airflow/example_dags/tutorial.py
[2023-08-09T12:04:23.733+0000] {processor.py:826} INFO - Processing file /home/airflow/.local/lib/python3.7/site-packages/airflow/example_dags/tutorial.py for tasks to queue
[2023-08-09T12:04:23.734+0000] {logging_mixin.py:150} INFO - [2023-08-09T12:04:23.734+0000] {dagbag.py:541} INFO - Filling up the DagBag from /home/airflow/.local/lib/python3.7/site-packages/airflow/example_dags/tutorial.py
[2023-08-09T12:04:23.739+0000] {processor.py:836} INFO - DAG(s) dict_keys(['tutorial']) retrieved from /home/airflow/.local/lib/python3.7/site-packages/airflow/example_dags/tutorial.py
[2023-08-09T12:04:23.755+0000] {logging_mixin.py:150} INFO - [2023-08-09T12:04:23.755+0000] {dag.py:2742} INFO - Sync 1 DAGs
[2023-08-09T12:04:23.770+0000] {logging_mixin.py:150} INFO - [2023-08-09T12:04:23.769+0000] {dag.py:3508} INFO - Setting next_dagrun for tutorial to 2023-08-08T12:04:23.769667+00:00, run_after=2023-08-09T12:04:23.769667+00:00
[2023-08-09T12:04:23.779+0000] {processor.py:179} INFO - Processing /home/airflow/.local/lib/python3.7/site-packages/airflow/example_dags/tutorial.py took 0.050 seconds
[2023-08-09T12:04:53.981+0000] {processor.py:157} INFO - Started process (PID=226) to work on /home/airflow/.local/lib/python3.7/site-packages/airflow/example_dags/tutorial.py
[2023-08-09T12:04:53.982+0000] {processor.py:826} INFO - Processing file /home/airflow/.local/lib/python3.7/site-packages/airflow/example_dags/tutorial.py for tasks to queue
[2023-08-09T12:04:53.983+0000] {logging_mixin.py:150} INFO - [2023-08-09T12:04:53.983+0000] {dagbag.py:541} INFO - Filling up the DagBag from /home/airflow/.local/lib/python3.7/site-packages/airflow/example_dags/tutorial.py
[2023-08-09T12:04:53.988+0000] {processor.py:836} INFO - DAG(s) dict_keys(['tutorial']) retrieved from /home/airflow/.local/lib/python3.7/site-packages/airflow/example_dags/tutorial.py
[2023-08-09T12:04:54.004+0000] {logging_mixin.py:150} INFO - [2023-08-09T12:04:54.004+0000] {dag.py:2742} INFO - Sync 1 DAGs
[2023-08-09T12:04:54.018+0000] {logging_mixin.py:150} INFO - [2023-08-09T12:04:54.018+0000] {dag.py:3508} INFO - Setting next_dagrun for tutorial to 2023-08-08T12:04:54.017823+00:00, run_after=2023-08-09T12:04:54.017823+00:00
[2023-08-09T12:04:54.027+0000] {processor.py:179} INFO - Processing /home/airflow/.local/lib/python3.7/site-packages/airflow/example_dags/tutorial.py took 0.049 seconds
[2023-08-09T12:05:24.262+0000] {processor.py:157} INFO - Started process (PID=285) to work on /home/airflow/.local/lib/python3.7/site-packages/airflow/example_dags/tutorial.py
[2023-08-09T12:05:24.263+0000] {processor.py:826} INFO - Processing file /home/airflow/.local/lib/python3.7/site-packages/airflow/example_dags/tutorial.py for tasks to queue
[2023-08-09T12:05:24.264+0000] {logging_mixin.py:150} INFO - [2023-08-09T12:05:24.263+0000] {dagbag.py:541} INFO - Filling up the DagBag from /home/airflow/.local/lib/python3.7/site-packages/airflow/example_dags/tutorial.py
[2023-08-09T12:05:24.268+0000] {processor.py:836} INFO - DAG(s) dict_keys(['tutorial']) retrieved from /home/airflow/.local/lib/python3.7/site-packages/airflow/example_dags/tutorial.py
[2023-08-09T12:05:24.285+0000] {logging_mixin.py:150} INFO - [2023-08-09T12:05:24.285+0000] {dag.py:2742} INFO - Sync 1 DAGs
[2023-08-09T12:05:24.299+0000] {logging_mixin.py:150} INFO - [2023-08-09T12:05:24.299+0000] {dag.py:3508} INFO - Setting next_dagrun for tutorial to 2023-08-08T12:05:24.299697+00:00, run_after=2023-08-09T12:05:24.299697+00:00
[2023-08-09T12:05:24.309+0000] {processor.py:179} INFO - Processing /home/airflow/.local/lib/python3.7/site-packages/airflow/example_dags/tutorial.py took 0.050 seconds
[2023-08-09T12:05:54.564+0000] {processor.py:157} INFO - Started process (PID=344) to work on /home/airflow/.local/lib/python3.7/site-packages/airflow/example_dags/tutorial.py
[2023-08-09T12:05:54.565+0000] {processor.py:826} INFO - Processing file /home/airflow/.local/lib/python3.7/site-packages/airflow/example_dags/tutorial.py for tasks to queue
[2023-08-09T12:05:54.566+0000] {logging_mixin.py:150} INFO - [2023-08-09T12:05:54.566+0000] {dagbag.py:541} INFO - Filling up the DagBag from /home/airflow/.local/lib/python3.7/site-packages/airflow/example_dags/tutorial.py
[2023-08-09T12:05:54.571+0000] {processor.py:836} INFO - DAG(s) dict_keys(['tutorial']) retrieved from /home/airflow/.local/lib/python3.7/site-packages/airflow/example_dags/tutorial.py
[2023-08-09T12:05:54.588+0000] {logging_mixin.py:150} INFO - [2023-08-09T12:05:54.588+0000] {dag.py:2742} INFO - Sync 1 DAGs
[2023-08-09T12:05:54.602+0000] {logging_mixin.py:150} INFO - [2023-08-09T12:05:54.602+0000] {dag.py:3508} INFO - Setting next_dagrun for tutorial to 2023-08-08T12:05:54.602472+00:00, run_after=2023-08-09T12:05:54.602472+00:00
[2023-08-09T12:05:54.613+0000] {processor.py:179} INFO - Processing /home/airflow/.local/lib/python3.7/site-packages/airflow/example_dags/tutorial.py took 0.051 seconds
[2023-08-09T12:06:24.791+0000] {processor.py:157} INFO - Started process (PID=403) to work on /home/airflow/.local/lib/python3.7/site-packages/airflow/example_dags/tutorial.py
[2023-08-09T12:06:24.792+0000] {processor.py:826} INFO - Processing file /home/airflow/.local/lib/python3.7/site-packages/airflow/example_dags/tutorial.py for tasks to queue
[2023-08-09T12:06:24.792+0000] {logging_mixin.py:150} INFO - [2023-08-09T12:06:24.792+0000] {dagbag.py:541} INFO - Filling up the DagBag from /home/airflow/.local/lib/python3.7/site-packages/airflow/example_dags/tutorial.py
[2023-08-09T12:06:24.798+0000] {processor.py:836} INFO - DAG(s) dict_keys(['tutorial']) retrieved from /home/airflow/.local/lib/python3.7/site-packages/airflow/example_dags/tutorial.py
[2023-08-09T12:06:24.814+0000] {logging_mixin.py:150} INFO - [2023-08-09T12:06:24.814+0000] {dag.py:2742} INFO - Sync 1 DAGs
[2023-08-09T12:06:24.827+0000] {logging_mixin.py:150} INFO - [2023-08-09T12:06:24.827+0000] {dag.py:3508} INFO - Setting next_dagrun for tutorial to 2023-08-08T12:06:24.827670+00:00, run_after=2023-08-09T12:06:24.827670+00:00
[2023-08-09T12:06:24.837+0000] {processor.py:179} INFO - Processing /home/airflow/.local/lib/python3.7/site-packages/airflow/example_dags/tutorial.py took 0.049 seconds
[2023-08-09T12:06:55.121+0000] {processor.py:157} INFO - Started process (PID=462) to work on /home/airflow/.local/lib/python3.7/site-packages/airflow/example_dags/tutorial.py
[2023-08-09T12:06:55.122+0000] {processor.py:826} INFO - Processing file /home/airflow/.local/lib/python3.7/site-packages/airflow/example_dags/tutorial.py for tasks to queue
[2023-08-09T12:06:55.123+0000] {logging_mixin.py:150} INFO - [2023-08-09T12:06:55.123+0000] {dagbag.py:541} INFO - Filling up the DagBag from /home/airflow/.local/lib/python3.7/site-packages/airflow/example_dags/tutorial.py
[2023-08-09T12:06:55.128+0000] {processor.py:836} INFO - DAG(s) dict_keys(['tutorial']) retrieved from /home/airflow/.local/lib/python3.7/site-packages/airflow/example_dags/tutorial.py
[2023-08-09T12:06:55.151+0000] {logging_mixin.py:150} INFO - [2023-08-09T12:06:55.151+0000] {dag.py:2742} INFO - Sync 1 DAGs
[2023-08-09T12:06:55.166+0000] {logging_mixin.py:150} INFO - [2023-08-09T12:06:55.165+0000] {dag.py:3508} INFO - Setting next_dagrun for tutorial to 2023-08-08T12:06:55.165734+00:00, run_after=2023-08-09T12:06:55.165734+00:00
[2023-08-09T12:06:55.175+0000] {processor.py:179} INFO - Processing /home/airflow/.local/lib/python3.7/site-packages/airflow/example_dags/tutorial.py took 0.057 seconds
[2023-08-09T12:07:27.673+0000] {processor.py:157} INFO - Started process (PID=522) to work on /home/airflow/.local/lib/python3.7/site-packages/airflow/example_dags/tutorial.py
[2023-08-09T12:07:27.674+0000] {processor.py:826} INFO - Processing file /home/airflow/.local/lib/python3.7/site-packages/airflow/example_dags/tutorial.py for tasks to queue
[2023-08-09T12:07:27.675+0000] {logging_mixin.py:150} INFO - [2023-08-09T12:07:27.674+0000] {dagbag.py:541} INFO - Filling up the DagBag from /home/airflow/.local/lib/python3.7/site-packages/airflow/example_dags/tutorial.py
[2023-08-09T12:07:27.680+0000] {processor.py:836} INFO - DAG(s) dict_keys(['tutorial']) retrieved from /home/airflow/.local/lib/python3.7/site-packages/airflow/example_dags/tutorial.py
[2023-08-09T12:07:27.698+0000] {logging_mixin.py:150} INFO - [2023-08-09T12:07:27.698+0000] {dag.py:2742} INFO - Sync 1 DAGs
[2023-08-09T12:07:27.713+0000] {logging_mixin.py:150} INFO - [2023-08-09T12:07:27.713+0000] {dag.py:3508} INFO - Setting next_dagrun for tutorial to 2023-08-08T12:07:27.712918+00:00, run_after=2023-08-09T12:07:27.712918+00:00
[2023-08-09T12:07:27.724+0000] {processor.py:179} INFO - Processing /home/airflow/.local/lib/python3.7/site-packages/airflow/example_dags/tutorial.py took 0.054 seconds
[2023-08-09T12:16:43.405+0000] {processor.py:157} INFO - Started process (PID=583) to work on /home/airflow/.local/lib/python3.7/site-packages/airflow/example_dags/tutorial.py
[2023-08-09T12:16:43.407+0000] {processor.py:826} INFO - Processing file /home/airflow/.local/lib/python3.7/site-packages/airflow/example_dags/tutorial.py for tasks to queue
[2023-08-09T12:16:43.408+0000] {logging_mixin.py:150} INFO - [2023-08-09T12:16:43.407+0000] {dagbag.py:541} INFO - Filling up the DagBag from /home/airflow/.local/lib/python3.7/site-packages/airflow/example_dags/tutorial.py
[2023-08-09T12:16:43.416+0000] {processor.py:836} INFO - DAG(s) dict_keys(['tutorial']) retrieved from /home/airflow/.local/lib/python3.7/site-packages/airflow/example_dags/tutorial.py
[2023-08-09T12:16:43.483+0000] {logging_mixin.py:150} INFO - [2023-08-09T12:16:43.482+0000] {dag.py:2742} INFO - Sync 1 DAGs
[2023-08-09T12:16:43.511+0000] {logging_mixin.py:150} INFO - [2023-08-09T12:16:43.510+0000] {dag.py:3508} INFO - Setting next_dagrun for tutorial to 2023-08-08T12:16:43.510111+00:00, run_after=2023-08-09T12:16:43.510111+00:00
[2023-08-09T12:16:43.530+0000] {processor.py:179} INFO - Processing /home/airflow/.local/lib/python3.7/site-packages/airflow/example_dags/tutorial.py took 0.134 seconds
[2023-08-09T12:17:13.651+0000] {processor.py:157} INFO - Started process (PID=642) to work on /home/airflow/.local/lib/python3.7/site-packages/airflow/example_dags/tutorial.py
[2023-08-09T12:17:13.652+0000] {processor.py:826} INFO - Processing file /home/airflow/.local/lib/python3.7/site-packages/airflow/example_dags/tutorial.py for tasks to queue
[2023-08-09T12:17:13.653+0000] {logging_mixin.py:150} INFO - [2023-08-09T12:17:13.653+0000] {dagbag.py:541} INFO - Filling up the DagBag from /home/airflow/.local/lib/python3.7/site-packages/airflow/example_dags/tutorial.py
[2023-08-09T12:17:13.658+0000] {processor.py:836} INFO - DAG(s) dict_keys(['tutorial']) retrieved from /home/airflow/.local/lib/python3.7/site-packages/airflow/example_dags/tutorial.py
[2023-08-09T12:17:13.674+0000] {logging_mixin.py:150} INFO - [2023-08-09T12:17:13.674+0000] {dag.py:2742} INFO - Sync 1 DAGs
[2023-08-09T12:17:13.688+0000] {logging_mixin.py:150} INFO - [2023-08-09T12:17:13.687+0000] {dag.py:3508} INFO - Setting next_dagrun for tutorial to 2023-08-08T12:17:13.687792+00:00, run_after=2023-08-09T12:17:13.687792+00:00
[2023-08-09T12:17:13.697+0000] {processor.py:179} INFO - Processing /home/airflow/.local/lib/python3.7/site-packages/airflow/example_dags/tutorial.py took 0.048 seconds
[2023-08-09T12:33:46.223+0000] {processor.py:157} INFO - Started process (PID=701) to work on /home/airflow/.local/lib/python3.7/site-packages/airflow/example_dags/tutorial.py
[2023-08-09T12:33:46.224+0000] {processor.py:826} INFO - Processing file /home/airflow/.local/lib/python3.7/site-packages/airflow/example_dags/tutorial.py for tasks to queue
[2023-08-09T12:33:46.225+0000] {logging_mixin.py:150} INFO - [2023-08-09T12:33:46.225+0000] {dagbag.py:541} INFO - Filling up the DagBag from /home/airflow/.local/lib/python3.7/site-packages/airflow/example_dags/tutorial.py
[2023-08-09T12:33:46.230+0000] {processor.py:836} INFO - DAG(s) dict_keys(['tutorial']) retrieved from /home/airflow/.local/lib/python3.7/site-packages/airflow/example_dags/tutorial.py
[2023-08-09T12:33:46.252+0000] {logging_mixin.py:150} INFO - [2023-08-09T12:33:46.252+0000] {dag.py:2742} INFO - Sync 1 DAGs
[2023-08-09T12:33:46.274+0000] {logging_mixin.py:150} INFO - [2023-08-09T12:33:46.274+0000] {dag.py:3508} INFO - Setting next_dagrun for tutorial to 2023-08-08T12:33:46.274127+00:00, run_after=2023-08-09T12:33:46.274127+00:00
[2023-08-09T12:33:46.286+0000] {processor.py:179} INFO - Processing /home/airflow/.local/lib/python3.7/site-packages/airflow/example_dags/tutorial.py took 0.067 seconds
[2023-08-09T13:56:51.242+0000] {processor.py:157} INFO - Started process (PID=760) to work on /home/airflow/.local/lib/python3.7/site-packages/airflow/example_dags/tutorial.py
[2023-08-09T13:56:51.243+0000] {processor.py:826} INFO - Processing file /home/airflow/.local/lib/python3.7/site-packages/airflow/example_dags/tutorial.py for tasks to queue
[2023-08-09T13:56:51.244+0000] {logging_mixin.py:150} INFO - [2023-08-09T13:56:51.244+0000] {dagbag.py:541} INFO - Filling up the DagBag from /home/airflow/.local/lib/python3.7/site-packages/airflow/example_dags/tutorial.py
[2023-08-09T13:56:51.249+0000] {processor.py:836} INFO - DAG(s) dict_keys(['tutorial']) retrieved from /home/airflow/.local/lib/python3.7/site-packages/airflow/example_dags/tutorial.py
[2023-08-09T13:56:51.266+0000] {logging_mixin.py:150} INFO - [2023-08-09T13:56:51.266+0000] {dag.py:2742} INFO - Sync 1 DAGs
[2023-08-09T13:56:51.282+0000] {logging_mixin.py:150} INFO - [2023-08-09T13:56:51.282+0000] {dag.py:3508} INFO - Setting next_dagrun for tutorial to 2023-08-08T13:56:51.282692+00:00, run_after=2023-08-09T13:56:51.282692+00:00
[2023-08-09T13:56:51.293+0000] {processor.py:179} INFO - Processing /home/airflow/.local/lib/python3.7/site-packages/airflow/example_dags/tutorial.py took 0.053 seconds
[2023-08-09T14:58:25.661+0000] {processor.py:157} INFO - Started process (PID=819) to work on /home/airflow/.local/lib/python3.7/site-packages/airflow/example_dags/tutorial.py
[2023-08-09T14:58:25.662+0000] {processor.py:826} INFO - Processing file /home/airflow/.local/lib/python3.7/site-packages/airflow/example_dags/tutorial.py for tasks to queue
[2023-08-09T14:58:25.663+0000] {logging_mixin.py:150} INFO - [2023-08-09T14:58:25.663+0000] {dagbag.py:541} INFO - Filling up the DagBag from /home/airflow/.local/lib/python3.7/site-packages/airflow/example_dags/tutorial.py
[2023-08-09T14:58:25.669+0000] {processor.py:836} INFO - DAG(s) dict_keys(['tutorial']) retrieved from /home/airflow/.local/lib/python3.7/site-packages/airflow/example_dags/tutorial.py
[2023-08-09T14:58:25.686+0000] {logging_mixin.py:150} INFO - [2023-08-09T14:58:25.686+0000] {dag.py:2742} INFO - Sync 1 DAGs
[2023-08-09T14:58:25.701+0000] {logging_mixin.py:150} INFO - [2023-08-09T14:58:25.701+0000] {dag.py:3508} INFO - Setting next_dagrun for tutorial to 2023-08-08T14:58:25.701052+00:00, run_after=2023-08-09T14:58:25.701052+00:00
[2023-08-09T14:58:25.711+0000] {processor.py:179} INFO - Processing /home/airflow/.local/lib/python3.7/site-packages/airflow/example_dags/tutorial.py took 0.053 seconds
[2023-08-09T14:58:58.358+0000] {processor.py:157} INFO - Started process (PID=879) to work on /home/airflow/.local/lib/python3.7/site-packages/airflow/example_dags/tutorial.py
[2023-08-09T14:58:58.359+0000] {processor.py:826} INFO - Processing file /home/airflow/.local/lib/python3.7/site-packages/airflow/example_dags/tutorial.py for tasks to queue
[2023-08-09T14:58:58.360+0000] {logging_mixin.py:150} INFO - [2023-08-09T14:58:58.360+0000] {dagbag.py:541} INFO - Filling up the DagBag from /home/airflow/.local/lib/python3.7/site-packages/airflow/example_dags/tutorial.py
[2023-08-09T14:58:58.365+0000] {processor.py:836} INFO - DAG(s) dict_keys(['tutorial']) retrieved from /home/airflow/.local/lib/python3.7/site-packages/airflow/example_dags/tutorial.py
[2023-08-09T14:58:58.382+0000] {logging_mixin.py:150} INFO - [2023-08-09T14:58:58.382+0000] {dag.py:2742} INFO - Sync 1 DAGs
[2023-08-09T14:58:58.400+0000] {logging_mixin.py:150} INFO - [2023-08-09T14:58:58.400+0000] {dag.py:3508} INFO - Setting next_dagrun for tutorial to 2023-08-08T14:58:58.400006+00:00, run_after=2023-08-09T14:58:58.400006+00:00
[2023-08-09T14:58:58.410+0000] {processor.py:179} INFO - Processing /home/airflow/.local/lib/python3.7/site-packages/airflow/example_dags/tutorial.py took 0.054 seconds
[2023-08-09T16:16:42.940+0000] {processor.py:157} INFO - Started process (PID=938) to work on /home/airflow/.local/lib/python3.7/site-packages/airflow/example_dags/tutorial.py
[2023-08-09T16:16:42.941+0000] {processor.py:826} INFO - Processing file /home/airflow/.local/lib/python3.7/site-packages/airflow/example_dags/tutorial.py for tasks to queue
[2023-08-09T16:16:42.942+0000] {logging_mixin.py:150} INFO - [2023-08-09T16:16:42.942+0000] {dagbag.py:541} INFO - Filling up the DagBag from /home/airflow/.local/lib/python3.7/site-packages/airflow/example_dags/tutorial.py
[2023-08-09T16:16:42.947+0000] {processor.py:836} INFO - DAG(s) dict_keys(['tutorial']) retrieved from /home/airflow/.local/lib/python3.7/site-packages/airflow/example_dags/tutorial.py
[2023-08-09T16:16:42.962+0000] {logging_mixin.py:150} INFO - [2023-08-09T16:16:42.962+0000] {dag.py:2742} INFO - Sync 1 DAGs
[2023-08-09T16:16:42.976+0000] {logging_mixin.py:150} INFO - [2023-08-09T16:16:42.976+0000] {dag.py:3508} INFO - Setting next_dagrun for tutorial to 2023-08-08T16:16:42.976669+00:00, run_after=2023-08-09T16:16:42.976669+00:00
[2023-08-09T16:16:42.986+0000] {processor.py:179} INFO - Processing /home/airflow/.local/lib/python3.7/site-packages/airflow/example_dags/tutorial.py took 0.049 seconds
[2023-08-09T17:36:40.991+0000] {processor.py:157} INFO - Started process (PID=997) to work on /home/airflow/.local/lib/python3.7/site-packages/airflow/example_dags/tutorial.py
[2023-08-09T17:36:40.993+0000] {processor.py:826} INFO - Processing file /home/airflow/.local/lib/python3.7/site-packages/airflow/example_dags/tutorial.py for tasks to queue
[2023-08-09T17:36:40.994+0000] {logging_mixin.py:150} INFO - [2023-08-09T17:36:40.993+0000] {dagbag.py:541} INFO - Filling up the DagBag from /home/airflow/.local/lib/python3.7/site-packages/airflow/example_dags/tutorial.py
[2023-08-09T17:36:40.999+0000] {processor.py:836} INFO - DAG(s) dict_keys(['tutorial']) retrieved from /home/airflow/.local/lib/python3.7/site-packages/airflow/example_dags/tutorial.py
[2023-08-09T17:36:41.016+0000] {logging_mixin.py:150} INFO - [2023-08-09T17:36:41.015+0000] {dag.py:2742} INFO - Sync 1 DAGs
[2023-08-09T17:36:41.029+0000] {logging_mixin.py:150} INFO - [2023-08-09T17:36:41.029+0000] {dag.py:3508} INFO - Setting next_dagrun for tutorial to 2023-08-08T17:36:41.029678+00:00, run_after=2023-08-09T17:36:41.029678+00:00
[2023-08-09T17:36:41.040+0000] {processor.py:179} INFO - Processing /home/airflow/.local/lib/python3.7/site-packages/airflow/example_dags/tutorial.py took 0.051 seconds
[2023-08-09T18:58:23.574+0000] {processor.py:157} INFO - Started process (PID=1056) to work on /home/airflow/.local/lib/python3.7/site-packages/airflow/example_dags/tutorial.py
[2023-08-09T18:58:23.575+0000] {processor.py:826} INFO - Processing file /home/airflow/.local/lib/python3.7/site-packages/airflow/example_dags/tutorial.py for tasks to queue
[2023-08-09T18:58:23.576+0000] {logging_mixin.py:150} INFO - [2023-08-09T18:58:23.576+0000] {dagbag.py:541} INFO - Filling up the DagBag from /home/airflow/.local/lib/python3.7/site-packages/airflow/example_dags/tutorial.py
[2023-08-09T18:58:23.582+0000] {processor.py:836} INFO - DAG(s) dict_keys(['tutorial']) retrieved from /home/airflow/.local/lib/python3.7/site-packages/airflow/example_dags/tutorial.py
[2023-08-09T18:58:23.598+0000] {logging_mixin.py:150} INFO - [2023-08-09T18:58:23.598+0000] {dag.py:2742} INFO - Sync 1 DAGs
[2023-08-09T18:58:23.612+0000] {logging_mixin.py:150} INFO - [2023-08-09T18:58:23.611+0000] {dag.py:3508} INFO - Setting next_dagrun for tutorial to 2023-08-08T18:58:23.611806+00:00, run_after=2023-08-09T18:58:23.611806+00:00
[2023-08-09T18:58:23.621+0000] {processor.py:179} INFO - Processing /home/airflow/.local/lib/python3.7/site-packages/airflow/example_dags/tutorial.py took 0.049 seconds
[2023-08-09T20:21:02.961+0000] {processor.py:157} INFO - Started process (PID=1115) to work on /home/airflow/.local/lib/python3.7/site-packages/airflow/example_dags/tutorial.py
[2023-08-09T20:21:02.963+0000] {processor.py:826} INFO - Processing file /home/airflow/.local/lib/python3.7/site-packages/airflow/example_dags/tutorial.py for tasks to queue
[2023-08-09T20:21:02.964+0000] {logging_mixin.py:150} INFO - [2023-08-09T20:21:02.964+0000] {dagbag.py:541} INFO - Filling up the DagBag from /home/airflow/.local/lib/python3.7/site-packages/airflow/example_dags/tutorial.py
[2023-08-09T20:21:02.978+0000] {processor.py:836} INFO - DAG(s) dict_keys(['tutorial']) retrieved from /home/airflow/.local/lib/python3.7/site-packages/airflow/example_dags/tutorial.py
[2023-08-09T20:21:03.038+0000] {logging_mixin.py:150} INFO - [2023-08-09T20:21:03.038+0000] {dag.py:2742} INFO - Sync 1 DAGs
[2023-08-09T20:21:03.058+0000] {logging_mixin.py:150} INFO - [2023-08-09T20:21:03.058+0000] {dag.py:3508} INFO - Setting next_dagrun for tutorial to 2023-08-08T20:21:03.057914+00:00, run_after=2023-08-09T20:21:03.057914+00:00
[2023-08-09T20:21:03.082+0000] {processor.py:179} INFO - Processing /home/airflow/.local/lib/python3.7/site-packages/airflow/example_dags/tutorial.py took 0.129 seconds
[2023-08-09T21:44:56.021+0000] {processor.py:157} INFO - Started process (PID=1174) to work on /home/airflow/.local/lib/python3.7/site-packages/airflow/example_dags/tutorial.py
[2023-08-09T21:44:56.022+0000] {processor.py:826} INFO - Processing file /home/airflow/.local/lib/python3.7/site-packages/airflow/example_dags/tutorial.py for tasks to queue
[2023-08-09T21:44:56.023+0000] {logging_mixin.py:150} INFO - [2023-08-09T21:44:56.023+0000] {dagbag.py:541} INFO - Filling up the DagBag from /home/airflow/.local/lib/python3.7/site-packages/airflow/example_dags/tutorial.py
[2023-08-09T21:44:56.028+0000] {processor.py:836} INFO - DAG(s) dict_keys(['tutorial']) retrieved from /home/airflow/.local/lib/python3.7/site-packages/airflow/example_dags/tutorial.py
[2023-08-09T21:44:56.045+0000] {logging_mixin.py:150} INFO - [2023-08-09T21:44:56.045+0000] {dag.py:2742} INFO - Sync 1 DAGs
[2023-08-09T21:44:56.059+0000] {logging_mixin.py:150} INFO - [2023-08-09T21:44:56.059+0000] {dag.py:3508} INFO - Setting next_dagrun for tutorial to 2023-08-08T21:44:56.059451+00:00, run_after=2023-08-09T21:44:56.059451+00:00
[2023-08-09T21:44:56.071+0000] {processor.py:179} INFO - Processing /home/airflow/.local/lib/python3.7/site-packages/airflow/example_dags/tutorial.py took 0.053 seconds
[2023-08-09T22:36:36.553+0000] {processor.py:157} INFO - Started process (PID=1233) to work on /home/airflow/.local/lib/python3.7/site-packages/airflow/example_dags/tutorial.py
[2023-08-09T22:36:36.554+0000] {processor.py:826} INFO - Processing file /home/airflow/.local/lib/python3.7/site-packages/airflow/example_dags/tutorial.py for tasks to queue
[2023-08-09T22:36:36.555+0000] {logging_mixin.py:150} INFO - [2023-08-09T22:36:36.554+0000] {dagbag.py:541} INFO - Filling up the DagBag from /home/airflow/.local/lib/python3.7/site-packages/airflow/example_dags/tutorial.py
[2023-08-09T22:36:36.560+0000] {processor.py:836} INFO - DAG(s) dict_keys(['tutorial']) retrieved from /home/airflow/.local/lib/python3.7/site-packages/airflow/example_dags/tutorial.py
[2023-08-09T22:36:36.576+0000] {logging_mixin.py:150} INFO - [2023-08-09T22:36:36.576+0000] {dag.py:2742} INFO - Sync 1 DAGs
[2023-08-09T22:36:36.591+0000] {logging_mixin.py:150} INFO - [2023-08-09T22:36:36.591+0000] {dag.py:3508} INFO - Setting next_dagrun for tutorial to 2023-08-08T22:36:36.591417+00:00, run_after=2023-08-09T22:36:36.591417+00:00
[2023-08-09T22:36:36.601+0000] {processor.py:179} INFO - Processing /home/airflow/.local/lib/python3.7/site-packages/airflow/example_dags/tutorial.py took 0.051 seconds
[2023-08-09T22:37:06.886+0000] {processor.py:157} INFO - Started process (PID=1292) to work on /home/airflow/.local/lib/python3.7/site-packages/airflow/example_dags/tutorial.py
[2023-08-09T22:37:06.887+0000] {processor.py:826} INFO - Processing file /home/airflow/.local/lib/python3.7/site-packages/airflow/example_dags/tutorial.py for tasks to queue
[2023-08-09T22:37:06.888+0000] {logging_mixin.py:150} INFO - [2023-08-09T22:37:06.887+0000] {dagbag.py:541} INFO - Filling up the DagBag from /home/airflow/.local/lib/python3.7/site-packages/airflow/example_dags/tutorial.py
[2023-08-09T22:37:06.893+0000] {processor.py:836} INFO - DAG(s) dict_keys(['tutorial']) retrieved from /home/airflow/.local/lib/python3.7/site-packages/airflow/example_dags/tutorial.py
[2023-08-09T22:37:06.909+0000] {logging_mixin.py:150} INFO - [2023-08-09T22:37:06.909+0000] {dag.py:2742} INFO - Sync 1 DAGs
[2023-08-09T22:37:06.923+0000] {logging_mixin.py:150} INFO - [2023-08-09T22:37:06.923+0000] {dag.py:3508} INFO - Setting next_dagrun for tutorial to 2023-08-08T22:37:06.923127+00:00, run_after=2023-08-09T22:37:06.923127+00:00
[2023-08-09T22:37:06.933+0000] {processor.py:179} INFO - Processing /home/airflow/.local/lib/python3.7/site-packages/airflow/example_dags/tutorial.py took 0.050 seconds
[2023-08-09T22:37:37.129+0000] {processor.py:157} INFO - Started process (PID=1351) to work on /home/airflow/.local/lib/python3.7/site-packages/airflow/example_dags/tutorial.py
[2023-08-09T22:37:37.130+0000] {processor.py:826} INFO - Processing file /home/airflow/.local/lib/python3.7/site-packages/airflow/example_dags/tutorial.py for tasks to queue
[2023-08-09T22:37:37.131+0000] {logging_mixin.py:150} INFO - [2023-08-09T22:37:37.131+0000] {dagbag.py:541} INFO - Filling up the DagBag from /home/airflow/.local/lib/python3.7/site-packages/airflow/example_dags/tutorial.py
[2023-08-09T22:37:37.136+0000] {processor.py:836} INFO - DAG(s) dict_keys(['tutorial']) retrieved from /home/airflow/.local/lib/python3.7/site-packages/airflow/example_dags/tutorial.py
[2023-08-09T22:37:37.153+0000] {logging_mixin.py:150} INFO - [2023-08-09T22:37:37.153+0000] {dag.py:2742} INFO - Sync 1 DAGs
[2023-08-09T22:37:37.167+0000] {logging_mixin.py:150} INFO - [2023-08-09T22:37:37.167+0000] {dag.py:3508} INFO - Setting next_dagrun for tutorial to 2023-08-08T22:37:37.167225+00:00, run_after=2023-08-09T22:37:37.167225+00:00
[2023-08-09T22:37:37.177+0000] {processor.py:179} INFO - Processing /home/airflow/.local/lib/python3.7/site-packages/airflow/example_dags/tutorial.py took 0.050 seconds
[2023-08-09T23:31:52.479+0000] {processor.py:157} INFO - Started process (PID=1410) to work on /home/airflow/.local/lib/python3.7/site-packages/airflow/example_dags/tutorial.py
[2023-08-09T23:31:52.480+0000] {processor.py:826} INFO - Processing file /home/airflow/.local/lib/python3.7/site-packages/airflow/example_dags/tutorial.py for tasks to queue
[2023-08-09T23:31:52.481+0000] {logging_mixin.py:150} INFO - [2023-08-09T23:31:52.480+0000] {dagbag.py:541} INFO - Filling up the DagBag from /home/airflow/.local/lib/python3.7/site-packages/airflow/example_dags/tutorial.py
[2023-08-09T23:31:52.486+0000] {processor.py:836} INFO - DAG(s) dict_keys(['tutorial']) retrieved from /home/airflow/.local/lib/python3.7/site-packages/airflow/example_dags/tutorial.py
[2023-08-09T23:31:52.504+0000] {logging_mixin.py:150} INFO - [2023-08-09T23:31:52.504+0000] {dag.py:2742} INFO - Sync 1 DAGs
[2023-08-09T23:31:52.520+0000] {logging_mixin.py:150} INFO - [2023-08-09T23:31:52.520+0000] {dag.py:3508} INFO - Setting next_dagrun for tutorial to 2023-08-08T23:31:52.519825+00:00, run_after=2023-08-09T23:31:52.519825+00:00
[2023-08-09T23:31:52.530+0000] {processor.py:179} INFO - Processing /home/airflow/.local/lib/python3.7/site-packages/airflow/example_dags/tutorial.py took 0.055 seconds
